[2021-12-01 01:00:27] - 환불 구매 통계(accumul_sales_refund) - sales_refund is No data
[2021-12-01 01:00:27] - 장바구니 구매 통계(accumul_cart_stats)
[2021-12-01 01:00:27] - 카테고리/브랜드 구매 통계(accumul_sales_category)
[2021-12-01 01:00:27] - 환불 구매 통계(accumul_sales_refund)
[2021-12-01 01:00:27] - 매출 구매 통계(accumul_sales_mdstats)
[2021-12-01 01:00:27] - 상품 구매 통계(accumul_stats_sales)
[2021-12-02 01:00:26] - 장바구니 구매 통계(accumul_cart_stats)
[2021-12-02 01:00:26] - 카테고리/브랜드 구매 통계(accumul_sales_category)
[2021-12-02 01:00:26] - 환불 구매 통계(accumul_sales_refund)
[2021-12-02 01:00:26] - 매출 구매 통계(accumul_sales_mdstats)
[2021-12-02 01:00:26] - 상품 구매 통계(accumul_stats_sales)
[2021-12-03 01:00:26] - 장바구니 구매 통계(accumul_cart_stats)
[2021-12-03 01:00:26] - 카테고리/브랜드 구매 통계(accumul_sales_category)
[2021-12-03 01:00:26] - 환불 구매 통계(accumul_sales_refund)
[2021-12-03 01:00:26] - 매출 구매 통계(accumul_sales_mdstats)
[2021-12-03 01:00:26] - 상품 구매 통계(accumul_stats_sales)
[2021-12-04 01:00:28] - 환불 구매 통계(accumul_sales_refund) - sales_refund is No data
[2021-12-04 01:00:28] - 장바구니 구매 통계(accumul_cart_stats)
[2021-12-04 01:00:28] - 카테고리/브랜드 구매 통계(accumul_sales_category)
[2021-12-04 01:00:28] - 환불 구매 통계(accumul_sales_refund)
[2021-12-04 01:00:28] - 매출 구매 통계(accumul_sales_mdstats)
[2021-12-04 01:00:28] - 상품 구매 통계(accumul_stats_sales)
[2021-12-05 01:00:28] - 상품 구매 통계(accumul_stats_sales) - stats_sales is No data
[2021-12-05 01:00:28] - 매출 구매 통계(accumul_sales_mdstats) - sales_mdstats is No data
[2021-12-05 01:00:28] - 환불 구매 통계(accumul_sales_refund) - sales_refund is No data
[2021-12-05 01:00:28] - 카테고리/브랜드 구매 통계(accumul_sales_category) - sales_category is No data
[2021-12-05 01:00:28] - 장바구니 구매 통계(accumul_cart_stats)
[2021-12-05 01:00:28] - 카테고리/브랜드 구매 통계(accumul_sales_category)
[2021-12-05 01:00:28] - 환불 구매 통계(accumul_sales_refund)
[2021-12-05 01:00:28] - 매출 구매 통계(accumul_sales_mdstats)
[2021-12-05 01:00:28] - 상품 구매 통계(accumul_stats_sales)
[2021-12-06 01:00:33] - 상품 구매 통계(accumul_stats_sales) - stats_sales is No data
[2021-12-06 01:00:33] - 매출 구매 통계(accumul_sales_mdstats) - sales_mdstats is No data
[2021-12-06 01:00:33] - 환불 구매 통계(accumul_sales_refund) - sales_refund is No data
[2021-12-06 01:00:33] - 카테고리/브랜드 구매 통계(accumul_sales_category) - sales_category is No data
[2021-12-06 01:00:33] - 장바구니 구매 통계(accumul_cart_stats)
[2021-12-06 01:00:33] - 카테고리/브랜드 구매 통계(accumul_sales_category)
[2021-12-06 01:00:33] - 환불 구매 통계(accumul_sales_refund)
[2021-12-06 01:00:33] - 매출 구매 통계(accumul_sales_mdstats)
[2021-12-06 01:00:33] - 상품 구매 통계(accumul_stats_sales)
[2021-12-07 01:00:26] - 환불 구매 통계(accumul_sales_refund) - sales_refund is No data
[2021-12-07 01:00:26] - 장바구니 구매 통계(accumul_cart_stats)
[2021-12-07 01:00:26] - 카테고리/브랜드 구매 통계(accumul_sales_category)
[2021-12-07 01:00:26] - 환불 구매 통계(accumul_sales_refund)
[2021-12-07 01:00:26] - 매출 구매 통계(accumul_sales_mdstats)
[2021-12-07 01:00:26] - 상품 구매 통계(accumul_stats_sales)
[2021-12-08 01:00:26] - 장바구니 구매 통계(accumul_cart_stats)
[2021-12-08 01:00:26] - 카테고리/브랜드 구매 통계(accumul_sales_category)
[2021-12-08 01:00:26] - 환불 구매 통계(accumul_sales_refund)
[2021-12-08 01:00:26] - 매출 구매 통계(accumul_sales_mdstats)
[2021-12-08 01:00:26] - 상품 구매 통계(accumul_stats_sales)
[2021-12-09 01:00:36] - 상품 구매 통계(accumul_stats_sales) - stats_sales is No data
[2021-12-09 01:00:36] - 매출 구매 통계(accumul_sales_mdstats) - sales_mdstats is No data
[2021-12-09 01:00:36] - 환불 구매 통계(accumul_sales_refund) - sales_refund is No data
[2021-12-09 01:00:36] - 카테고리/브랜드 구매 통계(accumul_sales_category) - sales_category is No data
[2021-12-09 01:00:36] - 장바구니 구매 통계(accumul_cart_stats)
[2021-12-09 01:00:36] - 카테고리/브랜드 구매 통계(accumul_sales_category)
[2021-12-09 01:00:36] - 환불 구매 통계(accumul_sales_refund)
[2021-12-09 01:00:36] - 매출 구매 통계(accumul_sales_mdstats)
[2021-12-09 01:00:36] - 상품 구매 통계(accumul_stats_sales)
[2021-12-10 01:00:28] - 상품 구매 통계(accumul_stats_sales) - stats_sales is No data
[2021-12-10 01:00:28] - 매출 구매 통계(accumul_sales_mdstats) - sales_mdstats is No data
[2021-12-10 01:00:28] - 카테고리/브랜드 구매 통계(accumul_sales_category) - sales_category is No data
[2021-12-10 01:00:28] - 장바구니 구매 통계(accumul_cart_stats)
[2021-12-10 01:00:28] - 카테고리/브랜드 구매 통계(accumul_sales_category)
[2021-12-10 01:00:28] - 환불 구매 통계(accumul_sales_refund)
[2021-12-10 01:00:28] - 매출 구매 통계(accumul_sales_mdstats)
[2021-12-10 01:00:28] - 상품 구매 통계(accumul_stats_sales)
[2021-12-11 01:00:25] - 상품 구매 통계(accumul_stats_sales) - stats_sales is No data
[2021-12-11 01:00:25] - 매출 구매 통계(accumul_sales_mdstats) - sales_mdstats is No data
[2021-12-11 01:00:25] - 환불 구매 통계(accumul_sales_refund) - sales_refund is No data
[2021-12-11 01:00:25] - 카테고리/브랜드 구매 통계(accumul_sales_category) - sales_category is No data
[2021-12-11 01:00:25] - 장바구니 구매 통계(accumul_cart_stats)
[2021-12-11 01:00:25] - 카테고리/브랜드 구매 통계(accumul_sales_category)
[2021-12-11 01:00:25] - 환불 구매 통계(accumul_sales_refund)
[2021-12-11 01:00:25] - 매출 구매 통계(accumul_sales_mdstats)
[2021-12-11 01:00:25] - 상품 구매 통계(accumul_stats_sales)
[2021-12-12 01:00:26] - 상품 구매 통계(accumul_stats_sales) - stats_sales is No data
[2021-12-12 01:00:26] - 매출 구매 통계(accumul_sales_mdstats) - sales_mdstats is No data
[2021-12-12 01:00:26] - 환불 구매 통계(accumul_sales_refund) - sales_refund is No data
[2021-12-12 01:00:26] - 카테고리/브랜드 구매 통계(accumul_sales_category) - sales_category is No data
[2021-12-12 01:00:26] - 장바구니 구매 통계(accumul_cart_stats)
[2021-12-12 01:00:26] - 카테고리/브랜드 구매 통계(accumul_sales_category)
[2021-12-12 01:00:26] - 환불 구매 통계(accumul_sales_refund)
[2021-12-12 01:00:26] - 매출 구매 통계(accumul_sales_mdstats)
[2021-12-12 01:00:26] - 상품 구매 통계(accumul_stats_sales)
[2021-12-13 01:00:27] - 환불 구매 통계(accumul_sales_refund) - sales_refund is No data
[2021-12-13 01:00:27] - 장바구니 구매 통계(accumul_cart_stats)
[2021-12-13 01:00:27] - 카테고리/브랜드 구매 통계(accumul_sales_category)
[2021-12-13 01:00:27] - 환불 구매 통계(accumul_sales_refund)
[2021-12-13 01:00:27] - 매출 구매 통계(accumul_sales_mdstats)
[2021-12-13 01:00:27] - 상품 구매 통계(accumul_stats_sales)
[2021-12-14 01:00:25] - 상품 구매 통계(accumul_stats_sales) - stats_sales is No data
[2021-12-14 01:00:25] - 매출 구매 통계(accumul_sales_mdstats) - sales_mdstats is No data
[2021-12-14 01:00:25] - 환불 구매 통계(accumul_sales_refund) - sales_refund is No data
[2021-12-14 01:00:25] - 카테고리/브랜드 구매 통계(accumul_sales_category) - sales_category is No data
[2021-12-14 01:00:25] - 장바구니 구매 통계(accumul_cart_stats)
[2021-12-14 01:00:25] - 카테고리/브랜드 구매 통계(accumul_sales_category)
[2021-12-14 01:00:25] - 환불 구매 통계(accumul_sales_refund)
[2021-12-14 01:00:25] - 매출 구매 통계(accumul_sales_mdstats)
[2021-12-14 01:00:25] - 상품 구매 통계(accumul_stats_sales)
[2021-12-15 01:00:28] - 상품 구매 통계(accumul_stats_sales) - stats_sales is No data
[2021-12-15 01:00:28] - 매출 구매 통계(accumul_sales_mdstats) - sales_mdstats is No data
[2021-12-15 01:00:28] - 환불 구매 통계(accumul_sales_refund) - sales_refund is No data
[2021-12-15 01:00:28] - 카테고리/브랜드 구매 통계(accumul_sales_category) - sales_category is No data
[2021-12-15 01:00:28] - 장바구니 구매 통계(accumul_cart_stats)
[2021-12-15 01:00:28] - 카테고리/브랜드 구매 통계(accumul_sales_category)
[2021-12-15 01:00:28] - 환불 구매 통계(accumul_sales_refund)
[2021-12-15 01:00:28] - 매출 구매 통계(accumul_sales_mdstats)
[2021-12-15 01:00:28] - 상품 구매 통계(accumul_stats_sales)
[2021-12-16 01:00:26] - 상품 구매 통계(accumul_stats_sales) - stats_sales is No data
[2021-12-16 01:00:26] - 매출 구매 통계(accumul_sales_mdstats) - sales_mdstats is No data
[2021-12-16 01:00:26] - 환불 구매 통계(accumul_sales_refund) - sales_refund is No data
[2021-12-16 01:00:26] - 카테고리/브랜드 구매 통계(accumul_sales_category) - sales_category is No data
[2021-12-16 01:00:26] - 장바구니 구매 통계(accumul_cart_stats)
[2021-12-16 01:00:26] - 카테고리/브랜드 구매 통계(accumul_sales_category)
[2021-12-16 01:00:26] - 환불 구매 통계(accumul_sales_refund)
[2021-12-16 01:00:26] - 매출 구매 통계(accumul_sales_mdstats)
[2021-12-16 01:00:26] - 상품 구매 통계(accumul_stats_sales)
[2021-12-17 01:00:26] - 환불 구매 통계(accumul_sales_refund) - sales_refund is No data
[2021-12-17 01:00:26] - 장바구니 구매 통계(accumul_cart_stats)
[2021-12-17 01:00:26] - 카테고리/브랜드 구매 통계(accumul_sales_category)
[2021-12-17 01:00:26] - 환불 구매 통계(accumul_sales_refund)
[2021-12-17 01:00:26] - 매출 구매 통계(accumul_sales_mdstats)
[2021-12-17 01:00:26] - 상품 구매 통계(accumul_stats_sales)
[2021-12-18 01:00:27] - 상품 구매 통계(accumul_stats_sales) - stats_sales is No data
[2021-12-18 01:00:27] - 매출 구매 통계(accumul_sales_mdstats) - sales_mdstats is No data
[2021-12-18 01:00:27] - 환불 구매 통계(accumul_sales_refund) - sales_refund is No data
[2021-12-18 01:00:27] - 카테고리/브랜드 구매 통계(accumul_sales_category) - sales_category is No data
[2021-12-18 01:00:27] - 장바구니 구매 통계(accumul_cart_stats)
[2021-12-18 01:00:27] - 카테고리/브랜드 구매 통계(accumul_sales_category)
[2021-12-18 01:00:27] - 환불 구매 통계(accumul_sales_refund)
[2021-12-18 01:00:27] - 매출 구매 통계(accumul_sales_mdstats)
[2021-12-18 01:00:27] - 상품 구매 통계(accumul_stats_sales)
[2021-12-19 01:00:29] - 환불 구매 통계(accumul_sales_refund) - sales_refund is No data
[2021-12-19 01:00:29] - 장바구니 구매 통계(accumul_cart_stats)
[2021-12-19 01:00:29] - 카테고리/브랜드 구매 통계(accumul_sales_category)
[2021-12-19 01:00:29] - 환불 구매 통계(accumul_sales_refund)
[2021-12-19 01:00:29] - 매출 구매 통계(accumul_sales_mdstats)
[2021-12-19 01:00:29] - 상품 구매 통계(accumul_stats_sales)
[2021-12-20 01:00:39] - 상품 구매 통계(accumul_stats_sales) - stats_sales is No data
[2021-12-20 01:00:39] - 매출 구매 통계(accumul_sales_mdstats) - sales_mdstats is No data
[2021-12-20 01:00:39] - 환불 구매 통계(accumul_sales_refund) - sales_refund is No data
[2021-12-20 01:00:39] - 카테고리/브랜드 구매 통계(accumul_sales_category) - sales_category is No data
[2021-12-20 01:00:39] - 장바구니 구매 통계(accumul_cart_stats)
[2021-12-20 01:00:39] - 카테고리/브랜드 구매 통계(accumul_sales_category)
[2021-12-20 01:00:39] - 환불 구매 통계(accumul_sales_refund)
[2021-12-20 01:00:39] - 매출 구매 통계(accumul_sales_mdstats)
[2021-12-20 01:00:39] - 상품 구매 통계(accumul_stats_sales)
[2021-12-21 01:00:27] - 상품 구매 통계(accumul_stats_sales) - stats_sales is No data
[2021-12-21 01:00:27] - 매출 구매 통계(accumul_sales_mdstats) - sales_mdstats is No data
[2021-12-21 01:00:27] - 환불 구매 통계(accumul_sales_refund) - sales_refund is No data
[2021-12-21 01:00:27] - 카테고리/브랜드 구매 통계(accumul_sales_category) - sales_category is No data
[2021-12-21 01:00:27] - 장바구니 구매 통계(accumul_cart_stats)
[2021-12-21 01:00:27] - 카테고리/브랜드 구매 통계(accumul_sales_category)
[2021-12-21 01:00:27] - 환불 구매 통계(accumul_sales_refund)
[2021-12-21 01:00:27] - 매출 구매 통계(accumul_sales_mdstats)
[2021-12-21 01:00:27] - 상품 구매 통계(accumul_stats_sales)
[2021-12-22 01:00:27] - 상품 구매 통계(accumul_stats_sales) - stats_sales is No data
[2021-12-22 01:00:27] - 매출 구매 통계(accumul_sales_mdstats) - sales_mdstats is No data
[2021-12-22 01:00:27] - 환불 구매 통계(accumul_sales_refund) - sales_refund is No data
[2021-12-22 01:00:27] - 카테고리/브랜드 구매 통계(accumul_sales_category) - sales_category is No data
[2021-12-22 01:00:27] - 장바구니 구매 통계(accumul_cart_stats)
[2021-12-22 01:00:27] - 카테고리/브랜드 구매 통계(accumul_sales_category)
[2021-12-22 01:00:27] - 환불 구매 통계(accumul_sales_refund)
[2021-12-22 01:00:27] - 매출 구매 통계(accumul_sales_mdstats)
[2021-12-22 01:00:27] - 상품 구매 통계(accumul_stats_sales)
[2021-12-23 01:00:26] - 상품 구매 통계(accumul_stats_sales) - stats_sales is No data
[2021-12-23 01:00:26] - 매출 구매 통계(accumul_sales_mdstats) - sales_mdstats is No data
[2021-12-23 01:00:26] - 환불 구매 통계(accumul_sales_refund) - sales_refund is No data
[2021-12-23 01:00:26] - 카테고리/브랜드 구매 통계(accumul_sales_category) - sales_category is No data
[2021-12-23 01:00:26] - 장바구니 구매 통계(accumul_cart_stats)
[2021-12-23 01:00:26] - 카테고리/브랜드 구매 통계(accumul_sales_category)
[2021-12-23 01:00:26] - 환불 구매 통계(accumul_sales_refund)
[2021-12-23 01:00:26] - 매출 구매 통계(accumul_sales_mdstats)
[2021-12-23 01:00:26] - 상품 구매 통계(accumul_stats_sales)
[2021-12-24 01:00:27] - 상품 구매 통계(accumul_stats_sales) - stats_sales is No data
[2021-12-24 01:00:27] - 매출 구매 통계(accumul_sales_mdstats) - sales_mdstats is No data
[2021-12-24 01:00:27] - 환불 구매 통계(accumul_sales_refund) - sales_refund is No data
[2021-12-24 01:00:27] - 카테고리/브랜드 구매 통계(accumul_sales_category) - sales_category is No data
[2021-12-24 01:00:27] - 장바구니 구매 통계(accumul_cart_stats)
[2021-12-24 01:00:27] - 카테고리/브랜드 구매 통계(accumul_sales_category)
[2021-12-24 01:00:27] - 환불 구매 통계(accumul_sales_refund)
[2021-12-24 01:00:27] - 매출 구매 통계(accumul_sales_mdstats)
[2021-12-24 01:00:27] - 상품 구매 통계(accumul_stats_sales)
[2021-12-25 01:00:30] - 상품 구매 통계(accumul_stats_sales) - stats_sales is No data
[2021-12-25 01:00:30] - 매출 구매 통계(accumul_sales_mdstats) - sales_mdstats is No data
[2021-12-25 01:00:30] - 환불 구매 통계(accumul_sales_refund) - sales_refund is No data
[2021-12-25 01:00:30] - 카테고리/브랜드 구매 통계(accumul_sales_category) - sales_category is No data
[2021-12-25 01:00:30] - 장바구니 구매 통계(accumul_cart_stats)
[2021-12-25 01:00:30] - 카테고리/브랜드 구매 통계(accumul_sales_category)
[2021-12-25 01:00:30] - 환불 구매 통계(accumul_sales_refund)
[2021-12-25 01:00:30] - 매출 구매 통계(accumul_sales_mdstats)
[2021-12-25 01:00:30] - 상품 구매 통계(accumul_stats_sales)
[2021-12-26 01:00:27] - 상품 구매 통계(accumul_stats_sales) - stats_sales is No data
[2021-12-26 01:00:27] - 매출 구매 통계(accumul_sales_mdstats) - sales_mdstats is No data
[2021-12-26 01:00:27] - 환불 구매 통계(accumul_sales_refund) - sales_refund is No data
[2021-12-26 01:00:27] - 카테고리/브랜드 구매 통계(accumul_sales_category) - sales_category is No data
[2021-12-26 01:00:27] - 장바구니 구매 통계(accumul_cart_stats)
[2021-12-26 01:00:27] - 카테고리/브랜드 구매 통계(accumul_sales_category)
[2021-12-26 01:00:27] - 환불 구매 통계(accumul_sales_refund)
[2021-12-26 01:00:27] - 매출 구매 통계(accumul_sales_mdstats)
[2021-12-26 01:00:27] - 상품 구매 통계(accumul_stats_sales)
[2021-12-27 01:00:35] - 상품 구매 통계(accumul_stats_sales) - stats_sales is No data
[2021-12-27 01:00:35] - 매출 구매 통계(accumul_sales_mdstats) - sales_mdstats is No data
[2021-12-27 01:00:35] - 환불 구매 통계(accumul_sales_refund) - sales_refund is No data
[2021-12-27 01:00:35] - 카테고리/브랜드 구매 통계(accumul_sales_category) - sales_category is No data
[2021-12-27 01:00:35] - 장바구니 구매 통계(accumul_cart_stats)
[2021-12-27 01:00:35] - 카테고리/브랜드 구매 통계(accumul_sales_category)
[2021-12-27 01:00:35] - 환불 구매 통계(accumul_sales_refund)
[2021-12-27 01:00:35] - 매출 구매 통계(accumul_sales_mdstats)
[2021-12-27 01:00:35] - 상품 구매 통계(accumul_stats_sales)
[2021-12-28 01:00:31] - 환불 구매 통계(accumul_sales_refund) - sales_refund is No data
[2021-12-28 01:00:31] - 장바구니 구매 통계(accumul_cart_stats)
[2021-12-28 01:00:31] - 카테고리/브랜드 구매 통계(accumul_sales_category)
[2021-12-28 01:00:31] - 환불 구매 통계(accumul_sales_refund)
[2021-12-28 01:00:31] - 매출 구매 통계(accumul_sales_mdstats)
[2021-12-28 01:00:31] - 상품 구매 통계(accumul_stats_sales)
[2021-12-29 01:00:30] - 장바구니 구매 통계(accumul_cart_stats)
[2021-12-29 01:00:30] - 카테고리/브랜드 구매 통계(accumul_sales_category)
[2021-12-29 01:00:30] - 환불 구매 통계(accumul_sales_refund)
[2021-12-29 01:00:30] - 매출 구매 통계(accumul_sales_mdstats)
[2021-12-29 01:00:30] - 상품 구매 통계(accumul_stats_sales)
[2021-12-30 01:00:30] - 상품 구매 통계(accumul_stats_sales) - stats_sales is No data
[2021-12-30 01:00:30] - 매출 구매 통계(accumul_sales_mdstats) - sales_mdstats is No data
[2021-12-30 01:00:30] - 환불 구매 통계(accumul_sales_refund) - sales_refund is No data
[2021-12-30 01:00:30] - 카테고리/브랜드 구매 통계(accumul_sales_category) - sales_category is No data
[2021-12-30 01:00:30] - 장바구니 구매 통계(accumul_cart_stats)
[2021-12-30 01:00:30] - 카테고리/브랜드 구매 통계(accumul_sales_category)
[2021-12-30 01:00:30] - 환불 구매 통계(accumul_sales_refund)
[2021-12-30 01:00:30] - 매출 구매 통계(accumul_sales_mdstats)
[2021-12-30 01:00:30] - 상품 구매 통계(accumul_stats_sales)
[2021-12-31 01:00:30] - 상품 구매 통계(accumul_stats_sales) - stats_sales is No data
[2021-12-31 01:00:30] - 매출 구매 통계(accumul_sales_mdstats) - sales_mdstats is No data
[2021-12-31 01:00:30] - 환불 구매 통계(accumul_sales_refund) - sales_refund is No data
[2021-12-31 01:00:30] - 카테고리/브랜드 구매 통계(accumul_sales_category) - sales_category is No data
[2021-12-31 01:00:30] - 장바구니 구매 통계(accumul_cart_stats)
[2021-12-31 01:00:30] - 카테고리/브랜드 구매 통계(accumul_sales_category)
[2021-12-31 01:00:30] - 환불 구매 통계(accumul_sales_refund)
[2021-12-31 01:00:30] - 매출 구매 통계(accumul_sales_mdstats)
[2021-12-31 01:00:30] - 상품 구매 통계(accumul_stats_sales)
