[2021-05-01 01:00:27] - 환불 구매 통계(accumul_sales_refund) - sales_refund is No data
[2021-05-01 01:00:27] - 장바구니 구매 통계(accumul_cart_stats)
[2021-05-01 01:00:27] - 카테고리/브랜드 구매 통계(accumul_sales_category)
[2021-05-01 01:00:27] - 환불 구매 통계(accumul_sales_refund)
[2021-05-01 01:00:27] - 매출 구매 통계(accumul_sales_mdstats)
[2021-05-01 01:00:27] - 상품 구매 통계(accumul_stats_sales)
[2021-05-02 01:00:28] - 환불 구매 통계(accumul_sales_refund) - sales_refund is No data
[2021-05-02 01:00:28] - 장바구니 구매 통계(accumul_cart_stats)
[2021-05-02 01:00:28] - 카테고리/브랜드 구매 통계(accumul_sales_category)
[2021-05-02 01:00:28] - 환불 구매 통계(accumul_sales_refund)
[2021-05-02 01:00:28] - 매출 구매 통계(accumul_sales_mdstats)
[2021-05-02 01:00:28] - 상품 구매 통계(accumul_stats_sales)
[2021-05-03 01:00:23] - 환불 구매 통계(accumul_sales_refund) - sales_refund is No data
[2021-05-03 01:00:23] - 장바구니 구매 통계(accumul_cart_stats)
[2021-05-03 01:00:23] - 카테고리/브랜드 구매 통계(accumul_sales_category)
[2021-05-03 01:00:23] - 환불 구매 통계(accumul_sales_refund)
[2021-05-03 01:00:23] - 매출 구매 통계(accumul_sales_mdstats)
[2021-05-03 01:00:23] - 상품 구매 통계(accumul_stats_sales)
[2021-05-04 01:00:26] - 환불 구매 통계(accumul_sales_refund) - sales_refund is No data
[2021-05-04 01:00:26] - 장바구니 구매 통계(accumul_cart_stats)
[2021-05-04 01:00:26] - 카테고리/브랜드 구매 통계(accumul_sales_category)
[2021-05-04 01:00:26] - 환불 구매 통계(accumul_sales_refund)
[2021-05-04 01:00:26] - 매출 구매 통계(accumul_sales_mdstats)
[2021-05-04 01:00:26] - 상품 구매 통계(accumul_stats_sales)
[2021-05-05 01:00:25] - 장바구니 구매 통계(accumul_cart_stats)
[2021-05-05 01:00:25] - 카테고리/브랜드 구매 통계(accumul_sales_category)
[2021-05-05 01:00:25] - 환불 구매 통계(accumul_sales_refund)
[2021-05-05 01:00:25] - 매출 구매 통계(accumul_sales_mdstats)
[2021-05-05 01:00:25] - 상품 구매 통계(accumul_stats_sales)
[2021-05-06 01:00:29] - 환불 구매 통계(accumul_sales_refund) - sales_refund is No data
[2021-05-06 01:00:29] - 장바구니 구매 통계(accumul_cart_stats)
[2021-05-06 01:00:29] - 카테고리/브랜드 구매 통계(accumul_sales_category)
[2021-05-06 01:00:29] - 환불 구매 통계(accumul_sales_refund)
[2021-05-06 01:00:29] - 매출 구매 통계(accumul_sales_mdstats)
[2021-05-06 01:00:29] - 상품 구매 통계(accumul_stats_sales)
[2021-05-07 01:00:25] - 환불 구매 통계(accumul_sales_refund) - sales_refund is No data
[2021-05-07 01:00:25] - 장바구니 구매 통계(accumul_cart_stats)
[2021-05-07 01:00:25] - 카테고리/브랜드 구매 통계(accumul_sales_category)
[2021-05-07 01:00:25] - 환불 구매 통계(accumul_sales_refund)
[2021-05-07 01:00:25] - 매출 구매 통계(accumul_sales_mdstats)
[2021-05-07 01:00:25] - 상품 구매 통계(accumul_stats_sales)
[2021-05-08 01:00:25] - 환불 구매 통계(accumul_sales_refund) - sales_refund is No data
[2021-05-08 01:00:25] - 장바구니 구매 통계(accumul_cart_stats)
[2021-05-08 01:00:25] - 카테고리/브랜드 구매 통계(accumul_sales_category)
[2021-05-08 01:00:25] - 환불 구매 통계(accumul_sales_refund)
[2021-05-08 01:00:25] - 매출 구매 통계(accumul_sales_mdstats)
[2021-05-08 01:00:25] - 상품 구매 통계(accumul_stats_sales)
[2021-05-09 01:00:29] - 환불 구매 통계(accumul_sales_refund) - sales_refund is No data
[2021-05-09 01:00:29] - 장바구니 구매 통계(accumul_cart_stats)
[2021-05-09 01:00:29] - 카테고리/브랜드 구매 통계(accumul_sales_category)
[2021-05-09 01:00:29] - 환불 구매 통계(accumul_sales_refund)
[2021-05-09 01:00:29] - 매출 구매 통계(accumul_sales_mdstats)
[2021-05-09 01:00:29] - 상품 구매 통계(accumul_stats_sales)
[2021-05-10 01:00:29] - 환불 구매 통계(accumul_sales_refund) - sales_refund is No data
[2021-05-10 01:00:29] - 장바구니 구매 통계(accumul_cart_stats)
[2021-05-10 01:00:29] - 카테고리/브랜드 구매 통계(accumul_sales_category)
[2021-05-10 01:00:29] - 환불 구매 통계(accumul_sales_refund)
[2021-05-10 01:00:29] - 매출 구매 통계(accumul_sales_mdstats)
[2021-05-10 01:00:29] - 상품 구매 통계(accumul_stats_sales)
[2021-05-11 01:00:28] - 환불 구매 통계(accumul_sales_refund) - sales_refund is No data
[2021-05-11 01:00:28] - 장바구니 구매 통계(accumul_cart_stats)
[2021-05-11 01:00:28] - 카테고리/브랜드 구매 통계(accumul_sales_category)
[2021-05-11 01:00:28] - 환불 구매 통계(accumul_sales_refund)
[2021-05-11 01:00:28] - 매출 구매 통계(accumul_sales_mdstats)
[2021-05-11 01:00:28] - 상품 구매 통계(accumul_stats_sales)
[2021-05-12 01:00:30] - 장바구니 구매 통계(accumul_cart_stats)
[2021-05-12 01:00:30] - 카테고리/브랜드 구매 통계(accumul_sales_category)
[2021-05-12 01:00:30] - 환불 구매 통계(accumul_sales_refund)
[2021-05-12 01:00:30] - 매출 구매 통계(accumul_sales_mdstats)
[2021-05-12 01:00:30] - 상품 구매 통계(accumul_stats_sales)
[2021-05-13 01:00:28] - 환불 구매 통계(accumul_sales_refund) - sales_refund is No data
[2021-05-13 01:00:28] - 장바구니 구매 통계(accumul_cart_stats)
[2021-05-13 01:00:28] - 카테고리/브랜드 구매 통계(accumul_sales_category)
[2021-05-13 01:00:28] - 환불 구매 통계(accumul_sales_refund)
[2021-05-13 01:00:28] - 매출 구매 통계(accumul_sales_mdstats)
[2021-05-13 01:00:28] - 상품 구매 통계(accumul_stats_sales)
[2021-05-14 01:00:24] - 장바구니 구매 통계(accumul_cart_stats)
[2021-05-14 01:00:24] - 카테고리/브랜드 구매 통계(accumul_sales_category)
[2021-05-14 01:00:24] - 환불 구매 통계(accumul_sales_refund)
[2021-05-14 01:00:24] - 매출 구매 통계(accumul_sales_mdstats)
[2021-05-14 01:00:24] - 상품 구매 통계(accumul_stats_sales)
[2021-05-15 01:00:25] - 환불 구매 통계(accumul_sales_refund) - sales_refund is No data
[2021-05-15 01:00:25] - 장바구니 구매 통계(accumul_cart_stats)
[2021-05-15 01:00:25] - 카테고리/브랜드 구매 통계(accumul_sales_category)
[2021-05-15 01:00:25] - 환불 구매 통계(accumul_sales_refund)
[2021-05-15 01:00:25] - 매출 구매 통계(accumul_sales_mdstats)
[2021-05-15 01:00:25] - 상품 구매 통계(accumul_stats_sales)
[2021-05-16 01:00:24] - 환불 구매 통계(accumul_sales_refund) - sales_refund is No data
[2021-05-16 01:00:24] - 장바구니 구매 통계(accumul_cart_stats)
[2021-05-16 01:00:24] - 카테고리/브랜드 구매 통계(accumul_sales_category)
[2021-05-16 01:00:24] - 환불 구매 통계(accumul_sales_refund)
[2021-05-16 01:00:24] - 매출 구매 통계(accumul_sales_mdstats)
[2021-05-16 01:00:24] - 상품 구매 통계(accumul_stats_sales)
[2021-05-17 01:00:28] - 환불 구매 통계(accumul_sales_refund) - sales_refund is No data
[2021-05-17 01:00:28] - 장바구니 구매 통계(accumul_cart_stats)
[2021-05-17 01:00:28] - 카테고리/브랜드 구매 통계(accumul_sales_category)
[2021-05-17 01:00:28] - 환불 구매 통계(accumul_sales_refund)
[2021-05-17 01:00:28] - 매출 구매 통계(accumul_sales_mdstats)
[2021-05-17 01:00:28] - 상품 구매 통계(accumul_stats_sales)
[2021-05-18 01:00:25] - 환불 구매 통계(accumul_sales_refund) - sales_refund is No data
[2021-05-18 01:00:25] - 장바구니 구매 통계(accumul_cart_stats)
[2021-05-18 01:00:25] - 카테고리/브랜드 구매 통계(accumul_sales_category)
[2021-05-18 01:00:25] - 환불 구매 통계(accumul_sales_refund)
[2021-05-18 01:00:25] - 매출 구매 통계(accumul_sales_mdstats)
[2021-05-18 01:00:25] - 상품 구매 통계(accumul_stats_sales)
[2021-05-19 01:00:25] - 환불 구매 통계(accumul_sales_refund) - sales_refund is No data
[2021-05-19 01:00:25] - 장바구니 구매 통계(accumul_cart_stats)
[2021-05-19 01:00:25] - 카테고리/브랜드 구매 통계(accumul_sales_category)
[2021-05-19 01:00:25] - 환불 구매 통계(accumul_sales_refund)
[2021-05-19 01:00:25] - 매출 구매 통계(accumul_sales_mdstats)
[2021-05-19 01:00:25] - 상품 구매 통계(accumul_stats_sales)
[2021-05-20 01:00:24] - 환불 구매 통계(accumul_sales_refund) - sales_refund is No data
[2021-05-20 01:00:24] - 장바구니 구매 통계(accumul_cart_stats)
[2021-05-20 01:00:24] - 카테고리/브랜드 구매 통계(accumul_sales_category)
[2021-05-20 01:00:24] - 환불 구매 통계(accumul_sales_refund)
[2021-05-20 01:00:24] - 매출 구매 통계(accumul_sales_mdstats)
[2021-05-20 01:00:24] - 상품 구매 통계(accumul_stats_sales)
[2021-05-21 01:00:25] - 환불 구매 통계(accumul_sales_refund) - sales_refund is No data
[2021-05-21 01:00:25] - 장바구니 구매 통계(accumul_cart_stats)
[2021-05-21 01:00:25] - 카테고리/브랜드 구매 통계(accumul_sales_category)
[2021-05-21 01:00:25] - 환불 구매 통계(accumul_sales_refund)
[2021-05-21 01:00:25] - 매출 구매 통계(accumul_sales_mdstats)
[2021-05-21 01:00:25] - 상품 구매 통계(accumul_stats_sales)
[2021-05-22 01:00:25] - 환불 구매 통계(accumul_sales_refund) - sales_refund is No data
[2021-05-22 01:00:25] - 장바구니 구매 통계(accumul_cart_stats)
[2021-05-22 01:00:25] - 카테고리/브랜드 구매 통계(accumul_sales_category)
[2021-05-22 01:00:25] - 환불 구매 통계(accumul_sales_refund)
[2021-05-22 01:00:25] - 매출 구매 통계(accumul_sales_mdstats)
[2021-05-22 01:00:25] - 상품 구매 통계(accumul_stats_sales)
[2021-05-23 01:00:26] - 환불 구매 통계(accumul_sales_refund) - sales_refund is No data
[2021-05-23 01:00:26] - 장바구니 구매 통계(accumul_cart_stats)
[2021-05-23 01:00:26] - 카테고리/브랜드 구매 통계(accumul_sales_category)
[2021-05-23 01:00:26] - 환불 구매 통계(accumul_sales_refund)
[2021-05-23 01:00:26] - 매출 구매 통계(accumul_sales_mdstats)
[2021-05-23 01:00:26] - 상품 구매 통계(accumul_stats_sales)
[2021-05-24 01:00:25] - 환불 구매 통계(accumul_sales_refund) - sales_refund is No data
[2021-05-24 01:00:26] - 장바구니 구매 통계(accumul_cart_stats)
[2021-05-24 01:00:26] - 카테고리/브랜드 구매 통계(accumul_sales_category)
[2021-05-24 01:00:26] - 환불 구매 통계(accumul_sales_refund)
[2021-05-24 01:00:26] - 매출 구매 통계(accumul_sales_mdstats)
[2021-05-24 01:00:26] - 상품 구매 통계(accumul_stats_sales)
[2021-05-25 01:00:26] - 환불 구매 통계(accumul_sales_refund) - sales_refund is No data
[2021-05-25 01:00:26] - 장바구니 구매 통계(accumul_cart_stats)
[2021-05-25 01:00:26] - 카테고리/브랜드 구매 통계(accumul_sales_category)
[2021-05-25 01:00:26] - 환불 구매 통계(accumul_sales_refund)
[2021-05-25 01:00:26] - 매출 구매 통계(accumul_sales_mdstats)
[2021-05-25 01:00:26] - 상품 구매 통계(accumul_stats_sales)
[2021-05-26 01:00:25] - 환불 구매 통계(accumul_sales_refund) - sales_refund is No data
[2021-05-26 01:00:25] - 장바구니 구매 통계(accumul_cart_stats)
[2021-05-26 01:00:25] - 카테고리/브랜드 구매 통계(accumul_sales_category)
[2021-05-26 01:00:25] - 환불 구매 통계(accumul_sales_refund)
[2021-05-26 01:00:25] - 매출 구매 통계(accumul_sales_mdstats)
[2021-05-26 01:00:25] - 상품 구매 통계(accumul_stats_sales)
[2021-05-27 01:00:30] - 환불 구매 통계(accumul_sales_refund) - sales_refund is No data
[2021-05-27 01:00:30] - 장바구니 구매 통계(accumul_cart_stats)
[2021-05-27 01:00:30] - 카테고리/브랜드 구매 통계(accumul_sales_category)
[2021-05-27 01:00:30] - 환불 구매 통계(accumul_sales_refund)
[2021-05-27 01:00:30] - 매출 구매 통계(accumul_sales_mdstats)
[2021-05-27 01:00:30] - 상품 구매 통계(accumul_stats_sales)
[2021-05-28 01:00:26] - 환불 구매 통계(accumul_sales_refund) - sales_refund is No data
[2021-05-28 01:00:26] - 장바구니 구매 통계(accumul_cart_stats)
[2021-05-28 01:00:26] - 카테고리/브랜드 구매 통계(accumul_sales_category)
[2021-05-28 01:00:26] - 환불 구매 통계(accumul_sales_refund)
[2021-05-28 01:00:26] - 매출 구매 통계(accumul_sales_mdstats)
[2021-05-28 01:00:26] - 상품 구매 통계(accumul_stats_sales)
[2021-05-29 01:00:25] - 장바구니 구매 통계(accumul_cart_stats)
[2021-05-29 01:00:25] - 카테고리/브랜드 구매 통계(accumul_sales_category)
[2021-05-29 01:00:25] - 환불 구매 통계(accumul_sales_refund)
[2021-05-29 01:00:25] - 매출 구매 통계(accumul_sales_mdstats)
[2021-05-29 01:00:25] - 상품 구매 통계(accumul_stats_sales)
[2021-05-30 01:00:29] - 상품 구매 통계(accumul_stats_sales) - stats_sales is No data
[2021-05-30 01:00:30] - 매출 구매 통계(accumul_sales_mdstats) - sales_mdstats is No data
[2021-05-30 01:00:30] - 환불 구매 통계(accumul_sales_refund) - sales_refund is No data
[2021-05-30 01:00:30] - 카테고리/브랜드 구매 통계(accumul_sales_category) - sales_category is No data
[2021-05-30 01:00:30] - 장바구니 구매 통계(accumul_cart_stats)
[2021-05-30 01:00:30] - 카테고리/브랜드 구매 통계(accumul_sales_category)
[2021-05-30 01:00:30] - 환불 구매 통계(accumul_sales_refund)
[2021-05-30 01:00:30] - 매출 구매 통계(accumul_sales_mdstats)
[2021-05-30 01:00:30] - 상품 구매 통계(accumul_stats_sales)
[2021-05-31 01:00:27] - 환불 구매 통계(accumul_sales_refund) - sales_refund is No data
[2021-05-31 01:00:27] - 장바구니 구매 통계(accumul_cart_stats)
[2021-05-31 01:00:27] - 카테고리/브랜드 구매 통계(accumul_sales_category)
[2021-05-31 01:00:27] - 환불 구매 통계(accumul_sales_refund)
[2021-05-31 01:00:27] - 매출 구매 통계(accumul_sales_mdstats)
[2021-05-31 01:00:27] - 상품 구매 통계(accumul_stats_sales)
