[2022-01-01 01:00:27] - 상품 구매 통계(accumul_stats_sales) - stats_sales is No data
[2022-01-01 01:00:27] - 매출 구매 통계(accumul_sales_mdstats) - sales_mdstats is No data
[2022-01-01 01:00:27] - 환불 구매 통계(accumul_sales_refund) - sales_refund is No data
[2022-01-01 01:00:27] - 카테고리/브랜드 구매 통계(accumul_sales_category) - sales_category is No data
[2022-01-01 01:00:27] - 장바구니 구매 통계(accumul_cart_stats)
[2022-01-01 01:00:27] - 카테고리/브랜드 구매 통계(accumul_sales_category)
[2022-01-01 01:00:27] - 환불 구매 통계(accumul_sales_refund)
[2022-01-01 01:00:27] - 매출 구매 통계(accumul_sales_mdstats)
[2022-01-01 01:00:27] - 상품 구매 통계(accumul_stats_sales)
[2022-01-02 01:00:25] - 상품 구매 통계(accumul_stats_sales) - stats_sales is No data
[2022-01-02 01:00:25] - 매출 구매 통계(accumul_sales_mdstats) - sales_mdstats is No data
[2022-01-02 01:00:25] - 환불 구매 통계(accumul_sales_refund) - sales_refund is No data
[2022-01-02 01:00:25] - 카테고리/브랜드 구매 통계(accumul_sales_category) - sales_category is No data
[2022-01-02 01:00:25] - 장바구니 구매 통계(accumul_cart_stats)
[2022-01-02 01:00:25] - 카테고리/브랜드 구매 통계(accumul_sales_category)
[2022-01-02 01:00:25] - 환불 구매 통계(accumul_sales_refund)
[2022-01-02 01:00:25] - 매출 구매 통계(accumul_sales_mdstats)
[2022-01-02 01:00:25] - 상품 구매 통계(accumul_stats_sales)
[2022-01-03 01:00:33] - 상품 구매 통계(accumul_stats_sales) - stats_sales is No data
[2022-01-03 01:00:33] - 매출 구매 통계(accumul_sales_mdstats) - sales_mdstats is No data
[2022-01-03 01:00:33] - 환불 구매 통계(accumul_sales_refund) - sales_refund is No data
[2022-01-03 01:00:33] - 카테고리/브랜드 구매 통계(accumul_sales_category) - sales_category is No data
[2022-01-03 01:00:33] - 장바구니 구매 통계(accumul_cart_stats)
[2022-01-03 01:00:33] - 카테고리/브랜드 구매 통계(accumul_sales_category)
[2022-01-03 01:00:33] - 환불 구매 통계(accumul_sales_refund)
[2022-01-03 01:00:33] - 매출 구매 통계(accumul_sales_mdstats)
[2022-01-03 01:00:33] - 상품 구매 통계(accumul_stats_sales)
[2022-01-04 01:00:26] - 상품 구매 통계(accumul_stats_sales) - stats_sales is No data
[2022-01-04 01:00:26] - 매출 구매 통계(accumul_sales_mdstats) - sales_mdstats is No data
[2022-01-04 01:00:26] - 환불 구매 통계(accumul_sales_refund) - sales_refund is No data
[2022-01-04 01:00:26] - 카테고리/브랜드 구매 통계(accumul_sales_category) - sales_category is No data
[2022-01-04 01:00:26] - 장바구니 구매 통계(accumul_cart_stats)
[2022-01-04 01:00:26] - 카테고리/브랜드 구매 통계(accumul_sales_category)
[2022-01-04 01:00:26] - 환불 구매 통계(accumul_sales_refund)
[2022-01-04 01:00:26] - 매출 구매 통계(accumul_sales_mdstats)
[2022-01-04 01:00:26] - 상품 구매 통계(accumul_stats_sales)
[2022-01-05 01:00:26] - 상품 구매 통계(accumul_stats_sales) - stats_sales is No data
[2022-01-05 01:00:26] - 매출 구매 통계(accumul_sales_mdstats) - sales_mdstats is No data
[2022-01-05 01:00:26] - 환불 구매 통계(accumul_sales_refund) - sales_refund is No data
[2022-01-05 01:00:26] - 카테고리/브랜드 구매 통계(accumul_sales_category) - sales_category is No data
[2022-01-05 01:00:26] - 장바구니 구매 통계(accumul_cart_stats)
[2022-01-05 01:00:26] - 카테고리/브랜드 구매 통계(accumul_sales_category)
[2022-01-05 01:00:26] - 환불 구매 통계(accumul_sales_refund)
[2022-01-05 01:00:26] - 매출 구매 통계(accumul_sales_mdstats)
[2022-01-05 01:00:26] - 상품 구매 통계(accumul_stats_sales)
[2022-01-06 01:00:27] - 장바구니 구매 통계(accumul_cart_stats)
[2022-01-06 01:00:27] - 카테고리/브랜드 구매 통계(accumul_sales_category)
[2022-01-06 01:00:27] - 환불 구매 통계(accumul_sales_refund)
[2022-01-06 01:00:27] - 매출 구매 통계(accumul_sales_mdstats)
[2022-01-06 01:00:27] - 상품 구매 통계(accumul_stats_sales)
[2022-01-07 01:00:28] - 상품 구매 통계(accumul_stats_sales) - stats_sales is No data
[2022-01-07 01:00:28] - 매출 구매 통계(accumul_sales_mdstats) - sales_mdstats is No data
[2022-01-07 01:00:28] - 환불 구매 통계(accumul_sales_refund) - sales_refund is No data
[2022-01-07 01:00:28] - 카테고리/브랜드 구매 통계(accumul_sales_category) - sales_category is No data
[2022-01-07 01:00:28] - 장바구니 구매 통계(accumul_cart_stats)
[2022-01-07 01:00:28] - 카테고리/브랜드 구매 통계(accumul_sales_category)
[2022-01-07 01:00:28] - 환불 구매 통계(accumul_sales_refund)
[2022-01-07 01:00:28] - 매출 구매 통계(accumul_sales_mdstats)
[2022-01-07 01:00:28] - 상품 구매 통계(accumul_stats_sales)
[2022-01-08 01:00:30] - 장바구니 구매 통계(accumul_cart_stats)
[2022-01-08 01:00:30] - 카테고리/브랜드 구매 통계(accumul_sales_category)
[2022-01-08 01:00:30] - 환불 구매 통계(accumul_sales_refund)
[2022-01-08 01:00:30] - 매출 구매 통계(accumul_sales_mdstats)
[2022-01-08 01:00:30] - 상품 구매 통계(accumul_stats_sales)
[2022-01-09 01:00:30] - 상품 구매 통계(accumul_stats_sales) - stats_sales is No data
[2022-01-09 01:00:30] - 매출 구매 통계(accumul_sales_mdstats) - sales_mdstats is No data
[2022-01-09 01:00:30] - 환불 구매 통계(accumul_sales_refund) - sales_refund is No data
[2022-01-09 01:00:30] - 카테고리/브랜드 구매 통계(accumul_sales_category) - sales_category is No data
[2022-01-09 01:00:30] - 장바구니 구매 통계(accumul_cart_stats)
[2022-01-09 01:00:30] - 카테고리/브랜드 구매 통계(accumul_sales_category)
[2022-01-09 01:00:30] - 환불 구매 통계(accumul_sales_refund)
[2022-01-09 01:00:30] - 매출 구매 통계(accumul_sales_mdstats)
[2022-01-09 01:00:30] - 상품 구매 통계(accumul_stats_sales)
[2022-01-10 01:00:32] - 상품 구매 통계(accumul_stats_sales) - stats_sales is No data
[2022-01-10 01:00:33] - 매출 구매 통계(accumul_sales_mdstats) - sales_mdstats is No data
[2022-01-10 01:00:33] - 환불 구매 통계(accumul_sales_refund) - sales_refund is No data
[2022-01-10 01:00:33] - 카테고리/브랜드 구매 통계(accumul_sales_category) - sales_category is No data
[2022-01-10 01:00:33] - 장바구니 구매 통계(accumul_cart_stats)
[2022-01-10 01:00:33] - 카테고리/브랜드 구매 통계(accumul_sales_category)
[2022-01-10 01:00:33] - 환불 구매 통계(accumul_sales_refund)
[2022-01-10 01:00:33] - 매출 구매 통계(accumul_sales_mdstats)
[2022-01-10 01:00:33] - 상품 구매 통계(accumul_stats_sales)
[2022-01-11 01:00:30] - 상품 구매 통계(accumul_stats_sales) - stats_sales is No data
[2022-01-11 01:00:30] - 매출 구매 통계(accumul_sales_mdstats) - sales_mdstats is No data
[2022-01-11 01:00:30] - 환불 구매 통계(accumul_sales_refund) - sales_refund is No data
[2022-01-11 01:00:30] - 카테고리/브랜드 구매 통계(accumul_sales_category) - sales_category is No data
[2022-01-11 01:00:30] - 장바구니 구매 통계(accumul_cart_stats)
[2022-01-11 01:00:30] - 카테고리/브랜드 구매 통계(accumul_sales_category)
[2022-01-11 01:00:30] - 환불 구매 통계(accumul_sales_refund)
[2022-01-11 01:00:30] - 매출 구매 통계(accumul_sales_mdstats)
[2022-01-11 01:00:30] - 상품 구매 통계(accumul_stats_sales)
[2022-01-12 01:00:31] - 상품 구매 통계(accumul_stats_sales) - stats_sales is No data
[2022-01-12 01:00:31] - 매출 구매 통계(accumul_sales_mdstats) - sales_mdstats is No data
[2022-01-12 01:00:31] - 환불 구매 통계(accumul_sales_refund) - sales_refund is No data
[2022-01-12 01:00:31] - 카테고리/브랜드 구매 통계(accumul_sales_category) - sales_category is No data
[2022-01-12 01:00:31] - 장바구니 구매 통계(accumul_cart_stats)
[2022-01-12 01:00:31] - 카테고리/브랜드 구매 통계(accumul_sales_category)
[2022-01-12 01:00:31] - 환불 구매 통계(accumul_sales_refund)
[2022-01-12 01:00:31] - 매출 구매 통계(accumul_sales_mdstats)
[2022-01-12 01:00:31] - 상품 구매 통계(accumul_stats_sales)
[2022-01-13 01:00:28] - 카테고리/브랜드 구매 통계(accumul_sales_category) - sales_category is No data
[2022-01-13 01:00:28] - 장바구니 구매 통계(accumul_cart_stats)
[2022-01-13 01:00:28] - 카테고리/브랜드 구매 통계(accumul_sales_category)
[2022-01-13 01:00:28] - 환불 구매 통계(accumul_sales_refund)
[2022-01-13 01:00:28] - 매출 구매 통계(accumul_sales_mdstats)
[2022-01-13 01:00:28] - 상품 구매 통계(accumul_stats_sales)
[2022-01-14 01:00:28] - 상품 구매 통계(accumul_stats_sales) - stats_sales is No data
[2022-01-14 01:00:28] - 매출 구매 통계(accumul_sales_mdstats) - sales_mdstats is No data
[2022-01-14 01:00:28] - 환불 구매 통계(accumul_sales_refund) - sales_refund is No data
[2022-01-14 01:00:28] - 카테고리/브랜드 구매 통계(accumul_sales_category) - sales_category is No data
[2022-01-14 01:00:28] - 장바구니 구매 통계(accumul_cart_stats)
[2022-01-14 01:00:28] - 카테고리/브랜드 구매 통계(accumul_sales_category)
[2022-01-14 01:00:28] - 환불 구매 통계(accumul_sales_refund)
[2022-01-14 01:00:28] - 매출 구매 통계(accumul_sales_mdstats)
[2022-01-14 01:00:28] - 상품 구매 통계(accumul_stats_sales)
[2022-01-15 01:00:34] - 상품 구매 통계(accumul_stats_sales) - stats_sales is No data
[2022-01-15 01:00:34] - 매출 구매 통계(accumul_sales_mdstats) - sales_mdstats is No data
[2022-01-15 01:00:34] - 환불 구매 통계(accumul_sales_refund) - sales_refund is No data
[2022-01-15 01:00:34] - 카테고리/브랜드 구매 통계(accumul_sales_category) - sales_category is No data
[2022-01-15 01:00:34] - 장바구니 구매 통계(accumul_cart_stats)
[2022-01-15 01:00:34] - 카테고리/브랜드 구매 통계(accumul_sales_category)
[2022-01-15 01:00:34] - 환불 구매 통계(accumul_sales_refund)
[2022-01-15 01:00:34] - 매출 구매 통계(accumul_sales_mdstats)
[2022-01-15 01:00:34] - 상품 구매 통계(accumul_stats_sales)
[2022-01-16 01:00:26] - 상품 구매 통계(accumul_stats_sales) - stats_sales is No data
[2022-01-16 01:00:26] - 매출 구매 통계(accumul_sales_mdstats) - sales_mdstats is No data
[2022-01-16 01:00:26] - 환불 구매 통계(accumul_sales_refund) - sales_refund is No data
[2022-01-16 01:00:26] - 카테고리/브랜드 구매 통계(accumul_sales_category) - sales_category is No data
[2022-01-16 01:00:26] - 장바구니 구매 통계(accumul_cart_stats)
[2022-01-16 01:00:26] - 카테고리/브랜드 구매 통계(accumul_sales_category)
[2022-01-16 01:00:26] - 환불 구매 통계(accumul_sales_refund)
[2022-01-16 01:00:26] - 매출 구매 통계(accumul_sales_mdstats)
[2022-01-16 01:00:26] - 상품 구매 통계(accumul_stats_sales)
[2022-01-17 01:00:34] - 상품 구매 통계(accumul_stats_sales) - stats_sales is No data
[2022-01-17 01:00:34] - 매출 구매 통계(accumul_sales_mdstats) - sales_mdstats is No data
[2022-01-17 01:00:34] - 환불 구매 통계(accumul_sales_refund) - sales_refund is No data
[2022-01-17 01:00:34] - 카테고리/브랜드 구매 통계(accumul_sales_category) - sales_category is No data
[2022-01-17 01:00:34] - 장바구니 구매 통계(accumul_cart_stats)
[2022-01-17 01:00:34] - 카테고리/브랜드 구매 통계(accumul_sales_category)
[2022-01-17 01:00:34] - 환불 구매 통계(accumul_sales_refund)
[2022-01-17 01:00:34] - 매출 구매 통계(accumul_sales_mdstats)
[2022-01-17 01:00:34] - 상품 구매 통계(accumul_stats_sales)
[2022-01-18 01:00:29] - 상품 구매 통계(accumul_stats_sales) - stats_sales is No data
[2022-01-18 01:00:29] - 매출 구매 통계(accumul_sales_mdstats) - sales_mdstats is No data
[2022-01-18 01:00:29] - 환불 구매 통계(accumul_sales_refund) - sales_refund is No data
[2022-01-18 01:00:29] - 카테고리/브랜드 구매 통계(accumul_sales_category) - sales_category is No data
[2022-01-18 01:00:29] - 장바구니 구매 통계(accumul_cart_stats)
[2022-01-18 01:00:29] - 카테고리/브랜드 구매 통계(accumul_sales_category)
[2022-01-18 01:00:29] - 환불 구매 통계(accumul_sales_refund)
[2022-01-18 01:00:29] - 매출 구매 통계(accumul_sales_mdstats)
[2022-01-18 01:00:29] - 상품 구매 통계(accumul_stats_sales)
[2022-01-19 01:00:29] - 상품 구매 통계(accumul_stats_sales) - stats_sales is No data
[2022-01-19 01:00:29] - 매출 구매 통계(accumul_sales_mdstats) - sales_mdstats is No data
[2022-01-19 01:00:29] - 카테고리/브랜드 구매 통계(accumul_sales_category) - sales_category is No data
[2022-01-19 01:00:29] - 장바구니 구매 통계(accumul_cart_stats)
[2022-01-19 01:00:29] - 카테고리/브랜드 구매 통계(accumul_sales_category)
[2022-01-19 01:00:29] - 환불 구매 통계(accumul_sales_refund)
[2022-01-19 01:00:29] - 매출 구매 통계(accumul_sales_mdstats)
[2022-01-19 01:00:29] - 상품 구매 통계(accumul_stats_sales)
[2022-01-20 01:00:26] - 상품 구매 통계(accumul_stats_sales) - stats_sales is No data
[2022-01-20 01:00:26] - 매출 구매 통계(accumul_sales_mdstats) - sales_mdstats is No data
[2022-01-20 01:00:26] - 환불 구매 통계(accumul_sales_refund) - sales_refund is No data
[2022-01-20 01:00:26] - 카테고리/브랜드 구매 통계(accumul_sales_category) - sales_category is No data
[2022-01-20 01:00:26] - 장바구니 구매 통계(accumul_cart_stats)
[2022-01-20 01:00:26] - 카테고리/브랜드 구매 통계(accumul_sales_category)
[2022-01-20 01:00:26] - 환불 구매 통계(accumul_sales_refund)
[2022-01-20 01:00:26] - 매출 구매 통계(accumul_sales_mdstats)
[2022-01-20 01:00:26] - 상품 구매 통계(accumul_stats_sales)
[2022-01-21 01:00:28] - 상품 구매 통계(accumul_stats_sales) - stats_sales is No data
[2022-01-21 01:00:28] - 매출 구매 통계(accumul_sales_mdstats) - sales_mdstats is No data
[2022-01-21 01:00:28] - 환불 구매 통계(accumul_sales_refund) - sales_refund is No data
[2022-01-21 01:00:28] - 카테고리/브랜드 구매 통계(accumul_sales_category) - sales_category is No data
[2022-01-21 01:00:28] - 장바구니 구매 통계(accumul_cart_stats)
[2022-01-21 01:00:28] - 카테고리/브랜드 구매 통계(accumul_sales_category)
[2022-01-21 01:00:28] - 환불 구매 통계(accumul_sales_refund)
[2022-01-21 01:00:28] - 매출 구매 통계(accumul_sales_mdstats)
[2022-01-21 01:00:28] - 상품 구매 통계(accumul_stats_sales)
[2022-01-22 01:00:28] - 장바구니 구매 통계(accumul_cart_stats)
[2022-01-22 01:00:28] - 카테고리/브랜드 구매 통계(accumul_sales_category)
[2022-01-22 01:00:28] - 환불 구매 통계(accumul_sales_refund)
[2022-01-22 01:00:28] - 매출 구매 통계(accumul_sales_mdstats)
[2022-01-22 01:00:28] - 상품 구매 통계(accumul_stats_sales)
[2022-01-23 01:00:28] - 상품 구매 통계(accumul_stats_sales) - stats_sales is No data
[2022-01-23 01:00:28] - 매출 구매 통계(accumul_sales_mdstats) - sales_mdstats is No data
[2022-01-23 01:00:28] - 환불 구매 통계(accumul_sales_refund) - sales_refund is No data
[2022-01-23 01:00:28] - 카테고리/브랜드 구매 통계(accumul_sales_category) - sales_category is No data
[2022-01-23 01:00:28] - 장바구니 구매 통계(accumul_cart_stats)
[2022-01-23 01:00:28] - 카테고리/브랜드 구매 통계(accumul_sales_category)
[2022-01-23 01:00:28] - 환불 구매 통계(accumul_sales_refund)
[2022-01-23 01:00:28] - 매출 구매 통계(accumul_sales_mdstats)
[2022-01-23 01:00:28] - 상품 구매 통계(accumul_stats_sales)
[2022-01-24 01:00:35] - 상품 구매 통계(accumul_stats_sales) - stats_sales is No data
[2022-01-24 01:00:36] - 매출 구매 통계(accumul_sales_mdstats) - sales_mdstats is No data
[2022-01-24 01:00:36] - 환불 구매 통계(accumul_sales_refund) - sales_refund is No data
[2022-01-24 01:00:36] - 카테고리/브랜드 구매 통계(accumul_sales_category) - sales_category is No data
[2022-01-24 01:00:36] - 장바구니 구매 통계(accumul_cart_stats)
[2022-01-24 01:00:36] - 카테고리/브랜드 구매 통계(accumul_sales_category)
[2022-01-24 01:00:36] - 환불 구매 통계(accumul_sales_refund)
[2022-01-24 01:00:36] - 매출 구매 통계(accumul_sales_mdstats)
[2022-01-24 01:00:36] - 상품 구매 통계(accumul_stats_sales)
[2022-01-25 01:00:27] - 환불 구매 통계(accumul_sales_refund) - sales_refund is No data
[2022-01-25 01:00:27] - 장바구니 구매 통계(accumul_cart_stats)
[2022-01-25 01:00:27] - 카테고리/브랜드 구매 통계(accumul_sales_category)
[2022-01-25 01:00:27] - 환불 구매 통계(accumul_sales_refund)
[2022-01-25 01:00:27] - 매출 구매 통계(accumul_sales_mdstats)
[2022-01-25 01:00:27] - 상품 구매 통계(accumul_stats_sales)
[2022-01-26 01:00:31] - 상품 구매 통계(accumul_stats_sales) - stats_sales is No data
[2022-01-26 01:00:31] - 매출 구매 통계(accumul_sales_mdstats) - sales_mdstats is No data
[2022-01-26 01:00:31] - 환불 구매 통계(accumul_sales_refund) - sales_refund is No data
[2022-01-26 01:00:31] - 카테고리/브랜드 구매 통계(accumul_sales_category) - sales_category is No data
[2022-01-26 01:00:31] - 장바구니 구매 통계(accumul_cart_stats)
[2022-01-26 01:00:31] - 카테고리/브랜드 구매 통계(accumul_sales_category)
[2022-01-26 01:00:31] - 환불 구매 통계(accumul_sales_refund)
[2022-01-26 01:00:31] - 매출 구매 통계(accumul_sales_mdstats)
[2022-01-26 01:00:31] - 상품 구매 통계(accumul_stats_sales)
[2022-01-27 01:00:32] - 상품 구매 통계(accumul_stats_sales) - stats_sales is No data
[2022-01-27 01:00:32] - 매출 구매 통계(accumul_sales_mdstats) - sales_mdstats is No data
[2022-01-27 01:00:32] - 환불 구매 통계(accumul_sales_refund) - sales_refund is No data
[2022-01-27 01:00:33] - 카테고리/브랜드 구매 통계(accumul_sales_category) - sales_category is No data
[2022-01-27 01:00:33] - 장바구니 구매 통계(accumul_cart_stats)
[2022-01-27 01:00:33] - 카테고리/브랜드 구매 통계(accumul_sales_category)
[2022-01-27 01:00:33] - 환불 구매 통계(accumul_sales_refund)
[2022-01-27 01:00:33] - 매출 구매 통계(accumul_sales_mdstats)
[2022-01-27 01:00:33] - 상품 구매 통계(accumul_stats_sales)
[2022-01-28 01:00:36] - 상품 구매 통계(accumul_stats_sales) - stats_sales is No data
[2022-01-28 01:00:36] - 매출 구매 통계(accumul_sales_mdstats) - sales_mdstats is No data
[2022-01-28 01:00:36] - 카테고리/브랜드 구매 통계(accumul_sales_category) - sales_category is No data
[2022-01-28 01:00:36] - 장바구니 구매 통계(accumul_cart_stats)
[2022-01-28 01:00:36] - 카테고리/브랜드 구매 통계(accumul_sales_category)
[2022-01-28 01:00:36] - 환불 구매 통계(accumul_sales_refund)
[2022-01-28 01:00:36] - 매출 구매 통계(accumul_sales_mdstats)
[2022-01-28 01:00:36] - 상품 구매 통계(accumul_stats_sales)
[2022-01-29 01:00:29] - 상품 구매 통계(accumul_stats_sales) - stats_sales is No data
[2022-01-29 01:00:29] - 매출 구매 통계(accumul_sales_mdstats) - sales_mdstats is No data
[2022-01-29 01:00:29] - 환불 구매 통계(accumul_sales_refund) - sales_refund is No data
[2022-01-29 01:00:29] - 카테고리/브랜드 구매 통계(accumul_sales_category) - sales_category is No data
[2022-01-29 01:00:29] - 장바구니 구매 통계(accumul_cart_stats)
[2022-01-29 01:00:29] - 카테고리/브랜드 구매 통계(accumul_sales_category)
[2022-01-29 01:00:29] - 환불 구매 통계(accumul_sales_refund)
[2022-01-29 01:00:29] - 매출 구매 통계(accumul_sales_mdstats)
[2022-01-29 01:00:29] - 상품 구매 통계(accumul_stats_sales)
[2022-01-30 01:00:29] - 상품 구매 통계(accumul_stats_sales) - stats_sales is No data
[2022-01-30 01:00:29] - 매출 구매 통계(accumul_sales_mdstats) - sales_mdstats is No data
[2022-01-30 01:00:29] - 환불 구매 통계(accumul_sales_refund) - sales_refund is No data
[2022-01-30 01:00:30] - 카테고리/브랜드 구매 통계(accumul_sales_category) - sales_category is No data
[2022-01-30 01:00:30] - 장바구니 구매 통계(accumul_cart_stats)
[2022-01-30 01:00:30] - 카테고리/브랜드 구매 통계(accumul_sales_category)
[2022-01-30 01:00:30] - 환불 구매 통계(accumul_sales_refund)
[2022-01-30 01:00:30] - 매출 구매 통계(accumul_sales_mdstats)
[2022-01-30 01:00:30] - 상품 구매 통계(accumul_stats_sales)
[2022-01-31 01:00:33] - 상품 구매 통계(accumul_stats_sales) - stats_sales is No data
[2022-01-31 01:00:34] - 매출 구매 통계(accumul_sales_mdstats) - sales_mdstats is No data
[2022-01-31 01:00:34] - 환불 구매 통계(accumul_sales_refund) - sales_refund is No data
[2022-01-31 01:00:34] - 카테고리/브랜드 구매 통계(accumul_sales_category) - sales_category is No data
[2022-01-31 01:00:34] - 장바구니 구매 통계(accumul_cart_stats)
[2022-01-31 01:00:34] - 카테고리/브랜드 구매 통계(accumul_sales_category)
[2022-01-31 01:00:34] - 환불 구매 통계(accumul_sales_refund)
[2022-01-31 01:00:34] - 매출 구매 통계(accumul_sales_mdstats)
[2022-01-31 01:00:34] - 상품 구매 통계(accumul_stats_sales)
