[2021-01-01 01:00:17] - 환불 구매 통계(accumul_sales_refund) - sales_refund is No data
[2021-01-01 01:00:17] - 장바구니 구매 통계(accumul_cart_stats)
[2021-01-01 01:00:17] - 카테고리/브랜드 구매 통계(accumul_sales_category)
[2021-01-01 01:00:17] - 환불 구매 통계(accumul_sales_refund)
[2021-01-01 01:00:17] - 매출 구매 통계(accumul_sales_mdstats)
[2021-01-01 01:00:17] - 상품 구매 통계(accumul_stats_sales)
[2021-01-02 01:00:16] - 상품 구매 통계(accumul_stats_sales) - stats_sales is No data
[2021-01-02 01:00:16] - 매출 구매 통계(accumul_sales_mdstats) - sales_mdstats is No data
[2021-01-02 01:00:16] - 환불 구매 통계(accumul_sales_refund) - sales_refund is No data
[2021-01-02 01:00:16] - 카테고리/브랜드 구매 통계(accumul_sales_category) - sales_category is No data
[2021-01-02 01:00:16] - 장바구니 구매 통계(accumul_cart_stats)
[2021-01-02 01:00:16] - 카테고리/브랜드 구매 통계(accumul_sales_category)
[2021-01-02 01:00:16] - 환불 구매 통계(accumul_sales_refund)
[2021-01-02 01:00:16] - 매출 구매 통계(accumul_sales_mdstats)
[2021-01-02 01:00:16] - 상품 구매 통계(accumul_stats_sales)
[2021-01-03 01:00:17] - 상품 구매 통계(accumul_stats_sales) - stats_sales is No data
[2021-01-03 01:00:17] - 매출 구매 통계(accumul_sales_mdstats) - sales_mdstats is No data
[2021-01-03 01:00:17] - 환불 구매 통계(accumul_sales_refund) - sales_refund is No data
[2021-01-03 01:00:17] - 카테고리/브랜드 구매 통계(accumul_sales_category) - sales_category is No data
[2021-01-03 01:00:17] - 장바구니 구매 통계(accumul_cart_stats)
[2021-01-03 01:00:17] - 카테고리/브랜드 구매 통계(accumul_sales_category)
[2021-01-03 01:00:17] - 환불 구매 통계(accumul_sales_refund)
[2021-01-03 01:00:17] - 매출 구매 통계(accumul_sales_mdstats)
[2021-01-03 01:00:17] - 상품 구매 통계(accumul_stats_sales)
[2021-01-04 01:00:16] - 상품 구매 통계(accumul_stats_sales) - stats_sales is No data
[2021-01-04 01:00:16] - 매출 구매 통계(accumul_sales_mdstats) - sales_mdstats is No data
[2021-01-04 01:00:16] - 환불 구매 통계(accumul_sales_refund) - sales_refund is No data
[2021-01-04 01:00:16] - 카테고리/브랜드 구매 통계(accumul_sales_category) - sales_category is No data
[2021-01-04 01:00:16] - 장바구니 구매 통계(accumul_cart_stats)
[2021-01-04 01:00:16] - 카테고리/브랜드 구매 통계(accumul_sales_category)
[2021-01-04 01:00:16] - 환불 구매 통계(accumul_sales_refund)
[2021-01-04 01:00:16] - 매출 구매 통계(accumul_sales_mdstats)
[2021-01-04 01:00:16] - 상품 구매 통계(accumul_stats_sales)
[2021-01-05 01:00:17] - 상품 구매 통계(accumul_stats_sales) - stats_sales is No data
[2021-01-05 01:00:17] - 매출 구매 통계(accumul_sales_mdstats) - sales_mdstats is No data
[2021-01-05 01:00:17] - 카테고리/브랜드 구매 통계(accumul_sales_category) - sales_category is No data
[2021-01-05 01:00:17] - 장바구니 구매 통계(accumul_cart_stats)
[2021-01-05 01:00:17] - 카테고리/브랜드 구매 통계(accumul_sales_category)
[2021-01-05 01:00:17] - 환불 구매 통계(accumul_sales_refund)
[2021-01-05 01:00:17] - 매출 구매 통계(accumul_sales_mdstats)
[2021-01-05 01:00:17] - 상품 구매 통계(accumul_stats_sales)
[2021-01-06 01:00:16] - 상품 구매 통계(accumul_stats_sales) - stats_sales is No data
[2021-01-06 01:00:16] - 매출 구매 통계(accumul_sales_mdstats) - sales_mdstats is No data
[2021-01-06 01:00:16] - 환불 구매 통계(accumul_sales_refund) - sales_refund is No data
[2021-01-06 01:00:16] - 카테고리/브랜드 구매 통계(accumul_sales_category) - sales_category is No data
[2021-01-06 01:00:17] - 장바구니 구매 통계(accumul_cart_stats)
[2021-01-06 01:00:17] - 카테고리/브랜드 구매 통계(accumul_sales_category)
[2021-01-06 01:00:17] - 환불 구매 통계(accumul_sales_refund)
[2021-01-06 01:00:17] - 매출 구매 통계(accumul_sales_mdstats)
[2021-01-06 01:00:17] - 상품 구매 통계(accumul_stats_sales)
[2021-01-07 01:00:17] - 상품 구매 통계(accumul_stats_sales) - stats_sales is No data
[2021-01-07 01:00:17] - 매출 구매 통계(accumul_sales_mdstats) - sales_mdstats is No data
[2021-01-07 01:00:17] - 환불 구매 통계(accumul_sales_refund) - sales_refund is No data
[2021-01-07 01:00:17] - 카테고리/브랜드 구매 통계(accumul_sales_category) - sales_category is No data
[2021-01-07 01:00:17] - 장바구니 구매 통계(accumul_cart_stats)
[2021-01-07 01:00:17] - 카테고리/브랜드 구매 통계(accumul_sales_category)
[2021-01-07 01:00:17] - 환불 구매 통계(accumul_sales_refund)
[2021-01-07 01:00:17] - 매출 구매 통계(accumul_sales_mdstats)
[2021-01-07 01:00:17] - 상품 구매 통계(accumul_stats_sales)
[2021-01-08 01:00:17] - 상품 구매 통계(accumul_stats_sales) - stats_sales is No data
[2021-01-08 01:00:17] - 매출 구매 통계(accumul_sales_mdstats) - sales_mdstats is No data
[2021-01-08 01:00:17] - 환불 구매 통계(accumul_sales_refund) - sales_refund is No data
[2021-01-08 01:00:17] - 카테고리/브랜드 구매 통계(accumul_sales_category) - sales_category is No data
[2021-01-08 01:00:17] - 장바구니 구매 통계(accumul_cart_stats)
[2021-01-08 01:00:17] - 카테고리/브랜드 구매 통계(accumul_sales_category)
[2021-01-08 01:00:17] - 환불 구매 통계(accumul_sales_refund)
[2021-01-08 01:00:17] - 매출 구매 통계(accumul_sales_mdstats)
[2021-01-08 01:00:17] - 상품 구매 통계(accumul_stats_sales)
[2021-01-09 01:00:17] - 카테고리/브랜드 구매 통계(accumul_sales_category) - sales_category is No data
[2021-01-09 01:00:17] - 장바구니 구매 통계(accumul_cart_stats)
[2021-01-09 01:00:17] - 카테고리/브랜드 구매 통계(accumul_sales_category)
[2021-01-09 01:00:17] - 환불 구매 통계(accumul_sales_refund)
[2021-01-09 01:00:17] - 매출 구매 통계(accumul_sales_mdstats)
[2021-01-09 01:00:17] - 상품 구매 통계(accumul_stats_sales)
[2021-01-10 01:00:17] - 상품 구매 통계(accumul_stats_sales) - stats_sales is No data
[2021-01-10 01:00:17] - 매출 구매 통계(accumul_sales_mdstats) - sales_mdstats is No data
[2021-01-10 01:00:17] - 환불 구매 통계(accumul_sales_refund) - sales_refund is No data
[2021-01-10 01:00:17] - 카테고리/브랜드 구매 통계(accumul_sales_category) - sales_category is No data
[2021-01-10 01:00:17] - 장바구니 구매 통계(accumul_cart_stats)
[2021-01-10 01:00:17] - 카테고리/브랜드 구매 통계(accumul_sales_category)
[2021-01-10 01:00:17] - 환불 구매 통계(accumul_sales_refund)
[2021-01-10 01:00:17] - 매출 구매 통계(accumul_sales_mdstats)
[2021-01-10 01:00:17] - 상품 구매 통계(accumul_stats_sales)
[2021-01-11 01:00:17] - 상품 구매 통계(accumul_stats_sales) - stats_sales is No data
[2021-01-11 01:00:17] - 매출 구매 통계(accumul_sales_mdstats) - sales_mdstats is No data
[2021-01-11 01:00:17] - 환불 구매 통계(accumul_sales_refund) - sales_refund is No data
[2021-01-11 01:00:17] - 카테고리/브랜드 구매 통계(accumul_sales_category) - sales_category is No data
[2021-01-11 01:00:17] - 장바구니 구매 통계(accumul_cart_stats)
[2021-01-11 01:00:17] - 카테고리/브랜드 구매 통계(accumul_sales_category)
[2021-01-11 01:00:17] - 환불 구매 통계(accumul_sales_refund)
[2021-01-11 01:00:17] - 매출 구매 통계(accumul_sales_mdstats)
[2021-01-11 01:00:17] - 상품 구매 통계(accumul_stats_sales)
[2021-01-12 01:00:18] - 상품 구매 통계(accumul_stats_sales) - stats_sales is No data
[2021-01-12 01:00:18] - 매출 구매 통계(accumul_sales_mdstats) - sales_mdstats is No data
[2021-01-12 01:00:18] - 환불 구매 통계(accumul_sales_refund) - sales_refund is No data
[2021-01-12 01:00:18] - 카테고리/브랜드 구매 통계(accumul_sales_category) - sales_category is No data
[2021-01-12 01:00:18] - 장바구니 구매 통계(accumul_cart_stats)
[2021-01-12 01:00:18] - 카테고리/브랜드 구매 통계(accumul_sales_category)
[2021-01-12 01:00:18] - 환불 구매 통계(accumul_sales_refund)
[2021-01-12 01:00:18] - 매출 구매 통계(accumul_sales_mdstats)
[2021-01-12 01:00:18] - 상품 구매 통계(accumul_stats_sales)
[2021-01-13 01:00:19] - 상품 구매 통계(accumul_stats_sales) - stats_sales is No data
[2021-01-13 01:00:19] - 매출 구매 통계(accumul_sales_mdstats) - sales_mdstats is No data
[2021-01-13 01:00:19] - 환불 구매 통계(accumul_sales_refund) - sales_refund is No data
[2021-01-13 01:00:19] - 카테고리/브랜드 구매 통계(accumul_sales_category) - sales_category is No data
[2021-01-13 01:00:19] - 장바구니 구매 통계(accumul_cart_stats)
[2021-01-13 01:00:19] - 카테고리/브랜드 구매 통계(accumul_sales_category)
[2021-01-13 01:00:19] - 환불 구매 통계(accumul_sales_refund)
[2021-01-13 01:00:19] - 매출 구매 통계(accumul_sales_mdstats)
[2021-01-13 01:00:19] - 상품 구매 통계(accumul_stats_sales)
[2021-01-14 01:00:19] - 카테고리/브랜드 구매 통계(accumul_sales_category) - sales_category is No data
[2021-01-14 01:00:19] - 장바구니 구매 통계(accumul_cart_stats)
[2021-01-14 01:00:19] - 카테고리/브랜드 구매 통계(accumul_sales_category)
[2021-01-14 01:00:19] - 환불 구매 통계(accumul_sales_refund)
[2021-01-14 01:00:19] - 매출 구매 통계(accumul_sales_mdstats)
[2021-01-14 01:00:19] - 상품 구매 통계(accumul_stats_sales)
[2021-01-15 01:00:20] - 환불 구매 통계(accumul_sales_refund) - sales_refund is No data
[2021-01-15 01:00:20] - 장바구니 구매 통계(accumul_cart_stats)
[2021-01-15 01:00:20] - 카테고리/브랜드 구매 통계(accumul_sales_category)
[2021-01-15 01:00:20] - 환불 구매 통계(accumul_sales_refund)
[2021-01-15 01:00:20] - 매출 구매 통계(accumul_sales_mdstats)
[2021-01-15 01:00:20] - 상품 구매 통계(accumul_stats_sales)
[2021-01-16 01:00:19] - 상품 구매 통계(accumul_stats_sales) - stats_sales is No data
[2021-01-16 01:00:19] - 매출 구매 통계(accumul_sales_mdstats) - sales_mdstats is No data
[2021-01-16 01:00:19] - 환불 구매 통계(accumul_sales_refund) - sales_refund is No data
[2021-01-16 01:00:19] - 카테고리/브랜드 구매 통계(accumul_sales_category) - sales_category is No data
[2021-01-16 01:00:19] - 장바구니 구매 통계(accumul_cart_stats)
[2021-01-16 01:00:19] - 카테고리/브랜드 구매 통계(accumul_sales_category)
[2021-01-16 01:00:19] - 환불 구매 통계(accumul_sales_refund)
[2021-01-16 01:00:19] - 매출 구매 통계(accumul_sales_mdstats)
[2021-01-16 01:00:19] - 상품 구매 통계(accumul_stats_sales)
[2021-01-17 01:00:17] - 상품 구매 통계(accumul_stats_sales) - stats_sales is No data
[2021-01-17 01:00:17] - 매출 구매 통계(accumul_sales_mdstats) - sales_mdstats is No data
[2021-01-17 01:00:17] - 환불 구매 통계(accumul_sales_refund) - sales_refund is No data
[2021-01-17 01:00:17] - 카테고리/브랜드 구매 통계(accumul_sales_category) - sales_category is No data
[2021-01-17 01:00:17] - 장바구니 구매 통계(accumul_cart_stats)
[2021-01-17 01:00:17] - 카테고리/브랜드 구매 통계(accumul_sales_category)
[2021-01-17 01:00:17] - 환불 구매 통계(accumul_sales_refund)
[2021-01-17 01:00:17] - 매출 구매 통계(accumul_sales_mdstats)
[2021-01-17 01:00:17] - 상품 구매 통계(accumul_stats_sales)
[2021-01-18 01:00:19] - 상품 구매 통계(accumul_stats_sales) - stats_sales is No data
[2021-01-18 01:00:19] - 매출 구매 통계(accumul_sales_mdstats) - sales_mdstats is No data
[2021-01-18 01:00:19] - 환불 구매 통계(accumul_sales_refund) - sales_refund is No data
[2021-01-18 01:00:19] - 카테고리/브랜드 구매 통계(accumul_sales_category) - sales_category is No data
[2021-01-18 01:00:19] - 장바구니 구매 통계(accumul_cart_stats)
[2021-01-18 01:00:19] - 카테고리/브랜드 구매 통계(accumul_sales_category)
[2021-01-18 01:00:19] - 환불 구매 통계(accumul_sales_refund)
[2021-01-18 01:00:19] - 매출 구매 통계(accumul_sales_mdstats)
[2021-01-18 01:00:19] - 상품 구매 통계(accumul_stats_sales)
[2021-01-19 01:00:18] - 상품 구매 통계(accumul_stats_sales) - stats_sales is No data
[2021-01-19 01:00:18] - 매출 구매 통계(accumul_sales_mdstats) - sales_mdstats is No data
[2021-01-19 01:00:18] - 환불 구매 통계(accumul_sales_refund) - sales_refund is No data
[2021-01-19 01:00:18] - 카테고리/브랜드 구매 통계(accumul_sales_category) - sales_category is No data
[2021-01-19 01:00:18] - 장바구니 구매 통계(accumul_cart_stats)
[2021-01-19 01:00:18] - 카테고리/브랜드 구매 통계(accumul_sales_category)
[2021-01-19 01:00:18] - 환불 구매 통계(accumul_sales_refund)
[2021-01-19 01:00:18] - 매출 구매 통계(accumul_sales_mdstats)
[2021-01-19 01:00:18] - 상품 구매 통계(accumul_stats_sales)
[2021-01-20 01:00:19] - 상품 구매 통계(accumul_stats_sales) - stats_sales is No data
[2021-01-20 01:00:19] - 매출 구매 통계(accumul_sales_mdstats) - sales_mdstats is No data
[2021-01-20 01:00:19] - 환불 구매 통계(accumul_sales_refund) - sales_refund is No data
[2021-01-20 01:00:19] - 카테고리/브랜드 구매 통계(accumul_sales_category) - sales_category is No data
[2021-01-20 01:00:19] - 장바구니 구매 통계(accumul_cart_stats)
[2021-01-20 01:00:19] - 카테고리/브랜드 구매 통계(accumul_sales_category)
[2021-01-20 01:00:19] - 환불 구매 통계(accumul_sales_refund)
[2021-01-20 01:00:19] - 매출 구매 통계(accumul_sales_mdstats)
[2021-01-20 01:00:19] - 상품 구매 통계(accumul_stats_sales)
[2021-01-21 01:00:17] - 상품 구매 통계(accumul_stats_sales) - stats_sales is No data
[2021-01-21 01:00:17] - 매출 구매 통계(accumul_sales_mdstats) - sales_mdstats is No data
[2021-01-21 01:00:17] - 환불 구매 통계(accumul_sales_refund) - sales_refund is No data
[2021-01-21 01:00:17] - 카테고리/브랜드 구매 통계(accumul_sales_category) - sales_category is No data
[2021-01-21 01:00:17] - 장바구니 구매 통계(accumul_cart_stats)
[2021-01-21 01:00:17] - 카테고리/브랜드 구매 통계(accumul_sales_category)
[2021-01-21 01:00:17] - 환불 구매 통계(accumul_sales_refund)
[2021-01-21 01:00:17] - 매출 구매 통계(accumul_sales_mdstats)
[2021-01-21 01:00:17] - 상품 구매 통계(accumul_stats_sales)
[2021-01-22 01:00:17] - 환불 구매 통계(accumul_sales_refund) - sales_refund is No data
[2021-01-22 01:00:17] - 장바구니 구매 통계(accumul_cart_stats)
[2021-01-22 01:00:17] - 카테고리/브랜드 구매 통계(accumul_sales_category)
[2021-01-22 01:00:17] - 환불 구매 통계(accumul_sales_refund)
[2021-01-22 01:00:17] - 매출 구매 통계(accumul_sales_mdstats)
[2021-01-22 01:00:17] - 상품 구매 통계(accumul_stats_sales)
[2021-01-23 01:00:17] - 상품 구매 통계(accumul_stats_sales) - stats_sales is No data
[2021-01-23 01:00:17] - 매출 구매 통계(accumul_sales_mdstats) - sales_mdstats is No data
[2021-01-23 01:00:17] - 카테고리/브랜드 구매 통계(accumul_sales_category) - sales_category is No data
[2021-01-23 01:00:17] - 장바구니 구매 통계(accumul_cart_stats)
[2021-01-23 01:00:17] - 카테고리/브랜드 구매 통계(accumul_sales_category)
[2021-01-23 01:00:17] - 환불 구매 통계(accumul_sales_refund)
[2021-01-23 01:00:17] - 매출 구매 통계(accumul_sales_mdstats)
[2021-01-23 01:00:17] - 상품 구매 통계(accumul_stats_sales)
[2021-01-24 01:00:19] - 상품 구매 통계(accumul_stats_sales) - stats_sales is No data
[2021-01-24 01:00:19] - 매출 구매 통계(accumul_sales_mdstats) - sales_mdstats is No data
[2021-01-24 01:00:19] - 환불 구매 통계(accumul_sales_refund) - sales_refund is No data
[2021-01-24 01:00:19] - 카테고리/브랜드 구매 통계(accumul_sales_category) - sales_category is No data
[2021-01-24 01:00:19] - 장바구니 구매 통계(accumul_cart_stats)
[2021-01-24 01:00:19] - 카테고리/브랜드 구매 통계(accumul_sales_category)
[2021-01-24 01:00:19] - 환불 구매 통계(accumul_sales_refund)
[2021-01-24 01:00:19] - 매출 구매 통계(accumul_sales_mdstats)
[2021-01-24 01:00:19] - 상품 구매 통계(accumul_stats_sales)
[2021-01-25 01:00:19] - 상품 구매 통계(accumul_stats_sales) - stats_sales is No data
[2021-01-25 01:00:19] - 매출 구매 통계(accumul_sales_mdstats) - sales_mdstats is No data
[2021-01-25 01:00:19] - 환불 구매 통계(accumul_sales_refund) - sales_refund is No data
[2021-01-25 01:00:19] - 카테고리/브랜드 구매 통계(accumul_sales_category) - sales_category is No data
[2021-01-25 01:00:19] - 장바구니 구매 통계(accumul_cart_stats)
[2021-01-25 01:00:19] - 카테고리/브랜드 구매 통계(accumul_sales_category)
[2021-01-25 01:00:19] - 환불 구매 통계(accumul_sales_refund)
[2021-01-25 01:00:19] - 매출 구매 통계(accumul_sales_mdstats)
[2021-01-25 01:00:19] - 상품 구매 통계(accumul_stats_sales)
[2021-01-26 01:00:19] - 상품 구매 통계(accumul_stats_sales) - stats_sales is No data
[2021-01-26 01:00:19] - 매출 구매 통계(accumul_sales_mdstats) - sales_mdstats is No data
[2021-01-26 01:00:19] - 환불 구매 통계(accumul_sales_refund) - sales_refund is No data
[2021-01-26 01:00:19] - 카테고리/브랜드 구매 통계(accumul_sales_category) - sales_category is No data
[2021-01-26 01:00:19] - 장바구니 구매 통계(accumul_cart_stats)
[2021-01-26 01:00:19] - 카테고리/브랜드 구매 통계(accumul_sales_category)
[2021-01-26 01:00:19] - 환불 구매 통계(accumul_sales_refund)
[2021-01-26 01:00:19] - 매출 구매 통계(accumul_sales_mdstats)
[2021-01-26 01:00:19] - 상품 구매 통계(accumul_stats_sales)
[2021-01-27 01:00:18] - 상품 구매 통계(accumul_stats_sales) - stats_sales is No data
[2021-01-27 01:00:18] - 매출 구매 통계(accumul_sales_mdstats) - sales_mdstats is No data
[2021-01-27 01:00:18] - 환불 구매 통계(accumul_sales_refund) - sales_refund is No data
[2021-01-27 01:00:18] - 카테고리/브랜드 구매 통계(accumul_sales_category) - sales_category is No data
[2021-01-27 01:00:18] - 장바구니 구매 통계(accumul_cart_stats)
[2021-01-27 01:00:18] - 카테고리/브랜드 구매 통계(accumul_sales_category)
[2021-01-27 01:00:18] - 환불 구매 통계(accumul_sales_refund)
[2021-01-27 01:00:18] - 매출 구매 통계(accumul_sales_mdstats)
[2021-01-27 01:00:18] - 상품 구매 통계(accumul_stats_sales)
[2021-01-28 01:00:19] - 상품 구매 통계(accumul_stats_sales) - stats_sales is No data
[2021-01-28 01:00:19] - 매출 구매 통계(accumul_sales_mdstats) - sales_mdstats is No data
[2021-01-28 01:00:19] - 환불 구매 통계(accumul_sales_refund) - sales_refund is No data
[2021-01-28 01:00:19] - 카테고리/브랜드 구매 통계(accumul_sales_category) - sales_category is No data
[2021-01-28 01:00:19] - 장바구니 구매 통계(accumul_cart_stats)
[2021-01-28 01:00:19] - 카테고리/브랜드 구매 통계(accumul_sales_category)
[2021-01-28 01:00:19] - 환불 구매 통계(accumul_sales_refund)
[2021-01-28 01:00:19] - 매출 구매 통계(accumul_sales_mdstats)
[2021-01-28 01:00:19] - 상품 구매 통계(accumul_stats_sales)
[2021-01-29 01:00:19] - 상품 구매 통계(accumul_stats_sales) - stats_sales is No data
[2021-01-29 01:00:19] - 매출 구매 통계(accumul_sales_mdstats) - sales_mdstats is No data
[2021-01-29 01:00:20] - 환불 구매 통계(accumul_sales_refund) - sales_refund is No data
[2021-01-29 01:00:20] - 카테고리/브랜드 구매 통계(accumul_sales_category) - sales_category is No data
[2021-01-29 01:00:20] - 장바구니 구매 통계(accumul_cart_stats)
[2021-01-29 01:00:20] - 카테고리/브랜드 구매 통계(accumul_sales_category)
[2021-01-29 01:00:20] - 환불 구매 통계(accumul_sales_refund)
[2021-01-29 01:00:20] - 매출 구매 통계(accumul_sales_mdstats)
[2021-01-29 01:00:20] - 상품 구매 통계(accumul_stats_sales)
[2021-01-30 01:00:19] - 상품 구매 통계(accumul_stats_sales) - stats_sales is No data
[2021-01-30 01:00:19] - 매출 구매 통계(accumul_sales_mdstats) - sales_mdstats is No data
[2021-01-30 01:00:19] - 카테고리/브랜드 구매 통계(accumul_sales_category) - sales_category is No data
[2021-01-30 01:00:19] - 장바구니 구매 통계(accumul_cart_stats)
[2021-01-30 01:00:19] - 카테고리/브랜드 구매 통계(accumul_sales_category)
[2021-01-30 01:00:19] - 환불 구매 통계(accumul_sales_refund)
[2021-01-30 01:00:19] - 매출 구매 통계(accumul_sales_mdstats)
[2021-01-30 01:00:19] - 상품 구매 통계(accumul_stats_sales)
[2021-01-31 01:00:20] - 상품 구매 통계(accumul_stats_sales) - stats_sales is No data
[2021-01-31 01:00:20] - 매출 구매 통계(accumul_sales_mdstats) - sales_mdstats is No data
[2021-01-31 01:00:20] - 환불 구매 통계(accumul_sales_refund) - sales_refund is No data
[2021-01-31 01:00:20] - 카테고리/브랜드 구매 통계(accumul_sales_category) - sales_category is No data
[2021-01-31 01:00:20] - 장바구니 구매 통계(accumul_cart_stats)
[2021-01-31 01:00:20] - 카테고리/브랜드 구매 통계(accumul_sales_category)
[2021-01-31 01:00:20] - 환불 구매 통계(accumul_sales_refund)
[2021-01-31 01:00:20] - 매출 구매 통계(accumul_sales_mdstats)
[2021-01-31 01:00:20] - 상품 구매 통계(accumul_stats_sales)
