[2020-12-02 01:00:14] - 상품 구매 통계(accumul_stats_sales) - stats_sales is No data
[2020-12-02 01:00:14] - 매출 구매 통계(accumul_sales_mdstats) - sales_mdstats is No data
[2020-12-02 01:00:14] - 환불 구매 통계(accumul_sales_refund) - sales_refund is No data
[2020-12-02 01:00:14] - 카테고리/브랜드 구매 통계(accumul_sales_category) - sales_category is No data
[2020-12-02 01:00:14] - 장바구니 구매 통계(accumul_cart_stats)
[2020-12-02 01:00:14] - 카테고리/브랜드 구매 통계(accumul_sales_category)
[2020-12-02 01:00:14] - 환불 구매 통계(accumul_sales_refund)
[2020-12-02 01:00:14] - 매출 구매 통계(accumul_sales_mdstats)
[2020-12-02 01:00:14] - 상품 구매 통계(accumul_stats_sales)
[2020-12-03 01:00:11] - 상품 구매 통계(accumul_stats_sales) - stats_sales is No data
[2020-12-03 01:00:12] - 매출 구매 통계(accumul_sales_mdstats) - sales_mdstats is No data
[2020-12-03 01:00:12] - 환불 구매 통계(accumul_sales_refund) - sales_refund is No data
[2020-12-03 01:00:12] - 카테고리/브랜드 구매 통계(accumul_sales_category) - sales_category is No data
[2020-12-03 01:00:12] - 장바구니 구매 통계(accumul_cart_stats)
[2020-12-03 01:00:12] - 카테고리/브랜드 구매 통계(accumul_sales_category)
[2020-12-03 01:00:12] - 환불 구매 통계(accumul_sales_refund)
[2020-12-03 01:00:12] - 매출 구매 통계(accumul_sales_mdstats)
[2020-12-03 01:00:12] - 상품 구매 통계(accumul_stats_sales)
[2020-12-04 01:00:11] - 상품 구매 통계(accumul_stats_sales) - stats_sales is No data
[2020-12-04 01:00:11] - 매출 구매 통계(accumul_sales_mdstats) - sales_mdstats is No data
[2020-12-04 01:00:11] - 환불 구매 통계(accumul_sales_refund) - sales_refund is No data
[2020-12-04 01:00:11] - 카테고리/브랜드 구매 통계(accumul_sales_category) - sales_category is No data
[2020-12-04 01:00:11] - 장바구니 구매 통계(accumul_cart_stats)
[2020-12-04 01:00:11] - 카테고리/브랜드 구매 통계(accumul_sales_category)
[2020-12-04 01:00:11] - 환불 구매 통계(accumul_sales_refund)
[2020-12-04 01:00:11] - 매출 구매 통계(accumul_sales_mdstats)
[2020-12-04 01:00:11] - 상품 구매 통계(accumul_stats_sales)
[2020-12-05 01:00:16] - 상품 구매 통계(accumul_stats_sales) - stats_sales is No data
[2020-12-05 01:00:16] - 매출 구매 통계(accumul_sales_mdstats) - sales_mdstats is No data
[2020-12-05 01:00:16] - 환불 구매 통계(accumul_sales_refund) - sales_refund is No data
[2020-12-05 01:00:16] - 카테고리/브랜드 구매 통계(accumul_sales_category) - sales_category is No data
[2020-12-05 01:00:16] - 장바구니 구매 통계(accumul_cart_stats)
[2020-12-05 01:00:16] - 카테고리/브랜드 구매 통계(accumul_sales_category)
[2020-12-05 01:00:16] - 환불 구매 통계(accumul_sales_refund)
[2020-12-05 01:00:16] - 매출 구매 통계(accumul_sales_mdstats)
[2020-12-05 01:00:16] - 상품 구매 통계(accumul_stats_sales)
[2020-12-06 01:00:14] - 상품 구매 통계(accumul_stats_sales) - stats_sales is No data
[2020-12-06 01:00:14] - 매출 구매 통계(accumul_sales_mdstats) - sales_mdstats is No data
[2020-12-06 01:00:14] - 환불 구매 통계(accumul_sales_refund) - sales_refund is No data
[2020-12-06 01:00:14] - 카테고리/브랜드 구매 통계(accumul_sales_category) - sales_category is No data
[2020-12-06 01:00:14] - 장바구니 구매 통계(accumul_cart_stats)
[2020-12-06 01:00:14] - 카테고리/브랜드 구매 통계(accumul_sales_category)
[2020-12-06 01:00:14] - 환불 구매 통계(accumul_sales_refund)
[2020-12-06 01:00:14] - 매출 구매 통계(accumul_sales_mdstats)
[2020-12-06 01:00:14] - 상품 구매 통계(accumul_stats_sales)
[2020-12-07 01:00:11] - 상품 구매 통계(accumul_stats_sales) - stats_sales is No data
[2020-12-07 01:00:11] - 매출 구매 통계(accumul_sales_mdstats) - sales_mdstats is No data
[2020-12-07 01:00:11] - 환불 구매 통계(accumul_sales_refund) - sales_refund is No data
[2020-12-07 01:00:11] - 카테고리/브랜드 구매 통계(accumul_sales_category) - sales_category is No data
[2020-12-07 01:00:11] - 장바구니 구매 통계(accumul_cart_stats)
[2020-12-07 01:00:11] - 카테고리/브랜드 구매 통계(accumul_sales_category)
[2020-12-07 01:00:11] - 환불 구매 통계(accumul_sales_refund)
[2020-12-07 01:00:11] - 매출 구매 통계(accumul_sales_mdstats)
[2020-12-07 01:00:11] - 상품 구매 통계(accumul_stats_sales)
[2020-12-08 01:00:14] - 상품 구매 통계(accumul_stats_sales) - stats_sales is No data
[2020-12-08 01:00:14] - 매출 구매 통계(accumul_sales_mdstats) - sales_mdstats is No data
[2020-12-08 01:00:14] - 환불 구매 통계(accumul_sales_refund) - sales_refund is No data
[2020-12-08 01:00:14] - 카테고리/브랜드 구매 통계(accumul_sales_category) - sales_category is No data
[2020-12-08 01:00:14] - 장바구니 구매 통계(accumul_cart_stats)
[2020-12-08 01:00:14] - 카테고리/브랜드 구매 통계(accumul_sales_category)
[2020-12-08 01:00:14] - 환불 구매 통계(accumul_sales_refund)
[2020-12-08 01:00:14] - 매출 구매 통계(accumul_sales_mdstats)
[2020-12-08 01:00:14] - 상품 구매 통계(accumul_stats_sales)
[2020-12-09 01:00:17] - 카테고리/브랜드 구매 통계(accumul_sales_category) - sales_category is No data
[2020-12-09 01:00:17] - 장바구니 구매 통계(accumul_cart_stats)
[2020-12-09 01:00:17] - 카테고리/브랜드 구매 통계(accumul_sales_category)
[2020-12-09 01:00:17] - 환불 구매 통계(accumul_sales_refund)
[2020-12-09 01:00:17] - 매출 구매 통계(accumul_sales_mdstats)
[2020-12-09 01:00:17] - 상품 구매 통계(accumul_stats_sales)
[2020-12-10 01:00:16] - 카테고리/브랜드 구매 통계(accumul_sales_category) - sales_category is No data
[2020-12-10 01:00:16] - 장바구니 구매 통계(accumul_cart_stats)
[2020-12-10 01:00:16] - 카테고리/브랜드 구매 통계(accumul_sales_category)
[2020-12-10 01:00:16] - 환불 구매 통계(accumul_sales_refund)
[2020-12-10 01:00:16] - 매출 구매 통계(accumul_sales_mdstats)
[2020-12-10 01:00:16] - 상품 구매 통계(accumul_stats_sales)
[2020-12-11 01:00:16] - 환불 구매 통계(accumul_sales_refund) - sales_refund is No data
[2020-12-11 01:00:16] - 장바구니 구매 통계(accumul_cart_stats)
[2020-12-11 01:00:16] - 카테고리/브랜드 구매 통계(accumul_sales_category)
[2020-12-11 01:00:16] - 환불 구매 통계(accumul_sales_refund)
[2020-12-11 01:00:16] - 매출 구매 통계(accumul_sales_mdstats)
[2020-12-11 01:00:16] - 상품 구매 통계(accumul_stats_sales)
[2020-12-12 01:00:16] - 상품 구매 통계(accumul_stats_sales) - stats_sales is No data
[2020-12-12 01:00:16] - 매출 구매 통계(accumul_sales_mdstats) - sales_mdstats is No data
[2020-12-12 01:00:16] - 환불 구매 통계(accumul_sales_refund) - sales_refund is No data
[2020-12-12 01:00:16] - 카테고리/브랜드 구매 통계(accumul_sales_category) - sales_category is No data
[2020-12-12 01:00:16] - 장바구니 구매 통계(accumul_cart_stats)
[2020-12-12 01:00:16] - 카테고리/브랜드 구매 통계(accumul_sales_category)
[2020-12-12 01:00:16] - 환불 구매 통계(accumul_sales_refund)
[2020-12-12 01:00:16] - 매출 구매 통계(accumul_sales_mdstats)
[2020-12-12 01:00:16] - 상품 구매 통계(accumul_stats_sales)
[2020-12-13 01:00:15] - 상품 구매 통계(accumul_stats_sales) - stats_sales is No data
[2020-12-13 01:00:15] - 매출 구매 통계(accumul_sales_mdstats) - sales_mdstats is No data
[2020-12-13 01:00:15] - 환불 구매 통계(accumul_sales_refund) - sales_refund is No data
[2020-12-13 01:00:15] - 카테고리/브랜드 구매 통계(accumul_sales_category) - sales_category is No data
[2020-12-13 01:00:15] - 장바구니 구매 통계(accumul_cart_stats)
[2020-12-13 01:00:15] - 카테고리/브랜드 구매 통계(accumul_sales_category)
[2020-12-13 01:00:15] - 환불 구매 통계(accumul_sales_refund)
[2020-12-13 01:00:15] - 매출 구매 통계(accumul_sales_mdstats)
[2020-12-13 01:00:15] - 상품 구매 통계(accumul_stats_sales)
[2020-12-14 01:00:16] - 상품 구매 통계(accumul_stats_sales) - stats_sales is No data
[2020-12-14 01:00:16] - 매출 구매 통계(accumul_sales_mdstats) - sales_mdstats is No data
[2020-12-14 01:00:16] - 환불 구매 통계(accumul_sales_refund) - sales_refund is No data
[2020-12-14 01:00:16] - 카테고리/브랜드 구매 통계(accumul_sales_category) - sales_category is No data
[2020-12-14 01:00:16] - 장바구니 구매 통계(accumul_cart_stats)
[2020-12-14 01:00:16] - 카테고리/브랜드 구매 통계(accumul_sales_category)
[2020-12-14 01:00:16] - 환불 구매 통계(accumul_sales_refund)
[2020-12-14 01:00:16] - 매출 구매 통계(accumul_sales_mdstats)
[2020-12-14 01:00:16] - 상품 구매 통계(accumul_stats_sales)
[2020-12-15 01:00:09] - 환불 구매 통계(accumul_sales_refund) - sales_refund is No data
[2020-12-15 01:00:09] - 카테고리/브랜드 구매 통계(accumul_sales_category) - sales_category is No data
[2020-12-15 01:00:09] - 장바구니 구매 통계(accumul_cart_stats)
[2020-12-15 01:00:09] - 카테고리/브랜드 구매 통계(accumul_sales_category)
[2020-12-15 01:00:09] - 환불 구매 통계(accumul_sales_refund)
[2020-12-15 01:00:09] - 매출 구매 통계(accumul_sales_mdstats)
[2020-12-15 01:00:09] - 상품 구매 통계(accumul_stats_sales)
[2020-12-16 01:00:15] - 상품 구매 통계(accumul_stats_sales) - stats_sales is No data
[2020-12-16 01:00:15] - 매출 구매 통계(accumul_sales_mdstats) - sales_mdstats is No data
[2020-12-16 01:00:15] - 환불 구매 통계(accumul_sales_refund) - sales_refund is No data
[2020-12-16 01:00:15] - 카테고리/브랜드 구매 통계(accumul_sales_category) - sales_category is No data
[2020-12-16 01:00:15] - 장바구니 구매 통계(accumul_cart_stats)
[2020-12-16 01:00:15] - 카테고리/브랜드 구매 통계(accumul_sales_category)
[2020-12-16 01:00:15] - 환불 구매 통계(accumul_sales_refund)
[2020-12-16 01:00:15] - 매출 구매 통계(accumul_sales_mdstats)
[2020-12-16 01:00:15] - 상품 구매 통계(accumul_stats_sales)
[2020-12-17 01:00:14] - 카테고리/브랜드 구매 통계(accumul_sales_category) - sales_category is No data
[2020-12-17 01:00:14] - 장바구니 구매 통계(accumul_cart_stats)
[2020-12-17 01:00:14] - 카테고리/브랜드 구매 통계(accumul_sales_category)
[2020-12-17 01:00:14] - 환불 구매 통계(accumul_sales_refund)
[2020-12-17 01:00:14] - 매출 구매 통계(accumul_sales_mdstats)
[2020-12-17 01:00:14] - 상품 구매 통계(accumul_stats_sales)
[2020-12-18 01:00:12] - 장바구니 구매 통계(accumul_cart_stats)
[2020-12-18 01:00:12] - 카테고리/브랜드 구매 통계(accumul_sales_category)
[2020-12-18 01:00:12] - 환불 구매 통계(accumul_sales_refund)
[2020-12-18 01:00:12] - 매출 구매 통계(accumul_sales_mdstats)
[2020-12-18 01:00:12] - 상품 구매 통계(accumul_stats_sales)
[2020-12-19 01:00:17] - 상품 구매 통계(accumul_stats_sales) - stats_sales is No data
[2020-12-19 01:00:17] - 매출 구매 통계(accumul_sales_mdstats) - sales_mdstats is No data
[2020-12-19 01:00:17] - 환불 구매 통계(accumul_sales_refund) - sales_refund is No data
[2020-12-19 01:00:17] - 카테고리/브랜드 구매 통계(accumul_sales_category) - sales_category is No data
[2020-12-19 01:00:17] - 장바구니 구매 통계(accumul_cart_stats)
[2020-12-19 01:00:17] - 카테고리/브랜드 구매 통계(accumul_sales_category)
[2020-12-19 01:00:17] - 환불 구매 통계(accumul_sales_refund)
[2020-12-19 01:00:17] - 매출 구매 통계(accumul_sales_mdstats)
[2020-12-19 01:00:17] - 상품 구매 통계(accumul_stats_sales)
[2020-12-20 01:00:19] - 상품 구매 통계(accumul_stats_sales) - stats_sales is No data
[2020-12-20 01:00:19] - 매출 구매 통계(accumul_sales_mdstats) - sales_mdstats is No data
[2020-12-20 01:00:19] - 환불 구매 통계(accumul_sales_refund) - sales_refund is No data
[2020-12-20 01:00:19] - 카테고리/브랜드 구매 통계(accumul_sales_category) - sales_category is No data
[2020-12-20 01:00:19] - 장바구니 구매 통계(accumul_cart_stats)
[2020-12-20 01:00:19] - 카테고리/브랜드 구매 통계(accumul_sales_category)
[2020-12-20 01:00:19] - 환불 구매 통계(accumul_sales_refund)
[2020-12-20 01:00:19] - 매출 구매 통계(accumul_sales_mdstats)
[2020-12-20 01:00:19] - 상품 구매 통계(accumul_stats_sales)
[2020-12-21 01:00:18] - 상품 구매 통계(accumul_stats_sales) - stats_sales is No data
[2020-12-21 01:00:18] - 매출 구매 통계(accumul_sales_mdstats) - sales_mdstats is No data
[2020-12-21 01:00:18] - 환불 구매 통계(accumul_sales_refund) - sales_refund is No data
[2020-12-21 01:00:18] - 카테고리/브랜드 구매 통계(accumul_sales_category) - sales_category is No data
[2020-12-21 01:00:18] - 장바구니 구매 통계(accumul_cart_stats)
[2020-12-21 01:00:18] - 카테고리/브랜드 구매 통계(accumul_sales_category)
[2020-12-21 01:00:18] - 환불 구매 통계(accumul_sales_refund)
[2020-12-21 01:00:18] - 매출 구매 통계(accumul_sales_mdstats)
[2020-12-21 01:00:18] - 상품 구매 통계(accumul_stats_sales)
[2020-12-22 01:00:18] - 상품 구매 통계(accumul_stats_sales) - stats_sales is No data
[2020-12-22 01:00:18] - 매출 구매 통계(accumul_sales_mdstats) - sales_mdstats is No data
[2020-12-22 01:00:18] - 환불 구매 통계(accumul_sales_refund) - sales_refund is No data
[2020-12-22 01:00:18] - 카테고리/브랜드 구매 통계(accumul_sales_category) - sales_category is No data
[2020-12-22 01:00:18] - 장바구니 구매 통계(accumul_cart_stats)
[2020-12-22 01:00:18] - 카테고리/브랜드 구매 통계(accumul_sales_category)
[2020-12-22 01:00:18] - 환불 구매 통계(accumul_sales_refund)
[2020-12-22 01:00:18] - 매출 구매 통계(accumul_sales_mdstats)
[2020-12-22 01:00:18] - 상품 구매 통계(accumul_stats_sales)
[2020-12-23 01:00:18] - 상품 구매 통계(accumul_stats_sales) - stats_sales is No data
[2020-12-23 01:00:18] - 매출 구매 통계(accumul_sales_mdstats) - sales_mdstats is No data
[2020-12-23 01:00:18] - 환불 구매 통계(accumul_sales_refund) - sales_refund is No data
[2020-12-23 01:00:18] - 카테고리/브랜드 구매 통계(accumul_sales_category) - sales_category is No data
[2020-12-23 01:00:18] - 장바구니 구매 통계(accumul_cart_stats)
[2020-12-23 01:00:18] - 카테고리/브랜드 구매 통계(accumul_sales_category)
[2020-12-23 01:00:18] - 환불 구매 통계(accumul_sales_refund)
[2020-12-23 01:00:18] - 매출 구매 통계(accumul_sales_mdstats)
[2020-12-23 01:00:18] - 상품 구매 통계(accumul_stats_sales)
[2020-12-24 01:00:21] - 카테고리/브랜드 구매 통계(accumul_sales_category) - sales_category is No data
[2020-12-24 01:00:21] - 장바구니 구매 통계(accumul_cart_stats)
[2020-12-24 01:00:21] - 카테고리/브랜드 구매 통계(accumul_sales_category)
[2020-12-24 01:00:21] - 환불 구매 통계(accumul_sales_refund)
[2020-12-24 01:00:21] - 매출 구매 통계(accumul_sales_mdstats)
[2020-12-24 01:00:21] - 상품 구매 통계(accumul_stats_sales)
[2020-12-25 01:01:16] - 상품 구매 통계(accumul_stats_sales) - stats_sales is No data
[2020-12-25 01:01:16] - 매출 구매 통계(accumul_sales_mdstats) - sales_mdstats is No data
[2020-12-25 01:01:16] - 환불 구매 통계(accumul_sales_refund) - sales_refund is No data
[2020-12-25 01:01:16] - 카테고리/브랜드 구매 통계(accumul_sales_category) - sales_category is No data
[2020-12-25 01:01:16] - 장바구니 구매 통계(accumul_cart_stats)
[2020-12-25 01:01:16] - 카테고리/브랜드 구매 통계(accumul_sales_category)
[2020-12-25 01:01:16] - 환불 구매 통계(accumul_sales_refund)
[2020-12-25 01:01:16] - 매출 구매 통계(accumul_sales_mdstats)
[2020-12-25 01:01:16] - 상품 구매 통계(accumul_stats_sales)
[2020-12-26 01:01:16] - 상품 구매 통계(accumul_stats_sales) - stats_sales is No data
[2020-12-26 01:01:16] - 매출 구매 통계(accumul_sales_mdstats) - sales_mdstats is No data
[2020-12-26 01:01:16] - 환불 구매 통계(accumul_sales_refund) - sales_refund is No data
[2020-12-26 01:01:16] - 카테고리/브랜드 구매 통계(accumul_sales_category) - sales_category is No data
[2020-12-26 01:01:16] - 장바구니 구매 통계(accumul_cart_stats)
[2020-12-26 01:01:16] - 카테고리/브랜드 구매 통계(accumul_sales_category)
[2020-12-26 01:01:16] - 환불 구매 통계(accumul_sales_refund)
[2020-12-26 01:01:16] - 매출 구매 통계(accumul_sales_mdstats)
[2020-12-26 01:01:16] - 상품 구매 통계(accumul_stats_sales)
[2020-12-27 01:01:18] - 상품 구매 통계(accumul_stats_sales) - stats_sales is No data
[2020-12-27 01:01:18] - 매출 구매 통계(accumul_sales_mdstats) - sales_mdstats is No data
[2020-12-27 01:01:18] - 환불 구매 통계(accumul_sales_refund) - sales_refund is No data
[2020-12-27 01:01:18] - 카테고리/브랜드 구매 통계(accumul_sales_category) - sales_category is No data
[2020-12-27 01:01:18] - 장바구니 구매 통계(accumul_cart_stats)
[2020-12-27 01:01:18] - 카테고리/브랜드 구매 통계(accumul_sales_category)
[2020-12-27 01:01:18] - 환불 구매 통계(accumul_sales_refund)
[2020-12-27 01:01:18] - 매출 구매 통계(accumul_sales_mdstats)
[2020-12-27 01:01:18] - 상품 구매 통계(accumul_stats_sales)
[2020-12-28 01:01:18] - 상품 구매 통계(accumul_stats_sales) - stats_sales is No data
[2020-12-28 01:01:18] - 매출 구매 통계(accumul_sales_mdstats) - sales_mdstats is No data
[2020-12-28 01:01:18] - 환불 구매 통계(accumul_sales_refund) - sales_refund is No data
[2020-12-28 01:01:18] - 카테고리/브랜드 구매 통계(accumul_sales_category) - sales_category is No data
[2020-12-28 01:01:18] - 장바구니 구매 통계(accumul_cart_stats)
[2020-12-28 01:01:18] - 카테고리/브랜드 구매 통계(accumul_sales_category)
[2020-12-28 01:01:18] - 환불 구매 통계(accumul_sales_refund)
[2020-12-28 01:01:18] - 매출 구매 통계(accumul_sales_mdstats)
[2020-12-28 01:01:18] - 상품 구매 통계(accumul_stats_sales)
[2020-12-29 01:00:14] - 상품 구매 통계(accumul_stats_sales) - stats_sales is No data
[2020-12-29 01:00:14] - 매출 구매 통계(accumul_sales_mdstats) - sales_mdstats is No data
[2020-12-29 01:00:14] - 환불 구매 통계(accumul_sales_refund) - sales_refund is No data
[2020-12-29 01:00:14] - 카테고리/브랜드 구매 통계(accumul_sales_category) - sales_category is No data
[2020-12-29 01:00:14] - 장바구니 구매 통계(accumul_cart_stats)
[2020-12-29 01:00:14] - 카테고리/브랜드 구매 통계(accumul_sales_category)
[2020-12-29 01:00:14] - 환불 구매 통계(accumul_sales_refund)
[2020-12-29 01:00:14] - 매출 구매 통계(accumul_sales_mdstats)
[2020-12-29 01:00:14] - 상품 구매 통계(accumul_stats_sales)
[2020-12-30 01:00:19] - 카테고리/브랜드 구매 통계(accumul_sales_category) - sales_category is No data
[2020-12-30 01:00:19] - 장바구니 구매 통계(accumul_cart_stats)
[2020-12-30 01:00:19] - 카테고리/브랜드 구매 통계(accumul_sales_category)
[2020-12-30 01:00:19] - 환불 구매 통계(accumul_sales_refund)
[2020-12-30 01:00:19] - 매출 구매 통계(accumul_sales_mdstats)
[2020-12-30 01:00:19] - 상품 구매 통계(accumul_stats_sales)
[2020-12-31 01:00:18] - 환불 구매 통계(accumul_sales_refund) - sales_refund is No data
[2020-12-31 01:00:18] - 장바구니 구매 통계(accumul_cart_stats)
[2020-12-31 01:00:18] - 카테고리/브랜드 구매 통계(accumul_sales_category)
[2020-12-31 01:00:18] - 환불 구매 통계(accumul_sales_refund)
[2020-12-31 01:00:18] - 매출 구매 통계(accumul_sales_mdstats)
[2020-12-31 01:00:18] - 상품 구매 통계(accumul_stats_sales)
