[2021-03-01 01:00:17] - 환불 구매 통계(accumul_sales_refund) - sales_refund is No data
[2021-03-01 01:00:17] - 장바구니 구매 통계(accumul_cart_stats)
[2021-03-01 01:00:17] - 카테고리/브랜드 구매 통계(accumul_sales_category)
[2021-03-01 01:00:17] - 환불 구매 통계(accumul_sales_refund)
[2021-03-01 01:00:17] - 매출 구매 통계(accumul_sales_mdstats)
[2021-03-01 01:00:17] - 상품 구매 통계(accumul_stats_sales)
[2021-03-02 01:00:16] - 환불 구매 통계(accumul_sales_refund) - sales_refund is No data
[2021-03-02 01:00:16] - 장바구니 구매 통계(accumul_cart_stats)
[2021-03-02 01:00:16] - 카테고리/브랜드 구매 통계(accumul_sales_category)
[2021-03-02 01:00:16] - 환불 구매 통계(accumul_sales_refund)
[2021-03-02 01:00:16] - 매출 구매 통계(accumul_sales_mdstats)
[2021-03-02 01:00:16] - 상품 구매 통계(accumul_stats_sales)
[2021-03-03 01:00:16] - 장바구니 구매 통계(accumul_cart_stats)
[2021-03-03 01:00:16] - 카테고리/브랜드 구매 통계(accumul_sales_category)
[2021-03-03 01:00:16] - 환불 구매 통계(accumul_sales_refund)
[2021-03-03 01:00:16] - 매출 구매 통계(accumul_sales_mdstats)
[2021-03-03 01:00:16] - 상품 구매 통계(accumul_stats_sales)
[2021-03-04 01:00:16] - 카테고리/브랜드 구매 통계(accumul_sales_category) - sales_category is No data
[2021-03-04 01:00:16] - 장바구니 구매 통계(accumul_cart_stats)
[2021-03-04 01:00:16] - 카테고리/브랜드 구매 통계(accumul_sales_category)
[2021-03-04 01:00:16] - 환불 구매 통계(accumul_sales_refund)
[2021-03-04 01:00:16] - 매출 구매 통계(accumul_sales_mdstats)
[2021-03-04 01:00:16] - 상품 구매 통계(accumul_stats_sales)
[2021-03-05 01:00:16] - 상품 구매 통계(accumul_stats_sales) - stats_sales is No data
[2021-03-05 01:00:16] - 매출 구매 통계(accumul_sales_mdstats) - sales_mdstats is No data
[2021-03-05 01:00:16] - 환불 구매 통계(accumul_sales_refund) - sales_refund is No data
[2021-03-05 01:00:16] - 카테고리/브랜드 구매 통계(accumul_sales_category) - sales_category is No data
[2021-03-05 01:00:16] - 장바구니 구매 통계(accumul_cart_stats)
[2021-03-05 01:00:16] - 카테고리/브랜드 구매 통계(accumul_sales_category)
[2021-03-05 01:00:16] - 환불 구매 통계(accumul_sales_refund)
[2021-03-05 01:00:16] - 매출 구매 통계(accumul_sales_mdstats)
[2021-03-05 01:00:16] - 상품 구매 통계(accumul_stats_sales)
[2021-03-06 01:00:16] - 상품 구매 통계(accumul_stats_sales) - stats_sales is No data
[2021-03-06 01:00:16] - 매출 구매 통계(accumul_sales_mdstats) - sales_mdstats is No data
[2021-03-06 01:00:16] - 환불 구매 통계(accumul_sales_refund) - sales_refund is No data
[2021-03-06 01:00:16] - 카테고리/브랜드 구매 통계(accumul_sales_category) - sales_category is No data
[2021-03-06 01:00:16] - 장바구니 구매 통계(accumul_cart_stats)
[2021-03-06 01:00:16] - 카테고리/브랜드 구매 통계(accumul_sales_category)
[2021-03-06 01:00:16] - 환불 구매 통계(accumul_sales_refund)
[2021-03-06 01:00:16] - 매출 구매 통계(accumul_sales_mdstats)
[2021-03-06 01:00:16] - 상품 구매 통계(accumul_stats_sales)
[2021-03-07 01:00:17] - 환불 구매 통계(accumul_sales_refund) - sales_refund is No data
[2021-03-07 01:00:17] - 장바구니 구매 통계(accumul_cart_stats)
[2021-03-07 01:00:17] - 카테고리/브랜드 구매 통계(accumul_sales_category)
[2021-03-07 01:00:17] - 환불 구매 통계(accumul_sales_refund)
[2021-03-07 01:00:17] - 매출 구매 통계(accumul_sales_mdstats)
[2021-03-07 01:00:17] - 상품 구매 통계(accumul_stats_sales)
[2021-03-08 01:00:17] - 환불 구매 통계(accumul_sales_refund) - sales_refund is No data
[2021-03-08 01:00:17] - 장바구니 구매 통계(accumul_cart_stats)
[2021-03-08 01:00:17] - 카테고리/브랜드 구매 통계(accumul_sales_category)
[2021-03-08 01:00:17] - 환불 구매 통계(accumul_sales_refund)
[2021-03-08 01:00:17] - 매출 구매 통계(accumul_sales_mdstats)
[2021-03-08 01:00:17] - 상품 구매 통계(accumul_stats_sales)
[2021-03-09 01:00:17] - 상품 구매 통계(accumul_stats_sales) - stats_sales is No data
[2021-03-09 01:00:17] - 매출 구매 통계(accumul_sales_mdstats) - sales_mdstats is No data
[2021-03-09 01:00:17] - 환불 구매 통계(accumul_sales_refund) - sales_refund is No data
[2021-03-09 01:00:17] - 카테고리/브랜드 구매 통계(accumul_sales_category) - sales_category is No data
[2021-03-09 01:00:17] - 장바구니 구매 통계(accumul_cart_stats)
[2021-03-09 01:00:17] - 카테고리/브랜드 구매 통계(accumul_sales_category)
[2021-03-09 01:00:17] - 환불 구매 통계(accumul_sales_refund)
[2021-03-09 01:00:17] - 매출 구매 통계(accumul_sales_mdstats)
[2021-03-09 01:00:17] - 상품 구매 통계(accumul_stats_sales)
[2021-03-10 01:00:16] - 상품 구매 통계(accumul_stats_sales) - stats_sales is No data
[2021-03-10 01:00:16] - 매출 구매 통계(accumul_sales_mdstats) - sales_mdstats is No data
[2021-03-10 01:00:16] - 환불 구매 통계(accumul_sales_refund) - sales_refund is No data
[2021-03-10 01:00:16] - 카테고리/브랜드 구매 통계(accumul_sales_category) - sales_category is No data
[2021-03-10 01:00:16] - 장바구니 구매 통계(accumul_cart_stats)
[2021-03-10 01:00:16] - 카테고리/브랜드 구매 통계(accumul_sales_category)
[2021-03-10 01:00:16] - 환불 구매 통계(accumul_sales_refund)
[2021-03-10 01:00:16] - 매출 구매 통계(accumul_sales_mdstats)
[2021-03-10 01:00:16] - 상품 구매 통계(accumul_stats_sales)
[2021-03-11 01:00:16] - 상품 구매 통계(accumul_stats_sales) - stats_sales is No data
[2021-03-11 01:00:16] - 매출 구매 통계(accumul_sales_mdstats) - sales_mdstats is No data
[2021-03-11 01:00:16] - 환불 구매 통계(accumul_sales_refund) - sales_refund is No data
[2021-03-11 01:00:16] - 카테고리/브랜드 구매 통계(accumul_sales_category) - sales_category is No data
[2021-03-11 01:00:16] - 장바구니 구매 통계(accumul_cart_stats)
[2021-03-11 01:00:16] - 카테고리/브랜드 구매 통계(accumul_sales_category)
[2021-03-11 01:00:16] - 환불 구매 통계(accumul_sales_refund)
[2021-03-11 01:00:16] - 매출 구매 통계(accumul_sales_mdstats)
[2021-03-11 01:00:16] - 상품 구매 통계(accumul_stats_sales)
[2021-03-12 01:00:15] - 상품 구매 통계(accumul_stats_sales) - stats_sales is No data
[2021-03-12 01:00:15] - 매출 구매 통계(accumul_sales_mdstats) - sales_mdstats is No data
[2021-03-12 01:00:15] - 환불 구매 통계(accumul_sales_refund) - sales_refund is No data
[2021-03-12 01:00:15] - 카테고리/브랜드 구매 통계(accumul_sales_category) - sales_category is No data
[2021-03-12 01:00:15] - 장바구니 구매 통계(accumul_cart_stats)
[2021-03-12 01:00:15] - 카테고리/브랜드 구매 통계(accumul_sales_category)
[2021-03-12 01:00:15] - 환불 구매 통계(accumul_sales_refund)
[2021-03-12 01:00:15] - 매출 구매 통계(accumul_sales_mdstats)
[2021-03-12 01:00:15] - 상품 구매 통계(accumul_stats_sales)
[2021-03-13 01:00:17] - 상품 구매 통계(accumul_stats_sales) - stats_sales is No data
[2021-03-13 01:00:17] - 매출 구매 통계(accumul_sales_mdstats) - sales_mdstats is No data
[2021-03-13 01:00:17] - 환불 구매 통계(accumul_sales_refund) - sales_refund is No data
[2021-03-13 01:00:17] - 카테고리/브랜드 구매 통계(accumul_sales_category) - sales_category is No data
[2021-03-13 01:00:17] - 장바구니 구매 통계(accumul_cart_stats)
[2021-03-13 01:00:17] - 카테고리/브랜드 구매 통계(accumul_sales_category)
[2021-03-13 01:00:17] - 환불 구매 통계(accumul_sales_refund)
[2021-03-13 01:00:17] - 매출 구매 통계(accumul_sales_mdstats)
[2021-03-13 01:00:17] - 상품 구매 통계(accumul_stats_sales)
[2021-03-14 01:00:16] - 상품 구매 통계(accumul_stats_sales) - stats_sales is No data
[2021-03-14 01:00:16] - 매출 구매 통계(accumul_sales_mdstats) - sales_mdstats is No data
[2021-03-14 01:00:16] - 환불 구매 통계(accumul_sales_refund) - sales_refund is No data
[2021-03-14 01:00:16] - 카테고리/브랜드 구매 통계(accumul_sales_category) - sales_category is No data
[2021-03-14 01:00:16] - 장바구니 구매 통계(accumul_cart_stats)
[2021-03-14 01:00:16] - 카테고리/브랜드 구매 통계(accumul_sales_category)
[2021-03-14 01:00:16] - 환불 구매 통계(accumul_sales_refund)
[2021-03-14 01:00:16] - 매출 구매 통계(accumul_sales_mdstats)
[2021-03-14 01:00:16] - 상품 구매 통계(accumul_stats_sales)
[2021-03-15 01:00:16] - 상품 구매 통계(accumul_stats_sales) - stats_sales is No data
[2021-03-15 01:00:16] - 매출 구매 통계(accumul_sales_mdstats) - sales_mdstats is No data
[2021-03-15 01:00:16] - 환불 구매 통계(accumul_sales_refund) - sales_refund is No data
[2021-03-15 01:00:16] - 카테고리/브랜드 구매 통계(accumul_sales_category) - sales_category is No data
[2021-03-15 01:00:16] - 장바구니 구매 통계(accumul_cart_stats)
[2021-03-15 01:00:16] - 카테고리/브랜드 구매 통계(accumul_sales_category)
[2021-03-15 01:00:16] - 환불 구매 통계(accumul_sales_refund)
[2021-03-15 01:00:16] - 매출 구매 통계(accumul_sales_mdstats)
[2021-03-15 01:00:16] - 상품 구매 통계(accumul_stats_sales)
[2021-03-16 01:00:17] - 환불 구매 통계(accumul_sales_refund) - sales_refund is No data
[2021-03-16 01:00:17] - 장바구니 구매 통계(accumul_cart_stats)
[2021-03-16 01:00:17] - 카테고리/브랜드 구매 통계(accumul_sales_category)
[2021-03-16 01:00:17] - 환불 구매 통계(accumul_sales_refund)
[2021-03-16 01:00:17] - 매출 구매 통계(accumul_sales_mdstats)
[2021-03-16 01:00:17] - 상품 구매 통계(accumul_stats_sales)
[2021-03-17 01:00:17] - 환불 구매 통계(accumul_sales_refund) - sales_refund is No data
[2021-03-17 01:00:17] - 장바구니 구매 통계(accumul_cart_stats)
[2021-03-17 01:00:17] - 카테고리/브랜드 구매 통계(accumul_sales_category)
[2021-03-17 01:00:17] - 환불 구매 통계(accumul_sales_refund)
[2021-03-17 01:00:17] - 매출 구매 통계(accumul_sales_mdstats)
[2021-03-17 01:00:17] - 상품 구매 통계(accumul_stats_sales)
[2021-03-18 01:00:15] - 상품 구매 통계(accumul_stats_sales) - stats_sales is No data
[2021-03-18 01:00:15] - 매출 구매 통계(accumul_sales_mdstats) - sales_mdstats is No data
[2021-03-18 01:00:16] - 환불 구매 통계(accumul_sales_refund) - sales_refund is No data
[2021-03-18 01:00:16] - 카테고리/브랜드 구매 통계(accumul_sales_category) - sales_category is No data
[2021-03-18 01:00:16] - 장바구니 구매 통계(accumul_cart_stats)
[2021-03-18 01:00:16] - 카테고리/브랜드 구매 통계(accumul_sales_category)
[2021-03-18 01:00:16] - 환불 구매 통계(accumul_sales_refund)
[2021-03-18 01:00:16] - 매출 구매 통계(accumul_sales_mdstats)
[2021-03-18 01:00:16] - 상품 구매 통계(accumul_stats_sales)
[2021-03-19 01:00:17] - 상품 구매 통계(accumul_stats_sales) - stats_sales is No data
[2021-03-19 01:00:17] - 매출 구매 통계(accumul_sales_mdstats) - sales_mdstats is No data
[2021-03-19 01:00:17] - 카테고리/브랜드 구매 통계(accumul_sales_category) - sales_category is No data
[2021-03-19 01:00:17] - 장바구니 구매 통계(accumul_cart_stats)
[2021-03-19 01:00:17] - 카테고리/브랜드 구매 통계(accumul_sales_category)
[2021-03-19 01:00:17] - 환불 구매 통계(accumul_sales_refund)
[2021-03-19 01:00:17] - 매출 구매 통계(accumul_sales_mdstats)
[2021-03-19 01:00:17] - 상품 구매 통계(accumul_stats_sales)
[2021-03-20 01:00:16] - 장바구니 구매 통계(accumul_cart_stats)
[2021-03-20 01:00:16] - 카테고리/브랜드 구매 통계(accumul_sales_category)
[2021-03-20 01:00:16] - 환불 구매 통계(accumul_sales_refund)
[2021-03-20 01:00:16] - 매출 구매 통계(accumul_sales_mdstats)
[2021-03-20 01:00:16] - 상품 구매 통계(accumul_stats_sales)
[2021-03-21 01:00:16] - 상품 구매 통계(accumul_stats_sales) - stats_sales is No data
[2021-03-21 01:00:16] - 매출 구매 통계(accumul_sales_mdstats) - sales_mdstats is No data
[2021-03-21 01:00:16] - 환불 구매 통계(accumul_sales_refund) - sales_refund is No data
[2021-03-21 01:00:16] - 카테고리/브랜드 구매 통계(accumul_sales_category) - sales_category is No data
[2021-03-21 01:00:16] - 장바구니 구매 통계(accumul_cart_stats)
[2021-03-21 01:00:16] - 카테고리/브랜드 구매 통계(accumul_sales_category)
[2021-03-21 01:00:16] - 환불 구매 통계(accumul_sales_refund)
[2021-03-21 01:00:16] - 매출 구매 통계(accumul_sales_mdstats)
[2021-03-21 01:00:16] - 상품 구매 통계(accumul_stats_sales)
[2021-03-22 01:00:17] - 상품 구매 통계(accumul_stats_sales) - stats_sales is No data
[2021-03-22 01:00:17] - 매출 구매 통계(accumul_sales_mdstats) - sales_mdstats is No data
[2021-03-22 01:00:17] - 환불 구매 통계(accumul_sales_refund) - sales_refund is No data
[2021-03-22 01:00:17] - 카테고리/브랜드 구매 통계(accumul_sales_category) - sales_category is No data
[2021-03-22 01:00:17] - 장바구니 구매 통계(accumul_cart_stats)
[2021-03-22 01:00:17] - 카테고리/브랜드 구매 통계(accumul_sales_category)
[2021-03-22 01:00:17] - 환불 구매 통계(accumul_sales_refund)
[2021-03-22 01:00:17] - 매출 구매 통계(accumul_sales_mdstats)
[2021-03-22 01:00:17] - 상품 구매 통계(accumul_stats_sales)
[2021-03-24 01:00:32] - 장바구니 구매 통계(accumul_cart_stats)
[2021-03-24 01:00:32] - 카테고리/브랜드 구매 통계(accumul_sales_category)
[2021-03-24 01:00:32] - 환불 구매 통계(accumul_sales_refund)
[2021-03-24 01:00:32] - 매출 구매 통계(accumul_sales_mdstats)
[2021-03-24 01:00:32] - 상품 구매 통계(accumul_stats_sales)
[2021-03-25 01:00:26] - 장바구니 구매 통계(accumul_cart_stats)
[2021-03-25 01:00:26] - 카테고리/브랜드 구매 통계(accumul_sales_category)
[2021-03-25 01:00:26] - 환불 구매 통계(accumul_sales_refund)
[2021-03-25 01:00:26] - 매출 구매 통계(accumul_sales_mdstats)
[2021-03-25 01:00:26] - 상품 구매 통계(accumul_stats_sales)
[2021-03-26 01:00:27] - 장바구니 구매 통계(accumul_cart_stats)
[2021-03-26 01:00:27] - 카테고리/브랜드 구매 통계(accumul_sales_category)
[2021-03-26 01:00:27] - 환불 구매 통계(accumul_sales_refund)
[2021-03-26 01:00:27] - 매출 구매 통계(accumul_sales_mdstats)
[2021-03-26 01:00:27] - 상품 구매 통계(accumul_stats_sales)
[2021-03-27 01:00:24] - 환불 구매 통계(accumul_sales_refund) - sales_refund is No data
[2021-03-27 01:00:24] - 장바구니 구매 통계(accumul_cart_stats)
[2021-03-27 01:00:24] - 카테고리/브랜드 구매 통계(accumul_sales_category)
[2021-03-27 01:00:24] - 환불 구매 통계(accumul_sales_refund)
[2021-03-27 01:00:24] - 매출 구매 통계(accumul_sales_mdstats)
[2021-03-27 01:00:24] - 상품 구매 통계(accumul_stats_sales)
[2021-03-28 01:00:27] - 장바구니 구매 통계(accumul_cart_stats)
[2021-03-28 01:00:27] - 카테고리/브랜드 구매 통계(accumul_sales_category)
[2021-03-28 01:00:27] - 환불 구매 통계(accumul_sales_refund)
[2021-03-28 01:00:27] - 매출 구매 통계(accumul_sales_mdstats)
[2021-03-28 01:00:27] - 상품 구매 통계(accumul_stats_sales)
[2021-03-29 01:00:27] - 장바구니 구매 통계(accumul_cart_stats)
[2021-03-29 01:00:27] - 카테고리/브랜드 구매 통계(accumul_sales_category)
[2021-03-29 01:00:27] - 환불 구매 통계(accumul_sales_refund)
[2021-03-29 01:00:27] - 매출 구매 통계(accumul_sales_mdstats)
[2021-03-29 01:00:27] - 상품 구매 통계(accumul_stats_sales)
[2021-03-30 01:01:07] - 장바구니 구매 통계(accumul_cart_stats)
[2021-03-30 01:01:07] - 카테고리/브랜드 구매 통계(accumul_sales_category)
[2021-03-30 01:01:07] - 환불 구매 통계(accumul_sales_refund)
[2021-03-30 01:01:07] - 매출 구매 통계(accumul_sales_mdstats)
[2021-03-30 01:01:07] - 상품 구매 통계(accumul_stats_sales)
[2021-03-31 01:00:48] - 장바구니 구매 통계(accumul_cart_stats)
[2021-03-31 01:00:48] - 카테고리/브랜드 구매 통계(accumul_sales_category)
[2021-03-31 01:00:48] - 환불 구매 통계(accumul_sales_refund)
[2021-03-31 01:00:48] - 매출 구매 통계(accumul_sales_mdstats)
[2021-03-31 01:00:48] - 상품 구매 통계(accumul_stats_sales)
