[2021-06-01 01:00:27] - 상품 구매 통계(accumul_stats_sales) - stats_sales is No data
[2021-06-01 01:00:27] - 매출 구매 통계(accumul_sales_mdstats) - sales_mdstats is No data
[2021-06-01 01:00:27] - 환불 구매 통계(accumul_sales_refund) - sales_refund is No data
[2021-06-01 01:00:27] - 카테고리/브랜드 구매 통계(accumul_sales_category) - sales_category is No data
[2021-06-01 01:00:27] - 장바구니 구매 통계(accumul_cart_stats)
[2021-06-01 01:00:27] - 카테고리/브랜드 구매 통계(accumul_sales_category)
[2021-06-01 01:00:27] - 환불 구매 통계(accumul_sales_refund)
[2021-06-01 01:00:27] - 매출 구매 통계(accumul_sales_mdstats)
[2021-06-01 01:00:27] - 상품 구매 통계(accumul_stats_sales)
[2021-06-02 01:00:25] - 환불 구매 통계(accumul_sales_refund) - sales_refund is No data
[2021-06-02 01:00:25] - 장바구니 구매 통계(accumul_cart_stats)
[2021-06-02 01:00:25] - 카테고리/브랜드 구매 통계(accumul_sales_category)
[2021-06-02 01:00:25] - 환불 구매 통계(accumul_sales_refund)
[2021-06-02 01:00:25] - 매출 구매 통계(accumul_sales_mdstats)
[2021-06-02 01:00:25] - 상품 구매 통계(accumul_stats_sales)
[2021-06-03 01:00:25] - 환불 구매 통계(accumul_sales_refund) - sales_refund is No data
[2021-06-03 01:00:25] - 장바구니 구매 통계(accumul_cart_stats)
[2021-06-03 01:00:25] - 카테고리/브랜드 구매 통계(accumul_sales_category)
[2021-06-03 01:00:25] - 환불 구매 통계(accumul_sales_refund)
[2021-06-03 01:00:25] - 매출 구매 통계(accumul_sales_mdstats)
[2021-06-03 01:00:25] - 상품 구매 통계(accumul_stats_sales)
[2021-06-04 01:00:24] - 환불 구매 통계(accumul_sales_refund) - sales_refund is No data
[2021-06-04 01:00:24] - 장바구니 구매 통계(accumul_cart_stats)
[2021-06-04 01:00:24] - 카테고리/브랜드 구매 통계(accumul_sales_category)
[2021-06-04 01:00:24] - 환불 구매 통계(accumul_sales_refund)
[2021-06-04 01:00:24] - 매출 구매 통계(accumul_sales_mdstats)
[2021-06-04 01:00:24] - 상품 구매 통계(accumul_stats_sales)
[2021-06-05 01:00:24] - 환불 구매 통계(accumul_sales_refund) - sales_refund is No data
[2021-06-05 01:00:24] - 장바구니 구매 통계(accumul_cart_stats)
[2021-06-05 01:00:24] - 카테고리/브랜드 구매 통계(accumul_sales_category)
[2021-06-05 01:00:24] - 환불 구매 통계(accumul_sales_refund)
[2021-06-05 01:00:24] - 매출 구매 통계(accumul_sales_mdstats)
[2021-06-05 01:00:24] - 상품 구매 통계(accumul_stats_sales)
[2021-06-06 01:00:28] - 환불 구매 통계(accumul_sales_refund) - sales_refund is No data
[2021-06-06 01:00:28] - 장바구니 구매 통계(accumul_cart_stats)
[2021-06-06 01:00:28] - 카테고리/브랜드 구매 통계(accumul_sales_category)
[2021-06-06 01:00:28] - 환불 구매 통계(accumul_sales_refund)
[2021-06-06 01:00:28] - 매출 구매 통계(accumul_sales_mdstats)
[2021-06-06 01:00:28] - 상품 구매 통계(accumul_stats_sales)
[2021-06-07 01:00:26] - 환불 구매 통계(accumul_sales_refund) - sales_refund is No data
[2021-06-07 01:00:26] - 장바구니 구매 통계(accumul_cart_stats)
[2021-06-07 01:00:26] - 카테고리/브랜드 구매 통계(accumul_sales_category)
[2021-06-07 01:00:26] - 환불 구매 통계(accumul_sales_refund)
[2021-06-07 01:00:26] - 매출 구매 통계(accumul_sales_mdstats)
[2021-06-07 01:00:26] - 상품 구매 통계(accumul_stats_sales)
[2021-06-08 01:00:26] - 환불 구매 통계(accumul_sales_refund) - sales_refund is No data
[2021-06-08 01:00:26] - 장바구니 구매 통계(accumul_cart_stats)
[2021-06-08 01:00:26] - 카테고리/브랜드 구매 통계(accumul_sales_category)
[2021-06-08 01:00:26] - 환불 구매 통계(accumul_sales_refund)
[2021-06-08 01:00:26] - 매출 구매 통계(accumul_sales_mdstats)
[2021-06-08 01:00:26] - 상품 구매 통계(accumul_stats_sales)
[2021-06-09 01:00:25] - 환불 구매 통계(accumul_sales_refund) - sales_refund is No data
[2021-06-09 01:00:25] - 장바구니 구매 통계(accumul_cart_stats)
[2021-06-09 01:00:25] - 카테고리/브랜드 구매 통계(accumul_sales_category)
[2021-06-09 01:00:25] - 환불 구매 통계(accumul_sales_refund)
[2021-06-09 01:00:25] - 매출 구매 통계(accumul_sales_mdstats)
[2021-06-09 01:00:25] - 상품 구매 통계(accumul_stats_sales)
[2021-06-10 01:00:27] - 환불 구매 통계(accumul_sales_refund) - sales_refund is No data
[2021-06-10 01:00:27] - 장바구니 구매 통계(accumul_cart_stats)
[2021-06-10 01:00:27] - 카테고리/브랜드 구매 통계(accumul_sales_category)
[2021-06-10 01:00:27] - 환불 구매 통계(accumul_sales_refund)
[2021-06-10 01:00:27] - 매출 구매 통계(accumul_sales_mdstats)
[2021-06-10 01:00:27] - 상품 구매 통계(accumul_stats_sales)
[2021-06-11 01:00:25] - 장바구니 구매 통계(accumul_cart_stats)
[2021-06-11 01:00:25] - 카테고리/브랜드 구매 통계(accumul_sales_category)
[2021-06-11 01:00:25] - 환불 구매 통계(accumul_sales_refund)
[2021-06-11 01:00:25] - 매출 구매 통계(accumul_sales_mdstats)
[2021-06-11 01:00:25] - 상품 구매 통계(accumul_stats_sales)
[2021-06-12 01:00:27] - 장바구니 구매 통계(accumul_cart_stats)
[2021-06-12 01:00:27] - 카테고리/브랜드 구매 통계(accumul_sales_category)
[2021-06-12 01:00:27] - 환불 구매 통계(accumul_sales_refund)
[2021-06-12 01:00:27] - 매출 구매 통계(accumul_sales_mdstats)
[2021-06-12 01:00:27] - 상품 구매 통계(accumul_stats_sales)
[2021-06-13 01:00:25] - 장바구니 구매 통계(accumul_cart_stats)
[2021-06-13 01:00:25] - 카테고리/브랜드 구매 통계(accumul_sales_category)
[2021-06-13 01:00:25] - 환불 구매 통계(accumul_sales_refund)
[2021-06-13 01:00:25] - 매출 구매 통계(accumul_sales_mdstats)
[2021-06-13 01:00:25] - 상품 구매 통계(accumul_stats_sales)
[2021-06-14 01:00:31] - 카테고리/브랜드 구매 통계(accumul_sales_category) - sales_category is No data
[2021-06-14 01:00:31] - 장바구니 구매 통계(accumul_cart_stats)
[2021-06-14 01:00:31] - 카테고리/브랜드 구매 통계(accumul_sales_category)
[2021-06-14 01:00:31] - 환불 구매 통계(accumul_sales_refund)
[2021-06-14 01:00:31] - 매출 구매 통계(accumul_sales_mdstats)
[2021-06-14 01:00:31] - 상품 구매 통계(accumul_stats_sales)
[2021-06-15 01:00:26] - 환불 구매 통계(accumul_sales_refund) - sales_refund is No data
[2021-06-15 01:00:26] - 장바구니 구매 통계(accumul_cart_stats)
[2021-06-15 01:00:26] - 카테고리/브랜드 구매 통계(accumul_sales_category)
[2021-06-15 01:00:26] - 환불 구매 통계(accumul_sales_refund)
[2021-06-15 01:00:26] - 매출 구매 통계(accumul_sales_mdstats)
[2021-06-15 01:00:26] - 상품 구매 통계(accumul_stats_sales)
[2021-06-16 01:00:30] - 환불 구매 통계(accumul_sales_refund) - sales_refund is No data
[2021-06-16 01:00:30] - 장바구니 구매 통계(accumul_cart_stats)
[2021-06-16 01:00:30] - 카테고리/브랜드 구매 통계(accumul_sales_category)
[2021-06-16 01:00:30] - 환불 구매 통계(accumul_sales_refund)
[2021-06-16 01:00:30] - 매출 구매 통계(accumul_sales_mdstats)
[2021-06-16 01:00:30] - 상품 구매 통계(accumul_stats_sales)
[2021-06-17 01:00:27] - 장바구니 구매 통계(accumul_cart_stats)
[2021-06-17 01:00:27] - 카테고리/브랜드 구매 통계(accumul_sales_category)
[2021-06-17 01:00:27] - 환불 구매 통계(accumul_sales_refund)
[2021-06-17 01:00:27] - 매출 구매 통계(accumul_sales_mdstats)
[2021-06-17 01:00:27] - 상품 구매 통계(accumul_stats_sales)
[2021-06-18 01:00:27] - 환불 구매 통계(accumul_sales_refund) - sales_refund is No data
[2021-06-18 01:00:27] - 장바구니 구매 통계(accumul_cart_stats)
[2021-06-18 01:00:27] - 카테고리/브랜드 구매 통계(accumul_sales_category)
[2021-06-18 01:00:27] - 환불 구매 통계(accumul_sales_refund)
[2021-06-18 01:00:27] - 매출 구매 통계(accumul_sales_mdstats)
[2021-06-18 01:00:27] - 상품 구매 통계(accumul_stats_sales)
[2021-06-19 01:00:26] - 장바구니 구매 통계(accumul_cart_stats)
[2021-06-19 01:00:26] - 카테고리/브랜드 구매 통계(accumul_sales_category)
[2021-06-19 01:00:26] - 환불 구매 통계(accumul_sales_refund)
[2021-06-19 01:00:26] - 매출 구매 통계(accumul_sales_mdstats)
[2021-06-19 01:00:26] - 상품 구매 통계(accumul_stats_sales)
[2021-06-20 01:00:32] - 장바구니 구매 통계(accumul_cart_stats)
[2021-06-20 01:00:32] - 카테고리/브랜드 구매 통계(accumul_sales_category)
[2021-06-20 01:00:32] - 환불 구매 통계(accumul_sales_refund)
[2021-06-20 01:00:32] - 매출 구매 통계(accumul_sales_mdstats)
[2021-06-20 01:00:32] - 상품 구매 통계(accumul_stats_sales)
[2021-06-21 01:00:25] - 환불 구매 통계(accumul_sales_refund) - sales_refund is No data
[2021-06-21 01:00:25] - 장바구니 구매 통계(accumul_cart_stats)
[2021-06-21 01:00:25] - 카테고리/브랜드 구매 통계(accumul_sales_category)
[2021-06-21 01:00:25] - 환불 구매 통계(accumul_sales_refund)
[2021-06-21 01:00:25] - 매출 구매 통계(accumul_sales_mdstats)
[2021-06-21 01:00:25] - 상품 구매 통계(accumul_stats_sales)
[2021-06-22 01:00:26] - 환불 구매 통계(accumul_sales_refund) - sales_refund is No data
[2021-06-22 01:00:26] - 장바구니 구매 통계(accumul_cart_stats)
[2021-06-22 01:00:26] - 카테고리/브랜드 구매 통계(accumul_sales_category)
[2021-06-22 01:00:26] - 환불 구매 통계(accumul_sales_refund)
[2021-06-22 01:00:26] - 매출 구매 통계(accumul_sales_mdstats)
[2021-06-22 01:00:26] - 상품 구매 통계(accumul_stats_sales)
[2021-06-23 01:00:28] - 장바구니 구매 통계(accumul_cart_stats)
[2021-06-23 01:00:28] - 카테고리/브랜드 구매 통계(accumul_sales_category)
[2021-06-23 01:00:28] - 환불 구매 통계(accumul_sales_refund)
[2021-06-23 01:00:28] - 매출 구매 통계(accumul_sales_mdstats)
[2021-06-23 01:00:28] - 상품 구매 통계(accumul_stats_sales)
[2021-06-24 01:00:27] - 환불 구매 통계(accumul_sales_refund) - sales_refund is No data
[2021-06-24 01:00:27] - 장바구니 구매 통계(accumul_cart_stats)
[2021-06-24 01:00:27] - 카테고리/브랜드 구매 통계(accumul_sales_category)
[2021-06-24 01:00:27] - 환불 구매 통계(accumul_sales_refund)
[2021-06-24 01:00:27] - 매출 구매 통계(accumul_sales_mdstats)
[2021-06-24 01:00:27] - 상품 구매 통계(accumul_stats_sales)
[2021-06-25 01:00:26] - 환불 구매 통계(accumul_sales_refund) - sales_refund is No data
[2021-06-25 01:00:26] - 장바구니 구매 통계(accumul_cart_stats)
[2021-06-25 01:00:26] - 카테고리/브랜드 구매 통계(accumul_sales_category)
[2021-06-25 01:00:26] - 환불 구매 통계(accumul_sales_refund)
[2021-06-25 01:00:26] - 매출 구매 통계(accumul_sales_mdstats)
[2021-06-25 01:00:26] - 상품 구매 통계(accumul_stats_sales)
[2021-06-26 01:00:28] - 환불 구매 통계(accumul_sales_refund) - sales_refund is No data
[2021-06-26 01:00:28] - 장바구니 구매 통계(accumul_cart_stats)
[2021-06-26 01:00:28] - 카테고리/브랜드 구매 통계(accumul_sales_category)
[2021-06-26 01:00:28] - 환불 구매 통계(accumul_sales_refund)
[2021-06-26 01:00:28] - 매출 구매 통계(accumul_sales_mdstats)
[2021-06-26 01:00:28] - 상품 구매 통계(accumul_stats_sales)
[2021-06-27 01:00:27] - 환불 구매 통계(accumul_sales_refund) - sales_refund is No data
[2021-06-27 01:00:27] - 장바구니 구매 통계(accumul_cart_stats)
[2021-06-27 01:00:27] - 카테고리/브랜드 구매 통계(accumul_sales_category)
[2021-06-27 01:00:27] - 환불 구매 통계(accumul_sales_refund)
[2021-06-27 01:00:27] - 매출 구매 통계(accumul_sales_mdstats)
[2021-06-27 01:00:27] - 상품 구매 통계(accumul_stats_sales)
[2021-06-28 01:00:29] - 장바구니 구매 통계(accumul_cart_stats)
[2021-06-28 01:00:29] - 카테고리/브랜드 구매 통계(accumul_sales_category)
[2021-06-28 01:00:29] - 환불 구매 통계(accumul_sales_refund)
[2021-06-28 01:00:29] - 매출 구매 통계(accumul_sales_mdstats)
[2021-06-28 01:00:29] - 상품 구매 통계(accumul_stats_sales)
[2021-06-29 01:00:27] - 환불 구매 통계(accumul_sales_refund) - sales_refund is No data
[2021-06-29 01:00:27] - 장바구니 구매 통계(accumul_cart_stats)
[2021-06-29 01:00:27] - 카테고리/브랜드 구매 통계(accumul_sales_category)
[2021-06-29 01:00:27] - 환불 구매 통계(accumul_sales_refund)
[2021-06-29 01:00:27] - 매출 구매 통계(accumul_sales_mdstats)
[2021-06-29 01:00:27] - 상품 구매 통계(accumul_stats_sales)
[2021-06-30 01:00:28] - 환불 구매 통계(accumul_sales_refund) - sales_refund is No data
[2021-06-30 01:00:28] - 장바구니 구매 통계(accumul_cart_stats)
[2021-06-30 01:00:28] - 카테고리/브랜드 구매 통계(accumul_sales_category)
[2021-06-30 01:00:28] - 환불 구매 통계(accumul_sales_refund)
[2021-06-30 01:00:28] - 매출 구매 통계(accumul_sales_mdstats)
[2021-06-30 01:00:28] - 상품 구매 통계(accumul_stats_sales)
