[2021-02-01 01:00:18] - 상품 구매 통계(accumul_stats_sales) - stats_sales is No data
[2021-02-01 01:00:18] - 매출 구매 통계(accumul_sales_mdstats) - sales_mdstats is No data
[2021-02-01 01:00:18] - 환불 구매 통계(accumul_sales_refund) - sales_refund is No data
[2021-02-01 01:00:18] - 카테고리/브랜드 구매 통계(accumul_sales_category) - sales_category is No data
[2021-02-01 01:00:18] - 장바구니 구매 통계(accumul_cart_stats)
[2021-02-01 01:00:18] - 카테고리/브랜드 구매 통계(accumul_sales_category)
[2021-02-01 01:00:18] - 환불 구매 통계(accumul_sales_refund)
[2021-02-01 01:00:18] - 매출 구매 통계(accumul_sales_mdstats)
[2021-02-01 01:00:18] - 상품 구매 통계(accumul_stats_sales)
[2021-02-02 01:00:18] - 상품 구매 통계(accumul_stats_sales) - stats_sales is No data
[2021-02-02 01:00:18] - 매출 구매 통계(accumul_sales_mdstats) - sales_mdstats is No data
[2021-02-02 01:00:18] - 환불 구매 통계(accumul_sales_refund) - sales_refund is No data
[2021-02-02 01:00:18] - 카테고리/브랜드 구매 통계(accumul_sales_category) - sales_category is No data
[2021-02-02 01:00:18] - 장바구니 구매 통계(accumul_cart_stats)
[2021-02-02 01:00:18] - 카테고리/브랜드 구매 통계(accumul_sales_category)
[2021-02-02 01:00:18] - 환불 구매 통계(accumul_sales_refund)
[2021-02-02 01:00:18] - 매출 구매 통계(accumul_sales_mdstats)
[2021-02-02 01:00:18] - 상품 구매 통계(accumul_stats_sales)
[2021-02-03 01:00:18] - 상품 구매 통계(accumul_stats_sales) - stats_sales is No data
[2021-02-03 01:00:18] - 매출 구매 통계(accumul_sales_mdstats) - sales_mdstats is No data
[2021-02-03 01:00:19] - 카테고리/브랜드 구매 통계(accumul_sales_category) - sales_category is No data
[2021-02-03 01:00:19] - 장바구니 구매 통계(accumul_cart_stats)
[2021-02-03 01:00:19] - 카테고리/브랜드 구매 통계(accumul_sales_category)
[2021-02-03 01:00:19] - 환불 구매 통계(accumul_sales_refund)
[2021-02-03 01:00:19] - 매출 구매 통계(accumul_sales_mdstats)
[2021-02-03 01:00:19] - 상품 구매 통계(accumul_stats_sales)
[2021-02-04 01:00:16] - 상품 구매 통계(accumul_stats_sales) - stats_sales is No data
[2021-02-04 01:00:16] - 매출 구매 통계(accumul_sales_mdstats) - sales_mdstats is No data
[2021-02-04 01:00:16] - 환불 구매 통계(accumul_sales_refund) - sales_refund is No data
[2021-02-04 01:00:16] - 카테고리/브랜드 구매 통계(accumul_sales_category) - sales_category is No data
[2021-02-04 01:00:16] - 장바구니 구매 통계(accumul_cart_stats)
[2021-02-04 01:00:16] - 카테고리/브랜드 구매 통계(accumul_sales_category)
[2021-02-04 01:00:16] - 환불 구매 통계(accumul_sales_refund)
[2021-02-04 01:00:16] - 매출 구매 통계(accumul_sales_mdstats)
[2021-02-04 01:00:16] - 상품 구매 통계(accumul_stats_sales)
[2021-02-05 01:00:16] - 상품 구매 통계(accumul_stats_sales) - stats_sales is No data
[2021-02-05 01:00:16] - 매출 구매 통계(accumul_sales_mdstats) - sales_mdstats is No data
[2021-02-05 01:00:16] - 환불 구매 통계(accumul_sales_refund) - sales_refund is No data
[2021-02-05 01:00:16] - 카테고리/브랜드 구매 통계(accumul_sales_category) - sales_category is No data
[2021-02-05 01:00:16] - 장바구니 구매 통계(accumul_cart_stats)
[2021-02-05 01:00:16] - 카테고리/브랜드 구매 통계(accumul_sales_category)
[2021-02-05 01:00:16] - 환불 구매 통계(accumul_sales_refund)
[2021-02-05 01:00:16] - 매출 구매 통계(accumul_sales_mdstats)
[2021-02-05 01:00:16] - 상품 구매 통계(accumul_stats_sales)
[2021-02-06 01:00:15] - 환불 구매 통계(accumul_sales_refund) - sales_refund is No data
[2021-02-06 01:00:15] - 장바구니 구매 통계(accumul_cart_stats)
[2021-02-06 01:00:15] - 카테고리/브랜드 구매 통계(accumul_sales_category)
[2021-02-06 01:00:15] - 환불 구매 통계(accumul_sales_refund)
[2021-02-06 01:00:15] - 매출 구매 통계(accumul_sales_mdstats)
[2021-02-06 01:00:15] - 상품 구매 통계(accumul_stats_sales)
[2021-02-07 01:00:16] - 환불 구매 통계(accumul_sales_refund) - sales_refund is No data
[2021-02-07 01:00:16] - 장바구니 구매 통계(accumul_cart_stats)
[2021-02-07 01:00:16] - 카테고리/브랜드 구매 통계(accumul_sales_category)
[2021-02-07 01:00:16] - 환불 구매 통계(accumul_sales_refund)
[2021-02-07 01:00:16] - 매출 구매 통계(accumul_sales_mdstats)
[2021-02-07 01:00:16] - 상품 구매 통계(accumul_stats_sales)
[2021-02-08 01:00:16] - 상품 구매 통계(accumul_stats_sales) - stats_sales is No data
[2021-02-08 01:00:16] - 매출 구매 통계(accumul_sales_mdstats) - sales_mdstats is No data
[2021-02-08 01:00:16] - 환불 구매 통계(accumul_sales_refund) - sales_refund is No data
[2021-02-08 01:00:16] - 카테고리/브랜드 구매 통계(accumul_sales_category) - sales_category is No data
[2021-02-08 01:00:16] - 장바구니 구매 통계(accumul_cart_stats)
[2021-02-08 01:00:16] - 카테고리/브랜드 구매 통계(accumul_sales_category)
[2021-02-08 01:00:16] - 환불 구매 통계(accumul_sales_refund)
[2021-02-08 01:00:16] - 매출 구매 통계(accumul_sales_mdstats)
[2021-02-08 01:00:16] - 상품 구매 통계(accumul_stats_sales)
[2021-02-09 01:00:14] - 상품 구매 통계(accumul_stats_sales) - stats_sales is No data
[2021-02-09 01:00:14] - 매출 구매 통계(accumul_sales_mdstats) - sales_mdstats is No data
[2021-02-09 01:00:14] - 카테고리/브랜드 구매 통계(accumul_sales_category) - sales_category is No data
[2021-02-09 01:00:14] - 장바구니 구매 통계(accumul_cart_stats)
[2021-02-09 01:00:14] - 카테고리/브랜드 구매 통계(accumul_sales_category)
[2021-02-09 01:00:14] - 환불 구매 통계(accumul_sales_refund)
[2021-02-09 01:00:14] - 매출 구매 통계(accumul_sales_mdstats)
[2021-02-09 01:00:14] - 상품 구매 통계(accumul_stats_sales)
[2021-02-10 01:00:17] - 상품 구매 통계(accumul_stats_sales) - stats_sales is No data
[2021-02-10 01:00:17] - 매출 구매 통계(accumul_sales_mdstats) - sales_mdstats is No data
[2021-02-10 01:00:17] - 환불 구매 통계(accumul_sales_refund) - sales_refund is No data
[2021-02-10 01:00:17] - 카테고리/브랜드 구매 통계(accumul_sales_category) - sales_category is No data
[2021-02-10 01:00:17] - 장바구니 구매 통계(accumul_cart_stats)
[2021-02-10 01:00:17] - 카테고리/브랜드 구매 통계(accumul_sales_category)
[2021-02-10 01:00:17] - 환불 구매 통계(accumul_sales_refund)
[2021-02-10 01:00:17] - 매출 구매 통계(accumul_sales_mdstats)
[2021-02-10 01:00:17] - 상품 구매 통계(accumul_stats_sales)
[2021-02-11 01:00:17] - 상품 구매 통계(accumul_stats_sales) - stats_sales is No data
[2021-02-11 01:00:17] - 매출 구매 통계(accumul_sales_mdstats) - sales_mdstats is No data
[2021-02-11 01:00:17] - 환불 구매 통계(accumul_sales_refund) - sales_refund is No data
[2021-02-11 01:00:17] - 카테고리/브랜드 구매 통계(accumul_sales_category) - sales_category is No data
[2021-02-11 01:00:17] - 장바구니 구매 통계(accumul_cart_stats)
[2021-02-11 01:00:17] - 카테고리/브랜드 구매 통계(accumul_sales_category)
[2021-02-11 01:00:17] - 환불 구매 통계(accumul_sales_refund)
[2021-02-11 01:00:17] - 매출 구매 통계(accumul_sales_mdstats)
[2021-02-11 01:00:17] - 상품 구매 통계(accumul_stats_sales)
[2021-02-12 01:00:16] - 환불 구매 통계(accumul_sales_refund) - sales_refund is No data
[2021-02-12 01:00:16] - 장바구니 구매 통계(accumul_cart_stats)
[2021-02-12 01:00:16] - 카테고리/브랜드 구매 통계(accumul_sales_category)
[2021-02-12 01:00:16] - 환불 구매 통계(accumul_sales_refund)
[2021-02-12 01:00:16] - 매출 구매 통계(accumul_sales_mdstats)
[2021-02-12 01:00:16] - 상품 구매 통계(accumul_stats_sales)
[2021-02-13 01:00:15] - 상품 구매 통계(accumul_stats_sales) - stats_sales is No data
[2021-02-13 01:00:15] - 매출 구매 통계(accumul_sales_mdstats) - sales_mdstats is No data
[2021-02-13 01:00:15] - 환불 구매 통계(accumul_sales_refund) - sales_refund is No data
[2021-02-13 01:00:15] - 카테고리/브랜드 구매 통계(accumul_sales_category) - sales_category is No data
[2021-02-13 01:00:15] - 장바구니 구매 통계(accumul_cart_stats)
[2021-02-13 01:00:15] - 카테고리/브랜드 구매 통계(accumul_sales_category)
[2021-02-13 01:00:15] - 환불 구매 통계(accumul_sales_refund)
[2021-02-13 01:00:15] - 매출 구매 통계(accumul_sales_mdstats)
[2021-02-13 01:00:15] - 상품 구매 통계(accumul_stats_sales)
[2021-02-14 01:00:16] - 상품 구매 통계(accumul_stats_sales) - stats_sales is No data
[2021-02-14 01:00:16] - 매출 구매 통계(accumul_sales_mdstats) - sales_mdstats is No data
[2021-02-14 01:00:16] - 환불 구매 통계(accumul_sales_refund) - sales_refund is No data
[2021-02-14 01:00:16] - 카테고리/브랜드 구매 통계(accumul_sales_category) - sales_category is No data
[2021-02-14 01:00:16] - 장바구니 구매 통계(accumul_cart_stats)
[2021-02-14 01:00:16] - 카테고리/브랜드 구매 통계(accumul_sales_category)
[2021-02-14 01:00:16] - 환불 구매 통계(accumul_sales_refund)
[2021-02-14 01:00:16] - 매출 구매 통계(accumul_sales_mdstats)
[2021-02-14 01:00:16] - 상품 구매 통계(accumul_stats_sales)
[2021-02-15 01:00:17] - 상품 구매 통계(accumul_stats_sales) - stats_sales is No data
[2021-02-15 01:00:17] - 매출 구매 통계(accumul_sales_mdstats) - sales_mdstats is No data
[2021-02-15 01:00:17] - 환불 구매 통계(accumul_sales_refund) - sales_refund is No data
[2021-02-15 01:00:17] - 카테고리/브랜드 구매 통계(accumul_sales_category) - sales_category is No data
[2021-02-15 01:00:17] - 장바구니 구매 통계(accumul_cart_stats)
[2021-02-15 01:00:17] - 카테고리/브랜드 구매 통계(accumul_sales_category)
[2021-02-15 01:00:17] - 환불 구매 통계(accumul_sales_refund)
[2021-02-15 01:00:17] - 매출 구매 통계(accumul_sales_mdstats)
[2021-02-15 01:00:17] - 상품 구매 통계(accumul_stats_sales)
[2021-02-16 01:00:16] - 상품 구매 통계(accumul_stats_sales) - stats_sales is No data
[2021-02-16 01:00:16] - 매출 구매 통계(accumul_sales_mdstats) - sales_mdstats is No data
[2021-02-16 01:00:16] - 카테고리/브랜드 구매 통계(accumul_sales_category) - sales_category is No data
[2021-02-16 01:00:16] - 장바구니 구매 통계(accumul_cart_stats)
[2021-02-16 01:00:16] - 카테고리/브랜드 구매 통계(accumul_sales_category)
[2021-02-16 01:00:16] - 환불 구매 통계(accumul_sales_refund)
[2021-02-16 01:00:16] - 매출 구매 통계(accumul_sales_mdstats)
[2021-02-16 01:00:16] - 상품 구매 통계(accumul_stats_sales)
[2021-02-17 01:00:15] - 환불 구매 통계(accumul_sales_refund) - sales_refund is No data
[2021-02-17 01:00:15] - 장바구니 구매 통계(accumul_cart_stats)
[2021-02-17 01:00:15] - 카테고리/브랜드 구매 통계(accumul_sales_category)
[2021-02-17 01:00:15] - 환불 구매 통계(accumul_sales_refund)
[2021-02-17 01:00:15] - 매출 구매 통계(accumul_sales_mdstats)
[2021-02-17 01:00:15] - 상품 구매 통계(accumul_stats_sales)
[2021-02-18 01:00:16] - 상품 구매 통계(accumul_stats_sales) - stats_sales is No data
[2021-02-18 01:00:16] - 매출 구매 통계(accumul_sales_mdstats) - sales_mdstats is No data
[2021-02-18 01:00:16] - 환불 구매 통계(accumul_sales_refund) - sales_refund is No data
[2021-02-18 01:00:16] - 카테고리/브랜드 구매 통계(accumul_sales_category) - sales_category is No data
[2021-02-18 01:00:16] - 장바구니 구매 통계(accumul_cart_stats)
[2021-02-18 01:00:16] - 카테고리/브랜드 구매 통계(accumul_sales_category)
[2021-02-18 01:00:16] - 환불 구매 통계(accumul_sales_refund)
[2021-02-18 01:00:16] - 매출 구매 통계(accumul_sales_mdstats)
[2021-02-18 01:00:16] - 상품 구매 통계(accumul_stats_sales)
[2021-02-19 01:00:17] - 상품 구매 통계(accumul_stats_sales) - stats_sales is No data
[2021-02-19 01:00:17] - 매출 구매 통계(accumul_sales_mdstats) - sales_mdstats is No data
[2021-02-19 01:00:17] - 환불 구매 통계(accumul_sales_refund) - sales_refund is No data
[2021-02-19 01:00:17] - 카테고리/브랜드 구매 통계(accumul_sales_category) - sales_category is No data
[2021-02-19 01:00:17] - 장바구니 구매 통계(accumul_cart_stats)
[2021-02-19 01:00:17] - 카테고리/브랜드 구매 통계(accumul_sales_category)
[2021-02-19 01:00:17] - 환불 구매 통계(accumul_sales_refund)
[2021-02-19 01:00:17] - 매출 구매 통계(accumul_sales_mdstats)
[2021-02-19 01:00:17] - 상품 구매 통계(accumul_stats_sales)
[2021-02-20 01:00:17] - 상품 구매 통계(accumul_stats_sales) - stats_sales is No data
[2021-02-20 01:00:17] - 매출 구매 통계(accumul_sales_mdstats) - sales_mdstats is No data
[2021-02-20 01:00:17] - 환불 구매 통계(accumul_sales_refund) - sales_refund is No data
[2021-02-20 01:00:17] - 카테고리/브랜드 구매 통계(accumul_sales_category) - sales_category is No data
[2021-02-20 01:00:17] - 장바구니 구매 통계(accumul_cart_stats)
[2021-02-20 01:00:17] - 카테고리/브랜드 구매 통계(accumul_sales_category)
[2021-02-20 01:00:17] - 환불 구매 통계(accumul_sales_refund)
[2021-02-20 01:00:17] - 매출 구매 통계(accumul_sales_mdstats)
[2021-02-20 01:00:17] - 상품 구매 통계(accumul_stats_sales)
[2021-02-21 01:00:17] - 상품 구매 통계(accumul_stats_sales) - stats_sales is No data
[2021-02-21 01:00:17] - 매출 구매 통계(accumul_sales_mdstats) - sales_mdstats is No data
[2021-02-21 01:00:17] - 환불 구매 통계(accumul_sales_refund) - sales_refund is No data
[2021-02-21 01:00:17] - 카테고리/브랜드 구매 통계(accumul_sales_category) - sales_category is No data
[2021-02-21 01:00:17] - 장바구니 구매 통계(accumul_cart_stats)
[2021-02-21 01:00:17] - 카테고리/브랜드 구매 통계(accumul_sales_category)
[2021-02-21 01:00:17] - 환불 구매 통계(accumul_sales_refund)
[2021-02-21 01:00:17] - 매출 구매 통계(accumul_sales_mdstats)
[2021-02-21 01:00:17] - 상품 구매 통계(accumul_stats_sales)
[2021-02-22 01:00:16] - 상품 구매 통계(accumul_stats_sales) - stats_sales is No data
[2021-02-22 01:00:16] - 매출 구매 통계(accumul_sales_mdstats) - sales_mdstats is No data
[2021-02-22 01:00:16] - 환불 구매 통계(accumul_sales_refund) - sales_refund is No data
[2021-02-22 01:00:16] - 카테고리/브랜드 구매 통계(accumul_sales_category) - sales_category is No data
[2021-02-22 01:00:16] - 장바구니 구매 통계(accumul_cart_stats)
[2021-02-22 01:00:16] - 카테고리/브랜드 구매 통계(accumul_sales_category)
[2021-02-22 01:00:16] - 환불 구매 통계(accumul_sales_refund)
[2021-02-22 01:00:16] - 매출 구매 통계(accumul_sales_mdstats)
[2021-02-22 01:00:16] - 상품 구매 통계(accumul_stats_sales)
[2021-02-23 01:00:16] - 상품 구매 통계(accumul_stats_sales) - stats_sales is No data
[2021-02-23 01:00:16] - 매출 구매 통계(accumul_sales_mdstats) - sales_mdstats is No data
[2021-02-23 01:00:16] - 환불 구매 통계(accumul_sales_refund) - sales_refund is No data
[2021-02-23 01:00:16] - 카테고리/브랜드 구매 통계(accumul_sales_category) - sales_category is No data
[2021-02-23 01:00:16] - 장바구니 구매 통계(accumul_cart_stats)
[2021-02-23 01:00:16] - 카테고리/브랜드 구매 통계(accumul_sales_category)
[2021-02-23 01:00:16] - 환불 구매 통계(accumul_sales_refund)
[2021-02-23 01:00:16] - 매출 구매 통계(accumul_sales_mdstats)
[2021-02-23 01:00:16] - 상품 구매 통계(accumul_stats_sales)
[2021-02-24 01:00:17] - 상품 구매 통계(accumul_stats_sales) - stats_sales is No data
[2021-02-24 01:00:17] - 매출 구매 통계(accumul_sales_mdstats) - sales_mdstats is No data
[2021-02-24 01:00:17] - 환불 구매 통계(accumul_sales_refund) - sales_refund is No data
[2021-02-24 01:00:17] - 카테고리/브랜드 구매 통계(accumul_sales_category) - sales_category is No data
[2021-02-24 01:00:17] - 장바구니 구매 통계(accumul_cart_stats)
[2021-02-24 01:00:17] - 카테고리/브랜드 구매 통계(accumul_sales_category)
[2021-02-24 01:00:17] - 환불 구매 통계(accumul_sales_refund)
[2021-02-24 01:00:17] - 매출 구매 통계(accumul_sales_mdstats)
[2021-02-24 01:00:17] - 상품 구매 통계(accumul_stats_sales)
[2021-02-25 01:00:17] - 상품 구매 통계(accumul_stats_sales) - stats_sales is No data
[2021-02-25 01:00:17] - 매출 구매 통계(accumul_sales_mdstats) - sales_mdstats is No data
[2021-02-25 01:00:17] - 환불 구매 통계(accumul_sales_refund) - sales_refund is No data
[2021-02-25 01:00:17] - 카테고리/브랜드 구매 통계(accumul_sales_category) - sales_category is No data
[2021-02-25 01:00:17] - 장바구니 구매 통계(accumul_cart_stats)
[2021-02-25 01:00:17] - 카테고리/브랜드 구매 통계(accumul_sales_category)
[2021-02-25 01:00:17] - 환불 구매 통계(accumul_sales_refund)
[2021-02-25 01:00:17] - 매출 구매 통계(accumul_sales_mdstats)
[2021-02-25 01:00:17] - 상품 구매 통계(accumul_stats_sales)
[2021-02-26 01:00:17] - 상품 구매 통계(accumul_stats_sales) - stats_sales is No data
[2021-02-26 01:00:17] - 매출 구매 통계(accumul_sales_mdstats) - sales_mdstats is No data
[2021-02-26 01:00:17] - 환불 구매 통계(accumul_sales_refund) - sales_refund is No data
[2021-02-26 01:00:17] - 카테고리/브랜드 구매 통계(accumul_sales_category) - sales_category is No data
[2021-02-26 01:00:17] - 장바구니 구매 통계(accumul_cart_stats)
[2021-02-26 01:00:17] - 카테고리/브랜드 구매 통계(accumul_sales_category)
[2021-02-26 01:00:17] - 환불 구매 통계(accumul_sales_refund)
[2021-02-26 01:00:17] - 매출 구매 통계(accumul_sales_mdstats)
[2021-02-26 01:00:17] - 상품 구매 통계(accumul_stats_sales)
[2021-02-27 01:00:18] - 상품 구매 통계(accumul_stats_sales) - stats_sales is No data
[2021-02-27 01:00:18] - 매출 구매 통계(accumul_sales_mdstats) - sales_mdstats is No data
[2021-02-27 01:00:18] - 환불 구매 통계(accumul_sales_refund) - sales_refund is No data
[2021-02-27 01:00:18] - 카테고리/브랜드 구매 통계(accumul_sales_category) - sales_category is No data
[2021-02-27 01:00:18] - 장바구니 구매 통계(accumul_cart_stats)
[2021-02-27 01:00:18] - 카테고리/브랜드 구매 통계(accumul_sales_category)
[2021-02-27 01:00:18] - 환불 구매 통계(accumul_sales_refund)
[2021-02-27 01:00:18] - 매출 구매 통계(accumul_sales_mdstats)
[2021-02-27 01:00:18] - 상품 구매 통계(accumul_stats_sales)
[2021-02-28 01:00:17] - 상품 구매 통계(accumul_stats_sales) - stats_sales is No data
[2021-02-28 01:00:17] - 매출 구매 통계(accumul_sales_mdstats) - sales_mdstats is No data
[2021-02-28 01:00:17] - 환불 구매 통계(accumul_sales_refund) - sales_refund is No data
[2021-02-28 01:00:17] - 카테고리/브랜드 구매 통계(accumul_sales_category) - sales_category is No data
[2021-02-28 01:00:17] - 장바구니 구매 통계(accumul_cart_stats)
[2021-02-28 01:00:17] - 카테고리/브랜드 구매 통계(accumul_sales_category)
[2021-02-28 01:00:17] - 환불 구매 통계(accumul_sales_refund)
[2021-02-28 01:00:17] - 매출 구매 통계(accumul_sales_mdstats)
[2021-02-28 01:00:17] - 상품 구매 통계(accumul_stats_sales)
