[2021-08-01 01:00:28] - 환불 구매 통계(accumul_sales_refund) - sales_refund is No data
[2021-08-01 01:00:28] - 장바구니 구매 통계(accumul_cart_stats)
[2021-08-01 01:00:28] - 카테고리/브랜드 구매 통계(accumul_sales_category)
[2021-08-01 01:00:28] - 환불 구매 통계(accumul_sales_refund)
[2021-08-01 01:00:28] - 매출 구매 통계(accumul_sales_mdstats)
[2021-08-01 01:00:28] - 상품 구매 통계(accumul_stats_sales)
[2021-08-02 01:00:26] - 환불 구매 통계(accumul_sales_refund) - sales_refund is No data
[2021-08-02 01:00:26] - 장바구니 구매 통계(accumul_cart_stats)
[2021-08-02 01:00:26] - 카테고리/브랜드 구매 통계(accumul_sales_category)
[2021-08-02 01:00:26] - 환불 구매 통계(accumul_sales_refund)
[2021-08-02 01:00:26] - 매출 구매 통계(accumul_sales_mdstats)
[2021-08-02 01:00:26] - 상품 구매 통계(accumul_stats_sales)
[2021-08-03 01:00:28] - 장바구니 구매 통계(accumul_cart_stats)
[2021-08-03 01:00:28] - 카테고리/브랜드 구매 통계(accumul_sales_category)
[2021-08-03 01:00:28] - 환불 구매 통계(accumul_sales_refund)
[2021-08-03 01:00:28] - 매출 구매 통계(accumul_sales_mdstats)
[2021-08-03 01:00:28] - 상품 구매 통계(accumul_stats_sales)
[2021-08-04 01:00:27] - 장바구니 구매 통계(accumul_cart_stats)
[2021-08-04 01:00:27] - 카테고리/브랜드 구매 통계(accumul_sales_category)
[2021-08-04 01:00:27] - 환불 구매 통계(accumul_sales_refund)
[2021-08-04 01:00:27] - 매출 구매 통계(accumul_sales_mdstats)
[2021-08-04 01:00:27] - 상품 구매 통계(accumul_stats_sales)
[2021-08-05 01:00:28] - 장바구니 구매 통계(accumul_cart_stats)
[2021-08-05 01:00:28] - 카테고리/브랜드 구매 통계(accumul_sales_category)
[2021-08-05 01:00:28] - 환불 구매 통계(accumul_sales_refund)
[2021-08-05 01:00:28] - 매출 구매 통계(accumul_sales_mdstats)
[2021-08-05 01:00:28] - 상품 구매 통계(accumul_stats_sales)
[2021-08-06 01:00:28] - 장바구니 구매 통계(accumul_cart_stats)
[2021-08-06 01:00:28] - 카테고리/브랜드 구매 통계(accumul_sales_category)
[2021-08-06 01:00:28] - 환불 구매 통계(accumul_sales_refund)
[2021-08-06 01:00:28] - 매출 구매 통계(accumul_sales_mdstats)
[2021-08-06 01:00:28] - 상품 구매 통계(accumul_stats_sales)
[2021-08-07 01:00:52] - 장바구니 구매 통계(accumul_cart_stats)
[2021-08-07 01:00:52] - 카테고리/브랜드 구매 통계(accumul_sales_category)
[2021-08-07 01:00:52] - 환불 구매 통계(accumul_sales_refund)
[2021-08-07 01:00:52] - 매출 구매 통계(accumul_sales_mdstats)
[2021-08-07 01:00:52] - 상품 구매 통계(accumul_stats_sales)
[2021-08-08 01:00:28] - 환불 구매 통계(accumul_sales_refund) - sales_refund is No data
[2021-08-08 01:00:28] - 장바구니 구매 통계(accumul_cart_stats)
[2021-08-08 01:00:28] - 카테고리/브랜드 구매 통계(accumul_sales_category)
[2021-08-08 01:00:28] - 환불 구매 통계(accumul_sales_refund)
[2021-08-08 01:00:28] - 매출 구매 통계(accumul_sales_mdstats)
[2021-08-08 01:00:28] - 상품 구매 통계(accumul_stats_sales)
[2021-08-09 01:00:27] - 환불 구매 통계(accumul_sales_refund) - sales_refund is No data
[2021-08-09 01:00:27] - 장바구니 구매 통계(accumul_cart_stats)
[2021-08-09 01:00:27] - 카테고리/브랜드 구매 통계(accumul_sales_category)
[2021-08-09 01:00:27] - 환불 구매 통계(accumul_sales_refund)
[2021-08-09 01:00:27] - 매출 구매 통계(accumul_sales_mdstats)
[2021-08-09 01:00:27] - 상품 구매 통계(accumul_stats_sales)
[2021-08-10 01:00:28] - 장바구니 구매 통계(accumul_cart_stats)
[2021-08-10 01:00:28] - 카테고리/브랜드 구매 통계(accumul_sales_category)
[2021-08-10 01:00:28] - 환불 구매 통계(accumul_sales_refund)
[2021-08-10 01:00:28] - 매출 구매 통계(accumul_sales_mdstats)
[2021-08-10 01:00:28] - 상품 구매 통계(accumul_stats_sales)
[2021-08-11 01:00:29] - 장바구니 구매 통계(accumul_cart_stats)
[2021-08-11 01:00:29] - 카테고리/브랜드 구매 통계(accumul_sales_category)
[2021-08-11 01:00:29] - 환불 구매 통계(accumul_sales_refund)
[2021-08-11 01:00:29] - 매출 구매 통계(accumul_sales_mdstats)
[2021-08-11 01:00:29] - 상품 구매 통계(accumul_stats_sales)
[2021-08-12 01:00:28] - 장바구니 구매 통계(accumul_cart_stats)
[2021-08-12 01:00:28] - 카테고리/브랜드 구매 통계(accumul_sales_category)
[2021-08-12 01:00:28] - 환불 구매 통계(accumul_sales_refund)
[2021-08-12 01:00:28] - 매출 구매 통계(accumul_sales_mdstats)
[2021-08-12 01:00:28] - 상품 구매 통계(accumul_stats_sales)
[2021-08-13 01:00:28] - 환불 구매 통계(accumul_sales_refund) - sales_refund is No data
[2021-08-13 01:00:28] - 장바구니 구매 통계(accumul_cart_stats)
[2021-08-13 01:00:28] - 카테고리/브랜드 구매 통계(accumul_sales_category)
[2021-08-13 01:00:28] - 환불 구매 통계(accumul_sales_refund)
[2021-08-13 01:00:28] - 매출 구매 통계(accumul_sales_mdstats)
[2021-08-13 01:00:28] - 상품 구매 통계(accumul_stats_sales)
[2021-08-14 01:00:29] - 장바구니 구매 통계(accumul_cart_stats)
[2021-08-14 01:00:29] - 카테고리/브랜드 구매 통계(accumul_sales_category)
[2021-08-14 01:00:29] - 환불 구매 통계(accumul_sales_refund)
[2021-08-14 01:00:29] - 매출 구매 통계(accumul_sales_mdstats)
[2021-08-14 01:00:29] - 상품 구매 통계(accumul_stats_sales)
[2021-08-15 01:00:28] - 환불 구매 통계(accumul_sales_refund) - sales_refund is No data
[2021-08-15 01:00:28] - 장바구니 구매 통계(accumul_cart_stats)
[2021-08-15 01:00:28] - 카테고리/브랜드 구매 통계(accumul_sales_category)
[2021-08-15 01:00:28] - 환불 구매 통계(accumul_sales_refund)
[2021-08-15 01:00:28] - 매출 구매 통계(accumul_sales_mdstats)
[2021-08-15 01:00:28] - 상품 구매 통계(accumul_stats_sales)
[2021-08-16 01:00:28] - 환불 구매 통계(accumul_sales_refund) - sales_refund is No data
[2021-08-16 01:00:28] - 장바구니 구매 통계(accumul_cart_stats)
[2021-08-16 01:00:28] - 카테고리/브랜드 구매 통계(accumul_sales_category)
[2021-08-16 01:00:28] - 환불 구매 통계(accumul_sales_refund)
[2021-08-16 01:00:28] - 매출 구매 통계(accumul_sales_mdstats)
[2021-08-16 01:00:28] - 상품 구매 통계(accumul_stats_sales)
[2021-08-17 01:00:28] - 환불 구매 통계(accumul_sales_refund) - sales_refund is No data
[2021-08-17 01:00:28] - 장바구니 구매 통계(accumul_cart_stats)
[2021-08-17 01:00:28] - 카테고리/브랜드 구매 통계(accumul_sales_category)
[2021-08-17 01:00:28] - 환불 구매 통계(accumul_sales_refund)
[2021-08-17 01:00:28] - 매출 구매 통계(accumul_sales_mdstats)
[2021-08-17 01:00:28] - 상품 구매 통계(accumul_stats_sales)
[2021-08-18 01:00:29] - 카테고리/브랜드 구매 통계(accumul_sales_category) - sales_category is No data
[2021-08-18 01:00:29] - 장바구니 구매 통계(accumul_cart_stats)
[2021-08-18 01:00:29] - 카테고리/브랜드 구매 통계(accumul_sales_category)
[2021-08-18 01:00:29] - 환불 구매 통계(accumul_sales_refund)
[2021-08-18 01:00:29] - 매출 구매 통계(accumul_sales_mdstats)
[2021-08-18 01:00:29] - 상품 구매 통계(accumul_stats_sales)
[2021-08-19 01:00:29] - 장바구니 구매 통계(accumul_cart_stats)
[2021-08-19 01:00:29] - 카테고리/브랜드 구매 통계(accumul_sales_category)
[2021-08-19 01:00:29] - 환불 구매 통계(accumul_sales_refund)
[2021-08-19 01:00:29] - 매출 구매 통계(accumul_sales_mdstats)
[2021-08-19 01:00:29] - 상품 구매 통계(accumul_stats_sales)
[2021-08-20 01:00:29] - 장바구니 구매 통계(accumul_cart_stats)
[2021-08-20 01:00:29] - 카테고리/브랜드 구매 통계(accumul_sales_category)
[2021-08-20 01:00:29] - 환불 구매 통계(accumul_sales_refund)
[2021-08-20 01:00:29] - 매출 구매 통계(accumul_sales_mdstats)
[2021-08-20 01:00:29] - 상품 구매 통계(accumul_stats_sales)
[2021-08-21 01:00:29] - 장바구니 구매 통계(accumul_cart_stats)
[2021-08-21 01:00:29] - 카테고리/브랜드 구매 통계(accumul_sales_category)
[2021-08-21 01:00:29] - 환불 구매 통계(accumul_sales_refund)
[2021-08-21 01:00:29] - 매출 구매 통계(accumul_sales_mdstats)
[2021-08-21 01:00:29] - 상품 구매 통계(accumul_stats_sales)
[2021-08-22 01:00:30] - 환불 구매 통계(accumul_sales_refund) - sales_refund is No data
[2021-08-22 01:00:30] - 장바구니 구매 통계(accumul_cart_stats)
[2021-08-22 01:00:30] - 카테고리/브랜드 구매 통계(accumul_sales_category)
[2021-08-22 01:00:30] - 환불 구매 통계(accumul_sales_refund)
[2021-08-22 01:00:30] - 매출 구매 통계(accumul_sales_mdstats)
[2021-08-22 01:00:30] - 상품 구매 통계(accumul_stats_sales)
[2021-08-23 01:00:29] - 환불 구매 통계(accumul_sales_refund) - sales_refund is No data
[2021-08-23 01:00:29] - 장바구니 구매 통계(accumul_cart_stats)
[2021-08-23 01:00:29] - 카테고리/브랜드 구매 통계(accumul_sales_category)
[2021-08-23 01:00:29] - 환불 구매 통계(accumul_sales_refund)
[2021-08-23 01:00:29] - 매출 구매 통계(accumul_sales_mdstats)
[2021-08-23 01:00:29] - 상품 구매 통계(accumul_stats_sales)
[2021-08-24 01:00:29] - 장바구니 구매 통계(accumul_cart_stats)
[2021-08-24 01:00:29] - 카테고리/브랜드 구매 통계(accumul_sales_category)
[2021-08-24 01:00:29] - 환불 구매 통계(accumul_sales_refund)
[2021-08-24 01:00:29] - 매출 구매 통계(accumul_sales_mdstats)
[2021-08-24 01:00:29] - 상품 구매 통계(accumul_stats_sales)
[2021-08-25 01:00:29] - 환불 구매 통계(accumul_sales_refund) - sales_refund is No data
[2021-08-25 01:00:29] - 장바구니 구매 통계(accumul_cart_stats)
[2021-08-25 01:00:29] - 카테고리/브랜드 구매 통계(accumul_sales_category)
[2021-08-25 01:00:29] - 환불 구매 통계(accumul_sales_refund)
[2021-08-25 01:00:29] - 매출 구매 통계(accumul_sales_mdstats)
[2021-08-25 01:00:29] - 상품 구매 통계(accumul_stats_sales)
