[2021-11-17 01:00:46] - 상품 구매 통계(accumul_stats_sales) - stats_sales is No data
[2021-11-17 01:00:46] - 매출 구매 통계(accumul_sales_mdstats) - sales_mdstats is No data
[2021-11-17 01:00:46] - 환불 구매 통계(accumul_sales_refund) - sales_refund is No data
[2021-11-17 01:00:46] - 카테고리/브랜드 구매 통계(accumul_sales_category) - sales_category is No data
[2021-11-17 01:00:46] - 장바구니 구매 통계(accumul_cart_stats)
[2021-11-17 01:00:46] - 카테고리/브랜드 구매 통계(accumul_sales_category)
[2021-11-17 01:00:46] - 환불 구매 통계(accumul_sales_refund)
[2021-11-17 01:00:46] - 매출 구매 통계(accumul_sales_mdstats)
[2021-11-17 01:00:46] - 상품 구매 통계(accumul_stats_sales)
[2021-11-18 01:00:28] - 상품 구매 통계(accumul_stats_sales) - stats_sales is No data
[2021-11-18 01:00:28] - 매출 구매 통계(accumul_sales_mdstats) - sales_mdstats is No data
[2021-11-18 01:00:28] - 환불 구매 통계(accumul_sales_refund) - sales_refund is No data
[2021-11-18 01:00:28] - 카테고리/브랜드 구매 통계(accumul_sales_category) - sales_category is No data
[2021-11-18 01:00:28] - 장바구니 구매 통계(accumul_cart_stats)
[2021-11-18 01:00:28] - 카테고리/브랜드 구매 통계(accumul_sales_category)
[2021-11-18 01:00:28] - 환불 구매 통계(accumul_sales_refund)
[2021-11-18 01:00:28] - 매출 구매 통계(accumul_sales_mdstats)
[2021-11-18 01:00:28] - 상품 구매 통계(accumul_stats_sales)
[2021-11-19 01:00:27] - 상품 구매 통계(accumul_stats_sales) - stats_sales is No data
[2021-11-19 01:00:27] - 매출 구매 통계(accumul_sales_mdstats) - sales_mdstats is No data
[2021-11-19 01:00:27] - 환불 구매 통계(accumul_sales_refund) - sales_refund is No data
[2021-11-19 01:00:27] - 카테고리/브랜드 구매 통계(accumul_sales_category) - sales_category is No data
[2021-11-19 01:00:27] - 장바구니 구매 통계(accumul_cart_stats)
[2021-11-19 01:00:27] - 카테고리/브랜드 구매 통계(accumul_sales_category)
[2021-11-19 01:00:27] - 환불 구매 통계(accumul_sales_refund)
[2021-11-19 01:00:27] - 매출 구매 통계(accumul_sales_mdstats)
[2021-11-19 01:00:27] - 상품 구매 통계(accumul_stats_sales)
[2021-11-20 01:00:27] - 상품 구매 통계(accumul_stats_sales) - stats_sales is No data
[2021-11-20 01:00:27] - 매출 구매 통계(accumul_sales_mdstats) - sales_mdstats is No data
[2021-11-20 01:00:27] - 환불 구매 통계(accumul_sales_refund) - sales_refund is No data
[2021-11-20 01:00:27] - 카테고리/브랜드 구매 통계(accumul_sales_category) - sales_category is No data
[2021-11-20 01:00:27] - 장바구니 구매 통계(accumul_cart_stats)
[2021-11-20 01:00:27] - 카테고리/브랜드 구매 통계(accumul_sales_category)
[2021-11-20 01:00:27] - 환불 구매 통계(accumul_sales_refund)
[2021-11-20 01:00:27] - 매출 구매 통계(accumul_sales_mdstats)
[2021-11-20 01:00:27] - 상품 구매 통계(accumul_stats_sales)
[2021-11-21 01:00:27] - 상품 구매 통계(accumul_stats_sales) - stats_sales is No data
[2021-11-21 01:00:27] - 매출 구매 통계(accumul_sales_mdstats) - sales_mdstats is No data
[2021-11-21 01:00:27] - 환불 구매 통계(accumul_sales_refund) - sales_refund is No data
[2021-11-21 01:00:27] - 카테고리/브랜드 구매 통계(accumul_sales_category) - sales_category is No data
[2021-11-21 01:00:27] - 장바구니 구매 통계(accumul_cart_stats)
[2021-11-21 01:00:27] - 카테고리/브랜드 구매 통계(accumul_sales_category)
[2021-11-21 01:00:27] - 환불 구매 통계(accumul_sales_refund)
[2021-11-21 01:00:27] - 매출 구매 통계(accumul_sales_mdstats)
[2021-11-21 01:00:27] - 상품 구매 통계(accumul_stats_sales)
[2021-11-22 01:00:36] - 상품 구매 통계(accumul_stats_sales) - stats_sales is No data
[2021-11-22 01:00:36] - 매출 구매 통계(accumul_sales_mdstats) - sales_mdstats is No data
[2021-11-22 01:00:36] - 환불 구매 통계(accumul_sales_refund) - sales_refund is No data
[2021-11-22 01:00:36] - 카테고리/브랜드 구매 통계(accumul_sales_category) - sales_category is No data
[2021-11-22 01:00:36] - 장바구니 구매 통계(accumul_cart_stats)
[2021-11-22 01:00:36] - 카테고리/브랜드 구매 통계(accumul_sales_category)
[2021-11-22 01:00:36] - 환불 구매 통계(accumul_sales_refund)
[2021-11-22 01:00:36] - 매출 구매 통계(accumul_sales_mdstats)
[2021-11-22 01:00:36] - 상품 구매 통계(accumul_stats_sales)
[2021-11-23 01:00:27] - 상품 구매 통계(accumul_stats_sales) - stats_sales is No data
[2021-11-23 01:00:27] - 매출 구매 통계(accumul_sales_mdstats) - sales_mdstats is No data
[2021-11-23 01:00:27] - 환불 구매 통계(accumul_sales_refund) - sales_refund is No data
[2021-11-23 01:00:27] - 카테고리/브랜드 구매 통계(accumul_sales_category) - sales_category is No data
[2021-11-23 01:00:27] - 장바구니 구매 통계(accumul_cart_stats)
[2021-11-23 01:00:27] - 카테고리/브랜드 구매 통계(accumul_sales_category)
[2021-11-23 01:00:27] - 환불 구매 통계(accumul_sales_refund)
[2021-11-23 01:00:27] - 매출 구매 통계(accumul_sales_mdstats)
[2021-11-23 01:00:27] - 상품 구매 통계(accumul_stats_sales)
[2021-11-24 01:00:26] - 상품 구매 통계(accumul_stats_sales) - stats_sales is No data
[2021-11-24 01:00:26] - 매출 구매 통계(accumul_sales_mdstats) - sales_mdstats is No data
[2021-11-24 01:00:26] - 환불 구매 통계(accumul_sales_refund) - sales_refund is No data
[2021-11-24 01:00:26] - 카테고리/브랜드 구매 통계(accumul_sales_category) - sales_category is No data
[2021-11-24 01:00:26] - 장바구니 구매 통계(accumul_cart_stats)
[2021-11-24 01:00:26] - 카테고리/브랜드 구매 통계(accumul_sales_category)
[2021-11-24 01:00:26] - 환불 구매 통계(accumul_sales_refund)
[2021-11-24 01:00:26] - 매출 구매 통계(accumul_sales_mdstats)
[2021-11-24 01:00:26] - 상품 구매 통계(accumul_stats_sales)
[2021-11-25 01:00:26] - 상품 구매 통계(accumul_stats_sales) - stats_sales is No data
[2021-11-25 01:00:26] - 매출 구매 통계(accumul_sales_mdstats) - sales_mdstats is No data
[2021-11-25 01:00:26] - 환불 구매 통계(accumul_sales_refund) - sales_refund is No data
[2021-11-25 01:00:26] - 카테고리/브랜드 구매 통계(accumul_sales_category) - sales_category is No data
[2021-11-25 01:00:26] - 장바구니 구매 통계(accumul_cart_stats)
[2021-11-25 01:00:26] - 카테고리/브랜드 구매 통계(accumul_sales_category)
[2021-11-25 01:00:26] - 환불 구매 통계(accumul_sales_refund)
[2021-11-25 01:00:26] - 매출 구매 통계(accumul_sales_mdstats)
[2021-11-25 01:00:26] - 상품 구매 통계(accumul_stats_sales)
[2021-11-26 01:00:26] - 상품 구매 통계(accumul_stats_sales) - stats_sales is No data
[2021-11-26 01:00:26] - 매출 구매 통계(accumul_sales_mdstats) - sales_mdstats is No data
[2021-11-26 01:00:26] - 환불 구매 통계(accumul_sales_refund) - sales_refund is No data
[2021-11-26 01:00:26] - 카테고리/브랜드 구매 통계(accumul_sales_category) - sales_category is No data
[2021-11-26 01:00:26] - 장바구니 구매 통계(accumul_cart_stats)
[2021-11-26 01:00:26] - 카테고리/브랜드 구매 통계(accumul_sales_category)
[2021-11-26 01:00:26] - 환불 구매 통계(accumul_sales_refund)
[2021-11-26 01:00:26] - 매출 구매 통계(accumul_sales_mdstats)
[2021-11-26 01:00:26] - 상품 구매 통계(accumul_stats_sales)
[2021-11-27 01:00:26] - 상품 구매 통계(accumul_stats_sales) - stats_sales is No data
[2021-11-27 01:00:27] - 매출 구매 통계(accumul_sales_mdstats) - sales_mdstats is No data
[2021-11-27 01:00:27] - 환불 구매 통계(accumul_sales_refund) - sales_refund is No data
[2021-11-27 01:00:27] - 카테고리/브랜드 구매 통계(accumul_sales_category) - sales_category is No data
[2021-11-27 01:00:27] - 장바구니 구매 통계(accumul_cart_stats)
[2021-11-27 01:00:27] - 카테고리/브랜드 구매 통계(accumul_sales_category)
[2021-11-27 01:00:27] - 환불 구매 통계(accumul_sales_refund)
[2021-11-27 01:00:27] - 매출 구매 통계(accumul_sales_mdstats)
[2021-11-27 01:00:27] - 상품 구매 통계(accumul_stats_sales)
[2021-11-28 01:00:27] - 상품 구매 통계(accumul_stats_sales) - stats_sales is No data
[2021-11-28 01:00:27] - 매출 구매 통계(accumul_sales_mdstats) - sales_mdstats is No data
[2021-11-28 01:00:27] - 환불 구매 통계(accumul_sales_refund) - sales_refund is No data
[2021-11-28 01:00:27] - 카테고리/브랜드 구매 통계(accumul_sales_category) - sales_category is No data
[2021-11-28 01:00:27] - 장바구니 구매 통계(accumul_cart_stats)
[2021-11-28 01:00:27] - 카테고리/브랜드 구매 통계(accumul_sales_category)
[2021-11-28 01:00:27] - 환불 구매 통계(accumul_sales_refund)
[2021-11-28 01:00:27] - 매출 구매 통계(accumul_sales_mdstats)
[2021-11-28 01:00:27] - 상품 구매 통계(accumul_stats_sales)
[2021-11-29 01:00:32] - 상품 구매 통계(accumul_stats_sales) - stats_sales is No data
[2021-11-29 01:00:32] - 매출 구매 통계(accumul_sales_mdstats) - sales_mdstats is No data
[2021-11-29 01:00:32] - 환불 구매 통계(accumul_sales_refund) - sales_refund is No data
[2021-11-29 01:00:32] - 카테고리/브랜드 구매 통계(accumul_sales_category) - sales_category is No data
[2021-11-29 01:00:32] - 장바구니 구매 통계(accumul_cart_stats)
[2021-11-29 01:00:32] - 카테고리/브랜드 구매 통계(accumul_sales_category)
[2021-11-29 01:00:32] - 환불 구매 통계(accumul_sales_refund)
[2021-11-29 01:00:32] - 매출 구매 통계(accumul_sales_mdstats)
[2021-11-29 01:00:32] - 상품 구매 통계(accumul_stats_sales)
[2021-11-30 01:00:28] - 환불 구매 통계(accumul_sales_refund) - sales_refund is No data
[2021-11-30 01:00:28] - 장바구니 구매 통계(accumul_cart_stats)
[2021-11-30 01:00:28] - 카테고리/브랜드 구매 통계(accumul_sales_category)
[2021-11-30 01:00:28] - 환불 구매 통계(accumul_sales_refund)
[2021-11-30 01:00:28] - 매출 구매 통계(accumul_sales_mdstats)
[2021-11-30 01:00:28] - 상품 구매 통계(accumul_stats_sales)
