[2021-07-01 01:00:27] - 환불 구매 통계(accumul_sales_refund) - sales_refund is No data
[2021-07-01 01:00:27] - 장바구니 구매 통계(accumul_cart_stats)
[2021-07-01 01:00:27] - 카테고리/브랜드 구매 통계(accumul_sales_category)
[2021-07-01 01:00:27] - 환불 구매 통계(accumul_sales_refund)
[2021-07-01 01:00:27] - 매출 구매 통계(accumul_sales_mdstats)
[2021-07-01 01:00:27] - 상품 구매 통계(accumul_stats_sales)
[2021-07-02 01:00:25] - 환불 구매 통계(accumul_sales_refund) - sales_refund is No data
[2021-07-02 01:00:25] - 장바구니 구매 통계(accumul_cart_stats)
[2021-07-02 01:00:25] - 카테고리/브랜드 구매 통계(accumul_sales_category)
[2021-07-02 01:00:25] - 환불 구매 통계(accumul_sales_refund)
[2021-07-02 01:00:25] - 매출 구매 통계(accumul_sales_mdstats)
[2021-07-02 01:00:25] - 상품 구매 통계(accumul_stats_sales)
[2021-07-03 01:00:26] - 환불 구매 통계(accumul_sales_refund) - sales_refund is No data
[2021-07-03 01:00:26] - 장바구니 구매 통계(accumul_cart_stats)
[2021-07-03 01:00:26] - 카테고리/브랜드 구매 통계(accumul_sales_category)
[2021-07-03 01:00:26] - 환불 구매 통계(accumul_sales_refund)
[2021-07-03 01:00:26] - 매출 구매 통계(accumul_sales_mdstats)
[2021-07-03 01:00:26] - 상품 구매 통계(accumul_stats_sales)
[2021-07-04 01:00:30] - 상품 구매 통계(accumul_stats_sales) - stats_sales is No data
[2021-07-04 01:00:30] - 매출 구매 통계(accumul_sales_mdstats) - sales_mdstats is No data
[2021-07-04 01:00:30] - 환불 구매 통계(accumul_sales_refund) - sales_refund is No data
[2021-07-04 01:00:30] - 카테고리/브랜드 구매 통계(accumul_sales_category) - sales_category is No data
[2021-07-04 01:00:30] - 장바구니 구매 통계(accumul_cart_stats)
[2021-07-04 01:00:30] - 카테고리/브랜드 구매 통계(accumul_sales_category)
[2021-07-04 01:00:30] - 환불 구매 통계(accumul_sales_refund)
[2021-07-04 01:00:30] - 매출 구매 통계(accumul_sales_mdstats)
[2021-07-04 01:00:30] - 상품 구매 통계(accumul_stats_sales)
[2021-07-05 01:00:24] - 장바구니 구매 통계(accumul_cart_stats)
[2021-07-05 01:00:24] - 카테고리/브랜드 구매 통계(accumul_sales_category)
[2021-07-05 01:00:24] - 환불 구매 통계(accumul_sales_refund)
[2021-07-05 01:00:24] - 매출 구매 통계(accumul_sales_mdstats)
[2021-07-05 01:00:24] - 상품 구매 통계(accumul_stats_sales)
[2021-07-06 01:00:25] - 환불 구매 통계(accumul_sales_refund) - sales_refund is No data
[2021-07-06 01:00:25] - 장바구니 구매 통계(accumul_cart_stats)
[2021-07-06 01:00:25] - 카테고리/브랜드 구매 통계(accumul_sales_category)
[2021-07-06 01:00:25] - 환불 구매 통계(accumul_sales_refund)
[2021-07-06 01:00:25] - 매출 구매 통계(accumul_sales_mdstats)
[2021-07-06 01:00:25] - 상품 구매 통계(accumul_stats_sales)
[2021-07-07 01:00:26] - 환불 구매 통계(accumul_sales_refund) - sales_refund is No data
[2021-07-07 01:00:26] - 장바구니 구매 통계(accumul_cart_stats)
[2021-07-07 01:00:26] - 카테고리/브랜드 구매 통계(accumul_sales_category)
[2021-07-07 01:00:26] - 환불 구매 통계(accumul_sales_refund)
[2021-07-07 01:00:26] - 매출 구매 통계(accumul_sales_mdstats)
[2021-07-07 01:00:26] - 상품 구매 통계(accumul_stats_sales)
[2021-07-08 01:00:25] - 장바구니 구매 통계(accumul_cart_stats)
[2021-07-08 01:00:25] - 카테고리/브랜드 구매 통계(accumul_sales_category)
[2021-07-08 01:00:25] - 환불 구매 통계(accumul_sales_refund)
[2021-07-08 01:00:25] - 매출 구매 통계(accumul_sales_mdstats)
[2021-07-08 01:00:25] - 상품 구매 통계(accumul_stats_sales)
[2021-07-09 01:00:25] - 상품 구매 통계(accumul_stats_sales) - stats_sales is No data
[2021-07-09 01:00:25] - 매출 구매 통계(accumul_sales_mdstats) - sales_mdstats is No data
[2021-07-09 01:00:25] - 환불 구매 통계(accumul_sales_refund) - sales_refund is No data
[2021-07-09 01:00:25] - 카테고리/브랜드 구매 통계(accumul_sales_category) - sales_category is No data
[2021-07-09 01:00:25] - 장바구니 구매 통계(accumul_cart_stats)
[2021-07-09 01:00:25] - 카테고리/브랜드 구매 통계(accumul_sales_category)
[2021-07-09 01:00:25] - 환불 구매 통계(accumul_sales_refund)
[2021-07-09 01:00:25] - 매출 구매 통계(accumul_sales_mdstats)
[2021-07-09 01:00:25] - 상품 구매 통계(accumul_stats_sales)
[2021-07-10 01:00:27] - 환불 구매 통계(accumul_sales_refund) - sales_refund is No data
[2021-07-10 01:00:27] - 장바구니 구매 통계(accumul_cart_stats)
[2021-07-10 01:00:27] - 카테고리/브랜드 구매 통계(accumul_sales_category)
[2021-07-10 01:00:27] - 환불 구매 통계(accumul_sales_refund)
[2021-07-10 01:00:27] - 매출 구매 통계(accumul_sales_mdstats)
[2021-07-10 01:00:27] - 상품 구매 통계(accumul_stats_sales)
[2021-07-11 01:00:26] - 장바구니 구매 통계(accumul_cart_stats)
[2021-07-11 01:00:26] - 카테고리/브랜드 구매 통계(accumul_sales_category)
[2021-07-11 01:00:26] - 환불 구매 통계(accumul_sales_refund)
[2021-07-11 01:00:26] - 매출 구매 통계(accumul_sales_mdstats)
[2021-07-11 01:00:26] - 상품 구매 통계(accumul_stats_sales)
[2021-07-12 01:00:27] - 장바구니 구매 통계(accumul_cart_stats)
[2021-07-12 01:00:27] - 카테고리/브랜드 구매 통계(accumul_sales_category)
[2021-07-12 01:00:27] - 환불 구매 통계(accumul_sales_refund)
[2021-07-12 01:00:27] - 매출 구매 통계(accumul_sales_mdstats)
[2021-07-12 01:00:27] - 상품 구매 통계(accumul_stats_sales)
[2021-07-13 01:00:24] - 장바구니 구매 통계(accumul_cart_stats)
[2021-07-13 01:00:24] - 카테고리/브랜드 구매 통계(accumul_sales_category)
[2021-07-13 01:00:24] - 환불 구매 통계(accumul_sales_refund)
[2021-07-13 01:00:24] - 매출 구매 통계(accumul_sales_mdstats)
[2021-07-13 01:00:24] - 상품 구매 통계(accumul_stats_sales)
[2021-07-14 01:00:27] - 장바구니 구매 통계(accumul_cart_stats)
[2021-07-14 01:00:27] - 카테고리/브랜드 구매 통계(accumul_sales_category)
[2021-07-14 01:00:27] - 환불 구매 통계(accumul_sales_refund)
[2021-07-14 01:00:27] - 매출 구매 통계(accumul_sales_mdstats)
[2021-07-14 01:00:27] - 상품 구매 통계(accumul_stats_sales)
[2021-07-15 01:00:27] - 장바구니 구매 통계(accumul_cart_stats)
[2021-07-15 01:00:27] - 카테고리/브랜드 구매 통계(accumul_sales_category)
[2021-07-15 01:00:27] - 환불 구매 통계(accumul_sales_refund)
[2021-07-15 01:00:27] - 매출 구매 통계(accumul_sales_mdstats)
[2021-07-15 01:00:27] - 상품 구매 통계(accumul_stats_sales)
[2021-07-16 01:00:26] - 장바구니 구매 통계(accumul_cart_stats)
[2021-07-16 01:00:26] - 카테고리/브랜드 구매 통계(accumul_sales_category)
[2021-07-16 01:00:26] - 환불 구매 통계(accumul_sales_refund)
[2021-07-16 01:00:26] - 매출 구매 통계(accumul_sales_mdstats)
[2021-07-16 01:00:26] - 상품 구매 통계(accumul_stats_sales)
[2021-07-17 01:00:27] - 장바구니 구매 통계(accumul_cart_stats)
[2021-07-17 01:00:27] - 카테고리/브랜드 구매 통계(accumul_sales_category)
[2021-07-17 01:00:27] - 환불 구매 통계(accumul_sales_refund)
[2021-07-17 01:00:27] - 매출 구매 통계(accumul_sales_mdstats)
[2021-07-17 01:00:27] - 상품 구매 통계(accumul_stats_sales)
[2021-07-18 01:00:29] - 장바구니 구매 통계(accumul_cart_stats)
[2021-07-18 01:00:29] - 카테고리/브랜드 구매 통계(accumul_sales_category)
[2021-07-18 01:00:29] - 환불 구매 통계(accumul_sales_refund)
[2021-07-18 01:00:29] - 매출 구매 통계(accumul_sales_mdstats)
[2021-07-18 01:00:29] - 상품 구매 통계(accumul_stats_sales)
[2021-07-19 01:00:32] - 장바구니 구매 통계(accumul_cart_stats)
[2021-07-19 01:00:32] - 카테고리/브랜드 구매 통계(accumul_sales_category)
[2021-07-19 01:00:32] - 환불 구매 통계(accumul_sales_refund)
[2021-07-19 01:00:32] - 매출 구매 통계(accumul_sales_mdstats)
[2021-07-19 01:00:32] - 상품 구매 통계(accumul_stats_sales)
[2021-07-20 01:00:31] - 장바구니 구매 통계(accumul_cart_stats)
[2021-07-20 01:00:31] - 카테고리/브랜드 구매 통계(accumul_sales_category)
[2021-07-20 01:00:31] - 환불 구매 통계(accumul_sales_refund)
[2021-07-20 01:00:31] - 매출 구매 통계(accumul_sales_mdstats)
[2021-07-20 01:00:31] - 상품 구매 통계(accumul_stats_sales)
[2021-07-21 01:03:49] - 장바구니 구매 통계(accumul_cart_stats)
[2021-07-21 01:03:49] - 카테고리/브랜드 구매 통계(accumul_sales_category)
[2021-07-21 01:03:49] - 환불 구매 통계(accumul_sales_refund)
[2021-07-21 01:03:49] - 매출 구매 통계(accumul_sales_mdstats)
[2021-07-21 01:03:49] - 상품 구매 통계(accumul_stats_sales)
[2021-07-22 01:00:31] - 장바구니 구매 통계(accumul_cart_stats)
[2021-07-22 01:00:31] - 카테고리/브랜드 구매 통계(accumul_sales_category)
[2021-07-22 01:00:31] - 환불 구매 통계(accumul_sales_refund)
[2021-07-22 01:00:31] - 매출 구매 통계(accumul_sales_mdstats)
[2021-07-22 01:00:31] - 상품 구매 통계(accumul_stats_sales)
[2021-07-23 01:00:29] - 장바구니 구매 통계(accumul_cart_stats)
[2021-07-23 01:00:29] - 카테고리/브랜드 구매 통계(accumul_sales_category)
[2021-07-23 01:00:29] - 환불 구매 통계(accumul_sales_refund)
[2021-07-23 01:00:29] - 매출 구매 통계(accumul_sales_mdstats)
[2021-07-23 01:00:29] - 상품 구매 통계(accumul_stats_sales)
[2021-07-24 01:00:28] - 장바구니 구매 통계(accumul_cart_stats)
[2021-07-24 01:00:28] - 카테고리/브랜드 구매 통계(accumul_sales_category)
[2021-07-24 01:00:28] - 환불 구매 통계(accumul_sales_refund)
[2021-07-24 01:00:28] - 매출 구매 통계(accumul_sales_mdstats)
[2021-07-24 01:00:29] - 상품 구매 통계(accumul_stats_sales)
[2021-07-25 01:00:28] - 환불 구매 통계(accumul_sales_refund) - sales_refund is No data
[2021-07-25 01:00:28] - 장바구니 구매 통계(accumul_cart_stats)
[2021-07-25 01:00:28] - 카테고리/브랜드 구매 통계(accumul_sales_category)
[2021-07-25 01:00:28] - 환불 구매 통계(accumul_sales_refund)
[2021-07-25 01:00:28] - 매출 구매 통계(accumul_sales_mdstats)
[2021-07-25 01:00:28] - 상품 구매 통계(accumul_stats_sales)
[2021-07-26 01:00:28] - 장바구니 구매 통계(accumul_cart_stats)
[2021-07-26 01:00:28] - 카테고리/브랜드 구매 통계(accumul_sales_category)
[2021-07-26 01:00:28] - 환불 구매 통계(accumul_sales_refund)
[2021-07-26 01:00:28] - 매출 구매 통계(accumul_sales_mdstats)
[2021-07-26 01:00:28] - 상품 구매 통계(accumul_stats_sales)
[2021-07-27 01:00:29] - 장바구니 구매 통계(accumul_cart_stats)
[2021-07-27 01:00:29] - 카테고리/브랜드 구매 통계(accumul_sales_category)
[2021-07-27 01:00:29] - 환불 구매 통계(accumul_sales_refund)
[2021-07-27 01:00:29] - 매출 구매 통계(accumul_sales_mdstats)
[2021-07-27 01:00:29] - 상품 구매 통계(accumul_stats_sales)
[2021-07-28 01:00:29] - 장바구니 구매 통계(accumul_cart_stats)
[2021-07-28 01:00:29] - 카테고리/브랜드 구매 통계(accumul_sales_category)
[2021-07-28 01:00:29] - 환불 구매 통계(accumul_sales_refund)
[2021-07-28 01:00:29] - 매출 구매 통계(accumul_sales_mdstats)
[2021-07-28 01:00:29] - 상품 구매 통계(accumul_stats_sales)
[2021-07-29 01:00:29] - 장바구니 구매 통계(accumul_cart_stats)
[2021-07-29 01:00:29] - 카테고리/브랜드 구매 통계(accumul_sales_category)
[2021-07-29 01:00:29] - 환불 구매 통계(accumul_sales_refund)
[2021-07-29 01:00:29] - 매출 구매 통계(accumul_sales_mdstats)
[2021-07-29 01:00:29] - 상품 구매 통계(accumul_stats_sales)
[2021-07-30 01:00:30] - 장바구니 구매 통계(accumul_cart_stats)
[2021-07-30 01:00:30] - 카테고리/브랜드 구매 통계(accumul_sales_category)
[2021-07-30 01:00:30] - 환불 구매 통계(accumul_sales_refund)
[2021-07-30 01:00:30] - 매출 구매 통계(accumul_sales_mdstats)
[2021-07-30 01:00:30] - 상품 구매 통계(accumul_stats_sales)
[2021-07-31 01:00:28] - 장바구니 구매 통계(accumul_cart_stats)
[2021-07-31 01:00:28] - 카테고리/브랜드 구매 통계(accumul_sales_category)
[2021-07-31 01:00:28] - 환불 구매 통계(accumul_sales_refund)
[2021-07-31 01:00:28] - 매출 구매 통계(accumul_sales_mdstats)
[2021-07-31 01:00:28] - 상품 구매 통계(accumul_stats_sales)
