[2022-02-01 01:00:28] - 상품 구매 통계(accumul_stats_sales) - stats_sales is No data
[2022-02-01 01:00:28] - 매출 구매 통계(accumul_sales_mdstats) - sales_mdstats is No data
[2022-02-01 01:00:28] - 환불 구매 통계(accumul_sales_refund) - sales_refund is No data
[2022-02-01 01:00:29] - 카테고리/브랜드 구매 통계(accumul_sales_category) - sales_category is No data
[2022-02-01 01:00:29] - 장바구니 구매 통계(accumul_cart_stats)
[2022-02-01 01:00:29] - 카테고리/브랜드 구매 통계(accumul_sales_category)
[2022-02-01 01:00:29] - 환불 구매 통계(accumul_sales_refund)
[2022-02-01 01:00:29] - 매출 구매 통계(accumul_sales_mdstats)
[2022-02-01 01:00:29] - 상품 구매 통계(accumul_stats_sales)
[2022-02-02 01:00:26] - 상품 구매 통계(accumul_stats_sales) - stats_sales is No data
[2022-02-02 01:00:26] - 매출 구매 통계(accumul_sales_mdstats) - sales_mdstats is No data
[2022-02-02 01:00:26] - 환불 구매 통계(accumul_sales_refund) - sales_refund is No data
[2022-02-02 01:00:26] - 카테고리/브랜드 구매 통계(accumul_sales_category) - sales_category is No data
[2022-02-02 01:00:26] - 장바구니 구매 통계(accumul_cart_stats)
[2022-02-02 01:00:26] - 카테고리/브랜드 구매 통계(accumul_sales_category)
[2022-02-02 01:00:26] - 환불 구매 통계(accumul_sales_refund)
[2022-02-02 01:00:26] - 매출 구매 통계(accumul_sales_mdstats)
[2022-02-02 01:00:26] - 상품 구매 통계(accumul_stats_sales)
[2022-02-03 01:00:33] - 상품 구매 통계(accumul_stats_sales) - stats_sales is No data
[2022-02-03 01:00:33] - 매출 구매 통계(accumul_sales_mdstats) - sales_mdstats is No data
[2022-02-03 01:00:33] - 환불 구매 통계(accumul_sales_refund) - sales_refund is No data
[2022-02-03 01:00:33] - 카테고리/브랜드 구매 통계(accumul_sales_category) - sales_category is No data
[2022-02-03 01:00:33] - 장바구니 구매 통계(accumul_cart_stats)
[2022-02-03 01:00:33] - 카테고리/브랜드 구매 통계(accumul_sales_category)
[2022-02-03 01:00:33] - 환불 구매 통계(accumul_sales_refund)
[2022-02-03 01:00:33] - 매출 구매 통계(accumul_sales_mdstats)
[2022-02-03 01:00:33] - 상품 구매 통계(accumul_stats_sales)
