[2020-12-02 01:00:14] - 2020-12-01 - daily_order start
[2020-12-02 01:00:14] - 2020-12-01 - daily_order success
[2020-12-02 01:00:14] - 2020-12-01 - daily_fblike start
[2020-12-02 01:00:14] - 2020-12-01 - daily_fblike success
[2020-12-02 01:00:14] - 2020-12-01 - daily_review start
[2020-12-02 01:00:14] - 2020-12-01 - daily_review success
[2020-12-02 01:00:14] - 2020-12-01 - daily_restock_notify start
[2020-12-02 01:00:14] - 2020-12-01 - daily_restock_notify success
[2020-12-02 01:00:14] - 2020-12-01 - daily_wish start
[2020-12-02 01:00:14] - 2020-12-01 - daily_wish success
[2020-12-02 01:00:14] - 2020-12-01 - daily_cart start
[2020-12-02 01:00:14] - 2020-12-01 - daily_cart success
[2020-12-02 01:00:14] - 2020-12-01 - daily_view start
[2020-12-02 01:00:14] - 2020-12-01 - daily_view success
[2020-12-02 01:00:14] - 2020-12-01 - daily_sales_price start
[2020-12-02 01:00:14] - 2020-12-01 - daily_sales_price success
[2020-12-02 01:00:14] - 2020-12-01 - case1 start
[2020-12-02 01:00:14] - 2020-12-01 - case1 success
[2020-12-02 01:00:14] - 2020-12-01 - case2 start
[2020-12-02 01:00:14] - 2020-12-01 - case2 success
[2020-12-02 01:00:14] - 2020-12-01 - delete start
[2020-12-02 01:00:14] - 2020-12-01 - fm_daily_stats_fblike_vw start
[2020-12-02 01:00:14] - 2020-12-01 - fm_daily_stats_fblike_vw success
[2020-12-02 01:00:14] - 2020-12-01 - fm_daily_stats_review_vw start
[2020-12-02 01:00:14] - 2020-12-01 - fm_daily_stats_review_vw success
[2020-12-02 01:00:14] - 2020-12-01 - fm_daily_stats_restock_notify_vw start
[2020-12-02 01:00:14] - 2020-12-01 - fm_daily_stats_restock_notify_vw success
[2020-12-02 01:00:14] - 2020-12-01 - fm_daily_stats_wish_vw start
[2020-12-02 01:00:14] - 2020-12-01 - fm_daily_stats_wish_vw success
[2020-12-02 01:00:14] - 2020-12-01 - fm_daily_stats_cart_vw start
[2020-12-02 01:00:14] - 2020-12-01 - fm_daily_stats_cart_vw success
[2020-12-02 01:00:14] - 2020-12-01 - fm_daily_stats_order_vw start
[2020-12-02 01:00:14] - 2020-12-01 - fm_daily_stats_order_vw success
[2020-12-02 01:00:14] - 2020-12-01 - fm_daily_stats_view_vw start
[2020-12-02 01:00:14] - 2020-12-01 - fm_daily_stats_view_vw success
[2020-12-02 01:00:14] - 2020-12-01 - delete success
[2020-12-02 01:00:14] - 상품별 3개월 구매수량 등록(goods_purchase_ea)
[2020-12-02 01:00:14] - 입점사 정산 주기 변경(account_seller_period_update)
[2020-12-02 01:00:14] - 입점사별 정산 집계(account_seller_stats)
[2020-12-02 01:00:14] - 불필요한 이월데이터 삭제(account_seller_del_sales)
[2020-12-02 01:00:14] - 일일통계 (주문,좋아요,리뷰,재입고알림,찜,장바구니,보기) 집계(daily_stats)
[2020-12-02 01:00:14] - 마일리지, 포인트,캐쉬 통계 집계(statistic_epc)
[2020-12-02 01:00:14] - referer 도메인 업데이트(set_referer_domain)
[2020-12-02 01:00:14] - 일일통계 데이터 삭제(stats_delete)
[2020-12-03 01:00:12] - 2020-12-02 - daily_order start
[2020-12-03 01:00:12] - 2020-12-02 - daily_order success
[2020-12-03 01:00:12] - 2020-12-02 - daily_fblike start
[2020-12-03 01:00:12] - 2020-12-02 - daily_fblike success
[2020-12-03 01:00:12] - 2020-12-02 - daily_review start
[2020-12-03 01:00:12] - 2020-12-02 - daily_review success
[2020-12-03 01:00:12] - 2020-12-02 - daily_restock_notify start
[2020-12-03 01:00:12] - 2020-12-02 - daily_restock_notify success
[2020-12-03 01:00:12] - 2020-12-02 - daily_wish start
[2020-12-03 01:00:12] - 2020-12-02 - daily_wish success
[2020-12-03 01:00:12] - 2020-12-02 - daily_cart start
[2020-12-03 01:00:12] - 2020-12-02 - daily_cart success
[2020-12-03 01:00:12] - 2020-12-02 - daily_view start
[2020-12-03 01:00:12] - 2020-12-02 - daily_view success
[2020-12-03 01:00:12] - 2020-12-02 - daily_sales_price start
[2020-12-03 01:00:12] - 2020-12-02 - daily_sales_price success
[2020-12-03 01:00:12] - 2020-12-02 - case1 start
[2020-12-03 01:00:12] - 2020-12-02 - case1 success
[2020-12-03 01:00:12] - 2020-12-02 - case2 start
[2020-12-03 01:00:12] - 2020-12-02 - case2 success
[2020-12-03 01:00:12] - 2020-12-02 - delete start
[2020-12-03 01:00:12] - 2020-12-02 - fm_daily_stats_fblike_vw start
[2020-12-03 01:00:12] - 2020-12-02 - fm_daily_stats_fblike_vw success
[2020-12-03 01:00:12] - 2020-12-02 - fm_daily_stats_review_vw start
[2020-12-03 01:00:12] - 2020-12-02 - fm_daily_stats_review_vw success
[2020-12-03 01:00:12] - 2020-12-02 - fm_daily_stats_restock_notify_vw start
[2020-12-03 01:00:12] - 2020-12-02 - fm_daily_stats_restock_notify_vw success
[2020-12-03 01:00:12] - 2020-12-02 - fm_daily_stats_wish_vw start
[2020-12-03 01:00:12] - 2020-12-02 - fm_daily_stats_wish_vw success
[2020-12-03 01:00:12] - 2020-12-02 - fm_daily_stats_cart_vw start
[2020-12-03 01:00:12] - 2020-12-02 - fm_daily_stats_cart_vw success
[2020-12-03 01:00:12] - 2020-12-02 - fm_daily_stats_order_vw start
[2020-12-03 01:00:12] - 2020-12-02 - fm_daily_stats_order_vw success
[2020-12-03 01:00:12] - 2020-12-02 - fm_daily_stats_view_vw start
[2020-12-03 01:00:12] - 2020-12-02 - fm_daily_stats_view_vw success
[2020-12-03 01:00:12] - 2020-12-02 - delete success
[2020-12-03 01:00:12] - 상품별 3개월 구매수량 등록(goods_purchase_ea)
[2020-12-03 01:00:12] - 입점사 정산 주기 변경(account_seller_period_update)
[2020-12-03 01:00:12] - 입점사별 정산 집계(account_seller_stats)
[2020-12-03 01:00:12] - 불필요한 이월데이터 삭제(account_seller_del_sales)
[2020-12-03 01:00:12] - 일일통계 (주문,좋아요,리뷰,재입고알림,찜,장바구니,보기) 집계(daily_stats)
[2020-12-03 01:00:12] - 마일리지, 포인트,캐쉬 통계 집계(statistic_epc)
[2020-12-03 01:00:12] - referer 도메인 업데이트(set_referer_domain)
[2020-12-03 01:00:12] - 일일통계 데이터 삭제(stats_delete)
[2020-12-04 01:00:11] - 2020-12-03 - daily_order start
[2020-12-04 01:00:11] - 2020-12-03 - daily_order success
[2020-12-04 01:00:11] - 2020-12-03 - daily_fblike start
[2020-12-04 01:00:11] - 2020-12-03 - daily_fblike success
[2020-12-04 01:00:11] - 2020-12-03 - daily_review start
[2020-12-04 01:00:11] - 2020-12-03 - daily_review success
[2020-12-04 01:00:11] - 2020-12-03 - daily_restock_notify start
[2020-12-04 01:00:11] - 2020-12-03 - daily_restock_notify success
[2020-12-04 01:00:11] - 2020-12-03 - daily_wish start
[2020-12-04 01:00:11] - 2020-12-03 - daily_wish success
[2020-12-04 01:00:11] - 2020-12-03 - daily_cart start
[2020-12-04 01:00:11] - 2020-12-03 - daily_cart success
[2020-12-04 01:00:11] - 2020-12-03 - daily_view start
[2020-12-04 01:00:11] - 2020-12-03 - daily_view success
[2020-12-04 01:00:11] - 2020-12-03 - daily_sales_price start
[2020-12-04 01:00:11] - 2020-12-03 - daily_sales_price success
[2020-12-04 01:00:11] - 2020-12-03 - case1 start
[2020-12-04 01:00:11] - 2020-12-03 - case1 success
[2020-12-04 01:00:11] - 2020-12-03 - case2 start
[2020-12-04 01:00:12] - 2020-12-03 - case2 success
[2020-12-04 01:00:12] - 2020-12-03 - delete start
[2020-12-04 01:00:12] - 2020-12-03 - fm_daily_stats_fblike_vw start
[2020-12-04 01:00:12] - 2020-12-03 - fm_daily_stats_fblike_vw success
[2020-12-04 01:00:12] - 2020-12-03 - fm_daily_stats_review_vw start
[2020-12-04 01:00:12] - 2020-12-03 - fm_daily_stats_review_vw success
[2020-12-04 01:00:12] - 2020-12-03 - fm_daily_stats_restock_notify_vw start
[2020-12-04 01:00:12] - 2020-12-03 - fm_daily_stats_restock_notify_vw success
[2020-12-04 01:00:12] - 2020-12-03 - fm_daily_stats_wish_vw start
[2020-12-04 01:00:12] - 2020-12-03 - fm_daily_stats_wish_vw success
[2020-12-04 01:00:12] - 2020-12-03 - fm_daily_stats_cart_vw start
[2020-12-04 01:00:12] - 2020-12-03 - fm_daily_stats_cart_vw success
[2020-12-04 01:00:12] - 2020-12-03 - fm_daily_stats_order_vw start
[2020-12-04 01:00:12] - 2020-12-03 - fm_daily_stats_order_vw success
[2020-12-04 01:00:12] - 2020-12-03 - fm_daily_stats_view_vw start
[2020-12-04 01:00:12] - 2020-12-03 - fm_daily_stats_view_vw success
[2020-12-04 01:00:12] - 2020-12-03 - delete success
[2020-12-04 01:00:12] - 상품별 3개월 구매수량 등록(goods_purchase_ea)
[2020-12-04 01:00:12] - 입점사 정산 주기 변경(account_seller_period_update)
[2020-12-04 01:00:12] - 입점사별 정산 집계(account_seller_stats)
[2020-12-04 01:00:12] - 불필요한 이월데이터 삭제(account_seller_del_sales)
[2020-12-04 01:00:12] - 일일통계 (주문,좋아요,리뷰,재입고알림,찜,장바구니,보기) 집계(daily_stats)
[2020-12-04 01:00:12] - 마일리지, 포인트,캐쉬 통계 집계(statistic_epc)
[2020-12-04 01:00:12] - referer 도메인 업데이트(set_referer_domain)
[2020-12-04 01:00:12] - 일일통계 데이터 삭제(stats_delete)
[2020-12-05 01:00:16] - 2020-12-04 - daily_order start
[2020-12-05 01:00:16] - 2020-12-04 - daily_order success
[2020-12-05 01:00:16] - 2020-12-04 - daily_fblike start
[2020-12-05 01:00:16] - 2020-12-04 - daily_fblike success
[2020-12-05 01:00:16] - 2020-12-04 - daily_review start
[2020-12-05 01:00:16] - 2020-12-04 - daily_review success
[2020-12-05 01:00:16] - 2020-12-04 - daily_restock_notify start
[2020-12-05 01:00:16] - 2020-12-04 - daily_restock_notify success
[2020-12-05 01:00:16] - 2020-12-04 - daily_wish start
[2020-12-05 01:00:16] - 2020-12-04 - daily_wish success
[2020-12-05 01:00:16] - 2020-12-04 - daily_cart start
[2020-12-05 01:00:16] - 2020-12-04 - daily_cart success
[2020-12-05 01:00:16] - 2020-12-04 - daily_view start
[2020-12-05 01:00:16] - 2020-12-04 - daily_view success
[2020-12-05 01:00:16] - 2020-12-04 - daily_sales_price start
[2020-12-05 01:00:16] - 2020-12-04 - daily_sales_price success
[2020-12-05 01:00:16] - 2020-12-04 - case1 start
[2020-12-05 01:00:16] - 2020-12-04 - case1 success
[2020-12-05 01:00:16] - 2020-12-04 - case2 start
[2020-12-05 01:00:17] - 2020-12-04 - case2 success
[2020-12-05 01:00:17] - 2020-12-04 - delete start
[2020-12-05 01:00:17] - 2020-12-04 - fm_daily_stats_fblike_vw start
[2020-12-05 01:00:17] - 2020-12-04 - fm_daily_stats_fblike_vw success
[2020-12-05 01:00:17] - 2020-12-04 - fm_daily_stats_review_vw start
[2020-12-05 01:00:17] - 2020-12-04 - fm_daily_stats_review_vw success
[2020-12-05 01:00:17] - 2020-12-04 - fm_daily_stats_restock_notify_vw start
[2020-12-05 01:00:17] - 2020-12-04 - fm_daily_stats_restock_notify_vw success
[2020-12-05 01:00:17] - 2020-12-04 - fm_daily_stats_wish_vw start
[2020-12-05 01:00:17] - 2020-12-04 - fm_daily_stats_wish_vw success
[2020-12-05 01:00:17] - 2020-12-04 - fm_daily_stats_cart_vw start
[2020-12-05 01:00:17] - 2020-12-04 - fm_daily_stats_cart_vw success
[2020-12-05 01:00:17] - 2020-12-04 - fm_daily_stats_order_vw start
[2020-12-05 01:00:17] - 2020-12-04 - fm_daily_stats_order_vw success
[2020-12-05 01:00:17] - 2020-12-04 - fm_daily_stats_view_vw start
[2020-12-05 01:00:17] - 2020-12-04 - fm_daily_stats_view_vw success
[2020-12-05 01:00:17] - 2020-12-04 - delete success
[2020-12-05 01:00:17] - 상품별 3개월 구매수량 등록(goods_purchase_ea)
[2020-12-05 01:00:17] - 입점사 정산 주기 변경(account_seller_period_update)
[2020-12-05 01:00:17] - 입점사별 정산 집계(account_seller_stats)
[2020-12-05 01:00:17] - 불필요한 이월데이터 삭제(account_seller_del_sales)
[2020-12-05 01:00:17] - 일일통계 (주문,좋아요,리뷰,재입고알림,찜,장바구니,보기) 집계(daily_stats)
[2020-12-05 01:00:17] - 마일리지, 포인트,캐쉬 통계 집계(statistic_epc)
[2020-12-05 01:00:17] - referer 도메인 업데이트(set_referer_domain)
[2020-12-05 01:00:17] - 일일통계 데이터 삭제(stats_delete)
[2020-12-06 01:00:14] - 2020-12-05 - daily_order start
[2020-12-06 01:00:14] - 2020-12-05 - daily_order success
[2020-12-06 01:00:14] - 2020-12-05 - daily_fblike start
[2020-12-06 01:00:14] - 2020-12-05 - daily_fblike success
[2020-12-06 01:00:14] - 2020-12-05 - daily_review start
[2020-12-06 01:00:14] - 2020-12-05 - daily_review success
[2020-12-06 01:00:14] - 2020-12-05 - daily_restock_notify start
[2020-12-06 01:00:14] - 2020-12-05 - daily_restock_notify success
[2020-12-06 01:00:14] - 2020-12-05 - daily_wish start
[2020-12-06 01:00:14] - 2020-12-05 - daily_wish success
[2020-12-06 01:00:14] - 2020-12-05 - daily_cart start
[2020-12-06 01:00:14] - 2020-12-05 - daily_cart success
[2020-12-06 01:00:14] - 2020-12-05 - daily_view start
[2020-12-06 01:00:14] - 2020-12-05 - daily_view success
[2020-12-06 01:00:14] - 2020-12-05 - daily_sales_price start
[2020-12-06 01:00:14] - 2020-12-05 - daily_sales_price success
[2020-12-06 01:00:14] - 2020-12-05 - case1 start
[2020-12-06 01:00:14] - 2020-12-05 - case1 success
[2020-12-06 01:00:14] - 2020-12-05 - case2 start
[2020-12-06 01:00:15] - 2020-12-05 - case2 success
[2020-12-06 01:00:15] - 2020-12-05 - delete start
[2020-12-06 01:00:15] - 2020-12-05 - fm_daily_stats_fblike_vw start
[2020-12-06 01:00:15] - 2020-12-05 - fm_daily_stats_fblike_vw success
[2020-12-06 01:00:15] - 2020-12-05 - fm_daily_stats_review_vw start
[2020-12-06 01:00:15] - 2020-12-05 - fm_daily_stats_review_vw success
[2020-12-06 01:00:15] - 2020-12-05 - fm_daily_stats_restock_notify_vw start
[2020-12-06 01:00:15] - 2020-12-05 - fm_daily_stats_restock_notify_vw success
[2020-12-06 01:00:15] - 2020-12-05 - fm_daily_stats_wish_vw start
[2020-12-06 01:00:15] - 2020-12-05 - fm_daily_stats_wish_vw success
[2020-12-06 01:00:15] - 2020-12-05 - fm_daily_stats_cart_vw start
[2020-12-06 01:00:15] - 2020-12-05 - fm_daily_stats_cart_vw success
[2020-12-06 01:00:15] - 2020-12-05 - fm_daily_stats_order_vw start
[2020-12-06 01:00:15] - 2020-12-05 - fm_daily_stats_order_vw success
[2020-12-06 01:00:15] - 2020-12-05 - fm_daily_stats_view_vw start
[2020-12-06 01:00:15] - 2020-12-05 - fm_daily_stats_view_vw success
[2020-12-06 01:00:15] - 2020-12-05 - delete success
[2020-12-06 01:00:15] - 상품별 3개월 구매수량 등록(goods_purchase_ea)
[2020-12-06 01:00:15] - 입점사 정산 주기 변경(account_seller_period_update)
[2020-12-06 01:00:15] - 입점사별 정산 집계(account_seller_stats)
[2020-12-06 01:00:15] - 불필요한 이월데이터 삭제(account_seller_del_sales)
[2020-12-06 01:00:15] - 일일통계 (주문,좋아요,리뷰,재입고알림,찜,장바구니,보기) 집계(daily_stats)
[2020-12-06 01:00:15] - 마일리지, 포인트,캐쉬 통계 집계(statistic_epc)
[2020-12-06 01:00:15] - referer 도메인 업데이트(set_referer_domain)
[2020-12-06 01:00:15] - 일일통계 데이터 삭제(stats_delete)
[2020-12-07 01:00:11] - 2020-12-06 - daily_order start
[2020-12-07 01:00:11] - 2020-12-06 - daily_order success
[2020-12-07 01:00:11] - 2020-12-06 - daily_fblike start
[2020-12-07 01:00:11] - 2020-12-06 - daily_fblike success
[2020-12-07 01:00:11] - 2020-12-06 - daily_review start
[2020-12-07 01:00:11] - 2020-12-06 - daily_review success
[2020-12-07 01:00:11] - 2020-12-06 - daily_restock_notify start
[2020-12-07 01:00:11] - 2020-12-06 - daily_restock_notify success
[2020-12-07 01:00:11] - 2020-12-06 - daily_wish start
[2020-12-07 01:00:11] - 2020-12-06 - daily_wish success
[2020-12-07 01:00:11] - 2020-12-06 - daily_cart start
[2020-12-07 01:00:11] - 2020-12-06 - daily_cart success
[2020-12-07 01:00:11] - 2020-12-06 - daily_view start
[2020-12-07 01:00:11] - 2020-12-06 - daily_view success
[2020-12-07 01:00:11] - 2020-12-06 - daily_sales_price start
[2020-12-07 01:00:11] - 2020-12-06 - daily_sales_price success
[2020-12-07 01:00:11] - 2020-12-06 - case1 start
[2020-12-07 01:00:11] - 2020-12-06 - case1 success
[2020-12-07 01:00:11] - 2020-12-06 - case2 start
[2020-12-07 01:00:11] - 2020-12-06 - case2 success
[2020-12-07 01:00:11] - 2020-12-06 - delete start
[2020-12-07 01:00:11] - 2020-12-06 - fm_daily_stats_fblike_vw start
[2020-12-07 01:00:11] - 2020-12-06 - fm_daily_stats_fblike_vw success
[2020-12-07 01:00:11] - 2020-12-06 - fm_daily_stats_review_vw start
[2020-12-07 01:00:11] - 2020-12-06 - fm_daily_stats_review_vw success
[2020-12-07 01:00:11] - 2020-12-06 - fm_daily_stats_restock_notify_vw start
[2020-12-07 01:00:11] - 2020-12-06 - fm_daily_stats_restock_notify_vw success
[2020-12-07 01:00:11] - 2020-12-06 - fm_daily_stats_wish_vw start
[2020-12-07 01:00:11] - 2020-12-06 - fm_daily_stats_wish_vw success
[2020-12-07 01:00:11] - 2020-12-06 - fm_daily_stats_cart_vw start
[2020-12-07 01:00:11] - 2020-12-06 - fm_daily_stats_cart_vw success
[2020-12-07 01:00:11] - 2020-12-06 - fm_daily_stats_order_vw start
[2020-12-07 01:00:11] - 2020-12-06 - fm_daily_stats_order_vw success
[2020-12-07 01:00:11] - 2020-12-06 - fm_daily_stats_view_vw start
[2020-12-07 01:00:11] - 2020-12-06 - fm_daily_stats_view_vw success
[2020-12-07 01:00:11] - 2020-12-06 - delete success
[2020-12-07 01:00:11] - 상품별 3개월 구매수량 등록(goods_purchase_ea)
[2020-12-07 01:00:11] - 입점사 정산 주기 변경(account_seller_period_update)
[2020-12-07 01:00:11] - 입점사별 정산 집계(account_seller_stats)
[2020-12-07 01:00:11] - 불필요한 이월데이터 삭제(account_seller_del_sales)
[2020-12-07 01:00:11] - 일일통계 (주문,좋아요,리뷰,재입고알림,찜,장바구니,보기) 집계(daily_stats)
[2020-12-07 01:00:11] - 마일리지, 포인트,캐쉬 통계 집계(statistic_epc)
[2020-12-07 01:00:11] - referer 도메인 업데이트(set_referer_domain)
[2020-12-07 01:00:11] - 일일통계 데이터 삭제(stats_delete)
[2020-12-08 01:00:14] - 2020-12-07 - daily_order start
[2020-12-08 01:00:14] - 2020-12-07 - daily_order success
[2020-12-08 01:00:14] - 2020-12-07 - daily_fblike start
[2020-12-08 01:00:14] - 2020-12-07 - daily_fblike success
[2020-12-08 01:00:14] - 2020-12-07 - daily_review start
[2020-12-08 01:00:14] - 2020-12-07 - daily_review success
[2020-12-08 01:00:14] - 2020-12-07 - daily_restock_notify start
[2020-12-08 01:00:14] - 2020-12-07 - daily_restock_notify success
[2020-12-08 01:00:14] - 2020-12-07 - daily_wish start
[2020-12-08 01:00:14] - 2020-12-07 - daily_wish success
[2020-12-08 01:00:14] - 2020-12-07 - daily_cart start
[2020-12-08 01:00:14] - 2020-12-07 - daily_cart success
[2020-12-08 01:00:14] - 2020-12-07 - daily_view start
[2020-12-08 01:00:15] - 2020-12-07 - daily_view success
[2020-12-08 01:00:15] - 2020-12-07 - daily_sales_price start
[2020-12-08 01:00:15] - 2020-12-07 - daily_sales_price success
[2020-12-08 01:00:15] - 2020-12-07 - case1 start
[2020-12-08 01:00:15] - 2020-12-07 - case1 success
[2020-12-08 01:00:15] - 2020-12-07 - case2 start
[2020-12-08 01:00:15] - 2020-12-07 - case2 success
[2020-12-08 01:00:15] - 2020-12-07 - delete start
[2020-12-08 01:00:15] - 2020-12-07 - fm_daily_stats_fblike_vw start
[2020-12-08 01:00:15] - 2020-12-07 - fm_daily_stats_fblike_vw success
[2020-12-08 01:00:15] - 2020-12-07 - fm_daily_stats_review_vw start
[2020-12-08 01:00:15] - 2020-12-07 - fm_daily_stats_review_vw success
[2020-12-08 01:00:15] - 2020-12-07 - fm_daily_stats_restock_notify_vw start
[2020-12-08 01:00:15] - 2020-12-07 - fm_daily_stats_restock_notify_vw success
[2020-12-08 01:00:15] - 2020-12-07 - fm_daily_stats_wish_vw start
[2020-12-08 01:00:15] - 2020-12-07 - fm_daily_stats_wish_vw success
[2020-12-08 01:00:15] - 2020-12-07 - fm_daily_stats_cart_vw start
[2020-12-08 01:00:15] - 2020-12-07 - fm_daily_stats_cart_vw success
[2020-12-08 01:00:15] - 2020-12-07 - fm_daily_stats_order_vw start
[2020-12-08 01:00:15] - 2020-12-07 - fm_daily_stats_order_vw success
[2020-12-08 01:00:15] - 2020-12-07 - fm_daily_stats_view_vw start
[2020-12-08 01:00:15] - 2020-12-07 - fm_daily_stats_view_vw success
[2020-12-08 01:00:15] - 2020-12-07 - delete success
[2020-12-08 01:00:15] - 상품별 3개월 구매수량 등록(goods_purchase_ea)
[2020-12-08 01:00:15] - 입점사 정산 주기 변경(account_seller_period_update)
[2020-12-08 01:00:15] - 입점사별 정산 집계(account_seller_stats)
[2020-12-08 01:00:15] - 불필요한 이월데이터 삭제(account_seller_del_sales)
[2020-12-08 01:00:15] - 일일통계 (주문,좋아요,리뷰,재입고알림,찜,장바구니,보기) 집계(daily_stats)
[2020-12-08 01:00:15] - 마일리지, 포인트,캐쉬 통계 집계(statistic_epc)
[2020-12-08 01:00:15] - referer 도메인 업데이트(set_referer_domain)
[2020-12-08 01:00:15] - 일일통계 데이터 삭제(stats_delete)
[2020-12-09 01:00:17] - 2020-12-08 - daily_order start
[2020-12-09 01:00:17] - 2020-12-08 - daily_order success
[2020-12-09 01:00:17] - 2020-12-08 - daily_fblike start
[2020-12-09 01:00:17] - 2020-12-08 - daily_fblike success
[2020-12-09 01:00:17] - 2020-12-08 - daily_review start
[2020-12-09 01:00:17] - 2020-12-08 - daily_review success
[2020-12-09 01:00:17] - 2020-12-08 - daily_restock_notify start
[2020-12-09 01:00:17] - 2020-12-08 - daily_restock_notify success
[2020-12-09 01:00:17] - 2020-12-08 - daily_wish start
[2020-12-09 01:00:17] - 2020-12-08 - daily_wish success
[2020-12-09 01:00:17] - 2020-12-08 - daily_cart start
[2020-12-09 01:00:17] - 2020-12-08 - daily_cart success
[2020-12-09 01:00:17] - 2020-12-08 - daily_view start
[2020-12-09 01:00:18] - 2020-12-08 - daily_view success
[2020-12-09 01:00:18] - 2020-12-08 - daily_sales_price start
[2020-12-09 01:00:18] - 2020-12-08 - daily_sales_price success
[2020-12-09 01:00:18] - 2020-12-08 - case1 start
[2020-12-09 01:00:18] - 2020-12-08 - case1 success
[2020-12-09 01:00:18] - 2020-12-08 - case2 start
[2020-12-09 01:00:18] - 2020-12-08 - case2 success
[2020-12-09 01:00:18] - 2020-12-08 - delete start
[2020-12-09 01:00:18] - 2020-12-08 - fm_daily_stats_fblike_vw start
[2020-12-09 01:00:18] - 2020-12-08 - fm_daily_stats_fblike_vw success
[2020-12-09 01:00:18] - 2020-12-08 - fm_daily_stats_review_vw start
[2020-12-09 01:00:18] - 2020-12-08 - fm_daily_stats_review_vw success
[2020-12-09 01:00:18] - 2020-12-08 - fm_daily_stats_restock_notify_vw start
[2020-12-09 01:00:18] - 2020-12-08 - fm_daily_stats_restock_notify_vw success
[2020-12-09 01:00:18] - 2020-12-08 - fm_daily_stats_wish_vw start
[2020-12-09 01:00:18] - 2020-12-08 - fm_daily_stats_wish_vw success
[2020-12-09 01:00:18] - 2020-12-08 - fm_daily_stats_cart_vw start
[2020-12-09 01:00:18] - 2020-12-08 - fm_daily_stats_cart_vw success
[2020-12-09 01:00:18] - 2020-12-08 - fm_daily_stats_order_vw start
[2020-12-09 01:00:18] - 2020-12-08 - fm_daily_stats_order_vw success
[2020-12-09 01:00:18] - 2020-12-08 - fm_daily_stats_view_vw start
[2020-12-09 01:00:18] - 2020-12-08 - fm_daily_stats_view_vw success
[2020-12-09 01:00:18] - 2020-12-08 - delete success
[2020-12-09 01:00:18] - 상품별 3개월 구매수량 등록(goods_purchase_ea)
[2020-12-09 01:00:18] - 입점사 정산 주기 변경(account_seller_period_update)
[2020-12-09 01:00:18] - 입점사별 정산 집계(account_seller_stats)
[2020-12-09 01:00:18] - 불필요한 이월데이터 삭제(account_seller_del_sales)
[2020-12-09 01:00:18] - 일일통계 (주문,좋아요,리뷰,재입고알림,찜,장바구니,보기) 집계(daily_stats)
[2020-12-09 01:00:18] - 마일리지, 포인트,캐쉬 통계 집계(statistic_epc)
[2020-12-09 01:00:18] - referer 도메인 업데이트(set_referer_domain)
[2020-12-09 01:00:18] - 일일통계 데이터 삭제(stats_delete)
[2020-12-10 01:00:16] - 2020-12-09 - daily_order start
[2020-12-10 01:00:16] - 2020-12-09 - daily_order success
[2020-12-10 01:00:16] - 2020-12-09 - daily_fblike start
[2020-12-10 01:00:16] - 2020-12-09 - daily_fblike success
[2020-12-10 01:00:16] - 2020-12-09 - daily_review start
[2020-12-10 01:00:16] - 2020-12-09 - daily_review success
[2020-12-10 01:00:16] - 2020-12-09 - daily_restock_notify start
[2020-12-10 01:00:16] - 2020-12-09 - daily_restock_notify success
[2020-12-10 01:00:16] - 2020-12-09 - daily_wish start
[2020-12-10 01:00:16] - 2020-12-09 - daily_wish success
[2020-12-10 01:00:16] - 2020-12-09 - daily_cart start
[2020-12-10 01:00:16] - 2020-12-09 - daily_cart success
[2020-12-10 01:00:16] - 2020-12-09 - daily_view start
[2020-12-10 01:00:17] - 2020-12-09 - daily_view success
[2020-12-10 01:00:17] - 2020-12-09 - daily_sales_price start
[2020-12-10 01:00:17] - 2020-12-09 - daily_sales_price success
[2020-12-10 01:00:17] - 2020-12-09 - case1 start
[2020-12-10 01:00:17] - 2020-12-09 - case1 success
[2020-12-10 01:00:17] - 2020-12-09 - case2 start
[2020-12-10 01:00:18] - 2020-12-09 - case2 success
[2020-12-10 01:00:18] - 2020-12-09 - delete start
[2020-12-10 01:00:18] - 2020-12-09 - fm_daily_stats_fblike_vw start
[2020-12-10 01:00:18] - 2020-12-09 - fm_daily_stats_fblike_vw success
[2020-12-10 01:00:18] - 2020-12-09 - fm_daily_stats_review_vw start
[2020-12-10 01:00:18] - 2020-12-09 - fm_daily_stats_review_vw success
[2020-12-10 01:00:18] - 2020-12-09 - fm_daily_stats_restock_notify_vw start
[2020-12-10 01:00:18] - 2020-12-09 - fm_daily_stats_restock_notify_vw success
[2020-12-10 01:00:18] - 2020-12-09 - fm_daily_stats_wish_vw start
[2020-12-10 01:00:18] - 2020-12-09 - fm_daily_stats_wish_vw success
[2020-12-10 01:00:18] - 2020-12-09 - fm_daily_stats_cart_vw start
[2020-12-10 01:00:18] - 2020-12-09 - fm_daily_stats_cart_vw success
[2020-12-10 01:00:18] - 2020-12-09 - fm_daily_stats_order_vw start
[2020-12-10 01:00:18] - 2020-12-09 - fm_daily_stats_order_vw success
[2020-12-10 01:00:18] - 2020-12-09 - fm_daily_stats_view_vw start
[2020-12-10 01:00:18] - 2020-12-09 - fm_daily_stats_view_vw success
[2020-12-10 01:00:18] - 2020-12-09 - delete success
[2020-12-10 01:00:18] - 상품별 3개월 구매수량 등록(goods_purchase_ea)
[2020-12-10 01:00:18] - 입점사 정산 주기 변경(account_seller_period_update)
[2020-12-10 01:00:18] - 입점사별 정산 집계(account_seller_stats)
[2020-12-10 01:00:18] - 불필요한 이월데이터 삭제(account_seller_del_sales)
[2020-12-10 01:00:18] - 일일통계 (주문,좋아요,리뷰,재입고알림,찜,장바구니,보기) 집계(daily_stats)
[2020-12-10 01:00:18] - 마일리지, 포인트,캐쉬 통계 집계(statistic_epc)
[2020-12-10 01:00:18] - referer 도메인 업데이트(set_referer_domain)
[2020-12-10 01:00:18] - 일일통계 데이터 삭제(stats_delete)
[2020-12-11 01:00:16] - 2020-12-10 - daily_order start
[2020-12-11 01:00:16] - 2020-12-10 - daily_order success
[2020-12-11 01:00:16] - 2020-12-10 - daily_fblike start
[2020-12-11 01:00:16] - 2020-12-10 - daily_fblike success
[2020-12-11 01:00:16] - 2020-12-10 - daily_review start
[2020-12-11 01:00:16] - 2020-12-10 - daily_review success
[2020-12-11 01:00:16] - 2020-12-10 - daily_restock_notify start
[2020-12-11 01:00:16] - 2020-12-10 - daily_restock_notify success
[2020-12-11 01:00:16] - 2020-12-10 - daily_wish start
[2020-12-11 01:00:16] - 2020-12-10 - daily_wish success
[2020-12-11 01:00:16] - 2020-12-10 - daily_cart start
[2020-12-11 01:00:16] - 2020-12-10 - daily_cart success
[2020-12-11 01:00:16] - 2020-12-10 - daily_view start
[2020-12-11 01:00:17] - 2020-12-10 - daily_view success
[2020-12-11 01:00:17] - 2020-12-10 - daily_sales_price start
[2020-12-11 01:00:17] - 2020-12-10 - daily_sales_price success
[2020-12-11 01:00:17] - 2020-12-10 - case1 start
[2020-12-11 01:00:17] - 2020-12-10 - case1 success
[2020-12-11 01:00:17] - 2020-12-10 - case2 start
[2020-12-11 01:00:18] - 2020-12-10 - case2 success
[2020-12-11 01:00:18] - 2020-12-10 - delete start
[2020-12-11 01:00:18] - 2020-12-10 - fm_daily_stats_fblike_vw start
[2020-12-11 01:00:18] - 2020-12-10 - fm_daily_stats_fblike_vw success
[2020-12-11 01:00:18] - 2020-12-10 - fm_daily_stats_review_vw start
[2020-12-11 01:00:18] - 2020-12-10 - fm_daily_stats_review_vw success
[2020-12-11 01:00:18] - 2020-12-10 - fm_daily_stats_restock_notify_vw start
[2020-12-11 01:00:18] - 2020-12-10 - fm_daily_stats_restock_notify_vw success
[2020-12-11 01:00:18] - 2020-12-10 - fm_daily_stats_wish_vw start
[2020-12-11 01:00:18] - 2020-12-10 - fm_daily_stats_wish_vw success
[2020-12-11 01:00:18] - 2020-12-10 - fm_daily_stats_cart_vw start
[2020-12-11 01:00:18] - 2020-12-10 - fm_daily_stats_cart_vw success
[2020-12-11 01:00:18] - 2020-12-10 - fm_daily_stats_order_vw start
[2020-12-11 01:00:18] - 2020-12-10 - fm_daily_stats_order_vw success
[2020-12-11 01:00:18] - 2020-12-10 - fm_daily_stats_view_vw start
[2020-12-11 01:00:18] - 2020-12-10 - fm_daily_stats_view_vw success
[2020-12-11 01:00:18] - 2020-12-10 - delete success
[2020-12-11 01:00:18] - 상품별 3개월 구매수량 등록(goods_purchase_ea)
[2020-12-11 01:00:18] - 입점사 정산 주기 변경(account_seller_period_update)
[2020-12-11 01:00:18] - 입점사별 정산 집계(account_seller_stats)
[2020-12-11 01:00:18] - 불필요한 이월데이터 삭제(account_seller_del_sales)
[2020-12-11 01:00:18] - 일일통계 (주문,좋아요,리뷰,재입고알림,찜,장바구니,보기) 집계(daily_stats)
[2020-12-11 01:00:18] - 마일리지, 포인트,캐쉬 통계 집계(statistic_epc)
[2020-12-11 01:00:18] - referer 도메인 업데이트(set_referer_domain)
[2020-12-11 01:00:18] - 일일통계 데이터 삭제(stats_delete)
[2020-12-12 01:00:16] - 2020-12-11 - daily_order start
[2020-12-12 01:00:16] - 2020-12-11 - daily_order success
[2020-12-12 01:00:16] - 2020-12-11 - daily_fblike start
[2020-12-12 01:00:16] - 2020-12-11 - daily_fblike success
[2020-12-12 01:00:16] - 2020-12-11 - daily_review start
[2020-12-12 01:00:16] - 2020-12-11 - daily_review success
[2020-12-12 01:00:16] - 2020-12-11 - daily_restock_notify start
[2020-12-12 01:00:16] - 2020-12-11 - daily_restock_notify success
[2020-12-12 01:00:16] - 2020-12-11 - daily_wish start
[2020-12-12 01:00:16] - 2020-12-11 - daily_wish success
[2020-12-12 01:00:16] - 2020-12-11 - daily_cart start
[2020-12-12 01:00:16] - 2020-12-11 - daily_cart success
[2020-12-12 01:00:16] - 2020-12-11 - daily_view start
[2020-12-12 01:00:16] - 2020-12-11 - daily_view success
[2020-12-12 01:00:16] - 2020-12-11 - daily_sales_price start
[2020-12-12 01:00:16] - 2020-12-11 - daily_sales_price success
[2020-12-12 01:00:16] - 2020-12-11 - case1 start
[2020-12-12 01:00:17] - 2020-12-11 - case1 success
[2020-12-12 01:00:17] - 2020-12-11 - case2 start
[2020-12-12 01:00:17] - 2020-12-11 - case2 success
[2020-12-12 01:00:17] - 2020-12-11 - delete start
[2020-12-12 01:00:17] - 2020-12-11 - fm_daily_stats_fblike_vw start
[2020-12-12 01:00:17] - 2020-12-11 - fm_daily_stats_fblike_vw success
[2020-12-12 01:00:17] - 2020-12-11 - fm_daily_stats_review_vw start
[2020-12-12 01:00:17] - 2020-12-11 - fm_daily_stats_review_vw success
[2020-12-12 01:00:17] - 2020-12-11 - fm_daily_stats_restock_notify_vw start
[2020-12-12 01:00:17] - 2020-12-11 - fm_daily_stats_restock_notify_vw success
[2020-12-12 01:00:17] - 2020-12-11 - fm_daily_stats_wish_vw start
[2020-12-12 01:00:17] - 2020-12-11 - fm_daily_stats_wish_vw success
[2020-12-12 01:00:17] - 2020-12-11 - fm_daily_stats_cart_vw start
[2020-12-12 01:00:17] - 2020-12-11 - fm_daily_stats_cart_vw success
[2020-12-12 01:00:17] - 2020-12-11 - fm_daily_stats_order_vw start
[2020-12-12 01:00:17] - 2020-12-11 - fm_daily_stats_order_vw success
[2020-12-12 01:00:17] - 2020-12-11 - fm_daily_stats_view_vw start
[2020-12-12 01:00:17] - 2020-12-11 - fm_daily_stats_view_vw success
[2020-12-12 01:00:17] - 2020-12-11 - delete success
[2020-12-12 01:00:17] - 상품별 3개월 구매수량 등록(goods_purchase_ea)
[2020-12-12 01:00:17] - 입점사 정산 주기 변경(account_seller_period_update)
[2020-12-12 01:00:17] - 입점사별 정산 집계(account_seller_stats)
[2020-12-12 01:00:17] - 불필요한 이월데이터 삭제(account_seller_del_sales)
[2020-12-12 01:00:17] - 일일통계 (주문,좋아요,리뷰,재입고알림,찜,장바구니,보기) 집계(daily_stats)
[2020-12-12 01:00:17] - 마일리지, 포인트,캐쉬 통계 집계(statistic_epc)
[2020-12-12 01:00:17] - referer 도메인 업데이트(set_referer_domain)
[2020-12-12 01:00:17] - 일일통계 데이터 삭제(stats_delete)
[2020-12-13 01:00:15] - 2020-12-12 - daily_order start
[2020-12-13 01:00:15] - 2020-12-12 - daily_order success
[2020-12-13 01:00:15] - 2020-12-12 - daily_fblike start
[2020-12-13 01:00:15] - 2020-12-12 - daily_fblike success
[2020-12-13 01:00:15] - 2020-12-12 - daily_review start
[2020-12-13 01:00:15] - 2020-12-12 - daily_review success
[2020-12-13 01:00:15] - 2020-12-12 - daily_restock_notify start
[2020-12-13 01:00:15] - 2020-12-12 - daily_restock_notify success
[2020-12-13 01:00:15] - 2020-12-12 - daily_wish start
[2020-12-13 01:00:15] - 2020-12-12 - daily_wish success
[2020-12-13 01:00:15] - 2020-12-12 - daily_cart start
[2020-12-13 01:00:15] - 2020-12-12 - daily_cart success
[2020-12-13 01:00:15] - 2020-12-12 - daily_view start
[2020-12-13 01:00:16] - 2020-12-12 - daily_view success
[2020-12-13 01:00:16] - 2020-12-12 - daily_sales_price start
[2020-12-13 01:00:16] - 2020-12-12 - daily_sales_price success
[2020-12-13 01:00:16] - 2020-12-12 - case1 start
[2020-12-13 01:00:16] - 2020-12-12 - case1 success
[2020-12-13 01:00:16] - 2020-12-12 - case2 start
[2020-12-13 01:00:16] - 2020-12-12 - case2 success
[2020-12-13 01:00:16] - 2020-12-12 - delete start
[2020-12-13 01:00:16] - 2020-12-12 - fm_daily_stats_fblike_vw start
[2020-12-13 01:00:16] - 2020-12-12 - fm_daily_stats_fblike_vw success
[2020-12-13 01:00:16] - 2020-12-12 - fm_daily_stats_review_vw start
[2020-12-13 01:00:16] - 2020-12-12 - fm_daily_stats_review_vw success
[2020-12-13 01:00:16] - 2020-12-12 - fm_daily_stats_restock_notify_vw start
[2020-12-13 01:00:16] - 2020-12-12 - fm_daily_stats_restock_notify_vw success
[2020-12-13 01:00:16] - 2020-12-12 - fm_daily_stats_wish_vw start
[2020-12-13 01:00:16] - 2020-12-12 - fm_daily_stats_wish_vw success
[2020-12-13 01:00:16] - 2020-12-12 - fm_daily_stats_cart_vw start
[2020-12-13 01:00:16] - 2020-12-12 - fm_daily_stats_cart_vw success
[2020-12-13 01:00:16] - 2020-12-12 - fm_daily_stats_order_vw start
[2020-12-13 01:00:16] - 2020-12-12 - fm_daily_stats_order_vw success
[2020-12-13 01:00:16] - 2020-12-12 - fm_daily_stats_view_vw start
[2020-12-13 01:00:16] - 2020-12-12 - fm_daily_stats_view_vw success
[2020-12-13 01:00:16] - 2020-12-12 - delete success
[2020-12-13 01:00:17] - 상품별 3개월 구매수량 등록(goods_purchase_ea)
[2020-12-13 01:00:17] - 입점사 정산 주기 변경(account_seller_period_update)
[2020-12-13 01:00:17] - 입점사별 정산 집계(account_seller_stats)
[2020-12-13 01:00:17] - 불필요한 이월데이터 삭제(account_seller_del_sales)
[2020-12-13 01:00:17] - 일일통계 (주문,좋아요,리뷰,재입고알림,찜,장바구니,보기) 집계(daily_stats)
[2020-12-13 01:00:17] - 마일리지, 포인트,캐쉬 통계 집계(statistic_epc)
[2020-12-13 01:00:17] - referer 도메인 업데이트(set_referer_domain)
[2020-12-13 01:00:17] - 일일통계 데이터 삭제(stats_delete)
[2020-12-14 01:00:16] - 2020-12-13 - daily_order start
[2020-12-14 01:00:16] - 2020-12-13 - daily_order success
[2020-12-14 01:00:16] - 2020-12-13 - daily_fblike start
[2020-12-14 01:00:16] - 2020-12-13 - daily_fblike success
[2020-12-14 01:00:16] - 2020-12-13 - daily_review start
[2020-12-14 01:00:16] - 2020-12-13 - daily_review success
[2020-12-14 01:00:16] - 2020-12-13 - daily_restock_notify start
[2020-12-14 01:00:16] - 2020-12-13 - daily_restock_notify success
[2020-12-14 01:00:16] - 2020-12-13 - daily_wish start
[2020-12-14 01:00:16] - 2020-12-13 - daily_wish success
[2020-12-14 01:00:16] - 2020-12-13 - daily_cart start
[2020-12-14 01:00:16] - 2020-12-13 - daily_cart success
[2020-12-14 01:00:16] - 2020-12-13 - daily_view start
[2020-12-14 01:00:16] - 2020-12-13 - daily_view success
[2020-12-14 01:00:16] - 2020-12-13 - daily_sales_price start
[2020-12-14 01:00:16] - 2020-12-13 - daily_sales_price success
[2020-12-14 01:00:16] - 2020-12-13 - case1 start
[2020-12-14 01:00:16] - 2020-12-13 - case1 success
[2020-12-14 01:00:16] - 2020-12-13 - case2 start
[2020-12-14 01:00:17] - 2020-12-13 - case2 success
[2020-12-14 01:00:17] - 2020-12-13 - delete start
[2020-12-14 01:00:17] - 2020-12-13 - fm_daily_stats_fblike_vw start
[2020-12-14 01:00:17] - 2020-12-13 - fm_daily_stats_fblike_vw success
[2020-12-14 01:00:17] - 2020-12-13 - fm_daily_stats_review_vw start
[2020-12-14 01:00:17] - 2020-12-13 - fm_daily_stats_review_vw success
[2020-12-14 01:00:17] - 2020-12-13 - fm_daily_stats_restock_notify_vw start
[2020-12-14 01:00:17] - 2020-12-13 - fm_daily_stats_restock_notify_vw success
[2020-12-14 01:00:17] - 2020-12-13 - fm_daily_stats_wish_vw start
[2020-12-14 01:00:17] - 2020-12-13 - fm_daily_stats_wish_vw success
[2020-12-14 01:00:17] - 2020-12-13 - fm_daily_stats_cart_vw start
[2020-12-14 01:00:17] - 2020-12-13 - fm_daily_stats_cart_vw success
[2020-12-14 01:00:17] - 2020-12-13 - fm_daily_stats_order_vw start
[2020-12-14 01:00:17] - 2020-12-13 - fm_daily_stats_order_vw success
[2020-12-14 01:00:17] - 2020-12-13 - fm_daily_stats_view_vw start
[2020-12-14 01:00:17] - 2020-12-13 - fm_daily_stats_view_vw success
[2020-12-14 01:00:17] - 2020-12-13 - delete success
[2020-12-14 01:00:17] - 상품별 3개월 구매수량 등록(goods_purchase_ea)
[2020-12-14 01:00:17] - 입점사 정산 주기 변경(account_seller_period_update)
[2020-12-14 01:00:17] - 입점사별 정산 집계(account_seller_stats)
[2020-12-14 01:00:17] - 불필요한 이월데이터 삭제(account_seller_del_sales)
[2020-12-14 01:00:17] - 일일통계 (주문,좋아요,리뷰,재입고알림,찜,장바구니,보기) 집계(daily_stats)
[2020-12-14 01:00:17] - 마일리지, 포인트,캐쉬 통계 집계(statistic_epc)
[2020-12-14 01:00:17] - referer 도메인 업데이트(set_referer_domain)
[2020-12-14 01:00:17] - 일일통계 데이터 삭제(stats_delete)
[2020-12-15 01:00:09] - 2020-12-14 - daily_order start
[2020-12-15 01:00:09] - 2020-12-14 - daily_order success
[2020-12-15 01:00:09] - 2020-12-14 - daily_fblike start
[2020-12-15 01:00:09] - 2020-12-14 - daily_fblike success
[2020-12-15 01:00:09] - 2020-12-14 - daily_review start
[2020-12-15 01:00:09] - 2020-12-14 - daily_review success
[2020-12-15 01:00:09] - 2020-12-14 - daily_restock_notify start
[2020-12-15 01:00:09] - 2020-12-14 - daily_restock_notify success
[2020-12-15 01:00:09] - 2020-12-14 - daily_wish start
[2020-12-15 01:00:09] - 2020-12-14 - daily_wish success
[2020-12-15 01:00:09] - 2020-12-14 - daily_cart start
[2020-12-15 01:00:09] - 2020-12-14 - daily_cart success
[2020-12-15 01:00:09] - 2020-12-14 - daily_view start
[2020-12-15 01:00:09] - 2020-12-14 - daily_view success
[2020-12-15 01:00:09] - 2020-12-14 - daily_sales_price start
[2020-12-15 01:00:09] - 2020-12-14 - daily_sales_price success
[2020-12-15 01:00:09] - 2020-12-14 - case1 start
[2020-12-15 01:00:09] - 2020-12-14 - case1 success
[2020-12-15 01:00:09] - 2020-12-14 - case2 start
[2020-12-15 01:00:10] - 2020-12-14 - case2 success
[2020-12-15 01:00:10] - 2020-12-14 - delete start
[2020-12-15 01:00:10] - 2020-12-14 - fm_daily_stats_fblike_vw start
[2020-12-15 01:00:10] - 2020-12-14 - fm_daily_stats_fblike_vw success
[2020-12-15 01:00:10] - 2020-12-14 - fm_daily_stats_review_vw start
[2020-12-15 01:00:10] - 2020-12-14 - fm_daily_stats_review_vw success
[2020-12-15 01:00:10] - 2020-12-14 - fm_daily_stats_restock_notify_vw start
[2020-12-15 01:00:10] - 2020-12-14 - fm_daily_stats_restock_notify_vw success
[2020-12-15 01:00:10] - 2020-12-14 - fm_daily_stats_wish_vw start
[2020-12-15 01:00:10] - 2020-12-14 - fm_daily_stats_wish_vw success
[2020-12-15 01:00:10] - 2020-12-14 - fm_daily_stats_cart_vw start
[2020-12-15 01:00:10] - 2020-12-14 - fm_daily_stats_cart_vw success
[2020-12-15 01:00:10] - 2020-12-14 - fm_daily_stats_order_vw start
[2020-12-15 01:00:10] - 2020-12-14 - fm_daily_stats_order_vw success
[2020-12-15 01:00:10] - 2020-12-14 - fm_daily_stats_view_vw start
[2020-12-15 01:00:10] - 2020-12-14 - fm_daily_stats_view_vw success
[2020-12-15 01:00:10] - 2020-12-14 - delete success
[2020-12-15 01:00:10] - 상품별 3개월 구매수량 등록(goods_purchase_ea)
[2020-12-15 01:00:10] - 입점사 정산 주기 변경(account_seller_period_update)
[2020-12-15 01:00:10] - 입점사별 정산 집계(account_seller_stats)
[2020-12-15 01:00:10] - 불필요한 이월데이터 삭제(account_seller_del_sales)
[2020-12-15 01:00:10] - 일일통계 (주문,좋아요,리뷰,재입고알림,찜,장바구니,보기) 집계(daily_stats)
[2020-12-15 01:00:10] - 마일리지, 포인트,캐쉬 통계 집계(statistic_epc)
[2020-12-15 01:00:10] - referer 도메인 업데이트(set_referer_domain)
[2020-12-15 01:00:10] - 일일통계 데이터 삭제(stats_delete)
[2020-12-16 01:00:15] - 2020-12-15 - daily_order start
[2020-12-16 01:00:15] - 2020-12-15 - daily_order success
[2020-12-16 01:00:15] - 2020-12-15 - daily_fblike start
[2020-12-16 01:00:15] - 2020-12-15 - daily_fblike success
[2020-12-16 01:00:15] - 2020-12-15 - daily_review start
[2020-12-16 01:00:15] - 2020-12-15 - daily_review success
[2020-12-16 01:00:15] - 2020-12-15 - daily_restock_notify start
[2020-12-16 01:00:15] - 2020-12-15 - daily_restock_notify success
[2020-12-16 01:00:15] - 2020-12-15 - daily_wish start
[2020-12-16 01:00:15] - 2020-12-15 - daily_wish success
[2020-12-16 01:00:15] - 2020-12-15 - daily_cart start
[2020-12-16 01:00:15] - 2020-12-15 - daily_cart success
[2020-12-16 01:00:15] - 2020-12-15 - daily_view start
[2020-12-16 01:00:16] - 2020-12-15 - daily_view success
[2020-12-16 01:00:16] - 2020-12-15 - daily_sales_price start
[2020-12-16 01:00:16] - 2020-12-15 - daily_sales_price success
[2020-12-16 01:00:16] - 2020-12-15 - case1 start
[2020-12-16 01:00:16] - 2020-12-15 - case1 success
[2020-12-16 01:00:16] - 2020-12-15 - case2 start
[2020-12-16 01:00:16] - 2020-12-15 - case2 success
[2020-12-16 01:00:16] - 2020-12-15 - delete start
[2020-12-16 01:00:16] - 2020-12-15 - fm_daily_stats_fblike_vw start
[2020-12-16 01:00:16] - 2020-12-15 - fm_daily_stats_fblike_vw success
[2020-12-16 01:00:16] - 2020-12-15 - fm_daily_stats_review_vw start
[2020-12-16 01:00:16] - 2020-12-15 - fm_daily_stats_review_vw success
[2020-12-16 01:00:16] - 2020-12-15 - fm_daily_stats_restock_notify_vw start
[2020-12-16 01:00:16] - 2020-12-15 - fm_daily_stats_restock_notify_vw success
[2020-12-16 01:00:16] - 2020-12-15 - fm_daily_stats_wish_vw start
[2020-12-16 01:00:16] - 2020-12-15 - fm_daily_stats_wish_vw success
[2020-12-16 01:00:16] - 2020-12-15 - fm_daily_stats_cart_vw start
[2020-12-16 01:00:16] - 2020-12-15 - fm_daily_stats_cart_vw success
[2020-12-16 01:00:16] - 2020-12-15 - fm_daily_stats_order_vw start
[2020-12-16 01:00:16] - 2020-12-15 - fm_daily_stats_order_vw success
[2020-12-16 01:00:16] - 2020-12-15 - fm_daily_stats_view_vw start
[2020-12-16 01:00:16] - 2020-12-15 - fm_daily_stats_view_vw success
[2020-12-16 01:00:16] - 2020-12-15 - delete success
[2020-12-16 01:00:17] - 상품별 3개월 구매수량 등록(goods_purchase_ea)
[2020-12-16 01:00:17] - 입점사 정산 주기 변경(account_seller_period_update)
[2020-12-16 01:00:17] - 입점사별 정산 집계(account_seller_stats)
[2020-12-16 01:00:17] - 불필요한 이월데이터 삭제(account_seller_del_sales)
[2020-12-16 01:00:17] - 일일통계 (주문,좋아요,리뷰,재입고알림,찜,장바구니,보기) 집계(daily_stats)
[2020-12-16 01:00:17] - 마일리지, 포인트,캐쉬 통계 집계(statistic_epc)
[2020-12-16 01:00:17] - referer 도메인 업데이트(set_referer_domain)
[2020-12-16 01:00:17] - 일일통계 데이터 삭제(stats_delete)
[2020-12-17 01:00:14] - 2020-12-16 - daily_order start
[2020-12-17 01:00:14] - 2020-12-16 - daily_order success
[2020-12-17 01:00:14] - 2020-12-16 - daily_fblike start
[2020-12-17 01:00:14] - 2020-12-16 - daily_fblike success
[2020-12-17 01:00:14] - 2020-12-16 - daily_review start
[2020-12-17 01:00:14] - 2020-12-16 - daily_review success
[2020-12-17 01:00:14] - 2020-12-16 - daily_restock_notify start
[2020-12-17 01:00:14] - 2020-12-16 - daily_restock_notify success
[2020-12-17 01:00:14] - 2020-12-16 - daily_wish start
[2020-12-17 01:00:14] - 2020-12-16 - daily_wish success
[2020-12-17 01:00:14] - 2020-12-16 - daily_cart start
[2020-12-17 01:00:14] - 2020-12-16 - daily_cart success
[2020-12-17 01:00:14] - 2020-12-16 - daily_view start
[2020-12-17 01:00:15] - 2020-12-16 - daily_view success
[2020-12-17 01:00:15] - 2020-12-16 - daily_sales_price start
[2020-12-17 01:00:15] - 2020-12-16 - daily_sales_price success
[2020-12-17 01:00:15] - 2020-12-16 - case1 start
[2020-12-17 01:00:15] - 2020-12-16 - case1 success
[2020-12-17 01:00:15] - 2020-12-16 - case2 start
[2020-12-17 01:00:16] - 2020-12-16 - case2 success
[2020-12-17 01:00:16] - 2020-12-16 - delete start
[2020-12-17 01:00:16] - 2020-12-16 - fm_daily_stats_fblike_vw start
[2020-12-17 01:00:16] - 2020-12-16 - fm_daily_stats_fblike_vw success
[2020-12-17 01:00:16] - 2020-12-16 - fm_daily_stats_review_vw start
[2020-12-17 01:00:16] - 2020-12-16 - fm_daily_stats_review_vw success
[2020-12-17 01:00:16] - 2020-12-16 - fm_daily_stats_restock_notify_vw start
[2020-12-17 01:00:16] - 2020-12-16 - fm_daily_stats_restock_notify_vw success
[2020-12-17 01:00:16] - 2020-12-16 - fm_daily_stats_wish_vw start
[2020-12-17 01:00:16] - 2020-12-16 - fm_daily_stats_wish_vw success
[2020-12-17 01:00:16] - 2020-12-16 - fm_daily_stats_cart_vw start
[2020-12-17 01:00:16] - 2020-12-16 - fm_daily_stats_cart_vw success
[2020-12-17 01:00:16] - 2020-12-16 - fm_daily_stats_order_vw start
[2020-12-17 01:00:16] - 2020-12-16 - fm_daily_stats_order_vw success
[2020-12-17 01:00:16] - 2020-12-16 - fm_daily_stats_view_vw start
[2020-12-17 01:00:16] - 2020-12-16 - fm_daily_stats_view_vw success
[2020-12-17 01:00:16] - 2020-12-16 - delete success
[2020-12-17 01:00:16] - 상품별 3개월 구매수량 등록(goods_purchase_ea)
[2020-12-17 01:00:16] - 입점사 정산 주기 변경(account_seller_period_update)
[2020-12-17 01:00:16] - 입점사별 정산 집계(account_seller_stats)
[2020-12-17 01:00:16] - 불필요한 이월데이터 삭제(account_seller_del_sales)
[2020-12-17 01:00:16] - 일일통계 (주문,좋아요,리뷰,재입고알림,찜,장바구니,보기) 집계(daily_stats)
[2020-12-17 01:00:16] - 마일리지, 포인트,캐쉬 통계 집계(statistic_epc)
[2020-12-17 01:00:16] - referer 도메인 업데이트(set_referer_domain)
[2020-12-17 01:00:16] - 일일통계 데이터 삭제(stats_delete)
[2020-12-18 01:00:12] - 2020-12-17 - daily_order start
[2020-12-18 01:00:12] - 2020-12-17 - daily_order success
[2020-12-18 01:00:12] - 2020-12-17 - daily_fblike start
[2020-12-18 01:00:12] - 2020-12-17 - daily_fblike success
[2020-12-18 01:00:12] - 2020-12-17 - daily_review start
[2020-12-18 01:00:12] - 2020-12-17 - daily_review success
[2020-12-18 01:00:12] - 2020-12-17 - daily_restock_notify start
[2020-12-18 01:00:12] - 2020-12-17 - daily_restock_notify success
[2020-12-18 01:00:12] - 2020-12-17 - daily_wish start
[2020-12-18 01:00:12] - 2020-12-17 - daily_wish success
[2020-12-18 01:00:12] - 2020-12-17 - daily_cart start
[2020-12-18 01:00:12] - 2020-12-17 - daily_cart success
[2020-12-18 01:00:12] - 2020-12-17 - daily_view start
[2020-12-18 01:00:12] - 2020-12-17 - daily_view success
[2020-12-18 01:00:12] - 2020-12-17 - daily_sales_price start
[2020-12-18 01:00:12] - 2020-12-17 - daily_sales_price success
[2020-12-18 01:00:12] - 2020-12-17 - case1 start
[2020-12-18 01:00:13] - 2020-12-17 - case1 success
[2020-12-18 01:00:13] - 2020-12-17 - case2 start
[2020-12-18 01:00:14] - 2020-12-17 - case2 success
[2020-12-18 01:00:14] - 2020-12-17 - delete start
[2020-12-18 01:00:14] - 2020-12-17 - fm_daily_stats_fblike_vw start
[2020-12-18 01:00:14] - 2020-12-17 - fm_daily_stats_fblike_vw success
[2020-12-18 01:00:14] - 2020-12-17 - fm_daily_stats_review_vw start
[2020-12-18 01:00:14] - 2020-12-17 - fm_daily_stats_review_vw success
[2020-12-18 01:00:14] - 2020-12-17 - fm_daily_stats_restock_notify_vw start
[2020-12-18 01:00:14] - 2020-12-17 - fm_daily_stats_restock_notify_vw success
[2020-12-18 01:00:14] - 2020-12-17 - fm_daily_stats_wish_vw start
[2020-12-18 01:00:14] - 2020-12-17 - fm_daily_stats_wish_vw success
[2020-12-18 01:00:14] - 2020-12-17 - fm_daily_stats_cart_vw start
[2020-12-18 01:00:14] - 2020-12-17 - fm_daily_stats_cart_vw success
[2020-12-18 01:00:14] - 2020-12-17 - fm_daily_stats_order_vw start
[2020-12-18 01:00:14] - 2020-12-17 - fm_daily_stats_order_vw success
[2020-12-18 01:00:14] - 2020-12-17 - fm_daily_stats_view_vw start
[2020-12-18 01:00:14] - 2020-12-17 - fm_daily_stats_view_vw success
[2020-12-18 01:00:14] - 2020-12-17 - delete success
[2020-12-18 01:00:14] - 상품별 3개월 구매수량 등록(goods_purchase_ea)
[2020-12-18 01:00:14] - 입점사 정산 주기 변경(account_seller_period_update)
[2020-12-18 01:00:14] - 입점사별 정산 집계(account_seller_stats)
[2020-12-18 01:00:14] - 불필요한 이월데이터 삭제(account_seller_del_sales)
[2020-12-18 01:00:14] - 일일통계 (주문,좋아요,리뷰,재입고알림,찜,장바구니,보기) 집계(daily_stats)
[2020-12-18 01:00:14] - 마일리지, 포인트,캐쉬 통계 집계(statistic_epc)
[2020-12-18 01:00:14] - referer 도메인 업데이트(set_referer_domain)
[2020-12-18 01:00:14] - 일일통계 데이터 삭제(stats_delete)
[2020-12-19 01:00:17] - 2020-12-18 - daily_order start
[2020-12-19 01:00:17] - 2020-12-18 - daily_order success
[2020-12-19 01:00:17] - 2020-12-18 - daily_fblike start
[2020-12-19 01:00:17] - 2020-12-18 - daily_fblike success
[2020-12-19 01:00:17] - 2020-12-18 - daily_review start
[2020-12-19 01:00:17] - 2020-12-18 - daily_review success
[2020-12-19 01:00:17] - 2020-12-18 - daily_restock_notify start
[2020-12-19 01:00:17] - 2020-12-18 - daily_restock_notify success
[2020-12-19 01:00:17] - 2020-12-18 - daily_wish start
[2020-12-19 01:00:17] - 2020-12-18 - daily_wish success
[2020-12-19 01:00:17] - 2020-12-18 - daily_cart start
[2020-12-19 01:00:17] - 2020-12-18 - daily_cart success
[2020-12-19 01:00:17] - 2020-12-18 - daily_view start
[2020-12-19 01:00:18] - 2020-12-18 - daily_view success
[2020-12-19 01:00:18] - 2020-12-18 - daily_sales_price start
[2020-12-19 01:00:18] - 2020-12-18 - daily_sales_price success
[2020-12-19 01:00:18] - 2020-12-18 - case1 start
[2020-12-19 01:00:18] - 2020-12-18 - case1 success
[2020-12-19 01:00:18] - 2020-12-18 - case2 start
[2020-12-19 01:00:19] - 2020-12-18 - case2 success
[2020-12-19 01:00:19] - 2020-12-18 - delete start
[2020-12-19 01:00:19] - 2020-12-18 - fm_daily_stats_fblike_vw start
[2020-12-19 01:00:19] - 2020-12-18 - fm_daily_stats_fblike_vw success
[2020-12-19 01:00:19] - 2020-12-18 - fm_daily_stats_review_vw start
[2020-12-19 01:00:19] - 2020-12-18 - fm_daily_stats_review_vw success
[2020-12-19 01:00:19] - 2020-12-18 - fm_daily_stats_restock_notify_vw start
[2020-12-19 01:00:19] - 2020-12-18 - fm_daily_stats_restock_notify_vw success
[2020-12-19 01:00:19] - 2020-12-18 - fm_daily_stats_wish_vw start
[2020-12-19 01:00:19] - 2020-12-18 - fm_daily_stats_wish_vw success
[2020-12-19 01:00:19] - 2020-12-18 - fm_daily_stats_cart_vw start
[2020-12-19 01:00:19] - 2020-12-18 - fm_daily_stats_cart_vw success
[2020-12-19 01:00:19] - 2020-12-18 - fm_daily_stats_order_vw start
[2020-12-19 01:00:19] - 2020-12-18 - fm_daily_stats_order_vw success
[2020-12-19 01:00:19] - 2020-12-18 - fm_daily_stats_view_vw start
[2020-12-19 01:00:19] - 2020-12-18 - fm_daily_stats_view_vw success
[2020-12-19 01:00:19] - 2020-12-18 - delete success
[2020-12-19 01:00:19] - 상품별 3개월 구매수량 등록(goods_purchase_ea)
[2020-12-19 01:00:19] - 입점사 정산 주기 변경(account_seller_period_update)
[2020-12-19 01:00:19] - 입점사별 정산 집계(account_seller_stats)
[2020-12-19 01:00:19] - 불필요한 이월데이터 삭제(account_seller_del_sales)
[2020-12-19 01:00:19] - 일일통계 (주문,좋아요,리뷰,재입고알림,찜,장바구니,보기) 집계(daily_stats)
[2020-12-19 01:00:19] - 마일리지, 포인트,캐쉬 통계 집계(statistic_epc)
[2020-12-19 01:00:19] - referer 도메인 업데이트(set_referer_domain)
[2020-12-19 01:00:19] - 일일통계 데이터 삭제(stats_delete)
[2020-12-20 01:00:19] - 2020-12-19 - daily_order start
[2020-12-20 01:00:19] - 2020-12-19 - daily_order success
[2020-12-20 01:00:19] - 2020-12-19 - daily_fblike start
[2020-12-20 01:00:19] - 2020-12-19 - daily_fblike success
[2020-12-20 01:00:19] - 2020-12-19 - daily_review start
[2020-12-20 01:00:19] - 2020-12-19 - daily_review success
[2020-12-20 01:00:19] - 2020-12-19 - daily_restock_notify start
[2020-12-20 01:00:19] - 2020-12-19 - daily_restock_notify success
[2020-12-20 01:00:19] - 2020-12-19 - daily_wish start
[2020-12-20 01:00:19] - 2020-12-19 - daily_wish success
[2020-12-20 01:00:19] - 2020-12-19 - daily_cart start
[2020-12-20 01:00:19] - 2020-12-19 - daily_cart success
[2020-12-20 01:00:19] - 2020-12-19 - daily_view start
[2020-12-20 01:00:19] - 2020-12-19 - daily_view success
[2020-12-20 01:00:19] - 2020-12-19 - daily_sales_price start
[2020-12-20 01:00:19] - 2020-12-19 - daily_sales_price success
[2020-12-20 01:00:19] - 2020-12-19 - case1 start
[2020-12-20 01:00:20] - 2020-12-19 - case1 success
[2020-12-20 01:00:20] - 2020-12-19 - case2 start
[2020-12-20 01:00:20] - 2020-12-19 - case2 success
[2020-12-20 01:00:20] - 2020-12-19 - delete start
[2020-12-20 01:00:20] - 2020-12-19 - fm_daily_stats_fblike_vw start
[2020-12-20 01:00:20] - 2020-12-19 - fm_daily_stats_fblike_vw success
[2020-12-20 01:00:20] - 2020-12-19 - fm_daily_stats_review_vw start
[2020-12-20 01:00:20] - 2020-12-19 - fm_daily_stats_review_vw success
[2020-12-20 01:00:20] - 2020-12-19 - fm_daily_stats_restock_notify_vw start
[2020-12-20 01:00:20] - 2020-12-19 - fm_daily_stats_restock_notify_vw success
[2020-12-20 01:00:20] - 2020-12-19 - fm_daily_stats_wish_vw start
[2020-12-20 01:00:20] - 2020-12-19 - fm_daily_stats_wish_vw success
[2020-12-20 01:00:20] - 2020-12-19 - fm_daily_stats_cart_vw start
[2020-12-20 01:00:20] - 2020-12-19 - fm_daily_stats_cart_vw success
[2020-12-20 01:00:20] - 2020-12-19 - fm_daily_stats_order_vw start
[2020-12-20 01:00:20] - 2020-12-19 - fm_daily_stats_order_vw success
[2020-12-20 01:00:20] - 2020-12-19 - fm_daily_stats_view_vw start
[2020-12-20 01:00:20] - 2020-12-19 - fm_daily_stats_view_vw success
[2020-12-20 01:00:20] - 2020-12-19 - delete success
[2020-12-20 01:00:21] - 상품별 3개월 구매수량 등록(goods_purchase_ea)
[2020-12-20 01:00:21] - 입점사 정산 주기 변경(account_seller_period_update)
[2020-12-20 01:00:21] - 입점사별 정산 집계(account_seller_stats)
[2020-12-20 01:00:21] - 불필요한 이월데이터 삭제(account_seller_del_sales)
[2020-12-20 01:00:21] - 일일통계 (주문,좋아요,리뷰,재입고알림,찜,장바구니,보기) 집계(daily_stats)
[2020-12-20 01:00:21] - 마일리지, 포인트,캐쉬 통계 집계(statistic_epc)
[2020-12-20 01:00:21] - referer 도메인 업데이트(set_referer_domain)
[2020-12-20 01:00:21] - 일일통계 데이터 삭제(stats_delete)
[2020-12-21 01:00:18] - 2020-12-20 - daily_order start
[2020-12-21 01:00:18] - 2020-12-20 - daily_order success
[2020-12-21 01:00:18] - 2020-12-20 - daily_fblike start
[2020-12-21 01:00:18] - 2020-12-20 - daily_fblike success
[2020-12-21 01:00:18] - 2020-12-20 - daily_review start
[2020-12-21 01:00:18] - 2020-12-20 - daily_review success
[2020-12-21 01:00:18] - 2020-12-20 - daily_restock_notify start
[2020-12-21 01:00:18] - 2020-12-20 - daily_restock_notify success
[2020-12-21 01:00:18] - 2020-12-20 - daily_wish start
[2020-12-21 01:00:18] - 2020-12-20 - daily_wish success
[2020-12-21 01:00:18] - 2020-12-20 - daily_cart start
[2020-12-21 01:00:18] - 2020-12-20 - daily_cart success
[2020-12-21 01:00:18] - 2020-12-20 - daily_view start
[2020-12-21 01:00:18] - 2020-12-20 - daily_view success
[2020-12-21 01:00:18] - 2020-12-20 - daily_sales_price start
[2020-12-21 01:00:18] - 2020-12-20 - daily_sales_price success
[2020-12-21 01:00:18] - 2020-12-20 - case1 start
[2020-12-21 01:00:18] - 2020-12-20 - case1 success
[2020-12-21 01:00:18] - 2020-12-20 - case2 start
[2020-12-21 01:00:19] - 2020-12-20 - case2 success
[2020-12-21 01:00:19] - 2020-12-20 - delete start
[2020-12-21 01:00:19] - 2020-12-20 - fm_daily_stats_fblike_vw start
[2020-12-21 01:00:19] - 2020-12-20 - fm_daily_stats_fblike_vw success
[2020-12-21 01:00:19] - 2020-12-20 - fm_daily_stats_review_vw start
[2020-12-21 01:00:19] - 2020-12-20 - fm_daily_stats_review_vw success
[2020-12-21 01:00:19] - 2020-12-20 - fm_daily_stats_restock_notify_vw start
[2020-12-21 01:00:19] - 2020-12-20 - fm_daily_stats_restock_notify_vw success
[2020-12-21 01:00:19] - 2020-12-20 - fm_daily_stats_wish_vw start
[2020-12-21 01:00:19] - 2020-12-20 - fm_daily_stats_wish_vw success
[2020-12-21 01:00:19] - 2020-12-20 - fm_daily_stats_cart_vw start
[2020-12-21 01:00:19] - 2020-12-20 - fm_daily_stats_cart_vw success
[2020-12-21 01:00:19] - 2020-12-20 - fm_daily_stats_order_vw start
[2020-12-21 01:00:19] - 2020-12-20 - fm_daily_stats_order_vw success
[2020-12-21 01:00:19] - 2020-12-20 - fm_daily_stats_view_vw start
[2020-12-21 01:00:19] - 2020-12-20 - fm_daily_stats_view_vw success
[2020-12-21 01:00:19] - 2020-12-20 - delete success
[2020-12-21 01:00:19] - 상품별 3개월 구매수량 등록(goods_purchase_ea)
[2020-12-21 01:00:19] - 입점사 정산 주기 변경(account_seller_period_update)
[2020-12-21 01:00:19] - 입점사별 정산 집계(account_seller_stats)
[2020-12-21 01:00:19] - 불필요한 이월데이터 삭제(account_seller_del_sales)
[2020-12-21 01:00:19] - 일일통계 (주문,좋아요,리뷰,재입고알림,찜,장바구니,보기) 집계(daily_stats)
[2020-12-21 01:00:19] - 마일리지, 포인트,캐쉬 통계 집계(statistic_epc)
[2020-12-21 01:00:19] - referer 도메인 업데이트(set_referer_domain)
[2020-12-21 01:00:19] - 일일통계 데이터 삭제(stats_delete)
[2020-12-22 01:00:18] - 2020-12-21 - daily_order start
[2020-12-22 01:00:18] - 2020-12-21 - daily_order success
[2020-12-22 01:00:18] - 2020-12-21 - daily_fblike start
[2020-12-22 01:00:18] - 2020-12-21 - daily_fblike success
[2020-12-22 01:00:18] - 2020-12-21 - daily_review start
[2020-12-22 01:00:18] - 2020-12-21 - daily_review success
[2020-12-22 01:00:18] - 2020-12-21 - daily_restock_notify start
[2020-12-22 01:00:18] - 2020-12-21 - daily_restock_notify success
[2020-12-22 01:00:18] - 2020-12-21 - daily_wish start
[2020-12-22 01:00:18] - 2020-12-21 - daily_wish success
[2020-12-22 01:00:18] - 2020-12-21 - daily_cart start
[2020-12-22 01:00:18] - 2020-12-21 - daily_cart success
[2020-12-22 01:00:18] - 2020-12-21 - daily_view start
[2020-12-22 01:00:19] - 2020-12-21 - daily_view success
[2020-12-22 01:00:19] - 2020-12-21 - daily_sales_price start
[2020-12-22 01:00:19] - 2020-12-21 - daily_sales_price success
[2020-12-22 01:00:19] - 2020-12-21 - case1 start
[2020-12-22 01:00:19] - 2020-12-21 - case1 success
[2020-12-22 01:00:19] - 2020-12-21 - case2 start
[2020-12-22 01:00:20] - 2020-12-21 - case2 success
[2020-12-22 01:00:20] - 2020-12-21 - delete start
[2020-12-22 01:00:20] - 2020-12-21 - fm_daily_stats_fblike_vw start
[2020-12-22 01:00:20] - 2020-12-21 - fm_daily_stats_fblike_vw success
[2020-12-22 01:00:20] - 2020-12-21 - fm_daily_stats_review_vw start
[2020-12-22 01:00:20] - 2020-12-21 - fm_daily_stats_review_vw success
[2020-12-22 01:00:20] - 2020-12-21 - fm_daily_stats_restock_notify_vw start
[2020-12-22 01:00:20] - 2020-12-21 - fm_daily_stats_restock_notify_vw success
[2020-12-22 01:00:20] - 2020-12-21 - fm_daily_stats_wish_vw start
[2020-12-22 01:00:20] - 2020-12-21 - fm_daily_stats_wish_vw success
[2020-12-22 01:00:20] - 2020-12-21 - fm_daily_stats_cart_vw start
[2020-12-22 01:00:20] - 2020-12-21 - fm_daily_stats_cart_vw success
[2020-12-22 01:00:20] - 2020-12-21 - fm_daily_stats_order_vw start
[2020-12-22 01:00:20] - 2020-12-21 - fm_daily_stats_order_vw success
[2020-12-22 01:00:20] - 2020-12-21 - fm_daily_stats_view_vw start
[2020-12-22 01:00:20] - 2020-12-21 - fm_daily_stats_view_vw success
[2020-12-22 01:00:20] - 2020-12-21 - delete success
[2020-12-22 01:00:20] - 상품별 3개월 구매수량 등록(goods_purchase_ea)
[2020-12-22 01:00:20] - 입점사 정산 주기 변경(account_seller_period_update)
[2020-12-22 01:00:20] - 입점사별 정산 집계(account_seller_stats)
[2020-12-22 01:00:20] - 불필요한 이월데이터 삭제(account_seller_del_sales)
[2020-12-22 01:00:20] - 일일통계 (주문,좋아요,리뷰,재입고알림,찜,장바구니,보기) 집계(daily_stats)
[2020-12-22 01:00:20] - 마일리지, 포인트,캐쉬 통계 집계(statistic_epc)
[2020-12-22 01:00:20] - referer 도메인 업데이트(set_referer_domain)
[2020-12-22 01:00:20] - 일일통계 데이터 삭제(stats_delete)
[2020-12-23 01:00:18] - 2020-12-22 - daily_order start
[2020-12-23 01:00:18] - 2020-12-22 - daily_order success
[2020-12-23 01:00:18] - 2020-12-22 - daily_fblike start
[2020-12-23 01:00:18] - 2020-12-22 - daily_fblike success
[2020-12-23 01:00:18] - 2020-12-22 - daily_review start
[2020-12-23 01:00:18] - 2020-12-22 - daily_review success
[2020-12-23 01:00:18] - 2020-12-22 - daily_restock_notify start
[2020-12-23 01:00:18] - 2020-12-22 - daily_restock_notify success
[2020-12-23 01:00:18] - 2020-12-22 - daily_wish start
[2020-12-23 01:00:18] - 2020-12-22 - daily_wish success
[2020-12-23 01:00:18] - 2020-12-22 - daily_cart start
[2020-12-23 01:00:19] - 2020-12-22 - daily_cart success
[2020-12-23 01:00:19] - 2020-12-22 - daily_view start
[2020-12-23 01:00:19] - 2020-12-22 - daily_view success
[2020-12-23 01:00:19] - 2020-12-22 - daily_sales_price start
[2020-12-23 01:00:19] - 2020-12-22 - daily_sales_price success
[2020-12-23 01:00:19] - 2020-12-22 - case1 start
[2020-12-23 01:00:19] - 2020-12-22 - case1 success
[2020-12-23 01:00:19] - 2020-12-22 - case2 start
[2020-12-23 01:00:20] - 2020-12-22 - case2 success
[2020-12-23 01:00:20] - 2020-12-22 - delete start
[2020-12-23 01:00:20] - 2020-12-22 - fm_daily_stats_fblike_vw start
[2020-12-23 01:00:20] - 2020-12-22 - fm_daily_stats_fblike_vw success
[2020-12-23 01:00:20] - 2020-12-22 - fm_daily_stats_review_vw start
[2020-12-23 01:00:20] - 2020-12-22 - fm_daily_stats_review_vw success
[2020-12-23 01:00:20] - 2020-12-22 - fm_daily_stats_restock_notify_vw start
[2020-12-23 01:00:20] - 2020-12-22 - fm_daily_stats_restock_notify_vw success
[2020-12-23 01:00:20] - 2020-12-22 - fm_daily_stats_wish_vw start
[2020-12-23 01:00:20] - 2020-12-22 - fm_daily_stats_wish_vw success
[2020-12-23 01:00:20] - 2020-12-22 - fm_daily_stats_cart_vw start
[2020-12-23 01:00:20] - 2020-12-22 - fm_daily_stats_cart_vw success
[2020-12-23 01:00:20] - 2020-12-22 - fm_daily_stats_order_vw start
[2020-12-23 01:00:20] - 2020-12-22 - fm_daily_stats_order_vw success
[2020-12-23 01:00:20] - 2020-12-22 - fm_daily_stats_view_vw start
[2020-12-23 01:00:20] - 2020-12-22 - fm_daily_stats_view_vw success
[2020-12-23 01:00:20] - 2020-12-22 - delete success
[2020-12-23 01:00:20] - 상품별 3개월 구매수량 등록(goods_purchase_ea)
[2020-12-23 01:00:20] - 입점사 정산 주기 변경(account_seller_period_update)
[2020-12-23 01:00:20] - 입점사별 정산 집계(account_seller_stats)
[2020-12-23 01:00:20] - 불필요한 이월데이터 삭제(account_seller_del_sales)
[2020-12-23 01:00:20] - 일일통계 (주문,좋아요,리뷰,재입고알림,찜,장바구니,보기) 집계(daily_stats)
[2020-12-23 01:00:20] - 마일리지, 포인트,캐쉬 통계 집계(statistic_epc)
[2020-12-23 01:00:20] - referer 도메인 업데이트(set_referer_domain)
[2020-12-23 01:00:20] - 일일통계 데이터 삭제(stats_delete)
[2020-12-24 01:00:21] - 2020-12-23 - daily_order start
[2020-12-24 01:00:21] - 2020-12-23 - daily_order success
[2020-12-24 01:00:21] - 2020-12-23 - daily_fblike start
[2020-12-24 01:00:21] - 2020-12-23 - daily_fblike success
[2020-12-24 01:00:21] - 2020-12-23 - daily_review start
[2020-12-24 01:00:21] - 2020-12-23 - daily_review success
[2020-12-24 01:00:21] - 2020-12-23 - daily_restock_notify start
[2020-12-24 01:00:21] - 2020-12-23 - daily_restock_notify success
[2020-12-24 01:00:21] - 2020-12-23 - daily_wish start
[2020-12-24 01:00:21] - 2020-12-23 - daily_wish success
[2020-12-24 01:00:21] - 2020-12-23 - daily_cart start
[2020-12-24 01:00:21] - 2020-12-23 - daily_cart success
[2020-12-24 01:00:21] - 2020-12-23 - daily_view start
[2020-12-24 01:00:22] - 2020-12-23 - daily_view success
[2020-12-24 01:00:22] - 2020-12-23 - daily_sales_price start
[2020-12-24 01:00:22] - 2020-12-23 - daily_sales_price success
[2020-12-24 01:00:22] - 2020-12-23 - case1 start
[2020-12-24 01:00:22] - 2020-12-23 - case1 success
[2020-12-24 01:00:22] - 2020-12-23 - case2 start
[2020-12-24 01:00:23] - 2020-12-23 - case2 success
[2020-12-24 01:00:23] - 2020-12-23 - delete start
[2020-12-24 01:00:23] - 2020-12-23 - fm_daily_stats_fblike_vw start
[2020-12-24 01:00:23] - 2020-12-23 - fm_daily_stats_fblike_vw success
[2020-12-24 01:00:23] - 2020-12-23 - fm_daily_stats_review_vw start
[2020-12-24 01:00:23] - 2020-12-23 - fm_daily_stats_review_vw success
[2020-12-24 01:00:23] - 2020-12-23 - fm_daily_stats_restock_notify_vw start
[2020-12-24 01:00:23] - 2020-12-23 - fm_daily_stats_restock_notify_vw success
[2020-12-24 01:00:23] - 2020-12-23 - fm_daily_stats_wish_vw start
[2020-12-24 01:00:23] - 2020-12-23 - fm_daily_stats_wish_vw success
[2020-12-24 01:00:23] - 2020-12-23 - fm_daily_stats_cart_vw start
[2020-12-24 01:00:23] - 2020-12-23 - fm_daily_stats_cart_vw success
[2020-12-24 01:00:23] - 2020-12-23 - fm_daily_stats_order_vw start
[2020-12-24 01:00:23] - 2020-12-23 - fm_daily_stats_order_vw success
[2020-12-24 01:00:23] - 2020-12-23 - fm_daily_stats_view_vw start
[2020-12-24 01:00:23] - 2020-12-23 - fm_daily_stats_view_vw success
[2020-12-24 01:00:23] - 2020-12-23 - delete success
[2020-12-24 01:00:23] - 상품별 3개월 구매수량 등록(goods_purchase_ea)
[2020-12-24 01:00:23] - 입점사 정산 주기 변경(account_seller_period_update)
[2020-12-24 01:00:23] - 입점사별 정산 집계(account_seller_stats)
[2020-12-24 01:00:23] - 불필요한 이월데이터 삭제(account_seller_del_sales)
[2020-12-24 01:00:23] - 일일통계 (주문,좋아요,리뷰,재입고알림,찜,장바구니,보기) 집계(daily_stats)
[2020-12-24 01:00:23] - 마일리지, 포인트,캐쉬 통계 집계(statistic_epc)
[2020-12-24 01:00:23] - referer 도메인 업데이트(set_referer_domain)
[2020-12-24 01:00:23] - 일일통계 데이터 삭제(stats_delete)
[2020-12-25 01:01:16] - 2020-12-24 - daily_order start
[2020-12-25 01:01:16] - 2020-12-24 - daily_order success
[2020-12-25 01:01:16] - 2020-12-24 - daily_fblike start
[2020-12-25 01:01:16] - 2020-12-24 - daily_fblike success
[2020-12-25 01:01:16] - 2020-12-24 - daily_review start
[2020-12-25 01:01:16] - 2020-12-24 - daily_review success
[2020-12-25 01:01:16] - 2020-12-24 - daily_restock_notify start
[2020-12-25 01:01:16] - 2020-12-24 - daily_restock_notify success
[2020-12-25 01:01:16] - 2020-12-24 - daily_wish start
[2020-12-25 01:01:16] - 2020-12-24 - daily_wish success
[2020-12-25 01:01:16] - 2020-12-24 - daily_cart start
[2020-12-25 01:01:16] - 2020-12-24 - daily_cart success
[2020-12-25 01:01:16] - 2020-12-24 - daily_view start
[2020-12-25 01:01:16] - 2020-12-24 - daily_view success
[2020-12-25 01:01:16] - 2020-12-24 - daily_sales_price start
[2020-12-25 01:01:16] - 2020-12-24 - daily_sales_price success
[2020-12-25 01:01:16] - 2020-12-24 - case1 start
[2020-12-25 01:01:17] - 2020-12-24 - case1 success
[2020-12-25 01:01:17] - 2020-12-24 - case2 start
[2020-12-25 01:01:18] - 2020-12-24 - case2 success
[2020-12-25 01:01:18] - 2020-12-24 - delete start
[2020-12-25 01:01:18] - 2020-12-24 - fm_daily_stats_fblike_vw start
[2020-12-25 01:01:18] - 2020-12-24 - fm_daily_stats_fblike_vw success
[2020-12-25 01:01:18] - 2020-12-24 - fm_daily_stats_review_vw start
[2020-12-25 01:01:18] - 2020-12-24 - fm_daily_stats_review_vw success
[2020-12-25 01:01:18] - 2020-12-24 - fm_daily_stats_restock_notify_vw start
[2020-12-25 01:01:18] - 2020-12-24 - fm_daily_stats_restock_notify_vw success
[2020-12-25 01:01:18] - 2020-12-24 - fm_daily_stats_wish_vw start
[2020-12-25 01:01:18] - 2020-12-24 - fm_daily_stats_wish_vw success
[2020-12-25 01:01:18] - 2020-12-24 - fm_daily_stats_cart_vw start
[2020-12-25 01:01:18] - 2020-12-24 - fm_daily_stats_cart_vw success
[2020-12-25 01:01:18] - 2020-12-24 - fm_daily_stats_order_vw start
[2020-12-25 01:01:18] - 2020-12-24 - fm_daily_stats_order_vw success
[2020-12-25 01:01:18] - 2020-12-24 - fm_daily_stats_view_vw start
[2020-12-25 01:01:18] - 2020-12-24 - fm_daily_stats_view_vw success
[2020-12-25 01:01:18] - 2020-12-24 - delete success
[2020-12-25 01:01:18] - 상품별 3개월 구매수량 등록(goods_purchase_ea)
[2020-12-25 01:01:18] - 입점사 정산 주기 변경(account_seller_period_update)
[2020-12-25 01:01:18] - 입점사별 정산 집계(account_seller_stats)
[2020-12-25 01:01:18] - 불필요한 이월데이터 삭제(account_seller_del_sales)
[2020-12-25 01:01:18] - 일일통계 (주문,좋아요,리뷰,재입고알림,찜,장바구니,보기) 집계(daily_stats)
[2020-12-25 01:01:18] - 마일리지, 포인트,캐쉬 통계 집계(statistic_epc)
[2020-12-25 01:01:18] - referer 도메인 업데이트(set_referer_domain)
[2020-12-25 01:01:18] - 일일통계 데이터 삭제(stats_delete)
[2020-12-26 01:01:16] - 2020-12-25 - daily_order start
[2020-12-26 01:01:16] - 2020-12-25 - daily_order success
[2020-12-26 01:01:16] - 2020-12-25 - daily_fblike start
[2020-12-26 01:01:16] - 2020-12-25 - daily_fblike success
[2020-12-26 01:01:16] - 2020-12-25 - daily_review start
[2020-12-26 01:01:16] - 2020-12-25 - daily_review success
[2020-12-26 01:01:16] - 2020-12-25 - daily_restock_notify start
[2020-12-26 01:01:16] - 2020-12-25 - daily_restock_notify success
[2020-12-26 01:01:16] - 2020-12-25 - daily_wish start
[2020-12-26 01:01:16] - 2020-12-25 - daily_wish success
[2020-12-26 01:01:16] - 2020-12-25 - daily_cart start
[2020-12-26 01:01:16] - 2020-12-25 - daily_cart success
[2020-12-26 01:01:16] - 2020-12-25 - daily_view start
[2020-12-26 01:01:17] - 2020-12-25 - daily_view success
[2020-12-26 01:01:17] - 2020-12-25 - daily_sales_price start
[2020-12-26 01:01:17] - 2020-12-25 - daily_sales_price success
[2020-12-26 01:01:17] - 2020-12-25 - case1 start
[2020-12-26 01:01:18] - 2020-12-25 - case1 success
[2020-12-26 01:01:18] - 2020-12-25 - case2 start
[2020-12-26 01:01:19] - 2020-12-25 - case2 success
[2020-12-26 01:01:19] - 2020-12-25 - delete start
[2020-12-26 01:01:19] - 2020-12-25 - fm_daily_stats_fblike_vw start
[2020-12-26 01:01:19] - 2020-12-25 - fm_daily_stats_fblike_vw success
[2020-12-26 01:01:19] - 2020-12-25 - fm_daily_stats_review_vw start
[2020-12-26 01:01:19] - 2020-12-25 - fm_daily_stats_review_vw success
[2020-12-26 01:01:19] - 2020-12-25 - fm_daily_stats_restock_notify_vw start
[2020-12-26 01:01:19] - 2020-12-25 - fm_daily_stats_restock_notify_vw success
[2020-12-26 01:01:19] - 2020-12-25 - fm_daily_stats_wish_vw start
[2020-12-26 01:01:19] - 2020-12-25 - fm_daily_stats_wish_vw success
[2020-12-26 01:01:19] - 2020-12-25 - fm_daily_stats_cart_vw start
[2020-12-26 01:01:19] - 2020-12-25 - fm_daily_stats_cart_vw success
[2020-12-26 01:01:19] - 2020-12-25 - fm_daily_stats_order_vw start
[2020-12-26 01:01:19] - 2020-12-25 - fm_daily_stats_order_vw success
[2020-12-26 01:01:19] - 2020-12-25 - fm_daily_stats_view_vw start
[2020-12-26 01:01:19] - 2020-12-25 - fm_daily_stats_view_vw success
[2020-12-26 01:01:19] - 2020-12-25 - delete success
[2020-12-26 01:01:19] - 상품별 3개월 구매수량 등록(goods_purchase_ea)
[2020-12-26 01:01:19] - 입점사 정산 주기 변경(account_seller_period_update)
[2020-12-26 01:01:19] - 입점사별 정산 집계(account_seller_stats)
[2020-12-26 01:01:19] - 불필요한 이월데이터 삭제(account_seller_del_sales)
[2020-12-26 01:01:19] - 일일통계 (주문,좋아요,리뷰,재입고알림,찜,장바구니,보기) 집계(daily_stats)
[2020-12-26 01:01:19] - 마일리지, 포인트,캐쉬 통계 집계(statistic_epc)
[2020-12-26 01:01:19] - referer 도메인 업데이트(set_referer_domain)
[2020-12-26 01:01:19] - 일일통계 데이터 삭제(stats_delete)
[2020-12-27 01:01:18] - 2020-12-26 - daily_order start
[2020-12-27 01:01:18] - 2020-12-26 - daily_order success
[2020-12-27 01:01:18] - 2020-12-26 - daily_fblike start
[2020-12-27 01:01:18] - 2020-12-26 - daily_fblike success
[2020-12-27 01:01:18] - 2020-12-26 - daily_review start
[2020-12-27 01:01:18] - 2020-12-26 - daily_review success
[2020-12-27 01:01:18] - 2020-12-26 - daily_restock_notify start
[2020-12-27 01:01:18] - 2020-12-26 - daily_restock_notify success
[2020-12-27 01:01:18] - 2020-12-26 - daily_wish start
[2020-12-27 01:01:18] - 2020-12-26 - daily_wish success
[2020-12-27 01:01:18] - 2020-12-26 - daily_cart start
[2020-12-27 01:01:18] - 2020-12-26 - daily_cart success
[2020-12-27 01:01:18] - 2020-12-26 - daily_view start
[2020-12-27 01:01:18] - 2020-12-26 - daily_view success
[2020-12-27 01:01:18] - 2020-12-26 - daily_sales_price start
[2020-12-27 01:01:18] - 2020-12-26 - daily_sales_price success
[2020-12-27 01:01:18] - 2020-12-26 - case1 start
[2020-12-27 01:01:19] - 2020-12-26 - case1 success
[2020-12-27 01:01:19] - 2020-12-26 - case2 start
[2020-12-27 01:01:20] - 2020-12-26 - case2 success
[2020-12-27 01:01:20] - 2020-12-26 - delete start
[2020-12-27 01:01:20] - 2020-12-26 - fm_daily_stats_fblike_vw start
[2020-12-27 01:01:20] - 2020-12-26 - fm_daily_stats_fblike_vw success
[2020-12-27 01:01:20] - 2020-12-26 - fm_daily_stats_review_vw start
[2020-12-27 01:01:20] - 2020-12-26 - fm_daily_stats_review_vw success
[2020-12-27 01:01:20] - 2020-12-26 - fm_daily_stats_restock_notify_vw start
[2020-12-27 01:01:20] - 2020-12-26 - fm_daily_stats_restock_notify_vw success
[2020-12-27 01:01:20] - 2020-12-26 - fm_daily_stats_wish_vw start
[2020-12-27 01:01:20] - 2020-12-26 - fm_daily_stats_wish_vw success
[2020-12-27 01:01:20] - 2020-12-26 - fm_daily_stats_cart_vw start
[2020-12-27 01:01:20] - 2020-12-26 - fm_daily_stats_cart_vw success
[2020-12-27 01:01:20] - 2020-12-26 - fm_daily_stats_order_vw start
[2020-12-27 01:01:20] - 2020-12-26 - fm_daily_stats_order_vw success
[2020-12-27 01:01:20] - 2020-12-26 - fm_daily_stats_view_vw start
[2020-12-27 01:01:20] - 2020-12-26 - fm_daily_stats_view_vw success
[2020-12-27 01:01:20] - 2020-12-26 - delete success
[2020-12-27 01:01:20] - 상품별 3개월 구매수량 등록(goods_purchase_ea)
[2020-12-27 01:01:20] - 입점사 정산 주기 변경(account_seller_period_update)
[2020-12-27 01:01:20] - 입점사별 정산 집계(account_seller_stats)
[2020-12-27 01:01:20] - 불필요한 이월데이터 삭제(account_seller_del_sales)
[2020-12-27 01:01:20] - 일일통계 (주문,좋아요,리뷰,재입고알림,찜,장바구니,보기) 집계(daily_stats)
[2020-12-27 01:01:20] - 마일리지, 포인트,캐쉬 통계 집계(statistic_epc)
[2020-12-27 01:01:20] - referer 도메인 업데이트(set_referer_domain)
[2020-12-27 01:01:20] - 일일통계 데이터 삭제(stats_delete)
[2020-12-28 01:01:18] - 2020-12-27 - daily_order start
[2020-12-28 01:01:18] - 2020-12-27 - daily_order success
[2020-12-28 01:01:18] - 2020-12-27 - daily_fblike start
[2020-12-28 01:01:18] - 2020-12-27 - daily_fblike success
[2020-12-28 01:01:18] - 2020-12-27 - daily_review start
[2020-12-28 01:01:18] - 2020-12-27 - daily_review success
[2020-12-28 01:01:18] - 2020-12-27 - daily_restock_notify start
[2020-12-28 01:01:18] - 2020-12-27 - daily_restock_notify success
[2020-12-28 01:01:18] - 2020-12-27 - daily_wish start
[2020-12-28 01:01:18] - 2020-12-27 - daily_wish success
[2020-12-28 01:01:18] - 2020-12-27 - daily_cart start
[2020-12-28 01:01:18] - 2020-12-27 - daily_cart success
[2020-12-28 01:01:18] - 2020-12-27 - daily_view start
[2020-12-28 01:01:18] - 2020-12-27 - daily_view success
[2020-12-28 01:01:18] - 2020-12-27 - daily_sales_price start
[2020-12-28 01:01:18] - 2020-12-27 - daily_sales_price success
[2020-12-28 01:01:18] - 2020-12-27 - case1 start
[2020-12-28 01:01:19] - 2020-12-27 - case1 success
[2020-12-28 01:01:19] - 2020-12-27 - case2 start
[2020-12-28 01:01:20] - 2020-12-27 - case2 success
[2020-12-28 01:01:20] - 2020-12-27 - delete start
[2020-12-28 01:01:20] - 2020-12-27 - fm_daily_stats_fblike_vw start
[2020-12-28 01:01:20] - 2020-12-27 - fm_daily_stats_fblike_vw success
[2020-12-28 01:01:20] - 2020-12-27 - fm_daily_stats_review_vw start
[2020-12-28 01:01:20] - 2020-12-27 - fm_daily_stats_review_vw success
[2020-12-28 01:01:20] - 2020-12-27 - fm_daily_stats_restock_notify_vw start
[2020-12-28 01:01:20] - 2020-12-27 - fm_daily_stats_restock_notify_vw success
[2020-12-28 01:01:20] - 2020-12-27 - fm_daily_stats_wish_vw start
[2020-12-28 01:01:20] - 2020-12-27 - fm_daily_stats_wish_vw success
[2020-12-28 01:01:20] - 2020-12-27 - fm_daily_stats_cart_vw start
[2020-12-28 01:01:20] - 2020-12-27 - fm_daily_stats_cart_vw success
[2020-12-28 01:01:20] - 2020-12-27 - fm_daily_stats_order_vw start
[2020-12-28 01:01:20] - 2020-12-27 - fm_daily_stats_order_vw success
[2020-12-28 01:01:20] - 2020-12-27 - fm_daily_stats_view_vw start
[2020-12-28 01:01:20] - 2020-12-27 - fm_daily_stats_view_vw success
[2020-12-28 01:01:20] - 2020-12-27 - delete success
[2020-12-28 01:01:20] - 상품별 3개월 구매수량 등록(goods_purchase_ea)
[2020-12-28 01:01:20] - 입점사 정산 주기 변경(account_seller_period_update)
[2020-12-28 01:01:20] - 입점사별 정산 집계(account_seller_stats)
[2020-12-28 01:01:20] - 불필요한 이월데이터 삭제(account_seller_del_sales)
[2020-12-28 01:01:20] - 일일통계 (주문,좋아요,리뷰,재입고알림,찜,장바구니,보기) 집계(daily_stats)
[2020-12-28 01:01:20] - 마일리지, 포인트,캐쉬 통계 집계(statistic_epc)
[2020-12-28 01:01:20] - referer 도메인 업데이트(set_referer_domain)
[2020-12-28 01:01:20] - 일일통계 데이터 삭제(stats_delete)
[2020-12-29 01:00:14] - 2020-12-28 - daily_order start
[2020-12-29 01:00:14] - 2020-12-28 - daily_order success
[2020-12-29 01:00:14] - 2020-12-28 - daily_fblike start
[2020-12-29 01:00:14] - 2020-12-28 - daily_fblike success
[2020-12-29 01:00:14] - 2020-12-28 - daily_review start
[2020-12-29 01:00:14] - 2020-12-28 - daily_review success
[2020-12-29 01:00:14] - 2020-12-28 - daily_restock_notify start
[2020-12-29 01:00:14] - 2020-12-28 - daily_restock_notify success
[2020-12-29 01:00:14] - 2020-12-28 - daily_wish start
[2020-12-29 01:00:14] - 2020-12-28 - daily_wish success
[2020-12-29 01:00:14] - 2020-12-28 - daily_cart start
[2020-12-29 01:00:14] - 2020-12-28 - daily_cart success
[2020-12-29 01:00:14] - 2020-12-28 - daily_view start
[2020-12-29 01:00:15] - 2020-12-28 - daily_view success
[2020-12-29 01:00:15] - 2020-12-28 - daily_sales_price start
[2020-12-29 01:00:15] - 2020-12-28 - daily_sales_price success
[2020-12-29 01:00:15] - 2020-12-28 - case1 start
[2020-12-29 01:00:15] - 2020-12-28 - case1 success
[2020-12-29 01:00:15] - 2020-12-28 - case2 start
[2020-12-29 01:00:16] - 2020-12-28 - case2 success
[2020-12-29 01:00:16] - 2020-12-28 - delete start
[2020-12-29 01:00:16] - 2020-12-28 - fm_daily_stats_fblike_vw start
[2020-12-29 01:00:16] - 2020-12-28 - fm_daily_stats_fblike_vw success
[2020-12-29 01:00:16] - 2020-12-28 - fm_daily_stats_review_vw start
[2020-12-29 01:00:16] - 2020-12-28 - fm_daily_stats_review_vw success
[2020-12-29 01:00:16] - 2020-12-28 - fm_daily_stats_restock_notify_vw start
[2020-12-29 01:00:16] - 2020-12-28 - fm_daily_stats_restock_notify_vw success
[2020-12-29 01:00:16] - 2020-12-28 - fm_daily_stats_wish_vw start
[2020-12-29 01:00:16] - 2020-12-28 - fm_daily_stats_wish_vw success
[2020-12-29 01:00:16] - 2020-12-28 - fm_daily_stats_cart_vw start
[2020-12-29 01:00:16] - 2020-12-28 - fm_daily_stats_cart_vw success
[2020-12-29 01:00:16] - 2020-12-28 - fm_daily_stats_order_vw start
[2020-12-29 01:00:16] - 2020-12-28 - fm_daily_stats_order_vw success
[2020-12-29 01:00:16] - 2020-12-28 - fm_daily_stats_view_vw start
[2020-12-29 01:00:16] - 2020-12-28 - fm_daily_stats_view_vw success
[2020-12-29 01:00:16] - 2020-12-28 - delete success
[2020-12-29 01:00:16] - 상품별 3개월 구매수량 등록(goods_purchase_ea)
[2020-12-29 01:00:16] - 입점사 정산 주기 변경(account_seller_period_update)
[2020-12-29 01:00:16] - 입점사별 정산 집계(account_seller_stats)
[2020-12-29 01:00:16] - 불필요한 이월데이터 삭제(account_seller_del_sales)
[2020-12-29 01:00:16] - 일일통계 (주문,좋아요,리뷰,재입고알림,찜,장바구니,보기) 집계(daily_stats)
[2020-12-29 01:00:16] - 마일리지, 포인트,캐쉬 통계 집계(statistic_epc)
[2020-12-29 01:00:16] - referer 도메인 업데이트(set_referer_domain)
[2020-12-29 01:00:16] - 일일통계 데이터 삭제(stats_delete)
[2020-12-30 01:00:19] - 2020-12-29 - daily_order start
[2020-12-30 01:00:19] - 2020-12-29 - daily_order success
[2020-12-30 01:00:19] - 2020-12-29 - daily_fblike start
[2020-12-30 01:00:19] - 2020-12-29 - daily_fblike success
[2020-12-30 01:00:19] - 2020-12-29 - daily_review start
[2020-12-30 01:00:19] - 2020-12-29 - daily_review success
[2020-12-30 01:00:19] - 2020-12-29 - daily_restock_notify start
[2020-12-30 01:00:19] - 2020-12-29 - daily_restock_notify success
[2020-12-30 01:00:19] - 2020-12-29 - daily_wish start
[2020-12-30 01:00:19] - 2020-12-29 - daily_wish success
[2020-12-30 01:00:19] - 2020-12-29 - daily_cart start
[2020-12-30 01:00:19] - 2020-12-29 - daily_cart success
[2020-12-30 01:00:19] - 2020-12-29 - daily_view start
[2020-12-30 01:00:19] - 2020-12-29 - daily_view success
[2020-12-30 01:00:19] - 2020-12-29 - daily_sales_price start
[2020-12-30 01:00:19] - 2020-12-29 - daily_sales_price success
[2020-12-30 01:00:19] - 2020-12-29 - case1 start
[2020-12-30 01:00:20] - 2020-12-29 - case1 success
[2020-12-30 01:00:20] - 2020-12-29 - case2 start
[2020-12-30 01:00:21] - 2020-12-29 - case2 success
[2020-12-30 01:00:21] - 2020-12-29 - delete start
[2020-12-30 01:00:21] - 2020-12-29 - fm_daily_stats_fblike_vw start
[2020-12-30 01:00:21] - 2020-12-29 - fm_daily_stats_fblike_vw success
[2020-12-30 01:00:21] - 2020-12-29 - fm_daily_stats_review_vw start
[2020-12-30 01:00:21] - 2020-12-29 - fm_daily_stats_review_vw success
[2020-12-30 01:00:21] - 2020-12-29 - fm_daily_stats_restock_notify_vw start
[2020-12-30 01:00:21] - 2020-12-29 - fm_daily_stats_restock_notify_vw success
[2020-12-30 01:00:21] - 2020-12-29 - fm_daily_stats_wish_vw start
[2020-12-30 01:00:21] - 2020-12-29 - fm_daily_stats_wish_vw success
[2020-12-30 01:00:21] - 2020-12-29 - fm_daily_stats_cart_vw start
[2020-12-30 01:00:21] - 2020-12-29 - fm_daily_stats_cart_vw success
[2020-12-30 01:00:21] - 2020-12-29 - fm_daily_stats_order_vw start
[2020-12-30 01:00:21] - 2020-12-29 - fm_daily_stats_order_vw success
[2020-12-30 01:00:21] - 2020-12-29 - fm_daily_stats_view_vw start
[2020-12-30 01:00:21] - 2020-12-29 - fm_daily_stats_view_vw success
[2020-12-30 01:00:21] - 2020-12-29 - delete success
[2020-12-30 01:00:21] - 상품별 3개월 구매수량 등록(goods_purchase_ea)
[2020-12-30 01:00:21] - 입점사 정산 주기 변경(account_seller_period_update)
[2020-12-30 01:00:21] - 입점사별 정산 집계(account_seller_stats)
[2020-12-30 01:00:21] - 불필요한 이월데이터 삭제(account_seller_del_sales)
[2020-12-30 01:00:21] - 일일통계 (주문,좋아요,리뷰,재입고알림,찜,장바구니,보기) 집계(daily_stats)
[2020-12-30 01:00:21] - 마일리지, 포인트,캐쉬 통계 집계(statistic_epc)
[2020-12-30 01:00:21] - referer 도메인 업데이트(set_referer_domain)
[2020-12-30 01:00:21] - 일일통계 데이터 삭제(stats_delete)
[2020-12-31 01:00:18] - 2020-12-30 - daily_order start
[2020-12-31 01:00:18] - 2020-12-30 - daily_order success
[2020-12-31 01:00:18] - 2020-12-30 - daily_fblike start
[2020-12-31 01:00:18] - 2020-12-30 - daily_fblike success
[2020-12-31 01:00:18] - 2020-12-30 - daily_review start
[2020-12-31 01:00:18] - 2020-12-30 - daily_review success
[2020-12-31 01:00:18] - 2020-12-30 - daily_restock_notify start
[2020-12-31 01:00:18] - 2020-12-30 - daily_restock_notify success
[2020-12-31 01:00:18] - 2020-12-30 - daily_wish start
[2020-12-31 01:00:18] - 2020-12-30 - daily_wish success
[2020-12-31 01:00:18] - 2020-12-30 - daily_cart start
[2020-12-31 01:00:18] - 2020-12-30 - daily_cart success
[2020-12-31 01:00:18] - 2020-12-30 - daily_view start
[2020-12-31 01:00:18] - 2020-12-30 - daily_view success
[2020-12-31 01:00:18] - 2020-12-30 - daily_sales_price start
[2020-12-31 01:00:18] - 2020-12-30 - daily_sales_price success
[2020-12-31 01:00:18] - 2020-12-30 - case1 start
[2020-12-31 01:00:19] - 2020-12-30 - case1 success
[2020-12-31 01:00:19] - 2020-12-30 - case2 start
[2020-12-31 01:00:20] - 2020-12-30 - case2 success
[2020-12-31 01:00:20] - 2020-12-30 - delete start
[2020-12-31 01:00:20] - 2020-12-30 - fm_daily_stats_fblike_vw start
[2020-12-31 01:00:20] - 2020-12-30 - fm_daily_stats_fblike_vw success
[2020-12-31 01:00:20] - 2020-12-30 - fm_daily_stats_review_vw start
[2020-12-31 01:00:20] - 2020-12-30 - fm_daily_stats_review_vw success
[2020-12-31 01:00:20] - 2020-12-30 - fm_daily_stats_restock_notify_vw start
[2020-12-31 01:00:20] - 2020-12-30 - fm_daily_stats_restock_notify_vw success
[2020-12-31 01:00:20] - 2020-12-30 - fm_daily_stats_wish_vw start
[2020-12-31 01:00:20] - 2020-12-30 - fm_daily_stats_wish_vw success
[2020-12-31 01:00:20] - 2020-12-30 - fm_daily_stats_cart_vw start
[2020-12-31 01:00:20] - 2020-12-30 - fm_daily_stats_cart_vw success
[2020-12-31 01:00:20] - 2020-12-30 - fm_daily_stats_order_vw start
[2020-12-31 01:00:20] - 2020-12-30 - fm_daily_stats_order_vw success
[2020-12-31 01:00:20] - 2020-12-30 - fm_daily_stats_view_vw start
[2020-12-31 01:00:20] - 2020-12-30 - fm_daily_stats_view_vw success
[2020-12-31 01:00:20] - 2020-12-30 - delete success
[2020-12-31 01:00:20] - 상품별 3개월 구매수량 등록(goods_purchase_ea)
[2020-12-31 01:00:20] - 입점사 정산 주기 변경(account_seller_period_update)
[2020-12-31 01:00:20] - 입점사별 정산 집계(account_seller_stats)
[2020-12-31 01:00:20] - 불필요한 이월데이터 삭제(account_seller_del_sales)
[2020-12-31 01:00:20] - 일일통계 (주문,좋아요,리뷰,재입고알림,찜,장바구니,보기) 집계(daily_stats)
[2020-12-31 01:00:20] - 마일리지, 포인트,캐쉬 통계 집계(statistic_epc)
[2020-12-31 01:00:20] - referer 도메인 업데이트(set_referer_domain)
[2020-12-31 01:00:20] - 일일통계 데이터 삭제(stats_delete)
