[2021-08-01 01:00:29] - 2021-07-31 - daily_order start
[2021-08-01 01:00:29] - 2021-07-31 - daily_order success
[2021-08-01 01:00:29] - 2021-07-31 - daily_fblike start
[2021-08-01 01:00:29] - 2021-07-31 - daily_fblike success
[2021-08-01 01:00:29] - 2021-07-31 - daily_review start
[2021-08-01 01:00:29] - 2021-07-31 - daily_review success
[2021-08-01 01:00:29] - 2021-07-31 - daily_restock_notify start
[2021-08-01 01:00:29] - 2021-07-31 - daily_restock_notify success
[2021-08-01 01:00:29] - 2021-07-31 - daily_wish start
[2021-08-01 01:00:29] - 2021-07-31 - daily_wish success
[2021-08-01 01:00:29] - 2021-07-31 - daily_cart start
[2021-08-01 01:00:29] - 2021-07-31 - daily_cart success
[2021-08-01 01:00:29] - 2021-07-31 - daily_view start
[2021-08-01 01:00:31] - 2021-07-31 - daily_view success
[2021-08-01 01:00:31] - 2021-07-31 - daily_sales_price start
[2021-08-01 01:00:31] - 2021-07-31 - daily_sales_price success
[2021-08-01 01:00:31] - 2021-07-31 - case1 start
[2021-08-01 01:00:32] - 2021-07-31 - case1 success
[2021-08-01 01:00:32] - 2021-07-31 - case2 start
[2021-08-01 01:00:56] - 2021-07-31 - case2 success
[2021-08-01 01:00:56] - 2021-07-31 - delete start
[2021-08-01 01:00:56] - 2021-07-31 - fm_daily_stats_fblike_vw start
[2021-08-01 01:00:56] - 2021-07-31 - fm_daily_stats_fblike_vw success
[2021-08-01 01:00:56] - 2021-07-31 - fm_daily_stats_review_vw start
[2021-08-01 01:00:56] - 2021-07-31 - fm_daily_stats_review_vw success
[2021-08-01 01:00:56] - 2021-07-31 - fm_daily_stats_restock_notify_vw start
[2021-08-01 01:00:56] - 2021-07-31 - fm_daily_stats_restock_notify_vw success
[2021-08-01 01:00:56] - 2021-07-31 - fm_daily_stats_wish_vw start
[2021-08-01 01:00:56] - 2021-07-31 - fm_daily_stats_wish_vw success
[2021-08-01 01:00:56] - 2021-07-31 - fm_daily_stats_cart_vw start
[2021-08-01 01:00:56] - 2021-07-31 - fm_daily_stats_cart_vw success
[2021-08-01 01:00:56] - 2021-07-31 - fm_daily_stats_order_vw start
[2021-08-01 01:00:56] - 2021-07-31 - fm_daily_stats_order_vw success
[2021-08-01 01:00:56] - 2021-07-31 - fm_daily_stats_view_vw start
[2021-08-01 01:00:56] - 2021-07-31 - fm_daily_stats_view_vw success
[2021-08-01 01:00:56] - 2021-07-31 - delete success
[2021-08-01 01:00:57] - 상품별 3개월 구매수량 등록(goods_purchase_ea)
[2021-08-01 01:00:57] - 입점사 정산 주기 변경(account_seller_period_update)
[2021-08-01 01:00:57] - 입점사별 정산 집계(account_seller_stats)
[2021-08-01 01:00:57] - 불필요한 이월데이터 삭제(account_seller_del_sales)
[2021-08-01 01:00:57] - 일일통계 (주문,좋아요,리뷰,재입고알림,찜,장바구니,보기) 집계(daily_stats)
[2021-08-01 01:00:57] - 마일리지, 포인트,캐쉬 통계 집계(statistic_epc)
[2021-08-01 01:00:57] - referer 도메인 업데이트(set_referer_domain)
[2021-08-01 01:00:57] - 일일통계 데이터 삭제(stats_delete)
[2021-08-02 01:00:28] - 2021-08-01 - daily_order start
[2021-08-02 01:00:28] - 2021-08-01 - daily_order success
[2021-08-02 01:00:28] - 2021-08-01 - daily_fblike start
[2021-08-02 01:00:28] - 2021-08-01 - daily_fblike success
[2021-08-02 01:00:28] - 2021-08-01 - daily_review start
[2021-08-02 01:00:28] - 2021-08-01 - daily_review success
[2021-08-02 01:00:28] - 2021-08-01 - daily_restock_notify start
[2021-08-02 01:00:28] - 2021-08-01 - daily_restock_notify success
[2021-08-02 01:00:28] - 2021-08-01 - daily_wish start
[2021-08-02 01:00:28] - 2021-08-01 - daily_wish success
[2021-08-02 01:00:28] - 2021-08-01 - daily_cart start
[2021-08-02 01:00:28] - 2021-08-01 - daily_cart success
[2021-08-02 01:00:28] - 2021-08-01 - daily_view start
[2021-08-02 01:00:29] - 2021-08-01 - daily_view success
[2021-08-02 01:00:29] - 2021-08-01 - daily_sales_price start
[2021-08-02 01:00:29] - 2021-08-01 - daily_sales_price success
[2021-08-02 01:00:29] - 2021-08-01 - case1 start
[2021-08-02 01:00:30] - 2021-08-01 - case1 success
[2021-08-02 01:00:30] - 2021-08-01 - case2 start
[2021-08-02 01:00:53] - 2021-08-01 - case2 success
[2021-08-02 01:00:53] - 2021-08-01 - delete start
[2021-08-02 01:00:53] - 2021-08-01 - fm_daily_stats_fblike_vw start
[2021-08-02 01:00:53] - 2021-08-01 - fm_daily_stats_fblike_vw success
[2021-08-02 01:00:53] - 2021-08-01 - fm_daily_stats_review_vw start
[2021-08-02 01:00:53] - 2021-08-01 - fm_daily_stats_review_vw success
[2021-08-02 01:00:53] - 2021-08-01 - fm_daily_stats_restock_notify_vw start
[2021-08-02 01:00:53] - 2021-08-01 - fm_daily_stats_restock_notify_vw success
[2021-08-02 01:00:53] - 2021-08-01 - fm_daily_stats_wish_vw start
[2021-08-02 01:00:53] - 2021-08-01 - fm_daily_stats_wish_vw success
[2021-08-02 01:00:53] - 2021-08-01 - fm_daily_stats_cart_vw start
[2021-08-02 01:00:53] - 2021-08-01 - fm_daily_stats_cart_vw success
[2021-08-02 01:00:53] - 2021-08-01 - fm_daily_stats_order_vw start
[2021-08-02 01:00:53] - 2021-08-01 - fm_daily_stats_order_vw success
[2021-08-02 01:00:53] - 2021-08-01 - fm_daily_stats_view_vw start
[2021-08-02 01:00:53] - 2021-08-01 - fm_daily_stats_view_vw success
[2021-08-02 01:00:53] - 2021-08-01 - delete success
[2021-08-02 01:00:54] - 상품별 3개월 구매수량 등록(goods_purchase_ea)
[2021-08-02 01:00:54] - 입점사 정산 주기 변경(account_seller_period_update)
[2021-08-02 01:00:54] - 입점사별 정산 집계(account_seller_stats)
[2021-08-02 01:00:54] - 불필요한 이월데이터 삭제(account_seller_del_sales)
[2021-08-02 01:00:54] - 일일통계 (주문,좋아요,리뷰,재입고알림,찜,장바구니,보기) 집계(daily_stats)
[2021-08-02 01:00:54] - 마일리지, 포인트,캐쉬 통계 집계(statistic_epc)
[2021-08-02 01:00:54] - referer 도메인 업데이트(set_referer_domain)
[2021-08-02 01:00:54] - 일일통계 데이터 삭제(stats_delete)
[2021-08-03 01:00:29] - 2021-08-02 - daily_order start
[2021-08-03 01:00:29] - 2021-08-02 - daily_order success
[2021-08-03 01:00:29] - 2021-08-02 - daily_fblike start
[2021-08-03 01:00:29] - 2021-08-02 - daily_fblike success
[2021-08-03 01:00:29] - 2021-08-02 - daily_review start
[2021-08-03 01:00:29] - 2021-08-02 - daily_review success
[2021-08-03 01:00:29] - 2021-08-02 - daily_restock_notify start
[2021-08-03 01:00:29] - 2021-08-02 - daily_restock_notify success
[2021-08-03 01:00:29] - 2021-08-02 - daily_wish start
[2021-08-03 01:00:29] - 2021-08-02 - daily_wish success
[2021-08-03 01:00:29] - 2021-08-02 - daily_cart start
[2021-08-03 01:00:29] - 2021-08-02 - daily_cart success
[2021-08-03 01:00:29] - 2021-08-02 - daily_view start
[2021-08-03 01:00:30] - 2021-08-02 - daily_view success
[2021-08-03 01:00:30] - 2021-08-02 - daily_sales_price start
[2021-08-03 01:00:31] - 2021-08-02 - daily_sales_price success
[2021-08-03 01:00:31] - 2021-08-02 - case1 start
[2021-08-03 01:00:31] - 2021-08-02 - case1 success
[2021-08-03 01:00:31] - 2021-08-02 - case2 start
[2021-08-03 01:00:55] - 2021-08-02 - case2 success
[2021-08-03 01:00:55] - 2021-08-02 - delete start
[2021-08-03 01:00:55] - 2021-08-02 - fm_daily_stats_fblike_vw start
[2021-08-03 01:00:55] - 2021-08-02 - fm_daily_stats_fblike_vw success
[2021-08-03 01:00:55] - 2021-08-02 - fm_daily_stats_review_vw start
[2021-08-03 01:00:55] - 2021-08-02 - fm_daily_stats_review_vw success
[2021-08-03 01:00:55] - 2021-08-02 - fm_daily_stats_restock_notify_vw start
[2021-08-03 01:00:55] - 2021-08-02 - fm_daily_stats_restock_notify_vw success
[2021-08-03 01:00:55] - 2021-08-02 - fm_daily_stats_wish_vw start
[2021-08-03 01:00:55] - 2021-08-02 - fm_daily_stats_wish_vw success
[2021-08-03 01:00:55] - 2021-08-02 - fm_daily_stats_cart_vw start
[2021-08-03 01:00:55] - 2021-08-02 - fm_daily_stats_cart_vw success
[2021-08-03 01:00:55] - 2021-08-02 - fm_daily_stats_order_vw start
[2021-08-03 01:00:55] - 2021-08-02 - fm_daily_stats_order_vw success
[2021-08-03 01:00:55] - 2021-08-02 - fm_daily_stats_view_vw start
[2021-08-03 01:00:55] - 2021-08-02 - fm_daily_stats_view_vw success
[2021-08-03 01:00:55] - 2021-08-02 - delete success
[2021-08-03 01:00:56] - 상품별 3개월 구매수량 등록(goods_purchase_ea)
[2021-08-03 01:00:56] - 입점사 정산 주기 변경(account_seller_period_update)
[2021-08-03 01:00:56] - 입점사별 정산 집계(account_seller_stats)
[2021-08-03 01:00:56] - 불필요한 이월데이터 삭제(account_seller_del_sales)
[2021-08-03 01:00:56] - 일일통계 (주문,좋아요,리뷰,재입고알림,찜,장바구니,보기) 집계(daily_stats)
[2021-08-03 01:00:56] - 마일리지, 포인트,캐쉬 통계 집계(statistic_epc)
[2021-08-03 01:00:56] - referer 도메인 업데이트(set_referer_domain)
[2021-08-03 01:00:56] - 일일통계 데이터 삭제(stats_delete)
[2021-08-04 01:00:28] - 2021-08-03 - daily_order start
[2021-08-04 01:00:28] - 2021-08-03 - daily_order success
[2021-08-04 01:00:28] - 2021-08-03 - daily_fblike start
[2021-08-04 01:00:28] - 2021-08-03 - daily_fblike success
[2021-08-04 01:00:28] - 2021-08-03 - daily_review start
[2021-08-04 01:00:28] - 2021-08-03 - daily_review success
[2021-08-04 01:00:28] - 2021-08-03 - daily_restock_notify start
[2021-08-04 01:00:28] - 2021-08-03 - daily_restock_notify success
[2021-08-04 01:00:28] - 2021-08-03 - daily_wish start
[2021-08-04 01:00:28] - 2021-08-03 - daily_wish success
[2021-08-04 01:00:28] - 2021-08-03 - daily_cart start
[2021-08-04 01:00:28] - 2021-08-03 - daily_cart success
[2021-08-04 01:00:28] - 2021-08-03 - daily_view start
[2021-08-04 01:00:30] - 2021-08-03 - daily_view success
[2021-08-04 01:00:30] - 2021-08-03 - daily_sales_price start
[2021-08-04 01:00:30] - 2021-08-03 - daily_sales_price success
[2021-08-04 01:00:30] - 2021-08-03 - case1 start
[2021-08-04 01:00:31] - 2021-08-03 - case1 success
[2021-08-04 01:00:31] - 2021-08-03 - case2 start
[2021-08-04 01:00:54] - 2021-08-03 - case2 success
[2021-08-04 01:00:54] - 2021-08-03 - delete start
[2021-08-04 01:00:54] - 2021-08-03 - fm_daily_stats_fblike_vw start
[2021-08-04 01:00:54] - 2021-08-03 - fm_daily_stats_fblike_vw success
[2021-08-04 01:00:54] - 2021-08-03 - fm_daily_stats_review_vw start
[2021-08-04 01:00:54] - 2021-08-03 - fm_daily_stats_review_vw success
[2021-08-04 01:00:54] - 2021-08-03 - fm_daily_stats_restock_notify_vw start
[2021-08-04 01:00:54] - 2021-08-03 - fm_daily_stats_restock_notify_vw success
[2021-08-04 01:00:54] - 2021-08-03 - fm_daily_stats_wish_vw start
[2021-08-04 01:00:54] - 2021-08-03 - fm_daily_stats_wish_vw success
[2021-08-04 01:00:54] - 2021-08-03 - fm_daily_stats_cart_vw start
[2021-08-04 01:00:54] - 2021-08-03 - fm_daily_stats_cart_vw success
[2021-08-04 01:00:54] - 2021-08-03 - fm_daily_stats_order_vw start
[2021-08-04 01:00:54] - 2021-08-03 - fm_daily_stats_order_vw success
[2021-08-04 01:00:54] - 2021-08-03 - fm_daily_stats_view_vw start
[2021-08-04 01:00:55] - 2021-08-03 - fm_daily_stats_view_vw success
[2021-08-04 01:00:55] - 2021-08-03 - delete success
[2021-08-04 01:00:55] - 상품별 3개월 구매수량 등록(goods_purchase_ea)
[2021-08-04 01:00:55] - 입점사 정산 주기 변경(account_seller_period_update)
[2021-08-04 01:00:55] - 입점사별 정산 집계(account_seller_stats)
[2021-08-04 01:00:55] - 불필요한 이월데이터 삭제(account_seller_del_sales)
[2021-08-04 01:00:55] - 일일통계 (주문,좋아요,리뷰,재입고알림,찜,장바구니,보기) 집계(daily_stats)
[2021-08-04 01:00:55] - 마일리지, 포인트,캐쉬 통계 집계(statistic_epc)
[2021-08-04 01:00:55] - referer 도메인 업데이트(set_referer_domain)
[2021-08-04 01:00:55] - 일일통계 데이터 삭제(stats_delete)
[2021-08-05 01:00:28] - 2021-08-04 - daily_order start
[2021-08-05 01:00:28] - 2021-08-04 - daily_order success
[2021-08-05 01:00:28] - 2021-08-04 - daily_fblike start
[2021-08-05 01:00:28] - 2021-08-04 - daily_fblike success
[2021-08-05 01:00:28] - 2021-08-04 - daily_review start
[2021-08-05 01:00:28] - 2021-08-04 - daily_review success
[2021-08-05 01:00:28] - 2021-08-04 - daily_restock_notify start
[2021-08-05 01:00:28] - 2021-08-04 - daily_restock_notify success
[2021-08-05 01:00:28] - 2021-08-04 - daily_wish start
[2021-08-05 01:00:28] - 2021-08-04 - daily_wish success
[2021-08-05 01:00:28] - 2021-08-04 - daily_cart start
[2021-08-05 01:00:28] - 2021-08-04 - daily_cart success
[2021-08-05 01:00:28] - 2021-08-04 - daily_view start
[2021-08-05 01:00:30] - 2021-08-04 - daily_view success
[2021-08-05 01:00:30] - 2021-08-04 - daily_sales_price start
[2021-08-05 01:00:30] - 2021-08-04 - daily_sales_price success
[2021-08-05 01:00:30] - 2021-08-04 - case1 start
[2021-08-05 01:00:31] - 2021-08-04 - case1 success
[2021-08-05 01:00:31] - 2021-08-04 - case2 start
[2021-08-05 01:00:54] - 2021-08-04 - case2 success
[2021-08-05 01:00:54] - 2021-08-04 - delete start
[2021-08-05 01:00:54] - 2021-08-04 - fm_daily_stats_fblike_vw start
[2021-08-05 01:00:54] - 2021-08-04 - fm_daily_stats_fblike_vw success
[2021-08-05 01:00:54] - 2021-08-04 - fm_daily_stats_review_vw start
[2021-08-05 01:00:54] - 2021-08-04 - fm_daily_stats_review_vw success
[2021-08-05 01:00:54] - 2021-08-04 - fm_daily_stats_restock_notify_vw start
[2021-08-05 01:00:54] - 2021-08-04 - fm_daily_stats_restock_notify_vw success
[2021-08-05 01:00:54] - 2021-08-04 - fm_daily_stats_wish_vw start
[2021-08-05 01:00:54] - 2021-08-04 - fm_daily_stats_wish_vw success
[2021-08-05 01:00:54] - 2021-08-04 - fm_daily_stats_cart_vw start
[2021-08-05 01:00:54] - 2021-08-04 - fm_daily_stats_cart_vw success
[2021-08-05 01:00:54] - 2021-08-04 - fm_daily_stats_order_vw start
[2021-08-05 01:00:54] - 2021-08-04 - fm_daily_stats_order_vw success
[2021-08-05 01:00:54] - 2021-08-04 - fm_daily_stats_view_vw start
[2021-08-05 01:00:54] - 2021-08-04 - fm_daily_stats_view_vw success
[2021-08-05 01:00:54] - 2021-08-04 - delete success
[2021-08-05 01:00:54] - 상품별 3개월 구매수량 등록(goods_purchase_ea)
[2021-08-05 01:00:54] - 입점사 정산 주기 변경(account_seller_period_update)
[2021-08-05 01:00:54] - 입점사별 정산 집계(account_seller_stats)
[2021-08-05 01:00:54] - 불필요한 이월데이터 삭제(account_seller_del_sales)
[2021-08-05 01:00:54] - 일일통계 (주문,좋아요,리뷰,재입고알림,찜,장바구니,보기) 집계(daily_stats)
[2021-08-05 01:00:54] - 마일리지, 포인트,캐쉬 통계 집계(statistic_epc)
[2021-08-05 01:00:54] - referer 도메인 업데이트(set_referer_domain)
[2021-08-05 01:00:54] - 일일통계 데이터 삭제(stats_delete)
[2021-08-06 01:00:29] - 2021-08-05 - daily_order start
[2021-08-06 01:00:29] - 2021-08-05 - daily_order success
[2021-08-06 01:00:29] - 2021-08-05 - daily_fblike start
[2021-08-06 01:00:29] - 2021-08-05 - daily_fblike success
[2021-08-06 01:00:29] - 2021-08-05 - daily_review start
[2021-08-06 01:00:29] - 2021-08-05 - daily_review success
[2021-08-06 01:00:29] - 2021-08-05 - daily_restock_notify start
[2021-08-06 01:00:29] - 2021-08-05 - daily_restock_notify success
[2021-08-06 01:00:29] - 2021-08-05 - daily_wish start
[2021-08-06 01:00:29] - 2021-08-05 - daily_wish success
[2021-08-06 01:00:29] - 2021-08-05 - daily_cart start
[2021-08-06 01:00:29] - 2021-08-05 - daily_cart success
[2021-08-06 01:00:29] - 2021-08-05 - daily_view start
[2021-08-06 01:00:31] - 2021-08-05 - daily_view success
[2021-08-06 01:00:31] - 2021-08-05 - daily_sales_price start
[2021-08-06 01:00:31] - 2021-08-05 - daily_sales_price success
[2021-08-06 01:00:31] - 2021-08-05 - case1 start
[2021-08-06 01:00:32] - 2021-08-05 - case1 success
[2021-08-06 01:00:32] - 2021-08-05 - case2 start
[2021-08-06 01:00:55] - 2021-08-05 - case2 success
[2021-08-06 01:00:55] - 2021-08-05 - delete start
[2021-08-06 01:00:55] - 2021-08-05 - fm_daily_stats_fblike_vw start
[2021-08-06 01:00:55] - 2021-08-05 - fm_daily_stats_fblike_vw success
[2021-08-06 01:00:55] - 2021-08-05 - fm_daily_stats_review_vw start
[2021-08-06 01:00:55] - 2021-08-05 - fm_daily_stats_review_vw success
[2021-08-06 01:00:55] - 2021-08-05 - fm_daily_stats_restock_notify_vw start
[2021-08-06 01:00:55] - 2021-08-05 - fm_daily_stats_restock_notify_vw success
[2021-08-06 01:00:55] - 2021-08-05 - fm_daily_stats_wish_vw start
[2021-08-06 01:00:55] - 2021-08-05 - fm_daily_stats_wish_vw success
[2021-08-06 01:00:55] - 2021-08-05 - fm_daily_stats_cart_vw start
[2021-08-06 01:00:55] - 2021-08-05 - fm_daily_stats_cart_vw success
[2021-08-06 01:00:55] - 2021-08-05 - fm_daily_stats_order_vw start
[2021-08-06 01:00:55] - 2021-08-05 - fm_daily_stats_order_vw success
[2021-08-06 01:00:55] - 2021-08-05 - fm_daily_stats_view_vw start
[2021-08-06 01:00:55] - 2021-08-05 - fm_daily_stats_view_vw success
[2021-08-06 01:00:55] - 2021-08-05 - delete success
[2021-08-06 01:00:56] - 상품별 3개월 구매수량 등록(goods_purchase_ea)
[2021-08-06 01:00:56] - 입점사 정산 주기 변경(account_seller_period_update)
[2021-08-06 01:00:56] - 입점사별 정산 집계(account_seller_stats)
[2021-08-06 01:00:56] - 불필요한 이월데이터 삭제(account_seller_del_sales)
[2021-08-06 01:00:56] - 일일통계 (주문,좋아요,리뷰,재입고알림,찜,장바구니,보기) 집계(daily_stats)
[2021-08-06 01:00:56] - 마일리지, 포인트,캐쉬 통계 집계(statistic_epc)
[2021-08-06 01:00:56] - referer 도메인 업데이트(set_referer_domain)
[2021-08-06 01:00:56] - 일일통계 데이터 삭제(stats_delete)
[2021-08-07 01:00:52] - 2021-08-06 - daily_order start
[2021-08-07 01:00:52] - 2021-08-06 - daily_order success
[2021-08-07 01:00:52] - 2021-08-06 - daily_fblike start
[2021-08-07 01:00:52] - 2021-08-06 - daily_fblike success
[2021-08-07 01:00:52] - 2021-08-06 - daily_review start
[2021-08-07 01:00:52] - 2021-08-06 - daily_review success
[2021-08-07 01:00:52] - 2021-08-06 - daily_restock_notify start
[2021-08-07 01:00:52] - 2021-08-06 - daily_restock_notify success
[2021-08-07 01:00:52] - 2021-08-06 - daily_wish start
[2021-08-07 01:00:52] - 2021-08-06 - daily_wish success
[2021-08-07 01:00:52] - 2021-08-06 - daily_cart start
[2021-08-07 01:00:52] - 2021-08-06 - daily_cart success
[2021-08-07 01:00:52] - 2021-08-06 - daily_view start
[2021-08-07 01:00:54] - 2021-08-06 - daily_view success
[2021-08-07 01:00:54] - 2021-08-06 - daily_sales_price start
[2021-08-07 01:00:54] - 2021-08-06 - daily_sales_price success
[2021-08-07 01:00:54] - 2021-08-06 - case1 start
[2021-08-07 01:00:55] - 2021-08-06 - case1 success
[2021-08-07 01:00:55] - 2021-08-06 - case2 start
[2021-08-07 01:01:18] - 2021-08-06 - case2 success
[2021-08-07 01:01:18] - 2021-08-06 - delete start
[2021-08-07 01:01:18] - 2021-08-06 - fm_daily_stats_fblike_vw start
[2021-08-07 01:01:18] - 2021-08-06 - fm_daily_stats_fblike_vw success
[2021-08-07 01:01:18] - 2021-08-06 - fm_daily_stats_review_vw start
[2021-08-07 01:01:18] - 2021-08-06 - fm_daily_stats_review_vw success
[2021-08-07 01:01:18] - 2021-08-06 - fm_daily_stats_restock_notify_vw start
[2021-08-07 01:01:18] - 2021-08-06 - fm_daily_stats_restock_notify_vw success
[2021-08-07 01:01:18] - 2021-08-06 - fm_daily_stats_wish_vw start
[2021-08-07 01:01:18] - 2021-08-06 - fm_daily_stats_wish_vw success
[2021-08-07 01:01:18] - 2021-08-06 - fm_daily_stats_cart_vw start
[2021-08-07 01:01:18] - 2021-08-06 - fm_daily_stats_cart_vw success
[2021-08-07 01:01:18] - 2021-08-06 - fm_daily_stats_order_vw start
[2021-08-07 01:01:18] - 2021-08-06 - fm_daily_stats_order_vw success
[2021-08-07 01:01:18] - 2021-08-06 - fm_daily_stats_view_vw start
[2021-08-07 01:01:18] - 2021-08-06 - fm_daily_stats_view_vw success
[2021-08-07 01:01:18] - 2021-08-06 - delete success
[2021-08-07 01:01:19] - 상품별 3개월 구매수량 등록(goods_purchase_ea)
[2021-08-07 01:01:19] - 입점사 정산 주기 변경(account_seller_period_update)
[2021-08-07 01:01:19] - 입점사별 정산 집계(account_seller_stats)
[2021-08-07 01:01:19] - 불필요한 이월데이터 삭제(account_seller_del_sales)
[2021-08-07 01:01:19] - 일일통계 (주문,좋아요,리뷰,재입고알림,찜,장바구니,보기) 집계(daily_stats)
[2021-08-07 01:01:19] - 마일리지, 포인트,캐쉬 통계 집계(statistic_epc)
[2021-08-07 01:01:19] - referer 도메인 업데이트(set_referer_domain)
[2021-08-07 01:01:19] - 일일통계 데이터 삭제(stats_delete)
[2021-08-08 01:00:29] - 2021-08-07 - daily_order start
[2021-08-08 01:00:29] - 2021-08-07 - daily_order success
[2021-08-08 01:00:29] - 2021-08-07 - daily_fblike start
[2021-08-08 01:00:29] - 2021-08-07 - daily_fblike success
[2021-08-08 01:00:29] - 2021-08-07 - daily_review start
[2021-08-08 01:00:29] - 2021-08-07 - daily_review success
[2021-08-08 01:00:29] - 2021-08-07 - daily_restock_notify start
[2021-08-08 01:00:29] - 2021-08-07 - daily_restock_notify success
[2021-08-08 01:00:29] - 2021-08-07 - daily_wish start
[2021-08-08 01:00:29] - 2021-08-07 - daily_wish success
[2021-08-08 01:00:29] - 2021-08-07 - daily_cart start
[2021-08-08 01:00:29] - 2021-08-07 - daily_cart success
[2021-08-08 01:00:29] - 2021-08-07 - daily_view start
[2021-08-08 01:00:31] - 2021-08-07 - daily_view success
[2021-08-08 01:00:31] - 2021-08-07 - daily_sales_price start
[2021-08-08 01:00:31] - 2021-08-07 - daily_sales_price success
[2021-08-08 01:00:31] - 2021-08-07 - case1 start
[2021-08-08 01:00:31] - 2021-08-07 - case1 success
[2021-08-08 01:00:31] - 2021-08-07 - case2 start
[2021-08-08 01:00:55] - 2021-08-07 - case2 success
[2021-08-08 01:00:55] - 2021-08-07 - delete start
[2021-08-08 01:00:55] - 2021-08-07 - fm_daily_stats_fblike_vw start
[2021-08-08 01:00:55] - 2021-08-07 - fm_daily_stats_fblike_vw success
[2021-08-08 01:00:55] - 2021-08-07 - fm_daily_stats_review_vw start
[2021-08-08 01:00:55] - 2021-08-07 - fm_daily_stats_review_vw success
[2021-08-08 01:00:55] - 2021-08-07 - fm_daily_stats_restock_notify_vw start
[2021-08-08 01:00:55] - 2021-08-07 - fm_daily_stats_restock_notify_vw success
[2021-08-08 01:00:55] - 2021-08-07 - fm_daily_stats_wish_vw start
[2021-08-08 01:00:55] - 2021-08-07 - fm_daily_stats_wish_vw success
[2021-08-08 01:00:55] - 2021-08-07 - fm_daily_stats_cart_vw start
[2021-08-08 01:00:55] - 2021-08-07 - fm_daily_stats_cart_vw success
[2021-08-08 01:00:55] - 2021-08-07 - fm_daily_stats_order_vw start
[2021-08-08 01:00:55] - 2021-08-07 - fm_daily_stats_order_vw success
[2021-08-08 01:00:55] - 2021-08-07 - fm_daily_stats_view_vw start
[2021-08-08 01:00:55] - 2021-08-07 - fm_daily_stats_view_vw success
[2021-08-08 01:00:55] - 2021-08-07 - delete success
[2021-08-08 01:00:56] - 상품별 3개월 구매수량 등록(goods_purchase_ea)
[2021-08-08 01:00:56] - 입점사 정산 주기 변경(account_seller_period_update)
[2021-08-08 01:00:56] - 입점사별 정산 집계(account_seller_stats)
[2021-08-08 01:00:56] - 불필요한 이월데이터 삭제(account_seller_del_sales)
[2021-08-08 01:00:56] - 일일통계 (주문,좋아요,리뷰,재입고알림,찜,장바구니,보기) 집계(daily_stats)
[2021-08-08 01:00:56] - 마일리지, 포인트,캐쉬 통계 집계(statistic_epc)
[2021-08-08 01:00:56] - referer 도메인 업데이트(set_referer_domain)
[2021-08-08 01:00:56] - 일일통계 데이터 삭제(stats_delete)
[2021-08-09 01:00:28] - 2021-08-08 - daily_order start
[2021-08-09 01:00:28] - 2021-08-08 - daily_order success
[2021-08-09 01:00:28] - 2021-08-08 - daily_fblike start
[2021-08-09 01:00:28] - 2021-08-08 - daily_fblike success
[2021-08-09 01:00:28] - 2021-08-08 - daily_review start
[2021-08-09 01:00:28] - 2021-08-08 - daily_review success
[2021-08-09 01:00:28] - 2021-08-08 - daily_restock_notify start
[2021-08-09 01:00:28] - 2021-08-08 - daily_restock_notify success
[2021-08-09 01:00:28] - 2021-08-08 - daily_wish start
[2021-08-09 01:00:28] - 2021-08-08 - daily_wish success
[2021-08-09 01:00:28] - 2021-08-08 - daily_cart start
[2021-08-09 01:00:28] - 2021-08-08 - daily_cart success
[2021-08-09 01:00:28] - 2021-08-08 - daily_view start
[2021-08-09 01:00:30] - 2021-08-08 - daily_view success
[2021-08-09 01:00:30] - 2021-08-08 - daily_sales_price start
[2021-08-09 01:00:30] - 2021-08-08 - daily_sales_price success
[2021-08-09 01:00:30] - 2021-08-08 - case1 start
[2021-08-09 01:00:31] - 2021-08-08 - case1 success
[2021-08-09 01:00:31] - 2021-08-08 - case2 start
[2021-08-09 01:00:54] - 2021-08-08 - case2 success
[2021-08-09 01:00:54] - 2021-08-08 - delete start
[2021-08-09 01:00:54] - 2021-08-08 - fm_daily_stats_fblike_vw start
[2021-08-09 01:00:54] - 2021-08-08 - fm_daily_stats_fblike_vw success
[2021-08-09 01:00:54] - 2021-08-08 - fm_daily_stats_review_vw start
[2021-08-09 01:00:54] - 2021-08-08 - fm_daily_stats_review_vw success
[2021-08-09 01:00:54] - 2021-08-08 - fm_daily_stats_restock_notify_vw start
[2021-08-09 01:00:54] - 2021-08-08 - fm_daily_stats_restock_notify_vw success
[2021-08-09 01:00:54] - 2021-08-08 - fm_daily_stats_wish_vw start
[2021-08-09 01:00:54] - 2021-08-08 - fm_daily_stats_wish_vw success
[2021-08-09 01:00:54] - 2021-08-08 - fm_daily_stats_cart_vw start
[2021-08-09 01:00:54] - 2021-08-08 - fm_daily_stats_cart_vw success
[2021-08-09 01:00:54] - 2021-08-08 - fm_daily_stats_order_vw start
[2021-08-09 01:00:54] - 2021-08-08 - fm_daily_stats_order_vw success
[2021-08-09 01:00:54] - 2021-08-08 - fm_daily_stats_view_vw start
[2021-08-09 01:00:54] - 2021-08-08 - fm_daily_stats_view_vw success
[2021-08-09 01:00:54] - 2021-08-08 - delete success
[2021-08-09 01:00:55] - 상품별 3개월 구매수량 등록(goods_purchase_ea)
[2021-08-09 01:00:55] - 입점사 정산 주기 변경(account_seller_period_update)
[2021-08-09 01:00:55] - 입점사별 정산 집계(account_seller_stats)
[2021-08-09 01:00:55] - 불필요한 이월데이터 삭제(account_seller_del_sales)
[2021-08-09 01:00:55] - 일일통계 (주문,좋아요,리뷰,재입고알림,찜,장바구니,보기) 집계(daily_stats)
[2021-08-09 01:00:55] - 마일리지, 포인트,캐쉬 통계 집계(statistic_epc)
[2021-08-09 01:00:55] - referer 도메인 업데이트(set_referer_domain)
[2021-08-09 01:00:55] - 일일통계 데이터 삭제(stats_delete)
[2021-08-10 01:00:28] - 2021-08-09 - daily_order start
[2021-08-10 01:00:28] - 2021-08-09 - daily_order success
[2021-08-10 01:00:28] - 2021-08-09 - daily_fblike start
[2021-08-10 01:00:28] - 2021-08-09 - daily_fblike success
[2021-08-10 01:00:28] - 2021-08-09 - daily_review start
[2021-08-10 01:00:28] - 2021-08-09 - daily_review success
[2021-08-10 01:00:28] - 2021-08-09 - daily_restock_notify start
[2021-08-10 01:00:28] - 2021-08-09 - daily_restock_notify success
[2021-08-10 01:00:28] - 2021-08-09 - daily_wish start
[2021-08-10 01:00:28] - 2021-08-09 - daily_wish success
[2021-08-10 01:00:28] - 2021-08-09 - daily_cart start
[2021-08-10 01:00:29] - 2021-08-09 - daily_cart success
[2021-08-10 01:00:29] - 2021-08-09 - daily_view start
[2021-08-10 01:00:30] - 2021-08-09 - daily_view success
[2021-08-10 01:00:30] - 2021-08-09 - daily_sales_price start
[2021-08-10 01:00:30] - 2021-08-09 - daily_sales_price success
[2021-08-10 01:00:30] - 2021-08-09 - case1 start
[2021-08-10 01:00:31] - 2021-08-09 - case1 success
[2021-08-10 01:00:31] - 2021-08-09 - case2 start
[2021-08-10 01:00:54] - 2021-08-09 - case2 success
[2021-08-10 01:00:54] - 2021-08-09 - delete start
[2021-08-10 01:00:54] - 2021-08-09 - fm_daily_stats_fblike_vw start
[2021-08-10 01:00:54] - 2021-08-09 - fm_daily_stats_fblike_vw success
[2021-08-10 01:00:54] - 2021-08-09 - fm_daily_stats_review_vw start
[2021-08-10 01:00:54] - 2021-08-09 - fm_daily_stats_review_vw success
[2021-08-10 01:00:54] - 2021-08-09 - fm_daily_stats_restock_notify_vw start
[2021-08-10 01:00:54] - 2021-08-09 - fm_daily_stats_restock_notify_vw success
[2021-08-10 01:00:54] - 2021-08-09 - fm_daily_stats_wish_vw start
[2021-08-10 01:00:54] - 2021-08-09 - fm_daily_stats_wish_vw success
[2021-08-10 01:00:54] - 2021-08-09 - fm_daily_stats_cart_vw start
[2021-08-10 01:00:54] - 2021-08-09 - fm_daily_stats_cart_vw success
[2021-08-10 01:00:54] - 2021-08-09 - fm_daily_stats_order_vw start
[2021-08-10 01:00:54] - 2021-08-09 - fm_daily_stats_order_vw success
[2021-08-10 01:00:54] - 2021-08-09 - fm_daily_stats_view_vw start
[2021-08-10 01:00:54] - 2021-08-09 - fm_daily_stats_view_vw success
[2021-08-10 01:00:54] - 2021-08-09 - delete success
[2021-08-10 01:00:55] - 상품별 3개월 구매수량 등록(goods_purchase_ea)
[2021-08-10 01:00:55] - 입점사 정산 주기 변경(account_seller_period_update)
[2021-08-10 01:00:55] - 입점사별 정산 집계(account_seller_stats)
[2021-08-10 01:00:55] - 불필요한 이월데이터 삭제(account_seller_del_sales)
[2021-08-10 01:00:55] - 일일통계 (주문,좋아요,리뷰,재입고알림,찜,장바구니,보기) 집계(daily_stats)
[2021-08-10 01:00:55] - 마일리지, 포인트,캐쉬 통계 집계(statistic_epc)
[2021-08-10 01:00:55] - referer 도메인 업데이트(set_referer_domain)
[2021-08-10 01:00:55] - 일일통계 데이터 삭제(stats_delete)
[2021-08-11 01:00:30] - 2021-08-10 - daily_order start
[2021-08-11 01:00:30] - 2021-08-10 - daily_order success
[2021-08-11 01:00:30] - 2021-08-10 - daily_fblike start
[2021-08-11 01:00:30] - 2021-08-10 - daily_fblike success
[2021-08-11 01:00:30] - 2021-08-10 - daily_review start
[2021-08-11 01:00:30] - 2021-08-10 - daily_review success
[2021-08-11 01:00:30] - 2021-08-10 - daily_restock_notify start
[2021-08-11 01:00:30] - 2021-08-10 - daily_restock_notify success
[2021-08-11 01:00:30] - 2021-08-10 - daily_wish start
[2021-08-11 01:00:30] - 2021-08-10 - daily_wish success
[2021-08-11 01:00:30] - 2021-08-10 - daily_cart start
[2021-08-11 01:00:30] - 2021-08-10 - daily_cart success
[2021-08-11 01:00:30] - 2021-08-10 - daily_view start
[2021-08-11 01:00:32] - 2021-08-10 - daily_view success
[2021-08-11 01:00:32] - 2021-08-10 - daily_sales_price start
[2021-08-11 01:00:32] - 2021-08-10 - daily_sales_price success
[2021-08-11 01:00:32] - 2021-08-10 - case1 start
[2021-08-11 01:00:33] - 2021-08-10 - case1 success
[2021-08-11 01:00:33] - 2021-08-10 - case2 start
[2021-08-11 01:00:54] - 2021-08-10 - case2 success
[2021-08-11 01:00:54] - 2021-08-10 - delete start
[2021-08-11 01:00:54] - 2021-08-10 - fm_daily_stats_fblike_vw start
[2021-08-11 01:00:54] - 2021-08-10 - fm_daily_stats_fblike_vw success
[2021-08-11 01:00:54] - 2021-08-10 - fm_daily_stats_review_vw start
[2021-08-11 01:00:54] - 2021-08-10 - fm_daily_stats_review_vw success
[2021-08-11 01:00:54] - 2021-08-10 - fm_daily_stats_restock_notify_vw start
[2021-08-11 01:00:54] - 2021-08-10 - fm_daily_stats_restock_notify_vw success
[2021-08-11 01:00:54] - 2021-08-10 - fm_daily_stats_wish_vw start
[2021-08-11 01:00:54] - 2021-08-10 - fm_daily_stats_wish_vw success
[2021-08-11 01:00:54] - 2021-08-10 - fm_daily_stats_cart_vw start
[2021-08-11 01:00:54] - 2021-08-10 - fm_daily_stats_cart_vw success
[2021-08-11 01:00:54] - 2021-08-10 - fm_daily_stats_order_vw start
[2021-08-11 01:00:54] - 2021-08-10 - fm_daily_stats_order_vw success
[2021-08-11 01:00:54] - 2021-08-10 - fm_daily_stats_view_vw start
[2021-08-11 01:00:54] - 2021-08-10 - fm_daily_stats_view_vw success
[2021-08-11 01:00:54] - 2021-08-10 - delete success
[2021-08-11 01:00:54] - 상품별 3개월 구매수량 등록(goods_purchase_ea)
[2021-08-11 01:00:54] - 입점사 정산 주기 변경(account_seller_period_update)
[2021-08-11 01:00:54] - 입점사별 정산 집계(account_seller_stats)
[2021-08-11 01:00:54] - 불필요한 이월데이터 삭제(account_seller_del_sales)
[2021-08-11 01:00:54] - 일일통계 (주문,좋아요,리뷰,재입고알림,찜,장바구니,보기) 집계(daily_stats)
[2021-08-11 01:00:54] - 마일리지, 포인트,캐쉬 통계 집계(statistic_epc)
[2021-08-11 01:00:54] - referer 도메인 업데이트(set_referer_domain)
[2021-08-11 01:00:54] - 일일통계 데이터 삭제(stats_delete)
[2021-08-12 01:00:28] - 2021-08-11 - daily_order start
[2021-08-12 01:00:29] - 2021-08-11 - daily_order success
[2021-08-12 01:00:29] - 2021-08-11 - daily_fblike start
[2021-08-12 01:00:29] - 2021-08-11 - daily_fblike success
[2021-08-12 01:00:29] - 2021-08-11 - daily_review start
[2021-08-12 01:00:29] - 2021-08-11 - daily_review success
[2021-08-12 01:00:29] - 2021-08-11 - daily_restock_notify start
[2021-08-12 01:00:29] - 2021-08-11 - daily_restock_notify success
[2021-08-12 01:00:29] - 2021-08-11 - daily_wish start
[2021-08-12 01:00:29] - 2021-08-11 - daily_wish success
[2021-08-12 01:00:29] - 2021-08-11 - daily_cart start
[2021-08-12 01:00:29] - 2021-08-11 - daily_cart success
[2021-08-12 01:00:29] - 2021-08-11 - daily_view start
[2021-08-12 01:00:30] - 2021-08-11 - daily_view success
[2021-08-12 01:00:30] - 2021-08-11 - daily_sales_price start
[2021-08-12 01:00:30] - 2021-08-11 - daily_sales_price success
[2021-08-12 01:00:30] - 2021-08-11 - case1 start
[2021-08-12 01:00:31] - 2021-08-11 - case1 success
[2021-08-12 01:00:31] - 2021-08-11 - case2 start
[2021-08-12 01:00:52] - 2021-08-11 - case2 success
[2021-08-12 01:00:52] - 2021-08-11 - delete start
[2021-08-12 01:00:52] - 2021-08-11 - fm_daily_stats_fblike_vw start
[2021-08-12 01:00:52] - 2021-08-11 - fm_daily_stats_fblike_vw success
[2021-08-12 01:00:52] - 2021-08-11 - fm_daily_stats_review_vw start
[2021-08-12 01:00:52] - 2021-08-11 - fm_daily_stats_review_vw success
[2021-08-12 01:00:52] - 2021-08-11 - fm_daily_stats_restock_notify_vw start
[2021-08-12 01:00:52] - 2021-08-11 - fm_daily_stats_restock_notify_vw success
[2021-08-12 01:00:52] - 2021-08-11 - fm_daily_stats_wish_vw start
[2021-08-12 01:00:52] - 2021-08-11 - fm_daily_stats_wish_vw success
[2021-08-12 01:00:52] - 2021-08-11 - fm_daily_stats_cart_vw start
[2021-08-12 01:00:52] - 2021-08-11 - fm_daily_stats_cart_vw success
[2021-08-12 01:00:52] - 2021-08-11 - fm_daily_stats_order_vw start
[2021-08-12 01:00:52] - 2021-08-11 - fm_daily_stats_order_vw success
[2021-08-12 01:00:52] - 2021-08-11 - fm_daily_stats_view_vw start
[2021-08-12 01:00:52] - 2021-08-11 - fm_daily_stats_view_vw success
[2021-08-12 01:00:52] - 2021-08-11 - delete success
[2021-08-12 01:00:53] - 상품별 3개월 구매수량 등록(goods_purchase_ea)
[2021-08-12 01:00:53] - 입점사 정산 주기 변경(account_seller_period_update)
[2021-08-12 01:00:53] - 입점사별 정산 집계(account_seller_stats)
[2021-08-12 01:00:53] - 불필요한 이월데이터 삭제(account_seller_del_sales)
[2021-08-12 01:00:53] - 일일통계 (주문,좋아요,리뷰,재입고알림,찜,장바구니,보기) 집계(daily_stats)
[2021-08-12 01:00:53] - 마일리지, 포인트,캐쉬 통계 집계(statistic_epc)
[2021-08-12 01:00:53] - referer 도메인 업데이트(set_referer_domain)
[2021-08-12 01:00:53] - 일일통계 데이터 삭제(stats_delete)
[2021-08-13 01:00:29] - 2021-08-12 - daily_order start
[2021-08-13 01:00:29] - 2021-08-12 - daily_order success
[2021-08-13 01:00:29] - 2021-08-12 - daily_fblike start
[2021-08-13 01:00:29] - 2021-08-12 - daily_fblike success
[2021-08-13 01:00:29] - 2021-08-12 - daily_review start
[2021-08-13 01:00:29] - 2021-08-12 - daily_review success
[2021-08-13 01:00:29] - 2021-08-12 - daily_restock_notify start
[2021-08-13 01:00:29] - 2021-08-12 - daily_restock_notify success
[2021-08-13 01:00:29] - 2021-08-12 - daily_wish start
[2021-08-13 01:00:29] - 2021-08-12 - daily_wish success
[2021-08-13 01:00:29] - 2021-08-12 - daily_cart start
[2021-08-13 01:00:29] - 2021-08-12 - daily_cart success
[2021-08-13 01:00:29] - 2021-08-12 - daily_view start
[2021-08-13 01:00:31] - 2021-08-12 - daily_view success
[2021-08-13 01:00:31] - 2021-08-12 - daily_sales_price start
[2021-08-13 01:00:31] - 2021-08-12 - daily_sales_price success
[2021-08-13 01:00:31] - 2021-08-12 - case1 start
[2021-08-13 01:00:32] - 2021-08-12 - case1 success
[2021-08-13 01:00:32] - 2021-08-12 - case2 start
[2021-08-13 01:00:53] - 2021-08-12 - case2 success
[2021-08-13 01:00:53] - 2021-08-12 - delete start
[2021-08-13 01:00:53] - 2021-08-12 - fm_daily_stats_fblike_vw start
[2021-08-13 01:00:53] - 2021-08-12 - fm_daily_stats_fblike_vw success
[2021-08-13 01:00:53] - 2021-08-12 - fm_daily_stats_review_vw start
[2021-08-13 01:00:53] - 2021-08-12 - fm_daily_stats_review_vw success
[2021-08-13 01:00:53] - 2021-08-12 - fm_daily_stats_restock_notify_vw start
[2021-08-13 01:00:53] - 2021-08-12 - fm_daily_stats_restock_notify_vw success
[2021-08-13 01:00:53] - 2021-08-12 - fm_daily_stats_wish_vw start
[2021-08-13 01:00:53] - 2021-08-12 - fm_daily_stats_wish_vw success
[2021-08-13 01:00:53] - 2021-08-12 - fm_daily_stats_cart_vw start
[2021-08-13 01:00:53] - 2021-08-12 - fm_daily_stats_cart_vw success
[2021-08-13 01:00:53] - 2021-08-12 - fm_daily_stats_order_vw start
[2021-08-13 01:00:53] - 2021-08-12 - fm_daily_stats_order_vw success
[2021-08-13 01:00:53] - 2021-08-12 - fm_daily_stats_view_vw start
[2021-08-13 01:00:53] - 2021-08-12 - fm_daily_stats_view_vw success
[2021-08-13 01:00:53] - 2021-08-12 - delete success
[2021-08-13 01:00:53] - 상품별 3개월 구매수량 등록(goods_purchase_ea)
[2021-08-13 01:00:53] - 입점사 정산 주기 변경(account_seller_period_update)
[2021-08-13 01:00:53] - 입점사별 정산 집계(account_seller_stats)
[2021-08-13 01:00:53] - 불필요한 이월데이터 삭제(account_seller_del_sales)
[2021-08-13 01:00:53] - 일일통계 (주문,좋아요,리뷰,재입고알림,찜,장바구니,보기) 집계(daily_stats)
[2021-08-13 01:00:53] - 마일리지, 포인트,캐쉬 통계 집계(statistic_epc)
[2021-08-13 01:00:53] - referer 도메인 업데이트(set_referer_domain)
[2021-08-13 01:00:53] - 일일통계 데이터 삭제(stats_delete)
[2021-08-14 01:00:30] - 2021-08-13 - daily_order start
[2021-08-14 01:00:30] - 2021-08-13 - daily_order success
[2021-08-14 01:00:30] - 2021-08-13 - daily_fblike start
[2021-08-14 01:00:30] - 2021-08-13 - daily_fblike success
[2021-08-14 01:00:30] - 2021-08-13 - daily_review start
[2021-08-14 01:00:30] - 2021-08-13 - daily_review success
[2021-08-14 01:00:30] - 2021-08-13 - daily_restock_notify start
[2021-08-14 01:00:30] - 2021-08-13 - daily_restock_notify success
[2021-08-14 01:00:30] - 2021-08-13 - daily_wish start
[2021-08-14 01:00:30] - 2021-08-13 - daily_wish success
[2021-08-14 01:00:30] - 2021-08-13 - daily_cart start
[2021-08-14 01:00:30] - 2021-08-13 - daily_cart success
[2021-08-14 01:00:30] - 2021-08-13 - daily_view start
[2021-08-14 01:00:32] - 2021-08-13 - daily_view success
[2021-08-14 01:00:32] - 2021-08-13 - daily_sales_price start
[2021-08-14 01:00:32] - 2021-08-13 - daily_sales_price success
[2021-08-14 01:00:32] - 2021-08-13 - case1 start
[2021-08-14 01:00:33] - 2021-08-13 - case1 success
[2021-08-14 01:00:33] - 2021-08-13 - case2 start
[2021-08-14 01:00:55] - 2021-08-13 - case2 success
[2021-08-14 01:00:55] - 2021-08-13 - delete start
[2021-08-14 01:00:55] - 2021-08-13 - fm_daily_stats_fblike_vw start
[2021-08-14 01:00:55] - 2021-08-13 - fm_daily_stats_fblike_vw success
[2021-08-14 01:00:55] - 2021-08-13 - fm_daily_stats_review_vw start
[2021-08-14 01:00:55] - 2021-08-13 - fm_daily_stats_review_vw success
[2021-08-14 01:00:55] - 2021-08-13 - fm_daily_stats_restock_notify_vw start
[2021-08-14 01:00:55] - 2021-08-13 - fm_daily_stats_restock_notify_vw success
[2021-08-14 01:00:55] - 2021-08-13 - fm_daily_stats_wish_vw start
[2021-08-14 01:00:55] - 2021-08-13 - fm_daily_stats_wish_vw success
[2021-08-14 01:00:55] - 2021-08-13 - fm_daily_stats_cart_vw start
[2021-08-14 01:00:55] - 2021-08-13 - fm_daily_stats_cart_vw success
[2021-08-14 01:00:55] - 2021-08-13 - fm_daily_stats_order_vw start
[2021-08-14 01:00:55] - 2021-08-13 - fm_daily_stats_order_vw success
[2021-08-14 01:00:55] - 2021-08-13 - fm_daily_stats_view_vw start
[2021-08-14 01:00:55] - 2021-08-13 - fm_daily_stats_view_vw success
[2021-08-14 01:00:55] - 2021-08-13 - delete success
[2021-08-14 01:00:56] - 상품별 3개월 구매수량 등록(goods_purchase_ea)
[2021-08-14 01:00:56] - 입점사 정산 주기 변경(account_seller_period_update)
[2021-08-14 01:00:56] - 입점사별 정산 집계(account_seller_stats)
[2021-08-14 01:00:56] - 불필요한 이월데이터 삭제(account_seller_del_sales)
[2021-08-14 01:00:56] - 일일통계 (주문,좋아요,리뷰,재입고알림,찜,장바구니,보기) 집계(daily_stats)
[2021-08-14 01:00:56] - 마일리지, 포인트,캐쉬 통계 집계(statistic_epc)
[2021-08-14 01:00:56] - referer 도메인 업데이트(set_referer_domain)
[2021-08-14 01:00:56] - 일일통계 데이터 삭제(stats_delete)
[2021-08-15 01:00:29] - 2021-08-14 - daily_order start
[2021-08-15 01:00:29] - 2021-08-14 - daily_order success
[2021-08-15 01:00:29] - 2021-08-14 - daily_fblike start
[2021-08-15 01:00:29] - 2021-08-14 - daily_fblike success
[2021-08-15 01:00:29] - 2021-08-14 - daily_review start
[2021-08-15 01:00:29] - 2021-08-14 - daily_review success
[2021-08-15 01:00:29] - 2021-08-14 - daily_restock_notify start
[2021-08-15 01:00:29] - 2021-08-14 - daily_restock_notify success
[2021-08-15 01:00:29] - 2021-08-14 - daily_wish start
[2021-08-15 01:00:29] - 2021-08-14 - daily_wish success
[2021-08-15 01:00:29] - 2021-08-14 - daily_cart start
[2021-08-15 01:00:29] - 2021-08-14 - daily_cart success
[2021-08-15 01:00:29] - 2021-08-14 - daily_view start
[2021-08-15 01:00:30] - 2021-08-14 - daily_view success
[2021-08-15 01:00:30] - 2021-08-14 - daily_sales_price start
[2021-08-15 01:00:30] - 2021-08-14 - daily_sales_price success
[2021-08-15 01:00:30] - 2021-08-14 - case1 start
[2021-08-15 01:00:30] - 2021-08-14 - case1 success
[2021-08-15 01:00:30] - 2021-08-14 - case2 start
[2021-08-15 01:00:51] - 2021-08-14 - case2 success
[2021-08-15 01:00:51] - 2021-08-14 - delete start
[2021-08-15 01:00:51] - 2021-08-14 - fm_daily_stats_fblike_vw start
[2021-08-15 01:00:51] - 2021-08-14 - fm_daily_stats_fblike_vw success
[2021-08-15 01:00:51] - 2021-08-14 - fm_daily_stats_review_vw start
[2021-08-15 01:00:51] - 2021-08-14 - fm_daily_stats_review_vw success
[2021-08-15 01:00:51] - 2021-08-14 - fm_daily_stats_restock_notify_vw start
[2021-08-15 01:00:51] - 2021-08-14 - fm_daily_stats_restock_notify_vw success
[2021-08-15 01:00:51] - 2021-08-14 - fm_daily_stats_wish_vw start
[2021-08-15 01:00:51] - 2021-08-14 - fm_daily_stats_wish_vw success
[2021-08-15 01:00:51] - 2021-08-14 - fm_daily_stats_cart_vw start
[2021-08-15 01:00:51] - 2021-08-14 - fm_daily_stats_cart_vw success
[2021-08-15 01:00:51] - 2021-08-14 - fm_daily_stats_order_vw start
[2021-08-15 01:00:51] - 2021-08-14 - fm_daily_stats_order_vw success
[2021-08-15 01:00:51] - 2021-08-14 - fm_daily_stats_view_vw start
[2021-08-15 01:00:51] - 2021-08-14 - fm_daily_stats_view_vw success
[2021-08-15 01:00:51] - 2021-08-14 - delete success
[2021-08-15 01:00:52] - 상품별 3개월 구매수량 등록(goods_purchase_ea)
[2021-08-15 01:00:52] - 입점사 정산 주기 변경(account_seller_period_update)
[2021-08-15 01:00:52] - 입점사별 정산 집계(account_seller_stats)
[2021-08-15 01:00:52] - 불필요한 이월데이터 삭제(account_seller_del_sales)
[2021-08-15 01:00:52] - 일일통계 (주문,좋아요,리뷰,재입고알림,찜,장바구니,보기) 집계(daily_stats)
[2021-08-15 01:00:52] - 마일리지, 포인트,캐쉬 통계 집계(statistic_epc)
[2021-08-15 01:00:52] - referer 도메인 업데이트(set_referer_domain)
[2021-08-15 01:00:52] - 일일통계 데이터 삭제(stats_delete)
[2021-08-16 01:00:29] - 2021-08-15 - daily_order start
[2021-08-16 01:00:29] - 2021-08-15 - daily_order success
[2021-08-16 01:00:29] - 2021-08-15 - daily_fblike start
[2021-08-16 01:00:29] - 2021-08-15 - daily_fblike success
[2021-08-16 01:00:29] - 2021-08-15 - daily_review start
[2021-08-16 01:00:29] - 2021-08-15 - daily_review success
[2021-08-16 01:00:29] - 2021-08-15 - daily_restock_notify start
[2021-08-16 01:00:29] - 2021-08-15 - daily_restock_notify success
[2021-08-16 01:00:29] - 2021-08-15 - daily_wish start
[2021-08-16 01:00:29] - 2021-08-15 - daily_wish success
[2021-08-16 01:00:29] - 2021-08-15 - daily_cart start
[2021-08-16 01:00:29] - 2021-08-15 - daily_cart success
[2021-08-16 01:00:29] - 2021-08-15 - daily_view start
[2021-08-16 01:00:30] - 2021-08-15 - daily_view success
[2021-08-16 01:00:30] - 2021-08-15 - daily_sales_price start
[2021-08-16 01:00:30] - 2021-08-15 - daily_sales_price success
[2021-08-16 01:00:30] - 2021-08-15 - case1 start
[2021-08-16 01:00:31] - 2021-08-15 - case1 success
[2021-08-16 01:00:31] - 2021-08-15 - case2 start
[2021-08-16 01:00:52] - 2021-08-15 - case2 success
[2021-08-16 01:00:52] - 2021-08-15 - delete start
[2021-08-16 01:00:52] - 2021-08-15 - fm_daily_stats_fblike_vw start
[2021-08-16 01:00:52] - 2021-08-15 - fm_daily_stats_fblike_vw success
[2021-08-16 01:00:52] - 2021-08-15 - fm_daily_stats_review_vw start
[2021-08-16 01:00:52] - 2021-08-15 - fm_daily_stats_review_vw success
[2021-08-16 01:00:52] - 2021-08-15 - fm_daily_stats_restock_notify_vw start
[2021-08-16 01:00:52] - 2021-08-15 - fm_daily_stats_restock_notify_vw success
[2021-08-16 01:00:52] - 2021-08-15 - fm_daily_stats_wish_vw start
[2021-08-16 01:00:52] - 2021-08-15 - fm_daily_stats_wish_vw success
[2021-08-16 01:00:52] - 2021-08-15 - fm_daily_stats_cart_vw start
[2021-08-16 01:00:52] - 2021-08-15 - fm_daily_stats_cart_vw success
[2021-08-16 01:00:52] - 2021-08-15 - fm_daily_stats_order_vw start
[2021-08-16 01:00:52] - 2021-08-15 - fm_daily_stats_order_vw success
[2021-08-16 01:00:52] - 2021-08-15 - fm_daily_stats_view_vw start
[2021-08-16 01:00:52] - 2021-08-15 - fm_daily_stats_view_vw success
[2021-08-16 01:00:52] - 2021-08-15 - delete success
[2021-08-16 01:00:52] - 상품별 3개월 구매수량 등록(goods_purchase_ea)
[2021-08-16 01:00:52] - 입점사 정산 주기 변경(account_seller_period_update)
[2021-08-16 01:00:52] - 입점사별 정산 집계(account_seller_stats)
[2021-08-16 01:00:52] - 불필요한 이월데이터 삭제(account_seller_del_sales)
[2021-08-16 01:00:52] - 일일통계 (주문,좋아요,리뷰,재입고알림,찜,장바구니,보기) 집계(daily_stats)
[2021-08-16 01:00:52] - 마일리지, 포인트,캐쉬 통계 집계(statistic_epc)
[2021-08-16 01:00:52] - referer 도메인 업데이트(set_referer_domain)
[2021-08-16 01:00:52] - 일일통계 데이터 삭제(stats_delete)
[2021-08-17 01:00:29] - 2021-08-16 - daily_order start
[2021-08-17 01:00:29] - 2021-08-16 - daily_order success
[2021-08-17 01:00:29] - 2021-08-16 - daily_fblike start
[2021-08-17 01:00:29] - 2021-08-16 - daily_fblike success
[2021-08-17 01:00:29] - 2021-08-16 - daily_review start
[2021-08-17 01:00:29] - 2021-08-16 - daily_review success
[2021-08-17 01:00:29] - 2021-08-16 - daily_restock_notify start
[2021-08-17 01:00:29] - 2021-08-16 - daily_restock_notify success
[2021-08-17 01:00:29] - 2021-08-16 - daily_wish start
[2021-08-17 01:00:29] - 2021-08-16 - daily_wish success
[2021-08-17 01:00:29] - 2021-08-16 - daily_cart start
[2021-08-17 01:00:29] - 2021-08-16 - daily_cart success
[2021-08-17 01:00:29] - 2021-08-16 - daily_view start
[2021-08-17 01:00:30] - 2021-08-16 - daily_view success
[2021-08-17 01:00:30] - 2021-08-16 - daily_sales_price start
[2021-08-17 01:00:30] - 2021-08-16 - daily_sales_price success
[2021-08-17 01:00:30] - 2021-08-16 - case1 start
[2021-08-17 01:00:31] - 2021-08-16 - case1 success
[2021-08-17 01:00:31] - 2021-08-16 - case2 start
[2021-08-17 01:00:52] - 2021-08-16 - case2 success
[2021-08-17 01:00:52] - 2021-08-16 - delete start
[2021-08-17 01:00:52] - 2021-08-16 - fm_daily_stats_fblike_vw start
[2021-08-17 01:00:52] - 2021-08-16 - fm_daily_stats_fblike_vw success
[2021-08-17 01:00:52] - 2021-08-16 - fm_daily_stats_review_vw start
[2021-08-17 01:00:52] - 2021-08-16 - fm_daily_stats_review_vw success
[2021-08-17 01:00:52] - 2021-08-16 - fm_daily_stats_restock_notify_vw start
[2021-08-17 01:00:52] - 2021-08-16 - fm_daily_stats_restock_notify_vw success
[2021-08-17 01:00:52] - 2021-08-16 - fm_daily_stats_wish_vw start
[2021-08-17 01:00:52] - 2021-08-16 - fm_daily_stats_wish_vw success
[2021-08-17 01:00:52] - 2021-08-16 - fm_daily_stats_cart_vw start
[2021-08-17 01:00:52] - 2021-08-16 - fm_daily_stats_cart_vw success
[2021-08-17 01:00:52] - 2021-08-16 - fm_daily_stats_order_vw start
[2021-08-17 01:00:52] - 2021-08-16 - fm_daily_stats_order_vw success
[2021-08-17 01:00:52] - 2021-08-16 - fm_daily_stats_view_vw start
[2021-08-17 01:00:52] - 2021-08-16 - fm_daily_stats_view_vw success
[2021-08-17 01:00:52] - 2021-08-16 - delete success
[2021-08-17 01:00:53] - 상품별 3개월 구매수량 등록(goods_purchase_ea)
[2021-08-17 01:00:53] - 입점사 정산 주기 변경(account_seller_period_update)
[2021-08-17 01:00:53] - 입점사별 정산 집계(account_seller_stats)
[2021-08-17 01:00:53] - 불필요한 이월데이터 삭제(account_seller_del_sales)
[2021-08-17 01:00:53] - 일일통계 (주문,좋아요,리뷰,재입고알림,찜,장바구니,보기) 집계(daily_stats)
[2021-08-17 01:00:53] - 마일리지, 포인트,캐쉬 통계 집계(statistic_epc)
[2021-08-17 01:00:53] - referer 도메인 업데이트(set_referer_domain)
[2021-08-17 01:00:53] - 일일통계 데이터 삭제(stats_delete)
[2021-08-18 01:00:29] - 2021-08-17 - daily_order start
[2021-08-18 01:00:29] - 2021-08-17 - daily_order success
[2021-08-18 01:00:29] - 2021-08-17 - daily_fblike start
[2021-08-18 01:00:29] - 2021-08-17 - daily_fblike success
[2021-08-18 01:00:29] - 2021-08-17 - daily_review start
[2021-08-18 01:00:29] - 2021-08-17 - daily_review success
[2021-08-18 01:00:29] - 2021-08-17 - daily_restock_notify start
[2021-08-18 01:00:29] - 2021-08-17 - daily_restock_notify success
[2021-08-18 01:00:29] - 2021-08-17 - daily_wish start
[2021-08-18 01:00:29] - 2021-08-17 - daily_wish success
[2021-08-18 01:00:29] - 2021-08-17 - daily_cart start
[2021-08-18 01:00:29] - 2021-08-17 - daily_cart success
[2021-08-18 01:00:29] - 2021-08-17 - daily_view start
[2021-08-18 01:00:31] - 2021-08-17 - daily_view success
[2021-08-18 01:00:31] - 2021-08-17 - daily_sales_price start
[2021-08-18 01:00:31] - 2021-08-17 - daily_sales_price success
[2021-08-18 01:00:31] - 2021-08-17 - case1 start
[2021-08-18 01:00:32] - 2021-08-17 - case1 success
[2021-08-18 01:00:32] - 2021-08-17 - case2 start
[2021-08-18 01:00:53] - 2021-08-17 - case2 success
[2021-08-18 01:00:53] - 2021-08-17 - delete start
[2021-08-18 01:00:53] - 2021-08-17 - fm_daily_stats_fblike_vw start
[2021-08-18 01:00:53] - 2021-08-17 - fm_daily_stats_fblike_vw success
[2021-08-18 01:00:53] - 2021-08-17 - fm_daily_stats_review_vw start
[2021-08-18 01:00:53] - 2021-08-17 - fm_daily_stats_review_vw success
[2021-08-18 01:00:53] - 2021-08-17 - fm_daily_stats_restock_notify_vw start
[2021-08-18 01:00:53] - 2021-08-17 - fm_daily_stats_restock_notify_vw success
[2021-08-18 01:00:53] - 2021-08-17 - fm_daily_stats_wish_vw start
[2021-08-18 01:00:53] - 2021-08-17 - fm_daily_stats_wish_vw success
[2021-08-18 01:00:53] - 2021-08-17 - fm_daily_stats_cart_vw start
[2021-08-18 01:00:53] - 2021-08-17 - fm_daily_stats_cart_vw success
[2021-08-18 01:00:53] - 2021-08-17 - fm_daily_stats_order_vw start
[2021-08-18 01:00:53] - 2021-08-17 - fm_daily_stats_order_vw success
[2021-08-18 01:00:53] - 2021-08-17 - fm_daily_stats_view_vw start
[2021-08-18 01:00:53] - 2021-08-17 - fm_daily_stats_view_vw success
[2021-08-18 01:00:53] - 2021-08-17 - delete success
[2021-08-18 01:00:54] - 상품별 3개월 구매수량 등록(goods_purchase_ea)
[2021-08-18 01:00:54] - 입점사 정산 주기 변경(account_seller_period_update)
[2021-08-18 01:00:54] - 입점사별 정산 집계(account_seller_stats)
[2021-08-18 01:00:54] - 불필요한 이월데이터 삭제(account_seller_del_sales)
[2021-08-18 01:00:54] - 일일통계 (주문,좋아요,리뷰,재입고알림,찜,장바구니,보기) 집계(daily_stats)
[2021-08-18 01:00:54] - 마일리지, 포인트,캐쉬 통계 집계(statistic_epc)
[2021-08-18 01:00:54] - referer 도메인 업데이트(set_referer_domain)
[2021-08-18 01:00:54] - 일일통계 데이터 삭제(stats_delete)
[2021-08-19 01:00:31] - 2021-08-18 - daily_order start
[2021-08-19 01:00:31] - 2021-08-18 - daily_order success
[2021-08-19 01:00:31] - 2021-08-18 - daily_fblike start
[2021-08-19 01:00:31] - 2021-08-18 - daily_fblike success
[2021-08-19 01:00:31] - 2021-08-18 - daily_review start
[2021-08-19 01:00:31] - 2021-08-18 - daily_review success
[2021-08-19 01:00:31] - 2021-08-18 - daily_restock_notify start
[2021-08-19 01:00:31] - 2021-08-18 - daily_restock_notify success
[2021-08-19 01:00:31] - 2021-08-18 - daily_wish start
[2021-08-19 01:00:31] - 2021-08-18 - daily_wish success
[2021-08-19 01:00:31] - 2021-08-18 - daily_cart start
[2021-08-19 01:00:31] - 2021-08-18 - daily_cart success
[2021-08-19 01:00:31] - 2021-08-18 - daily_view start
[2021-08-19 01:00:34] - 2021-08-18 - daily_view success
[2021-08-19 01:00:34] - 2021-08-18 - daily_sales_price start
[2021-08-19 01:00:34] - 2021-08-18 - daily_sales_price success
[2021-08-19 01:00:34] - 2021-08-18 - case1 start
[2021-08-19 01:00:35] - 2021-08-18 - case1 success
[2021-08-19 01:00:35] - 2021-08-18 - case2 start
[2021-08-19 01:00:56] - 2021-08-18 - case2 success
[2021-08-19 01:00:56] - 2021-08-18 - delete start
[2021-08-19 01:00:56] - 2021-08-18 - fm_daily_stats_fblike_vw start
[2021-08-19 01:00:56] - 2021-08-18 - fm_daily_stats_fblike_vw success
[2021-08-19 01:00:56] - 2021-08-18 - fm_daily_stats_review_vw start
[2021-08-19 01:00:56] - 2021-08-18 - fm_daily_stats_review_vw success
[2021-08-19 01:00:56] - 2021-08-18 - fm_daily_stats_restock_notify_vw start
[2021-08-19 01:00:57] - 2021-08-18 - fm_daily_stats_restock_notify_vw success
[2021-08-19 01:00:57] - 2021-08-18 - fm_daily_stats_wish_vw start
[2021-08-19 01:00:57] - 2021-08-18 - fm_daily_stats_wish_vw success
[2021-08-19 01:00:57] - 2021-08-18 - fm_daily_stats_cart_vw start
[2021-08-19 01:00:57] - 2021-08-18 - fm_daily_stats_cart_vw success
[2021-08-19 01:00:57] - 2021-08-18 - fm_daily_stats_order_vw start
[2021-08-19 01:00:57] - 2021-08-18 - fm_daily_stats_order_vw success
[2021-08-19 01:00:57] - 2021-08-18 - fm_daily_stats_view_vw start
[2021-08-19 01:00:57] - 2021-08-18 - fm_daily_stats_view_vw success
[2021-08-19 01:00:57] - 2021-08-18 - delete success
[2021-08-19 01:00:57] - 상품별 3개월 구매수량 등록(goods_purchase_ea)
[2021-08-19 01:00:57] - 입점사 정산 주기 변경(account_seller_period_update)
[2021-08-19 01:00:57] - 입점사별 정산 집계(account_seller_stats)
[2021-08-19 01:00:57] - 불필요한 이월데이터 삭제(account_seller_del_sales)
[2021-08-19 01:00:57] - 일일통계 (주문,좋아요,리뷰,재입고알림,찜,장바구니,보기) 집계(daily_stats)
[2021-08-19 01:00:57] - 마일리지, 포인트,캐쉬 통계 집계(statistic_epc)
[2021-08-19 01:00:57] - referer 도메인 업데이트(set_referer_domain)
[2021-08-19 01:00:57] - 일일통계 데이터 삭제(stats_delete)
[2021-08-20 01:00:30] - 2021-08-19 - daily_order start
[2021-08-20 01:00:30] - 2021-08-19 - daily_order success
[2021-08-20 01:00:30] - 2021-08-19 - daily_fblike start
[2021-08-20 01:00:30] - 2021-08-19 - daily_fblike success
[2021-08-20 01:00:30] - 2021-08-19 - daily_review start
[2021-08-20 01:00:30] - 2021-08-19 - daily_review success
[2021-08-20 01:00:30] - 2021-08-19 - daily_restock_notify start
[2021-08-20 01:00:30] - 2021-08-19 - daily_restock_notify success
[2021-08-20 01:00:30] - 2021-08-19 - daily_wish start
[2021-08-20 01:00:30] - 2021-08-19 - daily_wish success
[2021-08-20 01:00:30] - 2021-08-19 - daily_cart start
[2021-08-20 01:00:30] - 2021-08-19 - daily_cart success
[2021-08-20 01:00:30] - 2021-08-19 - daily_view start
[2021-08-20 01:00:31] - 2021-08-19 - daily_view success
[2021-08-20 01:00:31] - 2021-08-19 - daily_sales_price start
[2021-08-20 01:00:31] - 2021-08-19 - daily_sales_price success
[2021-08-20 01:00:31] - 2021-08-19 - case1 start
[2021-08-20 01:00:32] - 2021-08-19 - case1 success
[2021-08-20 01:00:32] - 2021-08-19 - case2 start
[2021-08-20 01:00:55] - 2021-08-19 - case2 success
[2021-08-20 01:00:55] - 2021-08-19 - delete start
[2021-08-20 01:00:55] - 2021-08-19 - fm_daily_stats_fblike_vw start
[2021-08-20 01:00:55] - 2021-08-19 - fm_daily_stats_fblike_vw success
[2021-08-20 01:00:55] - 2021-08-19 - fm_daily_stats_review_vw start
[2021-08-20 01:00:55] - 2021-08-19 - fm_daily_stats_review_vw success
[2021-08-20 01:00:55] - 2021-08-19 - fm_daily_stats_restock_notify_vw start
[2021-08-20 01:00:55] - 2021-08-19 - fm_daily_stats_restock_notify_vw success
[2021-08-20 01:00:55] - 2021-08-19 - fm_daily_stats_wish_vw start
[2021-08-20 01:00:55] - 2021-08-19 - fm_daily_stats_wish_vw success
[2021-08-20 01:00:55] - 2021-08-19 - fm_daily_stats_cart_vw start
[2021-08-20 01:00:55] - 2021-08-19 - fm_daily_stats_cart_vw success
[2021-08-20 01:00:55] - 2021-08-19 - fm_daily_stats_order_vw start
[2021-08-20 01:00:55] - 2021-08-19 - fm_daily_stats_order_vw success
[2021-08-20 01:00:55] - 2021-08-19 - fm_daily_stats_view_vw start
[2021-08-20 01:00:55] - 2021-08-19 - fm_daily_stats_view_vw success
[2021-08-20 01:00:55] - 2021-08-19 - delete success
[2021-08-20 01:00:55] - 상품별 3개월 구매수량 등록(goods_purchase_ea)
[2021-08-20 01:00:55] - 입점사 정산 주기 변경(account_seller_period_update)
[2021-08-20 01:00:55] - 입점사별 정산 집계(account_seller_stats)
[2021-08-20 01:00:55] - 불필요한 이월데이터 삭제(account_seller_del_sales)
[2021-08-20 01:00:55] - 일일통계 (주문,좋아요,리뷰,재입고알림,찜,장바구니,보기) 집계(daily_stats)
[2021-08-20 01:00:55] - 마일리지, 포인트,캐쉬 통계 집계(statistic_epc)
[2021-08-20 01:00:55] - referer 도메인 업데이트(set_referer_domain)
[2021-08-20 01:00:55] - 일일통계 데이터 삭제(stats_delete)
[2021-08-21 01:00:30] - 2021-08-20 - daily_order start
[2021-08-21 01:00:30] - 2021-08-20 - daily_order success
[2021-08-21 01:00:30] - 2021-08-20 - daily_fblike start
[2021-08-21 01:00:30] - 2021-08-20 - daily_fblike success
[2021-08-21 01:00:30] - 2021-08-20 - daily_review start
[2021-08-21 01:00:30] - 2021-08-20 - daily_review success
[2021-08-21 01:00:30] - 2021-08-20 - daily_restock_notify start
[2021-08-21 01:00:30] - 2021-08-20 - daily_restock_notify success
[2021-08-21 01:00:30] - 2021-08-20 - daily_wish start
[2021-08-21 01:00:30] - 2021-08-20 - daily_wish success
[2021-08-21 01:00:30] - 2021-08-20 - daily_cart start
[2021-08-21 01:00:30] - 2021-08-20 - daily_cart success
[2021-08-21 01:00:30] - 2021-08-20 - daily_view start
[2021-08-21 01:00:31] - 2021-08-20 - daily_view success
[2021-08-21 01:00:31] - 2021-08-20 - daily_sales_price start
[2021-08-21 01:00:31] - 2021-08-20 - daily_sales_price success
[2021-08-21 01:00:31] - 2021-08-20 - case1 start
[2021-08-21 01:00:32] - 2021-08-20 - case1 success
[2021-08-21 01:00:32] - 2021-08-20 - case2 start
[2021-08-21 01:00:54] - 2021-08-20 - case2 success
[2021-08-21 01:00:54] - 2021-08-20 - delete start
[2021-08-21 01:00:54] - 2021-08-20 - fm_daily_stats_fblike_vw start
[2021-08-21 01:00:54] - 2021-08-20 - fm_daily_stats_fblike_vw success
[2021-08-21 01:00:54] - 2021-08-20 - fm_daily_stats_review_vw start
[2021-08-21 01:00:54] - 2021-08-20 - fm_daily_stats_review_vw success
[2021-08-21 01:00:54] - 2021-08-20 - fm_daily_stats_restock_notify_vw start
[2021-08-21 01:00:54] - 2021-08-20 - fm_daily_stats_restock_notify_vw success
[2021-08-21 01:00:54] - 2021-08-20 - fm_daily_stats_wish_vw start
[2021-08-21 01:00:54] - 2021-08-20 - fm_daily_stats_wish_vw success
[2021-08-21 01:00:54] - 2021-08-20 - fm_daily_stats_cart_vw start
[2021-08-21 01:00:54] - 2021-08-20 - fm_daily_stats_cart_vw success
[2021-08-21 01:00:54] - 2021-08-20 - fm_daily_stats_order_vw start
[2021-08-21 01:00:54] - 2021-08-20 - fm_daily_stats_order_vw success
[2021-08-21 01:00:54] - 2021-08-20 - fm_daily_stats_view_vw start
[2021-08-21 01:00:54] - 2021-08-20 - fm_daily_stats_view_vw success
[2021-08-21 01:00:54] - 2021-08-20 - delete success
[2021-08-21 01:00:55] - 상품별 3개월 구매수량 등록(goods_purchase_ea)
[2021-08-21 01:00:55] - 입점사 정산 주기 변경(account_seller_period_update)
[2021-08-21 01:00:55] - 입점사별 정산 집계(account_seller_stats)
[2021-08-21 01:00:55] - 불필요한 이월데이터 삭제(account_seller_del_sales)
[2021-08-21 01:00:55] - 일일통계 (주문,좋아요,리뷰,재입고알림,찜,장바구니,보기) 집계(daily_stats)
[2021-08-21 01:00:55] - 마일리지, 포인트,캐쉬 통계 집계(statistic_epc)
[2021-08-21 01:00:55] - referer 도메인 업데이트(set_referer_domain)
[2021-08-21 01:00:55] - 일일통계 데이터 삭제(stats_delete)
[2021-08-22 01:00:30] - 2021-08-21 - daily_order start
[2021-08-22 01:00:30] - 2021-08-21 - daily_order success
[2021-08-22 01:00:30] - 2021-08-21 - daily_fblike start
[2021-08-22 01:00:30] - 2021-08-21 - daily_fblike success
[2021-08-22 01:00:30] - 2021-08-21 - daily_review start
[2021-08-22 01:00:30] - 2021-08-21 - daily_review success
[2021-08-22 01:00:30] - 2021-08-21 - daily_restock_notify start
[2021-08-22 01:00:30] - 2021-08-21 - daily_restock_notify success
[2021-08-22 01:00:30] - 2021-08-21 - daily_wish start
[2021-08-22 01:00:30] - 2021-08-21 - daily_wish success
[2021-08-22 01:00:30] - 2021-08-21 - daily_cart start
[2021-08-22 01:00:31] - 2021-08-21 - daily_cart success
[2021-08-22 01:00:31] - 2021-08-21 - daily_view start
[2021-08-22 01:00:32] - 2021-08-21 - daily_view success
[2021-08-22 01:00:32] - 2021-08-21 - daily_sales_price start
[2021-08-22 01:00:32] - 2021-08-21 - daily_sales_price success
[2021-08-22 01:00:32] - 2021-08-21 - case1 start
[2021-08-22 01:00:32] - 2021-08-21 - case1 success
[2021-08-22 01:00:32] - 2021-08-21 - case2 start
[2021-08-22 01:00:54] - 2021-08-21 - case2 success
[2021-08-22 01:00:54] - 2021-08-21 - delete start
[2021-08-22 01:00:54] - 2021-08-21 - fm_daily_stats_fblike_vw start
[2021-08-22 01:00:54] - 2021-08-21 - fm_daily_stats_fblike_vw success
[2021-08-22 01:00:54] - 2021-08-21 - fm_daily_stats_review_vw start
[2021-08-22 01:00:54] - 2021-08-21 - fm_daily_stats_review_vw success
[2021-08-22 01:00:54] - 2021-08-21 - fm_daily_stats_restock_notify_vw start
[2021-08-22 01:00:54] - 2021-08-21 - fm_daily_stats_restock_notify_vw success
[2021-08-22 01:00:54] - 2021-08-21 - fm_daily_stats_wish_vw start
[2021-08-22 01:00:54] - 2021-08-21 - fm_daily_stats_wish_vw success
[2021-08-22 01:00:54] - 2021-08-21 - fm_daily_stats_cart_vw start
[2021-08-22 01:00:54] - 2021-08-21 - fm_daily_stats_cart_vw success
[2021-08-22 01:00:54] - 2021-08-21 - fm_daily_stats_order_vw start
[2021-08-22 01:00:54] - 2021-08-21 - fm_daily_stats_order_vw success
[2021-08-22 01:00:54] - 2021-08-21 - fm_daily_stats_view_vw start
[2021-08-22 01:00:54] - 2021-08-21 - fm_daily_stats_view_vw success
[2021-08-22 01:00:54] - 2021-08-21 - delete success
[2021-08-22 01:00:54] - 상품별 3개월 구매수량 등록(goods_purchase_ea)
[2021-08-22 01:00:54] - 입점사 정산 주기 변경(account_seller_period_update)
[2021-08-22 01:00:54] - 입점사별 정산 집계(account_seller_stats)
[2021-08-22 01:00:54] - 불필요한 이월데이터 삭제(account_seller_del_sales)
[2021-08-22 01:00:54] - 일일통계 (주문,좋아요,리뷰,재입고알림,찜,장바구니,보기) 집계(daily_stats)
[2021-08-22 01:00:54] - 마일리지, 포인트,캐쉬 통계 집계(statistic_epc)
[2021-08-22 01:00:54] - referer 도메인 업데이트(set_referer_domain)
[2021-08-22 01:00:54] - 일일통계 데이터 삭제(stats_delete)
[2021-08-23 01:00:30] - 2021-08-22 - daily_order start
[2021-08-23 01:00:30] - 2021-08-22 - daily_order success
[2021-08-23 01:00:30] - 2021-08-22 - daily_fblike start
[2021-08-23 01:00:30] - 2021-08-22 - daily_fblike success
[2021-08-23 01:00:30] - 2021-08-22 - daily_review start
[2021-08-23 01:00:30] - 2021-08-22 - daily_review success
[2021-08-23 01:00:30] - 2021-08-22 - daily_restock_notify start
[2021-08-23 01:00:30] - 2021-08-22 - daily_restock_notify success
[2021-08-23 01:00:30] - 2021-08-22 - daily_wish start
[2021-08-23 01:00:30] - 2021-08-22 - daily_wish success
[2021-08-23 01:00:30] - 2021-08-22 - daily_cart start
[2021-08-23 01:00:30] - 2021-08-22 - daily_cart success
[2021-08-23 01:00:30] - 2021-08-22 - daily_view start
[2021-08-23 01:00:31] - 2021-08-22 - daily_view success
[2021-08-23 01:00:31] - 2021-08-22 - daily_sales_price start
[2021-08-23 01:00:31] - 2021-08-22 - daily_sales_price success
[2021-08-23 01:00:31] - 2021-08-22 - case1 start
[2021-08-23 01:00:31] - 2021-08-22 - case1 success
[2021-08-23 01:00:31] - 2021-08-22 - case2 start
[2021-08-23 01:00:53] - 2021-08-22 - case2 success
[2021-08-23 01:00:53] - 2021-08-22 - delete start
[2021-08-23 01:00:53] - 2021-08-22 - fm_daily_stats_fblike_vw start
[2021-08-23 01:00:53] - 2021-08-22 - fm_daily_stats_fblike_vw success
[2021-08-23 01:00:53] - 2021-08-22 - fm_daily_stats_review_vw start
[2021-08-23 01:00:53] - 2021-08-22 - fm_daily_stats_review_vw success
[2021-08-23 01:00:53] - 2021-08-22 - fm_daily_stats_restock_notify_vw start
[2021-08-23 01:00:53] - 2021-08-22 - fm_daily_stats_restock_notify_vw success
[2021-08-23 01:00:53] - 2021-08-22 - fm_daily_stats_wish_vw start
[2021-08-23 01:00:53] - 2021-08-22 - fm_daily_stats_wish_vw success
[2021-08-23 01:00:53] - 2021-08-22 - fm_daily_stats_cart_vw start
[2021-08-23 01:00:53] - 2021-08-22 - fm_daily_stats_cart_vw success
[2021-08-23 01:00:53] - 2021-08-22 - fm_daily_stats_order_vw start
[2021-08-23 01:00:53] - 2021-08-22 - fm_daily_stats_order_vw success
[2021-08-23 01:00:53] - 2021-08-22 - fm_daily_stats_view_vw start
[2021-08-23 01:00:53] - 2021-08-22 - fm_daily_stats_view_vw success
[2021-08-23 01:00:53] - 2021-08-22 - delete success
[2021-08-23 01:00:54] - 상품별 3개월 구매수량 등록(goods_purchase_ea)
[2021-08-23 01:00:54] - 입점사 정산 주기 변경(account_seller_period_update)
[2021-08-23 01:00:54] - 입점사별 정산 집계(account_seller_stats)
[2021-08-23 01:00:54] - 불필요한 이월데이터 삭제(account_seller_del_sales)
[2021-08-23 01:00:54] - 일일통계 (주문,좋아요,리뷰,재입고알림,찜,장바구니,보기) 집계(daily_stats)
[2021-08-23 01:00:54] - 마일리지, 포인트,캐쉬 통계 집계(statistic_epc)
[2021-08-23 01:00:54] - referer 도메인 업데이트(set_referer_domain)
[2021-08-23 01:00:54] - 일일통계 데이터 삭제(stats_delete)
[2021-08-24 01:00:29] - 2021-08-23 - daily_order start
[2021-08-24 01:00:30] - 2021-08-23 - daily_order success
[2021-08-24 01:00:30] - 2021-08-23 - daily_fblike start
[2021-08-24 01:00:30] - 2021-08-23 - daily_fblike success
[2021-08-24 01:00:30] - 2021-08-23 - daily_review start
[2021-08-24 01:00:30] - 2021-08-23 - daily_review success
[2021-08-24 01:00:30] - 2021-08-23 - daily_restock_notify start
[2021-08-24 01:00:30] - 2021-08-23 - daily_restock_notify success
[2021-08-24 01:00:30] - 2021-08-23 - daily_wish start
[2021-08-24 01:00:30] - 2021-08-23 - daily_wish success
[2021-08-24 01:00:30] - 2021-08-23 - daily_cart start
[2021-08-24 01:00:30] - 2021-08-23 - daily_cart success
[2021-08-24 01:00:30] - 2021-08-23 - daily_view start
[2021-08-24 01:00:31] - 2021-08-23 - daily_view success
[2021-08-24 01:00:31] - 2021-08-23 - daily_sales_price start
[2021-08-24 01:00:31] - 2021-08-23 - daily_sales_price success
[2021-08-24 01:00:31] - 2021-08-23 - case1 start
[2021-08-24 01:00:31] - 2021-08-23 - case1 success
[2021-08-24 01:00:31] - 2021-08-23 - case2 start
[2021-08-24 01:00:53] - 2021-08-23 - case2 success
[2021-08-24 01:00:53] - 2021-08-23 - delete start
[2021-08-24 01:00:53] - 2021-08-23 - fm_daily_stats_fblike_vw start
[2021-08-24 01:00:53] - 2021-08-23 - fm_daily_stats_fblike_vw success
[2021-08-24 01:00:53] - 2021-08-23 - fm_daily_stats_review_vw start
[2021-08-24 01:00:53] - 2021-08-23 - fm_daily_stats_review_vw success
[2021-08-24 01:00:53] - 2021-08-23 - fm_daily_stats_restock_notify_vw start
[2021-08-24 01:00:53] - 2021-08-23 - fm_daily_stats_restock_notify_vw success
[2021-08-24 01:00:53] - 2021-08-23 - fm_daily_stats_wish_vw start
[2021-08-24 01:00:53] - 2021-08-23 - fm_daily_stats_wish_vw success
[2021-08-24 01:00:53] - 2021-08-23 - fm_daily_stats_cart_vw start
[2021-08-24 01:00:53] - 2021-08-23 - fm_daily_stats_cart_vw success
[2021-08-24 01:00:53] - 2021-08-23 - fm_daily_stats_order_vw start
[2021-08-24 01:00:53] - 2021-08-23 - fm_daily_stats_order_vw success
[2021-08-24 01:00:53] - 2021-08-23 - fm_daily_stats_view_vw start
[2021-08-24 01:00:53] - 2021-08-23 - fm_daily_stats_view_vw success
[2021-08-24 01:00:53] - 2021-08-23 - delete success
[2021-08-24 01:00:54] - 상품별 3개월 구매수량 등록(goods_purchase_ea)
[2021-08-24 01:00:54] - 입점사 정산 주기 변경(account_seller_period_update)
[2021-08-24 01:00:54] - 입점사별 정산 집계(account_seller_stats)
[2021-08-24 01:00:54] - 불필요한 이월데이터 삭제(account_seller_del_sales)
[2021-08-24 01:00:54] - 일일통계 (주문,좋아요,리뷰,재입고알림,찜,장바구니,보기) 집계(daily_stats)
[2021-08-24 01:00:54] - 마일리지, 포인트,캐쉬 통계 집계(statistic_epc)
[2021-08-24 01:00:54] - referer 도메인 업데이트(set_referer_domain)
[2021-08-24 01:00:54] - 일일통계 데이터 삭제(stats_delete)
[2021-08-25 01:00:30] - 2021-08-24 - daily_order start
[2021-08-25 01:00:31] - 2021-08-24 - daily_order success
[2021-08-25 01:00:31] - 2021-08-24 - daily_fblike start
[2021-08-25 01:00:31] - 2021-08-24 - daily_fblike success
[2021-08-25 01:00:31] - 2021-08-24 - daily_review start
[2021-08-25 01:00:31] - 2021-08-24 - daily_review success
[2021-08-25 01:00:31] - 2021-08-24 - daily_restock_notify start
[2021-08-25 01:00:31] - 2021-08-24 - daily_restock_notify success
[2021-08-25 01:00:31] - 2021-08-24 - daily_wish start
[2021-08-25 01:00:31] - 2021-08-24 - daily_wish success
[2021-08-25 01:00:31] - 2021-08-24 - daily_cart start
[2021-08-25 01:00:31] - 2021-08-24 - daily_cart success
[2021-08-25 01:00:31] - 2021-08-24 - daily_view start
[2021-08-25 01:00:32] - 2021-08-24 - daily_view success
[2021-08-25 01:00:32] - 2021-08-24 - daily_sales_price start
[2021-08-25 01:00:32] - 2021-08-24 - daily_sales_price success
[2021-08-25 01:00:32] - 2021-08-24 - case1 start
[2021-08-25 01:00:33] - 2021-08-24 - case1 success
[2021-08-25 01:00:33] - 2021-08-24 - case2 start
[2021-08-25 01:00:54] - 2021-08-24 - case2 success
[2021-08-25 01:00:54] - 2021-08-24 - delete start
[2021-08-25 01:00:54] - 2021-08-24 - fm_daily_stats_fblike_vw start
[2021-08-25 01:00:54] - 2021-08-24 - fm_daily_stats_fblike_vw success
[2021-08-25 01:00:54] - 2021-08-24 - fm_daily_stats_review_vw start
[2021-08-25 01:00:54] - 2021-08-24 - fm_daily_stats_review_vw success
[2021-08-25 01:00:54] - 2021-08-24 - fm_daily_stats_restock_notify_vw start
[2021-08-25 01:00:54] - 2021-08-24 - fm_daily_stats_restock_notify_vw success
[2021-08-25 01:00:54] - 2021-08-24 - fm_daily_stats_wish_vw start
[2021-08-25 01:00:54] - 2021-08-24 - fm_daily_stats_wish_vw success
[2021-08-25 01:00:54] - 2021-08-24 - fm_daily_stats_cart_vw start
[2021-08-25 01:00:54] - 2021-08-24 - fm_daily_stats_cart_vw success
[2021-08-25 01:00:54] - 2021-08-24 - fm_daily_stats_order_vw start
[2021-08-25 01:00:54] - 2021-08-24 - fm_daily_stats_order_vw success
[2021-08-25 01:00:54] - 2021-08-24 - fm_daily_stats_view_vw start
[2021-08-25 01:00:54] - 2021-08-24 - fm_daily_stats_view_vw success
[2021-08-25 01:00:54] - 2021-08-24 - delete success
[2021-08-25 01:00:55] - 상품별 3개월 구매수량 등록(goods_purchase_ea)
[2021-08-25 01:00:55] - 입점사 정산 주기 변경(account_seller_period_update)
[2021-08-25 01:00:55] - 입점사별 정산 집계(account_seller_stats)
[2021-08-25 01:00:55] - 불필요한 이월데이터 삭제(account_seller_del_sales)
[2021-08-25 01:00:55] - 일일통계 (주문,좋아요,리뷰,재입고알림,찜,장바구니,보기) 집계(daily_stats)
[2021-08-25 01:00:55] - 마일리지, 포인트,캐쉬 통계 집계(statistic_epc)
[2021-08-25 01:00:55] - referer 도메인 업데이트(set_referer_domain)
[2021-08-25 01:00:55] - 일일통계 데이터 삭제(stats_delete)
