[2021-03-01 01:00:17] - 카테고리 상품 정렬 맞춤(sort_category_goods) - Already Category Sort
[2021-03-01 01:00:17] - 브랜드 상품 정렬 맞춤(sort_brand_goods) - Already Brand Sort
[2021-03-01 01:00:17] - 지역 상품 정렬 맞춤(sort_location_goods) - Already Location Sort
[2021-03-01 01:00:17] - 지역 상품 정렬 맞춤(sort_location_goods)
[2021-03-01 01:00:17] - 브랜드 상품 정렬 맞춤(sort_brand_goods)
[2021-03-01 01:00:17] - 카테고리 상품 정렬 맞춤(sort_category_goods)
[2021-03-01 01:00:17] - 브랜드 연결 수 저장(all_brand_count)
[2021-03-01 01:00:17] - 카테고리 연결 수 저장(all_category_count)
[2021-03-01 01:00:17] - 빠른상품등록 임시 데이터 삭제(truncate_tmp_goods_data)
[2021-03-01 01:00:17] - 수불부 월별 집계(save_scm_ledger_month)
[2021-03-01 01:00:17] - 자동노출 종료상품 수동 전환(endOfAutoDisplay)
[2021-03-01 01:00:17] - 시간대별 이벤트가 추가(set_goods_event_price)
[2021-03-01 01:00:17] - 옵션 임시 데이터 삭제(delete_tmp_option_data)
[2021-03-01 01:00:17] - 티켓상품의 모든옵션의 유효기간이 만기시 판매중지(social_goods_validate)
[2021-03-02 01:00:16] - 카테고리 상품 정렬 맞춤(sort_category_goods) - Already Category Sort
[2021-03-02 01:00:16] - 브랜드 상품 정렬 맞춤(sort_brand_goods) - Already Brand Sort
[2021-03-02 01:00:16] - 지역 상품 정렬 맞춤(sort_location_goods) - Already Location Sort
[2021-03-02 01:00:16] - 지역 상품 정렬 맞춤(sort_location_goods)
[2021-03-02 01:00:16] - 브랜드 상품 정렬 맞춤(sort_brand_goods)
[2021-03-02 01:00:16] - 카테고리 상품 정렬 맞춤(sort_category_goods)
[2021-03-02 01:00:16] - 브랜드 연결 수 저장(all_brand_count)
[2021-03-02 01:00:16] - 카테고리 연결 수 저장(all_category_count)
[2021-03-02 01:00:16] - 빠른상품등록 임시 데이터 삭제(truncate_tmp_goods_data)
[2021-03-02 01:00:16] - 수불부 월별 집계(save_scm_ledger_month)
[2021-03-02 01:00:16] - 자동노출 종료상품 수동 전환(endOfAutoDisplay)
[2021-03-02 01:00:16] - 시간대별 이벤트가 추가(set_goods_event_price)
[2021-03-02 01:00:16] - 옵션 임시 데이터 삭제(delete_tmp_option_data)
[2021-03-02 01:00:16] - 티켓상품의 모든옵션의 유효기간이 만기시 판매중지(social_goods_validate)
[2021-03-03 01:00:16] - 카테고리 상품 정렬 맞춤(sort_category_goods) - Already Category Sort
[2021-03-03 01:00:16] - 브랜드 상품 정렬 맞춤(sort_brand_goods) - Already Brand Sort
[2021-03-03 01:00:16] - 지역 상품 정렬 맞춤(sort_location_goods) - Already Location Sort
[2021-03-03 01:00:16] - 지역 상품 정렬 맞춤(sort_location_goods)
[2021-03-03 01:00:16] - 브랜드 상품 정렬 맞춤(sort_brand_goods)
[2021-03-03 01:00:16] - 카테고리 상품 정렬 맞춤(sort_category_goods)
[2021-03-03 01:00:16] - 브랜드 연결 수 저장(all_brand_count)
[2021-03-03 01:00:16] - 카테고리 연결 수 저장(all_category_count)
[2021-03-03 01:00:16] - 빠른상품등록 임시 데이터 삭제(truncate_tmp_goods_data)
[2021-03-03 01:00:16] - 수불부 월별 집계(save_scm_ledger_month)
[2021-03-03 01:00:16] - 자동노출 종료상품 수동 전환(endOfAutoDisplay)
[2021-03-03 01:00:16] - 시간대별 이벤트가 추가(set_goods_event_price)
[2021-03-03 01:00:16] - 옵션 임시 데이터 삭제(delete_tmp_option_data)
[2021-03-03 01:00:16] - 티켓상품의 모든옵션의 유효기간이 만기시 판매중지(social_goods_validate)
[2021-03-04 01:00:16] - 카테고리 상품 정렬 맞춤(sort_category_goods) - Already Category Sort
[2021-03-04 01:00:16] - 브랜드 상품 정렬 맞춤(sort_brand_goods) - Already Brand Sort
[2021-03-04 01:00:16] - 지역 상품 정렬 맞춤(sort_location_goods) - Already Location Sort
[2021-03-04 01:00:16] - 지역 상품 정렬 맞춤(sort_location_goods)
[2021-03-04 01:00:16] - 브랜드 상품 정렬 맞춤(sort_brand_goods)
[2021-03-04 01:00:16] - 카테고리 상품 정렬 맞춤(sort_category_goods)
[2021-03-04 01:00:16] - 브랜드 연결 수 저장(all_brand_count)
[2021-03-04 01:00:16] - 카테고리 연결 수 저장(all_category_count)
[2021-03-04 01:00:16] - 빠른상품등록 임시 데이터 삭제(truncate_tmp_goods_data)
[2021-03-04 01:00:16] - 수불부 월별 집계(save_scm_ledger_month)
[2021-03-04 01:00:16] - 자동노출 종료상품 수동 전환(endOfAutoDisplay)
[2021-03-04 01:00:16] - 시간대별 이벤트가 추가(set_goods_event_price)
[2021-03-04 01:00:16] - 옵션 임시 데이터 삭제(delete_tmp_option_data)
[2021-03-04 01:00:16] - 티켓상품의 모든옵션의 유효기간이 만기시 판매중지(social_goods_validate)
[2021-03-05 01:00:16] - 카테고리 상품 정렬 맞춤(sort_category_goods) - Already Category Sort
[2021-03-05 01:00:16] - 브랜드 상품 정렬 맞춤(sort_brand_goods) - Already Brand Sort
[2021-03-05 01:00:16] - 지역 상품 정렬 맞춤(sort_location_goods) - Already Location Sort
[2021-03-05 01:00:16] - 지역 상품 정렬 맞춤(sort_location_goods)
[2021-03-05 01:00:16] - 브랜드 상품 정렬 맞춤(sort_brand_goods)
[2021-03-05 01:00:16] - 카테고리 상품 정렬 맞춤(sort_category_goods)
[2021-03-05 01:00:16] - 브랜드 연결 수 저장(all_brand_count)
[2021-03-05 01:00:16] - 카테고리 연결 수 저장(all_category_count)
[2021-03-05 01:00:16] - 빠른상품등록 임시 데이터 삭제(truncate_tmp_goods_data)
[2021-03-05 01:00:16] - 수불부 월별 집계(save_scm_ledger_month)
[2021-03-05 01:00:16] - 자동노출 종료상품 수동 전환(endOfAutoDisplay)
[2021-03-05 01:00:16] - 시간대별 이벤트가 추가(set_goods_event_price)
[2021-03-05 01:00:16] - 옵션 임시 데이터 삭제(delete_tmp_option_data)
[2021-03-05 01:00:16] - 티켓상품의 모든옵션의 유효기간이 만기시 판매중지(social_goods_validate)
[2021-03-06 01:00:16] - 카테고리 상품 정렬 맞춤(sort_category_goods) - Already Category Sort
[2021-03-06 01:00:16] - 브랜드 상품 정렬 맞춤(sort_brand_goods) - Already Brand Sort
[2021-03-06 01:00:16] - 지역 상품 정렬 맞춤(sort_location_goods) - Already Location Sort
[2021-03-06 01:00:16] - 지역 상품 정렬 맞춤(sort_location_goods)
[2021-03-06 01:00:16] - 브랜드 상품 정렬 맞춤(sort_brand_goods)
[2021-03-06 01:00:16] - 카테고리 상품 정렬 맞춤(sort_category_goods)
[2021-03-06 01:00:16] - 브랜드 연결 수 저장(all_brand_count)
[2021-03-06 01:00:16] - 카테고리 연결 수 저장(all_category_count)
[2021-03-06 01:00:16] - 빠른상품등록 임시 데이터 삭제(truncate_tmp_goods_data)
[2021-03-06 01:00:16] - 수불부 월별 집계(save_scm_ledger_month)
[2021-03-06 01:00:16] - 자동노출 종료상품 수동 전환(endOfAutoDisplay)
[2021-03-06 01:00:16] - 시간대별 이벤트가 추가(set_goods_event_price)
[2021-03-06 01:00:16] - 옵션 임시 데이터 삭제(delete_tmp_option_data)
[2021-03-06 01:00:16] - 티켓상품의 모든옵션의 유효기간이 만기시 판매중지(social_goods_validate)
[2021-03-07 01:00:16] - 카테고리 상품 정렬 맞춤(sort_category_goods) - Already Category Sort
[2021-03-07 01:00:16] - 브랜드 상품 정렬 맞춤(sort_brand_goods) - Already Brand Sort
[2021-03-07 01:00:16] - 지역 상품 정렬 맞춤(sort_location_goods) - Already Location Sort
[2021-03-07 01:00:16] - 지역 상품 정렬 맞춤(sort_location_goods)
[2021-03-07 01:00:16] - 브랜드 상품 정렬 맞춤(sort_brand_goods)
[2021-03-07 01:00:16] - 카테고리 상품 정렬 맞춤(sort_category_goods)
[2021-03-07 01:00:16] - 브랜드 연결 수 저장(all_brand_count)
[2021-03-07 01:00:16] - 카테고리 연결 수 저장(all_category_count)
[2021-03-07 01:00:16] - 빠른상품등록 임시 데이터 삭제(truncate_tmp_goods_data)
[2021-03-07 01:00:16] - 수불부 월별 집계(save_scm_ledger_month)
[2021-03-07 01:00:16] - 자동노출 종료상품 수동 전환(endOfAutoDisplay)
[2021-03-07 01:00:16] - 시간대별 이벤트가 추가(set_goods_event_price)
[2021-03-07 01:00:16] - 옵션 임시 데이터 삭제(delete_tmp_option_data)
[2021-03-07 01:00:16] - 티켓상품의 모든옵션의 유효기간이 만기시 판매중지(social_goods_validate)
[2021-03-08 01:00:17] - 카테고리 상품 정렬 맞춤(sort_category_goods) - Already Category Sort
[2021-03-08 01:00:17] - 브랜드 상품 정렬 맞춤(sort_brand_goods) - Already Brand Sort
[2021-03-08 01:00:17] - 지역 상품 정렬 맞춤(sort_location_goods) - Already Location Sort
[2021-03-08 01:00:17] - 지역 상품 정렬 맞춤(sort_location_goods)
[2021-03-08 01:00:17] - 브랜드 상품 정렬 맞춤(sort_brand_goods)
[2021-03-08 01:00:17] - 카테고리 상품 정렬 맞춤(sort_category_goods)
[2021-03-08 01:00:17] - 브랜드 연결 수 저장(all_brand_count)
[2021-03-08 01:00:17] - 카테고리 연결 수 저장(all_category_count)
[2021-03-08 01:00:17] - 빠른상품등록 임시 데이터 삭제(truncate_tmp_goods_data)
[2021-03-08 01:00:17] - 수불부 월별 집계(save_scm_ledger_month)
[2021-03-08 01:00:17] - 자동노출 종료상품 수동 전환(endOfAutoDisplay)
[2021-03-08 01:00:17] - 시간대별 이벤트가 추가(set_goods_event_price)
[2021-03-08 01:00:17] - 옵션 임시 데이터 삭제(delete_tmp_option_data)
[2021-03-08 01:00:17] - 티켓상품의 모든옵션의 유효기간이 만기시 판매중지(social_goods_validate)
[2021-03-09 01:00:16] - 카테고리 상품 정렬 맞춤(sort_category_goods) - Already Category Sort
[2021-03-09 01:00:16] - 브랜드 상품 정렬 맞춤(sort_brand_goods) - Already Brand Sort
[2021-03-09 01:00:16] - 지역 상품 정렬 맞춤(sort_location_goods) - Already Location Sort
[2021-03-09 01:00:16] - 지역 상품 정렬 맞춤(sort_location_goods)
[2021-03-09 01:00:16] - 브랜드 상품 정렬 맞춤(sort_brand_goods)
[2021-03-09 01:00:16] - 카테고리 상품 정렬 맞춤(sort_category_goods)
[2021-03-09 01:00:16] - 브랜드 연결 수 저장(all_brand_count)
[2021-03-09 01:00:16] - 카테고리 연결 수 저장(all_category_count)
[2021-03-09 01:00:16] - 빠른상품등록 임시 데이터 삭제(truncate_tmp_goods_data)
[2021-03-09 01:00:16] - 수불부 월별 집계(save_scm_ledger_month)
[2021-03-09 01:00:16] - 자동노출 종료상품 수동 전환(endOfAutoDisplay)
[2021-03-09 01:00:16] - 시간대별 이벤트가 추가(set_goods_event_price)
[2021-03-09 01:00:16] - 옵션 임시 데이터 삭제(delete_tmp_option_data)
[2021-03-09 01:00:16] - 티켓상품의 모든옵션의 유효기간이 만기시 판매중지(social_goods_validate)
[2021-03-10 01:00:16] - 카테고리 상품 정렬 맞춤(sort_category_goods) - Already Category Sort
[2021-03-10 01:00:16] - 브랜드 상품 정렬 맞춤(sort_brand_goods) - Already Brand Sort
[2021-03-10 01:00:16] - 지역 상품 정렬 맞춤(sort_location_goods) - Already Location Sort
[2021-03-10 01:00:16] - 지역 상품 정렬 맞춤(sort_location_goods)
[2021-03-10 01:00:16] - 브랜드 상품 정렬 맞춤(sort_brand_goods)
[2021-03-10 01:00:16] - 카테고리 상품 정렬 맞춤(sort_category_goods)
[2021-03-10 01:00:16] - 브랜드 연결 수 저장(all_brand_count)
[2021-03-10 01:00:16] - 카테고리 연결 수 저장(all_category_count)
[2021-03-10 01:00:16] - 빠른상품등록 임시 데이터 삭제(truncate_tmp_goods_data)
[2021-03-10 01:00:16] - 수불부 월별 집계(save_scm_ledger_month)
[2021-03-10 01:00:16] - 자동노출 종료상품 수동 전환(endOfAutoDisplay)
[2021-03-10 01:00:16] - 시간대별 이벤트가 추가(set_goods_event_price)
[2021-03-10 01:00:16] - 옵션 임시 데이터 삭제(delete_tmp_option_data)
[2021-03-10 01:00:16] - 티켓상품의 모든옵션의 유효기간이 만기시 판매중지(social_goods_validate)
[2021-03-11 01:00:16] - 카테고리 상품 정렬 맞춤(sort_category_goods) - Already Category Sort
[2021-03-11 01:00:16] - 브랜드 상품 정렬 맞춤(sort_brand_goods) - Already Brand Sort
[2021-03-11 01:00:16] - 지역 상품 정렬 맞춤(sort_location_goods) - Already Location Sort
[2021-03-11 01:00:16] - 지역 상품 정렬 맞춤(sort_location_goods)
[2021-03-11 01:00:16] - 브랜드 상품 정렬 맞춤(sort_brand_goods)
[2021-03-11 01:00:16] - 카테고리 상품 정렬 맞춤(sort_category_goods)
[2021-03-11 01:00:16] - 브랜드 연결 수 저장(all_brand_count)
[2021-03-11 01:00:16] - 카테고리 연결 수 저장(all_category_count)
[2021-03-11 01:00:16] - 빠른상품등록 임시 데이터 삭제(truncate_tmp_goods_data)
[2021-03-11 01:00:16] - 수불부 월별 집계(save_scm_ledger_month)
[2021-03-11 01:00:16] - 자동노출 종료상품 수동 전환(endOfAutoDisplay)
[2021-03-11 01:00:16] - 시간대별 이벤트가 추가(set_goods_event_price)
[2021-03-11 01:00:16] - 옵션 임시 데이터 삭제(delete_tmp_option_data)
[2021-03-11 01:00:16] - 티켓상품의 모든옵션의 유효기간이 만기시 판매중지(social_goods_validate)
[2021-03-12 01:00:14] - 카테고리 상품 정렬 맞춤(sort_category_goods) - Already Category Sort
[2021-03-12 01:00:14] - 브랜드 상품 정렬 맞춤(sort_brand_goods) - Already Brand Sort
[2021-03-12 01:00:14] - 지역 상품 정렬 맞춤(sort_location_goods) - Already Location Sort
[2021-03-12 01:00:14] - 지역 상품 정렬 맞춤(sort_location_goods)
[2021-03-12 01:00:14] - 브랜드 상품 정렬 맞춤(sort_brand_goods)
[2021-03-12 01:00:14] - 카테고리 상품 정렬 맞춤(sort_category_goods)
[2021-03-12 01:00:14] - 브랜드 연결 수 저장(all_brand_count)
[2021-03-12 01:00:14] - 카테고리 연결 수 저장(all_category_count)
[2021-03-12 01:00:14] - 빠른상품등록 임시 데이터 삭제(truncate_tmp_goods_data)
[2021-03-12 01:00:14] - 수불부 월별 집계(save_scm_ledger_month)
[2021-03-12 01:00:14] - 자동노출 종료상품 수동 전환(endOfAutoDisplay)
[2021-03-12 01:00:14] - 시간대별 이벤트가 추가(set_goods_event_price)
[2021-03-12 01:00:14] - 옵션 임시 데이터 삭제(delete_tmp_option_data)
[2021-03-12 01:00:14] - 티켓상품의 모든옵션의 유효기간이 만기시 판매중지(social_goods_validate)
[2021-03-13 01:00:17] - 카테고리 상품 정렬 맞춤(sort_category_goods) - Already Category Sort
[2021-03-13 01:00:17] - 브랜드 상품 정렬 맞춤(sort_brand_goods) - Already Brand Sort
[2021-03-13 01:00:17] - 지역 상품 정렬 맞춤(sort_location_goods) - Already Location Sort
[2021-03-13 01:00:17] - 지역 상품 정렬 맞춤(sort_location_goods)
[2021-03-13 01:00:17] - 브랜드 상품 정렬 맞춤(sort_brand_goods)
[2021-03-13 01:00:17] - 카테고리 상품 정렬 맞춤(sort_category_goods)
[2021-03-13 01:00:17] - 브랜드 연결 수 저장(all_brand_count)
[2021-03-13 01:00:17] - 카테고리 연결 수 저장(all_category_count)
[2021-03-13 01:00:17] - 빠른상품등록 임시 데이터 삭제(truncate_tmp_goods_data)
[2021-03-13 01:00:17] - 수불부 월별 집계(save_scm_ledger_month)
[2021-03-13 01:00:17] - 자동노출 종료상품 수동 전환(endOfAutoDisplay)
[2021-03-13 01:00:17] - 시간대별 이벤트가 추가(set_goods_event_price)
[2021-03-13 01:00:17] - 옵션 임시 데이터 삭제(delete_tmp_option_data)
[2021-03-13 01:00:17] - 티켓상품의 모든옵션의 유효기간이 만기시 판매중지(social_goods_validate)
[2021-03-14 01:00:16] - 카테고리 상품 정렬 맞춤(sort_category_goods) - Already Category Sort
[2021-03-14 01:00:16] - 브랜드 상품 정렬 맞춤(sort_brand_goods) - Already Brand Sort
[2021-03-14 01:00:16] - 지역 상품 정렬 맞춤(sort_location_goods) - Already Location Sort
[2021-03-14 01:00:16] - 지역 상품 정렬 맞춤(sort_location_goods)
[2021-03-14 01:00:16] - 브랜드 상품 정렬 맞춤(sort_brand_goods)
[2021-03-14 01:00:16] - 카테고리 상품 정렬 맞춤(sort_category_goods)
[2021-03-14 01:00:16] - 브랜드 연결 수 저장(all_brand_count)
[2021-03-14 01:00:16] - 카테고리 연결 수 저장(all_category_count)
[2021-03-14 01:00:16] - 빠른상품등록 임시 데이터 삭제(truncate_tmp_goods_data)
[2021-03-14 01:00:16] - 수불부 월별 집계(save_scm_ledger_month)
[2021-03-14 01:00:16] - 자동노출 종료상품 수동 전환(endOfAutoDisplay)
[2021-03-14 01:00:16] - 시간대별 이벤트가 추가(set_goods_event_price)
[2021-03-14 01:00:16] - 옵션 임시 데이터 삭제(delete_tmp_option_data)
[2021-03-14 01:00:16] - 티켓상품의 모든옵션의 유효기간이 만기시 판매중지(social_goods_validate)
[2021-03-15 01:00:16] - 카테고리 상품 정렬 맞춤(sort_category_goods) - Already Category Sort
[2021-03-15 01:00:16] - 브랜드 상품 정렬 맞춤(sort_brand_goods) - Already Brand Sort
[2021-03-15 01:00:16] - 지역 상품 정렬 맞춤(sort_location_goods) - Already Location Sort
[2021-03-15 01:00:16] - 지역 상품 정렬 맞춤(sort_location_goods)
[2021-03-15 01:00:16] - 브랜드 상품 정렬 맞춤(sort_brand_goods)
[2021-03-15 01:00:16] - 카테고리 상품 정렬 맞춤(sort_category_goods)
[2021-03-15 01:00:16] - 브랜드 연결 수 저장(all_brand_count)
[2021-03-15 01:00:16] - 카테고리 연결 수 저장(all_category_count)
[2021-03-15 01:00:16] - 빠른상품등록 임시 데이터 삭제(truncate_tmp_goods_data)
[2021-03-15 01:00:16] - 수불부 월별 집계(save_scm_ledger_month)
[2021-03-15 01:00:16] - 자동노출 종료상품 수동 전환(endOfAutoDisplay)
[2021-03-15 01:00:16] - 시간대별 이벤트가 추가(set_goods_event_price)
[2021-03-15 01:00:16] - 옵션 임시 데이터 삭제(delete_tmp_option_data)
[2021-03-15 01:00:16] - 티켓상품의 모든옵션의 유효기간이 만기시 판매중지(social_goods_validate)
[2021-03-16 01:00:17] - 카테고리 상품 정렬 맞춤(sort_category_goods) - Already Category Sort
[2021-03-16 01:00:17] - 브랜드 상품 정렬 맞춤(sort_brand_goods) - Already Brand Sort
[2021-03-16 01:00:17] - 지역 상품 정렬 맞춤(sort_location_goods) - Already Location Sort
[2021-03-16 01:00:17] - 지역 상품 정렬 맞춤(sort_location_goods)
[2021-03-16 01:00:17] - 브랜드 상품 정렬 맞춤(sort_brand_goods)
[2021-03-16 01:00:17] - 카테고리 상품 정렬 맞춤(sort_category_goods)
[2021-03-16 01:00:17] - 브랜드 연결 수 저장(all_brand_count)
[2021-03-16 01:00:17] - 카테고리 연결 수 저장(all_category_count)
[2021-03-16 01:00:17] - 빠른상품등록 임시 데이터 삭제(truncate_tmp_goods_data)
[2021-03-16 01:00:17] - 수불부 월별 집계(save_scm_ledger_month)
[2021-03-16 01:00:17] - 자동노출 종료상품 수동 전환(endOfAutoDisplay)
[2021-03-16 01:00:17] - 시간대별 이벤트가 추가(set_goods_event_price)
[2021-03-16 01:00:17] - 옵션 임시 데이터 삭제(delete_tmp_option_data)
[2021-03-16 01:00:17] - 티켓상품의 모든옵션의 유효기간이 만기시 판매중지(social_goods_validate)
[2021-03-17 01:00:17] - 카테고리 상품 정렬 맞춤(sort_category_goods) - Already Category Sort
[2021-03-17 01:00:17] - 브랜드 상품 정렬 맞춤(sort_brand_goods) - Already Brand Sort
[2021-03-17 01:00:17] - 지역 상품 정렬 맞춤(sort_location_goods) - Already Location Sort
[2021-03-17 01:00:17] - 지역 상품 정렬 맞춤(sort_location_goods)
[2021-03-17 01:00:17] - 브랜드 상품 정렬 맞춤(sort_brand_goods)
[2021-03-17 01:00:17] - 카테고리 상품 정렬 맞춤(sort_category_goods)
[2021-03-17 01:00:17] - 브랜드 연결 수 저장(all_brand_count)
[2021-03-17 01:00:17] - 카테고리 연결 수 저장(all_category_count)
[2021-03-17 01:00:17] - 빠른상품등록 임시 데이터 삭제(truncate_tmp_goods_data)
[2021-03-17 01:00:17] - 수불부 월별 집계(save_scm_ledger_month)
[2021-03-17 01:00:17] - 자동노출 종료상품 수동 전환(endOfAutoDisplay)
[2021-03-17 01:00:17] - 시간대별 이벤트가 추가(set_goods_event_price)
[2021-03-17 01:00:17] - 옵션 임시 데이터 삭제(delete_tmp_option_data)
[2021-03-17 01:00:17] - 티켓상품의 모든옵션의 유효기간이 만기시 판매중지(social_goods_validate)
[2021-03-18 01:00:15] - 카테고리 상품 정렬 맞춤(sort_category_goods) - Already Category Sort
[2021-03-18 01:00:15] - 브랜드 상품 정렬 맞춤(sort_brand_goods) - Already Brand Sort
[2021-03-18 01:00:15] - 지역 상품 정렬 맞춤(sort_location_goods) - Already Location Sort
[2021-03-18 01:00:15] - 지역 상품 정렬 맞춤(sort_location_goods)
[2021-03-18 01:00:15] - 브랜드 상품 정렬 맞춤(sort_brand_goods)
[2021-03-18 01:00:15] - 카테고리 상품 정렬 맞춤(sort_category_goods)
[2021-03-18 01:00:15] - 브랜드 연결 수 저장(all_brand_count)
[2021-03-18 01:00:15] - 카테고리 연결 수 저장(all_category_count)
[2021-03-18 01:00:15] - 빠른상품등록 임시 데이터 삭제(truncate_tmp_goods_data)
[2021-03-18 01:00:15] - 수불부 월별 집계(save_scm_ledger_month)
[2021-03-18 01:00:15] - 자동노출 종료상품 수동 전환(endOfAutoDisplay)
[2021-03-18 01:00:15] - 시간대별 이벤트가 추가(set_goods_event_price)
[2021-03-18 01:00:15] - 옵션 임시 데이터 삭제(delete_tmp_option_data)
[2021-03-18 01:00:15] - 티켓상품의 모든옵션의 유효기간이 만기시 판매중지(social_goods_validate)
[2021-03-19 01:00:17] - 카테고리 상품 정렬 맞춤(sort_category_goods) - Already Category Sort
[2021-03-19 01:00:17] - 브랜드 상품 정렬 맞춤(sort_brand_goods) - Already Brand Sort
[2021-03-19 01:00:17] - 지역 상품 정렬 맞춤(sort_location_goods) - Already Location Sort
[2021-03-19 01:00:17] - 지역 상품 정렬 맞춤(sort_location_goods)
[2021-03-19 01:00:17] - 브랜드 상품 정렬 맞춤(sort_brand_goods)
[2021-03-19 01:00:17] - 카테고리 상품 정렬 맞춤(sort_category_goods)
[2021-03-19 01:00:17] - 브랜드 연결 수 저장(all_brand_count)
[2021-03-19 01:00:17] - 카테고리 연결 수 저장(all_category_count)
[2021-03-19 01:00:17] - 빠른상품등록 임시 데이터 삭제(truncate_tmp_goods_data)
[2021-03-19 01:00:17] - 수불부 월별 집계(save_scm_ledger_month)
[2021-03-19 01:00:17] - 자동노출 종료상품 수동 전환(endOfAutoDisplay)
[2021-03-19 01:00:17] - 시간대별 이벤트가 추가(set_goods_event_price)
[2021-03-19 01:00:17] - 옵션 임시 데이터 삭제(delete_tmp_option_data)
[2021-03-19 01:00:17] - 티켓상품의 모든옵션의 유효기간이 만기시 판매중지(social_goods_validate)
[2021-03-20 01:00:16] - 카테고리 상품 정렬 맞춤(sort_category_goods) - Already Category Sort
[2021-03-20 01:00:16] - 브랜드 상품 정렬 맞춤(sort_brand_goods) - Already Brand Sort
[2021-03-20 01:00:16] - 지역 상품 정렬 맞춤(sort_location_goods) - Already Location Sort
[2021-03-20 01:00:16] - 지역 상품 정렬 맞춤(sort_location_goods)
[2021-03-20 01:00:16] - 브랜드 상품 정렬 맞춤(sort_brand_goods)
[2021-03-20 01:00:16] - 카테고리 상품 정렬 맞춤(sort_category_goods)
[2021-03-20 01:00:16] - 브랜드 연결 수 저장(all_brand_count)
[2021-03-20 01:00:16] - 카테고리 연결 수 저장(all_category_count)
[2021-03-20 01:00:16] - 빠른상품등록 임시 데이터 삭제(truncate_tmp_goods_data)
[2021-03-20 01:00:16] - 수불부 월별 집계(save_scm_ledger_month)
[2021-03-20 01:00:16] - 자동노출 종료상품 수동 전환(endOfAutoDisplay)
[2021-03-20 01:00:16] - 시간대별 이벤트가 추가(set_goods_event_price)
[2021-03-20 01:00:16] - 옵션 임시 데이터 삭제(delete_tmp_option_data)
[2021-03-20 01:00:16] - 티켓상품의 모든옵션의 유효기간이 만기시 판매중지(social_goods_validate)
[2021-03-21 01:00:16] - 카테고리 상품 정렬 맞춤(sort_category_goods) - Already Category Sort
[2021-03-21 01:00:16] - 브랜드 상품 정렬 맞춤(sort_brand_goods) - Already Brand Sort
[2021-03-21 01:00:16] - 지역 상품 정렬 맞춤(sort_location_goods) - Already Location Sort
[2021-03-21 01:00:16] - 지역 상품 정렬 맞춤(sort_location_goods)
[2021-03-21 01:00:16] - 브랜드 상품 정렬 맞춤(sort_brand_goods)
[2021-03-21 01:00:16] - 카테고리 상품 정렬 맞춤(sort_category_goods)
[2021-03-21 01:00:16] - 브랜드 연결 수 저장(all_brand_count)
[2021-03-21 01:00:16] - 카테고리 연결 수 저장(all_category_count)
[2021-03-21 01:00:16] - 빠른상품등록 임시 데이터 삭제(truncate_tmp_goods_data)
[2021-03-21 01:00:16] - 수불부 월별 집계(save_scm_ledger_month)
[2021-03-21 01:00:16] - 자동노출 종료상품 수동 전환(endOfAutoDisplay)
[2021-03-21 01:00:16] - 시간대별 이벤트가 추가(set_goods_event_price)
[2021-03-21 01:00:16] - 옵션 임시 데이터 삭제(delete_tmp_option_data)
[2021-03-21 01:00:16] - 티켓상품의 모든옵션의 유효기간이 만기시 판매중지(social_goods_validate)
[2021-03-22 01:00:17] - 카테고리 상품 정렬 맞춤(sort_category_goods) - Already Category Sort
[2021-03-22 01:00:17] - 브랜드 상품 정렬 맞춤(sort_brand_goods) - Already Brand Sort
[2021-03-22 01:00:17] - 지역 상품 정렬 맞춤(sort_location_goods) - Already Location Sort
[2021-03-22 01:00:17] - 지역 상품 정렬 맞춤(sort_location_goods)
[2021-03-22 01:00:17] - 브랜드 상품 정렬 맞춤(sort_brand_goods)
[2021-03-22 01:00:17] - 카테고리 상품 정렬 맞춤(sort_category_goods)
[2021-03-22 01:00:17] - 브랜드 연결 수 저장(all_brand_count)
[2021-03-22 01:00:17] - 카테고리 연결 수 저장(all_category_count)
[2021-03-22 01:00:17] - 빠른상품등록 임시 데이터 삭제(truncate_tmp_goods_data)
[2021-03-22 01:00:17] - 수불부 월별 집계(save_scm_ledger_month)
[2021-03-22 01:00:17] - 자동노출 종료상품 수동 전환(endOfAutoDisplay)
[2021-03-22 01:00:17] - 시간대별 이벤트가 추가(set_goods_event_price)
[2021-03-22 01:00:17] - 옵션 임시 데이터 삭제(delete_tmp_option_data)
[2021-03-22 01:00:17] - 티켓상품의 모든옵션의 유효기간이 만기시 판매중지(social_goods_validate)
[2021-03-24 01:00:32] - 카테고리 상품 정렬 맞춤(sort_category_goods) - Already Category Sort
[2021-03-24 01:00:32] - 브랜드 상품 정렬 맞춤(sort_brand_goods) - Already Brand Sort
[2021-03-24 01:00:32] - 지역 상품 정렬 맞춤(sort_location_goods) - Already Location Sort
[2021-03-24 01:00:32] - 지역 상품 정렬 맞춤(sort_location_goods)
[2021-03-24 01:00:32] - 브랜드 상품 정렬 맞춤(sort_brand_goods)
[2021-03-24 01:00:32] - 카테고리 상품 정렬 맞춤(sort_category_goods)
[2021-03-24 01:00:32] - 브랜드 연결 수 저장(all_brand_count)
[2021-03-24 01:00:32] - 카테고리 연결 수 저장(all_category_count)
[2021-03-24 01:00:32] - 빠른상품등록 임시 데이터 삭제(truncate_tmp_goods_data)
[2021-03-24 01:00:32] - 수불부 월별 집계(save_scm_ledger_month)
[2021-03-24 01:00:32] - 자동노출 종료상품 수동 전환(endOfAutoDisplay)
[2021-03-24 01:00:32] - 시간대별 이벤트가 추가(set_goods_event_price)
[2021-03-24 01:00:32] - 옵션 임시 데이터 삭제(delete_tmp_option_data)
[2021-03-24 01:00:32] - 티켓상품의 모든옵션의 유효기간이 만기시 판매중지(social_goods_validate)
[2021-03-25 01:00:26] - 카테고리 상품 정렬 맞춤(sort_category_goods) - Already Category Sort
[2021-03-25 01:00:26] - 브랜드 상품 정렬 맞춤(sort_brand_goods) - Already Brand Sort
[2021-03-25 01:00:26] - 지역 상품 정렬 맞춤(sort_location_goods) - Already Location Sort
[2021-03-25 01:00:26] - 지역 상품 정렬 맞춤(sort_location_goods)
[2021-03-25 01:00:26] - 브랜드 상품 정렬 맞춤(sort_brand_goods)
[2021-03-25 01:00:26] - 카테고리 상품 정렬 맞춤(sort_category_goods)
[2021-03-25 01:00:26] - 브랜드 연결 수 저장(all_brand_count)
[2021-03-25 01:00:26] - 카테고리 연결 수 저장(all_category_count)
[2021-03-25 01:00:26] - 빠른상품등록 임시 데이터 삭제(truncate_tmp_goods_data)
[2021-03-25 01:00:26] - 수불부 월별 집계(save_scm_ledger_month)
[2021-03-25 01:00:26] - 자동노출 종료상품 수동 전환(endOfAutoDisplay)
[2021-03-25 01:00:26] - 시간대별 이벤트가 추가(set_goods_event_price)
[2021-03-25 01:00:26] - 옵션 임시 데이터 삭제(delete_tmp_option_data)
[2021-03-25 01:00:26] - 티켓상품의 모든옵션의 유효기간이 만기시 판매중지(social_goods_validate)
[2021-03-26 01:00:26] - 카테고리 상품 정렬 맞춤(sort_category_goods) - Already Category Sort
[2021-03-26 01:00:26] - 브랜드 상품 정렬 맞춤(sort_brand_goods) - Already Brand Sort
[2021-03-26 01:00:26] - 지역 상품 정렬 맞춤(sort_location_goods) - Already Location Sort
[2021-03-26 01:00:26] - 지역 상품 정렬 맞춤(sort_location_goods)
[2021-03-26 01:00:26] - 브랜드 상품 정렬 맞춤(sort_brand_goods)
[2021-03-26 01:00:26] - 카테고리 상품 정렬 맞춤(sort_category_goods)
[2021-03-26 01:00:26] - 브랜드 연결 수 저장(all_brand_count)
[2021-03-26 01:00:26] - 카테고리 연결 수 저장(all_category_count)
[2021-03-26 01:00:26] - 빠른상품등록 임시 데이터 삭제(truncate_tmp_goods_data)
[2021-03-26 01:00:26] - 수불부 월별 집계(save_scm_ledger_month)
[2021-03-26 01:00:26] - 자동노출 종료상품 수동 전환(endOfAutoDisplay)
[2021-03-26 01:00:26] - 시간대별 이벤트가 추가(set_goods_event_price)
[2021-03-26 01:00:26] - 옵션 임시 데이터 삭제(delete_tmp_option_data)
[2021-03-26 01:00:26] - 티켓상품의 모든옵션의 유효기간이 만기시 판매중지(social_goods_validate)
[2021-03-27 01:00:24] - 카테고리 상품 정렬 맞춤(sort_category_goods) - Already Category Sort
[2021-03-27 01:00:24] - 브랜드 상품 정렬 맞춤(sort_brand_goods) - Already Brand Sort
[2021-03-27 01:00:24] - 지역 상품 정렬 맞춤(sort_location_goods) - Already Location Sort
[2021-03-27 01:00:24] - 지역 상품 정렬 맞춤(sort_location_goods)
[2021-03-27 01:00:24] - 브랜드 상품 정렬 맞춤(sort_brand_goods)
[2021-03-27 01:00:24] - 카테고리 상품 정렬 맞춤(sort_category_goods)
[2021-03-27 01:00:24] - 브랜드 연결 수 저장(all_brand_count)
[2021-03-27 01:00:24] - 카테고리 연결 수 저장(all_category_count)
[2021-03-27 01:00:24] - 빠른상품등록 임시 데이터 삭제(truncate_tmp_goods_data)
[2021-03-27 01:00:24] - 수불부 월별 집계(save_scm_ledger_month)
[2021-03-27 01:00:24] - 자동노출 종료상품 수동 전환(endOfAutoDisplay)
[2021-03-27 01:00:24] - 시간대별 이벤트가 추가(set_goods_event_price)
[2021-03-27 01:00:24] - 옵션 임시 데이터 삭제(delete_tmp_option_data)
[2021-03-27 01:00:24] - 티켓상품의 모든옵션의 유효기간이 만기시 판매중지(social_goods_validate)
[2021-03-28 01:00:26] - 카테고리 상품 정렬 맞춤(sort_category_goods) - Already Category Sort
[2021-03-28 01:00:26] - 브랜드 상품 정렬 맞춤(sort_brand_goods) - Already Brand Sort
[2021-03-28 01:00:26] - 지역 상품 정렬 맞춤(sort_location_goods) - Already Location Sort
[2021-03-28 01:00:26] - 지역 상품 정렬 맞춤(sort_location_goods)
[2021-03-28 01:00:26] - 브랜드 상품 정렬 맞춤(sort_brand_goods)
[2021-03-28 01:00:26] - 카테고리 상품 정렬 맞춤(sort_category_goods)
[2021-03-28 01:00:26] - 브랜드 연결 수 저장(all_brand_count)
[2021-03-28 01:00:26] - 카테고리 연결 수 저장(all_category_count)
[2021-03-28 01:00:26] - 빠른상품등록 임시 데이터 삭제(truncate_tmp_goods_data)
[2021-03-28 01:00:26] - 수불부 월별 집계(save_scm_ledger_month)
[2021-03-28 01:00:26] - 자동노출 종료상품 수동 전환(endOfAutoDisplay)
[2021-03-28 01:00:26] - 시간대별 이벤트가 추가(set_goods_event_price)
[2021-03-28 01:00:26] - 옵션 임시 데이터 삭제(delete_tmp_option_data)
[2021-03-28 01:00:26] - 티켓상품의 모든옵션의 유효기간이 만기시 판매중지(social_goods_validate)
[2021-03-29 01:00:26] - 카테고리 상품 정렬 맞춤(sort_category_goods) - Already Category Sort
[2021-03-29 01:00:26] - 브랜드 상품 정렬 맞춤(sort_brand_goods) - Already Brand Sort
[2021-03-29 01:00:26] - 지역 상품 정렬 맞춤(sort_location_goods) - Already Location Sort
[2021-03-29 01:00:26] - 지역 상품 정렬 맞춤(sort_location_goods)
[2021-03-29 01:00:26] - 브랜드 상품 정렬 맞춤(sort_brand_goods)
[2021-03-29 01:00:26] - 카테고리 상품 정렬 맞춤(sort_category_goods)
[2021-03-29 01:00:26] - 브랜드 연결 수 저장(all_brand_count)
[2021-03-29 01:00:26] - 카테고리 연결 수 저장(all_category_count)
[2021-03-29 01:00:26] - 빠른상품등록 임시 데이터 삭제(truncate_tmp_goods_data)
[2021-03-29 01:00:26] - 수불부 월별 집계(save_scm_ledger_month)
[2021-03-29 01:00:26] - 자동노출 종료상품 수동 전환(endOfAutoDisplay)
[2021-03-29 01:00:26] - 시간대별 이벤트가 추가(set_goods_event_price)
[2021-03-29 01:00:26] - 옵션 임시 데이터 삭제(delete_tmp_option_data)
[2021-03-29 01:00:26] - 티켓상품의 모든옵션의 유효기간이 만기시 판매중지(social_goods_validate)
[2021-03-30 01:00:25] - 카테고리 상품 정렬 맞춤(sort_category_goods) - Already Category Sort
[2021-03-30 01:00:25] - 브랜드 상품 정렬 맞춤(sort_brand_goods) - Already Brand Sort
[2021-03-30 01:00:25] - 지역 상품 정렬 맞춤(sort_location_goods) - Already Location Sort
[2021-03-30 01:00:25] - 지역 상품 정렬 맞춤(sort_location_goods)
[2021-03-30 01:00:25] - 브랜드 상품 정렬 맞춤(sort_brand_goods)
[2021-03-30 01:00:25] - 카테고리 상품 정렬 맞춤(sort_category_goods)
[2021-03-30 01:00:25] - 브랜드 연결 수 저장(all_brand_count)
[2021-03-30 01:00:25] - 카테고리 연결 수 저장(all_category_count)
[2021-03-30 01:00:25] - 빠른상품등록 임시 데이터 삭제(truncate_tmp_goods_data)
[2021-03-30 01:00:25] - 수불부 월별 집계(save_scm_ledger_month)
[2021-03-30 01:00:25] - 자동노출 종료상품 수동 전환(endOfAutoDisplay)
[2021-03-30 01:00:25] - 시간대별 이벤트가 추가(set_goods_event_price)
[2021-03-30 01:00:25] - 옵션 임시 데이터 삭제(delete_tmp_option_data)
[2021-03-30 01:00:25] - 티켓상품의 모든옵션의 유효기간이 만기시 판매중지(social_goods_validate)
[2021-03-31 01:00:27] - 카테고리 상품 정렬 맞춤(sort_category_goods) - Already Category Sort
[2021-03-31 01:00:27] - 브랜드 상품 정렬 맞춤(sort_brand_goods) - Already Brand Sort
[2021-03-31 01:00:27] - 지역 상품 정렬 맞춤(sort_location_goods) - Already Location Sort
[2021-03-31 01:00:27] - 지역 상품 정렬 맞춤(sort_location_goods)
[2021-03-31 01:00:27] - 브랜드 상품 정렬 맞춤(sort_brand_goods)
[2021-03-31 01:00:27] - 카테고리 상품 정렬 맞춤(sort_category_goods)
[2021-03-31 01:00:27] - 브랜드 연결 수 저장(all_brand_count)
[2021-03-31 01:00:27] - 카테고리 연결 수 저장(all_category_count)
[2021-03-31 01:00:27] - 빠른상품등록 임시 데이터 삭제(truncate_tmp_goods_data)
[2021-03-31 01:00:27] - 수불부 월별 집계(save_scm_ledger_month)
[2021-03-31 01:00:27] - 자동노출 종료상품 수동 전환(endOfAutoDisplay)
[2021-03-31 01:00:27] - 시간대별 이벤트가 추가(set_goods_event_price)
[2021-03-31 01:00:27] - 옵션 임시 데이터 삭제(delete_tmp_option_data)
[2021-03-31 01:00:27] - 티켓상품의 모든옵션의 유효기간이 만기시 판매중지(social_goods_validate)
