[2020-12-02 01:00:14] - 티켓 상품 자동 배송 완료(batch_social_goods_confirm) - batch_social_goods_confirm  no data
[2020-12-02 01:00:14] - 미입금 통보 확인(deposit_request)
[2020-12-02 01:00:14] - 굿스플로 배송정보(receiveTrackingResults) - OK
[2020-12-02 01:00:14] - 티켓 상품 자동 배송 완료(batch_social_goods_confirm)
[2020-12-02 01:00:14] - 자동 구매 확정(batch_buy_confirm)
[2020-12-02 01:00:14] - 자동 주문 취소(order_cancel)
[2020-12-03 01:00:11] - 티켓 상품 자동 배송 완료(batch_social_goods_confirm) - batch_social_goods_confirm  no data
[2020-12-03 01:00:11] - 미입금 통보 확인(deposit_request)
[2020-12-03 01:00:11] - 굿스플로 배송정보(receiveTrackingResults) - OK
[2020-12-03 01:00:11] - 티켓 상품 자동 배송 완료(batch_social_goods_confirm)
[2020-12-03 01:00:11] - 자동 구매 확정(batch_buy_confirm)
[2020-12-03 01:00:11] - 자동 주문 취소(order_cancel)
[2020-12-04 01:00:11] - 티켓 상품 자동 배송 완료(batch_social_goods_confirm) - batch_social_goods_confirm  no data
[2020-12-04 01:00:11] - 미입금 통보 확인(deposit_request)
[2020-12-04 01:00:11] - 굿스플로 배송정보(receiveTrackingResults) - OK
[2020-12-04 01:00:11] - 티켓 상품 자동 배송 완료(batch_social_goods_confirm)
[2020-12-04 01:00:11] - 자동 구매 확정(batch_buy_confirm)
[2020-12-04 01:00:11] - 자동 주문 취소(order_cancel)
[2020-12-05 01:00:16] - 티켓 상품 자동 배송 완료(batch_social_goods_confirm) - batch_social_goods_confirm  no data
[2020-12-05 01:00:16] - 미입금 통보 확인(deposit_request)
[2020-12-05 01:00:16] - 굿스플로 배송정보(receiveTrackingResults) - OK
[2020-12-05 01:00:16] - 티켓 상품 자동 배송 완료(batch_social_goods_confirm)
[2020-12-05 01:00:16] - 자동 구매 확정(batch_buy_confirm)
[2020-12-05 01:00:16] - 자동 주문 취소(order_cancel)
[2020-12-06 01:00:14] - 티켓 상품 자동 배송 완료(batch_social_goods_confirm) - batch_social_goods_confirm  no data
[2020-12-06 01:00:14] - 미입금 통보 확인(deposit_request)
[2020-12-06 01:00:14] - 굿스플로 배송정보(receiveTrackingResults) - OK
[2020-12-06 01:00:14] - 티켓 상품 자동 배송 완료(batch_social_goods_confirm)
[2020-12-06 01:00:14] - 자동 구매 확정(batch_buy_confirm)
[2020-12-06 01:00:14] - 자동 주문 취소(order_cancel)
[2020-12-07 01:00:11] - 티켓 상품 자동 배송 완료(batch_social_goods_confirm) - batch_social_goods_confirm  no data
[2020-12-07 01:00:11] - 미입금 통보 확인(deposit_request)
[2020-12-07 01:00:11] - 굿스플로 배송정보(receiveTrackingResults) - OK
[2020-12-07 01:00:11] - 티켓 상품 자동 배송 완료(batch_social_goods_confirm)
[2020-12-07 01:00:11] - 자동 구매 확정(batch_buy_confirm)
[2020-12-07 01:00:11] - 자동 주문 취소(order_cancel)
[2020-12-08 01:00:14] - 티켓 상품 자동 배송 완료(batch_social_goods_confirm) - batch_social_goods_confirm  no data
[2020-12-08 01:00:14] - 미입금 통보 확인(deposit_request)
[2020-12-08 01:00:14] - 굿스플로 배송정보(receiveTrackingResults) - OK
[2020-12-08 01:00:14] - 티켓 상품 자동 배송 완료(batch_social_goods_confirm)
[2020-12-08 01:00:14] - 자동 구매 확정(batch_buy_confirm)
[2020-12-08 01:00:14] - 자동 주문 취소(order_cancel)
[2020-12-09 01:00:17] - 티켓 상품 자동 배송 완료(batch_social_goods_confirm) - batch_social_goods_confirm  no data
[2020-12-09 01:00:17] - 미입금 통보 확인(deposit_request)
[2020-12-09 01:00:17] - 굿스플로 배송정보(receiveTrackingResults) - OK
[2020-12-09 01:00:17] - 티켓 상품 자동 배송 완료(batch_social_goods_confirm)
[2020-12-09 01:00:17] - 자동 구매 확정(batch_buy_confirm)
[2020-12-09 01:00:17] - 자동 주문 취소(order_cancel)
[2020-12-10 01:00:16] - 티켓 상품 자동 배송 완료(batch_social_goods_confirm) - batch_social_goods_confirm  no data
[2020-12-10 01:00:16] - 미입금 통보 확인(deposit_request)
[2020-12-10 01:00:16] - 굿스플로 배송정보(receiveTrackingResults) - OK
[2020-12-10 01:00:16] - 티켓 상품 자동 배송 완료(batch_social_goods_confirm)
[2020-12-10 01:00:16] - 자동 구매 확정(batch_buy_confirm)
[2020-12-10 01:00:16] - 자동 주문 취소(order_cancel)
[2020-12-11 01:00:16] - 티켓 상품 자동 배송 완료(batch_social_goods_confirm) - batch_social_goods_confirm  no data
[2020-12-11 01:00:16] - 미입금 통보 확인(deposit_request)
[2020-12-11 01:00:16] - 굿스플로 배송정보(receiveTrackingResults) - OK
[2020-12-11 01:00:16] - 티켓 상품 자동 배송 완료(batch_social_goods_confirm)
[2020-12-11 01:00:16] - 자동 구매 확정(batch_buy_confirm)
[2020-12-11 01:00:16] - 자동 주문 취소(order_cancel)
[2020-12-12 01:00:16] - 티켓 상품 자동 배송 완료(batch_social_goods_confirm) - batch_social_goods_confirm  no data
[2020-12-12 01:00:16] - 미입금 통보 확인(deposit_request)
[2020-12-12 01:00:16] - 굿스플로 배송정보(receiveTrackingResults) - OK
[2020-12-12 01:00:16] - 티켓 상품 자동 배송 완료(batch_social_goods_confirm)
[2020-12-12 01:00:16] - 자동 구매 확정(batch_buy_confirm)
[2020-12-12 01:00:16] - 자동 주문 취소(order_cancel)
[2020-12-13 01:00:15] - 티켓 상품 자동 배송 완료(batch_social_goods_confirm) - batch_social_goods_confirm  no data
[2020-12-13 01:00:15] - 미입금 통보 확인(deposit_request)
[2020-12-13 01:00:15] - 굿스플로 배송정보(receiveTrackingResults) - OK
[2020-12-13 01:00:15] - 티켓 상품 자동 배송 완료(batch_social_goods_confirm)
[2020-12-13 01:00:15] - 자동 구매 확정(batch_buy_confirm)
[2020-12-13 01:00:15] - 자동 주문 취소(order_cancel)
[2020-12-14 01:00:16] - 티켓 상품 자동 배송 완료(batch_social_goods_confirm) - batch_social_goods_confirm  no data
[2020-12-14 01:00:16] - 미입금 통보 확인(deposit_request)
[2020-12-14 01:00:16] - 굿스플로 배송정보(receiveTrackingResults) - OK
[2020-12-14 01:00:16] - 티켓 상품 자동 배송 완료(batch_social_goods_confirm)
[2020-12-14 01:00:16] - 자동 구매 확정(batch_buy_confirm)
[2020-12-14 01:00:16] - 자동 주문 취소(order_cancel)
[2020-12-15 01:00:09] - 티켓 상품 자동 배송 완료(batch_social_goods_confirm) - batch_social_goods_confirm  no data
[2020-12-15 01:00:09] - 미입금 통보 확인(deposit_request)
[2020-12-15 01:00:09] - 굿스플로 배송정보(receiveTrackingResults) - OK
[2020-12-15 01:00:09] - 티켓 상품 자동 배송 완료(batch_social_goods_confirm)
[2020-12-15 01:00:09] - 자동 구매 확정(batch_buy_confirm)
[2020-12-15 01:00:09] - 자동 주문 취소(order_cancel)
[2020-12-16 01:00:15] - 티켓 상품 자동 배송 완료(batch_social_goods_confirm) - batch_social_goods_confirm  no data
[2020-12-16 01:00:15] - 미입금 통보 확인(deposit_request)
[2020-12-16 01:00:15] - 굿스플로 배송정보(receiveTrackingResults) - OK
[2020-12-16 01:00:15] - 티켓 상품 자동 배송 완료(batch_social_goods_confirm)
[2020-12-16 01:00:15] - 자동 구매 확정(batch_buy_confirm)
[2020-12-16 01:00:15] - 자동 주문 취소(order_cancel)
[2020-12-17 01:00:14] - 티켓 상품 자동 배송 완료(batch_social_goods_confirm) - batch_social_goods_confirm  no data
[2020-12-17 01:00:14] - 미입금 통보 확인(deposit_request)
[2020-12-17 01:00:14] - 굿스플로 배송정보(receiveTrackingResults) - OK
[2020-12-17 01:00:14] - 티켓 상품 자동 배송 완료(batch_social_goods_confirm)
[2020-12-17 01:00:14] - 자동 구매 확정(batch_buy_confirm)
[2020-12-17 01:00:14] - 자동 주문 취소(order_cancel)
[2020-12-18 01:00:12] - 티켓 상품 자동 배송 완료(batch_social_goods_confirm) - batch_social_goods_confirm  no data
[2020-12-18 01:00:12] - 미입금 통보 확인(deposit_request)
[2020-12-18 01:00:12] - 굿스플로 배송정보(receiveTrackingResults) - OK
[2020-12-18 01:00:12] - 티켓 상품 자동 배송 완료(batch_social_goods_confirm)
[2020-12-18 01:00:12] - 자동 구매 확정(batch_buy_confirm)
[2020-12-18 01:00:12] - 자동 주문 취소(order_cancel)
[2020-12-19 01:00:17] - 티켓 상품 자동 배송 완료(batch_social_goods_confirm) - batch_social_goods_confirm  no data
[2020-12-19 01:00:17] - 미입금 통보 확인(deposit_request)
[2020-12-19 01:00:17] - 굿스플로 배송정보(receiveTrackingResults) - OK
[2020-12-19 01:00:17] - 티켓 상품 자동 배송 완료(batch_social_goods_confirm)
[2020-12-19 01:00:17] - 자동 구매 확정(batch_buy_confirm)
[2020-12-19 01:00:17] - 자동 주문 취소(order_cancel)
[2020-12-20 01:00:19] - 티켓 상품 자동 배송 완료(batch_social_goods_confirm) - batch_social_goods_confirm  no data
[2020-12-20 01:00:19] - 미입금 통보 확인(deposit_request)
[2020-12-20 01:00:19] - 굿스플로 배송정보(receiveTrackingResults) - OK
[2020-12-20 01:00:19] - 티켓 상품 자동 배송 완료(batch_social_goods_confirm)
[2020-12-20 01:00:19] - 자동 구매 확정(batch_buy_confirm)
[2020-12-20 01:00:19] - 자동 주문 취소(order_cancel)
[2020-12-21 01:00:18] - 티켓 상품 자동 배송 완료(batch_social_goods_confirm) - batch_social_goods_confirm  no data
[2020-12-21 01:00:18] - 미입금 통보 확인(deposit_request)
[2020-12-21 01:00:18] - 굿스플로 배송정보(receiveTrackingResults) - OK
[2020-12-21 01:00:18] - 티켓 상품 자동 배송 완료(batch_social_goods_confirm)
[2020-12-21 01:00:18] - 자동 구매 확정(batch_buy_confirm)
[2020-12-21 01:00:18] - 자동 주문 취소(order_cancel)
[2020-12-22 01:00:18] - 티켓 상품 자동 배송 완료(batch_social_goods_confirm) - batch_social_goods_confirm  no data
[2020-12-22 01:00:18] - 미입금 통보 확인(deposit_request)
[2020-12-22 01:00:18] - 굿스플로 배송정보(receiveTrackingResults) - OK
[2020-12-22 01:00:18] - 티켓 상품 자동 배송 완료(batch_social_goods_confirm)
[2020-12-22 01:00:18] - 자동 구매 확정(batch_buy_confirm)
[2020-12-22 01:00:18] - 자동 주문 취소(order_cancel)
[2020-12-23 01:00:18] - 티켓 상품 자동 배송 완료(batch_social_goods_confirm) - batch_social_goods_confirm  no data
[2020-12-23 01:00:18] - 미입금 통보 확인(deposit_request)
[2020-12-23 01:00:18] - 굿스플로 배송정보(receiveTrackingResults) - OK
[2020-12-23 01:00:18] - 티켓 상품 자동 배송 완료(batch_social_goods_confirm)
[2020-12-23 01:00:18] - 자동 구매 확정(batch_buy_confirm)
[2020-12-23 01:00:18] - 자동 주문 취소(order_cancel)
[2020-12-24 01:00:21] - 티켓 상품 자동 배송 완료(batch_social_goods_confirm) - batch_social_goods_confirm  no data
[2020-12-24 01:00:21] - 미입금 통보 확인(deposit_request)
[2020-12-24 01:00:21] - 굿스플로 배송정보(receiveTrackingResults) - OK
[2020-12-24 01:00:21] - 티켓 상품 자동 배송 완료(batch_social_goods_confirm)
[2020-12-24 01:00:21] - 자동 구매 확정(batch_buy_confirm)
[2020-12-24 01:00:21] - 자동 주문 취소(order_cancel)
[2020-12-25 01:01:16] - 티켓 상품 자동 배송 완료(batch_social_goods_confirm) - batch_social_goods_confirm  no data
[2020-12-25 01:01:16] - 미입금 통보 확인(deposit_request)
[2020-12-25 01:01:16] - 굿스플로 배송정보(receiveTrackingResults) - OK
[2020-12-25 01:01:16] - 티켓 상품 자동 배송 완료(batch_social_goods_confirm)
[2020-12-25 01:01:16] - 자동 구매 확정(batch_buy_confirm)
[2020-12-25 01:01:16] - 자동 주문 취소(order_cancel)
[2020-12-26 01:01:16] - 티켓 상품 자동 배송 완료(batch_social_goods_confirm) - batch_social_goods_confirm  no data
[2020-12-26 01:01:16] - 미입금 통보 확인(deposit_request)
[2020-12-26 01:01:16] - 굿스플로 배송정보(receiveTrackingResults) - OK
[2020-12-26 01:01:16] - 티켓 상품 자동 배송 완료(batch_social_goods_confirm)
[2020-12-26 01:01:16] - 자동 구매 확정(batch_buy_confirm)
[2020-12-26 01:01:16] - 자동 주문 취소(order_cancel)
[2020-12-27 01:01:18] - 티켓 상품 자동 배송 완료(batch_social_goods_confirm) - batch_social_goods_confirm  no data
[2020-12-27 01:01:18] - 미입금 통보 확인(deposit_request)
[2020-12-27 01:01:18] - 굿스플로 배송정보(receiveTrackingResults) - OK
[2020-12-27 01:01:18] - 티켓 상품 자동 배송 완료(batch_social_goods_confirm)
[2020-12-27 01:01:18] - 자동 구매 확정(batch_buy_confirm)
[2020-12-27 01:01:18] - 자동 주문 취소(order_cancel)
[2020-12-28 01:01:18] - 티켓 상품 자동 배송 완료(batch_social_goods_confirm) - batch_social_goods_confirm  no data
[2020-12-28 01:01:18] - 미입금 통보 확인(deposit_request)
[2020-12-28 01:01:18] - 굿스플로 배송정보(receiveTrackingResults) - OK
[2020-12-28 01:01:18] - 티켓 상품 자동 배송 완료(batch_social_goods_confirm)
[2020-12-28 01:01:18] - 자동 구매 확정(batch_buy_confirm)
[2020-12-28 01:01:18] - 자동 주문 취소(order_cancel)
[2020-12-29 01:00:14] - 티켓 상품 자동 배송 완료(batch_social_goods_confirm) - batch_social_goods_confirm  no data
[2020-12-29 01:00:14] - 미입금 통보 확인(deposit_request)
[2020-12-29 01:00:14] - 굿스플로 배송정보(receiveTrackingResults) - OK
[2020-12-29 01:00:14] - 티켓 상품 자동 배송 완료(batch_social_goods_confirm)
[2020-12-29 01:00:14] - 자동 구매 확정(batch_buy_confirm)
[2020-12-29 01:00:14] - 자동 주문 취소(order_cancel)
[2020-12-30 01:00:19] - 티켓 상품 자동 배송 완료(batch_social_goods_confirm) - batch_social_goods_confirm  no data
[2020-12-30 01:00:19] - 미입금 통보 확인(deposit_request)
[2020-12-30 01:00:19] - 굿스플로 배송정보(receiveTrackingResults) - OK
[2020-12-30 01:00:19] - 티켓 상품 자동 배송 완료(batch_social_goods_confirm)
[2020-12-30 01:00:19] - 자동 구매 확정(batch_buy_confirm)
[2020-12-30 01:00:19] - 자동 주문 취소(order_cancel)
[2020-12-31 01:00:18] - 티켓 상품 자동 배송 완료(batch_social_goods_confirm) - batch_social_goods_confirm  no data
[2020-12-31 01:00:18] - 미입금 통보 확인(deposit_request)
[2020-12-31 01:00:18] - 굿스플로 배송정보(receiveTrackingResults) - OK
[2020-12-31 01:00:18] - 티켓 상품 자동 배송 완료(batch_social_goods_confirm)
[2020-12-31 01:00:18] - 자동 구매 확정(batch_buy_confirm)
[2020-12-31 01:00:18] - 자동 주문 취소(order_cancel)
