[2021-11-17 01:00:32] - 방송 취소 처리(broadcast_cancel) - Unable to locate the model you have specified: broadcastmodel
[2021-11-17 01:00:33] - 개인정보 관리자 로그 삭제(delete_manager_log)
[2021-11-17 01:00:33] - 방송 취소 처리(broadcast_cancel)
[2021-11-17 01:00:33] - 로그 폴더 삭제(delete_log_files)
[2021-11-17 01:00:33] - KICC 코드 동기화(kicc_code)
[2021-11-17 01:00:33] - SMS 국가 코드(sms_national_code)
[2021-11-17 01:00:33] - 서버 캐시파일 삭제(delete_caches)
[2021-11-17 01:00:33] - 엑셀 파일 삭제(delete_excel_file)
[2021-11-17 01:00:33] - 언어별 js메시지 파일 생성(create_alert_file)
[2021-11-17 01:00:33] - 부가서비스 이슈 알림(addservice_notify)
[2021-11-17 01:00:33] - 관리자 중요행위 알림 캐시파일 생성(makeCacheActionAert)
[2021-11-17 01:00:33] - 사용 용량 업데이트(du_check)
[2021-11-17 01:00:33] - 플래시 캐시 파일 삭제(delete_flash_cach)
[2021-11-17 01:00:33] - 캡차 파일 삭제(captcha_file_delete)
[2021-11-17 01:00:33] - 오래된 파일 삭제(tmp_file_delete)
[2021-11-17 01:00:33] - 카카오알림톡 템플릿 동기화(kakaotalk_template)
[2021-11-17 01:00:33] - 엑셀다운로드데이터 삭제(delete_excel_temp)
[2021-11-17 01:00:33] - naverpay 삭제(log_naverpay_delete)
[2021-11-17 01:00:33] - captcha 삭제(log_captcha_delete)
[2021-11-17 01:00:33] - email log 삭제(log_email_delete)
[2021-11-17 01:00:33] - 장바구니 비우기(empty_cart)
[2021-11-17 01:00:33] - 엑심베이 코드 동기화(eximbay)
[2021-11-17 01:00:33] - 코드 동기화(code_sync)
[2021-11-17 01:00:33] - config 동기화(config_sync)
[2021-11-17 01:00:33] - 택배사 동기화(delivery_url)
[2021-11-17 01:00:33] - 쇼핑몰 분류 동기화(shop_branch)
[2021-11-18 01:00:23] - 방송 취소 처리(broadcast_cancel) - Unable to locate the model you have specified: broadcastmodel
[2021-11-18 01:00:23] - 개인정보 관리자 로그 삭제(delete_manager_log)
[2021-11-18 01:00:23] - 방송 취소 처리(broadcast_cancel)
[2021-11-18 01:00:23] - 로그 폴더 삭제(delete_log_files)
[2021-11-18 01:00:23] - KICC 코드 동기화(kicc_code)
[2021-11-18 01:00:23] - SMS 국가 코드(sms_national_code)
[2021-11-18 01:00:23] - 서버 캐시파일 삭제(delete_caches)
[2021-11-18 01:00:23] - 엑셀 파일 삭제(delete_excel_file)
[2021-11-18 01:00:23] - 언어별 js메시지 파일 생성(create_alert_file)
[2021-11-18 01:00:23] - 부가서비스 이슈 알림(addservice_notify)
[2021-11-18 01:00:23] - 관리자 중요행위 알림 캐시파일 생성(makeCacheActionAert)
[2021-11-18 01:00:23] - 사용 용량 업데이트(du_check)
[2021-11-18 01:00:23] - 플래시 캐시 파일 삭제(delete_flash_cach)
[2021-11-18 01:00:23] - 캡차 파일 삭제(captcha_file_delete)
[2021-11-18 01:00:23] - 오래된 파일 삭제(tmp_file_delete)
[2021-11-18 01:00:23] - 카카오알림톡 템플릿 동기화(kakaotalk_template)
[2021-11-18 01:00:23] - 엑셀다운로드데이터 삭제(delete_excel_temp)
[2021-11-18 01:00:23] - naverpay 삭제(log_naverpay_delete)
[2021-11-18 01:00:23] - captcha 삭제(log_captcha_delete)
[2021-11-18 01:00:23] - email log 삭제(log_email_delete)
[2021-11-18 01:00:23] - 장바구니 비우기(empty_cart)
[2021-11-18 01:00:23] - 엑심베이 코드 동기화(eximbay)
[2021-11-18 01:00:23] - 코드 동기화(code_sync)
[2021-11-18 01:00:23] - config 동기화(config_sync)
[2021-11-18 01:00:23] - 택배사 동기화(delivery_url)
[2021-11-18 01:00:23] - 쇼핑몰 분류 동기화(shop_branch)
[2021-11-19 01:00:22] - 방송 취소 처리(broadcast_cancel) - Unable to locate the model you have specified: broadcastmodel
[2021-11-19 01:00:22] - 개인정보 관리자 로그 삭제(delete_manager_log)
[2021-11-19 01:00:22] - 방송 취소 처리(broadcast_cancel)
[2021-11-19 01:00:22] - 로그 폴더 삭제(delete_log_files)
[2021-11-19 01:00:22] - KICC 코드 동기화(kicc_code)
[2021-11-19 01:00:22] - SMS 국가 코드(sms_national_code)
[2021-11-19 01:00:22] - 서버 캐시파일 삭제(delete_caches)
[2021-11-19 01:00:22] - 엑셀 파일 삭제(delete_excel_file)
[2021-11-19 01:00:22] - 언어별 js메시지 파일 생성(create_alert_file)
[2021-11-19 01:00:22] - 부가서비스 이슈 알림(addservice_notify)
[2021-11-19 01:00:22] - 관리자 중요행위 알림 캐시파일 생성(makeCacheActionAert)
[2021-11-19 01:00:22] - 사용 용량 업데이트(du_check)
[2021-11-19 01:00:22] - 플래시 캐시 파일 삭제(delete_flash_cach)
[2021-11-19 01:00:22] - 캡차 파일 삭제(captcha_file_delete)
[2021-11-19 01:00:22] - 오래된 파일 삭제(tmp_file_delete)
[2021-11-19 01:00:22] - 카카오알림톡 템플릿 동기화(kakaotalk_template)
[2021-11-19 01:00:22] - 엑셀다운로드데이터 삭제(delete_excel_temp)
[2021-11-19 01:00:22] - naverpay 삭제(log_naverpay_delete)
[2021-11-19 01:00:22] - captcha 삭제(log_captcha_delete)
[2021-11-19 01:00:22] - email log 삭제(log_email_delete)
[2021-11-19 01:00:22] - 장바구니 비우기(empty_cart)
[2021-11-19 01:00:22] - 엑심베이 코드 동기화(eximbay)
[2021-11-19 01:00:22] - 코드 동기화(code_sync)
[2021-11-19 01:00:22] - config 동기화(config_sync)
[2021-11-19 01:00:22] - 택배사 동기화(delivery_url)
[2021-11-19 01:00:22] - 쇼핑몰 분류 동기화(shop_branch)
[2021-11-20 01:00:23] - 방송 취소 처리(broadcast_cancel) - Unable to locate the model you have specified: broadcastmodel
[2021-11-20 01:00:23] - 개인정보 관리자 로그 삭제(delete_manager_log)
[2021-11-20 01:00:23] - 방송 취소 처리(broadcast_cancel)
[2021-11-20 01:00:23] - 로그 폴더 삭제(delete_log_files)
[2021-11-20 01:00:23] - KICC 코드 동기화(kicc_code)
[2021-11-20 01:00:23] - SMS 국가 코드(sms_national_code)
[2021-11-20 01:00:23] - 서버 캐시파일 삭제(delete_caches)
[2021-11-20 01:00:23] - 엑셀 파일 삭제(delete_excel_file)
[2021-11-20 01:00:23] - 언어별 js메시지 파일 생성(create_alert_file)
[2021-11-20 01:00:23] - 부가서비스 이슈 알림(addservice_notify)
[2021-11-20 01:00:23] - 관리자 중요행위 알림 캐시파일 생성(makeCacheActionAert)
[2021-11-20 01:00:23] - 사용 용량 업데이트(du_check)
[2021-11-20 01:00:23] - 플래시 캐시 파일 삭제(delete_flash_cach)
[2021-11-20 01:00:23] - 캡차 파일 삭제(captcha_file_delete)
[2021-11-20 01:00:23] - 오래된 파일 삭제(tmp_file_delete)
[2021-11-20 01:00:23] - 카카오알림톡 템플릿 동기화(kakaotalk_template)
[2021-11-20 01:00:23] - 엑셀다운로드데이터 삭제(delete_excel_temp)
[2021-11-20 01:00:23] - naverpay 삭제(log_naverpay_delete)
[2021-11-20 01:00:23] - captcha 삭제(log_captcha_delete)
[2021-11-20 01:00:23] - email log 삭제(log_email_delete)
[2021-11-20 01:00:23] - 장바구니 비우기(empty_cart)
[2021-11-20 01:00:23] - 엑심베이 코드 동기화(eximbay)
[2021-11-20 01:00:23] - 코드 동기화(code_sync)
[2021-11-20 01:00:23] - config 동기화(config_sync)
[2021-11-20 01:00:23] - 택배사 동기화(delivery_url)
[2021-11-20 01:00:23] - 쇼핑몰 분류 동기화(shop_branch)
[2021-11-21 01:00:23] - 방송 취소 처리(broadcast_cancel) - Unable to locate the model you have specified: broadcastmodel
[2021-11-21 01:00:23] - 개인정보 관리자 로그 삭제(delete_manager_log)
[2021-11-21 01:00:23] - 방송 취소 처리(broadcast_cancel)
[2021-11-21 01:00:23] - 로그 폴더 삭제(delete_log_files)
[2021-11-21 01:00:23] - KICC 코드 동기화(kicc_code)
[2021-11-21 01:00:23] - SMS 국가 코드(sms_national_code)
[2021-11-21 01:00:23] - 서버 캐시파일 삭제(delete_caches)
[2021-11-21 01:00:23] - 엑셀 파일 삭제(delete_excel_file)
[2021-11-21 01:00:23] - 언어별 js메시지 파일 생성(create_alert_file)
[2021-11-21 01:00:23] - 부가서비스 이슈 알림(addservice_notify)
[2021-11-21 01:00:23] - 관리자 중요행위 알림 캐시파일 생성(makeCacheActionAert)
[2021-11-21 01:00:23] - 사용 용량 업데이트(du_check)
[2021-11-21 01:00:23] - 플래시 캐시 파일 삭제(delete_flash_cach)
[2021-11-21 01:00:23] - 캡차 파일 삭제(captcha_file_delete)
[2021-11-21 01:00:23] - 오래된 파일 삭제(tmp_file_delete)
[2021-11-21 01:00:23] - 카카오알림톡 템플릿 동기화(kakaotalk_template)
[2021-11-21 01:00:23] - 엑셀다운로드데이터 삭제(delete_excel_temp)
[2021-11-21 01:00:23] - naverpay 삭제(log_naverpay_delete)
[2021-11-21 01:00:23] - captcha 삭제(log_captcha_delete)
[2021-11-21 01:00:23] - email log 삭제(log_email_delete)
[2021-11-21 01:00:23] - 장바구니 비우기(empty_cart)
[2021-11-21 01:00:23] - 엑심베이 코드 동기화(eximbay)
[2021-11-21 01:00:23] - 코드 동기화(code_sync)
[2021-11-21 01:00:23] - config 동기화(config_sync)
[2021-11-21 01:00:23] - 택배사 동기화(delivery_url)
[2021-11-21 01:00:23] - 쇼핑몰 분류 동기화(shop_branch)
[2021-11-22 01:00:30] - 방송 취소 처리(broadcast_cancel) - Unable to locate the model you have specified: broadcastmodel
[2021-11-22 01:00:30] - 개인정보 관리자 로그 삭제(delete_manager_log)
[2021-11-22 01:00:30] - 방송 취소 처리(broadcast_cancel)
[2021-11-22 01:00:30] - 로그 폴더 삭제(delete_log_files)
[2021-11-22 01:00:30] - KICC 코드 동기화(kicc_code)
[2021-11-22 01:00:30] - SMS 국가 코드(sms_national_code)
[2021-11-22 01:00:30] - 서버 캐시파일 삭제(delete_caches)
[2021-11-22 01:00:30] - 엑셀 파일 삭제(delete_excel_file)
[2021-11-22 01:00:30] - 언어별 js메시지 파일 생성(create_alert_file)
[2021-11-22 01:00:30] - 부가서비스 이슈 알림(addservice_notify)
[2021-11-22 01:00:30] - 관리자 중요행위 알림 캐시파일 생성(makeCacheActionAert)
[2021-11-22 01:00:30] - 사용 용량 업데이트(du_check)
[2021-11-22 01:00:30] - 플래시 캐시 파일 삭제(delete_flash_cach)
[2021-11-22 01:00:30] - 캡차 파일 삭제(captcha_file_delete)
[2021-11-22 01:00:30] - 오래된 파일 삭제(tmp_file_delete)
[2021-11-22 01:00:30] - 카카오알림톡 템플릿 동기화(kakaotalk_template)
[2021-11-22 01:00:30] - 엑셀다운로드데이터 삭제(delete_excel_temp)
[2021-11-22 01:00:30] - naverpay 삭제(log_naverpay_delete)
[2021-11-22 01:00:30] - captcha 삭제(log_captcha_delete)
[2021-11-22 01:00:30] - email log 삭제(log_email_delete)
[2021-11-22 01:00:30] - 장바구니 비우기(empty_cart)
[2021-11-22 01:00:30] - 엑심베이 코드 동기화(eximbay)
[2021-11-22 01:00:30] - 코드 동기화(code_sync)
[2021-11-22 01:00:30] - config 동기화(config_sync)
[2021-11-22 01:00:30] - 택배사 동기화(delivery_url)
[2021-11-22 01:00:30] - 쇼핑몰 분류 동기화(shop_branch)
[2021-11-23 01:00:22] - 방송 취소 처리(broadcast_cancel) - Unable to locate the model you have specified: broadcastmodel
[2021-11-23 01:00:22] - 개인정보 관리자 로그 삭제(delete_manager_log)
[2021-11-23 01:00:22] - 방송 취소 처리(broadcast_cancel)
[2021-11-23 01:00:22] - 로그 폴더 삭제(delete_log_files)
[2021-11-23 01:00:22] - KICC 코드 동기화(kicc_code)
[2021-11-23 01:00:22] - SMS 국가 코드(sms_national_code)
[2021-11-23 01:00:22] - 서버 캐시파일 삭제(delete_caches)
[2021-11-23 01:00:22] - 엑셀 파일 삭제(delete_excel_file)
[2021-11-23 01:00:22] - 언어별 js메시지 파일 생성(create_alert_file)
[2021-11-23 01:00:22] - 부가서비스 이슈 알림(addservice_notify)
[2021-11-23 01:00:22] - 관리자 중요행위 알림 캐시파일 생성(makeCacheActionAert)
[2021-11-23 01:00:22] - 사용 용량 업데이트(du_check)
[2021-11-23 01:00:22] - 플래시 캐시 파일 삭제(delete_flash_cach)
[2021-11-23 01:00:22] - 캡차 파일 삭제(captcha_file_delete)
[2021-11-23 01:00:22] - 오래된 파일 삭제(tmp_file_delete)
[2021-11-23 01:00:22] - 카카오알림톡 템플릿 동기화(kakaotalk_template)
[2021-11-23 01:00:22] - 엑셀다운로드데이터 삭제(delete_excel_temp)
[2021-11-23 01:00:22] - naverpay 삭제(log_naverpay_delete)
[2021-11-23 01:00:22] - captcha 삭제(log_captcha_delete)
[2021-11-23 01:00:22] - email log 삭제(log_email_delete)
[2021-11-23 01:00:22] - 장바구니 비우기(empty_cart)
[2021-11-23 01:00:22] - 엑심베이 코드 동기화(eximbay)
[2021-11-23 01:00:22] - 코드 동기화(code_sync)
[2021-11-23 01:00:22] - config 동기화(config_sync)
[2021-11-23 01:00:22] - 택배사 동기화(delivery_url)
[2021-11-23 01:00:22] - 쇼핑몰 분류 동기화(shop_branch)
[2021-11-24 01:00:22] - 방송 취소 처리(broadcast_cancel) - Unable to locate the model you have specified: broadcastmodel
[2021-11-24 01:00:22] - 개인정보 관리자 로그 삭제(delete_manager_log)
[2021-11-24 01:00:22] - 방송 취소 처리(broadcast_cancel)
[2021-11-24 01:00:22] - 로그 폴더 삭제(delete_log_files)
[2021-11-24 01:00:22] - KICC 코드 동기화(kicc_code)
[2021-11-24 01:00:22] - SMS 국가 코드(sms_national_code)
[2021-11-24 01:00:22] - 서버 캐시파일 삭제(delete_caches)
[2021-11-24 01:00:22] - 엑셀 파일 삭제(delete_excel_file)
[2021-11-24 01:00:22] - 언어별 js메시지 파일 생성(create_alert_file)
[2021-11-24 01:00:22] - 부가서비스 이슈 알림(addservice_notify)
[2021-11-24 01:00:22] - 관리자 중요행위 알림 캐시파일 생성(makeCacheActionAert)
[2021-11-24 01:00:22] - 사용 용량 업데이트(du_check)
[2021-11-24 01:00:22] - 플래시 캐시 파일 삭제(delete_flash_cach)
[2021-11-24 01:00:22] - 캡차 파일 삭제(captcha_file_delete)
[2021-11-24 01:00:22] - 오래된 파일 삭제(tmp_file_delete)
[2021-11-24 01:00:22] - 카카오알림톡 템플릿 동기화(kakaotalk_template)
[2021-11-24 01:00:22] - 엑셀다운로드데이터 삭제(delete_excel_temp)
[2021-11-24 01:00:22] - naverpay 삭제(log_naverpay_delete)
[2021-11-24 01:00:22] - captcha 삭제(log_captcha_delete)
[2021-11-24 01:00:22] - email log 삭제(log_email_delete)
[2021-11-24 01:00:22] - 장바구니 비우기(empty_cart)
[2021-11-24 01:00:22] - 엑심베이 코드 동기화(eximbay)
[2021-11-24 01:00:22] - 코드 동기화(code_sync)
[2021-11-24 01:00:22] - config 동기화(config_sync)
[2021-11-24 01:00:22] - 택배사 동기화(delivery_url)
[2021-11-24 01:00:22] - 쇼핑몰 분류 동기화(shop_branch)
[2021-11-25 01:00:21] - 방송 취소 처리(broadcast_cancel) - Unable to locate the model you have specified: broadcastmodel
[2021-11-25 01:00:21] - 개인정보 관리자 로그 삭제(delete_manager_log)
[2021-11-25 01:00:21] - 방송 취소 처리(broadcast_cancel)
[2021-11-25 01:00:21] - 로그 폴더 삭제(delete_log_files)
[2021-11-25 01:00:21] - KICC 코드 동기화(kicc_code)
[2021-11-25 01:00:21] - SMS 국가 코드(sms_national_code)
[2021-11-25 01:00:21] - 서버 캐시파일 삭제(delete_caches)
[2021-11-25 01:00:21] - 엑셀 파일 삭제(delete_excel_file)
[2021-11-25 01:00:21] - 언어별 js메시지 파일 생성(create_alert_file)
[2021-11-25 01:00:21] - 부가서비스 이슈 알림(addservice_notify)
[2021-11-25 01:00:21] - 관리자 중요행위 알림 캐시파일 생성(makeCacheActionAert)
[2021-11-25 01:00:21] - 사용 용량 업데이트(du_check)
[2021-11-25 01:00:21] - 플래시 캐시 파일 삭제(delete_flash_cach)
[2021-11-25 01:00:21] - 캡차 파일 삭제(captcha_file_delete)
[2021-11-25 01:00:21] - 오래된 파일 삭제(tmp_file_delete)
[2021-11-25 01:00:21] - 카카오알림톡 템플릿 동기화(kakaotalk_template)
[2021-11-25 01:00:21] - 엑셀다운로드데이터 삭제(delete_excel_temp)
[2021-11-25 01:00:21] - naverpay 삭제(log_naverpay_delete)
[2021-11-25 01:00:21] - captcha 삭제(log_captcha_delete)
[2021-11-25 01:00:21] - email log 삭제(log_email_delete)
[2021-11-25 01:00:21] - 장바구니 비우기(empty_cart)
[2021-11-25 01:00:21] - 엑심베이 코드 동기화(eximbay)
[2021-11-25 01:00:21] - 코드 동기화(code_sync)
[2021-11-25 01:00:21] - config 동기화(config_sync)
[2021-11-25 01:00:21] - 택배사 동기화(delivery_url)
[2021-11-25 01:00:21] - 쇼핑몰 분류 동기화(shop_branch)
[2021-11-26 01:00:21] - 방송 취소 처리(broadcast_cancel) - Unable to locate the model you have specified: broadcastmodel
[2021-11-26 01:00:21] - 개인정보 관리자 로그 삭제(delete_manager_log)
[2021-11-26 01:00:21] - 방송 취소 처리(broadcast_cancel)
[2021-11-26 01:00:21] - 로그 폴더 삭제(delete_log_files)
[2021-11-26 01:00:21] - KICC 코드 동기화(kicc_code)
[2021-11-26 01:00:21] - SMS 국가 코드(sms_national_code)
[2021-11-26 01:00:21] - 서버 캐시파일 삭제(delete_caches)
[2021-11-26 01:00:21] - 엑셀 파일 삭제(delete_excel_file)
[2021-11-26 01:00:21] - 언어별 js메시지 파일 생성(create_alert_file)
[2021-11-26 01:00:21] - 부가서비스 이슈 알림(addservice_notify)
[2021-11-26 01:00:21] - 관리자 중요행위 알림 캐시파일 생성(makeCacheActionAert)
[2021-11-26 01:00:21] - 사용 용량 업데이트(du_check)
[2021-11-26 01:00:21] - 플래시 캐시 파일 삭제(delete_flash_cach)
[2021-11-26 01:00:21] - 캡차 파일 삭제(captcha_file_delete)
[2021-11-26 01:00:21] - 오래된 파일 삭제(tmp_file_delete)
[2021-11-26 01:00:21] - 카카오알림톡 템플릿 동기화(kakaotalk_template)
[2021-11-26 01:00:21] - 엑셀다운로드데이터 삭제(delete_excel_temp)
[2021-11-26 01:00:21] - naverpay 삭제(log_naverpay_delete)
[2021-11-26 01:00:21] - captcha 삭제(log_captcha_delete)
[2021-11-26 01:00:21] - email log 삭제(log_email_delete)
[2021-11-26 01:00:21] - 장바구니 비우기(empty_cart)
[2021-11-26 01:00:21] - 엑심베이 코드 동기화(eximbay)
[2021-11-26 01:00:21] - 코드 동기화(code_sync)
[2021-11-26 01:00:21] - config 동기화(config_sync)
[2021-11-26 01:00:21] - 택배사 동기화(delivery_url)
[2021-11-26 01:00:21] - 쇼핑몰 분류 동기화(shop_branch)
[2021-11-27 01:00:22] - 방송 취소 처리(broadcast_cancel) - Unable to locate the model you have specified: broadcastmodel
[2021-11-27 01:00:22] - 개인정보 관리자 로그 삭제(delete_manager_log)
[2021-11-27 01:00:22] - 방송 취소 처리(broadcast_cancel)
[2021-11-27 01:00:22] - 로그 폴더 삭제(delete_log_files)
[2021-11-27 01:00:22] - KICC 코드 동기화(kicc_code)
[2021-11-27 01:00:22] - SMS 국가 코드(sms_national_code)
[2021-11-27 01:00:22] - 서버 캐시파일 삭제(delete_caches)
[2021-11-27 01:00:22] - 엑셀 파일 삭제(delete_excel_file)
[2021-11-27 01:00:22] - 언어별 js메시지 파일 생성(create_alert_file)
[2021-11-27 01:00:22] - 부가서비스 이슈 알림(addservice_notify)
[2021-11-27 01:00:22] - 관리자 중요행위 알림 캐시파일 생성(makeCacheActionAert)
[2021-11-27 01:00:22] - 사용 용량 업데이트(du_check)
[2021-11-27 01:00:22] - 플래시 캐시 파일 삭제(delete_flash_cach)
[2021-11-27 01:00:22] - 캡차 파일 삭제(captcha_file_delete)
[2021-11-27 01:00:22] - 오래된 파일 삭제(tmp_file_delete)
[2021-11-27 01:00:22] - 카카오알림톡 템플릿 동기화(kakaotalk_template)
[2021-11-27 01:00:22] - 엑셀다운로드데이터 삭제(delete_excel_temp)
[2021-11-27 01:00:22] - naverpay 삭제(log_naverpay_delete)
[2021-11-27 01:00:22] - captcha 삭제(log_captcha_delete)
[2021-11-27 01:00:22] - email log 삭제(log_email_delete)
[2021-11-27 01:00:22] - 장바구니 비우기(empty_cart)
[2021-11-27 01:00:22] - 엑심베이 코드 동기화(eximbay)
[2021-11-27 01:00:22] - 코드 동기화(code_sync)
[2021-11-27 01:00:22] - config 동기화(config_sync)
[2021-11-27 01:00:22] - 택배사 동기화(delivery_url)
[2021-11-27 01:00:22] - 쇼핑몰 분류 동기화(shop_branch)
[2021-11-28 01:00:22] - 방송 취소 처리(broadcast_cancel) - Unable to locate the model you have specified: broadcastmodel
[2021-11-28 01:00:23] - 개인정보 관리자 로그 삭제(delete_manager_log)
[2021-11-28 01:00:23] - 방송 취소 처리(broadcast_cancel)
[2021-11-28 01:00:23] - 로그 폴더 삭제(delete_log_files)
[2021-11-28 01:00:23] - KICC 코드 동기화(kicc_code)
[2021-11-28 01:00:23] - SMS 국가 코드(sms_national_code)
[2021-11-28 01:00:23] - 서버 캐시파일 삭제(delete_caches)
[2021-11-28 01:00:23] - 엑셀 파일 삭제(delete_excel_file)
[2021-11-28 01:00:23] - 언어별 js메시지 파일 생성(create_alert_file)
[2021-11-28 01:00:23] - 부가서비스 이슈 알림(addservice_notify)
[2021-11-28 01:00:23] - 관리자 중요행위 알림 캐시파일 생성(makeCacheActionAert)
[2021-11-28 01:00:23] - 사용 용량 업데이트(du_check)
[2021-11-28 01:00:23] - 플래시 캐시 파일 삭제(delete_flash_cach)
[2021-11-28 01:00:23] - 캡차 파일 삭제(captcha_file_delete)
[2021-11-28 01:00:23] - 오래된 파일 삭제(tmp_file_delete)
[2021-11-28 01:00:23] - 카카오알림톡 템플릿 동기화(kakaotalk_template)
[2021-11-28 01:00:23] - 엑셀다운로드데이터 삭제(delete_excel_temp)
[2021-11-28 01:00:23] - naverpay 삭제(log_naverpay_delete)
[2021-11-28 01:00:23] - captcha 삭제(log_captcha_delete)
[2021-11-28 01:00:23] - email log 삭제(log_email_delete)
[2021-11-28 01:00:23] - 장바구니 비우기(empty_cart)
[2021-11-28 01:00:23] - 엑심베이 코드 동기화(eximbay)
[2021-11-28 01:00:23] - 코드 동기화(code_sync)
[2021-11-28 01:00:23] - config 동기화(config_sync)
[2021-11-28 01:00:23] - 택배사 동기화(delivery_url)
[2021-11-28 01:00:23] - 쇼핑몰 분류 동기화(shop_branch)
[2021-11-29 01:00:28] - 방송 취소 처리(broadcast_cancel) - Unable to locate the model you have specified: broadcastmodel
[2021-11-29 01:00:28] - 개인정보 관리자 로그 삭제(delete_manager_log)
[2021-11-29 01:00:28] - 방송 취소 처리(broadcast_cancel)
[2021-11-29 01:00:28] - 로그 폴더 삭제(delete_log_files)
[2021-11-29 01:00:28] - KICC 코드 동기화(kicc_code)
[2021-11-29 01:00:28] - SMS 국가 코드(sms_national_code)
[2021-11-29 01:00:28] - 서버 캐시파일 삭제(delete_caches)
[2021-11-29 01:00:28] - 엑셀 파일 삭제(delete_excel_file)
[2021-11-29 01:00:28] - 언어별 js메시지 파일 생성(create_alert_file)
[2021-11-29 01:00:28] - 부가서비스 이슈 알림(addservice_notify)
[2021-11-29 01:00:28] - 관리자 중요행위 알림 캐시파일 생성(makeCacheActionAert)
[2021-11-29 01:00:28] - 사용 용량 업데이트(du_check)
[2021-11-29 01:00:28] - 플래시 캐시 파일 삭제(delete_flash_cach)
[2021-11-29 01:00:28] - 캡차 파일 삭제(captcha_file_delete)
[2021-11-29 01:00:28] - 오래된 파일 삭제(tmp_file_delete)
[2021-11-29 01:00:28] - 카카오알림톡 템플릿 동기화(kakaotalk_template)
[2021-11-29 01:00:28] - 엑셀다운로드데이터 삭제(delete_excel_temp)
[2021-11-29 01:00:28] - naverpay 삭제(log_naverpay_delete)
[2021-11-29 01:00:28] - captcha 삭제(log_captcha_delete)
[2021-11-29 01:00:28] - email log 삭제(log_email_delete)
[2021-11-29 01:00:28] - 장바구니 비우기(empty_cart)
[2021-11-29 01:00:28] - 엑심베이 코드 동기화(eximbay)
[2021-11-29 01:00:28] - 코드 동기화(code_sync)
[2021-11-29 01:00:28] - config 동기화(config_sync)
[2021-11-29 01:00:28] - 택배사 동기화(delivery_url)
[2021-11-29 01:00:28] - 쇼핑몰 분류 동기화(shop_branch)
[2021-11-30 01:00:23] - 방송 취소 처리(broadcast_cancel) - Unable to locate the model you have specified: broadcastmodel
[2021-11-30 01:00:23] - 개인정보 관리자 로그 삭제(delete_manager_log)
[2021-11-30 01:00:23] - 방송 취소 처리(broadcast_cancel)
[2021-11-30 01:00:23] - 로그 폴더 삭제(delete_log_files)
[2021-11-30 01:00:23] - KICC 코드 동기화(kicc_code)
[2021-11-30 01:00:23] - SMS 국가 코드(sms_national_code)
[2021-11-30 01:00:23] - 서버 캐시파일 삭제(delete_caches)
[2021-11-30 01:00:23] - 엑셀 파일 삭제(delete_excel_file)
[2021-11-30 01:00:23] - 언어별 js메시지 파일 생성(create_alert_file)
[2021-11-30 01:00:23] - 부가서비스 이슈 알림(addservice_notify)
[2021-11-30 01:00:23] - 관리자 중요행위 알림 캐시파일 생성(makeCacheActionAert)
[2021-11-30 01:00:23] - 사용 용량 업데이트(du_check)
[2021-11-30 01:00:23] - 플래시 캐시 파일 삭제(delete_flash_cach)
[2021-11-30 01:00:23] - 캡차 파일 삭제(captcha_file_delete)
[2021-11-30 01:00:23] - 오래된 파일 삭제(tmp_file_delete)
[2021-11-30 01:00:23] - 카카오알림톡 템플릿 동기화(kakaotalk_template)
[2021-11-30 01:00:23] - 엑셀다운로드데이터 삭제(delete_excel_temp)
[2021-11-30 01:00:23] - naverpay 삭제(log_naverpay_delete)
[2021-11-30 01:00:23] - captcha 삭제(log_captcha_delete)
[2021-11-30 01:00:23] - email log 삭제(log_email_delete)
[2021-11-30 01:00:23] - 장바구니 비우기(empty_cart)
[2021-11-30 01:00:23] - 엑심베이 코드 동기화(eximbay)
[2021-11-30 01:00:23] - 코드 동기화(code_sync)
[2021-11-30 01:00:23] - config 동기화(config_sync)
[2021-11-30 01:00:23] - 택배사 동기화(delivery_url)
[2021-11-30 01:00:23] - 쇼핑몰 분류 동기화(shop_branch)
