[2020-12-02 01:00:12] - 광고수신동의 메일 발송 대상 수집(send_marketing_agree)
[2020-12-02 01:00:12] - 광고수신동의 메일 발송 일자 수정(update_marketing_agree_date)
[2020-12-02 01:00:12] - 미접속자 휴면처리(dormancy_request)
[2020-12-02 01:00:12] - 회원등급 업그레이드(update_member_grade)
[2020-12-02 01:00:12] - 입점사 등급 자동 갱신(exec_update_provider_group)
[2020-12-02 01:00:12] - 회원정보 다운로드 로그 기록 삭제(log_member_excel_delete)
[2020-12-02 01:00:12] - 만료된 포인트 차감(member_point_deduction)
[2020-12-02 01:00:12] - 만료된 마일리지 차감(member_emoney_deduction)
[2020-12-03 01:00:11] - 광고수신동의 메일 발송 대상 수집(send_marketing_agree)
[2020-12-03 01:00:11] - 광고수신동의 메일 발송 일자 수정(update_marketing_agree_date)
[2020-12-03 01:00:11] - 미접속자 휴면처리(dormancy_request)
[2020-12-03 01:00:11] - 회원등급 업그레이드(update_member_grade)
[2020-12-03 01:00:11] - 입점사 등급 자동 갱신(exec_update_provider_group)
[2020-12-03 01:00:11] - 회원정보 다운로드 로그 기록 삭제(log_member_excel_delete)
[2020-12-03 01:00:11] - 만료된 포인트 차감(member_point_deduction)
[2020-12-03 01:00:11] - 만료된 마일리지 차감(member_emoney_deduction)
[2020-12-04 01:00:11] - 광고수신동의 메일 발송 대상 수집(send_marketing_agree)
[2020-12-04 01:00:11] - 광고수신동의 메일 발송 일자 수정(update_marketing_agree_date)
[2020-12-04 01:00:11] - 미접속자 휴면처리(dormancy_request)
[2020-12-04 01:00:11] - 회원등급 업그레이드(update_member_grade)
[2020-12-04 01:00:11] - 입점사 등급 자동 갱신(exec_update_provider_group)
[2020-12-04 01:00:11] - 회원정보 다운로드 로그 기록 삭제(log_member_excel_delete)
[2020-12-04 01:00:11] - 만료된 포인트 차감(member_point_deduction)
[2020-12-04 01:00:11] - 만료된 마일리지 차감(member_emoney_deduction)
[2020-12-05 01:00:15] - 광고수신동의 메일 발송 대상 수집(send_marketing_agree)
[2020-12-05 01:00:15] - 광고수신동의 메일 발송 일자 수정(update_marketing_agree_date)
[2020-12-05 01:00:15] - 미접속자 휴면처리(dormancy_request)
[2020-12-05 01:00:15] - 회원등급 업그레이드(update_member_grade)
[2020-12-05 01:00:15] - 입점사 등급 자동 갱신(exec_update_provider_group)
[2020-12-05 01:00:15] - 회원정보 다운로드 로그 기록 삭제(log_member_excel_delete)
[2020-12-05 01:00:15] - 만료된 포인트 차감(member_point_deduction)
[2020-12-05 01:00:15] - 만료된 마일리지 차감(member_emoney_deduction)
[2020-12-06 01:00:14] - 광고수신동의 메일 발송 대상 수집(send_marketing_agree)
[2020-12-06 01:00:14] - 광고수신동의 메일 발송 일자 수정(update_marketing_agree_date)
[2020-12-06 01:00:14] - 미접속자 휴면처리(dormancy_request)
[2020-12-06 01:00:14] - 회원등급 업그레이드(update_member_grade)
[2020-12-06 01:00:14] - 입점사 등급 자동 갱신(exec_update_provider_group)
[2020-12-06 01:00:14] - 회원정보 다운로드 로그 기록 삭제(log_member_excel_delete)
[2020-12-06 01:00:14] - 만료된 포인트 차감(member_point_deduction)
[2020-12-06 01:00:14] - 만료된 마일리지 차감(member_emoney_deduction)
[2020-12-07 01:00:10] - 광고수신동의 메일 발송 대상 수집(send_marketing_agree)
[2020-12-07 01:00:10] - 광고수신동의 메일 발송 일자 수정(update_marketing_agree_date)
[2020-12-07 01:00:10] - 미접속자 휴면처리(dormancy_request)
[2020-12-07 01:00:10] - 회원등급 업그레이드(update_member_grade)
[2020-12-07 01:00:10] - 입점사 등급 자동 갱신(exec_update_provider_group)
[2020-12-07 01:00:10] - 회원정보 다운로드 로그 기록 삭제(log_member_excel_delete)
[2020-12-07 01:00:10] - 만료된 포인트 차감(member_point_deduction)
[2020-12-07 01:00:10] - 만료된 마일리지 차감(member_emoney_deduction)
[2020-12-08 01:00:14] - 광고수신동의 메일 발송 대상 수집(send_marketing_agree)
[2020-12-08 01:00:14] - 광고수신동의 메일 발송 일자 수정(update_marketing_agree_date)
[2020-12-08 01:00:14] - 미접속자 휴면처리(dormancy_request)
[2020-12-08 01:00:14] - 회원등급 업그레이드(update_member_grade)
[2020-12-08 01:00:14] - 입점사 등급 자동 갱신(exec_update_provider_group)
[2020-12-08 01:00:14] - 회원정보 다운로드 로그 기록 삭제(log_member_excel_delete)
[2020-12-08 01:00:14] - 만료된 포인트 차감(member_point_deduction)
[2020-12-08 01:00:14] - 만료된 마일리지 차감(member_emoney_deduction)
[2020-12-09 01:00:17] - 광고수신동의 메일 발송 대상 수집(send_marketing_agree)
[2020-12-09 01:00:17] - 광고수신동의 메일 발송 일자 수정(update_marketing_agree_date)
[2020-12-09 01:00:17] - 미접속자 휴면처리(dormancy_request)
[2020-12-09 01:00:17] - 회원등급 업그레이드(update_member_grade)
[2020-12-09 01:00:17] - 입점사 등급 자동 갱신(exec_update_provider_group)
[2020-12-09 01:00:17] - 회원정보 다운로드 로그 기록 삭제(log_member_excel_delete)
[2020-12-09 01:00:17] - 만료된 포인트 차감(member_point_deduction)
[2020-12-09 01:00:17] - 만료된 마일리지 차감(member_emoney_deduction)
[2020-12-10 01:00:15] - 광고수신동의 메일 발송 대상 수집(send_marketing_agree)
[2020-12-10 01:00:15] - 광고수신동의 메일 발송 일자 수정(update_marketing_agree_date)
[2020-12-10 01:00:15] - 미접속자 휴면처리(dormancy_request)
[2020-12-10 01:00:15] - 회원등급 업그레이드(update_member_grade)
[2020-12-10 01:00:15] - 입점사 등급 자동 갱신(exec_update_provider_group)
[2020-12-10 01:00:15] - 회원정보 다운로드 로그 기록 삭제(log_member_excel_delete)
[2020-12-10 01:00:15] - 만료된 포인트 차감(member_point_deduction)
[2020-12-10 01:00:15] - 만료된 마일리지 차감(member_emoney_deduction)
[2020-12-11 01:00:15] - 광고수신동의 메일 발송 대상 수집(send_marketing_agree)
[2020-12-11 01:00:15] - 광고수신동의 메일 발송 일자 수정(update_marketing_agree_date)
[2020-12-11 01:00:15] - 미접속자 휴면처리(dormancy_request)
[2020-12-11 01:00:15] - 회원등급 업그레이드(update_member_grade)
[2020-12-11 01:00:15] - 입점사 등급 자동 갱신(exec_update_provider_group)
[2020-12-11 01:00:15] - 회원정보 다운로드 로그 기록 삭제(log_member_excel_delete)
[2020-12-11 01:00:15] - 만료된 포인트 차감(member_point_deduction)
[2020-12-11 01:00:15] - 만료된 마일리지 차감(member_emoney_deduction)
[2020-12-12 01:00:15] - 광고수신동의 메일 발송 대상 수집(send_marketing_agree)
[2020-12-12 01:00:15] - 광고수신동의 메일 발송 일자 수정(update_marketing_agree_date)
[2020-12-12 01:00:15] - 미접속자 휴면처리(dormancy_request)
[2020-12-12 01:00:15] - 회원등급 업그레이드(update_member_grade)
[2020-12-12 01:00:15] - 입점사 등급 자동 갱신(exec_update_provider_group)
[2020-12-12 01:00:15] - 회원정보 다운로드 로그 기록 삭제(log_member_excel_delete)
[2020-12-12 01:00:15] - 만료된 포인트 차감(member_point_deduction)
[2020-12-12 01:00:15] - 만료된 마일리지 차감(member_emoney_deduction)
[2020-12-13 01:00:15] - 광고수신동의 메일 발송 대상 수집(send_marketing_agree)
[2020-12-13 01:00:15] - 광고수신동의 메일 발송 일자 수정(update_marketing_agree_date)
[2020-12-13 01:00:15] - 미접속자 휴면처리(dormancy_request)
[2020-12-13 01:00:15] - 회원등급 업그레이드(update_member_grade)
[2020-12-13 01:00:15] - 입점사 등급 자동 갱신(exec_update_provider_group)
[2020-12-13 01:00:15] - 회원정보 다운로드 로그 기록 삭제(log_member_excel_delete)
[2020-12-13 01:00:15] - 만료된 포인트 차감(member_point_deduction)
[2020-12-13 01:00:15] - 만료된 마일리지 차감(member_emoney_deduction)
[2020-12-14 01:00:16] - 광고수신동의 메일 발송 대상 수집(send_marketing_agree)
[2020-12-14 01:00:16] - 광고수신동의 메일 발송 일자 수정(update_marketing_agree_date)
[2020-12-14 01:00:16] - 미접속자 휴면처리(dormancy_request)
[2020-12-14 01:00:16] - 회원등급 업그레이드(update_member_grade)
[2020-12-14 01:00:16] - 입점사 등급 자동 갱신(exec_update_provider_group)
[2020-12-14 01:00:16] - 회원정보 다운로드 로그 기록 삭제(log_member_excel_delete)
[2020-12-14 01:00:16] - 만료된 포인트 차감(member_point_deduction)
[2020-12-14 01:00:16] - 만료된 마일리지 차감(member_emoney_deduction)
[2020-12-15 01:00:08] - 회원등급 업그레이드(update_member_grade) - update_member_grade unused
[2020-12-15 01:00:08] - 광고수신동의 메일 발송 대상 수집(send_marketing_agree)
[2020-12-15 01:00:08] - 광고수신동의 메일 발송 일자 수정(update_marketing_agree_date)
[2020-12-15 01:00:08] - 미접속자 휴면처리(dormancy_request)
[2020-12-15 01:00:08] - 회원등급 업그레이드(update_member_grade)
[2020-12-15 01:00:08] - 입점사 등급 자동 갱신(exec_update_provider_group)
[2020-12-15 01:00:08] - 회원정보 다운로드 로그 기록 삭제(log_member_excel_delete)
[2020-12-15 01:00:08] - 만료된 포인트 차감(member_point_deduction)
[2020-12-15 01:00:08] - 만료된 마일리지 차감(member_emoney_deduction)
[2020-12-16 01:00:15] - 광고수신동의 메일 발송 대상 수집(send_marketing_agree)
[2020-12-16 01:00:15] - 광고수신동의 메일 발송 일자 수정(update_marketing_agree_date)
[2020-12-16 01:00:15] - 미접속자 휴면처리(dormancy_request)
[2020-12-16 01:00:15] - 회원등급 업그레이드(update_member_grade)
[2020-12-16 01:00:15] - 입점사 등급 자동 갱신(exec_update_provider_group)
[2020-12-16 01:00:15] - 회원정보 다운로드 로그 기록 삭제(log_member_excel_delete)
[2020-12-16 01:00:15] - 만료된 포인트 차감(member_point_deduction)
[2020-12-16 01:00:15] - 만료된 마일리지 차감(member_emoney_deduction)
[2020-12-17 01:00:14] - 광고수신동의 메일 발송 대상 수집(send_marketing_agree)
[2020-12-17 01:00:14] - 광고수신동의 메일 발송 일자 수정(update_marketing_agree_date)
[2020-12-17 01:00:14] - 미접속자 휴면처리(dormancy_request)
[2020-12-17 01:00:14] - 회원등급 업그레이드(update_member_grade)
[2020-12-17 01:00:14] - 입점사 등급 자동 갱신(exec_update_provider_group)
[2020-12-17 01:00:14] - 회원정보 다운로드 로그 기록 삭제(log_member_excel_delete)
[2020-12-17 01:00:14] - 만료된 포인트 차감(member_point_deduction)
[2020-12-17 01:00:14] - 만료된 마일리지 차감(member_emoney_deduction)
[2020-12-18 01:00:09] - 광고수신동의 메일 발송 대상 수집(send_marketing_agree)
[2020-12-18 01:00:09] - 광고수신동의 메일 발송 일자 수정(update_marketing_agree_date)
[2020-12-18 01:00:09] - 미접속자 휴면처리(dormancy_request)
[2020-12-18 01:00:09] - 회원등급 업그레이드(update_member_grade)
[2020-12-18 01:00:09] - 입점사 등급 자동 갱신(exec_update_provider_group)
[2020-12-18 01:00:09] - 회원정보 다운로드 로그 기록 삭제(log_member_excel_delete)
[2020-12-18 01:00:09] - 만료된 포인트 차감(member_point_deduction)
[2020-12-18 01:00:09] - 만료된 마일리지 차감(member_emoney_deduction)
[2020-12-19 01:00:12] - 광고수신동의 메일 발송 대상 수집(send_marketing_agree)
[2020-12-19 01:00:12] - 광고수신동의 메일 발송 일자 수정(update_marketing_agree_date)
[2020-12-19 01:00:12] - 미접속자 휴면처리(dormancy_request)
[2020-12-19 01:00:12] - 회원등급 업그레이드(update_member_grade)
[2020-12-19 01:00:12] - 입점사 등급 자동 갱신(exec_update_provider_group)
[2020-12-19 01:00:12] - 회원정보 다운로드 로그 기록 삭제(log_member_excel_delete)
[2020-12-19 01:00:12] - 만료된 포인트 차감(member_point_deduction)
[2020-12-19 01:00:12] - 만료된 마일리지 차감(member_emoney_deduction)
[2020-12-20 01:00:14] - 광고수신동의 메일 발송 대상 수집(send_marketing_agree)
[2020-12-20 01:00:14] - 광고수신동의 메일 발송 일자 수정(update_marketing_agree_date)
[2020-12-20 01:00:14] - 미접속자 휴면처리(dormancy_request)
[2020-12-20 01:00:14] - 회원등급 업그레이드(update_member_grade)
[2020-12-20 01:00:14] - 입점사 등급 자동 갱신(exec_update_provider_group)
[2020-12-20 01:00:14] - 회원정보 다운로드 로그 기록 삭제(log_member_excel_delete)
[2020-12-20 01:00:14] - 만료된 포인트 차감(member_point_deduction)
[2020-12-20 01:00:14] - 만료된 마일리지 차감(member_emoney_deduction)
[2020-12-21 01:00:13] - 광고수신동의 메일 발송 대상 수집(send_marketing_agree)
[2020-12-21 01:00:13] - 광고수신동의 메일 발송 일자 수정(update_marketing_agree_date)
[2020-12-21 01:00:13] - 미접속자 휴면처리(dormancy_request)
[2020-12-21 01:00:13] - 회원등급 업그레이드(update_member_grade)
[2020-12-21 01:00:13] - 입점사 등급 자동 갱신(exec_update_provider_group)
[2020-12-21 01:00:13] - 회원정보 다운로드 로그 기록 삭제(log_member_excel_delete)
[2020-12-21 01:00:13] - 만료된 포인트 차감(member_point_deduction)
[2020-12-21 01:00:13] - 만료된 마일리지 차감(member_emoney_deduction)
[2020-12-22 01:00:14] - 광고수신동의 메일 발송 대상 수집(send_marketing_agree)
[2020-12-22 01:00:14] - 광고수신동의 메일 발송 일자 수정(update_marketing_agree_date)
[2020-12-22 01:00:14] - 미접속자 휴면처리(dormancy_request)
[2020-12-22 01:00:14] - 회원등급 업그레이드(update_member_grade)
[2020-12-22 01:00:14] - 입점사 등급 자동 갱신(exec_update_provider_group)
[2020-12-22 01:00:14] - 회원정보 다운로드 로그 기록 삭제(log_member_excel_delete)
[2020-12-22 01:00:14] - 만료된 포인트 차감(member_point_deduction)
[2020-12-22 01:00:14] - 만료된 마일리지 차감(member_emoney_deduction)
[2020-12-23 01:00:14] - 광고수신동의 메일 발송 대상 수집(send_marketing_agree)
[2020-12-23 01:00:14] - 광고수신동의 메일 발송 일자 수정(update_marketing_agree_date)
[2020-12-23 01:00:14] - 미접속자 휴면처리(dormancy_request)
[2020-12-23 01:00:14] - 회원등급 업그레이드(update_member_grade)
[2020-12-23 01:00:14] - 입점사 등급 자동 갱신(exec_update_provider_group)
[2020-12-23 01:00:14] - 회원정보 다운로드 로그 기록 삭제(log_member_excel_delete)
[2020-12-23 01:00:14] - 만료된 포인트 차감(member_point_deduction)
[2020-12-23 01:00:14] - 만료된 마일리지 차감(member_emoney_deduction)
[2020-12-24 01:00:16] - 광고수신동의 메일 발송 대상 수집(send_marketing_agree)
[2020-12-24 01:00:16] - 광고수신동의 메일 발송 일자 수정(update_marketing_agree_date)
[2020-12-24 01:00:16] - 미접속자 휴면처리(dormancy_request)
[2020-12-24 01:00:16] - 회원등급 업그레이드(update_member_grade)
[2020-12-24 01:00:16] - 입점사 등급 자동 갱신(exec_update_provider_group)
[2020-12-24 01:00:16] - 회원정보 다운로드 로그 기록 삭제(log_member_excel_delete)
[2020-12-24 01:00:16] - 만료된 포인트 차감(member_point_deduction)
[2020-12-24 01:00:16] - 만료된 마일리지 차감(member_emoney_deduction)
[2020-12-25 01:01:11] - 광고수신동의 메일 발송 대상 수집(send_marketing_agree)
[2020-12-25 01:01:11] - 광고수신동의 메일 발송 일자 수정(update_marketing_agree_date)
[2020-12-25 01:01:11] - 미접속자 휴면처리(dormancy_request)
[2020-12-25 01:01:11] - 회원등급 업그레이드(update_member_grade)
[2020-12-25 01:01:11] - 입점사 등급 자동 갱신(exec_update_provider_group)
[2020-12-25 01:01:11] - 회원정보 다운로드 로그 기록 삭제(log_member_excel_delete)
[2020-12-25 01:01:11] - 만료된 포인트 차감(member_point_deduction)
[2020-12-25 01:01:11] - 만료된 마일리지 차감(member_emoney_deduction)
[2020-12-26 01:01:12] - 광고수신동의 메일 발송 대상 수집(send_marketing_agree)
[2020-12-26 01:01:12] - 광고수신동의 메일 발송 일자 수정(update_marketing_agree_date)
[2020-12-26 01:01:12] - 미접속자 휴면처리(dormancy_request)
[2020-12-26 01:01:12] - 회원등급 업그레이드(update_member_grade)
[2020-12-26 01:01:12] - 입점사 등급 자동 갱신(exec_update_provider_group)
[2020-12-26 01:01:12] - 회원정보 다운로드 로그 기록 삭제(log_member_excel_delete)
[2020-12-26 01:01:12] - 만료된 포인트 차감(member_point_deduction)
[2020-12-26 01:01:12] - 만료된 마일리지 차감(member_emoney_deduction)
[2020-12-27 01:01:14] - 광고수신동의 메일 발송 대상 수집(send_marketing_agree)
[2020-12-27 01:01:14] - 광고수신동의 메일 발송 일자 수정(update_marketing_agree_date)
[2020-12-27 01:01:14] - 미접속자 휴면처리(dormancy_request)
[2020-12-27 01:01:14] - 회원등급 업그레이드(update_member_grade)
[2020-12-27 01:01:14] - 입점사 등급 자동 갱신(exec_update_provider_group)
[2020-12-27 01:01:14] - 회원정보 다운로드 로그 기록 삭제(log_member_excel_delete)
[2020-12-27 01:01:14] - 만료된 포인트 차감(member_point_deduction)
[2020-12-27 01:01:14] - 만료된 마일리지 차감(member_emoney_deduction)
[2020-12-28 01:01:14] - 광고수신동의 메일 발송 대상 수집(send_marketing_agree)
[2020-12-28 01:01:14] - 광고수신동의 메일 발송 일자 수정(update_marketing_agree_date)
[2020-12-28 01:01:14] - 미접속자 휴면처리(dormancy_request)
[2020-12-28 01:01:14] - 회원등급 업그레이드(update_member_grade)
[2020-12-28 01:01:14] - 입점사 등급 자동 갱신(exec_update_provider_group)
[2020-12-28 01:01:14] - 회원정보 다운로드 로그 기록 삭제(log_member_excel_delete)
[2020-12-28 01:01:14] - 만료된 포인트 차감(member_point_deduction)
[2020-12-28 01:01:14] - 만료된 마일리지 차감(member_emoney_deduction)
[2020-12-29 01:00:10] - 광고수신동의 메일 발송 대상 수집(send_marketing_agree)
[2020-12-29 01:00:10] - 광고수신동의 메일 발송 일자 수정(update_marketing_agree_date)
[2020-12-29 01:00:10] - 미접속자 휴면처리(dormancy_request)
[2020-12-29 01:00:10] - 회원등급 업그레이드(update_member_grade)
[2020-12-29 01:00:10] - 입점사 등급 자동 갱신(exec_update_provider_group)
[2020-12-29 01:00:10] - 회원정보 다운로드 로그 기록 삭제(log_member_excel_delete)
[2020-12-29 01:00:10] - 만료된 포인트 차감(member_point_deduction)
[2020-12-29 01:00:10] - 만료된 마일리지 차감(member_emoney_deduction)
[2020-12-30 01:00:14] - 광고수신동의 메일 발송 대상 수집(send_marketing_agree)
[2020-12-30 01:00:14] - 광고수신동의 메일 발송 일자 수정(update_marketing_agree_date)
[2020-12-30 01:00:14] - 미접속자 휴면처리(dormancy_request)
[2020-12-30 01:00:14] - 회원등급 업그레이드(update_member_grade)
[2020-12-30 01:00:14] - 입점사 등급 자동 갱신(exec_update_provider_group)
[2020-12-30 01:00:14] - 회원정보 다운로드 로그 기록 삭제(log_member_excel_delete)
[2020-12-30 01:00:14] - 만료된 포인트 차감(member_point_deduction)
[2020-12-30 01:00:14] - 만료된 마일리지 차감(member_emoney_deduction)
[2020-12-31 01:00:13] - 광고수신동의 메일 발송 대상 수집(send_marketing_agree)
[2020-12-31 01:00:13] - 광고수신동의 메일 발송 일자 수정(update_marketing_agree_date)
[2020-12-31 01:00:13] - 미접속자 휴면처리(dormancy_request)
[2020-12-31 01:00:13] - 회원등급 업그레이드(update_member_grade)
[2020-12-31 01:00:13] - 입점사 등급 자동 갱신(exec_update_provider_group)
[2020-12-31 01:00:13] - 회원정보 다운로드 로그 기록 삭제(log_member_excel_delete)
[2020-12-31 01:00:13] - 만료된 포인트 차감(member_point_deduction)
[2020-12-31 01:00:13] - 만료된 캐시 차감(member_emoney_deduction)
