[2021-12-01 01:00:27] - 티켓 상품 자동 배송 완료(batch_social_goods_confirm) - batch_social_goods_confirm  no data
[2021-12-01 01:00:27] - 미입금 통보 확인(deposit_request)
[2021-12-01 01:00:27] - 굿스플로 배송정보(receiveTrackingResults) - OK
[2021-12-01 01:00:27] - 티켓 상품 자동 배송 완료(batch_social_goods_confirm)
[2021-12-01 01:00:27] - 자동 구매 확정(batch_buy_confirm)
[2021-12-01 01:00:27] - 자동 주문 취소(order_cancel)
[2021-12-02 01:00:26] - 티켓 상품 자동 배송 완료(batch_social_goods_confirm) - batch_social_goods_confirm  no data
[2021-12-02 01:00:26] - 미입금 통보 확인(deposit_request)
[2021-12-02 01:00:26] - 굿스플로 배송정보(receiveTrackingResults) - OK
[2021-12-02 01:00:26] - 티켓 상품 자동 배송 완료(batch_social_goods_confirm)
[2021-12-02 01:00:26] - 자동 구매 확정(batch_buy_confirm)
[2021-12-02 01:00:26] - 자동 주문 취소(order_cancel)
[2021-12-03 01:00:26] - 티켓 상품 자동 배송 완료(batch_social_goods_confirm) - batch_social_goods_confirm  no data
[2021-12-03 01:00:26] - 미입금 통보 확인(deposit_request)
[2021-12-03 01:00:26] - 굿스플로 배송정보(receiveTrackingResults) - OK
[2021-12-03 01:00:26] - 티켓 상품 자동 배송 완료(batch_social_goods_confirm)
[2021-12-03 01:00:26] - 자동 구매 확정(batch_buy_confirm)
[2021-12-03 01:00:26] - 자동 주문 취소(order_cancel)
[2021-12-04 01:00:28] - 티켓 상품 자동 배송 완료(batch_social_goods_confirm) - batch_social_goods_confirm  no data
[2021-12-04 01:00:28] - 미입금 통보 확인(deposit_request)
[2021-12-04 01:00:28] - 굿스플로 배송정보(receiveTrackingResults) - OK
[2021-12-04 01:00:28] - 티켓 상품 자동 배송 완료(batch_social_goods_confirm)
[2021-12-04 01:00:28] - 자동 구매 확정(batch_buy_confirm)
[2021-12-04 01:00:28] - 자동 주문 취소(order_cancel)
[2021-12-05 01:00:28] - 티켓 상품 자동 배송 완료(batch_social_goods_confirm) - batch_social_goods_confirm  no data
[2021-12-05 01:00:28] - 미입금 통보 확인(deposit_request)
[2021-12-05 01:00:28] - 굿스플로 배송정보(receiveTrackingResults) - OK
[2021-12-05 01:00:28] - 티켓 상품 자동 배송 완료(batch_social_goods_confirm)
[2021-12-05 01:00:28] - 자동 구매 확정(batch_buy_confirm)
[2021-12-05 01:00:28] - 자동 주문 취소(order_cancel)
[2021-12-06 01:00:33] - 티켓 상품 자동 배송 완료(batch_social_goods_confirm) - batch_social_goods_confirm  no data
[2021-12-06 01:00:33] - 미입금 통보 확인(deposit_request)
[2021-12-06 01:00:33] - 굿스플로 배송정보(receiveTrackingResults) - OK
[2021-12-06 01:00:33] - 티켓 상품 자동 배송 완료(batch_social_goods_confirm)
[2021-12-06 01:00:33] - 자동 구매 확정(batch_buy_confirm)
[2021-12-06 01:00:33] - 자동 주문 취소(order_cancel)
[2021-12-07 01:00:26] - 티켓 상품 자동 배송 완료(batch_social_goods_confirm) - batch_social_goods_confirm  no data
[2021-12-07 01:00:26] - 미입금 통보 확인(deposit_request)
[2021-12-07 01:00:26] - 굿스플로 배송정보(receiveTrackingResults) - OK
[2021-12-07 01:00:26] - 티켓 상품 자동 배송 완료(batch_social_goods_confirm)
[2021-12-07 01:00:26] - 자동 구매 확정(batch_buy_confirm)
[2021-12-07 01:00:26] - 자동 주문 취소(order_cancel)
[2021-12-08 01:00:26] - 티켓 상품 자동 배송 완료(batch_social_goods_confirm) - batch_social_goods_confirm  no data
[2021-12-08 01:00:26] - 미입금 통보 확인(deposit_request)
[2021-12-08 01:00:26] - 굿스플로 배송정보(receiveTrackingResults) - OK
[2021-12-08 01:00:26] - 티켓 상품 자동 배송 완료(batch_social_goods_confirm)
[2021-12-08 01:00:26] - 자동 구매 확정(batch_buy_confirm)
[2021-12-08 01:00:26] - 자동 주문 취소(order_cancel)
[2021-12-09 01:00:35] - 티켓 상품 자동 배송 완료(batch_social_goods_confirm) - batch_social_goods_confirm  no data
[2021-12-09 01:00:36] - 미입금 통보 확인(deposit_request)
[2021-12-09 01:00:36] - 굿스플로 배송정보(receiveTrackingResults) - OK
[2021-12-09 01:00:36] - 티켓 상품 자동 배송 완료(batch_social_goods_confirm)
[2021-12-09 01:00:36] - 자동 구매 확정(batch_buy_confirm)
[2021-12-09 01:00:36] - 자동 주문 취소(order_cancel)
[2021-12-10 01:00:28] - 티켓 상품 자동 배송 완료(batch_social_goods_confirm) - batch_social_goods_confirm  no data
[2021-12-10 01:00:28] - 미입금 통보 확인(deposit_request)
[2021-12-10 01:00:28] - 굿스플로 배송정보(receiveTrackingResults) - OK
[2021-12-10 01:00:28] - 티켓 상품 자동 배송 완료(batch_social_goods_confirm)
[2021-12-10 01:00:28] - 자동 구매 확정(batch_buy_confirm)
[2021-12-10 01:00:28] - 자동 주문 취소(order_cancel)
[2021-12-11 01:00:25] - 티켓 상품 자동 배송 완료(batch_social_goods_confirm) - batch_social_goods_confirm  no data
[2021-12-11 01:00:25] - 미입금 통보 확인(deposit_request)
[2021-12-11 01:00:25] - 굿스플로 배송정보(receiveTrackingResults) - OK
[2021-12-11 01:00:25] - 티켓 상품 자동 배송 완료(batch_social_goods_confirm)
[2021-12-11 01:00:25] - 자동 구매 확정(batch_buy_confirm)
[2021-12-11 01:00:25] - 자동 주문 취소(order_cancel)
[2021-12-12 01:00:26] - 티켓 상품 자동 배송 완료(batch_social_goods_confirm) - batch_social_goods_confirm  no data
[2021-12-12 01:00:26] - 미입금 통보 확인(deposit_request)
[2021-12-12 01:00:26] - 굿스플로 배송정보(receiveTrackingResults) - OK
[2021-12-12 01:00:26] - 티켓 상품 자동 배송 완료(batch_social_goods_confirm)
[2021-12-12 01:00:26] - 자동 구매 확정(batch_buy_confirm)
[2021-12-12 01:00:26] - 자동 주문 취소(order_cancel)
[2021-12-13 01:00:27] - 티켓 상품 자동 배송 완료(batch_social_goods_confirm) - batch_social_goods_confirm  no data
[2021-12-13 01:00:27] - 미입금 통보 확인(deposit_request)
[2021-12-13 01:00:27] - 굿스플로 배송정보(receiveTrackingResults) - OK
[2021-12-13 01:00:27] - 티켓 상품 자동 배송 완료(batch_social_goods_confirm)
[2021-12-13 01:00:27] - 자동 구매 확정(batch_buy_confirm)
[2021-12-13 01:00:27] - 자동 주문 취소(order_cancel)
[2021-12-14 01:00:25] - 티켓 상품 자동 배송 완료(batch_social_goods_confirm) - batch_social_goods_confirm  no data
[2021-12-14 01:00:25] - 미입금 통보 확인(deposit_request)
[2021-12-14 01:00:25] - 굿스플로 배송정보(receiveTrackingResults) - OK
[2021-12-14 01:00:25] - 티켓 상품 자동 배송 완료(batch_social_goods_confirm)
[2021-12-14 01:00:25] - 자동 구매 확정(batch_buy_confirm)
[2021-12-14 01:00:25] - 자동 주문 취소(order_cancel)
[2021-12-15 01:00:28] - 티켓 상품 자동 배송 완료(batch_social_goods_confirm) - batch_social_goods_confirm  no data
[2021-12-15 01:00:28] - 미입금 통보 확인(deposit_request)
[2021-12-15 01:00:28] - 굿스플로 배송정보(receiveTrackingResults) - OK
[2021-12-15 01:00:28] - 티켓 상품 자동 배송 완료(batch_social_goods_confirm)
[2021-12-15 01:00:28] - 자동 구매 확정(batch_buy_confirm)
[2021-12-15 01:00:28] - 자동 주문 취소(order_cancel)
[2021-12-16 01:00:26] - 티켓 상품 자동 배송 완료(batch_social_goods_confirm) - batch_social_goods_confirm  no data
[2021-12-16 01:00:26] - 미입금 통보 확인(deposit_request)
[2021-12-16 01:00:26] - 굿스플로 배송정보(receiveTrackingResults) - OK
[2021-12-16 01:00:26] - 티켓 상품 자동 배송 완료(batch_social_goods_confirm)
[2021-12-16 01:00:26] - 자동 구매 확정(batch_buy_confirm)
[2021-12-16 01:00:26] - 자동 주문 취소(order_cancel)
[2021-12-17 01:00:26] - 티켓 상품 자동 배송 완료(batch_social_goods_confirm) - batch_social_goods_confirm  no data
[2021-12-17 01:00:26] - 미입금 통보 확인(deposit_request)
[2021-12-17 01:00:26] - 굿스플로 배송정보(receiveTrackingResults) - OK
[2021-12-17 01:00:26] - 티켓 상품 자동 배송 완료(batch_social_goods_confirm)
[2021-12-17 01:00:26] - 자동 구매 확정(batch_buy_confirm)
[2021-12-17 01:00:26] - 자동 주문 취소(order_cancel)
[2021-12-18 01:00:27] - 티켓 상품 자동 배송 완료(batch_social_goods_confirm) - batch_social_goods_confirm  no data
[2021-12-18 01:00:27] - 미입금 통보 확인(deposit_request)
[2021-12-18 01:00:27] - 굿스플로 배송정보(receiveTrackingResults) - OK
[2021-12-18 01:00:27] - 티켓 상품 자동 배송 완료(batch_social_goods_confirm)
[2021-12-18 01:00:27] - 자동 구매 확정(batch_buy_confirm)
[2021-12-18 01:00:27] - 자동 주문 취소(order_cancel)
[2021-12-19 01:00:29] - 티켓 상품 자동 배송 완료(batch_social_goods_confirm) - batch_social_goods_confirm  no data
[2021-12-19 01:00:29] - 미입금 통보 확인(deposit_request)
[2021-12-19 01:00:29] - 굿스플로 배송정보(receiveTrackingResults) - OK
[2021-12-19 01:00:29] - 티켓 상품 자동 배송 완료(batch_social_goods_confirm)
[2021-12-19 01:00:29] - 자동 구매 확정(batch_buy_confirm)
[2021-12-19 01:00:29] - 자동 주문 취소(order_cancel)
[2021-12-20 01:00:39] - 티켓 상품 자동 배송 완료(batch_social_goods_confirm) - batch_social_goods_confirm  no data
[2021-12-20 01:00:39] - 미입금 통보 확인(deposit_request)
[2021-12-20 01:00:39] - 굿스플로 배송정보(receiveTrackingResults) - OK
[2021-12-20 01:00:39] - 티켓 상품 자동 배송 완료(batch_social_goods_confirm)
[2021-12-20 01:00:39] - 자동 구매 확정(batch_buy_confirm)
[2021-12-20 01:00:39] - 자동 주문 취소(order_cancel)
[2021-12-21 01:00:27] - 티켓 상품 자동 배송 완료(batch_social_goods_confirm) - batch_social_goods_confirm  no data
[2021-12-21 01:00:27] - 미입금 통보 확인(deposit_request)
[2021-12-21 01:00:27] - 굿스플로 배송정보(receiveTrackingResults) - OK
[2021-12-21 01:00:27] - 티켓 상품 자동 배송 완료(batch_social_goods_confirm)
[2021-12-21 01:00:27] - 자동 구매 확정(batch_buy_confirm)
[2021-12-21 01:00:27] - 자동 주문 취소(order_cancel)
[2021-12-22 01:00:27] - 티켓 상품 자동 배송 완료(batch_social_goods_confirm) - batch_social_goods_confirm  no data
[2021-12-22 01:00:27] - 미입금 통보 확인(deposit_request)
[2021-12-22 01:00:27] - 굿스플로 배송정보(receiveTrackingResults) - OK
[2021-12-22 01:00:27] - 티켓 상품 자동 배송 완료(batch_social_goods_confirm)
[2021-12-22 01:00:27] - 자동 구매 확정(batch_buy_confirm)
[2021-12-22 01:00:27] - 자동 주문 취소(order_cancel)
[2021-12-23 01:00:26] - 티켓 상품 자동 배송 완료(batch_social_goods_confirm) - batch_social_goods_confirm  no data
[2021-12-23 01:00:26] - 미입금 통보 확인(deposit_request)
[2021-12-23 01:00:26] - 굿스플로 배송정보(receiveTrackingResults) - OK
[2021-12-23 01:00:26] - 티켓 상품 자동 배송 완료(batch_social_goods_confirm)
[2021-12-23 01:00:26] - 자동 구매 확정(batch_buy_confirm)
[2021-12-23 01:00:26] - 자동 주문 취소(order_cancel)
[2021-12-24 01:00:27] - 티켓 상품 자동 배송 완료(batch_social_goods_confirm) - batch_social_goods_confirm  no data
[2021-12-24 01:00:27] - 미입금 통보 확인(deposit_request)
[2021-12-24 01:00:27] - 굿스플로 배송정보(receiveTrackingResults) - OK
[2021-12-24 01:00:27] - 티켓 상품 자동 배송 완료(batch_social_goods_confirm)
[2021-12-24 01:00:27] - 자동 구매 확정(batch_buy_confirm)
[2021-12-24 01:00:27] - 자동 주문 취소(order_cancel)
[2021-12-25 01:00:30] - 티켓 상품 자동 배송 완료(batch_social_goods_confirm) - batch_social_goods_confirm  no data
[2021-12-25 01:00:30] - 미입금 통보 확인(deposit_request)
[2021-12-25 01:00:30] - 굿스플로 배송정보(receiveTrackingResults) - OK
[2021-12-25 01:00:30] - 티켓 상품 자동 배송 완료(batch_social_goods_confirm)
[2021-12-25 01:00:30] - 자동 구매 확정(batch_buy_confirm)
[2021-12-25 01:00:30] - 자동 주문 취소(order_cancel)
[2021-12-26 01:00:27] - 티켓 상품 자동 배송 완료(batch_social_goods_confirm) - batch_social_goods_confirm  no data
[2021-12-26 01:00:27] - 미입금 통보 확인(deposit_request)
[2021-12-26 01:00:27] - 굿스플로 배송정보(receiveTrackingResults) - OK
[2021-12-26 01:00:27] - 티켓 상품 자동 배송 완료(batch_social_goods_confirm)
[2021-12-26 01:00:27] - 자동 구매 확정(batch_buy_confirm)
[2021-12-26 01:00:27] - 자동 주문 취소(order_cancel)
[2021-12-27 01:00:35] - 티켓 상품 자동 배송 완료(batch_social_goods_confirm) - batch_social_goods_confirm  no data
[2021-12-27 01:00:35] - 미입금 통보 확인(deposit_request)
[2021-12-27 01:00:35] - 굿스플로 배송정보(receiveTrackingResults) - OK
[2021-12-27 01:00:35] - 티켓 상품 자동 배송 완료(batch_social_goods_confirm)
[2021-12-27 01:00:35] - 자동 구매 확정(batch_buy_confirm)
[2021-12-27 01:00:35] - 자동 주문 취소(order_cancel)
[2021-12-28 01:00:31] - 티켓 상품 자동 배송 완료(batch_social_goods_confirm) - batch_social_goods_confirm  no data
[2021-12-28 01:00:31] - 미입금 통보 확인(deposit_request)
[2021-12-28 01:00:31] - 굿스플로 배송정보(receiveTrackingResults) - OK
[2021-12-28 01:00:31] - 티켓 상품 자동 배송 완료(batch_social_goods_confirm)
[2021-12-28 01:00:31] - 자동 구매 확정(batch_buy_confirm)
[2021-12-28 01:00:31] - 자동 주문 취소(order_cancel)
[2021-12-29 01:00:29] - 티켓 상품 자동 배송 완료(batch_social_goods_confirm) - batch_social_goods_confirm  no data
[2021-12-29 01:00:29] - 미입금 통보 확인(deposit_request)
[2021-12-29 01:00:29] - 굿스플로 배송정보(receiveTrackingResults) - OK
[2021-12-29 01:00:29] - 티켓 상품 자동 배송 완료(batch_social_goods_confirm)
[2021-12-29 01:00:29] - 자동 구매 확정(batch_buy_confirm)
[2021-12-29 01:00:29] - 자동 주문 취소(order_cancel)
[2021-12-30 01:00:30] - 티켓 상품 자동 배송 완료(batch_social_goods_confirm) - batch_social_goods_confirm  no data
[2021-12-30 01:00:30] - 미입금 통보 확인(deposit_request)
[2021-12-30 01:00:30] - 굿스플로 배송정보(receiveTrackingResults) - OK
[2021-12-30 01:00:30] - 티켓 상품 자동 배송 완료(batch_social_goods_confirm)
[2021-12-30 01:00:30] - 자동 구매 확정(batch_buy_confirm)
[2021-12-30 01:00:30] - 자동 주문 취소(order_cancel)
[2021-12-31 01:00:30] - 티켓 상품 자동 배송 완료(batch_social_goods_confirm) - batch_social_goods_confirm  no data
[2021-12-31 01:00:30] - 미입금 통보 확인(deposit_request)
[2021-12-31 01:00:30] - 굿스플로 배송정보(receiveTrackingResults) - OK
[2021-12-31 01:00:30] - 티켓 상품 자동 배송 완료(batch_social_goods_confirm)
[2021-12-31 01:00:30] - 자동 구매 확정(batch_buy_confirm)
[2021-12-31 01:00:30] - 자동 주문 취소(order_cancel)
