[2021-02-01 01:00:18] - 기념일 축하 안내(remind_anniversary)
[2021-02-01 01:00:18] - 생일 축하 안내(remind_birthday)
[2021-02-01 01:00:18] - 상품 리뷰 작성 안내(remind_review)
[2021-02-01 01:00:18] - 타임세일 종료 상품 안내(remind_timesale)
[2021-02-01 01:00:18] - 회원등급 혜택 안내(remind_membership)
[2021-02-01 01:00:18] - 장바구니/위시리스트 상품 안내(remind_cart)
[2021-02-01 01:00:18] - 소멸 마일리지 안내(remind_emoney)
[2021-02-01 01:00:18] - 만료 할인쿠폰 알림(remind_coupon)
[2021-02-02 01:00:18] - 만료 할인쿠폰 알림(remind_coupon) - Err(Today is not monday)
[2021-02-02 01:00:18] - 소멸 마일리지 안내(remind_emoney) - Err(Today is not monday)
[2021-02-02 01:00:18] - 기념일 축하 안내(remind_anniversary)
[2021-02-02 01:00:18] - 생일 축하 안내(remind_birthday)
[2021-02-02 01:00:18] - 상품 리뷰 작성 안내(remind_review)
[2021-02-02 01:00:18] - 타임세일 종료 상품 안내(remind_timesale)
[2021-02-02 01:00:18] - 회원등급 혜택 안내(remind_membership)
[2021-02-02 01:00:18] - 장바구니/위시리스트 상품 안내(remind_cart)
[2021-02-02 01:00:18] - 소멸 마일리지 안내(remind_emoney)
[2021-02-02 01:00:18] - 만료 할인쿠폰 알림(remind_coupon)
[2021-02-03 01:00:19] - 만료 할인쿠폰 알림(remind_coupon) - Err(Today is not monday)
[2021-02-03 01:00:19] - 소멸 마일리지 안내(remind_emoney) - Err(Today is not monday)
[2021-02-03 01:00:19] - 기념일 축하 안내(remind_anniversary)
[2021-02-03 01:00:19] - 생일 축하 안내(remind_birthday)
[2021-02-03 01:00:19] - 상품 리뷰 작성 안내(remind_review)
[2021-02-03 01:00:19] - 타임세일 종료 상품 안내(remind_timesale)
[2021-02-03 01:00:19] - 회원등급 혜택 안내(remind_membership)
[2021-02-03 01:00:19] - 장바구니/위시리스트 상품 안내(remind_cart)
[2021-02-03 01:00:19] - 소멸 마일리지 안내(remind_emoney)
[2021-02-03 01:00:19] - 만료 할인쿠폰 알림(remind_coupon)
[2021-02-04 01:00:16] - 만료 할인쿠폰 알림(remind_coupon) - Err(Today is not monday)
[2021-02-04 01:00:16] - 소멸 마일리지 안내(remind_emoney) - Err(Today is not monday)
[2021-02-04 01:00:16] - 기념일 축하 안내(remind_anniversary)
[2021-02-04 01:00:16] - 생일 축하 안내(remind_birthday)
[2021-02-04 01:00:16] - 상품 리뷰 작성 안내(remind_review)
[2021-02-04 01:00:16] - 타임세일 종료 상품 안내(remind_timesale)
[2021-02-04 01:00:16] - 회원등급 혜택 안내(remind_membership)
[2021-02-04 01:00:16] - 장바구니/위시리스트 상품 안내(remind_cart)
[2021-02-04 01:00:16] - 소멸 마일리지 안내(remind_emoney)
[2021-02-04 01:00:16] - 만료 할인쿠폰 알림(remind_coupon)
[2021-02-05 01:00:16] - 만료 할인쿠폰 알림(remind_coupon) - Err(Today is not monday)
[2021-02-05 01:00:16] - 소멸 마일리지 안내(remind_emoney) - Err(Today is not monday)
[2021-02-05 01:00:16] - 기념일 축하 안내(remind_anniversary)
[2021-02-05 01:00:16] - 생일 축하 안내(remind_birthday)
[2021-02-05 01:00:16] - 상품 리뷰 작성 안내(remind_review)
[2021-02-05 01:00:16] - 타임세일 종료 상품 안내(remind_timesale)
[2021-02-05 01:00:16] - 회원등급 혜택 안내(remind_membership)
[2021-02-05 01:00:16] - 장바구니/위시리스트 상품 안내(remind_cart)
[2021-02-05 01:00:16] - 소멸 마일리지 안내(remind_emoney)
[2021-02-05 01:00:16] - 만료 할인쿠폰 알림(remind_coupon)
[2021-02-06 01:00:15] - 만료 할인쿠폰 알림(remind_coupon) - Err(Today is not monday)
[2021-02-06 01:00:15] - 소멸 마일리지 안내(remind_emoney) - Err(Today is not monday)
[2021-02-06 01:00:15] - 기념일 축하 안내(remind_anniversary)
[2021-02-06 01:00:15] - 생일 축하 안내(remind_birthday)
[2021-02-06 01:00:15] - 상품 리뷰 작성 안내(remind_review)
[2021-02-06 01:00:15] - 타임세일 종료 상품 안내(remind_timesale)
[2021-02-06 01:00:15] - 회원등급 혜택 안내(remind_membership)
[2021-02-06 01:00:15] - 장바구니/위시리스트 상품 안내(remind_cart)
[2021-02-06 01:00:15] - 소멸 마일리지 안내(remind_emoney)
[2021-02-06 01:00:15] - 만료 할인쿠폰 알림(remind_coupon)
[2021-02-07 01:00:16] - 만료 할인쿠폰 알림(remind_coupon) - Err(Today is not monday)
[2021-02-07 01:00:16] - 소멸 마일리지 안내(remind_emoney) - Err(Today is not monday)
[2021-02-07 01:00:16] - 기념일 축하 안내(remind_anniversary)
[2021-02-07 01:00:16] - 생일 축하 안내(remind_birthday)
[2021-02-07 01:00:16] - 상품 리뷰 작성 안내(remind_review)
[2021-02-07 01:00:16] - 타임세일 종료 상품 안내(remind_timesale)
[2021-02-07 01:00:16] - 회원등급 혜택 안내(remind_membership)
[2021-02-07 01:00:16] - 장바구니/위시리스트 상품 안내(remind_cart)
[2021-02-07 01:00:16] - 소멸 마일리지 안내(remind_emoney)
[2021-02-07 01:00:16] - 만료 할인쿠폰 알림(remind_coupon)
[2021-02-08 01:00:16] - 소멸 마일리지 안내(remind_emoney) - Err(Today is not monday)
[2021-02-08 01:00:16] - 기념일 축하 안내(remind_anniversary)
[2021-02-08 01:00:16] - 생일 축하 안내(remind_birthday)
[2021-02-08 01:00:16] - 상품 리뷰 작성 안내(remind_review)
[2021-02-08 01:00:16] - 타임세일 종료 상품 안내(remind_timesale)
[2021-02-08 01:00:16] - 회원등급 혜택 안내(remind_membership)
[2021-02-08 01:00:16] - 장바구니/위시리스트 상품 안내(remind_cart)
[2021-02-08 01:00:16] - 소멸 마일리지 안내(remind_emoney)
[2021-02-08 01:00:16] - 만료 할인쿠폰 알림(remind_coupon)
[2021-02-09 01:00:14] - 만료 할인쿠폰 알림(remind_coupon) - Err(Today is not monday)
[2021-02-09 01:00:14] - 소멸 마일리지 안내(remind_emoney) - Err(Today is not monday)
[2021-02-09 01:00:14] - 기념일 축하 안내(remind_anniversary)
[2021-02-09 01:00:14] - 생일 축하 안내(remind_birthday)
[2021-02-09 01:00:14] - 상품 리뷰 작성 안내(remind_review)
[2021-02-09 01:00:14] - 타임세일 종료 상품 안내(remind_timesale)
[2021-02-09 01:00:14] - 회원등급 혜택 안내(remind_membership)
[2021-02-09 01:00:14] - 장바구니/위시리스트 상품 안내(remind_cart)
[2021-02-09 01:00:14] - 소멸 마일리지 안내(remind_emoney)
[2021-02-09 01:00:14] - 만료 할인쿠폰 알림(remind_coupon)
[2021-02-10 01:00:17] - 만료 할인쿠폰 알림(remind_coupon) - Err(Today is not monday)
[2021-02-10 01:00:17] - 소멸 마일리지 안내(remind_emoney) - Err(Today is not monday)
[2021-02-10 01:00:17] - 기념일 축하 안내(remind_anniversary)
[2021-02-10 01:00:17] - 생일 축하 안내(remind_birthday)
[2021-02-10 01:00:17] - 상품 리뷰 작성 안내(remind_review)
[2021-02-10 01:00:17] - 타임세일 종료 상품 안내(remind_timesale)
[2021-02-10 01:00:17] - 회원등급 혜택 안내(remind_membership)
[2021-02-10 01:00:17] - 장바구니/위시리스트 상품 안내(remind_cart)
[2021-02-10 01:00:17] - 소멸 마일리지 안내(remind_emoney)
[2021-02-10 01:00:17] - 만료 할인쿠폰 알림(remind_coupon)
[2021-02-11 01:00:17] - 만료 할인쿠폰 알림(remind_coupon) - Err(Today is not monday)
[2021-02-11 01:00:17] - 소멸 마일리지 안내(remind_emoney) - Err(Today is not monday)
[2021-02-11 01:00:17] - 기념일 축하 안내(remind_anniversary)
[2021-02-11 01:00:17] - 생일 축하 안내(remind_birthday)
[2021-02-11 01:00:17] - 상품 리뷰 작성 안내(remind_review)
[2021-02-11 01:00:17] - 타임세일 종료 상품 안내(remind_timesale)
[2021-02-11 01:00:17] - 회원등급 혜택 안내(remind_membership)
[2021-02-11 01:00:17] - 장바구니/위시리스트 상품 안내(remind_cart)
[2021-02-11 01:00:17] - 소멸 마일리지 안내(remind_emoney)
[2021-02-11 01:00:17] - 만료 할인쿠폰 알림(remind_coupon)
[2021-02-12 01:00:16] - 만료 할인쿠폰 알림(remind_coupon) - Err(Today is not monday)
[2021-02-12 01:00:16] - 소멸 마일리지 안내(remind_emoney) - Err(Today is not monday)
[2021-02-12 01:00:16] - 기념일 축하 안내(remind_anniversary)
[2021-02-12 01:00:16] - 생일 축하 안내(remind_birthday)
[2021-02-12 01:00:16] - 상품 리뷰 작성 안내(remind_review)
[2021-02-12 01:00:16] - 타임세일 종료 상품 안내(remind_timesale)
[2021-02-12 01:00:16] - 회원등급 혜택 안내(remind_membership)
[2021-02-12 01:00:16] - 장바구니/위시리스트 상품 안내(remind_cart)
[2021-02-12 01:00:16] - 소멸 마일리지 안내(remind_emoney)
[2021-02-12 01:00:16] - 만료 할인쿠폰 알림(remind_coupon)
[2021-02-13 01:00:15] - 만료 할인쿠폰 알림(remind_coupon) - Err(Today is not monday)
[2021-02-13 01:00:15] - 소멸 마일리지 안내(remind_emoney) - Err(Today is not monday)
[2021-02-13 01:00:15] - 기념일 축하 안내(remind_anniversary)
[2021-02-13 01:00:15] - 생일 축하 안내(remind_birthday)
[2021-02-13 01:00:15] - 상품 리뷰 작성 안내(remind_review)
[2021-02-13 01:00:15] - 타임세일 종료 상품 안내(remind_timesale)
[2021-02-13 01:00:15] - 회원등급 혜택 안내(remind_membership)
[2021-02-13 01:00:15] - 장바구니/위시리스트 상품 안내(remind_cart)
[2021-02-13 01:00:15] - 소멸 마일리지 안내(remind_emoney)
[2021-02-13 01:00:15] - 만료 할인쿠폰 알림(remind_coupon)
[2021-02-14 01:00:16] - 만료 할인쿠폰 알림(remind_coupon) - Err(Today is not monday)
[2021-02-14 01:00:16] - 소멸 마일리지 안내(remind_emoney) - Err(Today is not monday)
[2021-02-14 01:00:16] - 기념일 축하 안내(remind_anniversary)
[2021-02-14 01:00:16] - 생일 축하 안내(remind_birthday)
[2021-02-14 01:00:16] - 상품 리뷰 작성 안내(remind_review)
[2021-02-14 01:00:16] - 타임세일 종료 상품 안내(remind_timesale)
[2021-02-14 01:00:16] - 회원등급 혜택 안내(remind_membership)
[2021-02-14 01:00:16] - 장바구니/위시리스트 상품 안내(remind_cart)
[2021-02-14 01:00:16] - 소멸 마일리지 안내(remind_emoney)
[2021-02-14 01:00:16] - 만료 할인쿠폰 알림(remind_coupon)
[2021-02-15 01:00:17] - 소멸 마일리지 안내(remind_emoney) - Err(Today is not monday)
[2021-02-15 01:00:17] - 기념일 축하 안내(remind_anniversary)
[2021-02-15 01:00:17] - 생일 축하 안내(remind_birthday)
[2021-02-15 01:00:17] - 상품 리뷰 작성 안내(remind_review)
[2021-02-15 01:00:17] - 타임세일 종료 상품 안내(remind_timesale)
[2021-02-15 01:00:17] - 회원등급 혜택 안내(remind_membership)
[2021-02-15 01:00:17] - 장바구니/위시리스트 상품 안내(remind_cart)
[2021-02-15 01:00:17] - 소멸 마일리지 안내(remind_emoney)
[2021-02-15 01:00:17] - 만료 할인쿠폰 알림(remind_coupon)
[2021-02-16 01:00:16] - 만료 할인쿠폰 알림(remind_coupon) - Err(Today is not monday)
[2021-02-16 01:00:16] - 소멸 마일리지 안내(remind_emoney) - Err(Today is not monday)
[2021-02-16 01:00:16] - 기념일 축하 안내(remind_anniversary)
[2021-02-16 01:00:16] - 생일 축하 안내(remind_birthday)
[2021-02-16 01:00:16] - 상품 리뷰 작성 안내(remind_review)
[2021-02-16 01:00:16] - 타임세일 종료 상품 안내(remind_timesale)
[2021-02-16 01:00:16] - 회원등급 혜택 안내(remind_membership)
[2021-02-16 01:00:16] - 장바구니/위시리스트 상품 안내(remind_cart)
[2021-02-16 01:00:16] - 소멸 마일리지 안내(remind_emoney)
[2021-02-16 01:00:16] - 만료 할인쿠폰 알림(remind_coupon)
[2021-02-17 01:00:15] - 만료 할인쿠폰 알림(remind_coupon) - Err(Today is not monday)
[2021-02-17 01:00:15] - 소멸 마일리지 안내(remind_emoney) - Err(Today is not monday)
[2021-02-17 01:00:15] - 기념일 축하 안내(remind_anniversary)
[2021-02-17 01:00:15] - 생일 축하 안내(remind_birthday)
[2021-02-17 01:00:15] - 상품 리뷰 작성 안내(remind_review)
[2021-02-17 01:00:15] - 타임세일 종료 상품 안내(remind_timesale)
[2021-02-17 01:00:15] - 회원등급 혜택 안내(remind_membership)
[2021-02-17 01:00:15] - 장바구니/위시리스트 상품 안내(remind_cart)
[2021-02-17 01:00:15] - 소멸 마일리지 안내(remind_emoney)
[2021-02-17 01:00:15] - 만료 할인쿠폰 알림(remind_coupon)
[2021-02-18 01:00:16] - 만료 할인쿠폰 알림(remind_coupon) - Err(Today is not monday)
[2021-02-18 01:00:16] - 소멸 마일리지 안내(remind_emoney) - Err(Today is not monday)
[2021-02-18 01:00:16] - 기념일 축하 안내(remind_anniversary)
[2021-02-18 01:00:16] - 생일 축하 안내(remind_birthday)
[2021-02-18 01:00:16] - 상품 리뷰 작성 안내(remind_review)
[2021-02-18 01:00:16] - 타임세일 종료 상품 안내(remind_timesale)
[2021-02-18 01:00:16] - 회원등급 혜택 안내(remind_membership)
[2021-02-18 01:00:16] - 장바구니/위시리스트 상품 안내(remind_cart)
[2021-02-18 01:00:16] - 소멸 마일리지 안내(remind_emoney)
[2021-02-18 01:00:16] - 만료 할인쿠폰 알림(remind_coupon)
[2021-02-19 01:00:17] - 만료 할인쿠폰 알림(remind_coupon) - Err(Today is not monday)
[2021-02-19 01:00:17] - 소멸 마일리지 안내(remind_emoney) - Err(Today is not monday)
[2021-02-19 01:00:17] - 기념일 축하 안내(remind_anniversary)
[2021-02-19 01:00:17] - 생일 축하 안내(remind_birthday)
[2021-02-19 01:00:17] - 상품 리뷰 작성 안내(remind_review)
[2021-02-19 01:00:17] - 타임세일 종료 상품 안내(remind_timesale)
[2021-02-19 01:00:17] - 회원등급 혜택 안내(remind_membership)
[2021-02-19 01:00:17] - 장바구니/위시리스트 상품 안내(remind_cart)
[2021-02-19 01:00:17] - 소멸 마일리지 안내(remind_emoney)
[2021-02-19 01:00:17] - 만료 할인쿠폰 알림(remind_coupon)
[2021-02-20 01:00:17] - 만료 할인쿠폰 알림(remind_coupon) - Err(Today is not monday)
[2021-02-20 01:00:17] - 소멸 마일리지 안내(remind_emoney) - Err(Today is not monday)
[2021-02-20 01:00:17] - 기념일 축하 안내(remind_anniversary)
[2021-02-20 01:00:17] - 생일 축하 안내(remind_birthday)
[2021-02-20 01:00:17] - 상품 리뷰 작성 안내(remind_review)
[2021-02-20 01:00:17] - 타임세일 종료 상품 안내(remind_timesale)
[2021-02-20 01:00:17] - 회원등급 혜택 안내(remind_membership)
[2021-02-20 01:00:17] - 장바구니/위시리스트 상품 안내(remind_cart)
[2021-02-20 01:00:17] - 소멸 마일리지 안내(remind_emoney)
[2021-02-20 01:00:17] - 만료 할인쿠폰 알림(remind_coupon)
[2021-02-21 01:00:17] - 만료 할인쿠폰 알림(remind_coupon) - Err(Today is not monday)
[2021-02-21 01:00:17] - 소멸 마일리지 안내(remind_emoney) - Err(Today is not monday)
[2021-02-21 01:00:17] - 기념일 축하 안내(remind_anniversary)
[2021-02-21 01:00:17] - 생일 축하 안내(remind_birthday)
[2021-02-21 01:00:17] - 상품 리뷰 작성 안내(remind_review)
[2021-02-21 01:00:17] - 타임세일 종료 상품 안내(remind_timesale)
[2021-02-21 01:00:17] - 회원등급 혜택 안내(remind_membership)
[2021-02-21 01:00:17] - 장바구니/위시리스트 상품 안내(remind_cart)
[2021-02-21 01:00:17] - 소멸 마일리지 안내(remind_emoney)
[2021-02-21 01:00:17] - 만료 할인쿠폰 알림(remind_coupon)
[2021-02-22 01:00:17] - 소멸 마일리지 안내(remind_emoney) - Err(Today is not monday)
[2021-02-22 01:00:17] - 기념일 축하 안내(remind_anniversary)
[2021-02-22 01:00:17] - 생일 축하 안내(remind_birthday)
[2021-02-22 01:00:17] - 상품 리뷰 작성 안내(remind_review)
[2021-02-22 01:00:17] - 타임세일 종료 상품 안내(remind_timesale)
[2021-02-22 01:00:17] - 회원등급 혜택 안내(remind_membership)
[2021-02-22 01:00:17] - 장바구니/위시리스트 상품 안내(remind_cart)
[2021-02-22 01:00:17] - 소멸 마일리지 안내(remind_emoney)
[2021-02-22 01:00:17] - 만료 할인쿠폰 알림(remind_coupon)
[2021-02-23 01:00:16] - 만료 할인쿠폰 알림(remind_coupon) - Err(Today is not monday)
[2021-02-23 01:00:16] - 소멸 마일리지 안내(remind_emoney) - Err(Today is not monday)
[2021-02-23 01:00:16] - 기념일 축하 안내(remind_anniversary)
[2021-02-23 01:00:16] - 생일 축하 안내(remind_birthday)
[2021-02-23 01:00:16] - 상품 리뷰 작성 안내(remind_review)
[2021-02-23 01:00:16] - 타임세일 종료 상품 안내(remind_timesale)
[2021-02-23 01:00:16] - 회원등급 혜택 안내(remind_membership)
[2021-02-23 01:00:16] - 장바구니/위시리스트 상품 안내(remind_cart)
[2021-02-23 01:00:16] - 소멸 마일리지 안내(remind_emoney)
[2021-02-23 01:00:16] - 만료 할인쿠폰 알림(remind_coupon)
[2021-02-24 01:00:17] - 만료 할인쿠폰 알림(remind_coupon) - Err(Today is not monday)
[2021-02-24 01:00:17] - 소멸 마일리지 안내(remind_emoney) - Err(Today is not monday)
[2021-02-24 01:00:17] - 기념일 축하 안내(remind_anniversary)
[2021-02-24 01:00:17] - 생일 축하 안내(remind_birthday)
[2021-02-24 01:00:17] - 상품 리뷰 작성 안내(remind_review)
[2021-02-24 01:00:17] - 타임세일 종료 상품 안내(remind_timesale)
[2021-02-24 01:00:17] - 회원등급 혜택 안내(remind_membership)
[2021-02-24 01:00:17] - 장바구니/위시리스트 상품 안내(remind_cart)
[2021-02-24 01:00:17] - 소멸 마일리지 안내(remind_emoney)
[2021-02-24 01:00:17] - 만료 할인쿠폰 알림(remind_coupon)
[2021-02-25 01:00:17] - 만료 할인쿠폰 알림(remind_coupon) - Err(Today is not monday)
[2021-02-25 01:00:17] - 소멸 마일리지 안내(remind_emoney) - Err(Today is not monday)
[2021-02-25 01:00:17] - 기념일 축하 안내(remind_anniversary)
[2021-02-25 01:00:17] - 생일 축하 안내(remind_birthday)
[2021-02-25 01:00:17] - 상품 리뷰 작성 안내(remind_review)
[2021-02-25 01:00:17] - 타임세일 종료 상품 안내(remind_timesale)
[2021-02-25 01:00:17] - 회원등급 혜택 안내(remind_membership)
[2021-02-25 01:00:17] - 장바구니/위시리스트 상품 안내(remind_cart)
[2021-02-25 01:00:17] - 소멸 마일리지 안내(remind_emoney)
[2021-02-25 01:00:17] - 만료 할인쿠폰 알림(remind_coupon)
[2021-02-26 01:00:17] - 만료 할인쿠폰 알림(remind_coupon) - Err(Today is not monday)
[2021-02-26 01:00:17] - 소멸 마일리지 안내(remind_emoney) - Err(Today is not monday)
[2021-02-26 01:00:17] - 기념일 축하 안내(remind_anniversary)
[2021-02-26 01:00:17] - 생일 축하 안내(remind_birthday)
[2021-02-26 01:00:17] - 상품 리뷰 작성 안내(remind_review)
[2021-02-26 01:00:17] - 타임세일 종료 상품 안내(remind_timesale)
[2021-02-26 01:00:17] - 회원등급 혜택 안내(remind_membership)
[2021-02-26 01:00:17] - 장바구니/위시리스트 상품 안내(remind_cart)
[2021-02-26 01:00:17] - 소멸 마일리지 안내(remind_emoney)
[2021-02-26 01:00:17] - 만료 할인쿠폰 알림(remind_coupon)
[2021-02-27 01:00:18] - 만료 할인쿠폰 알림(remind_coupon) - Err(Today is not monday)
[2021-02-27 01:00:18] - 소멸 마일리지 안내(remind_emoney) - Err(Today is not monday)
[2021-02-27 01:00:18] - 기념일 축하 안내(remind_anniversary)
[2021-02-27 01:00:18] - 생일 축하 안내(remind_birthday)
[2021-02-27 01:00:18] - 상품 리뷰 작성 안내(remind_review)
[2021-02-27 01:00:18] - 타임세일 종료 상품 안내(remind_timesale)
[2021-02-27 01:00:18] - 회원등급 혜택 안내(remind_membership)
[2021-02-27 01:00:18] - 장바구니/위시리스트 상품 안내(remind_cart)
[2021-02-27 01:00:18] - 소멸 마일리지 안내(remind_emoney)
[2021-02-27 01:00:18] - 만료 할인쿠폰 알림(remind_coupon)
[2021-02-28 01:00:17] - 만료 할인쿠폰 알림(remind_coupon) - Err(Today is not monday)
[2021-02-28 01:00:17] - 소멸 마일리지 안내(remind_emoney) - Err(Today is not monday)
[2021-02-28 01:00:17] - 기념일 축하 안내(remind_anniversary)
[2021-02-28 01:00:17] - 생일 축하 안내(remind_birthday)
[2021-02-28 01:00:17] - 상품 리뷰 작성 안내(remind_review)
[2021-02-28 01:00:17] - 타임세일 종료 상품 안내(remind_timesale)
[2021-02-28 01:00:17] - 회원등급 혜택 안내(remind_membership)
[2021-02-28 01:00:17] - 장바구니/위시리스트 상품 안내(remind_cart)
[2021-02-28 01:00:17] - 소멸 마일리지 안내(remind_emoney)
[2021-02-28 01:00:17] - 만료 할인쿠폰 알림(remind_coupon)
