[2021-08-01 01:00:28] - 만료 할인쿠폰 알림(remind_coupon) - Err(Today is not monday)
[2021-08-01 01:00:29] - 기념일 축하 안내(remind_anniversary)
[2021-08-01 01:00:29] - 생일 축하 안내(remind_birthday)
[2021-08-01 01:00:29] - 상품 리뷰 작성 안내(remind_review)
[2021-08-01 01:00:29] - 타임세일 종료 상품 안내(remind_timesale)
[2021-08-01 01:00:29] - 회원등급 혜택 안내(remind_membership)
[2021-08-01 01:00:29] - 장바구니/위시리스트 상품 안내(remind_cart)
[2021-08-01 01:00:29] - 소멸 마일리지 안내(remind_emoney)
[2021-08-01 01:00:29] - 만료 할인쿠폰 알림(remind_coupon)
[2021-08-02 01:00:27] - 소멸 마일리지 안내(remind_emoney) - Err(Today is not monday)
[2021-08-02 01:00:27] - 기념일 축하 안내(remind_anniversary)
[2021-08-02 01:00:27] - 생일 축하 안내(remind_birthday)
[2021-08-02 01:00:27] - 상품 리뷰 작성 안내(remind_review)
[2021-08-02 01:00:27] - 타임세일 종료 상품 안내(remind_timesale)
[2021-08-02 01:00:27] - 회원등급 혜택 안내(remind_membership)
[2021-08-02 01:00:27] - 장바구니/위시리스트 상품 안내(remind_cart)
[2021-08-02 01:00:27] - 소멸 마일리지 안내(remind_emoney)
[2021-08-02 01:00:27] - 만료 할인쿠폰 알림(remind_coupon)
[2021-08-03 01:00:28] - 만료 할인쿠폰 알림(remind_coupon) - Err(Today is not monday)
[2021-08-03 01:00:28] - 소멸 마일리지 안내(remind_emoney) - Err(Today is not monday)
[2021-08-03 01:00:29] - 기념일 축하 안내(remind_anniversary)
[2021-08-03 01:00:29] - 생일 축하 안내(remind_birthday)
[2021-08-03 01:00:29] - 상품 리뷰 작성 안내(remind_review)
[2021-08-03 01:00:29] - 타임세일 종료 상품 안내(remind_timesale)
[2021-08-03 01:00:29] - 회원등급 혜택 안내(remind_membership)
[2021-08-03 01:00:29] - 장바구니/위시리스트 상품 안내(remind_cart)
[2021-08-03 01:00:29] - 소멸 마일리지 안내(remind_emoney)
[2021-08-03 01:00:29] - 만료 할인쿠폰 알림(remind_coupon)
[2021-08-04 01:00:27] - 만료 할인쿠폰 알림(remind_coupon) - Err(Today is not monday)
[2021-08-04 01:00:27] - 소멸 마일리지 안내(remind_emoney) - Err(Today is not monday)
[2021-08-04 01:00:28] - 기념일 축하 안내(remind_anniversary)
[2021-08-04 01:00:28] - 생일 축하 안내(remind_birthday)
[2021-08-04 01:00:28] - 상품 리뷰 작성 안내(remind_review)
[2021-08-04 01:00:28] - 타임세일 종료 상품 안내(remind_timesale)
[2021-08-04 01:00:28] - 회원등급 혜택 안내(remind_membership)
[2021-08-04 01:00:28] - 장바구니/위시리스트 상품 안내(remind_cart)
[2021-08-04 01:00:28] - 소멸 마일리지 안내(remind_emoney)
[2021-08-04 01:00:28] - 만료 할인쿠폰 알림(remind_coupon)
[2021-08-05 01:00:28] - 만료 할인쿠폰 알림(remind_coupon) - Err(Today is not monday)
[2021-08-05 01:00:28] - 소멸 마일리지 안내(remind_emoney) - Err(Today is not monday)
[2021-08-05 01:00:28] - 기념일 축하 안내(remind_anniversary)
[2021-08-05 01:00:28] - 생일 축하 안내(remind_birthday)
[2021-08-05 01:00:28] - 상품 리뷰 작성 안내(remind_review)
[2021-08-05 01:00:28] - 타임세일 종료 상품 안내(remind_timesale)
[2021-08-05 01:00:28] - 회원등급 혜택 안내(remind_membership)
[2021-08-05 01:00:28] - 장바구니/위시리스트 상품 안내(remind_cart)
[2021-08-05 01:00:28] - 소멸 마일리지 안내(remind_emoney)
[2021-08-05 01:00:28] - 만료 할인쿠폰 알림(remind_coupon)
[2021-08-06 01:00:28] - 만료 할인쿠폰 알림(remind_coupon) - Err(Today is not monday)
[2021-08-06 01:00:28] - 소멸 마일리지 안내(remind_emoney) - Err(Today is not monday)
[2021-08-06 01:00:29] - 기념일 축하 안내(remind_anniversary)
[2021-08-06 01:00:29] - 생일 축하 안내(remind_birthday)
[2021-08-06 01:00:29] - 상품 리뷰 작성 안내(remind_review)
[2021-08-06 01:00:29] - 타임세일 종료 상품 안내(remind_timesale)
[2021-08-06 01:00:29] - 회원등급 혜택 안내(remind_membership)
[2021-08-06 01:00:29] - 장바구니/위시리스트 상품 안내(remind_cart)
[2021-08-06 01:00:29] - 소멸 마일리지 안내(remind_emoney)
[2021-08-06 01:00:29] - 만료 할인쿠폰 알림(remind_coupon)
[2021-08-07 01:00:52] - 만료 할인쿠폰 알림(remind_coupon) - Err(Today is not monday)
[2021-08-07 01:00:52] - 소멸 마일리지 안내(remind_emoney) - Err(Today is not monday)
[2021-08-07 01:00:52] - 기념일 축하 안내(remind_anniversary)
[2021-08-07 01:00:52] - 생일 축하 안내(remind_birthday)
[2021-08-07 01:00:52] - 상품 리뷰 작성 안내(remind_review)
[2021-08-07 01:00:52] - 타임세일 종료 상품 안내(remind_timesale)
[2021-08-07 01:00:52] - 회원등급 혜택 안내(remind_membership)
[2021-08-07 01:00:52] - 장바구니/위시리스트 상품 안내(remind_cart)
[2021-08-07 01:00:52] - 소멸 마일리지 안내(remind_emoney)
[2021-08-07 01:00:52] - 만료 할인쿠폰 알림(remind_coupon)
[2021-08-08 01:00:28] - 만료 할인쿠폰 알림(remind_coupon) - Err(Today is not monday)
[2021-08-08 01:00:28] - 소멸 마일리지 안내(remind_emoney) - Err(Today is not monday)
[2021-08-08 01:00:29] - 기념일 축하 안내(remind_anniversary)
[2021-08-08 01:00:29] - 생일 축하 안내(remind_birthday)
[2021-08-08 01:00:29] - 상품 리뷰 작성 안내(remind_review)
[2021-08-08 01:00:29] - 타임세일 종료 상품 안내(remind_timesale)
[2021-08-08 01:00:29] - 회원등급 혜택 안내(remind_membership)
[2021-08-08 01:00:29] - 장바구니/위시리스트 상품 안내(remind_cart)
[2021-08-08 01:00:29] - 소멸 마일리지 안내(remind_emoney)
[2021-08-08 01:00:29] - 만료 할인쿠폰 알림(remind_coupon)
[2021-08-09 01:00:27] - 소멸 마일리지 안내(remind_emoney) - Err(Today is not monday)
[2021-08-09 01:00:28] - 기념일 축하 안내(remind_anniversary)
[2021-08-09 01:00:28] - 생일 축하 안내(remind_birthday)
[2021-08-09 01:00:28] - 상품 리뷰 작성 안내(remind_review)
[2021-08-09 01:00:28] - 타임세일 종료 상품 안내(remind_timesale)
[2021-08-09 01:00:28] - 회원등급 혜택 안내(remind_membership)
[2021-08-09 01:00:28] - 장바구니/위시리스트 상품 안내(remind_cart)
[2021-08-09 01:00:28] - 소멸 마일리지 안내(remind_emoney)
[2021-08-09 01:00:28] - 만료 할인쿠폰 알림(remind_coupon)
[2021-08-10 01:00:28] - 만료 할인쿠폰 알림(remind_coupon) - Err(Today is not monday)
[2021-08-10 01:00:28] - 소멸 마일리지 안내(remind_emoney) - Err(Today is not monday)
[2021-08-10 01:00:28] - 기념일 축하 안내(remind_anniversary)
[2021-08-10 01:00:28] - 생일 축하 안내(remind_birthday)
[2021-08-10 01:00:28] - 상품 리뷰 작성 안내(remind_review)
[2021-08-10 01:00:28] - 타임세일 종료 상품 안내(remind_timesale)
[2021-08-10 01:00:28] - 회원등급 혜택 안내(remind_membership)
[2021-08-10 01:00:28] - 장바구니/위시리스트 상품 안내(remind_cart)
[2021-08-10 01:00:28] - 소멸 마일리지 안내(remind_emoney)
[2021-08-10 01:00:28] - 만료 할인쿠폰 알림(remind_coupon)
[2021-08-11 01:00:29] - 만료 할인쿠폰 알림(remind_coupon) - Err(Today is not monday)
[2021-08-11 01:00:29] - 소멸 마일리지 안내(remind_emoney) - Err(Today is not monday)
[2021-08-11 01:00:30] - 기념일 축하 안내(remind_anniversary)
[2021-08-11 01:00:30] - 생일 축하 안내(remind_birthday)
[2021-08-11 01:00:30] - 상품 리뷰 작성 안내(remind_review)
[2021-08-11 01:00:30] - 타임세일 종료 상품 안내(remind_timesale)
[2021-08-11 01:00:30] - 회원등급 혜택 안내(remind_membership)
[2021-08-11 01:00:30] - 장바구니/위시리스트 상품 안내(remind_cart)
[2021-08-11 01:00:30] - 소멸 마일리지 안내(remind_emoney)
[2021-08-11 01:00:30] - 만료 할인쿠폰 알림(remind_coupon)
[2021-08-12 01:00:28] - 만료 할인쿠폰 알림(remind_coupon) - Err(Today is not monday)
[2021-08-12 01:00:28] - 소멸 마일리지 안내(remind_emoney) - Err(Today is not monday)
[2021-08-12 01:00:28] - 기념일 축하 안내(remind_anniversary)
[2021-08-12 01:00:28] - 생일 축하 안내(remind_birthday)
[2021-08-12 01:00:28] - 상품 리뷰 작성 안내(remind_review)
[2021-08-12 01:00:28] - 타임세일 종료 상품 안내(remind_timesale)
[2021-08-12 01:00:28] - 회원등급 혜택 안내(remind_membership)
[2021-08-12 01:00:28] - 장바구니/위시리스트 상품 안내(remind_cart)
[2021-08-12 01:00:28] - 소멸 마일리지 안내(remind_emoney)
[2021-08-12 01:00:28] - 만료 할인쿠폰 알림(remind_coupon)
[2021-08-13 01:00:28] - 만료 할인쿠폰 알림(remind_coupon) - Err(Today is not monday)
[2021-08-13 01:00:28] - 소멸 마일리지 안내(remind_emoney) - Err(Today is not monday)
[2021-08-13 01:00:29] - 기념일 축하 안내(remind_anniversary)
[2021-08-13 01:00:29] - 생일 축하 안내(remind_birthday)
[2021-08-13 01:00:29] - 상품 리뷰 작성 안내(remind_review)
[2021-08-13 01:00:29] - 타임세일 종료 상품 안내(remind_timesale)
[2021-08-13 01:00:29] - 회원등급 혜택 안내(remind_membership)
[2021-08-13 01:00:29] - 장바구니/위시리스트 상품 안내(remind_cart)
[2021-08-13 01:00:29] - 소멸 마일리지 안내(remind_emoney)
[2021-08-13 01:00:29] - 만료 할인쿠폰 알림(remind_coupon)
[2021-08-14 01:00:29] - 만료 할인쿠폰 알림(remind_coupon) - Err(Today is not monday)
[2021-08-14 01:00:29] - 소멸 마일리지 안내(remind_emoney) - Err(Today is not monday)
[2021-08-14 01:00:30] - 기념일 축하 안내(remind_anniversary)
[2021-08-14 01:00:30] - 생일 축하 안내(remind_birthday)
[2021-08-14 01:00:30] - 상품 리뷰 작성 안내(remind_review)
[2021-08-14 01:00:30] - 타임세일 종료 상품 안내(remind_timesale)
[2021-08-14 01:00:30] - 회원등급 혜택 안내(remind_membership)
[2021-08-14 01:00:30] - 장바구니/위시리스트 상품 안내(remind_cart)
[2021-08-14 01:00:30] - 소멸 마일리지 안내(remind_emoney)
[2021-08-14 01:00:30] - 만료 할인쿠폰 알림(remind_coupon)
[2021-08-15 01:00:28] - 만료 할인쿠폰 알림(remind_coupon) - Err(Today is not monday)
[2021-08-15 01:00:28] - 소멸 마일리지 안내(remind_emoney) - Err(Today is not monday)
[2021-08-15 01:00:28] - 기념일 축하 안내(remind_anniversary)
[2021-08-15 01:00:28] - 생일 축하 안내(remind_birthday)
[2021-08-15 01:00:28] - 상품 리뷰 작성 안내(remind_review)
[2021-08-15 01:00:28] - 타임세일 종료 상품 안내(remind_timesale)
[2021-08-15 01:00:28] - 회원등급 혜택 안내(remind_membership)
[2021-08-15 01:00:28] - 장바구니/위시리스트 상품 안내(remind_cart)
[2021-08-15 01:00:28] - 소멸 마일리지 안내(remind_emoney)
[2021-08-15 01:00:28] - 만료 할인쿠폰 알림(remind_coupon)
[2021-08-16 01:00:28] - 소멸 마일리지 안내(remind_emoney) - Err(Today is not monday)
[2021-08-16 01:00:29] - 기념일 축하 안내(remind_anniversary)
[2021-08-16 01:00:29] - 생일 축하 안내(remind_birthday)
[2021-08-16 01:00:29] - 상품 리뷰 작성 안내(remind_review)
[2021-08-16 01:00:29] - 타임세일 종료 상품 안내(remind_timesale)
[2021-08-16 01:00:29] - 회원등급 혜택 안내(remind_membership)
[2021-08-16 01:00:29] - 장바구니/위시리스트 상품 안내(remind_cart)
[2021-08-16 01:00:29] - 소멸 마일리지 안내(remind_emoney)
[2021-08-16 01:00:29] - 만료 할인쿠폰 알림(remind_coupon)
[2021-08-17 01:00:28] - 만료 할인쿠폰 알림(remind_coupon) - Err(Today is not monday)
[2021-08-17 01:00:28] - 소멸 마일리지 안내(remind_emoney) - Err(Today is not monday)
[2021-08-17 01:00:28] - 기념일 축하 안내(remind_anniversary)
[2021-08-17 01:00:28] - 생일 축하 안내(remind_birthday)
[2021-08-17 01:00:28] - 상품 리뷰 작성 안내(remind_review)
[2021-08-17 01:00:28] - 타임세일 종료 상품 안내(remind_timesale)
[2021-08-17 01:00:28] - 회원등급 혜택 안내(remind_membership)
[2021-08-17 01:00:28] - 장바구니/위시리스트 상품 안내(remind_cart)
[2021-08-17 01:00:28] - 소멸 마일리지 안내(remind_emoney)
[2021-08-17 01:00:28] - 만료 할인쿠폰 알림(remind_coupon)
[2021-08-18 01:00:29] - 만료 할인쿠폰 알림(remind_coupon) - Err(Today is not monday)
[2021-08-18 01:00:29] - 소멸 마일리지 안내(remind_emoney) - Err(Today is not monday)
[2021-08-18 01:00:29] - 기념일 축하 안내(remind_anniversary)
[2021-08-18 01:00:29] - 생일 축하 안내(remind_birthday)
[2021-08-18 01:00:29] - 상품 리뷰 작성 안내(remind_review)
[2021-08-18 01:00:29] - 타임세일 종료 상품 안내(remind_timesale)
[2021-08-18 01:00:29] - 회원등급 혜택 안내(remind_membership)
[2021-08-18 01:00:29] - 장바구니/위시리스트 상품 안내(remind_cart)
[2021-08-18 01:00:29] - 소멸 마일리지 안내(remind_emoney)
[2021-08-18 01:00:29] - 만료 할인쿠폰 알림(remind_coupon)
[2021-08-19 01:00:29] - 만료 할인쿠폰 알림(remind_coupon) - Err(Today is not monday)
[2021-08-19 01:00:29] - 소멸 마일리지 안내(remind_emoney) - Err(Today is not monday)
[2021-08-19 01:00:30] - 기념일 축하 안내(remind_anniversary)
[2021-08-19 01:00:30] - 생일 축하 안내(remind_birthday)
[2021-08-19 01:00:30] - 상품 리뷰 작성 안내(remind_review)
[2021-08-19 01:00:30] - 타임세일 종료 상품 안내(remind_timesale)
[2021-08-19 01:00:30] - 회원등급 혜택 안내(remind_membership)
[2021-08-19 01:00:30] - 장바구니/위시리스트 상품 안내(remind_cart)
[2021-08-19 01:00:30] - 소멸 마일리지 안내(remind_emoney)
[2021-08-19 01:00:30] - 만료 할인쿠폰 알림(remind_coupon)
[2021-08-20 01:00:29] - 만료 할인쿠폰 알림(remind_coupon) - Err(Today is not monday)
[2021-08-20 01:00:29] - 소멸 마일리지 안내(remind_emoney) - Err(Today is not monday)
[2021-08-20 01:00:30] - 기념일 축하 안내(remind_anniversary)
[2021-08-20 01:00:30] - 생일 축하 안내(remind_birthday)
[2021-08-20 01:00:30] - 상품 리뷰 작성 안내(remind_review)
[2021-08-20 01:00:30] - 타임세일 종료 상품 안내(remind_timesale)
[2021-08-20 01:00:30] - 회원등급 혜택 안내(remind_membership)
[2021-08-20 01:00:30] - 장바구니/위시리스트 상품 안내(remind_cart)
[2021-08-20 01:00:30] - 소멸 마일리지 안내(remind_emoney)
[2021-08-20 01:00:30] - 만료 할인쿠폰 알림(remind_coupon)
[2021-08-21 01:00:29] - 만료 할인쿠폰 알림(remind_coupon) - Err(Today is not monday)
[2021-08-21 01:00:29] - 소멸 마일리지 안내(remind_emoney) - Err(Today is not monday)
[2021-08-21 01:00:29] - 기념일 축하 안내(remind_anniversary)
[2021-08-21 01:00:29] - 생일 축하 안내(remind_birthday)
[2021-08-21 01:00:29] - 상품 리뷰 작성 안내(remind_review)
[2021-08-21 01:00:29] - 타임세일 종료 상품 안내(remind_timesale)
[2021-08-21 01:00:29] - 회원등급 혜택 안내(remind_membership)
[2021-08-21 01:00:29] - 장바구니/위시리스트 상품 안내(remind_cart)
[2021-08-21 01:00:29] - 소멸 마일리지 안내(remind_emoney)
[2021-08-21 01:00:29] - 만료 할인쿠폰 알림(remind_coupon)
[2021-08-22 01:00:30] - 만료 할인쿠폰 알림(remind_coupon) - Err(Today is not monday)
[2021-08-22 01:00:30] - 소멸 마일리지 안내(remind_emoney) - Err(Today is not monday)
[2021-08-22 01:00:30] - 기념일 축하 안내(remind_anniversary)
[2021-08-22 01:00:30] - 생일 축하 안내(remind_birthday)
[2021-08-22 01:00:30] - 상품 리뷰 작성 안내(remind_review)
[2021-08-22 01:00:30] - 타임세일 종료 상품 안내(remind_timesale)
[2021-08-22 01:00:30] - 회원등급 혜택 안내(remind_membership)
[2021-08-22 01:00:30] - 장바구니/위시리스트 상품 안내(remind_cart)
[2021-08-22 01:00:30] - 소멸 마일리지 안내(remind_emoney)
[2021-08-22 01:00:30] - 만료 할인쿠폰 알림(remind_coupon)
[2021-08-23 01:00:29] - 소멸 마일리지 안내(remind_emoney) - Err(Today is not monday)
[2021-08-23 01:00:29] - 기념일 축하 안내(remind_anniversary)
[2021-08-23 01:00:29] - 생일 축하 안내(remind_birthday)
[2021-08-23 01:00:29] - 상품 리뷰 작성 안내(remind_review)
[2021-08-23 01:00:29] - 타임세일 종료 상품 안내(remind_timesale)
[2021-08-23 01:00:29] - 회원등급 혜택 안내(remind_membership)
[2021-08-23 01:00:29] - 장바구니/위시리스트 상품 안내(remind_cart)
[2021-08-23 01:00:29] - 소멸 마일리지 안내(remind_emoney)
[2021-08-23 01:00:29] - 만료 할인쿠폰 알림(remind_coupon)
[2021-08-24 01:00:29] - 만료 할인쿠폰 알림(remind_coupon) - Err(Today is not monday)
[2021-08-24 01:00:29] - 소멸 마일리지 안내(remind_emoney) - Err(Today is not monday)
[2021-08-24 01:00:29] - 기념일 축하 안내(remind_anniversary)
[2021-08-24 01:00:29] - 생일 축하 안내(remind_birthday)
[2021-08-24 01:00:29] - 상품 리뷰 작성 안내(remind_review)
[2021-08-24 01:00:29] - 타임세일 종료 상품 안내(remind_timesale)
[2021-08-24 01:00:29] - 회원등급 혜택 안내(remind_membership)
[2021-08-24 01:00:29] - 장바구니/위시리스트 상품 안내(remind_cart)
[2021-08-24 01:00:29] - 소멸 마일리지 안내(remind_emoney)
[2021-08-24 01:00:29] - 만료 할인쿠폰 알림(remind_coupon)
[2021-08-25 01:00:29] - 만료 할인쿠폰 알림(remind_coupon) - Err(Today is not monday)
[2021-08-25 01:00:29] - 소멸 마일리지 안내(remind_emoney) - Err(Today is not monday)
[2021-08-25 01:00:30] - 기념일 축하 안내(remind_anniversary)
[2021-08-25 01:00:30] - 생일 축하 안내(remind_birthday)
[2021-08-25 01:00:30] - 상품 리뷰 작성 안내(remind_review)
[2021-08-25 01:00:30] - 타임세일 종료 상품 안내(remind_timesale)
[2021-08-25 01:00:30] - 회원등급 혜택 안내(remind_membership)
[2021-08-25 01:00:30] - 장바구니/위시리스트 상품 안내(remind_cart)
[2021-08-25 01:00:30] - 소멸 마일리지 안내(remind_emoney)
[2021-08-25 01:00:30] - 만료 할인쿠폰 알림(remind_coupon)
