[2022-01-01 01:00:27] - 카테고리 상품 정렬 맞춤(sort_category_goods) - Already Category Sort
[2022-01-01 01:00:27] - 브랜드 상품 정렬 맞춤(sort_brand_goods) - Already Brand Sort
[2022-01-01 01:00:27] - 지역 상품 정렬 맞춤(sort_location_goods) - Already Location Sort
[2022-01-01 01:00:27] - 지역 상품 정렬 맞춤(sort_location_goods)
[2022-01-01 01:00:27] - 브랜드 상품 정렬 맞춤(sort_brand_goods)
[2022-01-01 01:00:27] - 카테고리 상품 정렬 맞춤(sort_category_goods)
[2022-01-01 01:00:27] - 브랜드 연결 수 저장(all_brand_count)
[2022-01-01 01:00:27] - 카테고리 연결 수 저장(all_category_count)
[2022-01-01 01:00:27] - 빠른상품등록 임시 데이터 삭제(truncate_tmp_goods_data)
[2022-01-01 01:00:27] - 수불부 월별 집계(save_scm_ledger_month)
[2022-01-01 01:00:27] - 자동노출 종료상품 수동 전환(endOfAutoDisplay)
[2022-01-01 01:00:27] - 시간대별 이벤트가 추가(set_goods_event_price)
[2022-01-01 01:00:27] - 옵션 임시 데이터 삭제(delete_tmp_option_data)
[2022-01-01 01:00:27] - 티켓상품의 모든옵션의 유효기간이 만기시 판매중지(social_goods_validate)
[2022-01-02 01:00:25] - 카테고리 상품 정렬 맞춤(sort_category_goods) - Already Category Sort
[2022-01-02 01:00:25] - 브랜드 상품 정렬 맞춤(sort_brand_goods) - Already Brand Sort
[2022-01-02 01:00:25] - 지역 상품 정렬 맞춤(sort_location_goods) - Already Location Sort
[2022-01-02 01:00:25] - 지역 상품 정렬 맞춤(sort_location_goods)
[2022-01-02 01:00:25] - 브랜드 상품 정렬 맞춤(sort_brand_goods)
[2022-01-02 01:00:25] - 카테고리 상품 정렬 맞춤(sort_category_goods)
[2022-01-02 01:00:25] - 브랜드 연결 수 저장(all_brand_count)
[2022-01-02 01:00:25] - 카테고리 연결 수 저장(all_category_count)
[2022-01-02 01:00:25] - 빠른상품등록 임시 데이터 삭제(truncate_tmp_goods_data)
[2022-01-02 01:00:25] - 수불부 월별 집계(save_scm_ledger_month)
[2022-01-02 01:00:25] - 자동노출 종료상품 수동 전환(endOfAutoDisplay)
[2022-01-02 01:00:25] - 시간대별 이벤트가 추가(set_goods_event_price)
[2022-01-02 01:00:25] - 옵션 임시 데이터 삭제(delete_tmp_option_data)
[2022-01-02 01:00:25] - 티켓상품의 모든옵션의 유효기간이 만기시 판매중지(social_goods_validate)
[2022-01-03 01:00:32] - 카테고리 상품 정렬 맞춤(sort_category_goods) - Already Category Sort
[2022-01-03 01:00:32] - 브랜드 상품 정렬 맞춤(sort_brand_goods) - Already Brand Sort
[2022-01-03 01:00:32] - 지역 상품 정렬 맞춤(sort_location_goods) - Already Location Sort
[2022-01-03 01:00:32] - 지역 상품 정렬 맞춤(sort_location_goods)
[2022-01-03 01:00:32] - 브랜드 상품 정렬 맞춤(sort_brand_goods)
[2022-01-03 01:00:32] - 카테고리 상품 정렬 맞춤(sort_category_goods)
[2022-01-03 01:00:32] - 브랜드 연결 수 저장(all_brand_count)
[2022-01-03 01:00:32] - 카테고리 연결 수 저장(all_category_count)
[2022-01-03 01:00:32] - 빠른상품등록 임시 데이터 삭제(truncate_tmp_goods_data)
[2022-01-03 01:00:32] - 수불부 월별 집계(save_scm_ledger_month)
[2022-01-03 01:00:32] - 자동노출 종료상품 수동 전환(endOfAutoDisplay)
[2022-01-03 01:00:32] - 시간대별 이벤트가 추가(set_goods_event_price)
[2022-01-03 01:00:32] - 옵션 임시 데이터 삭제(delete_tmp_option_data)
[2022-01-03 01:00:32] - 티켓상품의 모든옵션의 유효기간이 만기시 판매중지(social_goods_validate)
[2022-01-04 01:00:26] - 카테고리 상품 정렬 맞춤(sort_category_goods) - Already Category Sort
[2022-01-04 01:00:26] - 브랜드 상품 정렬 맞춤(sort_brand_goods) - Already Brand Sort
[2022-01-04 01:00:26] - 지역 상품 정렬 맞춤(sort_location_goods) - Already Location Sort
[2022-01-04 01:00:26] - 지역 상품 정렬 맞춤(sort_location_goods)
[2022-01-04 01:00:26] - 브랜드 상품 정렬 맞춤(sort_brand_goods)
[2022-01-04 01:00:26] - 카테고리 상품 정렬 맞춤(sort_category_goods)
[2022-01-04 01:00:26] - 브랜드 연결 수 저장(all_brand_count)
[2022-01-04 01:00:26] - 카테고리 연결 수 저장(all_category_count)
[2022-01-04 01:00:26] - 빠른상품등록 임시 데이터 삭제(truncate_tmp_goods_data)
[2022-01-04 01:00:26] - 수불부 월별 집계(save_scm_ledger_month)
[2022-01-04 01:00:26] - 자동노출 종료상품 수동 전환(endOfAutoDisplay)
[2022-01-04 01:00:26] - 시간대별 이벤트가 추가(set_goods_event_price)
[2022-01-04 01:00:26] - 옵션 임시 데이터 삭제(delete_tmp_option_data)
[2022-01-04 01:00:26] - 티켓상품의 모든옵션의 유효기간이 만기시 판매중지(social_goods_validate)
[2022-01-05 01:00:25] - 카테고리 상품 정렬 맞춤(sort_category_goods) - Already Category Sort
[2022-01-05 01:00:25] - 브랜드 상품 정렬 맞춤(sort_brand_goods) - Already Brand Sort
[2022-01-05 01:00:25] - 지역 상품 정렬 맞춤(sort_location_goods) - Already Location Sort
[2022-01-05 01:00:25] - 지역 상품 정렬 맞춤(sort_location_goods)
[2022-01-05 01:00:25] - 브랜드 상품 정렬 맞춤(sort_brand_goods)
[2022-01-05 01:00:25] - 카테고리 상품 정렬 맞춤(sort_category_goods)
[2022-01-05 01:00:25] - 브랜드 연결 수 저장(all_brand_count)
[2022-01-05 01:00:25] - 카테고리 연결 수 저장(all_category_count)
[2022-01-05 01:00:25] - 빠른상품등록 임시 데이터 삭제(truncate_tmp_goods_data)
[2022-01-05 01:00:25] - 수불부 월별 집계(save_scm_ledger_month)
[2022-01-05 01:00:25] - 자동노출 종료상품 수동 전환(endOfAutoDisplay)
[2022-01-05 01:00:25] - 시간대별 이벤트가 추가(set_goods_event_price)
[2022-01-05 01:00:25] - 옵션 임시 데이터 삭제(delete_tmp_option_data)
[2022-01-05 01:00:25] - 티켓상품의 모든옵션의 유효기간이 만기시 판매중지(social_goods_validate)
[2022-01-06 01:00:27] - 카테고리 상품 정렬 맞춤(sort_category_goods) - Already Category Sort
[2022-01-06 01:00:27] - 브랜드 상품 정렬 맞춤(sort_brand_goods) - Already Brand Sort
[2022-01-06 01:00:27] - 지역 상품 정렬 맞춤(sort_location_goods) - Already Location Sort
[2022-01-06 01:00:27] - 지역 상품 정렬 맞춤(sort_location_goods)
[2022-01-06 01:00:27] - 브랜드 상품 정렬 맞춤(sort_brand_goods)
[2022-01-06 01:00:27] - 카테고리 상품 정렬 맞춤(sort_category_goods)
[2022-01-06 01:00:27] - 브랜드 연결 수 저장(all_brand_count)
[2022-01-06 01:00:27] - 카테고리 연결 수 저장(all_category_count)
[2022-01-06 01:00:27] - 빠른상품등록 임시 데이터 삭제(truncate_tmp_goods_data)
[2022-01-06 01:00:27] - 수불부 월별 집계(save_scm_ledger_month)
[2022-01-06 01:00:27] - 자동노출 종료상품 수동 전환(endOfAutoDisplay)
[2022-01-06 01:00:27] - 시간대별 이벤트가 추가(set_goods_event_price)
[2022-01-06 01:00:27] - 옵션 임시 데이터 삭제(delete_tmp_option_data)
[2022-01-06 01:00:27] - 티켓상품의 모든옵션의 유효기간이 만기시 판매중지(social_goods_validate)
[2022-01-07 01:00:28] - 카테고리 상품 정렬 맞춤(sort_category_goods) - Already Category Sort
[2022-01-07 01:00:28] - 브랜드 상품 정렬 맞춤(sort_brand_goods) - Already Brand Sort
[2022-01-07 01:00:28] - 지역 상품 정렬 맞춤(sort_location_goods) - Already Location Sort
[2022-01-07 01:00:28] - 지역 상품 정렬 맞춤(sort_location_goods)
[2022-01-07 01:00:28] - 브랜드 상품 정렬 맞춤(sort_brand_goods)
[2022-01-07 01:00:28] - 카테고리 상품 정렬 맞춤(sort_category_goods)
[2022-01-07 01:00:28] - 브랜드 연결 수 저장(all_brand_count)
[2022-01-07 01:00:28] - 카테고리 연결 수 저장(all_category_count)
[2022-01-07 01:00:28] - 빠른상품등록 임시 데이터 삭제(truncate_tmp_goods_data)
[2022-01-07 01:00:28] - 수불부 월별 집계(save_scm_ledger_month)
[2022-01-07 01:00:28] - 자동노출 종료상품 수동 전환(endOfAutoDisplay)
[2022-01-07 01:00:28] - 시간대별 이벤트가 추가(set_goods_event_price)
[2022-01-07 01:00:28] - 옵션 임시 데이터 삭제(delete_tmp_option_data)
[2022-01-07 01:00:28] - 티켓상품의 모든옵션의 유효기간이 만기시 판매중지(social_goods_validate)
[2022-01-08 01:00:30] - 카테고리 상품 정렬 맞춤(sort_category_goods) - Already Category Sort
[2022-01-08 01:00:30] - 브랜드 상품 정렬 맞춤(sort_brand_goods) - Already Brand Sort
[2022-01-08 01:00:30] - 지역 상품 정렬 맞춤(sort_location_goods) - Already Location Sort
[2022-01-08 01:00:30] - 지역 상품 정렬 맞춤(sort_location_goods)
[2022-01-08 01:00:30] - 브랜드 상품 정렬 맞춤(sort_brand_goods)
[2022-01-08 01:00:30] - 카테고리 상품 정렬 맞춤(sort_category_goods)
[2022-01-08 01:00:30] - 브랜드 연결 수 저장(all_brand_count)
[2022-01-08 01:00:30] - 카테고리 연결 수 저장(all_category_count)
[2022-01-08 01:00:30] - 빠른상품등록 임시 데이터 삭제(truncate_tmp_goods_data)
[2022-01-08 01:00:30] - 수불부 월별 집계(save_scm_ledger_month)
[2022-01-08 01:00:30] - 자동노출 종료상품 수동 전환(endOfAutoDisplay)
[2022-01-08 01:00:30] - 시간대별 이벤트가 추가(set_goods_event_price)
[2022-01-08 01:00:30] - 옵션 임시 데이터 삭제(delete_tmp_option_data)
[2022-01-08 01:00:30] - 티켓상품의 모든옵션의 유효기간이 만기시 판매중지(social_goods_validate)
[2022-01-09 01:00:27] - 카테고리 상품 정렬 맞춤(sort_category_goods) - Already Category Sort
[2022-01-09 01:00:27] - 브랜드 상품 정렬 맞춤(sort_brand_goods) - Already Brand Sort
[2022-01-09 01:00:27] - 지역 상품 정렬 맞춤(sort_location_goods) - Already Location Sort
[2022-01-09 01:00:27] - 지역 상품 정렬 맞춤(sort_location_goods)
[2022-01-09 01:00:27] - 브랜드 상품 정렬 맞춤(sort_brand_goods)
[2022-01-09 01:00:27] - 카테고리 상품 정렬 맞춤(sort_category_goods)
[2022-01-09 01:00:27] - 브랜드 연결 수 저장(all_brand_count)
[2022-01-09 01:00:27] - 카테고리 연결 수 저장(all_category_count)
[2022-01-09 01:00:27] - 빠른상품등록 임시 데이터 삭제(truncate_tmp_goods_data)
[2022-01-09 01:00:27] - 수불부 월별 집계(save_scm_ledger_month)
[2022-01-09 01:00:27] - 자동노출 종료상품 수동 전환(endOfAutoDisplay)
[2022-01-09 01:00:27] - 시간대별 이벤트가 추가(set_goods_event_price)
[2022-01-09 01:00:27] - 옵션 임시 데이터 삭제(delete_tmp_option_data)
[2022-01-09 01:00:27] - 티켓상품의 모든옵션의 유효기간이 만기시 판매중지(social_goods_validate)
[2022-01-10 01:00:32] - 카테고리 상품 정렬 맞춤(sort_category_goods) - Already Category Sort
[2022-01-10 01:00:32] - 브랜드 상품 정렬 맞춤(sort_brand_goods) - Already Brand Sort
[2022-01-10 01:00:32] - 지역 상품 정렬 맞춤(sort_location_goods) - Already Location Sort
[2022-01-10 01:00:32] - 지역 상품 정렬 맞춤(sort_location_goods)
[2022-01-10 01:00:32] - 브랜드 상품 정렬 맞춤(sort_brand_goods)
[2022-01-10 01:00:32] - 카테고리 상품 정렬 맞춤(sort_category_goods)
[2022-01-10 01:00:32] - 브랜드 연결 수 저장(all_brand_count)
[2022-01-10 01:00:32] - 카테고리 연결 수 저장(all_category_count)
[2022-01-10 01:00:32] - 빠른상품등록 임시 데이터 삭제(truncate_tmp_goods_data)
[2022-01-10 01:00:32] - 수불부 월별 집계(save_scm_ledger_month)
[2022-01-10 01:00:32] - 자동노출 종료상품 수동 전환(endOfAutoDisplay)
[2022-01-10 01:00:32] - 시간대별 이벤트가 추가(set_goods_event_price)
[2022-01-10 01:00:32] - 옵션 임시 데이터 삭제(delete_tmp_option_data)
[2022-01-10 01:00:32] - 티켓상품의 모든옵션의 유효기간이 만기시 판매중지(social_goods_validate)
[2022-01-11 01:00:30] - 카테고리 상품 정렬 맞춤(sort_category_goods) - Already Category Sort
[2022-01-11 01:00:30] - 브랜드 상품 정렬 맞춤(sort_brand_goods) - Already Brand Sort
[2022-01-11 01:00:30] - 지역 상품 정렬 맞춤(sort_location_goods) - Already Location Sort
[2022-01-11 01:00:30] - 지역 상품 정렬 맞춤(sort_location_goods)
[2022-01-11 01:00:30] - 브랜드 상품 정렬 맞춤(sort_brand_goods)
[2022-01-11 01:00:30] - 카테고리 상품 정렬 맞춤(sort_category_goods)
[2022-01-11 01:00:30] - 브랜드 연결 수 저장(all_brand_count)
[2022-01-11 01:00:30] - 카테고리 연결 수 저장(all_category_count)
[2022-01-11 01:00:30] - 빠른상품등록 임시 데이터 삭제(truncate_tmp_goods_data)
[2022-01-11 01:00:30] - 수불부 월별 집계(save_scm_ledger_month)
[2022-01-11 01:00:30] - 자동노출 종료상품 수동 전환(endOfAutoDisplay)
[2022-01-11 01:00:30] - 시간대별 이벤트가 추가(set_goods_event_price)
[2022-01-11 01:00:30] - 옵션 임시 데이터 삭제(delete_tmp_option_data)
[2022-01-11 01:00:30] - 티켓상품의 모든옵션의 유효기간이 만기시 판매중지(social_goods_validate)
[2022-01-12 01:00:30] - 카테고리 상품 정렬 맞춤(sort_category_goods) - Already Category Sort
[2022-01-12 01:00:30] - 브랜드 상품 정렬 맞춤(sort_brand_goods) - Already Brand Sort
[2022-01-12 01:00:30] - 지역 상품 정렬 맞춤(sort_location_goods) - Already Location Sort
[2022-01-12 01:00:30] - 지역 상품 정렬 맞춤(sort_location_goods)
[2022-01-12 01:00:30] - 브랜드 상품 정렬 맞춤(sort_brand_goods)
[2022-01-12 01:00:30] - 카테고리 상품 정렬 맞춤(sort_category_goods)
[2022-01-12 01:00:30] - 브랜드 연결 수 저장(all_brand_count)
[2022-01-12 01:00:30] - 카테고리 연결 수 저장(all_category_count)
[2022-01-12 01:00:30] - 빠른상품등록 임시 데이터 삭제(truncate_tmp_goods_data)
[2022-01-12 01:00:30] - 수불부 월별 집계(save_scm_ledger_month)
[2022-01-12 01:00:30] - 자동노출 종료상품 수동 전환(endOfAutoDisplay)
[2022-01-12 01:00:30] - 시간대별 이벤트가 추가(set_goods_event_price)
[2022-01-12 01:00:30] - 옵션 임시 데이터 삭제(delete_tmp_option_data)
[2022-01-12 01:00:30] - 티켓상품의 모든옵션의 유효기간이 만기시 판매중지(social_goods_validate)
[2022-01-13 01:00:28] - 카테고리 상품 정렬 맞춤(sort_category_goods) - Already Category Sort
[2022-01-13 01:00:28] - 브랜드 상품 정렬 맞춤(sort_brand_goods) - Already Brand Sort
[2022-01-13 01:00:28] - 지역 상품 정렬 맞춤(sort_location_goods) - Already Location Sort
[2022-01-13 01:00:28] - 지역 상품 정렬 맞춤(sort_location_goods)
[2022-01-13 01:00:28] - 브랜드 상품 정렬 맞춤(sort_brand_goods)
[2022-01-13 01:00:28] - 카테고리 상품 정렬 맞춤(sort_category_goods)
[2022-01-13 01:00:28] - 브랜드 연결 수 저장(all_brand_count)
[2022-01-13 01:00:28] - 카테고리 연결 수 저장(all_category_count)
[2022-01-13 01:00:28] - 빠른상품등록 임시 데이터 삭제(truncate_tmp_goods_data)
[2022-01-13 01:00:28] - 수불부 월별 집계(save_scm_ledger_month)
[2022-01-13 01:00:28] - 자동노출 종료상품 수동 전환(endOfAutoDisplay)
[2022-01-13 01:00:28] - 시간대별 이벤트가 추가(set_goods_event_price)
[2022-01-13 01:00:28] - 옵션 임시 데이터 삭제(delete_tmp_option_data)
[2022-01-13 01:00:28] - 티켓상품의 모든옵션의 유효기간이 만기시 판매중지(social_goods_validate)
[2022-01-14 01:00:28] - 카테고리 상품 정렬 맞춤(sort_category_goods) - Already Category Sort
[2022-01-14 01:00:28] - 브랜드 상품 정렬 맞춤(sort_brand_goods) - Already Brand Sort
[2022-01-14 01:00:28] - 지역 상품 정렬 맞춤(sort_location_goods) - Already Location Sort
[2022-01-14 01:00:28] - 지역 상품 정렬 맞춤(sort_location_goods)
[2022-01-14 01:00:28] - 브랜드 상품 정렬 맞춤(sort_brand_goods)
[2022-01-14 01:00:28] - 카테고리 상품 정렬 맞춤(sort_category_goods)
[2022-01-14 01:00:28] - 브랜드 연결 수 저장(all_brand_count)
[2022-01-14 01:00:28] - 카테고리 연결 수 저장(all_category_count)
[2022-01-14 01:00:28] - 빠른상품등록 임시 데이터 삭제(truncate_tmp_goods_data)
[2022-01-14 01:00:28] - 수불부 월별 집계(save_scm_ledger_month)
[2022-01-14 01:00:28] - 자동노출 종료상품 수동 전환(endOfAutoDisplay)
[2022-01-14 01:00:28] - 시간대별 이벤트가 추가(set_goods_event_price)
[2022-01-14 01:00:28] - 옵션 임시 데이터 삭제(delete_tmp_option_data)
[2022-01-14 01:00:28] - 티켓상품의 모든옵션의 유효기간이 만기시 판매중지(social_goods_validate)
[2022-01-15 01:00:34] - 카테고리 상품 정렬 맞춤(sort_category_goods) - Already Category Sort
[2022-01-15 01:00:34] - 브랜드 상품 정렬 맞춤(sort_brand_goods) - Already Brand Sort
[2022-01-15 01:00:34] - 지역 상품 정렬 맞춤(sort_location_goods) - Already Location Sort
[2022-01-15 01:00:34] - 지역 상품 정렬 맞춤(sort_location_goods)
[2022-01-15 01:00:34] - 브랜드 상품 정렬 맞춤(sort_brand_goods)
[2022-01-15 01:00:34] - 카테고리 상품 정렬 맞춤(sort_category_goods)
[2022-01-15 01:00:34] - 브랜드 연결 수 저장(all_brand_count)
[2022-01-15 01:00:34] - 카테고리 연결 수 저장(all_category_count)
[2022-01-15 01:00:34] - 빠른상품등록 임시 데이터 삭제(truncate_tmp_goods_data)
[2022-01-15 01:00:34] - 수불부 월별 집계(save_scm_ledger_month)
[2022-01-15 01:00:34] - 자동노출 종료상품 수동 전환(endOfAutoDisplay)
[2022-01-15 01:00:34] - 시간대별 이벤트가 추가(set_goods_event_price)
[2022-01-15 01:00:34] - 옵션 임시 데이터 삭제(delete_tmp_option_data)
[2022-01-15 01:00:34] - 티켓상품의 모든옵션의 유효기간이 만기시 판매중지(social_goods_validate)
[2022-01-16 01:00:26] - 카테고리 상품 정렬 맞춤(sort_category_goods) - Already Category Sort
[2022-01-16 01:00:26] - 브랜드 상품 정렬 맞춤(sort_brand_goods) - Already Brand Sort
[2022-01-16 01:00:26] - 지역 상품 정렬 맞춤(sort_location_goods) - Already Location Sort
[2022-01-16 01:00:26] - 지역 상품 정렬 맞춤(sort_location_goods)
[2022-01-16 01:00:26] - 브랜드 상품 정렬 맞춤(sort_brand_goods)
[2022-01-16 01:00:26] - 카테고리 상품 정렬 맞춤(sort_category_goods)
[2022-01-16 01:00:26] - 브랜드 연결 수 저장(all_brand_count)
[2022-01-16 01:00:26] - 카테고리 연결 수 저장(all_category_count)
[2022-01-16 01:00:26] - 빠른상품등록 임시 데이터 삭제(truncate_tmp_goods_data)
[2022-01-16 01:00:26] - 수불부 월별 집계(save_scm_ledger_month)
[2022-01-16 01:00:26] - 자동노출 종료상품 수동 전환(endOfAutoDisplay)
[2022-01-16 01:00:26] - 시간대별 이벤트가 추가(set_goods_event_price)
[2022-01-16 01:00:26] - 옵션 임시 데이터 삭제(delete_tmp_option_data)
[2022-01-16 01:00:26] - 티켓상품의 모든옵션의 유효기간이 만기시 판매중지(social_goods_validate)
[2022-01-17 01:00:33] - 카테고리 상품 정렬 맞춤(sort_category_goods) - Already Category Sort
[2022-01-17 01:00:33] - 브랜드 상품 정렬 맞춤(sort_brand_goods) - Already Brand Sort
[2022-01-17 01:00:33] - 지역 상품 정렬 맞춤(sort_location_goods) - Already Location Sort
[2022-01-17 01:00:33] - 지역 상품 정렬 맞춤(sort_location_goods)
[2022-01-17 01:00:33] - 브랜드 상품 정렬 맞춤(sort_brand_goods)
[2022-01-17 01:00:33] - 카테고리 상품 정렬 맞춤(sort_category_goods)
[2022-01-17 01:00:33] - 브랜드 연결 수 저장(all_brand_count)
[2022-01-17 01:00:33] - 카테고리 연결 수 저장(all_category_count)
[2022-01-17 01:00:33] - 빠른상품등록 임시 데이터 삭제(truncate_tmp_goods_data)
[2022-01-17 01:00:33] - 수불부 월별 집계(save_scm_ledger_month)
[2022-01-17 01:00:33] - 자동노출 종료상품 수동 전환(endOfAutoDisplay)
[2022-01-17 01:00:33] - 시간대별 이벤트가 추가(set_goods_event_price)
[2022-01-17 01:00:33] - 옵션 임시 데이터 삭제(delete_tmp_option_data)
[2022-01-17 01:00:33] - 티켓상품의 모든옵션의 유효기간이 만기시 판매중지(social_goods_validate)
[2022-01-18 01:00:28] - 카테고리 상품 정렬 맞춤(sort_category_goods) - Already Category Sort
[2022-01-18 01:00:28] - 브랜드 상품 정렬 맞춤(sort_brand_goods) - Already Brand Sort
[2022-01-18 01:00:28] - 지역 상품 정렬 맞춤(sort_location_goods) - Already Location Sort
[2022-01-18 01:00:28] - 지역 상품 정렬 맞춤(sort_location_goods)
[2022-01-18 01:00:28] - 브랜드 상품 정렬 맞춤(sort_brand_goods)
[2022-01-18 01:00:28] - 카테고리 상품 정렬 맞춤(sort_category_goods)
[2022-01-18 01:00:28] - 브랜드 연결 수 저장(all_brand_count)
[2022-01-18 01:00:28] - 카테고리 연결 수 저장(all_category_count)
[2022-01-18 01:00:28] - 빠른상품등록 임시 데이터 삭제(truncate_tmp_goods_data)
[2022-01-18 01:00:28] - 수불부 월별 집계(save_scm_ledger_month)
[2022-01-18 01:00:28] - 자동노출 종료상품 수동 전환(endOfAutoDisplay)
[2022-01-18 01:00:28] - 시간대별 이벤트가 추가(set_goods_event_price)
[2022-01-18 01:00:28] - 옵션 임시 데이터 삭제(delete_tmp_option_data)
[2022-01-18 01:00:28] - 티켓상품의 모든옵션의 유효기간이 만기시 판매중지(social_goods_validate)
[2022-01-19 01:00:28] - 카테고리 상품 정렬 맞춤(sort_category_goods) - Already Category Sort
[2022-01-19 01:00:28] - 브랜드 상품 정렬 맞춤(sort_brand_goods) - Already Brand Sort
[2022-01-19 01:00:28] - 지역 상품 정렬 맞춤(sort_location_goods) - Already Location Sort
[2022-01-19 01:00:28] - 지역 상품 정렬 맞춤(sort_location_goods)
[2022-01-19 01:00:28] - 브랜드 상품 정렬 맞춤(sort_brand_goods)
[2022-01-19 01:00:28] - 카테고리 상품 정렬 맞춤(sort_category_goods)
[2022-01-19 01:00:28] - 브랜드 연결 수 저장(all_brand_count)
[2022-01-19 01:00:28] - 카테고리 연결 수 저장(all_category_count)
[2022-01-19 01:00:28] - 빠른상품등록 임시 데이터 삭제(truncate_tmp_goods_data)
[2022-01-19 01:00:28] - 수불부 월별 집계(save_scm_ledger_month)
[2022-01-19 01:00:28] - 자동노출 종료상품 수동 전환(endOfAutoDisplay)
[2022-01-19 01:00:28] - 시간대별 이벤트가 추가(set_goods_event_price)
[2022-01-19 01:00:28] - 옵션 임시 데이터 삭제(delete_tmp_option_data)
[2022-01-19 01:00:28] - 티켓상품의 모든옵션의 유효기간이 만기시 판매중지(social_goods_validate)
[2022-01-20 01:00:26] - 카테고리 상품 정렬 맞춤(sort_category_goods) - Already Category Sort
[2022-01-20 01:00:26] - 브랜드 상품 정렬 맞춤(sort_brand_goods) - Already Brand Sort
[2022-01-20 01:00:26] - 지역 상품 정렬 맞춤(sort_location_goods) - Already Location Sort
[2022-01-20 01:00:26] - 지역 상품 정렬 맞춤(sort_location_goods)
[2022-01-20 01:00:26] - 브랜드 상품 정렬 맞춤(sort_brand_goods)
[2022-01-20 01:00:26] - 카테고리 상품 정렬 맞춤(sort_category_goods)
[2022-01-20 01:00:26] - 브랜드 연결 수 저장(all_brand_count)
[2022-01-20 01:00:26] - 카테고리 연결 수 저장(all_category_count)
[2022-01-20 01:00:26] - 빠른상품등록 임시 데이터 삭제(truncate_tmp_goods_data)
[2022-01-20 01:00:26] - 수불부 월별 집계(save_scm_ledger_month)
[2022-01-20 01:00:26] - 자동노출 종료상품 수동 전환(endOfAutoDisplay)
[2022-01-20 01:00:26] - 시간대별 이벤트가 추가(set_goods_event_price)
[2022-01-20 01:00:26] - 옵션 임시 데이터 삭제(delete_tmp_option_data)
[2022-01-20 01:00:26] - 티켓상품의 모든옵션의 유효기간이 만기시 판매중지(social_goods_validate)
[2022-01-21 01:00:28] - 카테고리 상품 정렬 맞춤(sort_category_goods) - Already Category Sort
[2022-01-21 01:00:28] - 브랜드 상품 정렬 맞춤(sort_brand_goods) - Already Brand Sort
[2022-01-21 01:00:28] - 지역 상품 정렬 맞춤(sort_location_goods) - Already Location Sort
[2022-01-21 01:00:28] - 지역 상품 정렬 맞춤(sort_location_goods)
[2022-01-21 01:00:28] - 브랜드 상품 정렬 맞춤(sort_brand_goods)
[2022-01-21 01:00:28] - 카테고리 상품 정렬 맞춤(sort_category_goods)
[2022-01-21 01:00:28] - 브랜드 연결 수 저장(all_brand_count)
[2022-01-21 01:00:28] - 카테고리 연결 수 저장(all_category_count)
[2022-01-21 01:00:28] - 빠른상품등록 임시 데이터 삭제(truncate_tmp_goods_data)
[2022-01-21 01:00:28] - 수불부 월별 집계(save_scm_ledger_month)
[2022-01-21 01:00:28] - 자동노출 종료상품 수동 전환(endOfAutoDisplay)
[2022-01-21 01:00:28] - 시간대별 이벤트가 추가(set_goods_event_price)
[2022-01-21 01:00:28] - 옵션 임시 데이터 삭제(delete_tmp_option_data)
[2022-01-21 01:00:28] - 티켓상품의 모든옵션의 유효기간이 만기시 판매중지(social_goods_validate)
[2022-01-22 01:00:27] - 카테고리 상품 정렬 맞춤(sort_category_goods) - Already Category Sort
[2022-01-22 01:00:27] - 브랜드 상품 정렬 맞춤(sort_brand_goods) - Already Brand Sort
[2022-01-22 01:00:27] - 지역 상품 정렬 맞춤(sort_location_goods) - Already Location Sort
[2022-01-22 01:00:27] - 지역 상품 정렬 맞춤(sort_location_goods)
[2022-01-22 01:00:27] - 브랜드 상품 정렬 맞춤(sort_brand_goods)
[2022-01-22 01:00:27] - 카테고리 상품 정렬 맞춤(sort_category_goods)
[2022-01-22 01:00:27] - 브랜드 연결 수 저장(all_brand_count)
[2022-01-22 01:00:27] - 카테고리 연결 수 저장(all_category_count)
[2022-01-22 01:00:27] - 빠른상품등록 임시 데이터 삭제(truncate_tmp_goods_data)
[2022-01-22 01:00:27] - 수불부 월별 집계(save_scm_ledger_month)
[2022-01-22 01:00:27] - 자동노출 종료상품 수동 전환(endOfAutoDisplay)
[2022-01-22 01:00:27] - 시간대별 이벤트가 추가(set_goods_event_price)
[2022-01-22 01:00:27] - 옵션 임시 데이터 삭제(delete_tmp_option_data)
[2022-01-22 01:00:27] - 티켓상품의 모든옵션의 유효기간이 만기시 판매중지(social_goods_validate)
[2022-01-23 01:00:28] - 카테고리 상품 정렬 맞춤(sort_category_goods) - Already Category Sort
[2022-01-23 01:00:28] - 브랜드 상품 정렬 맞춤(sort_brand_goods) - Already Brand Sort
[2022-01-23 01:00:28] - 지역 상품 정렬 맞춤(sort_location_goods) - Already Location Sort
[2022-01-23 01:00:28] - 지역 상품 정렬 맞춤(sort_location_goods)
[2022-01-23 01:00:28] - 브랜드 상품 정렬 맞춤(sort_brand_goods)
[2022-01-23 01:00:28] - 카테고리 상품 정렬 맞춤(sort_category_goods)
[2022-01-23 01:00:28] - 브랜드 연결 수 저장(all_brand_count)
[2022-01-23 01:00:28] - 카테고리 연결 수 저장(all_category_count)
[2022-01-23 01:00:28] - 빠른상품등록 임시 데이터 삭제(truncate_tmp_goods_data)
[2022-01-23 01:00:28] - 수불부 월별 집계(save_scm_ledger_month)
[2022-01-23 01:00:28] - 자동노출 종료상품 수동 전환(endOfAutoDisplay)
[2022-01-23 01:00:28] - 시간대별 이벤트가 추가(set_goods_event_price)
[2022-01-23 01:00:28] - 옵션 임시 데이터 삭제(delete_tmp_option_data)
[2022-01-23 01:00:28] - 티켓상품의 모든옵션의 유효기간이 만기시 판매중지(social_goods_validate)
[2022-01-24 01:00:35] - 카테고리 상품 정렬 맞춤(sort_category_goods) - Already Category Sort
[2022-01-24 01:00:35] - 브랜드 상품 정렬 맞춤(sort_brand_goods) - Already Brand Sort
[2022-01-24 01:00:35] - 지역 상품 정렬 맞춤(sort_location_goods) - Already Location Sort
[2022-01-24 01:00:35] - 지역 상품 정렬 맞춤(sort_location_goods)
[2022-01-24 01:00:35] - 브랜드 상품 정렬 맞춤(sort_brand_goods)
[2022-01-24 01:00:35] - 카테고리 상품 정렬 맞춤(sort_category_goods)
[2022-01-24 01:00:35] - 브랜드 연결 수 저장(all_brand_count)
[2022-01-24 01:00:35] - 카테고리 연결 수 저장(all_category_count)
[2022-01-24 01:00:35] - 빠른상품등록 임시 데이터 삭제(truncate_tmp_goods_data)
[2022-01-24 01:00:35] - 수불부 월별 집계(save_scm_ledger_month)
[2022-01-24 01:00:35] - 자동노출 종료상품 수동 전환(endOfAutoDisplay)
[2022-01-24 01:00:35] - 시간대별 이벤트가 추가(set_goods_event_price)
[2022-01-24 01:00:35] - 옵션 임시 데이터 삭제(delete_tmp_option_data)
[2022-01-24 01:00:35] - 티켓상품의 모든옵션의 유효기간이 만기시 판매중지(social_goods_validate)
[2022-01-25 01:00:27] - 카테고리 상품 정렬 맞춤(sort_category_goods) - Already Category Sort
[2022-01-25 01:00:27] - 브랜드 상품 정렬 맞춤(sort_brand_goods) - Already Brand Sort
[2022-01-25 01:00:27] - 지역 상품 정렬 맞춤(sort_location_goods) - Already Location Sort
[2022-01-25 01:00:27] - 지역 상품 정렬 맞춤(sort_location_goods)
[2022-01-25 01:00:27] - 브랜드 상품 정렬 맞춤(sort_brand_goods)
[2022-01-25 01:00:27] - 카테고리 상품 정렬 맞춤(sort_category_goods)
[2022-01-25 01:00:27] - 브랜드 연결 수 저장(all_brand_count)
[2022-01-25 01:00:27] - 카테고리 연결 수 저장(all_category_count)
[2022-01-25 01:00:27] - 빠른상품등록 임시 데이터 삭제(truncate_tmp_goods_data)
[2022-01-25 01:00:27] - 수불부 월별 집계(save_scm_ledger_month)
[2022-01-25 01:00:27] - 자동노출 종료상품 수동 전환(endOfAutoDisplay)
[2022-01-25 01:00:27] - 시간대별 이벤트가 추가(set_goods_event_price)
[2022-01-25 01:00:27] - 옵션 임시 데이터 삭제(delete_tmp_option_data)
[2022-01-25 01:00:27] - 티켓상품의 모든옵션의 유효기간이 만기시 판매중지(social_goods_validate)
[2022-01-26 01:00:30] - 카테고리 상품 정렬 맞춤(sort_category_goods) - Already Category Sort
[2022-01-26 01:00:30] - 브랜드 상품 정렬 맞춤(sort_brand_goods) - Already Brand Sort
[2022-01-26 01:00:30] - 지역 상품 정렬 맞춤(sort_location_goods) - Already Location Sort
[2022-01-26 01:00:30] - 지역 상품 정렬 맞춤(sort_location_goods)
[2022-01-26 01:00:30] - 브랜드 상품 정렬 맞춤(sort_brand_goods)
[2022-01-26 01:00:30] - 카테고리 상품 정렬 맞춤(sort_category_goods)
[2022-01-26 01:00:30] - 브랜드 연결 수 저장(all_brand_count)
[2022-01-26 01:00:30] - 카테고리 연결 수 저장(all_category_count)
[2022-01-26 01:00:30] - 빠른상품등록 임시 데이터 삭제(truncate_tmp_goods_data)
[2022-01-26 01:00:30] - 수불부 월별 집계(save_scm_ledger_month)
[2022-01-26 01:00:30] - 자동노출 종료상품 수동 전환(endOfAutoDisplay)
[2022-01-26 01:00:30] - 시간대별 이벤트가 추가(set_goods_event_price)
[2022-01-26 01:00:30] - 옵션 임시 데이터 삭제(delete_tmp_option_data)
[2022-01-26 01:00:30] - 티켓상품의 모든옵션의 유효기간이 만기시 판매중지(social_goods_validate)
[2022-01-27 01:00:29] - 카테고리 상품 정렬 맞춤(sort_category_goods) - Already Category Sort
[2022-01-27 01:00:29] - 브랜드 상품 정렬 맞춤(sort_brand_goods) - Already Brand Sort
[2022-01-27 01:00:29] - 지역 상품 정렬 맞춤(sort_location_goods) - Already Location Sort
[2022-01-27 01:00:29] - 지역 상품 정렬 맞춤(sort_location_goods)
[2022-01-27 01:00:29] - 브랜드 상품 정렬 맞춤(sort_brand_goods)
[2022-01-27 01:00:29] - 카테고리 상품 정렬 맞춤(sort_category_goods)
[2022-01-27 01:00:29] - 브랜드 연결 수 저장(all_brand_count)
[2022-01-27 01:00:29] - 카테고리 연결 수 저장(all_category_count)
[2022-01-27 01:00:29] - 빠른상품등록 임시 데이터 삭제(truncate_tmp_goods_data)
[2022-01-27 01:00:29] - 수불부 월별 집계(save_scm_ledger_month)
[2022-01-27 01:00:29] - 자동노출 종료상품 수동 전환(endOfAutoDisplay)
[2022-01-27 01:00:29] - 시간대별 이벤트가 추가(set_goods_event_price)
[2022-01-27 01:00:29] - 옵션 임시 데이터 삭제(delete_tmp_option_data)
[2022-01-27 01:00:29] - 티켓상품의 모든옵션의 유효기간이 만기시 판매중지(social_goods_validate)
[2022-01-28 01:00:36] - 카테고리 상품 정렬 맞춤(sort_category_goods) - Already Category Sort
[2022-01-28 01:00:36] - 브랜드 상품 정렬 맞춤(sort_brand_goods) - Already Brand Sort
[2022-01-28 01:00:36] - 지역 상품 정렬 맞춤(sort_location_goods) - Already Location Sort
[2022-01-28 01:00:36] - 지역 상품 정렬 맞춤(sort_location_goods)
[2022-01-28 01:00:36] - 브랜드 상품 정렬 맞춤(sort_brand_goods)
[2022-01-28 01:00:36] - 카테고리 상품 정렬 맞춤(sort_category_goods)
[2022-01-28 01:00:36] - 브랜드 연결 수 저장(all_brand_count)
[2022-01-28 01:00:36] - 카테고리 연결 수 저장(all_category_count)
[2022-01-28 01:00:36] - 빠른상품등록 임시 데이터 삭제(truncate_tmp_goods_data)
[2022-01-28 01:00:36] - 수불부 월별 집계(save_scm_ledger_month)
[2022-01-28 01:00:36] - 자동노출 종료상품 수동 전환(endOfAutoDisplay)
[2022-01-28 01:00:36] - 시간대별 이벤트가 추가(set_goods_event_price)
[2022-01-28 01:00:36] - 옵션 임시 데이터 삭제(delete_tmp_option_data)
[2022-01-28 01:00:36] - 티켓상품의 모든옵션의 유효기간이 만기시 판매중지(social_goods_validate)
[2022-01-29 01:00:29] - 카테고리 상품 정렬 맞춤(sort_category_goods) - Already Category Sort
[2022-01-29 01:00:29] - 브랜드 상품 정렬 맞춤(sort_brand_goods) - Already Brand Sort
[2022-01-29 01:00:29] - 지역 상품 정렬 맞춤(sort_location_goods) - Already Location Sort
[2022-01-29 01:00:29] - 지역 상품 정렬 맞춤(sort_location_goods)
[2022-01-29 01:00:29] - 브랜드 상품 정렬 맞춤(sort_brand_goods)
[2022-01-29 01:00:29] - 카테고리 상품 정렬 맞춤(sort_category_goods)
[2022-01-29 01:00:29] - 브랜드 연결 수 저장(all_brand_count)
[2022-01-29 01:00:29] - 카테고리 연결 수 저장(all_category_count)
[2022-01-29 01:00:29] - 빠른상품등록 임시 데이터 삭제(truncate_tmp_goods_data)
[2022-01-29 01:00:29] - 수불부 월별 집계(save_scm_ledger_month)
[2022-01-29 01:00:29] - 자동노출 종료상품 수동 전환(endOfAutoDisplay)
[2022-01-29 01:00:29] - 시간대별 이벤트가 추가(set_goods_event_price)
[2022-01-29 01:00:29] - 옵션 임시 데이터 삭제(delete_tmp_option_data)
[2022-01-29 01:00:29] - 티켓상품의 모든옵션의 유효기간이 만기시 판매중지(social_goods_validate)
[2022-01-30 01:00:29] - 카테고리 상품 정렬 맞춤(sort_category_goods) - Already Category Sort
[2022-01-30 01:00:29] - 브랜드 상품 정렬 맞춤(sort_brand_goods) - Already Brand Sort
[2022-01-30 01:00:29] - 지역 상품 정렬 맞춤(sort_location_goods) - Already Location Sort
[2022-01-30 01:00:29] - 지역 상품 정렬 맞춤(sort_location_goods)
[2022-01-30 01:00:29] - 브랜드 상품 정렬 맞춤(sort_brand_goods)
[2022-01-30 01:00:29] - 카테고리 상품 정렬 맞춤(sort_category_goods)
[2022-01-30 01:00:29] - 브랜드 연결 수 저장(all_brand_count)
[2022-01-30 01:00:29] - 카테고리 연결 수 저장(all_category_count)
[2022-01-30 01:00:29] - 빠른상품등록 임시 데이터 삭제(truncate_tmp_goods_data)
[2022-01-30 01:00:29] - 수불부 월별 집계(save_scm_ledger_month)
[2022-01-30 01:00:29] - 자동노출 종료상품 수동 전환(endOfAutoDisplay)
[2022-01-30 01:00:29] - 시간대별 이벤트가 추가(set_goods_event_price)
[2022-01-30 01:00:29] - 옵션 임시 데이터 삭제(delete_tmp_option_data)
[2022-01-30 01:00:29] - 티켓상품의 모든옵션의 유효기간이 만기시 판매중지(social_goods_validate)
[2022-01-31 01:00:33] - 카테고리 상품 정렬 맞춤(sort_category_goods) - Already Category Sort
[2022-01-31 01:00:33] - 브랜드 상품 정렬 맞춤(sort_brand_goods) - Already Brand Sort
[2022-01-31 01:00:33] - 지역 상품 정렬 맞춤(sort_location_goods) - Already Location Sort
[2022-01-31 01:00:33] - 지역 상품 정렬 맞춤(sort_location_goods)
[2022-01-31 01:00:33] - 브랜드 상품 정렬 맞춤(sort_brand_goods)
[2022-01-31 01:00:33] - 카테고리 상품 정렬 맞춤(sort_category_goods)
[2022-01-31 01:00:33] - 브랜드 연결 수 저장(all_brand_count)
[2022-01-31 01:00:33] - 카테고리 연결 수 저장(all_category_count)
[2022-01-31 01:00:33] - 빠른상품등록 임시 데이터 삭제(truncate_tmp_goods_data)
[2022-01-31 01:00:33] - 수불부 월별 집계(save_scm_ledger_month)
[2022-01-31 01:00:33] - 자동노출 종료상품 수동 전환(endOfAutoDisplay)
[2022-01-31 01:00:33] - 시간대별 이벤트가 추가(set_goods_event_price)
[2022-01-31 01:00:33] - 옵션 임시 데이터 삭제(delete_tmp_option_data)
[2022-01-31 01:00:33] - 티켓상품의 모든옵션의 유효기간이 만기시 판매중지(social_goods_validate)
