[2021-02-01 01:00:18] - 티켓 상품 자동 배송 완료(batch_social_goods_confirm) - batch_social_goods_confirm  no data
[2021-02-01 01:00:18] - 미입금 통보 확인(deposit_request)
[2021-02-01 01:00:18] - 굿스플로 배송정보(receiveTrackingResults) - OK
[2021-02-01 01:00:18] - 티켓 상품 자동 배송 완료(batch_social_goods_confirm)
[2021-02-01 01:00:18] - 자동 구매 확정(batch_buy_confirm)
[2021-02-01 01:00:18] - 자동 주문 취소(order_cancel)
[2021-02-02 01:00:18] - 티켓 상품 자동 배송 완료(batch_social_goods_confirm) - batch_social_goods_confirm  no data
[2021-02-02 01:00:18] - 미입금 통보 확인(deposit_request)
[2021-02-02 01:00:18] - 굿스플로 배송정보(receiveTrackingResults) - OK
[2021-02-02 01:00:18] - 티켓 상품 자동 배송 완료(batch_social_goods_confirm)
[2021-02-02 01:00:18] - 자동 구매 확정(batch_buy_confirm)
[2021-02-02 01:00:18] - 자동 주문 취소(order_cancel)
[2021-02-03 01:00:18] - 티켓 상품 자동 배송 완료(batch_social_goods_confirm) - batch_social_goods_confirm  no data
[2021-02-03 01:00:18] - 미입금 통보 확인(deposit_request)
[2021-02-03 01:00:18] - 굿스플로 배송정보(receiveTrackingResults) - OK
[2021-02-03 01:00:18] - 티켓 상품 자동 배송 완료(batch_social_goods_confirm)
[2021-02-03 01:00:18] - 자동 구매 확정(batch_buy_confirm)
[2021-02-03 01:00:18] - 자동 주문 취소(order_cancel)
[2021-02-04 01:00:16] - 티켓 상품 자동 배송 완료(batch_social_goods_confirm) - batch_social_goods_confirm  no data
[2021-02-04 01:00:16] - 미입금 통보 확인(deposit_request)
[2021-02-04 01:00:16] - 굿스플로 배송정보(receiveTrackingResults) - OK
[2021-02-04 01:00:16] - 티켓 상품 자동 배송 완료(batch_social_goods_confirm)
[2021-02-04 01:00:16] - 자동 구매 확정(batch_buy_confirm)
[2021-02-04 01:00:16] - 자동 주문 취소(order_cancel)
[2021-02-05 01:00:16] - 티켓 상품 자동 배송 완료(batch_social_goods_confirm) - batch_social_goods_confirm  no data
[2021-02-05 01:00:16] - 미입금 통보 확인(deposit_request)
[2021-02-05 01:00:16] - 굿스플로 배송정보(receiveTrackingResults) - OK
[2021-02-05 01:00:16] - 티켓 상품 자동 배송 완료(batch_social_goods_confirm)
[2021-02-05 01:00:16] - 자동 구매 확정(batch_buy_confirm)
[2021-02-05 01:00:16] - 자동 주문 취소(order_cancel)
[2021-02-06 01:00:15] - 티켓 상품 자동 배송 완료(batch_social_goods_confirm) - batch_social_goods_confirm  no data
[2021-02-06 01:00:15] - 미입금 통보 확인(deposit_request)
[2021-02-06 01:00:15] - 굿스플로 배송정보(receiveTrackingResults) - OK
[2021-02-06 01:00:15] - 티켓 상품 자동 배송 완료(batch_social_goods_confirm)
[2021-02-06 01:00:15] - 자동 구매 확정(batch_buy_confirm)
[2021-02-06 01:00:15] - 자동 주문 취소(order_cancel)
[2021-02-07 01:00:16] - 티켓 상품 자동 배송 완료(batch_social_goods_confirm) - batch_social_goods_confirm  no data
[2021-02-07 01:00:16] - 미입금 통보 확인(deposit_request)
[2021-02-07 01:00:16] - 굿스플로 배송정보(receiveTrackingResults) - OK
[2021-02-07 01:00:16] - 티켓 상품 자동 배송 완료(batch_social_goods_confirm)
[2021-02-07 01:00:16] - 자동 구매 확정(batch_buy_confirm)
[2021-02-07 01:00:16] - 자동 주문 취소(order_cancel)
[2021-02-08 01:00:16] - 티켓 상품 자동 배송 완료(batch_social_goods_confirm) - batch_social_goods_confirm  no data
[2021-02-08 01:00:16] - 미입금 통보 확인(deposit_request)
[2021-02-08 01:00:16] - 굿스플로 배송정보(receiveTrackingResults) - OK
[2021-02-08 01:00:16] - 티켓 상품 자동 배송 완료(batch_social_goods_confirm)
[2021-02-08 01:00:16] - 자동 구매 확정(batch_buy_confirm)
[2021-02-08 01:00:16] - 자동 주문 취소(order_cancel)
[2021-02-09 01:00:14] - 티켓 상품 자동 배송 완료(batch_social_goods_confirm) - batch_social_goods_confirm  no data
[2021-02-09 01:00:14] - 미입금 통보 확인(deposit_request)
[2021-02-09 01:00:14] - 굿스플로 배송정보(receiveTrackingResults) - OK
[2021-02-09 01:00:14] - 티켓 상품 자동 배송 완료(batch_social_goods_confirm)
[2021-02-09 01:00:14] - 자동 구매 확정(batch_buy_confirm)
[2021-02-09 01:00:14] - 자동 주문 취소(order_cancel)
[2021-02-10 01:00:17] - 티켓 상품 자동 배송 완료(batch_social_goods_confirm) - batch_social_goods_confirm  no data
[2021-02-10 01:00:17] - 미입금 통보 확인(deposit_request)
[2021-02-10 01:00:17] - 굿스플로 배송정보(receiveTrackingResults) - OK
[2021-02-10 01:00:17] - 티켓 상품 자동 배송 완료(batch_social_goods_confirm)
[2021-02-10 01:00:17] - 자동 구매 확정(batch_buy_confirm)
[2021-02-10 01:00:17] - 자동 주문 취소(order_cancel)
[2021-02-11 01:00:17] - 티켓 상품 자동 배송 완료(batch_social_goods_confirm) - batch_social_goods_confirm  no data
[2021-02-11 01:00:17] - 미입금 통보 확인(deposit_request)
[2021-02-11 01:00:17] - 굿스플로 배송정보(receiveTrackingResults) - OK
[2021-02-11 01:00:17] - 티켓 상품 자동 배송 완료(batch_social_goods_confirm)
[2021-02-11 01:00:17] - 자동 구매 확정(batch_buy_confirm)
[2021-02-11 01:00:17] - 자동 주문 취소(order_cancel)
[2021-02-12 01:00:16] - 티켓 상품 자동 배송 완료(batch_social_goods_confirm) - batch_social_goods_confirm  no data
[2021-02-12 01:00:16] - 미입금 통보 확인(deposit_request)
[2021-02-12 01:00:16] - 굿스플로 배송정보(receiveTrackingResults) - OK
[2021-02-12 01:00:16] - 티켓 상품 자동 배송 완료(batch_social_goods_confirm)
[2021-02-12 01:00:16] - 자동 구매 확정(batch_buy_confirm)
[2021-02-12 01:00:16] - 자동 주문 취소(order_cancel)
[2021-02-13 01:00:15] - 티켓 상품 자동 배송 완료(batch_social_goods_confirm) - batch_social_goods_confirm  no data
[2021-02-13 01:00:15] - 미입금 통보 확인(deposit_request)
[2021-02-13 01:00:15] - 굿스플로 배송정보(receiveTrackingResults) - OK
[2021-02-13 01:00:15] - 티켓 상품 자동 배송 완료(batch_social_goods_confirm)
[2021-02-13 01:00:15] - 자동 구매 확정(batch_buy_confirm)
[2021-02-13 01:00:15] - 자동 주문 취소(order_cancel)
[2021-02-14 01:00:16] - 티켓 상품 자동 배송 완료(batch_social_goods_confirm) - batch_social_goods_confirm  no data
[2021-02-14 01:00:16] - 미입금 통보 확인(deposit_request)
[2021-02-14 01:00:16] - 굿스플로 배송정보(receiveTrackingResults) - OK
[2021-02-14 01:00:16] - 티켓 상품 자동 배송 완료(batch_social_goods_confirm)
[2021-02-14 01:00:16] - 자동 구매 확정(batch_buy_confirm)
[2021-02-14 01:00:16] - 자동 주문 취소(order_cancel)
[2021-02-15 01:00:17] - 티켓 상품 자동 배송 완료(batch_social_goods_confirm) - batch_social_goods_confirm  no data
[2021-02-15 01:00:17] - 미입금 통보 확인(deposit_request)
[2021-02-15 01:00:17] - 굿스플로 배송정보(receiveTrackingResults) - OK
[2021-02-15 01:00:17] - 티켓 상품 자동 배송 완료(batch_social_goods_confirm)
[2021-02-15 01:00:17] - 자동 구매 확정(batch_buy_confirm)
[2021-02-15 01:00:17] - 자동 주문 취소(order_cancel)
[2021-02-16 01:00:16] - 티켓 상품 자동 배송 완료(batch_social_goods_confirm) - batch_social_goods_confirm  no data
[2021-02-16 01:00:16] - 미입금 통보 확인(deposit_request)
[2021-02-16 01:00:16] - 굿스플로 배송정보(receiveTrackingResults) - OK
[2021-02-16 01:00:16] - 티켓 상품 자동 배송 완료(batch_social_goods_confirm)
[2021-02-16 01:00:16] - 자동 구매 확정(batch_buy_confirm)
[2021-02-16 01:00:16] - 자동 주문 취소(order_cancel)
[2021-02-17 01:00:15] - 티켓 상품 자동 배송 완료(batch_social_goods_confirm) - batch_social_goods_confirm  no data
[2021-02-17 01:00:15] - 미입금 통보 확인(deposit_request)
[2021-02-17 01:00:15] - 굿스플로 배송정보(receiveTrackingResults) - OK
[2021-02-17 01:00:15] - 티켓 상품 자동 배송 완료(batch_social_goods_confirm)
[2021-02-17 01:00:15] - 자동 구매 확정(batch_buy_confirm)
[2021-02-17 01:00:15] - 자동 주문 취소(order_cancel)
[2021-02-18 01:00:16] - 티켓 상품 자동 배송 완료(batch_social_goods_confirm) - batch_social_goods_confirm  no data
[2021-02-18 01:00:16] - 미입금 통보 확인(deposit_request)
[2021-02-18 01:00:16] - 굿스플로 배송정보(receiveTrackingResults) - OK
[2021-02-18 01:00:16] - 티켓 상품 자동 배송 완료(batch_social_goods_confirm)
[2021-02-18 01:00:16] - 자동 구매 확정(batch_buy_confirm)
[2021-02-18 01:00:16] - 자동 주문 취소(order_cancel)
[2021-02-19 01:00:17] - 티켓 상품 자동 배송 완료(batch_social_goods_confirm) - batch_social_goods_confirm  no data
[2021-02-19 01:00:17] - 미입금 통보 확인(deposit_request)
[2021-02-19 01:00:17] - 굿스플로 배송정보(receiveTrackingResults) - OK
[2021-02-19 01:00:17] - 티켓 상품 자동 배송 완료(batch_social_goods_confirm)
[2021-02-19 01:00:17] - 자동 구매 확정(batch_buy_confirm)
[2021-02-19 01:00:17] - 자동 주문 취소(order_cancel)
[2021-02-20 01:00:17] - 티켓 상품 자동 배송 완료(batch_social_goods_confirm) - batch_social_goods_confirm  no data
[2021-02-20 01:00:17] - 미입금 통보 확인(deposit_request)
[2021-02-20 01:00:17] - 굿스플로 배송정보(receiveTrackingResults) - OK
[2021-02-20 01:00:17] - 티켓 상품 자동 배송 완료(batch_social_goods_confirm)
[2021-02-20 01:00:17] - 자동 구매 확정(batch_buy_confirm)
[2021-02-20 01:00:17] - 자동 주문 취소(order_cancel)
[2021-02-21 01:00:17] - 티켓 상품 자동 배송 완료(batch_social_goods_confirm) - batch_social_goods_confirm  no data
[2021-02-21 01:00:17] - 미입금 통보 확인(deposit_request)
[2021-02-21 01:00:17] - 굿스플로 배송정보(receiveTrackingResults) - OK
[2021-02-21 01:00:17] - 티켓 상품 자동 배송 완료(batch_social_goods_confirm)
[2021-02-21 01:00:17] - 자동 구매 확정(batch_buy_confirm)
[2021-02-21 01:00:17] - 자동 주문 취소(order_cancel)
[2021-02-22 01:00:16] - 티켓 상품 자동 배송 완료(batch_social_goods_confirm) - batch_social_goods_confirm  no data
[2021-02-22 01:00:16] - 미입금 통보 확인(deposit_request)
[2021-02-22 01:00:16] - 굿스플로 배송정보(receiveTrackingResults) - OK
[2021-02-22 01:00:16] - 티켓 상품 자동 배송 완료(batch_social_goods_confirm)
[2021-02-22 01:00:16] - 자동 구매 확정(batch_buy_confirm)
[2021-02-22 01:00:16] - 자동 주문 취소(order_cancel)
[2021-02-23 01:00:16] - 티켓 상품 자동 배송 완료(batch_social_goods_confirm) - batch_social_goods_confirm  no data
[2021-02-23 01:00:16] - 미입금 통보 확인(deposit_request)
[2021-02-23 01:00:16] - 굿스플로 배송정보(receiveTrackingResults) - OK
[2021-02-23 01:00:16] - 티켓 상품 자동 배송 완료(batch_social_goods_confirm)
[2021-02-23 01:00:16] - 자동 구매 확정(batch_buy_confirm)
[2021-02-23 01:00:16] - 자동 주문 취소(order_cancel)
[2021-02-24 01:00:17] - 티켓 상품 자동 배송 완료(batch_social_goods_confirm) - batch_social_goods_confirm  no data
[2021-02-24 01:00:17] - 미입금 통보 확인(deposit_request)
[2021-02-24 01:00:17] - 굿스플로 배송정보(receiveTrackingResults) - OK
[2021-02-24 01:00:17] - 티켓 상품 자동 배송 완료(batch_social_goods_confirm)
[2021-02-24 01:00:17] - 자동 구매 확정(batch_buy_confirm)
[2021-02-24 01:00:17] - 자동 주문 취소(order_cancel)
[2021-02-25 01:00:17] - 티켓 상품 자동 배송 완료(batch_social_goods_confirm) - batch_social_goods_confirm  no data
[2021-02-25 01:00:17] - 미입금 통보 확인(deposit_request)
[2021-02-25 01:00:17] - 굿스플로 배송정보(receiveTrackingResults) - OK
[2021-02-25 01:00:17] - 티켓 상품 자동 배송 완료(batch_social_goods_confirm)
[2021-02-25 01:00:17] - 자동 구매 확정(batch_buy_confirm)
[2021-02-25 01:00:17] - 자동 주문 취소(order_cancel)
[2021-02-26 01:00:17] - 티켓 상품 자동 배송 완료(batch_social_goods_confirm) - batch_social_goods_confirm  no data
[2021-02-26 01:00:17] - 미입금 통보 확인(deposit_request)
[2021-02-26 01:00:17] - 굿스플로 배송정보(receiveTrackingResults) - OK
[2021-02-26 01:00:17] - 티켓 상품 자동 배송 완료(batch_social_goods_confirm)
[2021-02-26 01:00:17] - 자동 구매 확정(batch_buy_confirm)
[2021-02-26 01:00:17] - 자동 주문 취소(order_cancel)
[2021-02-27 01:00:18] - 티켓 상품 자동 배송 완료(batch_social_goods_confirm) - batch_social_goods_confirm  no data
[2021-02-27 01:00:18] - 미입금 통보 확인(deposit_request)
[2021-02-27 01:00:18] - 굿스플로 배송정보(receiveTrackingResults) - OK
[2021-02-27 01:00:18] - 티켓 상품 자동 배송 완료(batch_social_goods_confirm)
[2021-02-27 01:00:18] - 자동 구매 확정(batch_buy_confirm)
[2021-02-27 01:00:18] - 자동 주문 취소(order_cancel)
[2021-02-28 01:00:17] - 티켓 상품 자동 배송 완료(batch_social_goods_confirm) - batch_social_goods_confirm  no data
[2021-02-28 01:00:17] - 미입금 통보 확인(deposit_request)
[2021-02-28 01:00:17] - 굿스플로 배송정보(receiveTrackingResults) - OK
[2021-02-28 01:00:17] - 티켓 상품 자동 배송 완료(batch_social_goods_confirm)
[2021-02-28 01:00:17] - 자동 구매 확정(batch_buy_confirm)
[2021-02-28 01:00:17] - 자동 주문 취소(order_cancel)
