[2021-04-01 01:00:37] - 만료 할인쿠폰 알림(remind_coupon) - Err(Today is not monday)
[2021-04-01 01:00:39] - 기념일 축하 안내(remind_anniversary)
[2021-04-01 01:00:39] - 생일 축하 안내(remind_birthday)
[2021-04-01 01:00:39] - 상품 리뷰 작성 안내(remind_review)
[2021-04-01 01:00:39] - 타임세일 종료 상품 안내(remind_timesale)
[2021-04-01 01:00:39] - 회원등급 혜택 안내(remind_membership)
[2021-04-01 01:00:39] - 장바구니/위시리스트 상품 안내(remind_cart)
[2021-04-01 01:00:39] - 소멸 마일리지 안내(remind_emoney)
[2021-04-01 01:00:39] - 만료 할인쿠폰 알림(remind_coupon)
[2021-04-02 01:00:24] - 만료 할인쿠폰 알림(remind_coupon) - Err(Today is not monday)
[2021-04-02 01:00:24] - 소멸 마일리지 안내(remind_emoney) - Err(Today is not monday)
[2021-04-02 01:00:25] - 기념일 축하 안내(remind_anniversary)
[2021-04-02 01:00:25] - 생일 축하 안내(remind_birthday)
[2021-04-02 01:00:25] - 상품 리뷰 작성 안내(remind_review)
[2021-04-02 01:00:25] - 타임세일 종료 상품 안내(remind_timesale)
[2021-04-02 01:00:25] - 회원등급 혜택 안내(remind_membership)
[2021-04-02 01:00:25] - 장바구니/위시리스트 상품 안내(remind_cart)
[2021-04-02 01:00:25] - 소멸 마일리지 안내(remind_emoney)
[2021-04-02 01:00:25] - 만료 할인쿠폰 알림(remind_coupon)
[2021-04-03 01:00:25] - 만료 할인쿠폰 알림(remind_coupon) - Err(Today is not monday)
[2021-04-03 01:00:25] - 소멸 마일리지 안내(remind_emoney) - Err(Today is not monday)
[2021-04-03 01:00:25] - 기념일 축하 안내(remind_anniversary)
[2021-04-03 01:00:25] - 생일 축하 안내(remind_birthday)
[2021-04-03 01:00:25] - 상품 리뷰 작성 안내(remind_review)
[2021-04-03 01:00:25] - 타임세일 종료 상품 안내(remind_timesale)
[2021-04-03 01:00:25] - 회원등급 혜택 안내(remind_membership)
[2021-04-03 01:00:25] - 장바구니/위시리스트 상품 안내(remind_cart)
[2021-04-03 01:00:25] - 소멸 마일리지 안내(remind_emoney)
[2021-04-03 01:00:25] - 만료 할인쿠폰 알림(remind_coupon)
[2021-04-04 01:00:34] - 만료 할인쿠폰 알림(remind_coupon) - Err(Today is not monday)
[2021-04-04 01:00:34] - 소멸 마일리지 안내(remind_emoney) - Err(Today is not monday)
[2021-04-04 01:00:35] - 기념일 축하 안내(remind_anniversary)
[2021-04-04 01:00:35] - 생일 축하 안내(remind_birthday)
[2021-04-04 01:00:35] - 상품 리뷰 작성 안내(remind_review)
[2021-04-04 01:00:35] - 타임세일 종료 상품 안내(remind_timesale)
[2021-04-04 01:00:35] - 회원등급 혜택 안내(remind_membership)
[2021-04-04 01:00:35] - 장바구니/위시리스트 상품 안내(remind_cart)
[2021-04-04 01:00:35] - 소멸 마일리지 안내(remind_emoney)
[2021-04-04 01:00:35] - 만료 할인쿠폰 알림(remind_coupon)
[2021-04-05 01:00:33] - 소멸 마일리지 안내(remind_emoney) - Err(Today is not monday)
[2021-04-05 01:00:34] - 기념일 축하 안내(remind_anniversary)
[2021-04-05 01:00:34] - 생일 축하 안내(remind_birthday)
[2021-04-05 01:00:34] - 상품 리뷰 작성 안내(remind_review)
[2021-04-05 01:00:34] - 타임세일 종료 상품 안내(remind_timesale)
[2021-04-05 01:00:34] - 회원등급 혜택 안내(remind_membership)
[2021-04-05 01:00:34] - 장바구니/위시리스트 상품 안내(remind_cart)
[2021-04-05 01:00:34] - 소멸 마일리지 안내(remind_emoney)
[2021-04-05 01:00:34] - 만료 할인쿠폰 알림(remind_coupon)
[2021-04-06 01:00:27] - 만료 할인쿠폰 알림(remind_coupon) - Err(Today is not monday)
[2021-04-06 01:00:27] - 소멸 마일리지 안내(remind_emoney) - Err(Today is not monday)
[2021-04-06 01:00:28] - 기념일 축하 안내(remind_anniversary)
[2021-04-06 01:00:28] - 생일 축하 안내(remind_birthday)
[2021-04-06 01:00:28] - 상품 리뷰 작성 안내(remind_review)
[2021-04-06 01:00:28] - 타임세일 종료 상품 안내(remind_timesale)
[2021-04-06 01:00:28] - 회원등급 혜택 안내(remind_membership)
[2021-04-06 01:00:28] - 장바구니/위시리스트 상품 안내(remind_cart)
[2021-04-06 01:00:28] - 소멸 마일리지 안내(remind_emoney)
[2021-04-06 01:00:28] - 만료 할인쿠폰 알림(remind_coupon)
[2021-04-07 01:00:25] - 만료 할인쿠폰 알림(remind_coupon) - Err(Today is not monday)
[2021-04-07 01:00:25] - 소멸 마일리지 안내(remind_emoney) - Err(Today is not monday)
[2021-04-07 01:00:25] - 기념일 축하 안내(remind_anniversary)
[2021-04-07 01:00:25] - 생일 축하 안내(remind_birthday)
[2021-04-07 01:00:25] - 상품 리뷰 작성 안내(remind_review)
[2021-04-07 01:00:25] - 타임세일 종료 상품 안내(remind_timesale)
[2021-04-07 01:00:25] - 회원등급 혜택 안내(remind_membership)
[2021-04-07 01:00:25] - 장바구니/위시리스트 상품 안내(remind_cart)
[2021-04-07 01:00:25] - 소멸 마일리지 안내(remind_emoney)
[2021-04-07 01:00:25] - 만료 할인쿠폰 알림(remind_coupon)
[2021-04-08 01:00:28] - 만료 할인쿠폰 알림(remind_coupon) - Err(Today is not monday)
[2021-04-08 01:00:28] - 소멸 마일리지 안내(remind_emoney) - Err(Today is not monday)
[2021-04-08 01:00:28] - 기념일 축하 안내(remind_anniversary)
[2021-04-08 01:00:28] - 생일 축하 안내(remind_birthday)
[2021-04-08 01:00:28] - 상품 리뷰 작성 안내(remind_review)
[2021-04-08 01:00:28] - 타임세일 종료 상품 안내(remind_timesale)
[2021-04-08 01:00:28] - 회원등급 혜택 안내(remind_membership)
[2021-04-08 01:00:28] - 장바구니/위시리스트 상품 안내(remind_cart)
[2021-04-08 01:00:28] - 소멸 마일리지 안내(remind_emoney)
[2021-04-08 01:00:28] - 만료 할인쿠폰 알림(remind_coupon)
[2021-04-09 01:00:23] - 만료 할인쿠폰 알림(remind_coupon) - Err(Today is not monday)
[2021-04-09 01:00:23] - 소멸 마일리지 안내(remind_emoney) - Err(Today is not monday)
[2021-04-09 01:00:23] - 기념일 축하 안내(remind_anniversary)
[2021-04-09 01:00:23] - 생일 축하 안내(remind_birthday)
[2021-04-09 01:00:23] - 상품 리뷰 작성 안내(remind_review)
[2021-04-09 01:00:23] - 타임세일 종료 상품 안내(remind_timesale)
[2021-04-09 01:00:23] - 회원등급 혜택 안내(remind_membership)
[2021-04-09 01:00:23] - 장바구니/위시리스트 상품 안내(remind_cart)
[2021-04-09 01:00:23] - 소멸 마일리지 안내(remind_emoney)
[2021-04-09 01:00:23] - 만료 할인쿠폰 알림(remind_coupon)
[2021-04-10 01:00:24] - 만료 할인쿠폰 알림(remind_coupon) - Err(Today is not monday)
[2021-04-10 01:00:24] - 소멸 마일리지 안내(remind_emoney) - Err(Today is not monday)
[2021-04-10 01:00:24] - 기념일 축하 안내(remind_anniversary)
[2021-04-10 01:00:24] - 생일 축하 안내(remind_birthday)
[2021-04-10 01:00:24] - 상품 리뷰 작성 안내(remind_review)
[2021-04-10 01:00:24] - 타임세일 종료 상품 안내(remind_timesale)
[2021-04-10 01:00:24] - 회원등급 혜택 안내(remind_membership)
[2021-04-10 01:00:24] - 장바구니/위시리스트 상품 안내(remind_cart)
[2021-04-10 01:00:24] - 소멸 마일리지 안내(remind_emoney)
[2021-04-10 01:00:24] - 만료 할인쿠폰 알림(remind_coupon)
[2021-04-11 01:00:25] - 만료 할인쿠폰 알림(remind_coupon) - Err(Today is not monday)
[2021-04-11 01:00:25] - 소멸 마일리지 안내(remind_emoney) - Err(Today is not monday)
[2021-04-11 01:00:25] - 기념일 축하 안내(remind_anniversary)
[2021-04-11 01:00:25] - 생일 축하 안내(remind_birthday)
[2021-04-11 01:00:25] - 상품 리뷰 작성 안내(remind_review)
[2021-04-11 01:00:25] - 타임세일 종료 상품 안내(remind_timesale)
[2021-04-11 01:00:25] - 회원등급 혜택 안내(remind_membership)
[2021-04-11 01:00:25] - 장바구니/위시리스트 상품 안내(remind_cart)
[2021-04-11 01:00:25] - 소멸 마일리지 안내(remind_emoney)
[2021-04-11 01:00:25] - 만료 할인쿠폰 알림(remind_coupon)
[2021-04-12 01:00:29] - 소멸 마일리지 안내(remind_emoney) - Err(Today is not monday)
[2021-04-12 01:00:30] - 기념일 축하 안내(remind_anniversary)
[2021-04-12 01:00:30] - 생일 축하 안내(remind_birthday)
[2021-04-12 01:00:30] - 상품 리뷰 작성 안내(remind_review)
[2021-04-12 01:00:30] - 타임세일 종료 상품 안내(remind_timesale)
[2021-04-12 01:00:30] - 회원등급 혜택 안내(remind_membership)
[2021-04-12 01:00:30] - 장바구니/위시리스트 상품 안내(remind_cart)
[2021-04-12 01:00:30] - 소멸 마일리지 안내(remind_emoney)
[2021-04-12 01:00:30] - 만료 할인쿠폰 알림(remind_coupon)
[2021-04-13 01:00:27] - 만료 할인쿠폰 알림(remind_coupon) - Err(Today is not monday)
[2021-04-13 01:00:27] - 소멸 마일리지 안내(remind_emoney) - Err(Today is not monday)
[2021-04-13 01:00:27] - 기념일 축하 안내(remind_anniversary)
[2021-04-13 01:00:27] - 생일 축하 안내(remind_birthday)
[2021-04-13 01:00:27] - 상품 리뷰 작성 안내(remind_review)
[2021-04-13 01:00:27] - 타임세일 종료 상품 안내(remind_timesale)
[2021-04-13 01:00:27] - 회원등급 혜택 안내(remind_membership)
[2021-04-13 01:00:27] - 장바구니/위시리스트 상품 안내(remind_cart)
[2021-04-13 01:00:27] - 소멸 마일리지 안내(remind_emoney)
[2021-04-13 01:00:27] - 만료 할인쿠폰 알림(remind_coupon)
[2021-04-14 01:00:29] - 만료 할인쿠폰 알림(remind_coupon) - Err(Today is not monday)
[2021-04-14 01:00:29] - 소멸 마일리지 안내(remind_emoney) - Err(Today is not monday)
[2021-04-14 01:00:29] - 기념일 축하 안내(remind_anniversary)
[2021-04-14 01:00:29] - 생일 축하 안내(remind_birthday)
[2021-04-14 01:00:29] - 상품 리뷰 작성 안내(remind_review)
[2021-04-14 01:00:29] - 타임세일 종료 상품 안내(remind_timesale)
[2021-04-14 01:00:29] - 회원등급 혜택 안내(remind_membership)
[2021-04-14 01:00:29] - 장바구니/위시리스트 상품 안내(remind_cart)
[2021-04-14 01:00:29] - 소멸 마일리지 안내(remind_emoney)
[2021-04-14 01:00:29] - 만료 할인쿠폰 알림(remind_coupon)
[2021-04-15 01:00:29] - 만료 할인쿠폰 알림(remind_coupon) - Err(Today is not monday)
[2021-04-15 01:00:29] - 소멸 마일리지 안내(remind_emoney) - Err(Today is not monday)
[2021-04-15 01:00:29] - 기념일 축하 안내(remind_anniversary)
[2021-04-15 01:00:29] - 생일 축하 안내(remind_birthday)
[2021-04-15 01:00:29] - 상품 리뷰 작성 안내(remind_review)
[2021-04-15 01:00:29] - 타임세일 종료 상품 안내(remind_timesale)
[2021-04-15 01:00:29] - 회원등급 혜택 안내(remind_membership)
[2021-04-15 01:00:29] - 장바구니/위시리스트 상품 안내(remind_cart)
[2021-04-15 01:00:29] - 소멸 마일리지 안내(remind_emoney)
[2021-04-15 01:00:29] - 만료 할인쿠폰 알림(remind_coupon)
[2021-04-16 01:00:25] - 만료 할인쿠폰 알림(remind_coupon) - Err(Today is not monday)
[2021-04-16 01:00:25] - 소멸 마일리지 안내(remind_emoney) - Err(Today is not monday)
[2021-04-16 01:00:25] - 기념일 축하 안내(remind_anniversary)
[2021-04-16 01:00:25] - 생일 축하 안내(remind_birthday)
[2021-04-16 01:00:25] - 상품 리뷰 작성 안내(remind_review)
[2021-04-16 01:00:25] - 타임세일 종료 상품 안내(remind_timesale)
[2021-04-16 01:00:25] - 회원등급 혜택 안내(remind_membership)
[2021-04-16 01:00:25] - 장바구니/위시리스트 상품 안내(remind_cart)
[2021-04-16 01:00:25] - 소멸 마일리지 안내(remind_emoney)
[2021-04-16 01:00:25] - 만료 할인쿠폰 알림(remind_coupon)
[2021-04-17 01:00:29] - 만료 할인쿠폰 알림(remind_coupon) - Err(Today is not monday)
[2021-04-17 01:00:29] - 소멸 마일리지 안내(remind_emoney) - Err(Today is not monday)
[2021-04-17 01:00:29] - 기념일 축하 안내(remind_anniversary)
[2021-04-17 01:00:29] - 생일 축하 안내(remind_birthday)
[2021-04-17 01:00:29] - 상품 리뷰 작성 안내(remind_review)
[2021-04-17 01:00:29] - 타임세일 종료 상품 안내(remind_timesale)
[2021-04-17 01:00:29] - 회원등급 혜택 안내(remind_membership)
[2021-04-17 01:00:29] - 장바구니/위시리스트 상품 안내(remind_cart)
[2021-04-17 01:00:29] - 소멸 마일리지 안내(remind_emoney)
[2021-04-17 01:00:29] - 만료 할인쿠폰 알림(remind_coupon)
[2021-04-18 01:00:27] - 만료 할인쿠폰 알림(remind_coupon) - Err(Today is not monday)
[2021-04-18 01:00:27] - 소멸 마일리지 안내(remind_emoney) - Err(Today is not monday)
[2021-04-18 01:00:27] - 기념일 축하 안내(remind_anniversary)
[2021-04-18 01:00:27] - 생일 축하 안내(remind_birthday)
[2021-04-18 01:00:27] - 상품 리뷰 작성 안내(remind_review)
[2021-04-18 01:00:27] - 타임세일 종료 상품 안내(remind_timesale)
[2021-04-18 01:00:27] - 회원등급 혜택 안내(remind_membership)
[2021-04-18 01:00:27] - 장바구니/위시리스트 상품 안내(remind_cart)
[2021-04-18 01:00:27] - 소멸 마일리지 안내(remind_emoney)
[2021-04-18 01:00:27] - 만료 할인쿠폰 알림(remind_coupon)
[2021-04-19 01:00:29] - 소멸 마일리지 안내(remind_emoney) - Err(Today is not monday)
[2021-04-19 01:00:29] - 기념일 축하 안내(remind_anniversary)
[2021-04-19 01:00:29] - 생일 축하 안내(remind_birthday)
[2021-04-19 01:00:29] - 상품 리뷰 작성 안내(remind_review)
[2021-04-19 01:00:29] - 타임세일 종료 상품 안내(remind_timesale)
[2021-04-19 01:00:29] - 회원등급 혜택 안내(remind_membership)
[2021-04-19 01:00:29] - 장바구니/위시리스트 상품 안내(remind_cart)
[2021-04-19 01:00:29] - 소멸 마일리지 안내(remind_emoney)
[2021-04-19 01:00:29] - 만료 할인쿠폰 알림(remind_coupon)
[2021-04-20 01:00:27] - 만료 할인쿠폰 알림(remind_coupon) - Err(Today is not monday)
[2021-04-20 01:00:27] - 소멸 마일리지 안내(remind_emoney) - Err(Today is not monday)
[2021-04-20 01:00:28] - 기념일 축하 안내(remind_anniversary)
[2021-04-20 01:00:28] - 생일 축하 안내(remind_birthday)
[2021-04-20 01:00:28] - 상품 리뷰 작성 안내(remind_review)
[2021-04-20 01:00:28] - 타임세일 종료 상품 안내(remind_timesale)
[2021-04-20 01:00:28] - 회원등급 혜택 안내(remind_membership)
[2021-04-20 01:00:28] - 장바구니/위시리스트 상품 안내(remind_cart)
[2021-04-20 01:00:28] - 소멸 마일리지 안내(remind_emoney)
[2021-04-20 01:00:28] - 만료 할인쿠폰 알림(remind_coupon)
[2021-04-21 01:00:30] - 만료 할인쿠폰 알림(remind_coupon) - Err(Today is not monday)
[2021-04-21 01:00:30] - 소멸 마일리지 안내(remind_emoney) - Err(Today is not monday)
[2021-04-21 01:00:30] - 기념일 축하 안내(remind_anniversary)
[2021-04-21 01:00:30] - 생일 축하 안내(remind_birthday)
[2021-04-21 01:00:30] - 상품 리뷰 작성 안내(remind_review)
[2021-04-21 01:00:30] - 타임세일 종료 상품 안내(remind_timesale)
[2021-04-21 01:00:30] - 회원등급 혜택 안내(remind_membership)
[2021-04-21 01:00:30] - 장바구니/위시리스트 상품 안내(remind_cart)
[2021-04-21 01:00:30] - 소멸 마일리지 안내(remind_emoney)
[2021-04-21 01:00:30] - 만료 할인쿠폰 알림(remind_coupon)
[2021-04-22 01:00:32] - 만료 할인쿠폰 알림(remind_coupon) - Err(Today is not monday)
[2021-04-22 01:00:32] - 소멸 마일리지 안내(remind_emoney) - Err(Today is not monday)
[2021-04-22 01:00:32] - 기념일 축하 안내(remind_anniversary)
[2021-04-22 01:00:32] - 생일 축하 안내(remind_birthday)
[2021-04-22 01:00:32] - 상품 리뷰 작성 안내(remind_review)
[2021-04-22 01:00:32] - 타임세일 종료 상품 안내(remind_timesale)
[2021-04-22 01:00:32] - 회원등급 혜택 안내(remind_membership)
[2021-04-22 01:00:32] - 장바구니/위시리스트 상품 안내(remind_cart)
[2021-04-22 01:00:32] - 소멸 마일리지 안내(remind_emoney)
[2021-04-22 01:00:32] - 만료 할인쿠폰 알림(remind_coupon)
[2021-04-23 01:00:31] - 만료 할인쿠폰 알림(remind_coupon) - Err(Today is not monday)
[2021-04-23 01:00:31] - 소멸 마일리지 안내(remind_emoney) - Err(Today is not monday)
[2021-04-23 01:00:32] - 기념일 축하 안내(remind_anniversary)
[2021-04-23 01:00:32] - 생일 축하 안내(remind_birthday)
[2021-04-23 01:00:32] - 상품 리뷰 작성 안내(remind_review)
[2021-04-23 01:00:32] - 타임세일 종료 상품 안내(remind_timesale)
[2021-04-23 01:00:32] - 회원등급 혜택 안내(remind_membership)
[2021-04-23 01:00:32] - 장바구니/위시리스트 상품 안내(remind_cart)
[2021-04-23 01:00:32] - 소멸 마일리지 안내(remind_emoney)
[2021-04-23 01:00:32] - 만료 할인쿠폰 알림(remind_coupon)
[2021-04-24 01:00:27] - 만료 할인쿠폰 알림(remind_coupon) - Err(Today is not monday)
[2021-04-24 01:00:27] - 소멸 마일리지 안내(remind_emoney) - Err(Today is not monday)
[2021-04-24 01:00:27] - 기념일 축하 안내(remind_anniversary)
[2021-04-24 01:00:27] - 생일 축하 안내(remind_birthday)
[2021-04-24 01:00:27] - 상품 리뷰 작성 안내(remind_review)
[2021-04-24 01:00:27] - 타임세일 종료 상품 안내(remind_timesale)
[2021-04-24 01:00:27] - 회원등급 혜택 안내(remind_membership)
[2021-04-24 01:00:27] - 장바구니/위시리스트 상품 안내(remind_cart)
[2021-04-24 01:00:27] - 소멸 마일리지 안내(remind_emoney)
[2021-04-24 01:00:27] - 만료 할인쿠폰 알림(remind_coupon)
[2021-04-25 01:00:27] - 만료 할인쿠폰 알림(remind_coupon) - Err(Today is not monday)
[2021-04-25 01:00:27] - 소멸 마일리지 안내(remind_emoney) - Err(Today is not monday)
[2021-04-25 01:00:28] - 기념일 축하 안내(remind_anniversary)
[2021-04-25 01:00:28] - 생일 축하 안내(remind_birthday)
[2021-04-25 01:00:28] - 상품 리뷰 작성 안내(remind_review)
[2021-04-25 01:00:28] - 타임세일 종료 상품 안내(remind_timesale)
[2021-04-25 01:00:28] - 회원등급 혜택 안내(remind_membership)
[2021-04-25 01:00:28] - 장바구니/위시리스트 상품 안내(remind_cart)
[2021-04-25 01:00:28] - 소멸 마일리지 안내(remind_emoney)
[2021-04-25 01:00:28] - 만료 할인쿠폰 알림(remind_coupon)
[2021-04-26 01:00:29] - 소멸 마일리지 안내(remind_emoney) - Err(Today is not monday)
[2021-04-26 01:00:30] - 기념일 축하 안내(remind_anniversary)
[2021-04-26 01:00:30] - 생일 축하 안내(remind_birthday)
[2021-04-26 01:00:30] - 상품 리뷰 작성 안내(remind_review)
[2021-04-26 01:00:30] - 타임세일 종료 상품 안내(remind_timesale)
[2021-04-26 01:00:30] - 회원등급 혜택 안내(remind_membership)
[2021-04-26 01:00:30] - 장바구니/위시리스트 상품 안내(remind_cart)
[2021-04-26 01:00:30] - 소멸 마일리지 안내(remind_emoney)
[2021-04-26 01:00:30] - 만료 할인쿠폰 알림(remind_coupon)
[2021-04-27 01:00:26] - 만료 할인쿠폰 알림(remind_coupon) - Err(Today is not monday)
[2021-04-27 01:00:26] - 소멸 마일리지 안내(remind_emoney) - Err(Today is not monday)
[2021-04-27 01:00:26] - 기념일 축하 안내(remind_anniversary)
[2021-04-27 01:00:26] - 생일 축하 안내(remind_birthday)
[2021-04-27 01:00:26] - 상품 리뷰 작성 안내(remind_review)
[2021-04-27 01:00:26] - 타임세일 종료 상품 안내(remind_timesale)
[2021-04-27 01:00:26] - 회원등급 혜택 안내(remind_membership)
[2021-04-27 01:00:26] - 장바구니/위시리스트 상품 안내(remind_cart)
[2021-04-27 01:00:26] - 소멸 마일리지 안내(remind_emoney)
[2021-04-27 01:00:26] - 만료 할인쿠폰 알림(remind_coupon)
[2021-04-28 01:00:29] - 만료 할인쿠폰 알림(remind_coupon) - Err(Today is not monday)
[2021-04-28 01:00:29] - 소멸 마일리지 안내(remind_emoney) - Err(Today is not monday)
[2021-04-28 01:00:29] - 기념일 축하 안내(remind_anniversary)
[2021-04-28 01:00:29] - 생일 축하 안내(remind_birthday)
[2021-04-28 01:00:29] - 상품 리뷰 작성 안내(remind_review)
[2021-04-28 01:00:29] - 타임세일 종료 상품 안내(remind_timesale)
[2021-04-28 01:00:29] - 회원등급 혜택 안내(remind_membership)
[2021-04-28 01:00:29] - 장바구니/위시리스트 상품 안내(remind_cart)
[2021-04-28 01:00:29] - 소멸 마일리지 안내(remind_emoney)
[2021-04-28 01:00:29] - 만료 할인쿠폰 알림(remind_coupon)
[2021-04-29 01:00:30] - 만료 할인쿠폰 알림(remind_coupon) - Err(Today is not monday)
[2021-04-29 01:00:30] - 소멸 마일리지 안내(remind_emoney) - Err(Today is not monday)
[2021-04-29 01:00:31] - 기념일 축하 안내(remind_anniversary)
[2021-04-29 01:00:31] - 생일 축하 안내(remind_birthday)
[2021-04-29 01:00:31] - 상품 리뷰 작성 안내(remind_review)
[2021-04-29 01:00:31] - 타임세일 종료 상품 안내(remind_timesale)
[2021-04-29 01:00:31] - 회원등급 혜택 안내(remind_membership)
[2021-04-29 01:00:31] - 장바구니/위시리스트 상품 안내(remind_cart)
[2021-04-29 01:00:31] - 소멸 마일리지 안내(remind_emoney)
[2021-04-29 01:00:31] - 만료 할인쿠폰 알림(remind_coupon)
[2021-04-30 01:00:27] - 만료 할인쿠폰 알림(remind_coupon) - Err(Today is not monday)
[2021-04-30 01:00:27] - 소멸 마일리지 안내(remind_emoney) - Err(Today is not monday)
[2021-04-30 01:00:27] - 기념일 축하 안내(remind_anniversary)
[2021-04-30 01:00:27] - 생일 축하 안내(remind_birthday)
[2021-04-30 01:00:27] - 상품 리뷰 작성 안내(remind_review)
[2021-04-30 01:00:27] - 타임세일 종료 상품 안내(remind_timesale)
[2021-04-30 01:00:27] - 회원등급 혜택 안내(remind_membership)
[2021-04-30 01:00:27] - 장바구니/위시리스트 상품 안내(remind_cart)
[2021-04-30 01:00:27] - 소멸 마일리지 안내(remind_emoney)
[2021-04-30 01:00:27] - 만료 할인쿠폰 알림(remind_coupon)
