[2021-07-01 01:00:27] - 티켓 상품 자동 배송 완료(batch_social_goods_confirm) - batch_social_goods_confirm  no data
[2021-07-01 01:00:27] - 미입금 통보 확인(deposit_request)
[2021-07-01 01:00:27] - 굿스플로 배송정보(receiveTrackingResults) - OK
[2021-07-01 01:00:27] - 티켓 상품 자동 배송 완료(batch_social_goods_confirm)
[2021-07-01 01:00:27] - 자동 구매 확정(batch_buy_confirm)
[2021-07-01 01:00:27] - 자동 주문 취소(order_cancel)
[2021-07-02 01:00:25] - 티켓 상품 자동 배송 완료(batch_social_goods_confirm) - batch_social_goods_confirm  no data
[2021-07-02 01:00:25] - 미입금 통보 확인(deposit_request)
[2021-07-02 01:00:25] - 굿스플로 배송정보(receiveTrackingResults) - OK
[2021-07-02 01:00:25] - 티켓 상품 자동 배송 완료(batch_social_goods_confirm)
[2021-07-02 01:00:25] - 자동 구매 확정(batch_buy_confirm)
[2021-07-02 01:00:25] - 자동 주문 취소(order_cancel)
[2021-07-03 01:00:25] - 티켓 상품 자동 배송 완료(batch_social_goods_confirm) - batch_social_goods_confirm  no data
[2021-07-03 01:00:25] - 미입금 통보 확인(deposit_request)
[2021-07-03 01:00:25] - 굿스플로 배송정보(receiveTrackingResults) - OK
[2021-07-03 01:00:25] - 티켓 상품 자동 배송 완료(batch_social_goods_confirm)
[2021-07-03 01:00:25] - 자동 구매 확정(batch_buy_confirm)
[2021-07-03 01:00:26] - 자동 주문 취소(order_cancel)
[2021-07-04 01:00:30] - 티켓 상품 자동 배송 완료(batch_social_goods_confirm) - batch_social_goods_confirm  no data
[2021-07-04 01:00:30] - 미입금 통보 확인(deposit_request)
[2021-07-04 01:00:30] - 굿스플로 배송정보(receiveTrackingResults) - OK
[2021-07-04 01:00:30] - 티켓 상품 자동 배송 완료(batch_social_goods_confirm)
[2021-07-04 01:00:30] - 자동 구매 확정(batch_buy_confirm)
[2021-07-04 01:00:30] - 자동 주문 취소(order_cancel)
[2021-07-05 01:00:24] - 티켓 상품 자동 배송 완료(batch_social_goods_confirm) - batch_social_goods_confirm  no data
[2021-07-05 01:00:24] - 미입금 통보 확인(deposit_request)
[2021-07-05 01:00:24] - 굿스플로 배송정보(receiveTrackingResults) - OK
[2021-07-05 01:00:24] - 티켓 상품 자동 배송 완료(batch_social_goods_confirm)
[2021-07-05 01:00:24] - 자동 구매 확정(batch_buy_confirm)
[2021-07-05 01:00:24] - 자동 주문 취소(order_cancel)
[2021-07-06 01:00:25] - 티켓 상품 자동 배송 완료(batch_social_goods_confirm) - batch_social_goods_confirm  no data
[2021-07-06 01:00:25] - 미입금 통보 확인(deposit_request)
[2021-07-06 01:00:25] - 굿스플로 배송정보(receiveTrackingResults) - OK
[2021-07-06 01:00:25] - 티켓 상품 자동 배송 완료(batch_social_goods_confirm)
[2021-07-06 01:00:25] - 자동 구매 확정(batch_buy_confirm)
[2021-07-06 01:00:25] - 자동 주문 취소(order_cancel)
[2021-07-07 01:00:26] - 티켓 상품 자동 배송 완료(batch_social_goods_confirm) - batch_social_goods_confirm  no data
[2021-07-07 01:00:26] - 미입금 통보 확인(deposit_request)
[2021-07-07 01:00:26] - 굿스플로 배송정보(receiveTrackingResults) - OK
[2021-07-07 01:00:26] - 티켓 상품 자동 배송 완료(batch_social_goods_confirm)
[2021-07-07 01:00:26] - 자동 구매 확정(batch_buy_confirm)
[2021-07-07 01:00:26] - 자동 주문 취소(order_cancel)
[2021-07-08 01:00:25] - 티켓 상품 자동 배송 완료(batch_social_goods_confirm) - batch_social_goods_confirm  no data
[2021-07-08 01:00:25] - 미입금 통보 확인(deposit_request)
[2021-07-08 01:00:25] - 굿스플로 배송정보(receiveTrackingResults) - OK
[2021-07-08 01:00:25] - 티켓 상품 자동 배송 완료(batch_social_goods_confirm)
[2021-07-08 01:00:25] - 자동 구매 확정(batch_buy_confirm)
[2021-07-08 01:00:25] - 자동 주문 취소(order_cancel)
[2021-07-09 01:00:25] - 티켓 상품 자동 배송 완료(batch_social_goods_confirm) - batch_social_goods_confirm  no data
[2021-07-09 01:00:25] - 미입금 통보 확인(deposit_request)
[2021-07-09 01:00:25] - 굿스플로 배송정보(receiveTrackingResults) - OK
[2021-07-09 01:00:25] - 티켓 상품 자동 배송 완료(batch_social_goods_confirm)
[2021-07-09 01:00:25] - 자동 구매 확정(batch_buy_confirm)
[2021-07-09 01:00:25] - 자동 주문 취소(order_cancel)
[2021-07-10 01:00:27] - 티켓 상품 자동 배송 완료(batch_social_goods_confirm) - batch_social_goods_confirm  no data
[2021-07-10 01:00:27] - 미입금 통보 확인(deposit_request)
[2021-07-10 01:00:27] - 굿스플로 배송정보(receiveTrackingResults) - OK
[2021-07-10 01:00:27] - 티켓 상품 자동 배송 완료(batch_social_goods_confirm)
[2021-07-10 01:00:27] - 자동 구매 확정(batch_buy_confirm)
[2021-07-10 01:00:27] - 자동 주문 취소(order_cancel)
[2021-07-11 01:00:26] - 티켓 상품 자동 배송 완료(batch_social_goods_confirm) - batch_social_goods_confirm  no data
[2021-07-11 01:00:26] - 미입금 통보 확인(deposit_request)
[2021-07-11 01:00:26] - 굿스플로 배송정보(receiveTrackingResults) - OK
[2021-07-11 01:00:26] - 티켓 상품 자동 배송 완료(batch_social_goods_confirm)
[2021-07-11 01:00:26] - 자동 구매 확정(batch_buy_confirm)
[2021-07-11 01:00:26] - 자동 주문 취소(order_cancel)
[2021-07-12 01:00:27] - 티켓 상품 자동 배송 완료(batch_social_goods_confirm) - batch_social_goods_confirm  no data
[2021-07-12 01:00:27] - 미입금 통보 확인(deposit_request)
[2021-07-12 01:00:27] - 굿스플로 배송정보(receiveTrackingResults) - OK
[2021-07-12 01:00:27] - 티켓 상품 자동 배송 완료(batch_social_goods_confirm)
[2021-07-12 01:00:27] - 자동 구매 확정(batch_buy_confirm)
[2021-07-12 01:00:27] - 자동 주문 취소(order_cancel)
[2021-07-13 01:00:22] - 티켓 상품 자동 배송 완료(batch_social_goods_confirm) - batch_social_goods_confirm  no data
[2021-07-13 01:00:22] - 미입금 통보 확인(deposit_request)
[2021-07-13 01:00:22] - 굿스플로 배송정보(receiveTrackingResults) - OK
[2021-07-13 01:00:22] - 티켓 상품 자동 배송 완료(batch_social_goods_confirm)
[2021-07-13 01:00:22] - 자동 구매 확정(batch_buy_confirm)
[2021-07-13 01:00:22] - 자동 주문 취소(order_cancel)
[2021-07-14 01:00:26] - 티켓 상품 자동 배송 완료(batch_social_goods_confirm) - batch_social_goods_confirm  no data
[2021-07-14 01:00:27] - 미입금 통보 확인(deposit_request)
[2021-07-14 01:00:27] - 굿스플로 배송정보(receiveTrackingResults) - OK
[2021-07-14 01:00:27] - 티켓 상품 자동 배송 완료(batch_social_goods_confirm)
[2021-07-14 01:00:27] - 자동 구매 확정(batch_buy_confirm)
[2021-07-14 01:00:27] - 자동 주문 취소(order_cancel)
[2021-07-15 01:00:26] - 티켓 상품 자동 배송 완료(batch_social_goods_confirm) - batch_social_goods_confirm  no data
[2021-07-15 01:00:27] - 미입금 통보 확인(deposit_request)
[2021-07-15 01:00:27] - 굿스플로 배송정보(receiveTrackingResults) - OK
[2021-07-15 01:00:27] - 티켓 상품 자동 배송 완료(batch_social_goods_confirm)
[2021-07-15 01:00:27] - 자동 구매 확정(batch_buy_confirm)
[2021-07-15 01:00:27] - 자동 주문 취소(order_cancel)
[2021-07-16 01:00:26] - 티켓 상품 자동 배송 완료(batch_social_goods_confirm) - batch_social_goods_confirm  no data
[2021-07-16 01:00:26] - 미입금 통보 확인(deposit_request)
[2021-07-16 01:00:26] - 굿스플로 배송정보(receiveTrackingResults) - OK
[2021-07-16 01:00:26] - 티켓 상품 자동 배송 완료(batch_social_goods_confirm)
[2021-07-16 01:00:26] - 자동 구매 확정(batch_buy_confirm)
[2021-07-16 01:00:26] - 자동 주문 취소(order_cancel)
[2021-07-17 01:00:27] - 티켓 상품 자동 배송 완료(batch_social_goods_confirm) - batch_social_goods_confirm  no data
[2021-07-17 01:00:27] - 미입금 통보 확인(deposit_request)
[2021-07-17 01:00:27] - 굿스플로 배송정보(receiveTrackingResults) - OK
[2021-07-17 01:00:27] - 티켓 상품 자동 배송 완료(batch_social_goods_confirm)
[2021-07-17 01:00:27] - 자동 구매 확정(batch_buy_confirm)
[2021-07-17 01:00:27] - 자동 주문 취소(order_cancel)
[2021-07-18 01:00:28] - 티켓 상품 자동 배송 완료(batch_social_goods_confirm) - batch_social_goods_confirm  no data
[2021-07-18 01:00:28] - 미입금 통보 확인(deposit_request)
[2021-07-18 01:00:28] - 굿스플로 배송정보(receiveTrackingResults) - OK
[2021-07-18 01:00:28] - 티켓 상품 자동 배송 완료(batch_social_goods_confirm)
[2021-07-18 01:00:28] - 자동 구매 확정(batch_buy_confirm)
[2021-07-18 01:00:28] - 자동 주문 취소(order_cancel)
[2021-07-19 01:00:32] - 티켓 상품 자동 배송 완료(batch_social_goods_confirm) - batch_social_goods_confirm  no data
[2021-07-19 01:00:32] - 미입금 통보 확인(deposit_request)
[2021-07-19 01:00:32] - 굿스플로 배송정보(receiveTrackingResults) - OK
[2021-07-19 01:00:32] - 티켓 상품 자동 배송 완료(batch_social_goods_confirm)
[2021-07-19 01:00:32] - 자동 구매 확정(batch_buy_confirm)
[2021-07-19 01:00:32] - 자동 주문 취소(order_cancel)
[2021-07-20 01:00:31] - 티켓 상품 자동 배송 완료(batch_social_goods_confirm) - batch_social_goods_confirm  no data
[2021-07-20 01:00:31] - 미입금 통보 확인(deposit_request)
[2021-07-20 01:00:31] - 굿스플로 배송정보(receiveTrackingResults) - OK
[2021-07-20 01:00:31] - 티켓 상품 자동 배송 완료(batch_social_goods_confirm)
[2021-07-20 01:00:31] - 자동 구매 확정(batch_buy_confirm)
[2021-07-20 01:00:31] - 자동 주문 취소(order_cancel)
[2021-07-21 01:03:49] - 티켓 상품 자동 배송 완료(batch_social_goods_confirm) - batch_social_goods_confirm  no data
[2021-07-21 01:03:49] - 미입금 통보 확인(deposit_request)
[2021-07-21 01:03:49] - 굿스플로 배송정보(receiveTrackingResults) - OK
[2021-07-21 01:03:49] - 티켓 상품 자동 배송 완료(batch_social_goods_confirm)
[2021-07-21 01:03:49] - 자동 구매 확정(batch_buy_confirm)
[2021-07-21 01:03:49] - 자동 주문 취소(order_cancel)
[2021-07-22 01:00:30] - 티켓 상품 자동 배송 완료(batch_social_goods_confirm) - batch_social_goods_confirm  no data
[2021-07-22 01:00:30] - 미입금 통보 확인(deposit_request)
[2021-07-22 01:00:30] - 굿스플로 배송정보(receiveTrackingResults) - OK
[2021-07-22 01:00:30] - 티켓 상품 자동 배송 완료(batch_social_goods_confirm)
[2021-07-22 01:00:30] - 자동 구매 확정(batch_buy_confirm)
[2021-07-22 01:00:30] - 자동 주문 취소(order_cancel)
[2021-07-23 01:00:28] - 티켓 상품 자동 배송 완료(batch_social_goods_confirm) - batch_social_goods_confirm  no data
[2021-07-23 01:00:28] - 미입금 통보 확인(deposit_request)
[2021-07-23 01:00:28] - 굿스플로 배송정보(receiveTrackingResults) - OK
[2021-07-23 01:00:28] - 티켓 상품 자동 배송 완료(batch_social_goods_confirm)
[2021-07-23 01:00:28] - 자동 구매 확정(batch_buy_confirm)
[2021-07-23 01:00:28] - 자동 주문 취소(order_cancel)
[2021-07-24 01:00:28] - 티켓 상품 자동 배송 완료(batch_social_goods_confirm) - batch_social_goods_confirm  no data
[2021-07-24 01:00:28] - 미입금 통보 확인(deposit_request)
[2021-07-24 01:00:28] - 굿스플로 배송정보(receiveTrackingResults) - OK
[2021-07-24 01:00:28] - 티켓 상품 자동 배송 완료(batch_social_goods_confirm)
[2021-07-24 01:00:28] - 자동 구매 확정(batch_buy_confirm)
[2021-07-24 01:00:28] - 자동 주문 취소(order_cancel)
[2021-07-25 01:00:28] - 티켓 상품 자동 배송 완료(batch_social_goods_confirm) - batch_social_goods_confirm  no data
[2021-07-25 01:00:28] - 미입금 통보 확인(deposit_request)
[2021-07-25 01:00:28] - 굿스플로 배송정보(receiveTrackingResults) - OK
[2021-07-25 01:00:28] - 티켓 상품 자동 배송 완료(batch_social_goods_confirm)
[2021-07-25 01:00:28] - 자동 구매 확정(batch_buy_confirm)
[2021-07-25 01:00:28] - 자동 주문 취소(order_cancel)
[2021-07-26 01:00:27] - 티켓 상품 자동 배송 완료(batch_social_goods_confirm) - batch_social_goods_confirm  no data
[2021-07-26 01:00:27] - 미입금 통보 확인(deposit_request)
[2021-07-26 01:00:27] - 굿스플로 배송정보(receiveTrackingResults) - OK
[2021-07-26 01:00:27] - 티켓 상품 자동 배송 완료(batch_social_goods_confirm)
[2021-07-26 01:00:27] - 자동 구매 확정(batch_buy_confirm)
[2021-07-26 01:00:27] - 자동 주문 취소(order_cancel)
[2021-07-27 01:00:28] - 티켓 상품 자동 배송 완료(batch_social_goods_confirm) - batch_social_goods_confirm  no data
[2021-07-27 01:00:28] - 미입금 통보 확인(deposit_request)
[2021-07-27 01:00:28] - 굿스플로 배송정보(receiveTrackingResults) - OK
[2021-07-27 01:00:28] - 티켓 상품 자동 배송 완료(batch_social_goods_confirm)
[2021-07-27 01:00:28] - 자동 구매 확정(batch_buy_confirm)
[2021-07-27 01:00:28] - 자동 주문 취소(order_cancel)
[2021-07-28 01:00:28] - 티켓 상품 자동 배송 완료(batch_social_goods_confirm) - batch_social_goods_confirm  no data
[2021-07-28 01:00:28] - 미입금 통보 확인(deposit_request)
[2021-07-28 01:00:28] - 굿스플로 배송정보(receiveTrackingResults) - OK
[2021-07-28 01:00:28] - 티켓 상품 자동 배송 완료(batch_social_goods_confirm)
[2021-07-28 01:00:28] - 자동 구매 확정(batch_buy_confirm)
[2021-07-28 01:00:28] - 자동 주문 취소(order_cancel)
[2021-07-29 01:00:28] - 티켓 상품 자동 배송 완료(batch_social_goods_confirm) - batch_social_goods_confirm  no data
[2021-07-29 01:00:28] - 미입금 통보 확인(deposit_request)
[2021-07-29 01:00:28] - 굿스플로 배송정보(receiveTrackingResults) - OK
[2021-07-29 01:00:28] - 티켓 상품 자동 배송 완료(batch_social_goods_confirm)
[2021-07-29 01:00:28] - 자동 구매 확정(batch_buy_confirm)
[2021-07-29 01:00:28] - 자동 주문 취소(order_cancel)
[2021-07-30 01:00:30] - 티켓 상품 자동 배송 완료(batch_social_goods_confirm) - batch_social_goods_confirm  no data
[2021-07-30 01:00:30] - 미입금 통보 확인(deposit_request)
[2021-07-30 01:00:30] - 굿스플로 배송정보(receiveTrackingResults) - OK
[2021-07-30 01:00:30] - 티켓 상품 자동 배송 완료(batch_social_goods_confirm)
[2021-07-30 01:00:30] - 자동 구매 확정(batch_buy_confirm)
[2021-07-30 01:00:30] - 자동 주문 취소(order_cancel)
[2021-07-31 01:00:28] - 티켓 상품 자동 배송 완료(batch_social_goods_confirm) - batch_social_goods_confirm  no data
[2021-07-31 01:00:28] - 미입금 통보 확인(deposit_request)
[2021-07-31 01:00:28] - 굿스플로 배송정보(receiveTrackingResults) - OK
[2021-07-31 01:00:28] - 티켓 상품 자동 배송 완료(batch_social_goods_confirm)
[2021-07-31 01:00:28] - 자동 구매 확정(batch_buy_confirm)
[2021-07-31 01:00:28] - 자동 주문 취소(order_cancel)
