[2021-03-01 01:00:13] - KICC 코드 동기화(kicc_code)
[2021-03-01 01:00:13] - SMS 국가 코드(sms_national_code)
[2021-03-01 01:00:13] - 서버 캐시파일 삭제(delete_caches)
[2021-03-01 01:00:13] - 엑셀 파일 삭제(delete_excel_file)
[2021-03-01 01:00:13] - 언어별 js메시지 파일 생성(create_alert_file)
[2021-03-01 01:00:13] - 부가서비스 이슈 알림(addservice_notify)
[2021-03-01 01:00:13] - 관리자 중요행위 알림 캐시파일 생성(makeCacheActionAert)
[2021-03-01 01:00:13] - 사용 용량 업데이트(du_check)
[2021-03-01 01:00:13] - 플래시 캐시 파일 삭제(delete_flash_cach)
[2021-03-01 01:00:13] - 캡차 파일 삭제(captcha_file_delete)
[2021-03-01 01:00:13] - 오래된 파일 삭제(tmp_file_delete)
[2021-03-01 01:00:13] - 카카오알림톡 템플릿 동기화(kakaotalk_template)
[2021-03-01 01:00:13] - 엑셀다운로드데이터 삭제(delete_excel_temp)
[2021-03-01 01:00:13] - naverpay 삭제(log_naverpay_delete)
[2021-03-01 01:00:13] - captcha 삭제(log_captcha_delete)
[2021-03-01 01:00:13] - email log 삭제(log_email_delete)
[2021-03-01 01:00:13] - 장바구니 비우기(empty_cart)
[2021-03-01 01:00:13] - 엑심베이 코드 동기화(eximbay)
[2021-03-01 01:00:13] - NPay 택배사 매핑 동기화(npay_delivery_company_code)
[2021-03-01 01:00:13] - 코드 동기화(code_sync)
[2021-03-01 01:00:13] - config 동기화(config_sync)
[2021-03-01 01:00:13] - 택배사 동기화(delivery_url)
[2021-03-01 01:00:13] - 쇼핑몰 분류 동기화(shop_branch)
[2021-03-02 01:00:12] - KICC 코드 동기화(kicc_code)
[2021-03-02 01:00:12] - SMS 국가 코드(sms_national_code)
[2021-03-02 01:00:12] - 서버 캐시파일 삭제(delete_caches)
[2021-03-02 01:00:12] - 엑셀 파일 삭제(delete_excel_file)
[2021-03-02 01:00:12] - 언어별 js메시지 파일 생성(create_alert_file)
[2021-03-02 01:00:12] - 부가서비스 이슈 알림(addservice_notify)
[2021-03-02 01:00:12] - 관리자 중요행위 알림 캐시파일 생성(makeCacheActionAert)
[2021-03-02 01:00:12] - 사용 용량 업데이트(du_check)
[2021-03-02 01:00:12] - 플래시 캐시 파일 삭제(delete_flash_cach)
[2021-03-02 01:00:12] - 캡차 파일 삭제(captcha_file_delete)
[2021-03-02 01:00:12] - 오래된 파일 삭제(tmp_file_delete)
[2021-03-02 01:00:12] - 카카오알림톡 템플릿 동기화(kakaotalk_template)
[2021-03-02 01:00:12] - 엑셀다운로드데이터 삭제(delete_excel_temp)
[2021-03-02 01:00:12] - naverpay 삭제(log_naverpay_delete)
[2021-03-02 01:00:12] - captcha 삭제(log_captcha_delete)
[2021-03-02 01:00:12] - email log 삭제(log_email_delete)
[2021-03-02 01:00:12] - 장바구니 비우기(empty_cart)
[2021-03-02 01:00:12] - 엑심베이 코드 동기화(eximbay)
[2021-03-02 01:00:12] - NPay 택배사 매핑 동기화(npay_delivery_company_code)
[2021-03-02 01:00:12] - 코드 동기화(code_sync)
[2021-03-02 01:00:12] - config 동기화(config_sync)
[2021-03-02 01:00:12] - 택배사 동기화(delivery_url)
[2021-03-02 01:00:12] - 쇼핑몰 분류 동기화(shop_branch)
[2021-03-03 01:00:11] - KICC 코드 동기화(kicc_code)
[2021-03-03 01:00:11] - SMS 국가 코드(sms_national_code)
[2021-03-03 01:00:11] - 서버 캐시파일 삭제(delete_caches)
[2021-03-03 01:00:11] - 엑셀 파일 삭제(delete_excel_file)
[2021-03-03 01:00:11] - 언어별 js메시지 파일 생성(create_alert_file)
[2021-03-03 01:00:11] - 부가서비스 이슈 알림(addservice_notify)
[2021-03-03 01:00:11] - 관리자 중요행위 알림 캐시파일 생성(makeCacheActionAert)
[2021-03-03 01:00:11] - 사용 용량 업데이트(du_check)
[2021-03-03 01:00:11] - 플래시 캐시 파일 삭제(delete_flash_cach)
[2021-03-03 01:00:11] - 캡차 파일 삭제(captcha_file_delete)
[2021-03-03 01:00:11] - 오래된 파일 삭제(tmp_file_delete)
[2021-03-03 01:00:11] - 카카오알림톡 템플릿 동기화(kakaotalk_template)
[2021-03-03 01:00:11] - 엑셀다운로드데이터 삭제(delete_excel_temp)
[2021-03-03 01:00:11] - naverpay 삭제(log_naverpay_delete)
[2021-03-03 01:00:11] - captcha 삭제(log_captcha_delete)
[2021-03-03 01:00:11] - email log 삭제(log_email_delete)
[2021-03-03 01:00:11] - 장바구니 비우기(empty_cart)
[2021-03-03 01:00:11] - 엑심베이 코드 동기화(eximbay)
[2021-03-03 01:00:11] - NPay 택배사 매핑 동기화(npay_delivery_company_code)
[2021-03-03 01:00:11] - 코드 동기화(code_sync)
[2021-03-03 01:00:11] - config 동기화(config_sync)
[2021-03-03 01:00:11] - 택배사 동기화(delivery_url)
[2021-03-03 01:00:11] - 쇼핑몰 분류 동기화(shop_branch)
[2021-03-04 01:00:11] - KICC 코드 동기화(kicc_code)
[2021-03-04 01:00:11] - SMS 국가 코드(sms_national_code)
[2021-03-04 01:00:11] - 서버 캐시파일 삭제(delete_caches)
[2021-03-04 01:00:11] - 엑셀 파일 삭제(delete_excel_file)
[2021-03-04 01:00:11] - 언어별 js메시지 파일 생성(create_alert_file)
[2021-03-04 01:00:11] - 부가서비스 이슈 알림(addservice_notify)
[2021-03-04 01:00:11] - 관리자 중요행위 알림 캐시파일 생성(makeCacheActionAert)
[2021-03-04 01:00:11] - 사용 용량 업데이트(du_check)
[2021-03-04 01:00:11] - 플래시 캐시 파일 삭제(delete_flash_cach)
[2021-03-04 01:00:11] - 캡차 파일 삭제(captcha_file_delete)
[2021-03-04 01:00:11] - 오래된 파일 삭제(tmp_file_delete)
[2021-03-04 01:00:11] - 카카오알림톡 템플릿 동기화(kakaotalk_template)
[2021-03-04 01:00:11] - 엑셀다운로드데이터 삭제(delete_excel_temp)
[2021-03-04 01:00:11] - naverpay 삭제(log_naverpay_delete)
[2021-03-04 01:00:11] - captcha 삭제(log_captcha_delete)
[2021-03-04 01:00:11] - email log 삭제(log_email_delete)
[2021-03-04 01:00:11] - 장바구니 비우기(empty_cart)
[2021-03-04 01:00:11] - 엑심베이 코드 동기화(eximbay)
[2021-03-04 01:00:11] - NPay 택배사 매핑 동기화(npay_delivery_company_code)
[2021-03-04 01:00:11] - 코드 동기화(code_sync)
[2021-03-04 01:00:11] - config 동기화(config_sync)
[2021-03-04 01:00:11] - 택배사 동기화(delivery_url)
[2021-03-04 01:00:11] - 쇼핑몰 분류 동기화(shop_branch)
[2021-03-05 01:00:12] - KICC 코드 동기화(kicc_code)
[2021-03-05 01:00:12] - SMS 국가 코드(sms_national_code)
[2021-03-05 01:00:12] - 서버 캐시파일 삭제(delete_caches)
[2021-03-05 01:00:12] - 엑셀 파일 삭제(delete_excel_file)
[2021-03-05 01:00:12] - 언어별 js메시지 파일 생성(create_alert_file)
[2021-03-05 01:00:12] - 부가서비스 이슈 알림(addservice_notify)
[2021-03-05 01:00:12] - 관리자 중요행위 알림 캐시파일 생성(makeCacheActionAert)
[2021-03-05 01:00:12] - 사용 용량 업데이트(du_check)
[2021-03-05 01:00:12] - 플래시 캐시 파일 삭제(delete_flash_cach)
[2021-03-05 01:00:12] - 캡차 파일 삭제(captcha_file_delete)
[2021-03-05 01:00:12] - 오래된 파일 삭제(tmp_file_delete)
[2021-03-05 01:00:12] - 카카오알림톡 템플릿 동기화(kakaotalk_template)
[2021-03-05 01:00:12] - 엑셀다운로드데이터 삭제(delete_excel_temp)
[2021-03-05 01:00:12] - naverpay 삭제(log_naverpay_delete)
[2021-03-05 01:00:12] - captcha 삭제(log_captcha_delete)
[2021-03-05 01:00:12] - email log 삭제(log_email_delete)
[2021-03-05 01:00:12] - 장바구니 비우기(empty_cart)
[2021-03-05 01:00:12] - 엑심베이 코드 동기화(eximbay)
[2021-03-05 01:00:12] - NPay 택배사 매핑 동기화(npay_delivery_company_code)
[2021-03-05 01:00:12] - 코드 동기화(code_sync)
[2021-03-05 01:00:12] - config 동기화(config_sync)
[2021-03-05 01:00:12] - 택배사 동기화(delivery_url)
[2021-03-05 01:00:12] - 쇼핑몰 분류 동기화(shop_branch)
[2021-03-06 01:00:12] - KICC 코드 동기화(kicc_code)
[2021-03-06 01:00:12] - SMS 국가 코드(sms_national_code)
[2021-03-06 01:00:12] - 서버 캐시파일 삭제(delete_caches)
[2021-03-06 01:00:12] - 엑셀 파일 삭제(delete_excel_file)
[2021-03-06 01:00:12] - 언어별 js메시지 파일 생성(create_alert_file)
[2021-03-06 01:00:12] - 부가서비스 이슈 알림(addservice_notify)
[2021-03-06 01:00:12] - 관리자 중요행위 알림 캐시파일 생성(makeCacheActionAert)
[2021-03-06 01:00:12] - 사용 용량 업데이트(du_check)
[2021-03-06 01:00:12] - 플래시 캐시 파일 삭제(delete_flash_cach)
[2021-03-06 01:00:12] - 캡차 파일 삭제(captcha_file_delete)
[2021-03-06 01:00:12] - 오래된 파일 삭제(tmp_file_delete)
[2021-03-06 01:00:12] - 카카오알림톡 템플릿 동기화(kakaotalk_template)
[2021-03-06 01:00:12] - 엑셀다운로드데이터 삭제(delete_excel_temp)
[2021-03-06 01:00:12] - naverpay 삭제(log_naverpay_delete)
[2021-03-06 01:00:12] - captcha 삭제(log_captcha_delete)
[2021-03-06 01:00:12] - email log 삭제(log_email_delete)
[2021-03-06 01:00:12] - 장바구니 비우기(empty_cart)
[2021-03-06 01:00:12] - 엑심베이 코드 동기화(eximbay)
[2021-03-06 01:00:12] - NPay 택배사 매핑 동기화(npay_delivery_company_code)
[2021-03-06 01:00:12] - 코드 동기화(code_sync)
[2021-03-06 01:00:12] - config 동기화(config_sync)
[2021-03-06 01:00:12] - 택배사 동기화(delivery_url)
[2021-03-06 01:00:12] - 쇼핑몰 분류 동기화(shop_branch)
[2021-03-07 01:00:12] - KICC 코드 동기화(kicc_code)
[2021-03-07 01:00:12] - SMS 국가 코드(sms_national_code)
[2021-03-07 01:00:12] - 서버 캐시파일 삭제(delete_caches)
[2021-03-07 01:00:12] - 엑셀 파일 삭제(delete_excel_file)
[2021-03-07 01:00:12] - 언어별 js메시지 파일 생성(create_alert_file)
[2021-03-07 01:00:12] - 부가서비스 이슈 알림(addservice_notify)
[2021-03-07 01:00:12] - 관리자 중요행위 알림 캐시파일 생성(makeCacheActionAert)
[2021-03-07 01:00:12] - 사용 용량 업데이트(du_check)
[2021-03-07 01:00:12] - 플래시 캐시 파일 삭제(delete_flash_cach)
[2021-03-07 01:00:12] - 캡차 파일 삭제(captcha_file_delete)
[2021-03-07 01:00:12] - 오래된 파일 삭제(tmp_file_delete)
[2021-03-07 01:00:12] - 카카오알림톡 템플릿 동기화(kakaotalk_template)
[2021-03-07 01:00:12] - 엑셀다운로드데이터 삭제(delete_excel_temp)
[2021-03-07 01:00:12] - naverpay 삭제(log_naverpay_delete)
[2021-03-07 01:00:12] - captcha 삭제(log_captcha_delete)
[2021-03-07 01:00:12] - email log 삭제(log_email_delete)
[2021-03-07 01:00:12] - 장바구니 비우기(empty_cart)
[2021-03-07 01:00:12] - 엑심베이 코드 동기화(eximbay)
[2021-03-07 01:00:12] - NPay 택배사 매핑 동기화(npay_delivery_company_code)
[2021-03-07 01:00:12] - 코드 동기화(code_sync)
[2021-03-07 01:00:12] - config 동기화(config_sync)
[2021-03-07 01:00:12] - 택배사 동기화(delivery_url)
[2021-03-07 01:00:12] - 쇼핑몰 분류 동기화(shop_branch)
[2021-03-08 01:00:12] - KICC 코드 동기화(kicc_code)
[2021-03-08 01:00:12] - SMS 국가 코드(sms_national_code)
[2021-03-08 01:00:12] - 서버 캐시파일 삭제(delete_caches)
[2021-03-08 01:00:12] - 엑셀 파일 삭제(delete_excel_file)
[2021-03-08 01:00:12] - 언어별 js메시지 파일 생성(create_alert_file)
[2021-03-08 01:00:12] - 부가서비스 이슈 알림(addservice_notify)
[2021-03-08 01:00:12] - 관리자 중요행위 알림 캐시파일 생성(makeCacheActionAert)
[2021-03-08 01:00:12] - 사용 용량 업데이트(du_check)
[2021-03-08 01:00:12] - 플래시 캐시 파일 삭제(delete_flash_cach)
[2021-03-08 01:00:12] - 캡차 파일 삭제(captcha_file_delete)
[2021-03-08 01:00:12] - 오래된 파일 삭제(tmp_file_delete)
[2021-03-08 01:00:12] - 카카오알림톡 템플릿 동기화(kakaotalk_template)
[2021-03-08 01:00:12] - 엑셀다운로드데이터 삭제(delete_excel_temp)
[2021-03-08 01:00:12] - naverpay 삭제(log_naverpay_delete)
[2021-03-08 01:00:12] - captcha 삭제(log_captcha_delete)
[2021-03-08 01:00:12] - email log 삭제(log_email_delete)
[2021-03-08 01:00:12] - 장바구니 비우기(empty_cart)
[2021-03-08 01:00:12] - 엑심베이 코드 동기화(eximbay)
[2021-03-08 01:00:12] - NPay 택배사 매핑 동기화(npay_delivery_company_code)
[2021-03-08 01:00:12] - 코드 동기화(code_sync)
[2021-03-08 01:00:12] - config 동기화(config_sync)
[2021-03-08 01:00:12] - 택배사 동기화(delivery_url)
[2021-03-08 01:00:12] - 쇼핑몰 분류 동기화(shop_branch)
[2021-03-09 01:00:12] - KICC 코드 동기화(kicc_code)
[2021-03-09 01:00:12] - SMS 국가 코드(sms_national_code)
[2021-03-09 01:00:12] - 서버 캐시파일 삭제(delete_caches)
[2021-03-09 01:00:12] - 엑셀 파일 삭제(delete_excel_file)
[2021-03-09 01:00:12] - 언어별 js메시지 파일 생성(create_alert_file)
[2021-03-09 01:00:12] - 부가서비스 이슈 알림(addservice_notify)
[2021-03-09 01:00:12] - 관리자 중요행위 알림 캐시파일 생성(makeCacheActionAert)
[2021-03-09 01:00:12] - 사용 용량 업데이트(du_check)
[2021-03-09 01:00:12] - 플래시 캐시 파일 삭제(delete_flash_cach)
[2021-03-09 01:00:12] - 캡차 파일 삭제(captcha_file_delete)
[2021-03-09 01:00:12] - 오래된 파일 삭제(tmp_file_delete)
[2021-03-09 01:00:12] - 카카오알림톡 템플릿 동기화(kakaotalk_template)
[2021-03-09 01:00:12] - 엑셀다운로드데이터 삭제(delete_excel_temp)
[2021-03-09 01:00:12] - naverpay 삭제(log_naverpay_delete)
[2021-03-09 01:00:12] - captcha 삭제(log_captcha_delete)
[2021-03-09 01:00:12] - email log 삭제(log_email_delete)
[2021-03-09 01:00:12] - 장바구니 비우기(empty_cart)
[2021-03-09 01:00:12] - 엑심베이 코드 동기화(eximbay)
[2021-03-09 01:00:12] - NPay 택배사 매핑 동기화(npay_delivery_company_code)
[2021-03-09 01:00:12] - 코드 동기화(code_sync)
[2021-03-09 01:00:12] - config 동기화(config_sync)
[2021-03-09 01:00:12] - 택배사 동기화(delivery_url)
[2021-03-09 01:00:12] - 쇼핑몰 분류 동기화(shop_branch)
[2021-03-10 01:00:12] - KICC 코드 동기화(kicc_code)
[2021-03-10 01:00:12] - SMS 국가 코드(sms_national_code)
[2021-03-10 01:00:12] - 서버 캐시파일 삭제(delete_caches)
[2021-03-10 01:00:12] - 엑셀 파일 삭제(delete_excel_file)
[2021-03-10 01:00:12] - 언어별 js메시지 파일 생성(create_alert_file)
[2021-03-10 01:00:12] - 부가서비스 이슈 알림(addservice_notify)
[2021-03-10 01:00:12] - 관리자 중요행위 알림 캐시파일 생성(makeCacheActionAert)
[2021-03-10 01:00:12] - 사용 용량 업데이트(du_check)
[2021-03-10 01:00:12] - 플래시 캐시 파일 삭제(delete_flash_cach)
[2021-03-10 01:00:12] - 캡차 파일 삭제(captcha_file_delete)
[2021-03-10 01:00:12] - 오래된 파일 삭제(tmp_file_delete)
[2021-03-10 01:00:12] - 카카오알림톡 템플릿 동기화(kakaotalk_template)
[2021-03-10 01:00:12] - 엑셀다운로드데이터 삭제(delete_excel_temp)
[2021-03-10 01:00:12] - naverpay 삭제(log_naverpay_delete)
[2021-03-10 01:00:12] - captcha 삭제(log_captcha_delete)
[2021-03-10 01:00:12] - email log 삭제(log_email_delete)
[2021-03-10 01:00:12] - 장바구니 비우기(empty_cart)
[2021-03-10 01:00:12] - 엑심베이 코드 동기화(eximbay)
[2021-03-10 01:00:12] - NPay 택배사 매핑 동기화(npay_delivery_company_code)
[2021-03-10 01:00:12] - 코드 동기화(code_sync)
[2021-03-10 01:00:12] - config 동기화(config_sync)
[2021-03-10 01:00:12] - 택배사 동기화(delivery_url)
[2021-03-10 01:00:12] - 쇼핑몰 분류 동기화(shop_branch)
[2021-03-11 01:00:11] - KICC 코드 동기화(kicc_code)
[2021-03-11 01:00:11] - SMS 국가 코드(sms_national_code)
[2021-03-11 01:00:11] - 서버 캐시파일 삭제(delete_caches)
[2021-03-11 01:00:11] - 엑셀 파일 삭제(delete_excel_file)
[2021-03-11 01:00:11] - 언어별 js메시지 파일 생성(create_alert_file)
[2021-03-11 01:00:11] - 부가서비스 이슈 알림(addservice_notify)
[2021-03-11 01:00:11] - 관리자 중요행위 알림 캐시파일 생성(makeCacheActionAert)
[2021-03-11 01:00:11] - 사용 용량 업데이트(du_check)
[2021-03-11 01:00:11] - 플래시 캐시 파일 삭제(delete_flash_cach)
[2021-03-11 01:00:11] - 캡차 파일 삭제(captcha_file_delete)
[2021-03-11 01:00:11] - 오래된 파일 삭제(tmp_file_delete)
[2021-03-11 01:00:11] - 카카오알림톡 템플릿 동기화(kakaotalk_template)
[2021-03-11 01:00:11] - 엑셀다운로드데이터 삭제(delete_excel_temp)
[2021-03-11 01:00:11] - naverpay 삭제(log_naverpay_delete)
[2021-03-11 01:00:11] - captcha 삭제(log_captcha_delete)
[2021-03-11 01:00:11] - email log 삭제(log_email_delete)
[2021-03-11 01:00:11] - 장바구니 비우기(empty_cart)
[2021-03-11 01:00:11] - 엑심베이 코드 동기화(eximbay)
[2021-03-11 01:00:11] - NPay 택배사 매핑 동기화(npay_delivery_company_code)
[2021-03-11 01:00:11] - 코드 동기화(code_sync)
[2021-03-11 01:00:11] - config 동기화(config_sync)
[2021-03-11 01:00:11] - 택배사 동기화(delivery_url)
[2021-03-11 01:00:11] - 쇼핑몰 분류 동기화(shop_branch)
[2021-03-12 01:00:10] - KICC 코드 동기화(kicc_code)
[2021-03-12 01:00:10] - SMS 국가 코드(sms_national_code)
[2021-03-12 01:00:10] - 서버 캐시파일 삭제(delete_caches)
[2021-03-12 01:00:10] - 엑셀 파일 삭제(delete_excel_file)
[2021-03-12 01:00:10] - 언어별 js메시지 파일 생성(create_alert_file)
[2021-03-12 01:00:10] - 부가서비스 이슈 알림(addservice_notify)
[2021-03-12 01:00:10] - 관리자 중요행위 알림 캐시파일 생성(makeCacheActionAert)
[2021-03-12 01:00:10] - 사용 용량 업데이트(du_check)
[2021-03-12 01:00:10] - 플래시 캐시 파일 삭제(delete_flash_cach)
[2021-03-12 01:00:10] - 캡차 파일 삭제(captcha_file_delete)
[2021-03-12 01:00:10] - 오래된 파일 삭제(tmp_file_delete)
[2021-03-12 01:00:10] - 카카오알림톡 템플릿 동기화(kakaotalk_template)
[2021-03-12 01:00:10] - 엑셀다운로드데이터 삭제(delete_excel_temp)
[2021-03-12 01:00:10] - naverpay 삭제(log_naverpay_delete)
[2021-03-12 01:00:10] - captcha 삭제(log_captcha_delete)
[2021-03-12 01:00:10] - email log 삭제(log_email_delete)
[2021-03-12 01:00:10] - 장바구니 비우기(empty_cart)
[2021-03-12 01:00:10] - 엑심베이 코드 동기화(eximbay)
[2021-03-12 01:00:10] - NPay 택배사 매핑 동기화(npay_delivery_company_code)
[2021-03-12 01:00:10] - 코드 동기화(code_sync)
[2021-03-12 01:00:10] - config 동기화(config_sync)
[2021-03-12 01:00:10] - 택배사 동기화(delivery_url)
[2021-03-12 01:00:10] - 쇼핑몰 분류 동기화(shop_branch)
[2021-03-13 01:00:13] - KICC 코드 동기화(kicc_code)
[2021-03-13 01:00:13] - SMS 국가 코드(sms_national_code)
[2021-03-13 01:00:13] - 서버 캐시파일 삭제(delete_caches)
[2021-03-13 01:00:13] - 엑셀 파일 삭제(delete_excel_file)
[2021-03-13 01:00:13] - 언어별 js메시지 파일 생성(create_alert_file)
[2021-03-13 01:00:13] - 부가서비스 이슈 알림(addservice_notify)
[2021-03-13 01:00:13] - 관리자 중요행위 알림 캐시파일 생성(makeCacheActionAert)
[2021-03-13 01:00:13] - 사용 용량 업데이트(du_check)
[2021-03-13 01:00:13] - 플래시 캐시 파일 삭제(delete_flash_cach)
[2021-03-13 01:00:13] - 캡차 파일 삭제(captcha_file_delete)
[2021-03-13 01:00:13] - 오래된 파일 삭제(tmp_file_delete)
[2021-03-13 01:00:13] - 카카오알림톡 템플릿 동기화(kakaotalk_template)
[2021-03-13 01:00:13] - 엑셀다운로드데이터 삭제(delete_excel_temp)
[2021-03-13 01:00:13] - naverpay 삭제(log_naverpay_delete)
[2021-03-13 01:00:13] - captcha 삭제(log_captcha_delete)
[2021-03-13 01:00:13] - email log 삭제(log_email_delete)
[2021-03-13 01:00:13] - 장바구니 비우기(empty_cart)
[2021-03-13 01:00:13] - 엑심베이 코드 동기화(eximbay)
[2021-03-13 01:00:13] - NPay 택배사 매핑 동기화(npay_delivery_company_code)
[2021-03-13 01:00:13] - 코드 동기화(code_sync)
[2021-03-13 01:00:13] - config 동기화(config_sync)
[2021-03-13 01:00:13] - 택배사 동기화(delivery_url)
[2021-03-13 01:00:13] - 쇼핑몰 분류 동기화(shop_branch)
[2021-03-14 01:00:11] - KICC 코드 동기화(kicc_code)
[2021-03-14 01:00:11] - SMS 국가 코드(sms_national_code)
[2021-03-14 01:00:11] - 서버 캐시파일 삭제(delete_caches)
[2021-03-14 01:00:11] - 엑셀 파일 삭제(delete_excel_file)
[2021-03-14 01:00:11] - 언어별 js메시지 파일 생성(create_alert_file)
[2021-03-14 01:00:11] - 부가서비스 이슈 알림(addservice_notify)
[2021-03-14 01:00:11] - 관리자 중요행위 알림 캐시파일 생성(makeCacheActionAert)
[2021-03-14 01:00:11] - 사용 용량 업데이트(du_check)
[2021-03-14 01:00:11] - 플래시 캐시 파일 삭제(delete_flash_cach)
[2021-03-14 01:00:11] - 캡차 파일 삭제(captcha_file_delete)
[2021-03-14 01:00:11] - 오래된 파일 삭제(tmp_file_delete)
[2021-03-14 01:00:11] - 카카오알림톡 템플릿 동기화(kakaotalk_template)
[2021-03-14 01:00:11] - 엑셀다운로드데이터 삭제(delete_excel_temp)
[2021-03-14 01:00:11] - naverpay 삭제(log_naverpay_delete)
[2021-03-14 01:00:11] - captcha 삭제(log_captcha_delete)
[2021-03-14 01:00:11] - email log 삭제(log_email_delete)
[2021-03-14 01:00:11] - 장바구니 비우기(empty_cart)
[2021-03-14 01:00:11] - 엑심베이 코드 동기화(eximbay)
[2021-03-14 01:00:11] - NPay 택배사 매핑 동기화(npay_delivery_company_code)
[2021-03-14 01:00:11] - 코드 동기화(code_sync)
[2021-03-14 01:00:11] - config 동기화(config_sync)
[2021-03-14 01:00:11] - 택배사 동기화(delivery_url)
[2021-03-14 01:00:11] - 쇼핑몰 분류 동기화(shop_branch)
[2021-03-15 01:00:12] - KICC 코드 동기화(kicc_code)
[2021-03-15 01:00:12] - SMS 국가 코드(sms_national_code)
[2021-03-15 01:00:12] - 서버 캐시파일 삭제(delete_caches)
[2021-03-15 01:00:12] - 엑셀 파일 삭제(delete_excel_file)
[2021-03-15 01:00:12] - 언어별 js메시지 파일 생성(create_alert_file)
[2021-03-15 01:00:12] - 부가서비스 이슈 알림(addservice_notify)
[2021-03-15 01:00:12] - 관리자 중요행위 알림 캐시파일 생성(makeCacheActionAert)
[2021-03-15 01:00:12] - 사용 용량 업데이트(du_check)
[2021-03-15 01:00:12] - 플래시 캐시 파일 삭제(delete_flash_cach)
[2021-03-15 01:00:12] - 캡차 파일 삭제(captcha_file_delete)
[2021-03-15 01:00:12] - 오래된 파일 삭제(tmp_file_delete)
[2021-03-15 01:00:12] - 카카오알림톡 템플릿 동기화(kakaotalk_template)
[2021-03-15 01:00:12] - 엑셀다운로드데이터 삭제(delete_excel_temp)
[2021-03-15 01:00:12] - naverpay 삭제(log_naverpay_delete)
[2021-03-15 01:00:12] - captcha 삭제(log_captcha_delete)
[2021-03-15 01:00:12] - email log 삭제(log_email_delete)
[2021-03-15 01:00:12] - 장바구니 비우기(empty_cart)
[2021-03-15 01:00:12] - 엑심베이 코드 동기화(eximbay)
[2021-03-15 01:00:12] - NPay 택배사 매핑 동기화(npay_delivery_company_code)
[2021-03-15 01:00:12] - 코드 동기화(code_sync)
[2021-03-15 01:00:12] - config 동기화(config_sync)
[2021-03-15 01:00:12] - 택배사 동기화(delivery_url)
[2021-03-15 01:00:12] - 쇼핑몰 분류 동기화(shop_branch)
[2021-03-16 01:00:13] - KICC 코드 동기화(kicc_code)
[2021-03-16 01:00:13] - SMS 국가 코드(sms_national_code)
[2021-03-16 01:00:13] - 서버 캐시파일 삭제(delete_caches)
[2021-03-16 01:00:13] - 엑셀 파일 삭제(delete_excel_file)
[2021-03-16 01:00:13] - 언어별 js메시지 파일 생성(create_alert_file)
[2021-03-16 01:00:13] - 부가서비스 이슈 알림(addservice_notify)
[2021-03-16 01:00:13] - 관리자 중요행위 알림 캐시파일 생성(makeCacheActionAert)
[2021-03-16 01:00:13] - 사용 용량 업데이트(du_check)
[2021-03-16 01:00:13] - 플래시 캐시 파일 삭제(delete_flash_cach)
[2021-03-16 01:00:13] - 캡차 파일 삭제(captcha_file_delete)
[2021-03-16 01:00:13] - 오래된 파일 삭제(tmp_file_delete)
[2021-03-16 01:00:13] - 카카오알림톡 템플릿 동기화(kakaotalk_template)
[2021-03-16 01:00:13] - 엑셀다운로드데이터 삭제(delete_excel_temp)
[2021-03-16 01:00:13] - naverpay 삭제(log_naverpay_delete)
[2021-03-16 01:00:13] - captcha 삭제(log_captcha_delete)
[2021-03-16 01:00:13] - email log 삭제(log_email_delete)
[2021-03-16 01:00:13] - 장바구니 비우기(empty_cart)
[2021-03-16 01:00:13] - 엑심베이 코드 동기화(eximbay)
[2021-03-16 01:00:13] - NPay 택배사 매핑 동기화(npay_delivery_company_code)
[2021-03-16 01:00:13] - 코드 동기화(code_sync)
[2021-03-16 01:00:13] - config 동기화(config_sync)
[2021-03-16 01:00:13] - 택배사 동기화(delivery_url)
[2021-03-16 01:00:13] - 쇼핑몰 분류 동기화(shop_branch)
[2021-03-17 01:00:13] - KICC 코드 동기화(kicc_code)
[2021-03-17 01:00:13] - SMS 국가 코드(sms_national_code)
[2021-03-17 01:00:13] - 서버 캐시파일 삭제(delete_caches)
[2021-03-17 01:00:13] - 엑셀 파일 삭제(delete_excel_file)
[2021-03-17 01:00:13] - 언어별 js메시지 파일 생성(create_alert_file)
[2021-03-17 01:00:13] - 부가서비스 이슈 알림(addservice_notify)
[2021-03-17 01:00:13] - 관리자 중요행위 알림 캐시파일 생성(makeCacheActionAert)
[2021-03-17 01:00:13] - 사용 용량 업데이트(du_check)
[2021-03-17 01:00:13] - 플래시 캐시 파일 삭제(delete_flash_cach)
[2021-03-17 01:00:13] - 캡차 파일 삭제(captcha_file_delete)
[2021-03-17 01:00:13] - 오래된 파일 삭제(tmp_file_delete)
[2021-03-17 01:00:13] - 카카오알림톡 템플릿 동기화(kakaotalk_template)
[2021-03-17 01:00:13] - 엑셀다운로드데이터 삭제(delete_excel_temp)
[2021-03-17 01:00:13] - naverpay 삭제(log_naverpay_delete)
[2021-03-17 01:00:13] - captcha 삭제(log_captcha_delete)
[2021-03-17 01:00:13] - email log 삭제(log_email_delete)
[2021-03-17 01:00:13] - 장바구니 비우기(empty_cart)
[2021-03-17 01:00:13] - 엑심베이 코드 동기화(eximbay)
[2021-03-17 01:00:13] - NPay 택배사 매핑 동기화(npay_delivery_company_code)
[2021-03-17 01:00:13] - 코드 동기화(code_sync)
[2021-03-17 01:00:13] - config 동기화(config_sync)
[2021-03-17 01:00:13] - 택배사 동기화(delivery_url)
[2021-03-17 01:00:13] - 쇼핑몰 분류 동기화(shop_branch)
[2021-03-18 01:00:11] - KICC 코드 동기화(kicc_code)
[2021-03-18 01:00:11] - SMS 국가 코드(sms_national_code)
[2021-03-18 01:00:11] - 서버 캐시파일 삭제(delete_caches)
[2021-03-18 01:00:11] - 엑셀 파일 삭제(delete_excel_file)
[2021-03-18 01:00:11] - 언어별 js메시지 파일 생성(create_alert_file)
[2021-03-18 01:00:11] - 부가서비스 이슈 알림(addservice_notify)
[2021-03-18 01:00:11] - 관리자 중요행위 알림 캐시파일 생성(makeCacheActionAert)
[2021-03-18 01:00:11] - 사용 용량 업데이트(du_check)
[2021-03-18 01:00:11] - 플래시 캐시 파일 삭제(delete_flash_cach)
[2021-03-18 01:00:11] - 캡차 파일 삭제(captcha_file_delete)
[2021-03-18 01:00:11] - 오래된 파일 삭제(tmp_file_delete)
[2021-03-18 01:00:11] - 카카오알림톡 템플릿 동기화(kakaotalk_template)
[2021-03-18 01:00:11] - 엑셀다운로드데이터 삭제(delete_excel_temp)
[2021-03-18 01:00:11] - naverpay 삭제(log_naverpay_delete)
[2021-03-18 01:00:11] - captcha 삭제(log_captcha_delete)
[2021-03-18 01:00:11] - email log 삭제(log_email_delete)
[2021-03-18 01:00:11] - 장바구니 비우기(empty_cart)
[2021-03-18 01:00:11] - 엑심베이 코드 동기화(eximbay)
[2021-03-18 01:00:11] - NPay 택배사 매핑 동기화(npay_delivery_company_code)
[2021-03-18 01:00:11] - 코드 동기화(code_sync)
[2021-03-18 01:00:11] - config 동기화(config_sync)
[2021-03-18 01:00:11] - 택배사 동기화(delivery_url)
[2021-03-18 01:00:11] - 쇼핑몰 분류 동기화(shop_branch)
[2021-03-19 01:00:12] - KICC 코드 동기화(kicc_code)
[2021-03-19 01:00:12] - SMS 국가 코드(sms_national_code)
[2021-03-19 01:00:12] - 서버 캐시파일 삭제(delete_caches)
[2021-03-19 01:00:12] - 엑셀 파일 삭제(delete_excel_file)
[2021-03-19 01:00:12] - 언어별 js메시지 파일 생성(create_alert_file)
[2021-03-19 01:00:12] - 부가서비스 이슈 알림(addservice_notify)
[2021-03-19 01:00:12] - 관리자 중요행위 알림 캐시파일 생성(makeCacheActionAert)
[2021-03-19 01:00:12] - 사용 용량 업데이트(du_check)
[2021-03-19 01:00:12] - 플래시 캐시 파일 삭제(delete_flash_cach)
[2021-03-19 01:00:12] - 캡차 파일 삭제(captcha_file_delete)
[2021-03-19 01:00:12] - 오래된 파일 삭제(tmp_file_delete)
[2021-03-19 01:00:12] - 카카오알림톡 템플릿 동기화(kakaotalk_template)
[2021-03-19 01:00:12] - 엑셀다운로드데이터 삭제(delete_excel_temp)
[2021-03-19 01:00:12] - naverpay 삭제(log_naverpay_delete)
[2021-03-19 01:00:12] - captcha 삭제(log_captcha_delete)
[2021-03-19 01:00:12] - email log 삭제(log_email_delete)
[2021-03-19 01:00:12] - 장바구니 비우기(empty_cart)
[2021-03-19 01:00:12] - 엑심베이 코드 동기화(eximbay)
[2021-03-19 01:00:12] - NPay 택배사 매핑 동기화(npay_delivery_company_code)
[2021-03-19 01:00:12] - 코드 동기화(code_sync)
[2021-03-19 01:00:12] - config 동기화(config_sync)
[2021-03-19 01:00:12] - 택배사 동기화(delivery_url)
[2021-03-19 01:00:12] - 쇼핑몰 분류 동기화(shop_branch)
[2021-03-20 01:00:12] - KICC 코드 동기화(kicc_code)
[2021-03-20 01:00:12] - SMS 국가 코드(sms_national_code)
[2021-03-20 01:00:12] - 서버 캐시파일 삭제(delete_caches)
[2021-03-20 01:00:12] - 엑셀 파일 삭제(delete_excel_file)
[2021-03-20 01:00:12] - 언어별 js메시지 파일 생성(create_alert_file)
[2021-03-20 01:00:12] - 부가서비스 이슈 알림(addservice_notify)
[2021-03-20 01:00:12] - 관리자 중요행위 알림 캐시파일 생성(makeCacheActionAert)
[2021-03-20 01:00:12] - 사용 용량 업데이트(du_check)
[2021-03-20 01:00:12] - 플래시 캐시 파일 삭제(delete_flash_cach)
[2021-03-20 01:00:12] - 캡차 파일 삭제(captcha_file_delete)
[2021-03-20 01:00:12] - 오래된 파일 삭제(tmp_file_delete)
[2021-03-20 01:00:12] - 카카오알림톡 템플릿 동기화(kakaotalk_template)
[2021-03-20 01:00:12] - 엑셀다운로드데이터 삭제(delete_excel_temp)
[2021-03-20 01:00:12] - naverpay 삭제(log_naverpay_delete)
[2021-03-20 01:00:12] - captcha 삭제(log_captcha_delete)
[2021-03-20 01:00:12] - email log 삭제(log_email_delete)
[2021-03-20 01:00:12] - 장바구니 비우기(empty_cart)
[2021-03-20 01:00:12] - 엑심베이 코드 동기화(eximbay)
[2021-03-20 01:00:12] - NPay 택배사 매핑 동기화(npay_delivery_company_code)
[2021-03-20 01:00:12] - 코드 동기화(code_sync)
[2021-03-20 01:00:12] - config 동기화(config_sync)
[2021-03-20 01:00:12] - 택배사 동기화(delivery_url)
[2021-03-20 01:00:12] - 쇼핑몰 분류 동기화(shop_branch)
[2021-03-21 01:00:12] - KICC 코드 동기화(kicc_code)
[2021-03-21 01:00:12] - SMS 국가 코드(sms_national_code)
[2021-03-21 01:00:12] - 서버 캐시파일 삭제(delete_caches)
[2021-03-21 01:00:12] - 엑셀 파일 삭제(delete_excel_file)
[2021-03-21 01:00:12] - 언어별 js메시지 파일 생성(create_alert_file)
[2021-03-21 01:00:12] - 부가서비스 이슈 알림(addservice_notify)
[2021-03-21 01:00:12] - 관리자 중요행위 알림 캐시파일 생성(makeCacheActionAert)
[2021-03-21 01:00:12] - 사용 용량 업데이트(du_check)
[2021-03-21 01:00:12] - 플래시 캐시 파일 삭제(delete_flash_cach)
[2021-03-21 01:00:12] - 캡차 파일 삭제(captcha_file_delete)
[2021-03-21 01:00:12] - 오래된 파일 삭제(tmp_file_delete)
[2021-03-21 01:00:12] - 카카오알림톡 템플릿 동기화(kakaotalk_template)
[2021-03-21 01:00:12] - 엑셀다운로드데이터 삭제(delete_excel_temp)
[2021-03-21 01:00:12] - naverpay 삭제(log_naverpay_delete)
[2021-03-21 01:00:12] - captcha 삭제(log_captcha_delete)
[2021-03-21 01:00:12] - email log 삭제(log_email_delete)
[2021-03-21 01:00:12] - 장바구니 비우기(empty_cart)
[2021-03-21 01:00:12] - 엑심베이 코드 동기화(eximbay)
[2021-03-21 01:00:12] - NPay 택배사 매핑 동기화(npay_delivery_company_code)
[2021-03-21 01:00:12] - 코드 동기화(code_sync)
[2021-03-21 01:00:12] - config 동기화(config_sync)
[2021-03-21 01:00:12] - 택배사 동기화(delivery_url)
[2021-03-21 01:00:12] - 쇼핑몰 분류 동기화(shop_branch)
[2021-03-22 01:00:13] - KICC 코드 동기화(kicc_code)
[2021-03-22 01:00:13] - SMS 국가 코드(sms_national_code)
[2021-03-22 01:00:13] - 서버 캐시파일 삭제(delete_caches)
[2021-03-22 01:00:13] - 엑셀 파일 삭제(delete_excel_file)
[2021-03-22 01:00:13] - 언어별 js메시지 파일 생성(create_alert_file)
[2021-03-22 01:00:13] - 부가서비스 이슈 알림(addservice_notify)
[2021-03-22 01:00:13] - 관리자 중요행위 알림 캐시파일 생성(makeCacheActionAert)
[2021-03-22 01:00:13] - 사용 용량 업데이트(du_check)
[2021-03-22 01:00:13] - 플래시 캐시 파일 삭제(delete_flash_cach)
[2021-03-22 01:00:13] - 캡차 파일 삭제(captcha_file_delete)
[2021-03-22 01:00:13] - 오래된 파일 삭제(tmp_file_delete)
[2021-03-22 01:00:13] - 카카오알림톡 템플릿 동기화(kakaotalk_template)
[2021-03-22 01:00:13] - 엑셀다운로드데이터 삭제(delete_excel_temp)
[2021-03-22 01:00:13] - naverpay 삭제(log_naverpay_delete)
[2021-03-22 01:00:13] - captcha 삭제(log_captcha_delete)
[2021-03-22 01:00:13] - email log 삭제(log_email_delete)
[2021-03-22 01:00:13] - 장바구니 비우기(empty_cart)
[2021-03-22 01:00:13] - 엑심베이 코드 동기화(eximbay)
[2021-03-22 01:00:13] - NPay 택배사 매핑 동기화(npay_delivery_company_code)
[2021-03-22 01:00:13] - 코드 동기화(code_sync)
[2021-03-22 01:00:13] - config 동기화(config_sync)
[2021-03-22 01:00:13] - 택배사 동기화(delivery_url)
[2021-03-22 01:00:13] - 쇼핑몰 분류 동기화(shop_branch)
[2021-03-24 01:00:29] - KICC 코드 동기화(kicc_code)
[2021-03-24 01:00:29] - SMS 국가 코드(sms_national_code)
[2021-03-24 01:00:29] - 서버 캐시파일 삭제(delete_caches)
[2021-03-24 01:00:29] - 엑셀 파일 삭제(delete_excel_file)
[2021-03-24 01:00:29] - 언어별 js메시지 파일 생성(create_alert_file)
[2021-03-24 01:00:29] - 부가서비스 이슈 알림(addservice_notify)
[2021-03-24 01:00:29] - 관리자 중요행위 알림 캐시파일 생성(makeCacheActionAert)
[2021-03-24 01:00:29] - 사용 용량 업데이트(du_check)
[2021-03-24 01:00:29] - 플래시 캐시 파일 삭제(delete_flash_cach)
[2021-03-24 01:00:29] - 캡차 파일 삭제(captcha_file_delete)
[2021-03-24 01:00:29] - 오래된 파일 삭제(tmp_file_delete)
[2021-03-24 01:00:29] - 카카오알림톡 템플릿 동기화(kakaotalk_template)
[2021-03-24 01:00:29] - 엑셀다운로드데이터 삭제(delete_excel_temp)
[2021-03-24 01:00:29] - naverpay 삭제(log_naverpay_delete)
[2021-03-24 01:00:29] - captcha 삭제(log_captcha_delete)
[2021-03-24 01:00:29] - email log 삭제(log_email_delete)
[2021-03-24 01:00:29] - 장바구니 비우기(empty_cart)
[2021-03-24 01:00:29] - 엑심베이 코드 동기화(eximbay)
[2021-03-24 01:00:29] - NPay 택배사 매핑 동기화(npay_delivery_company_code)
[2021-03-24 01:00:29] - 코드 동기화(code_sync)
[2021-03-24 01:00:29] - config 동기화(config_sync)
[2021-03-24 01:00:29] - 택배사 동기화(delivery_url)
[2021-03-24 01:00:29] - 쇼핑몰 분류 동기화(shop_branch)
[2021-03-25 01:00:24] - KICC 코드 동기화(kicc_code)
[2021-03-25 01:00:24] - SMS 국가 코드(sms_national_code)
[2021-03-25 01:00:24] - 서버 캐시파일 삭제(delete_caches)
[2021-03-25 01:00:24] - 엑셀 파일 삭제(delete_excel_file)
[2021-03-25 01:00:24] - 언어별 js메시지 파일 생성(create_alert_file)
[2021-03-25 01:00:24] - 부가서비스 이슈 알림(addservice_notify)
[2021-03-25 01:00:24] - 관리자 중요행위 알림 캐시파일 생성(makeCacheActionAert)
[2021-03-25 01:00:24] - 사용 용량 업데이트(du_check)
[2021-03-25 01:00:24] - 플래시 캐시 파일 삭제(delete_flash_cach)
[2021-03-25 01:00:24] - 캡차 파일 삭제(captcha_file_delete)
[2021-03-25 01:00:24] - 오래된 파일 삭제(tmp_file_delete)
[2021-03-25 01:00:24] - 카카오알림톡 템플릿 동기화(kakaotalk_template)
[2021-03-25 01:00:24] - 엑셀다운로드데이터 삭제(delete_excel_temp)
[2021-03-25 01:00:24] - naverpay 삭제(log_naverpay_delete)
[2021-03-25 01:00:24] - captcha 삭제(log_captcha_delete)
[2021-03-25 01:00:24] - email log 삭제(log_email_delete)
[2021-03-25 01:00:24] - 장바구니 비우기(empty_cart)
[2021-03-25 01:00:24] - 엑심베이 코드 동기화(eximbay)
[2021-03-25 01:00:24] - NPay 택배사 매핑 동기화(npay_delivery_company_code)
[2021-03-25 01:00:24] - 코드 동기화(code_sync)
[2021-03-25 01:00:24] - config 동기화(config_sync)
[2021-03-25 01:00:24] - 택배사 동기화(delivery_url)
[2021-03-25 01:00:24] - 쇼핑몰 분류 동기화(shop_branch)
[2021-03-26 01:00:24] - KICC 코드 동기화(kicc_code)
[2021-03-26 01:00:24] - SMS 국가 코드(sms_national_code)
[2021-03-26 01:00:24] - 서버 캐시파일 삭제(delete_caches)
[2021-03-26 01:00:24] - 엑셀 파일 삭제(delete_excel_file)
[2021-03-26 01:00:24] - 언어별 js메시지 파일 생성(create_alert_file)
[2021-03-26 01:00:24] - 부가서비스 이슈 알림(addservice_notify)
[2021-03-26 01:00:24] - 관리자 중요행위 알림 캐시파일 생성(makeCacheActionAert)
[2021-03-26 01:00:24] - 사용 용량 업데이트(du_check)
[2021-03-26 01:00:24] - 플래시 캐시 파일 삭제(delete_flash_cach)
[2021-03-26 01:00:24] - 캡차 파일 삭제(captcha_file_delete)
[2021-03-26 01:00:24] - 오래된 파일 삭제(tmp_file_delete)
[2021-03-26 01:00:24] - 카카오알림톡 템플릿 동기화(kakaotalk_template)
[2021-03-26 01:00:24] - 엑셀다운로드데이터 삭제(delete_excel_temp)
[2021-03-26 01:00:24] - naverpay 삭제(log_naverpay_delete)
[2021-03-26 01:00:24] - captcha 삭제(log_captcha_delete)
[2021-03-26 01:00:24] - email log 삭제(log_email_delete)
[2021-03-26 01:00:24] - 장바구니 비우기(empty_cart)
[2021-03-26 01:00:24] - 엑심베이 코드 동기화(eximbay)
[2021-03-26 01:00:24] - NPay 택배사 매핑 동기화(npay_delivery_company_code)
[2021-03-26 01:00:24] - 코드 동기화(code_sync)
[2021-03-26 01:00:24] - config 동기화(config_sync)
[2021-03-26 01:00:24] - 택배사 동기화(delivery_url)
[2021-03-26 01:00:24] - 쇼핑몰 분류 동기화(shop_branch)
[2021-03-27 01:00:22] - KICC 코드 동기화(kicc_code)
[2021-03-27 01:00:22] - SMS 국가 코드(sms_national_code)
[2021-03-27 01:00:22] - 서버 캐시파일 삭제(delete_caches)
[2021-03-27 01:00:22] - 엑셀 파일 삭제(delete_excel_file)
[2021-03-27 01:00:22] - 언어별 js메시지 파일 생성(create_alert_file)
[2021-03-27 01:00:22] - 부가서비스 이슈 알림(addservice_notify)
[2021-03-27 01:00:22] - 관리자 중요행위 알림 캐시파일 생성(makeCacheActionAert)
[2021-03-27 01:00:22] - 사용 용량 업데이트(du_check)
[2021-03-27 01:00:22] - 플래시 캐시 파일 삭제(delete_flash_cach)
[2021-03-27 01:00:22] - 캡차 파일 삭제(captcha_file_delete)
[2021-03-27 01:00:22] - 오래된 파일 삭제(tmp_file_delete)
[2021-03-27 01:00:22] - 카카오알림톡 템플릿 동기화(kakaotalk_template)
[2021-03-27 01:00:22] - 엑셀다운로드데이터 삭제(delete_excel_temp)
[2021-03-27 01:00:22] - naverpay 삭제(log_naverpay_delete)
[2021-03-27 01:00:22] - captcha 삭제(log_captcha_delete)
[2021-03-27 01:00:22] - email log 삭제(log_email_delete)
[2021-03-27 01:00:22] - 장바구니 비우기(empty_cart)
[2021-03-27 01:00:22] - 엑심베이 코드 동기화(eximbay)
[2021-03-27 01:00:22] - NPay 택배사 매핑 동기화(npay_delivery_company_code)
[2021-03-27 01:00:22] - 코드 동기화(code_sync)
[2021-03-27 01:00:22] - config 동기화(config_sync)
[2021-03-27 01:00:22] - 택배사 동기화(delivery_url)
[2021-03-27 01:00:22] - 쇼핑몰 분류 동기화(shop_branch)
[2021-03-28 01:00:24] - KICC 코드 동기화(kicc_code)
[2021-03-28 01:00:24] - SMS 국가 코드(sms_national_code)
[2021-03-28 01:00:24] - 서버 캐시파일 삭제(delete_caches)
[2021-03-28 01:00:24] - 엑셀 파일 삭제(delete_excel_file)
[2021-03-28 01:00:24] - 언어별 js메시지 파일 생성(create_alert_file)
[2021-03-28 01:00:24] - 부가서비스 이슈 알림(addservice_notify)
[2021-03-28 01:00:24] - 관리자 중요행위 알림 캐시파일 생성(makeCacheActionAert)
[2021-03-28 01:00:24] - 사용 용량 업데이트(du_check)
[2021-03-28 01:00:24] - 플래시 캐시 파일 삭제(delete_flash_cach)
[2021-03-28 01:00:24] - 캡차 파일 삭제(captcha_file_delete)
[2021-03-28 01:00:24] - 오래된 파일 삭제(tmp_file_delete)
[2021-03-28 01:00:24] - 카카오알림톡 템플릿 동기화(kakaotalk_template)
[2021-03-28 01:00:24] - 엑셀다운로드데이터 삭제(delete_excel_temp)
[2021-03-28 01:00:24] - naverpay 삭제(log_naverpay_delete)
[2021-03-28 01:00:24] - captcha 삭제(log_captcha_delete)
[2021-03-28 01:00:24] - email log 삭제(log_email_delete)
[2021-03-28 01:00:24] - 장바구니 비우기(empty_cart)
[2021-03-28 01:00:24] - 엑심베이 코드 동기화(eximbay)
[2021-03-28 01:00:24] - NPay 택배사 매핑 동기화(npay_delivery_company_code)
[2021-03-28 01:00:24] - 코드 동기화(code_sync)
[2021-03-28 01:00:24] - config 동기화(config_sync)
[2021-03-28 01:00:24] - 택배사 동기화(delivery_url)
[2021-03-28 01:00:24] - 쇼핑몰 분류 동기화(shop_branch)
[2021-03-29 01:00:24] - KICC 코드 동기화(kicc_code)
[2021-03-29 01:00:24] - SMS 국가 코드(sms_national_code)
[2021-03-29 01:00:24] - 서버 캐시파일 삭제(delete_caches)
[2021-03-29 01:00:24] - 엑셀 파일 삭제(delete_excel_file)
[2021-03-29 01:00:24] - 언어별 js메시지 파일 생성(create_alert_file)
[2021-03-29 01:00:24] - 부가서비스 이슈 알림(addservice_notify)
[2021-03-29 01:00:24] - 관리자 중요행위 알림 캐시파일 생성(makeCacheActionAert)
[2021-03-29 01:00:24] - 사용 용량 업데이트(du_check)
[2021-03-29 01:00:24] - 플래시 캐시 파일 삭제(delete_flash_cach)
[2021-03-29 01:00:24] - 캡차 파일 삭제(captcha_file_delete)
[2021-03-29 01:00:24] - 오래된 파일 삭제(tmp_file_delete)
[2021-03-29 01:00:24] - 카카오알림톡 템플릿 동기화(kakaotalk_template)
[2021-03-29 01:00:24] - 엑셀다운로드데이터 삭제(delete_excel_temp)
[2021-03-29 01:00:24] - naverpay 삭제(log_naverpay_delete)
[2021-03-29 01:00:24] - captcha 삭제(log_captcha_delete)
[2021-03-29 01:00:24] - email log 삭제(log_email_delete)
[2021-03-29 01:00:24] - 장바구니 비우기(empty_cart)
[2021-03-29 01:00:24] - 엑심베이 코드 동기화(eximbay)
[2021-03-29 01:00:24] - NPay 택배사 매핑 동기화(npay_delivery_company_code)
[2021-03-29 01:00:24] - 코드 동기화(code_sync)
[2021-03-29 01:00:24] - config 동기화(config_sync)
[2021-03-29 01:00:24] - 택배사 동기화(delivery_url)
[2021-03-29 01:00:24] - 쇼핑몰 분류 동기화(shop_branch)
[2021-03-30 01:00:23] - KICC 코드 동기화(kicc_code)
[2021-03-30 01:00:23] - SMS 국가 코드(sms_national_code)
[2021-03-30 01:00:23] - 서버 캐시파일 삭제(delete_caches)
[2021-03-30 01:00:23] - 엑셀 파일 삭제(delete_excel_file)
[2021-03-30 01:00:23] - 언어별 js메시지 파일 생성(create_alert_file)
[2021-03-30 01:00:23] - 부가서비스 이슈 알림(addservice_notify)
[2021-03-30 01:00:23] - 관리자 중요행위 알림 캐시파일 생성(makeCacheActionAert)
[2021-03-30 01:00:23] - 사용 용량 업데이트(du_check)
[2021-03-30 01:00:23] - 플래시 캐시 파일 삭제(delete_flash_cach)
[2021-03-30 01:00:23] - 캡차 파일 삭제(captcha_file_delete)
[2021-03-30 01:00:23] - 오래된 파일 삭제(tmp_file_delete)
[2021-03-30 01:00:23] - 카카오알림톡 템플릿 동기화(kakaotalk_template)
[2021-03-30 01:00:23] - 엑셀다운로드데이터 삭제(delete_excel_temp)
[2021-03-30 01:00:23] - naverpay 삭제(log_naverpay_delete)
[2021-03-30 01:00:23] - captcha 삭제(log_captcha_delete)
[2021-03-30 01:00:23] - email log 삭제(log_email_delete)
[2021-03-30 01:00:23] - 장바구니 비우기(empty_cart)
[2021-03-30 01:00:23] - 엑심베이 코드 동기화(eximbay)
[2021-03-30 01:00:23] - NPay 택배사 매핑 동기화(npay_delivery_company_code)
[2021-03-30 01:00:23] - 코드 동기화(code_sync)
[2021-03-30 01:00:23] - config 동기화(config_sync)
[2021-03-30 01:00:23] - 택배사 동기화(delivery_url)
[2021-03-30 01:00:23] - 쇼핑몰 분류 동기화(shop_branch)
[2021-03-31 01:00:25] - KICC 코드 동기화(kicc_code)
[2021-03-31 01:00:25] - SMS 국가 코드(sms_national_code)
[2021-03-31 01:00:25] - 서버 캐시파일 삭제(delete_caches)
[2021-03-31 01:00:25] - 엑셀 파일 삭제(delete_excel_file)
[2021-03-31 01:00:25] - 언어별 js메시지 파일 생성(create_alert_file)
[2021-03-31 01:00:25] - 부가서비스 이슈 알림(addservice_notify)
[2021-03-31 01:00:25] - 관리자 중요행위 알림 캐시파일 생성(makeCacheActionAert)
[2021-03-31 01:00:25] - 사용 용량 업데이트(du_check)
[2021-03-31 01:00:25] - 플래시 캐시 파일 삭제(delete_flash_cach)
[2021-03-31 01:00:25] - 캡차 파일 삭제(captcha_file_delete)
[2021-03-31 01:00:25] - 오래된 파일 삭제(tmp_file_delete)
[2021-03-31 01:00:25] - 카카오알림톡 템플릿 동기화(kakaotalk_template)
[2021-03-31 01:00:25] - 엑셀다운로드데이터 삭제(delete_excel_temp)
[2021-03-31 01:00:25] - naverpay 삭제(log_naverpay_delete)
[2021-03-31 01:00:25] - captcha 삭제(log_captcha_delete)
[2021-03-31 01:00:25] - email log 삭제(log_email_delete)
[2021-03-31 01:00:25] - 장바구니 비우기(empty_cart)
[2021-03-31 01:00:25] - 엑심베이 코드 동기화(eximbay)
[2021-03-31 01:00:25] - NPay 택배사 매핑 동기화(npay_delivery_company_code)
[2021-03-31 01:00:25] - 코드 동기화(code_sync)
[2021-03-31 01:00:25] - config 동기화(config_sync)
[2021-03-31 01:00:25] - 택배사 동기화(delivery_url)
[2021-03-31 01:00:25] - 쇼핑몰 분류 동기화(shop_branch)
