[2021-01-01 00:10:06] - 구글 피드 생성(createGoogleFile)
[2021-01-01 00:10:06] - 페이스북 피드 생성(createFacebookFile)
[2021-01-01 00:10:06] - 입점마켓팅 네이버 판매지수EP 생성(createNaverSalesEpFile)
[2021-01-01 00:10:06] - 입점마켓팅 리뷰EP 생성(createReviewFile)
[2021-01-01 00:10:06] - 입점마켓팅 네이버EP 3.0 생성(createNaverThirdFile)
[2021-01-01 00:10:06] - 입점마켓팅 네이버EP 2.0 생성(createNaverFile)
[2021-01-01 00:10:06] - 입점마켓팅 다음EP 생성(createDaumFile)
[2021-01-02 00:10:04] - 구글 피드 생성(createGoogleFile)
[2021-01-02 00:10:04] - 페이스북 피드 생성(createFacebookFile)
[2021-01-02 00:10:04] - 입점마켓팅 네이버 판매지수EP 생성(createNaverSalesEpFile)
[2021-01-02 00:10:04] - 입점마켓팅 리뷰EP 생성(createReviewFile)
[2021-01-02 00:10:04] - 입점마켓팅 네이버EP 3.0 생성(createNaverThirdFile)
[2021-01-02 00:10:04] - 입점마켓팅 네이버EP 2.0 생성(createNaverFile)
[2021-01-02 00:10:04] - 입점마켓팅 다음EP 생성(createDaumFile)
[2021-01-03 00:10:04] - 구글 피드 생성(createGoogleFile)
[2021-01-03 00:10:04] - 페이스북 피드 생성(createFacebookFile)
[2021-01-03 00:10:04] - 입점마켓팅 네이버 판매지수EP 생성(createNaverSalesEpFile)
[2021-01-03 00:10:04] - 입점마켓팅 리뷰EP 생성(createReviewFile)
[2021-01-03 00:10:04] - 입점마켓팅 네이버EP 3.0 생성(createNaverThirdFile)
[2021-01-03 00:10:04] - 입점마켓팅 네이버EP 2.0 생성(createNaverFile)
[2021-01-03 00:10:04] - 입점마켓팅 다음EP 생성(createDaumFile)
[2021-01-04 00:10:04] - 구글 피드 생성(createGoogleFile)
[2021-01-04 00:10:04] - 페이스북 피드 생성(createFacebookFile)
[2021-01-04 00:10:04] - 입점마켓팅 네이버 판매지수EP 생성(createNaverSalesEpFile)
[2021-01-04 00:10:04] - 입점마켓팅 리뷰EP 생성(createReviewFile)
[2021-01-04 00:10:04] - 입점마켓팅 네이버EP 3.0 생성(createNaverThirdFile)
[2021-01-04 00:10:04] - 입점마켓팅 네이버EP 2.0 생성(createNaverFile)
[2021-01-04 00:10:04] - 입점마켓팅 다음EP 생성(createDaumFile)
[2021-01-05 00:10:04] - 구글 피드 생성(createGoogleFile)
[2021-01-05 00:10:04] - 페이스북 피드 생성(createFacebookFile)
[2021-01-05 00:10:04] - 입점마켓팅 네이버 판매지수EP 생성(createNaverSalesEpFile)
[2021-01-05 00:10:04] - 입점마켓팅 리뷰EP 생성(createReviewFile)
[2021-01-05 00:10:04] - 입점마켓팅 네이버EP 3.0 생성(createNaverThirdFile)
[2021-01-05 00:10:04] - 입점마켓팅 네이버EP 2.0 생성(createNaverFile)
[2021-01-05 00:10:04] - 입점마켓팅 다음EP 생성(createDaumFile)
[2021-01-06 00:10:04] - 구글 피드 생성(createGoogleFile)
[2021-01-06 00:10:04] - 페이스북 피드 생성(createFacebookFile)
[2021-01-06 00:10:04] - 입점마켓팅 네이버 판매지수EP 생성(createNaverSalesEpFile)
[2021-01-06 00:10:04] - 입점마켓팅 리뷰EP 생성(createReviewFile)
[2021-01-06 00:10:04] - 입점마켓팅 네이버EP 3.0 생성(createNaverThirdFile)
[2021-01-06 00:10:04] - 입점마켓팅 네이버EP 2.0 생성(createNaverFile)
[2021-01-06 00:10:04] - 입점마켓팅 다음EP 생성(createDaumFile)
[2021-01-07 00:10:04] - 구글 피드 생성(createGoogleFile)
[2021-01-07 00:10:04] - 페이스북 피드 생성(createFacebookFile)
[2021-01-07 00:10:04] - 입점마켓팅 네이버 판매지수EP 생성(createNaverSalesEpFile)
[2021-01-07 00:10:04] - 입점마켓팅 리뷰EP 생성(createReviewFile)
[2021-01-07 00:10:04] - 입점마켓팅 네이버EP 3.0 생성(createNaverThirdFile)
[2021-01-07 00:10:04] - 입점마켓팅 네이버EP 2.0 생성(createNaverFile)
[2021-01-07 00:10:04] - 입점마켓팅 다음EP 생성(createDaumFile)
[2021-01-08 00:10:04] - 구글 피드 생성(createGoogleFile)
[2021-01-08 00:10:04] - 페이스북 피드 생성(createFacebookFile)
[2021-01-08 00:10:04] - 입점마켓팅 네이버 판매지수EP 생성(createNaverSalesEpFile)
[2021-01-08 00:10:04] - 입점마켓팅 리뷰EP 생성(createReviewFile)
[2021-01-08 00:10:04] - 입점마켓팅 네이버EP 3.0 생성(createNaverThirdFile)
[2021-01-08 00:10:04] - 입점마켓팅 네이버EP 2.0 생성(createNaverFile)
[2021-01-08 00:10:04] - 입점마켓팅 다음EP 생성(createDaumFile)
[2021-01-09 00:10:04] - 구글 피드 생성(createGoogleFile)
[2021-01-09 00:10:04] - 페이스북 피드 생성(createFacebookFile)
[2021-01-09 00:10:04] - 입점마켓팅 네이버 판매지수EP 생성(createNaverSalesEpFile)
[2021-01-09 00:10:04] - 입점마켓팅 리뷰EP 생성(createReviewFile)
[2021-01-09 00:10:04] - 입점마켓팅 네이버EP 3.0 생성(createNaverThirdFile)
[2021-01-09 00:10:04] - 입점마켓팅 네이버EP 2.0 생성(createNaverFile)
[2021-01-09 00:10:04] - 입점마켓팅 다음EP 생성(createDaumFile)
[2021-01-10 00:10:04] - 구글 피드 생성(createGoogleFile)
[2021-01-10 00:10:04] - 페이스북 피드 생성(createFacebookFile)
[2021-01-10 00:10:04] - 입점마켓팅 네이버 판매지수EP 생성(createNaverSalesEpFile)
[2021-01-10 00:10:04] - 입점마켓팅 리뷰EP 생성(createReviewFile)
[2021-01-10 00:10:04] - 입점마켓팅 네이버EP 3.0 생성(createNaverThirdFile)
[2021-01-10 00:10:04] - 입점마켓팅 네이버EP 2.0 생성(createNaverFile)
[2021-01-10 00:10:04] - 입점마켓팅 다음EP 생성(createDaumFile)
[2021-01-11 00:10:05] - 구글 피드 생성(createGoogleFile)
[2021-01-11 00:10:05] - 페이스북 피드 생성(createFacebookFile)
[2021-01-11 00:10:05] - 입점마켓팅 네이버 판매지수EP 생성(createNaverSalesEpFile)
[2021-01-11 00:10:05] - 입점마켓팅 리뷰EP 생성(createReviewFile)
[2021-01-11 00:10:05] - 입점마켓팅 네이버EP 3.0 생성(createNaverThirdFile)
[2021-01-11 00:10:05] - 입점마켓팅 네이버EP 2.0 생성(createNaverFile)
[2021-01-11 00:10:05] - 입점마켓팅 다음EP 생성(createDaumFile)
[2021-01-12 00:10:04] - 구글 피드 생성(createGoogleFile)
[2021-01-12 00:10:04] - 페이스북 피드 생성(createFacebookFile)
[2021-01-12 00:10:04] - 입점마켓팅 네이버 판매지수EP 생성(createNaverSalesEpFile)
[2021-01-12 00:10:04] - 입점마켓팅 리뷰EP 생성(createReviewFile)
[2021-01-12 00:10:04] - 입점마켓팅 네이버EP 3.0 생성(createNaverThirdFile)
[2021-01-12 00:10:04] - 입점마켓팅 네이버EP 2.0 생성(createNaverFile)
[2021-01-12 00:10:04] - 입점마켓팅 다음EP 생성(createDaumFile)
[2021-01-13 00:10:05] - 구글 피드 생성(createGoogleFile)
[2021-01-13 00:10:05] - 페이스북 피드 생성(createFacebookFile)
[2021-01-13 00:10:05] - 입점마켓팅 네이버 판매지수EP 생성(createNaverSalesEpFile)
[2021-01-13 00:10:05] - 입점마켓팅 리뷰EP 생성(createReviewFile)
[2021-01-13 00:10:05] - 입점마켓팅 네이버EP 3.0 생성(createNaverThirdFile)
[2021-01-13 00:10:05] - 입점마켓팅 네이버EP 2.0 생성(createNaverFile)
[2021-01-13 00:10:05] - 입점마켓팅 다음EP 생성(createDaumFile)
[2021-01-14 00:10:05] - 구글 피드 생성(createGoogleFile)
[2021-01-14 00:10:05] - 페이스북 피드 생성(createFacebookFile)
[2021-01-14 00:10:05] - 입점마켓팅 네이버 판매지수EP 생성(createNaverSalesEpFile)
[2021-01-14 00:10:05] - 입점마켓팅 리뷰EP 생성(createReviewFile)
[2021-01-14 00:10:05] - 입점마켓팅 네이버EP 3.0 생성(createNaverThirdFile)
[2021-01-14 00:10:05] - 입점마켓팅 네이버EP 2.0 생성(createNaverFile)
[2021-01-14 00:10:05] - 입점마켓팅 다음EP 생성(createDaumFile)
[2021-01-15 00:10:06] - 구글 피드 생성(createGoogleFile)
[2021-01-15 00:10:06] - 페이스북 피드 생성(createFacebookFile)
[2021-01-15 00:10:06] - 입점마켓팅 네이버 판매지수EP 생성(createNaverSalesEpFile)
[2021-01-15 00:10:06] - 입점마켓팅 리뷰EP 생성(createReviewFile)
[2021-01-15 00:10:06] - 입점마켓팅 네이버EP 3.0 생성(createNaverThirdFile)
[2021-01-15 00:10:06] - 입점마켓팅 네이버EP 2.0 생성(createNaverFile)
[2021-01-15 00:10:06] - 입점마켓팅 다음EP 생성(createDaumFile)
[2021-01-16 00:10:05] - 구글 피드 생성(createGoogleFile)
[2021-01-16 00:10:05] - 페이스북 피드 생성(createFacebookFile)
[2021-01-16 00:10:05] - 입점마켓팅 네이버 판매지수EP 생성(createNaverSalesEpFile)
[2021-01-16 00:10:05] - 입점마켓팅 리뷰EP 생성(createReviewFile)
[2021-01-16 00:10:05] - 입점마켓팅 네이버EP 3.0 생성(createNaverThirdFile)
[2021-01-16 00:10:05] - 입점마켓팅 네이버EP 2.0 생성(createNaverFile)
[2021-01-16 00:10:05] - 입점마켓팅 다음EP 생성(createDaumFile)
[2021-01-17 00:10:05] - 구글 피드 생성(createGoogleFile)
[2021-01-17 00:10:05] - 페이스북 피드 생성(createFacebookFile)
[2021-01-17 00:10:05] - 입점마켓팅 네이버 판매지수EP 생성(createNaverSalesEpFile)
[2021-01-17 00:10:05] - 입점마켓팅 리뷰EP 생성(createReviewFile)
[2021-01-17 00:10:05] - 입점마켓팅 네이버EP 3.0 생성(createNaverThirdFile)
[2021-01-17 00:10:05] - 입점마켓팅 네이버EP 2.0 생성(createNaverFile)
[2021-01-17 00:10:05] - 입점마켓팅 다음EP 생성(createDaumFile)
[2021-01-18 00:10:06] - 구글 피드 생성(createGoogleFile)
[2021-01-18 00:10:06] - 페이스북 피드 생성(createFacebookFile)
[2021-01-18 00:10:06] - 입점마켓팅 네이버 판매지수EP 생성(createNaverSalesEpFile)
[2021-01-18 00:10:06] - 입점마켓팅 리뷰EP 생성(createReviewFile)
[2021-01-18 00:10:06] - 입점마켓팅 네이버EP 3.0 생성(createNaverThirdFile)
[2021-01-18 00:10:06] - 입점마켓팅 네이버EP 2.0 생성(createNaverFile)
[2021-01-18 00:10:06] - 입점마켓팅 다음EP 생성(createDaumFile)
[2021-01-19 00:10:06] - 구글 피드 생성(createGoogleFile)
[2021-01-19 00:10:06] - 페이스북 피드 생성(createFacebookFile)
[2021-01-19 00:10:06] - 입점마켓팅 네이버 판매지수EP 생성(createNaverSalesEpFile)
[2021-01-19 00:10:06] - 입점마켓팅 리뷰EP 생성(createReviewFile)
[2021-01-19 00:10:06] - 입점마켓팅 네이버EP 3.0 생성(createNaverThirdFile)
[2021-01-19 00:10:06] - 입점마켓팅 네이버EP 2.0 생성(createNaverFile)
[2021-01-19 00:10:06] - 입점마켓팅 다음EP 생성(createDaumFile)
[2021-01-20 00:10:06] - 구글 피드 생성(createGoogleFile)
[2021-01-20 00:10:06] - 페이스북 피드 생성(createFacebookFile)
[2021-01-20 00:10:06] - 입점마켓팅 네이버 판매지수EP 생성(createNaverSalesEpFile)
[2021-01-20 00:10:06] - 입점마켓팅 리뷰EP 생성(createReviewFile)
[2021-01-20 00:10:06] - 입점마켓팅 네이버EP 3.0 생성(createNaverThirdFile)
[2021-01-20 00:10:06] - 입점마켓팅 네이버EP 2.0 생성(createNaverFile)
[2021-01-20 00:10:06] - 입점마켓팅 다음EP 생성(createDaumFile)
[2021-01-21 00:10:06] - 구글 피드 생성(createGoogleFile)
[2021-01-21 00:10:06] - 페이스북 피드 생성(createFacebookFile)
[2021-01-21 00:10:06] - 입점마켓팅 네이버 판매지수EP 생성(createNaverSalesEpFile)
[2021-01-21 00:10:06] - 입점마켓팅 리뷰EP 생성(createReviewFile)
[2021-01-21 00:10:06] - 입점마켓팅 네이버EP 3.0 생성(createNaverThirdFile)
[2021-01-21 00:10:06] - 입점마켓팅 네이버EP 2.0 생성(createNaverFile)
[2021-01-21 00:10:06] - 입점마켓팅 다음EP 생성(createDaumFile)
[2021-01-22 00:10:06] - 구글 피드 생성(createGoogleFile)
[2021-01-22 00:10:06] - 페이스북 피드 생성(createFacebookFile)
[2021-01-22 00:10:06] - 입점마켓팅 네이버 판매지수EP 생성(createNaverSalesEpFile)
[2021-01-22 00:10:06] - 입점마켓팅 리뷰EP 생성(createReviewFile)
[2021-01-22 00:10:06] - 입점마켓팅 네이버EP 3.0 생성(createNaverThirdFile)
[2021-01-22 00:10:06] - 입점마켓팅 네이버EP 2.0 생성(createNaverFile)
[2021-01-22 00:10:06] - 입점마켓팅 다음EP 생성(createDaumFile)
[2021-01-23 00:10:06] - 구글 피드 생성(createGoogleFile)
[2021-01-23 00:10:06] - 페이스북 피드 생성(createFacebookFile)
[2021-01-23 00:10:06] - 입점마켓팅 네이버 판매지수EP 생성(createNaverSalesEpFile)
[2021-01-23 00:10:06] - 입점마켓팅 리뷰EP 생성(createReviewFile)
[2021-01-23 00:10:06] - 입점마켓팅 네이버EP 3.0 생성(createNaverThirdFile)
[2021-01-23 00:10:06] - 입점마켓팅 네이버EP 2.0 생성(createNaverFile)
[2021-01-23 00:10:06] - 입점마켓팅 다음EP 생성(createDaumFile)
[2021-01-24 00:10:06] - 구글 피드 생성(createGoogleFile)
[2021-01-24 00:10:06] - 페이스북 피드 생성(createFacebookFile)
[2021-01-24 00:10:06] - 입점마켓팅 네이버 판매지수EP 생성(createNaverSalesEpFile)
[2021-01-24 00:10:06] - 입점마켓팅 리뷰EP 생성(createReviewFile)
[2021-01-24 00:10:06] - 입점마켓팅 네이버EP 3.0 생성(createNaverThirdFile)
[2021-01-24 00:10:06] - 입점마켓팅 네이버EP 2.0 생성(createNaverFile)
[2021-01-24 00:10:06] - 입점마켓팅 다음EP 생성(createDaumFile)
[2021-01-25 00:10:06] - 구글 피드 생성(createGoogleFile)
[2021-01-25 00:10:06] - 페이스북 피드 생성(createFacebookFile)
[2021-01-25 00:10:06] - 입점마켓팅 네이버 판매지수EP 생성(createNaverSalesEpFile)
[2021-01-25 00:10:06] - 입점마켓팅 리뷰EP 생성(createReviewFile)
[2021-01-25 00:10:06] - 입점마켓팅 네이버EP 3.0 생성(createNaverThirdFile)
[2021-01-25 00:10:06] - 입점마켓팅 네이버EP 2.0 생성(createNaverFile)
[2021-01-25 00:10:06] - 입점마켓팅 다음EP 생성(createDaumFile)
[2021-01-26 00:10:06] - 구글 피드 생성(createGoogleFile)
[2021-01-26 00:10:06] - 페이스북 피드 생성(createFacebookFile)
[2021-01-26 00:10:06] - 입점마켓팅 네이버 판매지수EP 생성(createNaverSalesEpFile)
[2021-01-26 00:10:06] - 입점마켓팅 리뷰EP 생성(createReviewFile)
[2021-01-26 00:10:06] - 입점마켓팅 네이버EP 3.0 생성(createNaverThirdFile)
[2021-01-26 00:10:06] - 입점마켓팅 네이버EP 2.0 생성(createNaverFile)
[2021-01-26 00:10:06] - 입점마켓팅 다음EP 생성(createDaumFile)
[2021-01-27 00:10:07] - 구글 피드 생성(createGoogleFile)
[2021-01-27 00:10:07] - 페이스북 피드 생성(createFacebookFile)
[2021-01-27 00:10:07] - 입점마켓팅 네이버 판매지수EP 생성(createNaverSalesEpFile)
[2021-01-27 00:10:07] - 입점마켓팅 리뷰EP 생성(createReviewFile)
[2021-01-27 00:10:07] - 입점마켓팅 네이버EP 3.0 생성(createNaverThirdFile)
[2021-01-27 00:10:07] - 입점마켓팅 네이버EP 2.0 생성(createNaverFile)
[2021-01-27 00:10:07] - 입점마켓팅 다음EP 생성(createDaumFile)
[2021-01-28 00:10:07] - 구글 피드 생성(createGoogleFile)
[2021-01-28 00:10:07] - 페이스북 피드 생성(createFacebookFile)
[2021-01-28 00:10:07] - 입점마켓팅 네이버 판매지수EP 생성(createNaverSalesEpFile)
[2021-01-28 00:10:07] - 입점마켓팅 리뷰EP 생성(createReviewFile)
[2021-01-28 00:10:07] - 입점마켓팅 네이버EP 3.0 생성(createNaverThirdFile)
[2021-01-28 00:10:07] - 입점마켓팅 네이버EP 2.0 생성(createNaverFile)
[2021-01-28 00:10:07] - 입점마켓팅 다음EP 생성(createDaumFile)
[2021-01-29 00:10:07] - 구글 피드 생성(createGoogleFile)
[2021-01-29 00:10:07] - 페이스북 피드 생성(createFacebookFile)
[2021-01-29 00:10:07] - 입점마켓팅 네이버 판매지수EP 생성(createNaverSalesEpFile)
[2021-01-29 00:10:07] - 입점마켓팅 리뷰EP 생성(createReviewFile)
[2021-01-29 00:10:07] - 입점마켓팅 네이버EP 3.0 생성(createNaverThirdFile)
[2021-01-29 00:10:07] - 입점마켓팅 네이버EP 2.0 생성(createNaverFile)
[2021-01-29 00:10:07] - 입점마켓팅 다음EP 생성(createDaumFile)
[2021-01-30 00:10:06] - 구글 피드 생성(createGoogleFile)
[2021-01-30 00:10:06] - 페이스북 피드 생성(createFacebookFile)
[2021-01-30 00:10:06] - 입점마켓팅 네이버 판매지수EP 생성(createNaverSalesEpFile)
[2021-01-30 00:10:06] - 입점마켓팅 리뷰EP 생성(createReviewFile)
[2021-01-30 00:10:06] - 입점마켓팅 네이버EP 3.0 생성(createNaverThirdFile)
[2021-01-30 00:10:06] - 입점마켓팅 네이버EP 2.0 생성(createNaverFile)
[2021-01-30 00:10:06] - 입점마켓팅 다음EP 생성(createDaumFile)
[2021-01-31 00:10:06] - 구글 피드 생성(createGoogleFile)
[2021-01-31 00:10:06] - 페이스북 피드 생성(createFacebookFile)
[2021-01-31 00:10:06] - 입점마켓팅 네이버 판매지수EP 생성(createNaverSalesEpFile)
[2021-01-31 00:10:06] - 입점마켓팅 리뷰EP 생성(createReviewFile)
[2021-01-31 00:10:06] - 입점마켓팅 네이버EP 3.0 생성(createNaverThirdFile)
[2021-01-31 00:10:06] - 입점마켓팅 네이버EP 2.0 생성(createNaverFile)
[2021-01-31 00:10:06] - 입점마켓팅 다음EP 생성(createDaumFile)
