[2021-03-01 01:00:17] - 티켓 상품 자동 배송 완료(batch_social_goods_confirm) - batch_social_goods_confirm  no data
[2021-03-01 01:00:17] - 미입금 통보 확인(deposit_request)
[2021-03-01 01:00:17] - 굿스플로 배송정보(receiveTrackingResults) - OK
[2021-03-01 01:00:17] - 티켓 상품 자동 배송 완료(batch_social_goods_confirm)
[2021-03-01 01:00:17] - 자동 구매 확정(batch_buy_confirm)
[2021-03-01 01:00:17] - 자동 주문 취소(order_cancel)
[2021-03-02 01:00:16] - 티켓 상품 자동 배송 완료(batch_social_goods_confirm) - batch_social_goods_confirm  no data
[2021-03-02 01:00:16] - 미입금 통보 확인(deposit_request)
[2021-03-02 01:00:16] - 굿스플로 배송정보(receiveTrackingResults) - OK
[2021-03-02 01:00:16] - 티켓 상품 자동 배송 완료(batch_social_goods_confirm)
[2021-03-02 01:00:16] - 자동 구매 확정(batch_buy_confirm)
[2021-03-02 01:00:16] - 자동 주문 취소(order_cancel)
[2021-03-03 01:00:16] - 티켓 상품 자동 배송 완료(batch_social_goods_confirm) - batch_social_goods_confirm  no data
[2021-03-03 01:00:16] - 미입금 통보 확인(deposit_request)
[2021-03-03 01:00:16] - 굿스플로 배송정보(receiveTrackingResults) - OK
[2021-03-03 01:00:16] - 티켓 상품 자동 배송 완료(batch_social_goods_confirm)
[2021-03-03 01:00:16] - 자동 구매 확정(batch_buy_confirm)
[2021-03-03 01:00:16] - 자동 주문 취소(order_cancel)
[2021-03-04 01:00:16] - 티켓 상품 자동 배송 완료(batch_social_goods_confirm) - batch_social_goods_confirm  no data
[2021-03-04 01:00:16] - 미입금 통보 확인(deposit_request)
[2021-03-04 01:00:16] - 굿스플로 배송정보(receiveTrackingResults) - OK
[2021-03-04 01:00:16] - 티켓 상품 자동 배송 완료(batch_social_goods_confirm)
[2021-03-04 01:00:16] - 자동 구매 확정(batch_buy_confirm)
[2021-03-04 01:00:16] - 자동 주문 취소(order_cancel)
[2021-03-05 01:00:16] - 티켓 상품 자동 배송 완료(batch_social_goods_confirm) - batch_social_goods_confirm  no data
[2021-03-05 01:00:16] - 미입금 통보 확인(deposit_request)
[2021-03-05 01:00:16] - 굿스플로 배송정보(receiveTrackingResults) - OK
[2021-03-05 01:00:16] - 티켓 상품 자동 배송 완료(batch_social_goods_confirm)
[2021-03-05 01:00:16] - 자동 구매 확정(batch_buy_confirm)
[2021-03-05 01:00:16] - 자동 주문 취소(order_cancel)
[2021-03-06 01:00:16] - 티켓 상품 자동 배송 완료(batch_social_goods_confirm) - batch_social_goods_confirm  no data
[2021-03-06 01:00:16] - 미입금 통보 확인(deposit_request)
[2021-03-06 01:00:16] - 굿스플로 배송정보(receiveTrackingResults) - OK
[2021-03-06 01:00:16] - 티켓 상품 자동 배송 완료(batch_social_goods_confirm)
[2021-03-06 01:00:16] - 자동 구매 확정(batch_buy_confirm)
[2021-03-06 01:00:16] - 자동 주문 취소(order_cancel)
[2021-03-07 01:00:17] - 티켓 상품 자동 배송 완료(batch_social_goods_confirm) - batch_social_goods_confirm  no data
[2021-03-07 01:00:17] - 미입금 통보 확인(deposit_request)
[2021-03-07 01:00:17] - 굿스플로 배송정보(receiveTrackingResults) - OK
[2021-03-07 01:00:17] - 티켓 상품 자동 배송 완료(batch_social_goods_confirm)
[2021-03-07 01:00:17] - 자동 구매 확정(batch_buy_confirm)
[2021-03-07 01:00:17] - 자동 주문 취소(order_cancel)
[2021-03-08 01:00:17] - 티켓 상품 자동 배송 완료(batch_social_goods_confirm) - batch_social_goods_confirm  no data
[2021-03-08 01:00:17] - 미입금 통보 확인(deposit_request)
[2021-03-08 01:00:17] - 굿스플로 배송정보(receiveTrackingResults) - OK
[2021-03-08 01:00:17] - 티켓 상품 자동 배송 완료(batch_social_goods_confirm)
[2021-03-08 01:00:17] - 자동 구매 확정(batch_buy_confirm)
[2021-03-08 01:00:17] - 자동 주문 취소(order_cancel)
[2021-03-09 01:00:17] - 티켓 상품 자동 배송 완료(batch_social_goods_confirm) - batch_social_goods_confirm  no data
[2021-03-09 01:00:17] - 미입금 통보 확인(deposit_request)
[2021-03-09 01:00:17] - 굿스플로 배송정보(receiveTrackingResults) - OK
[2021-03-09 01:00:17] - 티켓 상품 자동 배송 완료(batch_social_goods_confirm)
[2021-03-09 01:00:17] - 자동 구매 확정(batch_buy_confirm)
[2021-03-09 01:00:17] - 자동 주문 취소(order_cancel)
[2021-03-10 01:00:16] - 티켓 상품 자동 배송 완료(batch_social_goods_confirm) - batch_social_goods_confirm  no data
[2021-03-10 01:00:16] - 미입금 통보 확인(deposit_request)
[2021-03-10 01:00:16] - 굿스플로 배송정보(receiveTrackingResults) - OK
[2021-03-10 01:00:16] - 티켓 상품 자동 배송 완료(batch_social_goods_confirm)
[2021-03-10 01:00:16] - 자동 구매 확정(batch_buy_confirm)
[2021-03-10 01:00:16] - 자동 주문 취소(order_cancel)
[2021-03-11 01:00:16] - 티켓 상품 자동 배송 완료(batch_social_goods_confirm) - batch_social_goods_confirm  no data
[2021-03-11 01:00:16] - 미입금 통보 확인(deposit_request)
[2021-03-11 01:00:16] - 굿스플로 배송정보(receiveTrackingResults) - OK
[2021-03-11 01:00:16] - 티켓 상품 자동 배송 완료(batch_social_goods_confirm)
[2021-03-11 01:00:16] - 자동 구매 확정(batch_buy_confirm)
[2021-03-11 01:00:16] - 자동 주문 취소(order_cancel)
[2021-03-12 01:00:15] - 티켓 상품 자동 배송 완료(batch_social_goods_confirm) - batch_social_goods_confirm  no data
[2021-03-12 01:00:15] - 미입금 통보 확인(deposit_request)
[2021-03-12 01:00:15] - 굿스플로 배송정보(receiveTrackingResults) - OK
[2021-03-12 01:00:15] - 티켓 상품 자동 배송 완료(batch_social_goods_confirm)
[2021-03-12 01:00:15] - 자동 구매 확정(batch_buy_confirm)
[2021-03-12 01:00:15] - 자동 주문 취소(order_cancel)
[2021-03-13 01:00:17] - 티켓 상품 자동 배송 완료(batch_social_goods_confirm) - batch_social_goods_confirm  no data
[2021-03-13 01:00:17] - 미입금 통보 확인(deposit_request)
[2021-03-13 01:00:17] - 굿스플로 배송정보(receiveTrackingResults) - OK
[2021-03-13 01:00:17] - 티켓 상품 자동 배송 완료(batch_social_goods_confirm)
[2021-03-13 01:00:17] - 자동 구매 확정(batch_buy_confirm)
[2021-03-13 01:00:17] - 자동 주문 취소(order_cancel)
[2021-03-14 01:00:16] - 티켓 상품 자동 배송 완료(batch_social_goods_confirm) - batch_social_goods_confirm  no data
[2021-03-14 01:00:16] - 미입금 통보 확인(deposit_request)
[2021-03-14 01:00:16] - 굿스플로 배송정보(receiveTrackingResults) - OK
[2021-03-14 01:00:16] - 티켓 상품 자동 배송 완료(batch_social_goods_confirm)
[2021-03-14 01:00:16] - 자동 구매 확정(batch_buy_confirm)
[2021-03-14 01:00:16] - 자동 주문 취소(order_cancel)
[2021-03-15 01:00:16] - 티켓 상품 자동 배송 완료(batch_social_goods_confirm) - batch_social_goods_confirm  no data
[2021-03-15 01:00:16] - 미입금 통보 확인(deposit_request)
[2021-03-15 01:00:16] - 굿스플로 배송정보(receiveTrackingResults) - OK
[2021-03-15 01:00:16] - 티켓 상품 자동 배송 완료(batch_social_goods_confirm)
[2021-03-15 01:00:16] - 자동 구매 확정(batch_buy_confirm)
[2021-03-15 01:00:16] - 자동 주문 취소(order_cancel)
[2021-03-16 01:00:17] - 티켓 상품 자동 배송 완료(batch_social_goods_confirm) - batch_social_goods_confirm  no data
[2021-03-16 01:00:17] - 미입금 통보 확인(deposit_request)
[2021-03-16 01:00:17] - 굿스플로 배송정보(receiveTrackingResults) - OK
[2021-03-16 01:00:17] - 티켓 상품 자동 배송 완료(batch_social_goods_confirm)
[2021-03-16 01:00:17] - 자동 구매 확정(batch_buy_confirm)
[2021-03-16 01:00:17] - 자동 주문 취소(order_cancel)
[2021-03-17 01:00:17] - 티켓 상품 자동 배송 완료(batch_social_goods_confirm) - batch_social_goods_confirm  no data
[2021-03-17 01:00:17] - 미입금 통보 확인(deposit_request)
[2021-03-17 01:00:17] - 굿스플로 배송정보(receiveTrackingResults) - OK
[2021-03-17 01:00:17] - 티켓 상품 자동 배송 완료(batch_social_goods_confirm)
[2021-03-17 01:00:17] - 자동 구매 확정(batch_buy_confirm)
[2021-03-17 01:00:17] - 자동 주문 취소(order_cancel)
[2021-03-18 01:00:15] - 티켓 상품 자동 배송 완료(batch_social_goods_confirm) - batch_social_goods_confirm  no data
[2021-03-18 01:00:15] - 미입금 통보 확인(deposit_request)
[2021-03-18 01:00:15] - 굿스플로 배송정보(receiveTrackingResults) - OK
[2021-03-18 01:00:15] - 티켓 상품 자동 배송 완료(batch_social_goods_confirm)
[2021-03-18 01:00:15] - 자동 구매 확정(batch_buy_confirm)
[2021-03-18 01:00:15] - 자동 주문 취소(order_cancel)
[2021-03-19 01:00:17] - 티켓 상품 자동 배송 완료(batch_social_goods_confirm) - batch_social_goods_confirm  no data
[2021-03-19 01:00:17] - 미입금 통보 확인(deposit_request)
[2021-03-19 01:00:17] - 굿스플로 배송정보(receiveTrackingResults) - OK
[2021-03-19 01:00:17] - 티켓 상품 자동 배송 완료(batch_social_goods_confirm)
[2021-03-19 01:00:17] - 자동 구매 확정(batch_buy_confirm)
[2021-03-19 01:00:17] - 자동 주문 취소(order_cancel)
[2021-03-20 01:00:16] - 티켓 상품 자동 배송 완료(batch_social_goods_confirm) - batch_social_goods_confirm  no data
[2021-03-20 01:00:16] - 미입금 통보 확인(deposit_request)
[2021-03-20 01:00:16] - 굿스플로 배송정보(receiveTrackingResults) - OK
[2021-03-20 01:00:16] - 티켓 상품 자동 배송 완료(batch_social_goods_confirm)
[2021-03-20 01:00:16] - 자동 구매 확정(batch_buy_confirm)
[2021-03-20 01:00:16] - 자동 주문 취소(order_cancel)
[2021-03-21 01:00:16] - 티켓 상품 자동 배송 완료(batch_social_goods_confirm) - batch_social_goods_confirm  no data
[2021-03-21 01:00:16] - 미입금 통보 확인(deposit_request)
[2021-03-21 01:00:16] - 굿스플로 배송정보(receiveTrackingResults) - OK
[2021-03-21 01:00:16] - 티켓 상품 자동 배송 완료(batch_social_goods_confirm)
[2021-03-21 01:00:16] - 자동 구매 확정(batch_buy_confirm)
[2021-03-21 01:00:16] - 자동 주문 취소(order_cancel)
[2021-03-22 01:00:17] - 티켓 상품 자동 배송 완료(batch_social_goods_confirm) - batch_social_goods_confirm  no data
[2021-03-22 01:00:17] - 미입금 통보 확인(deposit_request)
[2021-03-22 01:00:17] - 굿스플로 배송정보(receiveTrackingResults) - OK
[2021-03-22 01:00:17] - 티켓 상품 자동 배송 완료(batch_social_goods_confirm)
[2021-03-22 01:00:17] - 자동 구매 확정(batch_buy_confirm)
[2021-03-22 01:00:17] - 자동 주문 취소(order_cancel)
[2021-03-24 01:00:32] - 티켓 상품 자동 배송 완료(batch_social_goods_confirm) - batch_social_goods_confirm  no data
[2021-03-24 01:00:32] - 미입금 통보 확인(deposit_request)
[2021-03-24 01:00:32] - 굿스플로 배송정보(receiveTrackingResults) - OK
[2021-03-24 01:00:32] - 티켓 상품 자동 배송 완료(batch_social_goods_confirm)
[2021-03-24 01:00:32] - 자동 구매 확정(batch_buy_confirm)
[2021-03-24 01:00:32] - 자동 주문 취소(order_cancel)
[2021-03-25 01:00:26] - 티켓 상품 자동 배송 완료(batch_social_goods_confirm) - batch_social_goods_confirm  no data
[2021-03-25 01:00:26] - 미입금 통보 확인(deposit_request)
[2021-03-25 01:00:26] - 굿스플로 배송정보(receiveTrackingResults) - OK
[2021-03-25 01:00:26] - 티켓 상품 자동 배송 완료(batch_social_goods_confirm)
[2021-03-25 01:00:26] - 자동 구매 확정(batch_buy_confirm)
[2021-03-25 01:00:26] - 자동 주문 취소(order_cancel)
[2021-03-26 01:00:26] - 티켓 상품 자동 배송 완료(batch_social_goods_confirm) - batch_social_goods_confirm  no data
[2021-03-26 01:00:27] - 미입금 통보 확인(deposit_request)
[2021-03-26 01:00:27] - 굿스플로 배송정보(receiveTrackingResults) - OK
[2021-03-26 01:00:27] - 티켓 상품 자동 배송 완료(batch_social_goods_confirm)
[2021-03-26 01:00:27] - 자동 구매 확정(batch_buy_confirm)
[2021-03-26 01:00:27] - 자동 주문 취소(order_cancel)
[2021-03-27 01:00:24] - 티켓 상품 자동 배송 완료(batch_social_goods_confirm) - batch_social_goods_confirm  no data
[2021-03-27 01:00:24] - 미입금 통보 확인(deposit_request)
[2021-03-27 01:00:24] - 굿스플로 배송정보(receiveTrackingResults) - OK
[2021-03-27 01:00:24] - 티켓 상품 자동 배송 완료(batch_social_goods_confirm)
[2021-03-27 01:00:24] - 자동 구매 확정(batch_buy_confirm)
[2021-03-27 01:00:24] - 자동 주문 취소(order_cancel)
[2021-03-28 01:00:27] - 티켓 상품 자동 배송 완료(batch_social_goods_confirm) - batch_social_goods_confirm  no data
[2021-03-28 01:00:27] - 미입금 통보 확인(deposit_request)
[2021-03-28 01:00:27] - 굿스플로 배송정보(receiveTrackingResults) - OK
[2021-03-28 01:00:27] - 티켓 상품 자동 배송 완료(batch_social_goods_confirm)
[2021-03-28 01:00:27] - 자동 구매 확정(batch_buy_confirm)
[2021-03-28 01:00:27] - 자동 주문 취소(order_cancel)
[2021-03-29 01:00:27] - 티켓 상품 자동 배송 완료(batch_social_goods_confirm) - batch_social_goods_confirm  no data
[2021-03-29 01:00:27] - 미입금 통보 확인(deposit_request)
[2021-03-29 01:00:27] - 굿스플로 배송정보(receiveTrackingResults) - OK
[2021-03-29 01:00:27] - 티켓 상품 자동 배송 완료(batch_social_goods_confirm)
[2021-03-29 01:00:27] - 자동 구매 확정(batch_buy_confirm)
[2021-03-29 01:00:27] - 자동 주문 취소(order_cancel)
[2021-03-30 01:01:07] - 티켓 상품 자동 배송 완료(batch_social_goods_confirm) - batch_social_goods_confirm  no data
[2021-03-30 01:01:07] - 미입금 통보 확인(deposit_request)
[2021-03-30 01:01:07] - 굿스플로 배송정보(receiveTrackingResults) - OK
[2021-03-30 01:01:07] - 티켓 상품 자동 배송 완료(batch_social_goods_confirm)
[2021-03-30 01:01:07] - 자동 구매 확정(batch_buy_confirm)
[2021-03-30 01:01:07] - 자동 주문 취소(order_cancel)
[2021-03-31 01:00:48] - 티켓 상품 자동 배송 완료(batch_social_goods_confirm) - batch_social_goods_confirm  no data
[2021-03-31 01:00:48] - 미입금 통보 확인(deposit_request)
[2021-03-31 01:00:48] - 굿스플로 배송정보(receiveTrackingResults) - OK
[2021-03-31 01:00:48] - 티켓 상품 자동 배송 완료(batch_social_goods_confirm)
[2021-03-31 01:00:48] - 자동 구매 확정(batch_buy_confirm)
[2021-03-31 01:00:48] - 자동 주문 취소(order_cancel)
