[2022-02-01 01:00:24] - 개인정보 관리자 로그 삭제(delete_manager_log)
[2022-02-01 01:00:24] - 방송 취소 처리(broadcast_cancel)
[2022-02-01 01:00:24] - 로그 폴더 삭제(delete_log_files)
[2022-02-01 01:00:24] - KICC 코드 동기화(kicc_code)
[2022-02-01 01:00:24] - SMS 국가 코드(sms_national_code)
[2022-02-01 01:00:24] - 서버 캐시파일 삭제(delete_caches)
[2022-02-01 01:00:24] - 엑셀 파일 삭제(delete_excel_file)
[2022-02-01 01:00:24] - 언어별 js메시지 파일 생성(create_alert_file)
[2022-02-01 01:00:24] - 부가서비스 이슈 알림(addservice_notify)
[2022-02-01 01:00:24] - 관리자 중요행위 알림 캐시파일 생성(makeCacheActionAert)
[2022-02-01 01:00:24] - 사용 용량 업데이트(du_check)
[2022-02-01 01:00:24] - 플래시 캐시 파일 삭제(delete_flash_cach)
[2022-02-01 01:00:24] - 캡차 파일 삭제(captcha_file_delete)
[2022-02-01 01:00:24] - 오래된 파일 삭제(tmp_file_delete)
[2022-02-01 01:00:24] - 카카오알림톡 템플릿 동기화(kakaotalk_template)
[2022-02-01 01:00:24] - 엑셀다운로드데이터 삭제(delete_excel_temp)
[2022-02-01 01:00:24] - naverpay 삭제(log_naverpay_delete)
[2022-02-01 01:00:24] - captcha 삭제(log_captcha_delete)
[2022-02-01 01:00:24] - email log 삭제(log_email_delete)
[2022-02-01 01:00:24] - 장바구니 비우기(empty_cart)
[2022-02-01 01:00:24] - 엑심베이 코드 동기화(eximbay)
[2022-02-01 01:00:24] - 코드 동기화(code_sync)
[2022-02-01 01:00:24] - config 동기화(config_sync)
[2022-02-01 01:00:24] - 택배사 동기화(delivery_url)
[2022-02-01 01:00:24] - 쇼핑몰 분류 동기화(shop_branch)
[2022-02-02 01:00:21] - 개인정보 관리자 로그 삭제(delete_manager_log)
[2022-02-02 01:00:21] - 방송 취소 처리(broadcast_cancel)
[2022-02-02 01:00:21] - 로그 폴더 삭제(delete_log_files)
[2022-02-02 01:00:21] - KICC 코드 동기화(kicc_code)
[2022-02-02 01:00:21] - SMS 국가 코드(sms_national_code)
[2022-02-02 01:00:21] - 서버 캐시파일 삭제(delete_caches)
[2022-02-02 01:00:21] - 엑셀 파일 삭제(delete_excel_file)
[2022-02-02 01:00:21] - 언어별 js메시지 파일 생성(create_alert_file)
[2022-02-02 01:00:21] - 부가서비스 이슈 알림(addservice_notify)
[2022-02-02 01:00:21] - 관리자 중요행위 알림 캐시파일 생성(makeCacheActionAert)
[2022-02-02 01:00:21] - 사용 용량 업데이트(du_check)
[2022-02-02 01:00:21] - 플래시 캐시 파일 삭제(delete_flash_cach)
[2022-02-02 01:00:21] - 캡차 파일 삭제(captcha_file_delete)
[2022-02-02 01:00:21] - 오래된 파일 삭제(tmp_file_delete)
[2022-02-02 01:00:21] - 카카오알림톡 템플릿 동기화(kakaotalk_template)
[2022-02-02 01:00:21] - 엑셀다운로드데이터 삭제(delete_excel_temp)
[2022-02-02 01:00:21] - naverpay 삭제(log_naverpay_delete)
[2022-02-02 01:00:21] - captcha 삭제(log_captcha_delete)
[2022-02-02 01:00:21] - email log 삭제(log_email_delete)
[2022-02-02 01:00:21] - 장바구니 비우기(empty_cart)
[2022-02-02 01:00:21] - 엑심베이 코드 동기화(eximbay)
[2022-02-02 01:00:21] - 코드 동기화(code_sync)
[2022-02-02 01:00:21] - config 동기화(config_sync)
[2022-02-02 01:00:21] - 택배사 동기화(delivery_url)
[2022-02-02 01:00:21] - 쇼핑몰 분류 동기화(shop_branch)
[2022-02-03 01:00:28] - 개인정보 관리자 로그 삭제(delete_manager_log)
[2022-02-03 01:00:28] - 방송 취소 처리(broadcast_cancel)
[2022-02-03 01:00:28] - 로그 폴더 삭제(delete_log_files)
[2022-02-03 01:00:28] - KICC 코드 동기화(kicc_code)
[2022-02-03 01:00:28] - SMS 국가 코드(sms_national_code)
[2022-02-03 01:00:28] - 서버 캐시파일 삭제(delete_caches)
[2022-02-03 01:00:28] - 엑셀 파일 삭제(delete_excel_file)
[2022-02-03 01:00:28] - 언어별 js메시지 파일 생성(create_alert_file)
[2022-02-03 01:00:28] - 부가서비스 이슈 알림(addservice_notify)
[2022-02-03 01:00:28] - 관리자 중요행위 알림 캐시파일 생성(makeCacheActionAert)
[2022-02-03 01:00:28] - 사용 용량 업데이트(du_check)
[2022-02-03 01:00:28] - 플래시 캐시 파일 삭제(delete_flash_cach)
[2022-02-03 01:00:28] - 캡차 파일 삭제(captcha_file_delete)
[2022-02-03 01:00:28] - 오래된 파일 삭제(tmp_file_delete)
[2022-02-03 01:00:28] - 카카오알림톡 템플릿 동기화(kakaotalk_template)
[2022-02-03 01:00:28] - 엑셀다운로드데이터 삭제(delete_excel_temp)
[2022-02-03 01:00:28] - naverpay 삭제(log_naverpay_delete)
[2022-02-03 01:00:28] - captcha 삭제(log_captcha_delete)
[2022-02-03 01:00:28] - email log 삭제(log_email_delete)
[2022-02-03 01:00:28] - 장바구니 비우기(empty_cart)
[2022-02-03 01:00:28] - 엑심베이 코드 동기화(eximbay)
[2022-02-03 01:00:28] - 코드 동기화(code_sync)
[2022-02-03 01:00:28] - config 동기화(config_sync)
[2022-02-03 01:00:28] - 택배사 동기화(delivery_url)
[2022-02-03 01:00:28] - 쇼핑몰 분류 동기화(shop_branch)
