[2022-09-01 00:10:06] - 구글 피드 생성(createGoogleFile)
[2022-09-01 00:10:06] - 페이스북 피드 생성(createFacebookFile)
[2022-09-01 00:10:06] - 입점마켓팅 네이버 판매지수EP 생성(createNaverSalesEpFile)
[2022-09-01 00:10:06] - 입점마켓팅 리뷰EP 생성(createReviewFile)
[2022-09-01 00:10:06] - 입점마켓팅 네이버EP 3.0 생성(createNaverThirdFile)
[2022-09-01 00:10:06] - 입점마켓팅 네이버EP 2.0 생성(createNaverFile)
[2022-09-01 00:10:06] - 입점마켓팅 다음EP 생성(createDaumFile)
[2022-09-02 00:10:06] - 구글 피드 생성(createGoogleFile)
[2022-09-02 00:10:06] - 페이스북 피드 생성(createFacebookFile)
[2022-09-02 00:10:06] - 입점마켓팅 네이버 판매지수EP 생성(createNaverSalesEpFile)
[2022-09-02 00:10:06] - 입점마켓팅 리뷰EP 생성(createReviewFile)
[2022-09-02 00:10:06] - 입점마켓팅 네이버EP 3.0 생성(createNaverThirdFile)
[2022-09-02 00:10:06] - 입점마켓팅 네이버EP 2.0 생성(createNaverFile)
[2022-09-02 00:10:06] - 입점마켓팅 다음EP 생성(createDaumFile)
[2022-09-03 00:10:06] - 구글 피드 생성(createGoogleFile)
[2022-09-03 00:10:06] - 페이스북 피드 생성(createFacebookFile)
[2022-09-03 00:10:06] - 입점마켓팅 네이버 판매지수EP 생성(createNaverSalesEpFile)
[2022-09-03 00:10:06] - 입점마켓팅 리뷰EP 생성(createReviewFile)
[2022-09-03 00:10:06] - 입점마켓팅 네이버EP 3.0 생성(createNaverThirdFile)
[2022-09-03 00:10:06] - 입점마켓팅 네이버EP 2.0 생성(createNaverFile)
[2022-09-03 00:10:06] - 입점마켓팅 다음EP 생성(createDaumFile)
[2022-09-04 00:10:06] - 구글 피드 생성(createGoogleFile)
[2022-09-04 00:10:06] - 페이스북 피드 생성(createFacebookFile)
[2022-09-04 00:10:06] - 입점마켓팅 네이버 판매지수EP 생성(createNaverSalesEpFile)
[2022-09-04 00:10:06] - 입점마켓팅 리뷰EP 생성(createReviewFile)
[2022-09-04 00:10:06] - 입점마켓팅 네이버EP 3.0 생성(createNaverThirdFile)
[2022-09-04 00:10:06] - 입점마켓팅 네이버EP 2.0 생성(createNaverFile)
[2022-09-04 00:10:06] - 입점마켓팅 다음EP 생성(createDaumFile)
[2022-09-05 00:10:06] - 구글 피드 생성(createGoogleFile)
[2022-09-05 00:10:06] - 페이스북 피드 생성(createFacebookFile)
[2022-09-05 00:10:06] - 입점마켓팅 네이버 판매지수EP 생성(createNaverSalesEpFile)
[2022-09-05 00:10:06] - 입점마켓팅 리뷰EP 생성(createReviewFile)
[2022-09-05 00:10:06] - 입점마켓팅 네이버EP 3.0 생성(createNaverThirdFile)
[2022-09-05 00:10:06] - 입점마켓팅 네이버EP 2.0 생성(createNaverFile)
[2022-09-05 00:10:06] - 입점마켓팅 다음EP 생성(createDaumFile)
[2022-09-06 00:10:06] - 구글 피드 생성(createGoogleFile)
[2022-09-06 00:10:06] - 페이스북 피드 생성(createFacebookFile)
[2022-09-06 00:10:06] - 입점마켓팅 네이버 판매지수EP 생성(createNaverSalesEpFile)
[2022-09-06 00:10:06] - 입점마켓팅 리뷰EP 생성(createReviewFile)
[2022-09-06 00:10:06] - 입점마켓팅 네이버EP 3.0 생성(createNaverThirdFile)
[2022-09-06 00:10:06] - 입점마켓팅 네이버EP 2.0 생성(createNaverFile)
[2022-09-06 00:10:06] - 입점마켓팅 다음EP 생성(createDaumFile)
[2022-09-07 00:10:06] - 구글 피드 생성(createGoogleFile)
[2022-09-07 00:10:06] - 페이스북 피드 생성(createFacebookFile)
[2022-09-07 00:10:06] - 입점마켓팅 네이버 판매지수EP 생성(createNaverSalesEpFile)
[2022-09-07 00:10:06] - 입점마켓팅 리뷰EP 생성(createReviewFile)
[2022-09-07 00:10:06] - 입점마켓팅 네이버EP 3.0 생성(createNaverThirdFile)
[2022-09-07 00:10:06] - 입점마켓팅 네이버EP 2.0 생성(createNaverFile)
[2022-09-07 00:10:06] - 입점마켓팅 다음EP 생성(createDaumFile)
[2022-09-08 00:10:07] - 구글 피드 생성(createGoogleFile)
[2022-09-08 00:10:07] - 페이스북 피드 생성(createFacebookFile)
[2022-09-08 00:10:07] - 입점마켓팅 네이버 판매지수EP 생성(createNaverSalesEpFile)
[2022-09-08 00:10:07] - 입점마켓팅 리뷰EP 생성(createReviewFile)
[2022-09-08 00:10:07] - 입점마켓팅 네이버EP 3.0 생성(createNaverThirdFile)
[2022-09-08 00:10:07] - 입점마켓팅 네이버EP 2.0 생성(createNaverFile)
[2022-09-08 00:10:07] - 입점마켓팅 다음EP 생성(createDaumFile)
[2022-09-09 00:10:07] - 구글 피드 생성(createGoogleFile)
[2022-09-09 00:10:07] - 페이스북 피드 생성(createFacebookFile)
[2022-09-09 00:10:07] - 입점마켓팅 네이버 판매지수EP 생성(createNaverSalesEpFile)
[2022-09-09 00:10:07] - 입점마켓팅 리뷰EP 생성(createReviewFile)
[2022-09-09 00:10:07] - 입점마켓팅 네이버EP 3.0 생성(createNaverThirdFile)
[2022-09-09 00:10:07] - 입점마켓팅 네이버EP 2.0 생성(createNaverFile)
[2022-09-09 00:10:07] - 입점마켓팅 다음EP 생성(createDaumFile)
[2022-09-10 00:10:07] - 구글 피드 생성(createGoogleFile)
[2022-09-10 00:10:07] - 페이스북 피드 생성(createFacebookFile)
[2022-09-10 00:10:07] - 입점마켓팅 네이버 판매지수EP 생성(createNaverSalesEpFile)
[2022-09-10 00:10:07] - 입점마켓팅 리뷰EP 생성(createReviewFile)
[2022-09-10 00:10:07] - 입점마켓팅 네이버EP 3.0 생성(createNaverThirdFile)
[2022-09-10 00:10:07] - 입점마켓팅 네이버EP 2.0 생성(createNaverFile)
[2022-09-10 00:10:07] - 입점마켓팅 다음EP 생성(createDaumFile)
[2022-09-11 00:10:06] - 구글 피드 생성(createGoogleFile)
[2022-09-11 00:10:06] - 페이스북 피드 생성(createFacebookFile)
[2022-09-11 00:10:06] - 입점마켓팅 네이버 판매지수EP 생성(createNaverSalesEpFile)
[2022-09-11 00:10:06] - 입점마켓팅 리뷰EP 생성(createReviewFile)
[2022-09-11 00:10:06] - 입점마켓팅 네이버EP 3.0 생성(createNaverThirdFile)
[2022-09-11 00:10:06] - 입점마켓팅 네이버EP 2.0 생성(createNaverFile)
[2022-09-11 00:10:06] - 입점마켓팅 다음EP 생성(createDaumFile)
[2022-09-12 00:10:07] - 구글 피드 생성(createGoogleFile)
[2022-09-12 00:10:07] - 페이스북 피드 생성(createFacebookFile)
[2022-09-12 00:10:07] - 입점마켓팅 네이버 판매지수EP 생성(createNaverSalesEpFile)
[2022-09-12 00:10:07] - 입점마켓팅 리뷰EP 생성(createReviewFile)
[2022-09-12 00:10:07] - 입점마켓팅 네이버EP 3.0 생성(createNaverThirdFile)
[2022-09-12 00:10:07] - 입점마켓팅 네이버EP 2.0 생성(createNaverFile)
[2022-09-12 00:10:07] - 입점마켓팅 다음EP 생성(createDaumFile)
[2022-09-13 00:10:07] - 구글 피드 생성(createGoogleFile)
[2022-09-13 00:10:07] - 페이스북 피드 생성(createFacebookFile)
[2022-09-13 00:10:07] - 입점마켓팅 네이버 판매지수EP 생성(createNaverSalesEpFile)
[2022-09-13 00:10:07] - 입점마켓팅 리뷰EP 생성(createReviewFile)
[2022-09-13 00:10:07] - 입점마켓팅 네이버EP 3.0 생성(createNaverThirdFile)
[2022-09-13 00:10:07] - 입점마켓팅 네이버EP 2.0 생성(createNaverFile)
[2022-09-13 00:10:07] - 입점마켓팅 다음EP 생성(createDaumFile)
[2022-09-14 00:10:07] - 구글 피드 생성(createGoogleFile)
[2022-09-14 00:10:07] - 페이스북 피드 생성(createFacebookFile)
[2022-09-14 00:10:07] - 입점마켓팅 네이버 판매지수EP 생성(createNaverSalesEpFile)
[2022-09-14 00:10:07] - 입점마켓팅 리뷰EP 생성(createReviewFile)
[2022-09-14 00:10:07] - 입점마켓팅 네이버EP 3.0 생성(createNaverThirdFile)
[2022-09-14 00:10:07] - 입점마켓팅 네이버EP 2.0 생성(createNaverFile)
[2022-09-14 00:10:07] - 입점마켓팅 다음EP 생성(createDaumFile)
[2022-09-15 00:10:08] - 구글 피드 생성(createGoogleFile)
[2022-09-15 00:10:08] - 페이스북 피드 생성(createFacebookFile)
[2022-09-15 00:10:08] - 입점마켓팅 네이버 판매지수EP 생성(createNaverSalesEpFile)
[2022-09-15 00:10:08] - 입점마켓팅 리뷰EP 생성(createReviewFile)
[2022-09-15 00:10:08] - 입점마켓팅 네이버EP 3.0 생성(createNaverThirdFile)
[2022-09-15 00:10:08] - 입점마켓팅 네이버EP 2.0 생성(createNaverFile)
[2022-09-15 00:10:08] - 입점마켓팅 다음EP 생성(createDaumFile)
[2022-09-16 00:10:07] - 구글 피드 생성(createGoogleFile)
[2022-09-16 00:10:07] - 페이스북 피드 생성(createFacebookFile)
[2022-09-16 00:10:07] - 입점마켓팅 네이버 판매지수EP 생성(createNaverSalesEpFile)
[2022-09-16 00:10:07] - 입점마켓팅 리뷰EP 생성(createReviewFile)
[2022-09-16 00:10:07] - 입점마켓팅 네이버EP 3.0 생성(createNaverThirdFile)
[2022-09-16 00:10:07] - 입점마켓팅 네이버EP 2.0 생성(createNaverFile)
[2022-09-16 00:10:07] - 입점마켓팅 다음EP 생성(createDaumFile)
[2022-09-17 00:10:04] - 구글 피드 생성(createGoogleFile)
[2022-09-17 00:10:04] - 페이스북 피드 생성(createFacebookFile)
[2022-09-17 00:10:04] - 입점마켓팅 네이버 판매지수EP 생성(createNaverSalesEpFile)
[2022-09-17 00:10:04] - 입점마켓팅 리뷰EP 생성(createReviewFile)
[2022-09-17 00:10:04] - 입점마켓팅 네이버EP 3.0 생성(createNaverThirdFile)
[2022-09-17 00:10:04] - 입점마켓팅 네이버EP 2.0 생성(createNaverFile)
[2022-09-17 00:10:04] - 입점마켓팅 다음EP 생성(createDaumFile)
[2022-09-18 00:10:05] - 구글 피드 생성(createGoogleFile)
[2022-09-18 00:10:05] - 페이스북 피드 생성(createFacebookFile)
[2022-09-18 00:10:05] - 입점마켓팅 네이버 판매지수EP 생성(createNaverSalesEpFile)
[2022-09-18 00:10:05] - 입점마켓팅 리뷰EP 생성(createReviewFile)
[2022-09-18 00:10:05] - 입점마켓팅 네이버EP 3.0 생성(createNaverThirdFile)
[2022-09-18 00:10:05] - 입점마켓팅 네이버EP 2.0 생성(createNaverFile)
[2022-09-18 00:10:05] - 입점마켓팅 다음EP 생성(createDaumFile)
[2022-09-19 00:10:04] - 구글 피드 생성(createGoogleFile)
[2022-09-19 00:10:04] - 페이스북 피드 생성(createFacebookFile)
[2022-09-19 00:10:04] - 입점마켓팅 네이버 판매지수EP 생성(createNaverSalesEpFile)
[2022-09-19 00:10:04] - 입점마켓팅 리뷰EP 생성(createReviewFile)
[2022-09-19 00:10:04] - 입점마켓팅 네이버EP 3.0 생성(createNaverThirdFile)
[2022-09-19 00:10:04] - 입점마켓팅 네이버EP 2.0 생성(createNaverFile)
[2022-09-19 00:10:04] - 입점마켓팅 다음EP 생성(createDaumFile)
[2022-09-20 00:10:05] - 구글 피드 생성(createGoogleFile)
[2022-09-20 00:10:05] - 페이스북 피드 생성(createFacebookFile)
[2022-09-20 00:10:05] - 입점마켓팅 네이버 판매지수EP 생성(createNaverSalesEpFile)
[2022-09-20 00:10:05] - 입점마켓팅 리뷰EP 생성(createReviewFile)
[2022-09-20 00:10:05] - 입점마켓팅 네이버EP 3.0 생성(createNaverThirdFile)
[2022-09-20 00:10:05] - 입점마켓팅 네이버EP 2.0 생성(createNaverFile)
[2022-09-20 00:10:05] - 입점마켓팅 다음EP 생성(createDaumFile)
[2022-09-21 00:10:05] - 구글 피드 생성(createGoogleFile)
[2022-09-21 00:10:05] - 페이스북 피드 생성(createFacebookFile)
[2022-09-21 00:10:05] - 입점마켓팅 네이버 판매지수EP 생성(createNaverSalesEpFile)
[2022-09-21 00:10:05] - 입점마켓팅 리뷰EP 생성(createReviewFile)
[2022-09-21 00:10:05] - 입점마켓팅 네이버EP 3.0 생성(createNaverThirdFile)
[2022-09-21 00:10:05] - 입점마켓팅 네이버EP 2.0 생성(createNaverFile)
[2022-09-21 00:10:05] - 입점마켓팅 다음EP 생성(createDaumFile)
[2022-09-22 00:10:05] - 구글 피드 생성(createGoogleFile)
[2022-09-22 00:10:05] - 페이스북 피드 생성(createFacebookFile)
[2022-09-22 00:10:05] - 입점마켓팅 네이버 판매지수EP 생성(createNaverSalesEpFile)
[2022-09-22 00:10:05] - 입점마켓팅 리뷰EP 생성(createReviewFile)
[2022-09-22 00:10:05] - 입점마켓팅 네이버EP 3.0 생성(createNaverThirdFile)
[2022-09-22 00:10:05] - 입점마켓팅 네이버EP 2.0 생성(createNaverFile)
[2022-09-22 00:10:05] - 입점마켓팅 다음EP 생성(createDaumFile)
[2022-09-23 00:10:05] - 구글 피드 생성(createGoogleFile)
[2022-09-23 00:10:05] - 페이스북 피드 생성(createFacebookFile)
[2022-09-23 00:10:05] - 입점마켓팅 네이버 판매지수EP 생성(createNaverSalesEpFile)
[2022-09-23 00:10:05] - 입점마켓팅 리뷰EP 생성(createReviewFile)
[2022-09-23 00:10:05] - 입점마켓팅 네이버EP 3.0 생성(createNaverThirdFile)
[2022-09-23 00:10:05] - 입점마켓팅 네이버EP 2.0 생성(createNaverFile)
[2022-09-23 00:10:05] - 입점마켓팅 다음EP 생성(createDaumFile)
[2022-09-24 00:10:05] - 구글 피드 생성(createGoogleFile)
[2022-09-24 00:10:05] - 페이스북 피드 생성(createFacebookFile)
[2022-09-24 00:10:05] - 입점마켓팅 네이버 판매지수EP 생성(createNaverSalesEpFile)
[2022-09-24 00:10:05] - 입점마켓팅 리뷰EP 생성(createReviewFile)
[2022-09-24 00:10:05] - 입점마켓팅 네이버EP 3.0 생성(createNaverThirdFile)
[2022-09-24 00:10:05] - 입점마켓팅 네이버EP 2.0 생성(createNaverFile)
[2022-09-24 00:10:05] - 입점마켓팅 다음EP 생성(createDaumFile)
[2022-09-25 00:10:06] - 구글 피드 생성(createGoogleFile)
[2022-09-25 00:10:06] - 페이스북 피드 생성(createFacebookFile)
[2022-09-25 00:10:06] - 입점마켓팅 네이버 판매지수EP 생성(createNaverSalesEpFile)
[2022-09-25 00:10:06] - 입점마켓팅 리뷰EP 생성(createReviewFile)
[2022-09-25 00:10:06] - 입점마켓팅 네이버EP 3.0 생성(createNaverThirdFile)
[2022-09-25 00:10:06] - 입점마켓팅 네이버EP 2.0 생성(createNaverFile)
[2022-09-25 00:10:06] - 입점마켓팅 다음EP 생성(createDaumFile)
[2022-09-26 00:10:06] - 구글 피드 생성(createGoogleFile)
[2022-09-26 00:10:06] - 페이스북 피드 생성(createFacebookFile)
[2022-09-26 00:10:06] - 입점마켓팅 네이버 판매지수EP 생성(createNaverSalesEpFile)
[2022-09-26 00:10:06] - 입점마켓팅 리뷰EP 생성(createReviewFile)
[2022-09-26 00:10:06] - 입점마켓팅 네이버EP 3.0 생성(createNaverThirdFile)
[2022-09-26 00:10:06] - 입점마켓팅 네이버EP 2.0 생성(createNaverFile)
[2022-09-26 00:10:06] - 입점마켓팅 다음EP 생성(createDaumFile)
[2022-09-27 00:10:06] - 구글 피드 생성(createGoogleFile)
[2022-09-27 00:10:06] - 페이스북 피드 생성(createFacebookFile)
[2022-09-27 00:10:06] - 입점마켓팅 네이버 판매지수EP 생성(createNaverSalesEpFile)
[2022-09-27 00:10:06] - 입점마켓팅 리뷰EP 생성(createReviewFile)
[2022-09-27 00:10:06] - 입점마켓팅 네이버EP 3.0 생성(createNaverThirdFile)
[2022-09-27 00:10:06] - 입점마켓팅 네이버EP 2.0 생성(createNaverFile)
[2022-09-27 00:10:06] - 입점마켓팅 다음EP 생성(createDaumFile)
[2022-09-28 00:10:07] - 구글 피드 생성(createGoogleFile)
[2022-09-28 00:10:07] - 페이스북 피드 생성(createFacebookFile)
[2022-09-28 00:10:07] - 입점마켓팅 네이버 판매지수EP 생성(createNaverSalesEpFile)
[2022-09-28 00:10:07] - 입점마켓팅 리뷰EP 생성(createReviewFile)
[2022-09-28 00:10:07] - 입점마켓팅 네이버EP 3.0 생성(createNaverThirdFile)
[2022-09-28 00:10:07] - 입점마켓팅 네이버EP 2.0 생성(createNaverFile)
[2022-09-28 00:10:07] - 입점마켓팅 다음EP 생성(createDaumFile)
[2022-09-29 00:10:06] - 구글 피드 생성(createGoogleFile)
[2022-09-29 00:10:06] - 페이스북 피드 생성(createFacebookFile)
[2022-09-29 00:10:06] - 입점마켓팅 네이버 판매지수EP 생성(createNaverSalesEpFile)
[2022-09-29 00:10:06] - 입점마켓팅 리뷰EP 생성(createReviewFile)
[2022-09-29 00:10:06] - 입점마켓팅 네이버EP 3.0 생성(createNaverThirdFile)
[2022-09-29 00:10:06] - 입점마켓팅 네이버EP 2.0 생성(createNaverFile)
[2022-09-29 00:10:06] - 입점마켓팅 다음EP 생성(createDaumFile)
[2022-09-30 00:10:06] - 구글 피드 생성(createGoogleFile)
[2022-09-30 00:10:06] - 페이스북 피드 생성(createFacebookFile)
[2022-09-30 00:10:06] - 입점마켓팅 네이버 판매지수EP 생성(createNaverSalesEpFile)
[2022-09-30 00:10:06] - 입점마켓팅 리뷰EP 생성(createReviewFile)
[2022-09-30 00:10:06] - 입점마켓팅 네이버EP 3.0 생성(createNaverThirdFile)
[2022-09-30 00:10:06] - 입점마켓팅 네이버EP 2.0 생성(createNaverFile)
[2022-09-30 00:10:06] - 입점마켓팅 다음EP 생성(createDaumFile)
