[2021-06-01 01:00:27] - 만료 할인쿠폰 알림(remind_coupon) - Err(Today is not monday)
[2021-06-01 01:00:28] - 기념일 축하 안내(remind_anniversary)
[2021-06-01 01:00:28] - 생일 축하 안내(remind_birthday)
[2021-06-01 01:00:28] - 상품 리뷰 작성 안내(remind_review)
[2021-06-01 01:00:28] - 타임세일 종료 상품 안내(remind_timesale)
[2021-06-01 01:00:28] - 회원등급 혜택 안내(remind_membership)
[2021-06-01 01:00:28] - 장바구니/위시리스트 상품 안내(remind_cart)
[2021-06-01 01:00:28] - 소멸 마일리지 안내(remind_emoney)
[2021-06-01 01:00:28] - 만료 할인쿠폰 알림(remind_coupon)
[2021-06-02 01:00:25] - 만료 할인쿠폰 알림(remind_coupon) - Err(Today is not monday)
[2021-06-02 01:00:25] - 소멸 마일리지 안내(remind_emoney) - Err(Today is not monday)
[2021-06-02 01:00:25] - 기념일 축하 안내(remind_anniversary)
[2021-06-02 01:00:25] - 생일 축하 안내(remind_birthday)
[2021-06-02 01:00:25] - 상품 리뷰 작성 안내(remind_review)
[2021-06-02 01:00:25] - 타임세일 종료 상품 안내(remind_timesale)
[2021-06-02 01:00:25] - 회원등급 혜택 안내(remind_membership)
[2021-06-02 01:00:25] - 장바구니/위시리스트 상품 안내(remind_cart)
[2021-06-02 01:00:25] - 소멸 마일리지 안내(remind_emoney)
[2021-06-02 01:00:25] - 만료 할인쿠폰 알림(remind_coupon)
[2021-06-03 01:00:25] - 만료 할인쿠폰 알림(remind_coupon) - Err(Today is not monday)
[2021-06-03 01:00:25] - 소멸 마일리지 안내(remind_emoney) - Err(Today is not monday)
[2021-06-03 01:00:25] - 기념일 축하 안내(remind_anniversary)
[2021-06-03 01:00:25] - 생일 축하 안내(remind_birthday)
[2021-06-03 01:00:25] - 상품 리뷰 작성 안내(remind_review)
[2021-06-03 01:00:25] - 타임세일 종료 상품 안내(remind_timesale)
[2021-06-03 01:00:25] - 회원등급 혜택 안내(remind_membership)
[2021-06-03 01:00:25] - 장바구니/위시리스트 상품 안내(remind_cart)
[2021-06-03 01:00:25] - 소멸 마일리지 안내(remind_emoney)
[2021-06-03 01:00:25] - 만료 할인쿠폰 알림(remind_coupon)
[2021-06-04 01:00:24] - 만료 할인쿠폰 알림(remind_coupon) - Err(Today is not monday)
[2021-06-04 01:00:24] - 소멸 마일리지 안내(remind_emoney) - Err(Today is not monday)
[2021-06-04 01:00:24] - 기념일 축하 안내(remind_anniversary)
[2021-06-04 01:00:24] - 생일 축하 안내(remind_birthday)
[2021-06-04 01:00:24] - 상품 리뷰 작성 안내(remind_review)
[2021-06-04 01:00:24] - 타임세일 종료 상품 안내(remind_timesale)
[2021-06-04 01:00:24] - 회원등급 혜택 안내(remind_membership)
[2021-06-04 01:00:24] - 장바구니/위시리스트 상품 안내(remind_cart)
[2021-06-04 01:00:24] - 소멸 마일리지 안내(remind_emoney)
[2021-06-04 01:00:24] - 만료 할인쿠폰 알림(remind_coupon)
[2021-06-05 01:00:24] - 만료 할인쿠폰 알림(remind_coupon) - Err(Today is not monday)
[2021-06-05 01:00:24] - 소멸 마일리지 안내(remind_emoney) - Err(Today is not monday)
[2021-06-05 01:00:24] - 기념일 축하 안내(remind_anniversary)
[2021-06-05 01:00:24] - 생일 축하 안내(remind_birthday)
[2021-06-05 01:00:24] - 상품 리뷰 작성 안내(remind_review)
[2021-06-05 01:00:24] - 타임세일 종료 상품 안내(remind_timesale)
[2021-06-05 01:00:24] - 회원등급 혜택 안내(remind_membership)
[2021-06-05 01:00:24] - 장바구니/위시리스트 상품 안내(remind_cart)
[2021-06-05 01:00:24] - 소멸 마일리지 안내(remind_emoney)
[2021-06-05 01:00:24] - 만료 할인쿠폰 알림(remind_coupon)
[2021-06-06 01:00:28] - 만료 할인쿠폰 알림(remind_coupon) - Err(Today is not monday)
[2021-06-06 01:00:28] - 소멸 마일리지 안내(remind_emoney) - Err(Today is not monday)
[2021-06-06 01:00:29] - 기념일 축하 안내(remind_anniversary)
[2021-06-06 01:00:29] - 생일 축하 안내(remind_birthday)
[2021-06-06 01:00:29] - 상품 리뷰 작성 안내(remind_review)
[2021-06-06 01:00:29] - 타임세일 종료 상품 안내(remind_timesale)
[2021-06-06 01:00:29] - 회원등급 혜택 안내(remind_membership)
[2021-06-06 01:00:29] - 장바구니/위시리스트 상품 안내(remind_cart)
[2021-06-06 01:00:29] - 소멸 마일리지 안내(remind_emoney)
[2021-06-06 01:00:29] - 만료 할인쿠폰 알림(remind_coupon)
[2021-06-07 01:00:27] - 소멸 마일리지 안내(remind_emoney) - Err(Today is not monday)
[2021-06-07 01:00:27] - 기념일 축하 안내(remind_anniversary)
[2021-06-07 01:00:27] - 생일 축하 안내(remind_birthday)
[2021-06-07 01:00:27] - 상품 리뷰 작성 안내(remind_review)
[2021-06-07 01:00:27] - 타임세일 종료 상품 안내(remind_timesale)
[2021-06-07 01:00:27] - 회원등급 혜택 안내(remind_membership)
[2021-06-07 01:00:27] - 장바구니/위시리스트 상품 안내(remind_cart)
[2021-06-07 01:00:27] - 소멸 마일리지 안내(remind_emoney)
[2021-06-07 01:00:27] - 만료 할인쿠폰 알림(remind_coupon)
[2021-06-08 01:00:26] - 만료 할인쿠폰 알림(remind_coupon) - Err(Today is not monday)
[2021-06-08 01:00:26] - 소멸 마일리지 안내(remind_emoney) - Err(Today is not monday)
[2021-06-08 01:00:26] - 기념일 축하 안내(remind_anniversary)
[2021-06-08 01:00:26] - 생일 축하 안내(remind_birthday)
[2021-06-08 01:00:26] - 상품 리뷰 작성 안내(remind_review)
[2021-06-08 01:00:26] - 타임세일 종료 상품 안내(remind_timesale)
[2021-06-08 01:00:26] - 회원등급 혜택 안내(remind_membership)
[2021-06-08 01:00:26] - 장바구니/위시리스트 상품 안내(remind_cart)
[2021-06-08 01:00:26] - 소멸 마일리지 안내(remind_emoney)
[2021-06-08 01:00:26] - 만료 할인쿠폰 알림(remind_coupon)
[2021-06-09 01:00:25] - 만료 할인쿠폰 알림(remind_coupon) - Err(Today is not monday)
[2021-06-09 01:00:25] - 소멸 마일리지 안내(remind_emoney) - Err(Today is not monday)
[2021-06-09 01:00:25] - 기념일 축하 안내(remind_anniversary)
[2021-06-09 01:00:25] - 생일 축하 안내(remind_birthday)
[2021-06-09 01:00:25] - 상품 리뷰 작성 안내(remind_review)
[2021-06-09 01:00:25] - 타임세일 종료 상품 안내(remind_timesale)
[2021-06-09 01:00:25] - 회원등급 혜택 안내(remind_membership)
[2021-06-09 01:00:25] - 장바구니/위시리스트 상품 안내(remind_cart)
[2021-06-09 01:00:25] - 소멸 마일리지 안내(remind_emoney)
[2021-06-09 01:00:25] - 만료 할인쿠폰 알림(remind_coupon)
[2021-06-10 01:00:27] - 만료 할인쿠폰 알림(remind_coupon) - Err(Today is not monday)
[2021-06-10 01:00:27] - 소멸 마일리지 안내(remind_emoney) - Err(Today is not monday)
[2021-06-10 01:00:27] - 기념일 축하 안내(remind_anniversary)
[2021-06-10 01:00:27] - 생일 축하 안내(remind_birthday)
[2021-06-10 01:00:27] - 상품 리뷰 작성 안내(remind_review)
[2021-06-10 01:00:27] - 타임세일 종료 상품 안내(remind_timesale)
[2021-06-10 01:00:27] - 회원등급 혜택 안내(remind_membership)
[2021-06-10 01:00:27] - 장바구니/위시리스트 상품 안내(remind_cart)
[2021-06-10 01:00:27] - 소멸 마일리지 안내(remind_emoney)
[2021-06-10 01:00:27] - 만료 할인쿠폰 알림(remind_coupon)
[2021-06-11 01:00:25] - 만료 할인쿠폰 알림(remind_coupon) - Err(Today is not monday)
[2021-06-11 01:00:25] - 소멸 마일리지 안내(remind_emoney) - Err(Today is not monday)
[2021-06-11 01:00:26] - 기념일 축하 안내(remind_anniversary)
[2021-06-11 01:00:26] - 생일 축하 안내(remind_birthday)
[2021-06-11 01:00:26] - 상품 리뷰 작성 안내(remind_review)
[2021-06-11 01:00:26] - 타임세일 종료 상품 안내(remind_timesale)
[2021-06-11 01:00:26] - 회원등급 혜택 안내(remind_membership)
[2021-06-11 01:00:26] - 장바구니/위시리스트 상품 안내(remind_cart)
[2021-06-11 01:00:26] - 소멸 마일리지 안내(remind_emoney)
[2021-06-11 01:00:26] - 만료 할인쿠폰 알림(remind_coupon)
[2021-06-12 01:00:27] - 만료 할인쿠폰 알림(remind_coupon) - Err(Today is not monday)
[2021-06-12 01:00:27] - 소멸 마일리지 안내(remind_emoney) - Err(Today is not monday)
[2021-06-12 01:00:27] - 기념일 축하 안내(remind_anniversary)
[2021-06-12 01:00:27] - 생일 축하 안내(remind_birthday)
[2021-06-12 01:00:27] - 상품 리뷰 작성 안내(remind_review)
[2021-06-12 01:00:27] - 타임세일 종료 상품 안내(remind_timesale)
[2021-06-12 01:00:27] - 회원등급 혜택 안내(remind_membership)
[2021-06-12 01:00:27] - 장바구니/위시리스트 상품 안내(remind_cart)
[2021-06-12 01:00:27] - 소멸 마일리지 안내(remind_emoney)
[2021-06-12 01:00:27] - 만료 할인쿠폰 알림(remind_coupon)
[2021-06-13 01:00:25] - 만료 할인쿠폰 알림(remind_coupon) - Err(Today is not monday)
[2021-06-13 01:00:25] - 소멸 마일리지 안내(remind_emoney) - Err(Today is not monday)
[2021-06-13 01:00:25] - 기념일 축하 안내(remind_anniversary)
[2021-06-13 01:00:25] - 생일 축하 안내(remind_birthday)
[2021-06-13 01:00:25] - 상품 리뷰 작성 안내(remind_review)
[2021-06-13 01:00:25] - 타임세일 종료 상품 안내(remind_timesale)
[2021-06-13 01:00:25] - 회원등급 혜택 안내(remind_membership)
[2021-06-13 01:00:25] - 장바구니/위시리스트 상품 안내(remind_cart)
[2021-06-13 01:00:25] - 소멸 마일리지 안내(remind_emoney)
[2021-06-13 01:00:25] - 만료 할인쿠폰 알림(remind_coupon)
[2021-06-14 01:00:46] - 소멸 마일리지 안내(remind_emoney) - Err(Today is not monday)
[2021-06-14 01:00:46] - 기념일 축하 안내(remind_anniversary)
[2021-06-14 01:00:46] - 생일 축하 안내(remind_birthday)
[2021-06-14 01:00:46] - 상품 리뷰 작성 안내(remind_review)
[2021-06-14 01:00:46] - 타임세일 종료 상품 안내(remind_timesale)
[2021-06-14 01:00:46] - 회원등급 혜택 안내(remind_membership)
[2021-06-14 01:00:46] - 장바구니/위시리스트 상품 안내(remind_cart)
[2021-06-14 01:00:46] - 소멸 마일리지 안내(remind_emoney)
[2021-06-14 01:00:46] - 만료 할인쿠폰 알림(remind_coupon)
[2021-06-15 01:00:26] - 만료 할인쿠폰 알림(remind_coupon) - Err(Today is not monday)
[2021-06-15 01:00:26] - 소멸 마일리지 안내(remind_emoney) - Err(Today is not monday)
[2021-06-15 01:00:26] - 기념일 축하 안내(remind_anniversary)
[2021-06-15 01:00:26] - 생일 축하 안내(remind_birthday)
[2021-06-15 01:00:26] - 상품 리뷰 작성 안내(remind_review)
[2021-06-15 01:00:26] - 타임세일 종료 상품 안내(remind_timesale)
[2021-06-15 01:00:26] - 회원등급 혜택 안내(remind_membership)
[2021-06-15 01:00:26] - 장바구니/위시리스트 상품 안내(remind_cart)
[2021-06-15 01:00:26] - 소멸 마일리지 안내(remind_emoney)
[2021-06-15 01:00:26] - 만료 할인쿠폰 알림(remind_coupon)
[2021-06-16 01:00:30] - 만료 할인쿠폰 알림(remind_coupon) - Err(Today is not monday)
[2021-06-16 01:00:30] - 소멸 마일리지 안내(remind_emoney) - Err(Today is not monday)
[2021-06-16 01:00:30] - 기념일 축하 안내(remind_anniversary)
[2021-06-16 01:00:30] - 생일 축하 안내(remind_birthday)
[2021-06-16 01:00:30] - 상품 리뷰 작성 안내(remind_review)
[2021-06-16 01:00:30] - 타임세일 종료 상품 안내(remind_timesale)
[2021-06-16 01:00:30] - 회원등급 혜택 안내(remind_membership)
[2021-06-16 01:00:30] - 장바구니/위시리스트 상품 안내(remind_cart)
[2021-06-16 01:00:30] - 소멸 마일리지 안내(remind_emoney)
[2021-06-16 01:00:30] - 만료 할인쿠폰 알림(remind_coupon)
[2021-06-17 01:00:27] - 만료 할인쿠폰 알림(remind_coupon) - Err(Today is not monday)
[2021-06-17 01:00:27] - 소멸 마일리지 안내(remind_emoney) - Err(Today is not monday)
[2021-06-17 01:00:27] - 기념일 축하 안내(remind_anniversary)
[2021-06-17 01:00:27] - 생일 축하 안내(remind_birthday)
[2021-06-17 01:00:27] - 상품 리뷰 작성 안내(remind_review)
[2021-06-17 01:00:27] - 타임세일 종료 상품 안내(remind_timesale)
[2021-06-17 01:00:27] - 회원등급 혜택 안내(remind_membership)
[2021-06-17 01:00:27] - 장바구니/위시리스트 상품 안내(remind_cart)
[2021-06-17 01:00:27] - 소멸 마일리지 안내(remind_emoney)
[2021-06-17 01:00:27] - 만료 할인쿠폰 알림(remind_coupon)
[2021-06-18 01:00:27] - 만료 할인쿠폰 알림(remind_coupon) - Err(Today is not monday)
[2021-06-18 01:00:27] - 소멸 마일리지 안내(remind_emoney) - Err(Today is not monday)
[2021-06-18 01:00:27] - 기념일 축하 안내(remind_anniversary)
[2021-06-18 01:00:27] - 생일 축하 안내(remind_birthday)
[2021-06-18 01:00:27] - 상품 리뷰 작성 안내(remind_review)
[2021-06-18 01:00:27] - 타임세일 종료 상품 안내(remind_timesale)
[2021-06-18 01:00:27] - 회원등급 혜택 안내(remind_membership)
[2021-06-18 01:00:27] - 장바구니/위시리스트 상품 안내(remind_cart)
[2021-06-18 01:00:27] - 소멸 마일리지 안내(remind_emoney)
[2021-06-18 01:00:27] - 만료 할인쿠폰 알림(remind_coupon)
[2021-06-19 01:00:26] - 만료 할인쿠폰 알림(remind_coupon) - Err(Today is not monday)
[2021-06-19 01:00:26] - 소멸 마일리지 안내(remind_emoney) - Err(Today is not monday)
[2021-06-19 01:00:26] - 기념일 축하 안내(remind_anniversary)
[2021-06-19 01:00:26] - 생일 축하 안내(remind_birthday)
[2021-06-19 01:00:26] - 상품 리뷰 작성 안내(remind_review)
[2021-06-19 01:00:26] - 타임세일 종료 상품 안내(remind_timesale)
[2021-06-19 01:00:26] - 회원등급 혜택 안내(remind_membership)
[2021-06-19 01:00:26] - 장바구니/위시리스트 상품 안내(remind_cart)
[2021-06-19 01:00:26] - 소멸 마일리지 안내(remind_emoney)
[2021-06-19 01:00:26] - 만료 할인쿠폰 알림(remind_coupon)
[2021-06-20 01:00:32] - 만료 할인쿠폰 알림(remind_coupon) - Err(Today is not monday)
[2021-06-20 01:00:32] - 소멸 마일리지 안내(remind_emoney) - Err(Today is not monday)
[2021-06-20 01:00:32] - 기념일 축하 안내(remind_anniversary)
[2021-06-20 01:00:32] - 생일 축하 안내(remind_birthday)
[2021-06-20 01:00:32] - 상품 리뷰 작성 안내(remind_review)
[2021-06-20 01:00:32] - 타임세일 종료 상품 안내(remind_timesale)
[2021-06-20 01:00:32] - 회원등급 혜택 안내(remind_membership)
[2021-06-20 01:00:32] - 장바구니/위시리스트 상품 안내(remind_cart)
[2021-06-20 01:00:32] - 소멸 마일리지 안내(remind_emoney)
[2021-06-20 01:00:32] - 만료 할인쿠폰 알림(remind_coupon)
[2021-06-21 01:00:27] - 소멸 마일리지 안내(remind_emoney) - Err(Today is not monday)
[2021-06-21 01:00:27] - 기념일 축하 안내(remind_anniversary)
[2021-06-21 01:00:27] - 생일 축하 안내(remind_birthday)
[2021-06-21 01:00:27] - 상품 리뷰 작성 안내(remind_review)
[2021-06-21 01:00:27] - 타임세일 종료 상품 안내(remind_timesale)
[2021-06-21 01:00:27] - 회원등급 혜택 안내(remind_membership)
[2021-06-21 01:00:27] - 장바구니/위시리스트 상품 안내(remind_cart)
[2021-06-21 01:00:27] - 소멸 마일리지 안내(remind_emoney)
[2021-06-21 01:00:27] - 만료 할인쿠폰 알림(remind_coupon)
[2021-06-22 01:00:26] - 만료 할인쿠폰 알림(remind_coupon) - Err(Today is not monday)
[2021-06-22 01:00:26] - 소멸 마일리지 안내(remind_emoney) - Err(Today is not monday)
[2021-06-22 01:00:26] - 기념일 축하 안내(remind_anniversary)
[2021-06-22 01:00:26] - 생일 축하 안내(remind_birthday)
[2021-06-22 01:00:26] - 상품 리뷰 작성 안내(remind_review)
[2021-06-22 01:00:26] - 타임세일 종료 상품 안내(remind_timesale)
[2021-06-22 01:00:26] - 회원등급 혜택 안내(remind_membership)
[2021-06-22 01:00:26] - 장바구니/위시리스트 상품 안내(remind_cart)
[2021-06-22 01:00:26] - 소멸 마일리지 안내(remind_emoney)
[2021-06-22 01:00:26] - 만료 할인쿠폰 알림(remind_coupon)
[2021-06-23 01:00:28] - 만료 할인쿠폰 알림(remind_coupon) - Err(Today is not monday)
[2021-06-23 01:00:28] - 소멸 마일리지 안내(remind_emoney) - Err(Today is not monday)
[2021-06-23 01:00:28] - 기념일 축하 안내(remind_anniversary)
[2021-06-23 01:00:28] - 생일 축하 안내(remind_birthday)
[2021-06-23 01:00:28] - 상품 리뷰 작성 안내(remind_review)
[2021-06-23 01:00:28] - 타임세일 종료 상품 안내(remind_timesale)
[2021-06-23 01:00:28] - 회원등급 혜택 안내(remind_membership)
[2021-06-23 01:00:28] - 장바구니/위시리스트 상품 안내(remind_cart)
[2021-06-23 01:00:28] - 소멸 마일리지 안내(remind_emoney)
[2021-06-23 01:00:28] - 만료 할인쿠폰 알림(remind_coupon)
[2021-06-24 01:00:27] - 만료 할인쿠폰 알림(remind_coupon) - Err(Today is not monday)
[2021-06-24 01:00:27] - 소멸 마일리지 안내(remind_emoney) - Err(Today is not monday)
[2021-06-24 01:00:27] - 기념일 축하 안내(remind_anniversary)
[2021-06-24 01:00:27] - 생일 축하 안내(remind_birthday)
[2021-06-24 01:00:27] - 상품 리뷰 작성 안내(remind_review)
[2021-06-24 01:00:27] - 타임세일 종료 상품 안내(remind_timesale)
[2021-06-24 01:00:27] - 회원등급 혜택 안내(remind_membership)
[2021-06-24 01:00:27] - 장바구니/위시리스트 상품 안내(remind_cart)
[2021-06-24 01:00:27] - 소멸 마일리지 안내(remind_emoney)
[2021-06-24 01:00:27] - 만료 할인쿠폰 알림(remind_coupon)
[2021-06-25 01:00:26] - 만료 할인쿠폰 알림(remind_coupon) - Err(Today is not monday)
[2021-06-25 01:00:26] - 소멸 마일리지 안내(remind_emoney) - Err(Today is not monday)
[2021-06-25 01:00:27] - 기념일 축하 안내(remind_anniversary)
[2021-06-25 01:00:27] - 생일 축하 안내(remind_birthday)
[2021-06-25 01:00:27] - 상품 리뷰 작성 안내(remind_review)
[2021-06-25 01:00:27] - 타임세일 종료 상품 안내(remind_timesale)
[2021-06-25 01:00:27] - 회원등급 혜택 안내(remind_membership)
[2021-06-25 01:00:27] - 장바구니/위시리스트 상품 안내(remind_cart)
[2021-06-25 01:00:27] - 소멸 마일리지 안내(remind_emoney)
[2021-06-25 01:00:27] - 만료 할인쿠폰 알림(remind_coupon)
[2021-06-26 01:00:28] - 만료 할인쿠폰 알림(remind_coupon) - Err(Today is not monday)
[2021-06-26 01:00:28] - 소멸 마일리지 안내(remind_emoney) - Err(Today is not monday)
[2021-06-26 01:00:28] - 기념일 축하 안내(remind_anniversary)
[2021-06-26 01:00:28] - 생일 축하 안내(remind_birthday)
[2021-06-26 01:00:28] - 상품 리뷰 작성 안내(remind_review)
[2021-06-26 01:00:28] - 타임세일 종료 상품 안내(remind_timesale)
[2021-06-26 01:00:28] - 회원등급 혜택 안내(remind_membership)
[2021-06-26 01:00:28] - 장바구니/위시리스트 상품 안내(remind_cart)
[2021-06-26 01:00:28] - 소멸 마일리지 안내(remind_emoney)
[2021-06-26 01:00:28] - 만료 할인쿠폰 알림(remind_coupon)
[2021-06-27 01:00:27] - 만료 할인쿠폰 알림(remind_coupon) - Err(Today is not monday)
[2021-06-27 01:00:27] - 소멸 마일리지 안내(remind_emoney) - Err(Today is not monday)
[2021-06-27 01:00:27] - 기념일 축하 안내(remind_anniversary)
[2021-06-27 01:00:27] - 생일 축하 안내(remind_birthday)
[2021-06-27 01:00:27] - 상품 리뷰 작성 안내(remind_review)
[2021-06-27 01:00:27] - 타임세일 종료 상품 안내(remind_timesale)
[2021-06-27 01:00:27] - 회원등급 혜택 안내(remind_membership)
[2021-06-27 01:00:27] - 장바구니/위시리스트 상품 안내(remind_cart)
[2021-06-27 01:00:27] - 소멸 마일리지 안내(remind_emoney)
[2021-06-27 01:00:27] - 만료 할인쿠폰 알림(remind_coupon)
[2021-06-28 01:00:30] - 소멸 마일리지 안내(remind_emoney) - Err(Today is not monday)
[2021-06-28 01:00:30] - 기념일 축하 안내(remind_anniversary)
[2021-06-28 01:00:30] - 생일 축하 안내(remind_birthday)
[2021-06-28 01:00:30] - 상품 리뷰 작성 안내(remind_review)
[2021-06-28 01:00:30] - 타임세일 종료 상품 안내(remind_timesale)
[2021-06-28 01:00:30] - 회원등급 혜택 안내(remind_membership)
[2021-06-28 01:00:30] - 장바구니/위시리스트 상품 안내(remind_cart)
[2021-06-28 01:00:30] - 소멸 마일리지 안내(remind_emoney)
[2021-06-28 01:00:30] - 만료 할인쿠폰 알림(remind_coupon)
[2021-06-29 01:00:27] - 만료 할인쿠폰 알림(remind_coupon) - Err(Today is not monday)
[2021-06-29 01:00:27] - 소멸 마일리지 안내(remind_emoney) - Err(Today is not monday)
[2021-06-29 01:00:27] - 기념일 축하 안내(remind_anniversary)
[2021-06-29 01:00:27] - 생일 축하 안내(remind_birthday)
[2021-06-29 01:00:27] - 상품 리뷰 작성 안내(remind_review)
[2021-06-29 01:00:27] - 타임세일 종료 상품 안내(remind_timesale)
[2021-06-29 01:00:27] - 회원등급 혜택 안내(remind_membership)
[2021-06-29 01:00:27] - 장바구니/위시리스트 상품 안내(remind_cart)
[2021-06-29 01:00:27] - 소멸 마일리지 안내(remind_emoney)
[2021-06-29 01:00:27] - 만료 할인쿠폰 알림(remind_coupon)
[2021-06-30 01:00:28] - 만료 할인쿠폰 알림(remind_coupon) - Err(Today is not monday)
[2021-06-30 01:00:28] - 소멸 마일리지 안내(remind_emoney) - Err(Today is not monday)
[2021-06-30 01:00:28] - 기념일 축하 안내(remind_anniversary)
[2021-06-30 01:00:28] - 생일 축하 안내(remind_birthday)
[2021-06-30 01:00:28] - 상품 리뷰 작성 안내(remind_review)
[2021-06-30 01:00:28] - 타임세일 종료 상품 안내(remind_timesale)
[2021-06-30 01:00:28] - 회원등급 혜택 안내(remind_membership)
[2021-06-30 01:00:28] - 장바구니/위시리스트 상품 안내(remind_cart)
[2021-06-30 01:00:28] - 소멸 마일리지 안내(remind_emoney)
[2021-06-30 01:00:28] - 만료 할인쿠폰 알림(remind_coupon)
