[2021-05-01 01:00:22] - KICC 코드 동기화(kicc_code)
[2021-05-01 01:00:22] - SMS 국가 코드(sms_national_code)
[2021-05-01 01:00:22] - 서버 캐시파일 삭제(delete_caches)
[2021-05-01 01:00:22] - 엑셀 파일 삭제(delete_excel_file)
[2021-05-01 01:00:22] - 언어별 js메시지 파일 생성(create_alert_file)
[2021-05-01 01:00:22] - 부가서비스 이슈 알림(addservice_notify)
[2021-05-01 01:00:22] - 관리자 중요행위 알림 캐시파일 생성(makeCacheActionAert)
[2021-05-01 01:00:22] - 사용 용량 업데이트(du_check)
[2021-05-01 01:00:22] - 플래시 캐시 파일 삭제(delete_flash_cach)
[2021-05-01 01:00:22] - 캡차 파일 삭제(captcha_file_delete)
[2021-05-01 01:00:22] - 오래된 파일 삭제(tmp_file_delete)
[2021-05-01 01:00:22] - 카카오알림톡 템플릿 동기화(kakaotalk_template)
[2021-05-01 01:00:22] - 엑셀다운로드데이터 삭제(delete_excel_temp)
[2021-05-01 01:00:22] - naverpay 삭제(log_naverpay_delete)
[2021-05-01 01:00:22] - captcha 삭제(log_captcha_delete)
[2021-05-01 01:00:22] - email log 삭제(log_email_delete)
[2021-05-01 01:00:22] - 장바구니 비우기(empty_cart)
[2021-05-01 01:00:22] - 엑심베이 코드 동기화(eximbay)
[2021-05-01 01:00:22] - NPay 택배사 매핑 동기화(npay_delivery_company_code)
[2021-05-01 01:00:22] - 코드 동기화(code_sync)
[2021-05-01 01:00:22] - config 동기화(config_sync)
[2021-05-01 01:00:22] - 택배사 동기화(delivery_url)
[2021-05-01 01:00:22] - 쇼핑몰 분류 동기화(shop_branch)
[2021-05-02 01:00:22] - KICC 코드 동기화(kicc_code)
[2021-05-02 01:00:22] - SMS 국가 코드(sms_national_code)
[2021-05-02 01:00:22] - 서버 캐시파일 삭제(delete_caches)
[2021-05-02 01:00:22] - 엑셀 파일 삭제(delete_excel_file)
[2021-05-02 01:00:22] - 언어별 js메시지 파일 생성(create_alert_file)
[2021-05-02 01:00:22] - 부가서비스 이슈 알림(addservice_notify)
[2021-05-02 01:00:22] - 관리자 중요행위 알림 캐시파일 생성(makeCacheActionAert)
[2021-05-02 01:00:22] - 사용 용량 업데이트(du_check)
[2021-05-02 01:00:22] - 플래시 캐시 파일 삭제(delete_flash_cach)
[2021-05-02 01:00:22] - 캡차 파일 삭제(captcha_file_delete)
[2021-05-02 01:00:22] - 오래된 파일 삭제(tmp_file_delete)
[2021-05-02 01:00:22] - 카카오알림톡 템플릿 동기화(kakaotalk_template)
[2021-05-02 01:00:22] - 엑셀다운로드데이터 삭제(delete_excel_temp)
[2021-05-02 01:00:22] - naverpay 삭제(log_naverpay_delete)
[2021-05-02 01:00:22] - captcha 삭제(log_captcha_delete)
[2021-05-02 01:00:22] - email log 삭제(log_email_delete)
[2021-05-02 01:00:23] - 장바구니 비우기(empty_cart)
[2021-05-02 01:00:23] - 엑심베이 코드 동기화(eximbay)
[2021-05-02 01:00:23] - NPay 택배사 매핑 동기화(npay_delivery_company_code)
[2021-05-02 01:00:23] - 코드 동기화(code_sync)
[2021-05-02 01:00:23] - config 동기화(config_sync)
[2021-05-02 01:00:23] - 택배사 동기화(delivery_url)
[2021-05-02 01:00:23] - 쇼핑몰 분류 동기화(shop_branch)
[2021-05-03 01:00:17] - KICC 코드 동기화(kicc_code)
[2021-05-03 01:00:17] - SMS 국가 코드(sms_national_code)
[2021-05-03 01:00:17] - 서버 캐시파일 삭제(delete_caches)
[2021-05-03 01:00:17] - 엑셀 파일 삭제(delete_excel_file)
[2021-05-03 01:00:17] - 언어별 js메시지 파일 생성(create_alert_file)
[2021-05-03 01:00:17] - 부가서비스 이슈 알림(addservice_notify)
[2021-05-03 01:00:17] - 관리자 중요행위 알림 캐시파일 생성(makeCacheActionAert)
[2021-05-03 01:00:17] - 사용 용량 업데이트(du_check)
[2021-05-03 01:00:17] - 플래시 캐시 파일 삭제(delete_flash_cach)
[2021-05-03 01:00:17] - 캡차 파일 삭제(captcha_file_delete)
[2021-05-03 01:00:17] - 오래된 파일 삭제(tmp_file_delete)
[2021-05-03 01:00:17] - 카카오알림톡 템플릿 동기화(kakaotalk_template)
[2021-05-03 01:00:17] - 엑셀다운로드데이터 삭제(delete_excel_temp)
[2021-05-03 01:00:17] - naverpay 삭제(log_naverpay_delete)
[2021-05-03 01:00:17] - captcha 삭제(log_captcha_delete)
[2021-05-03 01:00:17] - email log 삭제(log_email_delete)
[2021-05-03 01:00:17] - 장바구니 비우기(empty_cart)
[2021-05-03 01:00:17] - 엑심베이 코드 동기화(eximbay)
[2021-05-03 01:00:17] - NPay 택배사 매핑 동기화(npay_delivery_company_code)
[2021-05-03 01:00:17] - 코드 동기화(code_sync)
[2021-05-03 01:00:17] - config 동기화(config_sync)
[2021-05-03 01:00:17] - 택배사 동기화(delivery_url)
[2021-05-03 01:00:17] - 쇼핑몰 분류 동기화(shop_branch)
[2021-05-04 01:00:20] - KICC 코드 동기화(kicc_code)
[2021-05-04 01:00:20] - SMS 국가 코드(sms_national_code)
[2021-05-04 01:00:20] - 서버 캐시파일 삭제(delete_caches)
[2021-05-04 01:00:20] - 엑셀 파일 삭제(delete_excel_file)
[2021-05-04 01:00:20] - 언어별 js메시지 파일 생성(create_alert_file)
[2021-05-04 01:00:20] - 부가서비스 이슈 알림(addservice_notify)
[2021-05-04 01:00:20] - 관리자 중요행위 알림 캐시파일 생성(makeCacheActionAert)
[2021-05-04 01:00:20] - 사용 용량 업데이트(du_check)
[2021-05-04 01:00:20] - 플래시 캐시 파일 삭제(delete_flash_cach)
[2021-05-04 01:00:20] - 캡차 파일 삭제(captcha_file_delete)
[2021-05-04 01:00:20] - 오래된 파일 삭제(tmp_file_delete)
[2021-05-04 01:00:20] - 카카오알림톡 템플릿 동기화(kakaotalk_template)
[2021-05-04 01:00:20] - 엑셀다운로드데이터 삭제(delete_excel_temp)
[2021-05-04 01:00:20] - naverpay 삭제(log_naverpay_delete)
[2021-05-04 01:00:20] - captcha 삭제(log_captcha_delete)
[2021-05-04 01:00:20] - email log 삭제(log_email_delete)
[2021-05-04 01:00:20] - 장바구니 비우기(empty_cart)
[2021-05-04 01:00:20] - 엑심베이 코드 동기화(eximbay)
[2021-05-04 01:00:20] - NPay 택배사 매핑 동기화(npay_delivery_company_code)
[2021-05-04 01:00:20] - 코드 동기화(code_sync)
[2021-05-04 01:00:20] - config 동기화(config_sync)
[2021-05-04 01:00:20] - 택배사 동기화(delivery_url)
[2021-05-04 01:00:20] - 쇼핑몰 분류 동기화(shop_branch)
[2021-05-05 01:00:20] - KICC 코드 동기화(kicc_code)
[2021-05-05 01:00:20] - SMS 국가 코드(sms_national_code)
[2021-05-05 01:00:20] - 서버 캐시파일 삭제(delete_caches)
[2021-05-05 01:00:20] - 엑셀 파일 삭제(delete_excel_file)
[2021-05-05 01:00:20] - 언어별 js메시지 파일 생성(create_alert_file)
[2021-05-05 01:00:20] - 부가서비스 이슈 알림(addservice_notify)
[2021-05-05 01:00:20] - 관리자 중요행위 알림 캐시파일 생성(makeCacheActionAert)
[2021-05-05 01:00:20] - 사용 용량 업데이트(du_check)
[2021-05-05 01:00:20] - 플래시 캐시 파일 삭제(delete_flash_cach)
[2021-05-05 01:00:20] - 캡차 파일 삭제(captcha_file_delete)
[2021-05-05 01:00:20] - 오래된 파일 삭제(tmp_file_delete)
[2021-05-05 01:00:20] - 카카오알림톡 템플릿 동기화(kakaotalk_template)
[2021-05-05 01:00:20] - 엑셀다운로드데이터 삭제(delete_excel_temp)
[2021-05-05 01:00:20] - naverpay 삭제(log_naverpay_delete)
[2021-05-05 01:00:20] - captcha 삭제(log_captcha_delete)
[2021-05-05 01:00:20] - email log 삭제(log_email_delete)
[2021-05-05 01:00:20] - 장바구니 비우기(empty_cart)
[2021-05-05 01:00:20] - 엑심베이 코드 동기화(eximbay)
[2021-05-05 01:00:20] - NPay 택배사 매핑 동기화(npay_delivery_company_code)
[2021-05-05 01:00:20] - 코드 동기화(code_sync)
[2021-05-05 01:00:20] - config 동기화(config_sync)
[2021-05-05 01:00:20] - 택배사 동기화(delivery_url)
[2021-05-05 01:00:20] - 쇼핑몰 분류 동기화(shop_branch)
[2021-05-06 01:00:24] - KICC 코드 동기화(kicc_code)
[2021-05-06 01:00:24] - SMS 국가 코드(sms_national_code)
[2021-05-06 01:00:24] - 서버 캐시파일 삭제(delete_caches)
[2021-05-06 01:00:24] - 엑셀 파일 삭제(delete_excel_file)
[2021-05-06 01:00:24] - 언어별 js메시지 파일 생성(create_alert_file)
[2021-05-06 01:00:24] - 부가서비스 이슈 알림(addservice_notify)
[2021-05-06 01:00:24] - 관리자 중요행위 알림 캐시파일 생성(makeCacheActionAert)
[2021-05-06 01:00:24] - 사용 용량 업데이트(du_check)
[2021-05-06 01:00:24] - 플래시 캐시 파일 삭제(delete_flash_cach)
[2021-05-06 01:00:24] - 캡차 파일 삭제(captcha_file_delete)
[2021-05-06 01:00:24] - 오래된 파일 삭제(tmp_file_delete)
[2021-05-06 01:00:24] - 카카오알림톡 템플릿 동기화(kakaotalk_template)
[2021-05-06 01:00:24] - 엑셀다운로드데이터 삭제(delete_excel_temp)
[2021-05-06 01:00:24] - naverpay 삭제(log_naverpay_delete)
[2021-05-06 01:00:24] - captcha 삭제(log_captcha_delete)
[2021-05-06 01:00:24] - email log 삭제(log_email_delete)
[2021-05-06 01:00:24] - 장바구니 비우기(empty_cart)
[2021-05-06 01:00:24] - 엑심베이 코드 동기화(eximbay)
[2021-05-06 01:00:24] - NPay 택배사 매핑 동기화(npay_delivery_company_code)
[2021-05-06 01:00:24] - 코드 동기화(code_sync)
[2021-05-06 01:00:24] - config 동기화(config_sync)
[2021-05-06 01:00:24] - 택배사 동기화(delivery_url)
[2021-05-06 01:00:24] - 쇼핑몰 분류 동기화(shop_branch)
[2021-05-07 01:00:20] - KICC 코드 동기화(kicc_code)
[2021-05-07 01:00:20] - SMS 국가 코드(sms_national_code)
[2021-05-07 01:00:20] - 서버 캐시파일 삭제(delete_caches)
[2021-05-07 01:00:20] - 엑셀 파일 삭제(delete_excel_file)
[2021-05-07 01:00:20] - 언어별 js메시지 파일 생성(create_alert_file)
[2021-05-07 01:00:20] - 부가서비스 이슈 알림(addservice_notify)
[2021-05-07 01:00:20] - 관리자 중요행위 알림 캐시파일 생성(makeCacheActionAert)
[2021-05-07 01:00:20] - 사용 용량 업데이트(du_check)
[2021-05-07 01:00:20] - 플래시 캐시 파일 삭제(delete_flash_cach)
[2021-05-07 01:00:20] - 캡차 파일 삭제(captcha_file_delete)
[2021-05-07 01:00:20] - 오래된 파일 삭제(tmp_file_delete)
[2021-05-07 01:00:20] - 카카오알림톡 템플릿 동기화(kakaotalk_template)
[2021-05-07 01:00:20] - 엑셀다운로드데이터 삭제(delete_excel_temp)
[2021-05-07 01:00:20] - naverpay 삭제(log_naverpay_delete)
[2021-05-07 01:00:20] - captcha 삭제(log_captcha_delete)
[2021-05-07 01:00:20] - email log 삭제(log_email_delete)
[2021-05-07 01:00:20] - 장바구니 비우기(empty_cart)
[2021-05-07 01:00:20] - 엑심베이 코드 동기화(eximbay)
[2021-05-07 01:00:20] - NPay 택배사 매핑 동기화(npay_delivery_company_code)
[2021-05-07 01:00:20] - 코드 동기화(code_sync)
[2021-05-07 01:00:20] - config 동기화(config_sync)
[2021-05-07 01:00:20] - 택배사 동기화(delivery_url)
[2021-05-07 01:00:20] - 쇼핑몰 분류 동기화(shop_branch)
[2021-05-08 01:00:20] - KICC 코드 동기화(kicc_code)
[2021-05-08 01:00:20] - SMS 국가 코드(sms_national_code)
[2021-05-08 01:00:20] - 서버 캐시파일 삭제(delete_caches)
[2021-05-08 01:00:20] - 엑셀 파일 삭제(delete_excel_file)
[2021-05-08 01:00:20] - 언어별 js메시지 파일 생성(create_alert_file)
[2021-05-08 01:00:20] - 부가서비스 이슈 알림(addservice_notify)
[2021-05-08 01:00:20] - 관리자 중요행위 알림 캐시파일 생성(makeCacheActionAert)
[2021-05-08 01:00:20] - 사용 용량 업데이트(du_check)
[2021-05-08 01:00:20] - 플래시 캐시 파일 삭제(delete_flash_cach)
[2021-05-08 01:00:20] - 캡차 파일 삭제(captcha_file_delete)
[2021-05-08 01:00:20] - 오래된 파일 삭제(tmp_file_delete)
[2021-05-08 01:00:20] - 카카오알림톡 템플릿 동기화(kakaotalk_template)
[2021-05-08 01:00:20] - 엑셀다운로드데이터 삭제(delete_excel_temp)
[2021-05-08 01:00:20] - naverpay 삭제(log_naverpay_delete)
[2021-05-08 01:00:20] - captcha 삭제(log_captcha_delete)
[2021-05-08 01:00:20] - email log 삭제(log_email_delete)
[2021-05-08 01:00:20] - 장바구니 비우기(empty_cart)
[2021-05-08 01:00:20] - 엑심베이 코드 동기화(eximbay)
[2021-05-08 01:00:20] - NPay 택배사 매핑 동기화(npay_delivery_company_code)
[2021-05-08 01:00:20] - 코드 동기화(code_sync)
[2021-05-08 01:00:20] - config 동기화(config_sync)
[2021-05-08 01:00:20] - 택배사 동기화(delivery_url)
[2021-05-08 01:00:20] - 쇼핑몰 분류 동기화(shop_branch)
[2021-05-09 01:00:20] - KICC 코드 동기화(kicc_code)
[2021-05-09 01:00:20] - SMS 국가 코드(sms_national_code)
[2021-05-09 01:00:20] - 서버 캐시파일 삭제(delete_caches)
[2021-05-09 01:00:20] - 엑셀 파일 삭제(delete_excel_file)
[2021-05-09 01:00:20] - 언어별 js메시지 파일 생성(create_alert_file)
[2021-05-09 01:00:20] - 부가서비스 이슈 알림(addservice_notify)
[2021-05-09 01:00:20] - 관리자 중요행위 알림 캐시파일 생성(makeCacheActionAert)
[2021-05-09 01:00:20] - 사용 용량 업데이트(du_check)
[2021-05-09 01:00:20] - 플래시 캐시 파일 삭제(delete_flash_cach)
[2021-05-09 01:00:20] - 캡차 파일 삭제(captcha_file_delete)
[2021-05-09 01:00:20] - 오래된 파일 삭제(tmp_file_delete)
[2021-05-09 01:00:20] - 카카오알림톡 템플릿 동기화(kakaotalk_template)
[2021-05-09 01:00:20] - 엑셀다운로드데이터 삭제(delete_excel_temp)
[2021-05-09 01:00:20] - naverpay 삭제(log_naverpay_delete)
[2021-05-09 01:00:20] - captcha 삭제(log_captcha_delete)
[2021-05-09 01:00:20] - email log 삭제(log_email_delete)
[2021-05-09 01:00:20] - 장바구니 비우기(empty_cart)
[2021-05-09 01:00:20] - 엑심베이 코드 동기화(eximbay)
[2021-05-09 01:00:20] - NPay 택배사 매핑 동기화(npay_delivery_company_code)
[2021-05-09 01:00:20] - 코드 동기화(code_sync)
[2021-05-09 01:00:20] - config 동기화(config_sync)
[2021-05-09 01:00:20] - 택배사 동기화(delivery_url)
[2021-05-09 01:00:20] - 쇼핑몰 분류 동기화(shop_branch)
[2021-05-10 01:00:24] - KICC 코드 동기화(kicc_code)
[2021-05-10 01:00:24] - SMS 국가 코드(sms_national_code)
[2021-05-10 01:00:24] - 서버 캐시파일 삭제(delete_caches)
[2021-05-10 01:00:24] - 엑셀 파일 삭제(delete_excel_file)
[2021-05-10 01:00:24] - 언어별 js메시지 파일 생성(create_alert_file)
[2021-05-10 01:00:24] - 부가서비스 이슈 알림(addservice_notify)
[2021-05-10 01:00:24] - 관리자 중요행위 알림 캐시파일 생성(makeCacheActionAert)
[2021-05-10 01:00:24] - 사용 용량 업데이트(du_check)
[2021-05-10 01:00:24] - 플래시 캐시 파일 삭제(delete_flash_cach)
[2021-05-10 01:00:24] - 캡차 파일 삭제(captcha_file_delete)
[2021-05-10 01:00:24] - 오래된 파일 삭제(tmp_file_delete)
[2021-05-10 01:00:24] - 카카오알림톡 템플릿 동기화(kakaotalk_template)
[2021-05-10 01:00:24] - 엑셀다운로드데이터 삭제(delete_excel_temp)
[2021-05-10 01:00:24] - naverpay 삭제(log_naverpay_delete)
[2021-05-10 01:00:24] - captcha 삭제(log_captcha_delete)
[2021-05-10 01:00:24] - email log 삭제(log_email_delete)
[2021-05-10 01:00:24] - 장바구니 비우기(empty_cart)
[2021-05-10 01:00:24] - 엑심베이 코드 동기화(eximbay)
[2021-05-10 01:00:24] - NPay 택배사 매핑 동기화(npay_delivery_company_code)
[2021-05-10 01:00:24] - 코드 동기화(code_sync)
[2021-05-10 01:00:24] - config 동기화(config_sync)
[2021-05-10 01:00:24] - 택배사 동기화(delivery_url)
[2021-05-10 01:00:24] - 쇼핑몰 분류 동기화(shop_branch)
[2021-05-11 01:00:23] - KICC 코드 동기화(kicc_code)
[2021-05-11 01:00:23] - SMS 국가 코드(sms_national_code)
[2021-05-11 01:00:23] - 서버 캐시파일 삭제(delete_caches)
[2021-05-11 01:00:23] - 엑셀 파일 삭제(delete_excel_file)
[2021-05-11 01:00:23] - 언어별 js메시지 파일 생성(create_alert_file)
[2021-05-11 01:00:23] - 부가서비스 이슈 알림(addservice_notify)
[2021-05-11 01:00:23] - 관리자 중요행위 알림 캐시파일 생성(makeCacheActionAert)
[2021-05-11 01:00:23] - 사용 용량 업데이트(du_check)
[2021-05-11 01:00:23] - 플래시 캐시 파일 삭제(delete_flash_cach)
[2021-05-11 01:00:23] - 캡차 파일 삭제(captcha_file_delete)
[2021-05-11 01:00:23] - 오래된 파일 삭제(tmp_file_delete)
[2021-05-11 01:00:23] - 카카오알림톡 템플릿 동기화(kakaotalk_template)
[2021-05-11 01:00:23] - 엑셀다운로드데이터 삭제(delete_excel_temp)
[2021-05-11 01:00:23] - naverpay 삭제(log_naverpay_delete)
[2021-05-11 01:00:23] - captcha 삭제(log_captcha_delete)
[2021-05-11 01:00:23] - email log 삭제(log_email_delete)
[2021-05-11 01:00:23] - 장바구니 비우기(empty_cart)
[2021-05-11 01:00:23] - 엑심베이 코드 동기화(eximbay)
[2021-05-11 01:00:23] - NPay 택배사 매핑 동기화(npay_delivery_company_code)
[2021-05-11 01:00:23] - 코드 동기화(code_sync)
[2021-05-11 01:00:23] - config 동기화(config_sync)
[2021-05-11 01:00:23] - 택배사 동기화(delivery_url)
[2021-05-11 01:00:23] - 쇼핑몰 분류 동기화(shop_branch)
[2021-05-12 01:00:25] - KICC 코드 동기화(kicc_code)
[2021-05-12 01:00:25] - SMS 국가 코드(sms_national_code)
[2021-05-12 01:00:25] - 서버 캐시파일 삭제(delete_caches)
[2021-05-12 01:00:25] - 엑셀 파일 삭제(delete_excel_file)
[2021-05-12 01:00:25] - 언어별 js메시지 파일 생성(create_alert_file)
[2021-05-12 01:00:25] - 부가서비스 이슈 알림(addservice_notify)
[2021-05-12 01:00:25] - 관리자 중요행위 알림 캐시파일 생성(makeCacheActionAert)
[2021-05-12 01:00:25] - 사용 용량 업데이트(du_check)
[2021-05-12 01:00:25] - 플래시 캐시 파일 삭제(delete_flash_cach)
[2021-05-12 01:00:25] - 캡차 파일 삭제(captcha_file_delete)
[2021-05-12 01:00:25] - 오래된 파일 삭제(tmp_file_delete)
[2021-05-12 01:00:25] - 카카오알림톡 템플릿 동기화(kakaotalk_template)
[2021-05-12 01:00:25] - 엑셀다운로드데이터 삭제(delete_excel_temp)
[2021-05-12 01:00:25] - naverpay 삭제(log_naverpay_delete)
[2021-05-12 01:00:25] - captcha 삭제(log_captcha_delete)
[2021-05-12 01:00:25] - email log 삭제(log_email_delete)
[2021-05-12 01:00:25] - 장바구니 비우기(empty_cart)
[2021-05-12 01:00:25] - 엑심베이 코드 동기화(eximbay)
[2021-05-12 01:00:25] - NPay 택배사 매핑 동기화(npay_delivery_company_code)
[2021-05-12 01:00:25] - 코드 동기화(code_sync)
[2021-05-12 01:00:25] - config 동기화(config_sync)
[2021-05-12 01:00:25] - 택배사 동기화(delivery_url)
[2021-05-12 01:00:25] - 쇼핑몰 분류 동기화(shop_branch)
[2021-05-13 01:00:24] - KICC 코드 동기화(kicc_code)
[2021-05-13 01:00:24] - SMS 국가 코드(sms_national_code)
[2021-05-13 01:00:24] - 서버 캐시파일 삭제(delete_caches)
[2021-05-13 01:00:24] - 엑셀 파일 삭제(delete_excel_file)
[2021-05-13 01:00:24] - 언어별 js메시지 파일 생성(create_alert_file)
[2021-05-13 01:00:24] - 부가서비스 이슈 알림(addservice_notify)
[2021-05-13 01:00:24] - 관리자 중요행위 알림 캐시파일 생성(makeCacheActionAert)
[2021-05-13 01:00:24] - 사용 용량 업데이트(du_check)
[2021-05-13 01:00:24] - 플래시 캐시 파일 삭제(delete_flash_cach)
[2021-05-13 01:00:24] - 캡차 파일 삭제(captcha_file_delete)
[2021-05-13 01:00:24] - 오래된 파일 삭제(tmp_file_delete)
[2021-05-13 01:00:24] - 카카오알림톡 템플릿 동기화(kakaotalk_template)
[2021-05-13 01:00:24] - 엑셀다운로드데이터 삭제(delete_excel_temp)
[2021-05-13 01:00:24] - naverpay 삭제(log_naverpay_delete)
[2021-05-13 01:00:24] - captcha 삭제(log_captcha_delete)
[2021-05-13 01:00:24] - email log 삭제(log_email_delete)
[2021-05-13 01:00:24] - 장바구니 비우기(empty_cart)
[2021-05-13 01:00:24] - 엑심베이 코드 동기화(eximbay)
[2021-05-13 01:00:24] - NPay 택배사 매핑 동기화(npay_delivery_company_code)
[2021-05-13 01:00:24] - 코드 동기화(code_sync)
[2021-05-13 01:00:24] - config 동기화(config_sync)
[2021-05-13 01:00:24] - 택배사 동기화(delivery_url)
[2021-05-13 01:00:24] - 쇼핑몰 분류 동기화(shop_branch)
[2021-05-14 01:00:20] - KICC 코드 동기화(kicc_code)
[2021-05-14 01:00:20] - SMS 국가 코드(sms_national_code)
[2021-05-14 01:00:20] - 서버 캐시파일 삭제(delete_caches)
[2021-05-14 01:00:20] - 엑셀 파일 삭제(delete_excel_file)
[2021-05-14 01:00:20] - 언어별 js메시지 파일 생성(create_alert_file)
[2021-05-14 01:00:20] - 부가서비스 이슈 알림(addservice_notify)
[2021-05-14 01:00:20] - 관리자 중요행위 알림 캐시파일 생성(makeCacheActionAert)
[2021-05-14 01:00:20] - 사용 용량 업데이트(du_check)
[2021-05-14 01:00:20] - 플래시 캐시 파일 삭제(delete_flash_cach)
[2021-05-14 01:00:20] - 캡차 파일 삭제(captcha_file_delete)
[2021-05-14 01:00:20] - 오래된 파일 삭제(tmp_file_delete)
[2021-05-14 01:00:20] - 카카오알림톡 템플릿 동기화(kakaotalk_template)
[2021-05-14 01:00:20] - 엑셀다운로드데이터 삭제(delete_excel_temp)
[2021-05-14 01:00:20] - naverpay 삭제(log_naverpay_delete)
[2021-05-14 01:00:20] - captcha 삭제(log_captcha_delete)
[2021-05-14 01:00:20] - email log 삭제(log_email_delete)
[2021-05-14 01:00:20] - 장바구니 비우기(empty_cart)
[2021-05-14 01:00:20] - 엑심베이 코드 동기화(eximbay)
[2021-05-14 01:00:20] - NPay 택배사 매핑 동기화(npay_delivery_company_code)
[2021-05-14 01:00:20] - 코드 동기화(code_sync)
[2021-05-14 01:00:20] - config 동기화(config_sync)
[2021-05-14 01:00:20] - 택배사 동기화(delivery_url)
[2021-05-14 01:00:20] - 쇼핑몰 분류 동기화(shop_branch)
[2021-05-15 01:00:20] - KICC 코드 동기화(kicc_code)
[2021-05-15 01:00:20] - SMS 국가 코드(sms_national_code)
[2021-05-15 01:00:20] - 서버 캐시파일 삭제(delete_caches)
[2021-05-15 01:00:20] - 엑셀 파일 삭제(delete_excel_file)
[2021-05-15 01:00:20] - 언어별 js메시지 파일 생성(create_alert_file)
[2021-05-15 01:00:20] - 부가서비스 이슈 알림(addservice_notify)
[2021-05-15 01:00:20] - 관리자 중요행위 알림 캐시파일 생성(makeCacheActionAert)
[2021-05-15 01:00:20] - 사용 용량 업데이트(du_check)
[2021-05-15 01:00:20] - 플래시 캐시 파일 삭제(delete_flash_cach)
[2021-05-15 01:00:20] - 캡차 파일 삭제(captcha_file_delete)
[2021-05-15 01:00:20] - 오래된 파일 삭제(tmp_file_delete)
[2021-05-15 01:00:20] - 카카오알림톡 템플릿 동기화(kakaotalk_template)
[2021-05-15 01:00:20] - 엑셀다운로드데이터 삭제(delete_excel_temp)
[2021-05-15 01:00:20] - naverpay 삭제(log_naverpay_delete)
[2021-05-15 01:00:20] - captcha 삭제(log_captcha_delete)
[2021-05-15 01:00:20] - email log 삭제(log_email_delete)
[2021-05-15 01:00:20] - 장바구니 비우기(empty_cart)
[2021-05-15 01:00:20] - 엑심베이 코드 동기화(eximbay)
[2021-05-15 01:00:20] - NPay 택배사 매핑 동기화(npay_delivery_company_code)
[2021-05-15 01:00:20] - 코드 동기화(code_sync)
[2021-05-15 01:00:20] - config 동기화(config_sync)
[2021-05-15 01:00:20] - 택배사 동기화(delivery_url)
[2021-05-15 01:00:20] - 쇼핑몰 분류 동기화(shop_branch)
[2021-05-16 01:00:19] - KICC 코드 동기화(kicc_code)
[2021-05-16 01:00:19] - SMS 국가 코드(sms_national_code)
[2021-05-16 01:00:19] - 서버 캐시파일 삭제(delete_caches)
[2021-05-16 01:00:19] - 엑셀 파일 삭제(delete_excel_file)
[2021-05-16 01:00:19] - 언어별 js메시지 파일 생성(create_alert_file)
[2021-05-16 01:00:19] - 부가서비스 이슈 알림(addservice_notify)
[2021-05-16 01:00:19] - 관리자 중요행위 알림 캐시파일 생성(makeCacheActionAert)
[2021-05-16 01:00:19] - 사용 용량 업데이트(du_check)
[2021-05-16 01:00:19] - 플래시 캐시 파일 삭제(delete_flash_cach)
[2021-05-16 01:00:19] - 캡차 파일 삭제(captcha_file_delete)
[2021-05-16 01:00:19] - 오래된 파일 삭제(tmp_file_delete)
[2021-05-16 01:00:19] - 카카오알림톡 템플릿 동기화(kakaotalk_template)
[2021-05-16 01:00:19] - 엑셀다운로드데이터 삭제(delete_excel_temp)
[2021-05-16 01:00:19] - naverpay 삭제(log_naverpay_delete)
[2021-05-16 01:00:19] - captcha 삭제(log_captcha_delete)
[2021-05-16 01:00:19] - email log 삭제(log_email_delete)
[2021-05-16 01:00:19] - 장바구니 비우기(empty_cart)
[2021-05-16 01:00:19] - 엑심베이 코드 동기화(eximbay)
[2021-05-16 01:00:19] - NPay 택배사 매핑 동기화(npay_delivery_company_code)
[2021-05-16 01:00:19] - 코드 동기화(code_sync)
[2021-05-16 01:00:19] - config 동기화(config_sync)
[2021-05-16 01:00:19] - 택배사 동기화(delivery_url)
[2021-05-16 01:00:19] - 쇼핑몰 분류 동기화(shop_branch)
[2021-05-17 01:00:22] - KICC 코드 동기화(kicc_code)
[2021-05-17 01:00:22] - SMS 국가 코드(sms_national_code)
[2021-05-17 01:00:22] - 서버 캐시파일 삭제(delete_caches)
[2021-05-17 01:00:22] - 엑셀 파일 삭제(delete_excel_file)
[2021-05-17 01:00:22] - 언어별 js메시지 파일 생성(create_alert_file)
[2021-05-17 01:00:22] - 부가서비스 이슈 알림(addservice_notify)
[2021-05-17 01:00:22] - 관리자 중요행위 알림 캐시파일 생성(makeCacheActionAert)
[2021-05-17 01:00:22] - 사용 용량 업데이트(du_check)
[2021-05-17 01:00:22] - 플래시 캐시 파일 삭제(delete_flash_cach)
[2021-05-17 01:00:22] - 캡차 파일 삭제(captcha_file_delete)
[2021-05-17 01:00:22] - 오래된 파일 삭제(tmp_file_delete)
[2021-05-17 01:00:22] - 카카오알림톡 템플릿 동기화(kakaotalk_template)
[2021-05-17 01:00:22] - 엑셀다운로드데이터 삭제(delete_excel_temp)
[2021-05-17 01:00:22] - naverpay 삭제(log_naverpay_delete)
[2021-05-17 01:00:22] - captcha 삭제(log_captcha_delete)
[2021-05-17 01:00:22] - email log 삭제(log_email_delete)
[2021-05-17 01:00:22] - 장바구니 비우기(empty_cart)
[2021-05-17 01:00:22] - 엑심베이 코드 동기화(eximbay)
[2021-05-17 01:00:22] - NPay 택배사 매핑 동기화(npay_delivery_company_code)
[2021-05-17 01:00:22] - 코드 동기화(code_sync)
[2021-05-17 01:00:22] - config 동기화(config_sync)
[2021-05-17 01:00:22] - 택배사 동기화(delivery_url)
[2021-05-17 01:00:22] - 쇼핑몰 분류 동기화(shop_branch)
[2021-05-18 01:00:20] - KICC 코드 동기화(kicc_code)
[2021-05-18 01:00:20] - SMS 국가 코드(sms_national_code)
[2021-05-18 01:00:20] - 서버 캐시파일 삭제(delete_caches)
[2021-05-18 01:00:20] - 엑셀 파일 삭제(delete_excel_file)
[2021-05-18 01:00:20] - 언어별 js메시지 파일 생성(create_alert_file)
[2021-05-18 01:00:20] - 부가서비스 이슈 알림(addservice_notify)
[2021-05-18 01:00:20] - 관리자 중요행위 알림 캐시파일 생성(makeCacheActionAert)
[2021-05-18 01:00:20] - 사용 용량 업데이트(du_check)
[2021-05-18 01:00:20] - 플래시 캐시 파일 삭제(delete_flash_cach)
[2021-05-18 01:00:20] - 캡차 파일 삭제(captcha_file_delete)
[2021-05-18 01:00:20] - 오래된 파일 삭제(tmp_file_delete)
[2021-05-18 01:00:20] - 카카오알림톡 템플릿 동기화(kakaotalk_template)
[2021-05-18 01:00:20] - 엑셀다운로드데이터 삭제(delete_excel_temp)
[2021-05-18 01:00:20] - naverpay 삭제(log_naverpay_delete)
[2021-05-18 01:00:20] - captcha 삭제(log_captcha_delete)
[2021-05-18 01:00:20] - email log 삭제(log_email_delete)
[2021-05-18 01:00:20] - 장바구니 비우기(empty_cart)
[2021-05-18 01:00:20] - 엑심베이 코드 동기화(eximbay)
[2021-05-18 01:00:20] - NPay 택배사 매핑 동기화(npay_delivery_company_code)
[2021-05-18 01:00:20] - 코드 동기화(code_sync)
[2021-05-18 01:00:20] - config 동기화(config_sync)
[2021-05-18 01:00:20] - 택배사 동기화(delivery_url)
[2021-05-18 01:00:20] - 쇼핑몰 분류 동기화(shop_branch)
[2021-05-19 01:00:20] - KICC 코드 동기화(kicc_code)
[2021-05-19 01:00:20] - SMS 국가 코드(sms_national_code)
[2021-05-19 01:00:20] - 서버 캐시파일 삭제(delete_caches)
[2021-05-19 01:00:20] - 엑셀 파일 삭제(delete_excel_file)
[2021-05-19 01:00:20] - 언어별 js메시지 파일 생성(create_alert_file)
[2021-05-19 01:00:20] - 부가서비스 이슈 알림(addservice_notify)
[2021-05-19 01:00:20] - 관리자 중요행위 알림 캐시파일 생성(makeCacheActionAert)
[2021-05-19 01:00:20] - 사용 용량 업데이트(du_check)
[2021-05-19 01:00:20] - 플래시 캐시 파일 삭제(delete_flash_cach)
[2021-05-19 01:00:20] - 캡차 파일 삭제(captcha_file_delete)
[2021-05-19 01:00:20] - 오래된 파일 삭제(tmp_file_delete)
[2021-05-19 01:00:20] - 카카오알림톡 템플릿 동기화(kakaotalk_template)
[2021-05-19 01:00:20] - 엑셀다운로드데이터 삭제(delete_excel_temp)
[2021-05-19 01:00:20] - naverpay 삭제(log_naverpay_delete)
[2021-05-19 01:00:20] - captcha 삭제(log_captcha_delete)
[2021-05-19 01:00:20] - email log 삭제(log_email_delete)
[2021-05-19 01:00:20] - 장바구니 비우기(empty_cart)
[2021-05-19 01:00:20] - 엑심베이 코드 동기화(eximbay)
[2021-05-19 01:00:20] - NPay 택배사 매핑 동기화(npay_delivery_company_code)
[2021-05-19 01:00:20] - 코드 동기화(code_sync)
[2021-05-19 01:00:20] - config 동기화(config_sync)
[2021-05-19 01:00:20] - 택배사 동기화(delivery_url)
[2021-05-19 01:00:20] - 쇼핑몰 분류 동기화(shop_branch)
[2021-05-20 01:00:20] - KICC 코드 동기화(kicc_code)
[2021-05-20 01:00:20] - SMS 국가 코드(sms_national_code)
[2021-05-20 01:00:20] - 서버 캐시파일 삭제(delete_caches)
[2021-05-20 01:00:20] - 엑셀 파일 삭제(delete_excel_file)
[2021-05-20 01:00:20] - 언어별 js메시지 파일 생성(create_alert_file)
[2021-05-20 01:00:20] - 부가서비스 이슈 알림(addservice_notify)
[2021-05-20 01:00:20] - 관리자 중요행위 알림 캐시파일 생성(makeCacheActionAert)
[2021-05-20 01:00:20] - 사용 용량 업데이트(du_check)
[2021-05-20 01:00:20] - 플래시 캐시 파일 삭제(delete_flash_cach)
[2021-05-20 01:00:20] - 캡차 파일 삭제(captcha_file_delete)
[2021-05-20 01:00:20] - 오래된 파일 삭제(tmp_file_delete)
[2021-05-20 01:00:20] - 카카오알림톡 템플릿 동기화(kakaotalk_template)
[2021-05-20 01:00:20] - 엑셀다운로드데이터 삭제(delete_excel_temp)
[2021-05-20 01:00:20] - naverpay 삭제(log_naverpay_delete)
[2021-05-20 01:00:20] - captcha 삭제(log_captcha_delete)
[2021-05-20 01:00:20] - email log 삭제(log_email_delete)
[2021-05-20 01:00:20] - 장바구니 비우기(empty_cart)
[2021-05-20 01:00:20] - 엑심베이 코드 동기화(eximbay)
[2021-05-20 01:00:20] - NPay 택배사 매핑 동기화(npay_delivery_company_code)
[2021-05-20 01:00:20] - 코드 동기화(code_sync)
[2021-05-20 01:00:20] - config 동기화(config_sync)
[2021-05-20 01:00:20] - 택배사 동기화(delivery_url)
[2021-05-20 01:00:20] - 쇼핑몰 분류 동기화(shop_branch)
[2021-05-21 01:00:20] - KICC 코드 동기화(kicc_code)
[2021-05-21 01:00:20] - SMS 국가 코드(sms_national_code)
[2021-05-21 01:00:20] - 서버 캐시파일 삭제(delete_caches)
[2021-05-21 01:00:20] - 엑셀 파일 삭제(delete_excel_file)
[2021-05-21 01:00:20] - 언어별 js메시지 파일 생성(create_alert_file)
[2021-05-21 01:00:20] - 부가서비스 이슈 알림(addservice_notify)
[2021-05-21 01:00:20] - 관리자 중요행위 알림 캐시파일 생성(makeCacheActionAert)
[2021-05-21 01:00:20] - 사용 용량 업데이트(du_check)
[2021-05-21 01:00:20] - 플래시 캐시 파일 삭제(delete_flash_cach)
[2021-05-21 01:00:20] - 캡차 파일 삭제(captcha_file_delete)
[2021-05-21 01:00:20] - 오래된 파일 삭제(tmp_file_delete)
[2021-05-21 01:00:20] - 카카오알림톡 템플릿 동기화(kakaotalk_template)
[2021-05-21 01:00:20] - 엑셀다운로드데이터 삭제(delete_excel_temp)
[2021-05-21 01:00:20] - naverpay 삭제(log_naverpay_delete)
[2021-05-21 01:00:20] - captcha 삭제(log_captcha_delete)
[2021-05-21 01:00:20] - email log 삭제(log_email_delete)
[2021-05-21 01:00:20] - 장바구니 비우기(empty_cart)
[2021-05-21 01:00:20] - 엑심베이 코드 동기화(eximbay)
[2021-05-21 01:00:20] - NPay 택배사 매핑 동기화(npay_delivery_company_code)
[2021-05-21 01:00:20] - 코드 동기화(code_sync)
[2021-05-21 01:00:20] - config 동기화(config_sync)
[2021-05-21 01:00:20] - 택배사 동기화(delivery_url)
[2021-05-21 01:00:20] - 쇼핑몰 분류 동기화(shop_branch)
[2021-05-22 01:00:21] - KICC 코드 동기화(kicc_code)
[2021-05-22 01:00:21] - SMS 국가 코드(sms_national_code)
[2021-05-22 01:00:21] - 서버 캐시파일 삭제(delete_caches)
[2021-05-22 01:00:21] - 엑셀 파일 삭제(delete_excel_file)
[2021-05-22 01:00:21] - 언어별 js메시지 파일 생성(create_alert_file)
[2021-05-22 01:00:21] - 부가서비스 이슈 알림(addservice_notify)
[2021-05-22 01:00:21] - 관리자 중요행위 알림 캐시파일 생성(makeCacheActionAert)
[2021-05-22 01:00:21] - 사용 용량 업데이트(du_check)
[2021-05-22 01:00:21] - 플래시 캐시 파일 삭제(delete_flash_cach)
[2021-05-22 01:00:21] - 캡차 파일 삭제(captcha_file_delete)
[2021-05-22 01:00:21] - 오래된 파일 삭제(tmp_file_delete)
[2021-05-22 01:00:21] - 카카오알림톡 템플릿 동기화(kakaotalk_template)
[2021-05-22 01:00:21] - 엑셀다운로드데이터 삭제(delete_excel_temp)
[2021-05-22 01:00:21] - naverpay 삭제(log_naverpay_delete)
[2021-05-22 01:00:21] - captcha 삭제(log_captcha_delete)
[2021-05-22 01:00:21] - email log 삭제(log_email_delete)
[2021-05-22 01:00:21] - 장바구니 비우기(empty_cart)
[2021-05-22 01:00:21] - 엑심베이 코드 동기화(eximbay)
[2021-05-22 01:00:21] - NPay 택배사 매핑 동기화(npay_delivery_company_code)
[2021-05-22 01:00:21] - 코드 동기화(code_sync)
[2021-05-22 01:00:21] - config 동기화(config_sync)
[2021-05-22 01:00:21] - 택배사 동기화(delivery_url)
[2021-05-22 01:00:21] - 쇼핑몰 분류 동기화(shop_branch)
[2021-05-23 01:00:21] - KICC 코드 동기화(kicc_code)
[2021-05-23 01:00:21] - SMS 국가 코드(sms_national_code)
[2021-05-23 01:00:21] - 서버 캐시파일 삭제(delete_caches)
[2021-05-23 01:00:21] - 엑셀 파일 삭제(delete_excel_file)
[2021-05-23 01:00:21] - 언어별 js메시지 파일 생성(create_alert_file)
[2021-05-23 01:00:21] - 부가서비스 이슈 알림(addservice_notify)
[2021-05-23 01:00:21] - 관리자 중요행위 알림 캐시파일 생성(makeCacheActionAert)
[2021-05-23 01:00:21] - 사용 용량 업데이트(du_check)
[2021-05-23 01:00:21] - 플래시 캐시 파일 삭제(delete_flash_cach)
[2021-05-23 01:00:21] - 캡차 파일 삭제(captcha_file_delete)
[2021-05-23 01:00:21] - 오래된 파일 삭제(tmp_file_delete)
[2021-05-23 01:00:21] - 카카오알림톡 템플릿 동기화(kakaotalk_template)
[2021-05-23 01:00:21] - 엑셀다운로드데이터 삭제(delete_excel_temp)
[2021-05-23 01:00:21] - naverpay 삭제(log_naverpay_delete)
[2021-05-23 01:00:21] - captcha 삭제(log_captcha_delete)
[2021-05-23 01:00:21] - email log 삭제(log_email_delete)
[2021-05-23 01:00:21] - 장바구니 비우기(empty_cart)
[2021-05-23 01:00:21] - 엑심베이 코드 동기화(eximbay)
[2021-05-23 01:00:21] - NPay 택배사 매핑 동기화(npay_delivery_company_code)
[2021-05-23 01:00:21] - 코드 동기화(code_sync)
[2021-05-23 01:00:21] - config 동기화(config_sync)
[2021-05-23 01:00:21] - 택배사 동기화(delivery_url)
[2021-05-23 01:00:21] - 쇼핑몰 분류 동기화(shop_branch)
[2021-05-24 01:00:21] - KICC 코드 동기화(kicc_code)
[2021-05-24 01:00:21] - SMS 국가 코드(sms_national_code)
[2021-05-24 01:00:21] - 서버 캐시파일 삭제(delete_caches)
[2021-05-24 01:00:21] - 엑셀 파일 삭제(delete_excel_file)
[2021-05-24 01:00:21] - 언어별 js메시지 파일 생성(create_alert_file)
[2021-05-24 01:00:21] - 부가서비스 이슈 알림(addservice_notify)
[2021-05-24 01:00:21] - 관리자 중요행위 알림 캐시파일 생성(makeCacheActionAert)
[2021-05-24 01:00:21] - 사용 용량 업데이트(du_check)
[2021-05-24 01:00:21] - 플래시 캐시 파일 삭제(delete_flash_cach)
[2021-05-24 01:00:21] - 캡차 파일 삭제(captcha_file_delete)
[2021-05-24 01:00:21] - 오래된 파일 삭제(tmp_file_delete)
[2021-05-24 01:00:21] - 카카오알림톡 템플릿 동기화(kakaotalk_template)
[2021-05-24 01:00:21] - 엑셀다운로드데이터 삭제(delete_excel_temp)
[2021-05-24 01:00:21] - naverpay 삭제(log_naverpay_delete)
[2021-05-24 01:00:21] - captcha 삭제(log_captcha_delete)
[2021-05-24 01:00:21] - email log 삭제(log_email_delete)
[2021-05-24 01:00:21] - 장바구니 비우기(empty_cart)
[2021-05-24 01:00:21] - 엑심베이 코드 동기화(eximbay)
[2021-05-24 01:00:21] - NPay 택배사 매핑 동기화(npay_delivery_company_code)
[2021-05-24 01:00:21] - 코드 동기화(code_sync)
[2021-05-24 01:00:21] - config 동기화(config_sync)
[2021-05-24 01:00:21] - 택배사 동기화(delivery_url)
[2021-05-24 01:00:21] - 쇼핑몰 분류 동기화(shop_branch)
[2021-05-25 01:00:22] - KICC 코드 동기화(kicc_code)
[2021-05-25 01:00:22] - SMS 국가 코드(sms_national_code)
[2021-05-25 01:00:22] - 서버 캐시파일 삭제(delete_caches)
[2021-05-25 01:00:22] - 엑셀 파일 삭제(delete_excel_file)
[2021-05-25 01:00:22] - 언어별 js메시지 파일 생성(create_alert_file)
[2021-05-25 01:00:22] - 부가서비스 이슈 알림(addservice_notify)
[2021-05-25 01:00:22] - 관리자 중요행위 알림 캐시파일 생성(makeCacheActionAert)
[2021-05-25 01:00:22] - 사용 용량 업데이트(du_check)
[2021-05-25 01:00:22] - 플래시 캐시 파일 삭제(delete_flash_cach)
[2021-05-25 01:00:22] - 캡차 파일 삭제(captcha_file_delete)
[2021-05-25 01:00:22] - 오래된 파일 삭제(tmp_file_delete)
[2021-05-25 01:00:22] - 카카오알림톡 템플릿 동기화(kakaotalk_template)
[2021-05-25 01:00:22] - 엑셀다운로드데이터 삭제(delete_excel_temp)
[2021-05-25 01:00:22] - naverpay 삭제(log_naverpay_delete)
[2021-05-25 01:00:22] - captcha 삭제(log_captcha_delete)
[2021-05-25 01:00:22] - email log 삭제(log_email_delete)
[2021-05-25 01:00:22] - 장바구니 비우기(empty_cart)
[2021-05-25 01:00:22] - 엑심베이 코드 동기화(eximbay)
[2021-05-25 01:00:22] - NPay 택배사 매핑 동기화(npay_delivery_company_code)
[2021-05-25 01:00:22] - 코드 동기화(code_sync)
[2021-05-25 01:00:22] - config 동기화(config_sync)
[2021-05-25 01:00:22] - 택배사 동기화(delivery_url)
[2021-05-25 01:00:22] - 쇼핑몰 분류 동기화(shop_branch)
[2021-05-26 01:00:21] - KICC 코드 동기화(kicc_code)
[2021-05-26 01:00:21] - SMS 국가 코드(sms_national_code)
[2021-05-26 01:00:21] - 서버 캐시파일 삭제(delete_caches)
[2021-05-26 01:00:21] - 엑셀 파일 삭제(delete_excel_file)
[2021-05-26 01:00:21] - 언어별 js메시지 파일 생성(create_alert_file)
[2021-05-26 01:00:21] - 부가서비스 이슈 알림(addservice_notify)
[2021-05-26 01:00:21] - 관리자 중요행위 알림 캐시파일 생성(makeCacheActionAert)
[2021-05-26 01:00:21] - 사용 용량 업데이트(du_check)
[2021-05-26 01:00:21] - 플래시 캐시 파일 삭제(delete_flash_cach)
[2021-05-26 01:00:21] - 캡차 파일 삭제(captcha_file_delete)
[2021-05-26 01:00:21] - 오래된 파일 삭제(tmp_file_delete)
[2021-05-26 01:00:21] - 카카오알림톡 템플릿 동기화(kakaotalk_template)
[2021-05-26 01:00:21] - 엑셀다운로드데이터 삭제(delete_excel_temp)
[2021-05-26 01:00:21] - naverpay 삭제(log_naverpay_delete)
[2021-05-26 01:00:21] - captcha 삭제(log_captcha_delete)
[2021-05-26 01:00:21] - email log 삭제(log_email_delete)
[2021-05-26 01:00:21] - 장바구니 비우기(empty_cart)
[2021-05-26 01:00:21] - 엑심베이 코드 동기화(eximbay)
[2021-05-26 01:00:21] - NPay 택배사 매핑 동기화(npay_delivery_company_code)
[2021-05-26 01:00:21] - 코드 동기화(code_sync)
[2021-05-26 01:00:21] - config 동기화(config_sync)
[2021-05-26 01:00:21] - 택배사 동기화(delivery_url)
[2021-05-26 01:00:21] - 쇼핑몰 분류 동기화(shop_branch)
[2021-05-27 01:00:20] - KICC 코드 동기화(kicc_code)
[2021-05-27 01:00:20] - SMS 국가 코드(sms_national_code)
[2021-05-27 01:00:20] - 서버 캐시파일 삭제(delete_caches)
[2021-05-27 01:00:20] - 엑셀 파일 삭제(delete_excel_file)
[2021-05-27 01:00:20] - 언어별 js메시지 파일 생성(create_alert_file)
[2021-05-27 01:00:20] - 부가서비스 이슈 알림(addservice_notify)
[2021-05-27 01:00:20] - 관리자 중요행위 알림 캐시파일 생성(makeCacheActionAert)
[2021-05-27 01:00:20] - 사용 용량 업데이트(du_check)
[2021-05-27 01:00:20] - 플래시 캐시 파일 삭제(delete_flash_cach)
[2021-05-27 01:00:20] - 캡차 파일 삭제(captcha_file_delete)
[2021-05-27 01:00:20] - 오래된 파일 삭제(tmp_file_delete)
[2021-05-27 01:00:20] - 카카오알림톡 템플릿 동기화(kakaotalk_template)
[2021-05-27 01:00:20] - 엑셀다운로드데이터 삭제(delete_excel_temp)
[2021-05-27 01:00:20] - naverpay 삭제(log_naverpay_delete)
[2021-05-27 01:00:20] - captcha 삭제(log_captcha_delete)
[2021-05-27 01:00:20] - email log 삭제(log_email_delete)
[2021-05-27 01:00:20] - 장바구니 비우기(empty_cart)
[2021-05-27 01:00:20] - 엑심베이 코드 동기화(eximbay)
[2021-05-27 01:00:20] - NPay 택배사 매핑 동기화(npay_delivery_company_code)
[2021-05-27 01:00:20] - 코드 동기화(code_sync)
[2021-05-27 01:00:20] - config 동기화(config_sync)
[2021-05-27 01:00:20] - 택배사 동기화(delivery_url)
[2021-05-27 01:00:20] - 쇼핑몰 분류 동기화(shop_branch)
[2021-05-28 01:00:21] - KICC 코드 동기화(kicc_code)
[2021-05-28 01:00:21] - SMS 국가 코드(sms_national_code)
[2021-05-28 01:00:21] - 서버 캐시파일 삭제(delete_caches)
[2021-05-28 01:00:21] - 엑셀 파일 삭제(delete_excel_file)
[2021-05-28 01:00:21] - 언어별 js메시지 파일 생성(create_alert_file)
[2021-05-28 01:00:21] - 부가서비스 이슈 알림(addservice_notify)
[2021-05-28 01:00:21] - 관리자 중요행위 알림 캐시파일 생성(makeCacheActionAert)
[2021-05-28 01:00:21] - 사용 용량 업데이트(du_check)
[2021-05-28 01:00:21] - 플래시 캐시 파일 삭제(delete_flash_cach)
[2021-05-28 01:00:21] - 캡차 파일 삭제(captcha_file_delete)
[2021-05-28 01:00:21] - 오래된 파일 삭제(tmp_file_delete)
[2021-05-28 01:00:21] - 카카오알림톡 템플릿 동기화(kakaotalk_template)
[2021-05-28 01:00:21] - 엑셀다운로드데이터 삭제(delete_excel_temp)
[2021-05-28 01:00:21] - naverpay 삭제(log_naverpay_delete)
[2021-05-28 01:00:21] - captcha 삭제(log_captcha_delete)
[2021-05-28 01:00:21] - email log 삭제(log_email_delete)
[2021-05-28 01:00:21] - 장바구니 비우기(empty_cart)
[2021-05-28 01:00:21] - 엑심베이 코드 동기화(eximbay)
[2021-05-28 01:00:21] - NPay 택배사 매핑 동기화(npay_delivery_company_code)
[2021-05-28 01:00:21] - 코드 동기화(code_sync)
[2021-05-28 01:00:21] - config 동기화(config_sync)
[2021-05-28 01:00:21] - 택배사 동기화(delivery_url)
[2021-05-28 01:00:21] - 쇼핑몰 분류 동기화(shop_branch)
[2021-05-29 01:00:21] - KICC 코드 동기화(kicc_code)
[2021-05-29 01:00:21] - SMS 국가 코드(sms_national_code)
[2021-05-29 01:00:21] - 서버 캐시파일 삭제(delete_caches)
[2021-05-29 01:00:21] - 엑셀 파일 삭제(delete_excel_file)
[2021-05-29 01:00:21] - 언어별 js메시지 파일 생성(create_alert_file)
[2021-05-29 01:00:21] - 부가서비스 이슈 알림(addservice_notify)
[2021-05-29 01:00:21] - 관리자 중요행위 알림 캐시파일 생성(makeCacheActionAert)
[2021-05-29 01:00:21] - 사용 용량 업데이트(du_check)
[2021-05-29 01:00:21] - 플래시 캐시 파일 삭제(delete_flash_cach)
[2021-05-29 01:00:21] - 캡차 파일 삭제(captcha_file_delete)
[2021-05-29 01:00:21] - 오래된 파일 삭제(tmp_file_delete)
[2021-05-29 01:00:21] - 카카오알림톡 템플릿 동기화(kakaotalk_template)
[2021-05-29 01:00:21] - 엑셀다운로드데이터 삭제(delete_excel_temp)
[2021-05-29 01:00:21] - naverpay 삭제(log_naverpay_delete)
[2021-05-29 01:00:21] - captcha 삭제(log_captcha_delete)
[2021-05-29 01:00:21] - email log 삭제(log_email_delete)
[2021-05-29 01:00:21] - 장바구니 비우기(empty_cart)
[2021-05-29 01:00:21] - 엑심베이 코드 동기화(eximbay)
[2021-05-29 01:00:21] - NPay 택배사 매핑 동기화(npay_delivery_company_code)
[2021-05-29 01:00:21] - 코드 동기화(code_sync)
[2021-05-29 01:00:21] - config 동기화(config_sync)
[2021-05-29 01:00:21] - 택배사 동기화(delivery_url)
[2021-05-29 01:00:21] - 쇼핑몰 분류 동기화(shop_branch)
[2021-05-30 01:00:22] - KICC 코드 동기화(kicc_code)
[2021-05-30 01:00:22] - SMS 국가 코드(sms_national_code)
[2021-05-30 01:00:22] - 서버 캐시파일 삭제(delete_caches)
[2021-05-30 01:00:22] - 엑셀 파일 삭제(delete_excel_file)
[2021-05-30 01:00:22] - 언어별 js메시지 파일 생성(create_alert_file)
[2021-05-30 01:00:22] - 부가서비스 이슈 알림(addservice_notify)
[2021-05-30 01:00:22] - 관리자 중요행위 알림 캐시파일 생성(makeCacheActionAert)
[2021-05-30 01:00:22] - 사용 용량 업데이트(du_check)
[2021-05-30 01:00:22] - 플래시 캐시 파일 삭제(delete_flash_cach)
[2021-05-30 01:00:22] - 캡차 파일 삭제(captcha_file_delete)
[2021-05-30 01:00:22] - 오래된 파일 삭제(tmp_file_delete)
[2021-05-30 01:00:22] - 카카오알림톡 템플릿 동기화(kakaotalk_template)
[2021-05-30 01:00:22] - 엑셀다운로드데이터 삭제(delete_excel_temp)
[2021-05-30 01:00:22] - naverpay 삭제(log_naverpay_delete)
[2021-05-30 01:00:22] - captcha 삭제(log_captcha_delete)
[2021-05-30 01:00:22] - email log 삭제(log_email_delete)
[2021-05-30 01:00:22] - 장바구니 비우기(empty_cart)
[2021-05-30 01:00:22] - 엑심베이 코드 동기화(eximbay)
[2021-05-30 01:00:22] - NPay 택배사 매핑 동기화(npay_delivery_company_code)
[2021-05-30 01:00:22] - 코드 동기화(code_sync)
[2021-05-30 01:00:22] - config 동기화(config_sync)
[2021-05-30 01:00:22] - 택배사 동기화(delivery_url)
[2021-05-30 01:00:22] - 쇼핑몰 분류 동기화(shop_branch)
[2021-05-31 01:00:23] - KICC 코드 동기화(kicc_code)
[2021-05-31 01:00:23] - SMS 국가 코드(sms_national_code)
[2021-05-31 01:00:23] - 서버 캐시파일 삭제(delete_caches)
[2021-05-31 01:00:23] - 엑셀 파일 삭제(delete_excel_file)
[2021-05-31 01:00:23] - 언어별 js메시지 파일 생성(create_alert_file)
[2021-05-31 01:00:23] - 부가서비스 이슈 알림(addservice_notify)
[2021-05-31 01:00:23] - 관리자 중요행위 알림 캐시파일 생성(makeCacheActionAert)
[2021-05-31 01:00:23] - 사용 용량 업데이트(du_check)
[2021-05-31 01:00:23] - 플래시 캐시 파일 삭제(delete_flash_cach)
[2021-05-31 01:00:23] - 캡차 파일 삭제(captcha_file_delete)
[2021-05-31 01:00:23] - 오래된 파일 삭제(tmp_file_delete)
[2021-05-31 01:00:23] - 카카오알림톡 템플릿 동기화(kakaotalk_template)
[2021-05-31 01:00:23] - 엑셀다운로드데이터 삭제(delete_excel_temp)
[2021-05-31 01:00:23] - naverpay 삭제(log_naverpay_delete)
[2021-05-31 01:00:23] - captcha 삭제(log_captcha_delete)
[2021-05-31 01:00:23] - email log 삭제(log_email_delete)
[2021-05-31 01:00:23] - 장바구니 비우기(empty_cart)
[2021-05-31 01:00:23] - 엑심베이 코드 동기화(eximbay)
[2021-05-31 01:00:23] - NPay 택배사 매핑 동기화(npay_delivery_company_code)
[2021-05-31 01:00:23] - 코드 동기화(code_sync)
[2021-05-31 01:00:23] - config 동기화(config_sync)
[2021-05-31 01:00:23] - 택배사 동기화(delivery_url)
[2021-05-31 01:00:23] - 쇼핑몰 분류 동기화(shop_branch)
