[2022-02-01 01:00:29] - 만료 할인쿠폰 알림(remind_coupon) - Err(Today is not monday)
[2022-02-01 01:00:29] - 기념일 축하 안내(remind_anniversary)
[2022-02-01 01:00:29] - 생일 축하 안내(remind_birthday)
[2022-02-01 01:00:29] - 상품 리뷰 작성 안내(remind_review)
[2022-02-01 01:00:29] - 타임세일 종료 상품 안내(remind_timesale)
[2022-02-01 01:00:29] - 회원등급 혜택 안내(remind_membership)
[2022-02-01 01:00:29] - 장바구니/위시리스트 상품 안내(remind_cart)
[2022-02-01 01:00:29] - 소멸 마일리지 안내(remind_emoney)
[2022-02-01 01:00:29] - 만료 할인쿠폰 알림(remind_coupon)
[2022-02-02 01:00:26] - 만료 할인쿠폰 알림(remind_coupon) - Err(Today is not monday)
[2022-02-02 01:00:26] - 소멸 마일리지 안내(remind_emoney) - Err(Today is not monday)
[2022-02-02 01:00:27] - 기념일 축하 안내(remind_anniversary)
[2022-02-02 01:00:27] - 생일 축하 안내(remind_birthday)
[2022-02-02 01:00:27] - 상품 리뷰 작성 안내(remind_review)
[2022-02-02 01:00:27] - 타임세일 종료 상품 안내(remind_timesale)
[2022-02-02 01:00:27] - 회원등급 혜택 안내(remind_membership)
[2022-02-02 01:00:27] - 장바구니/위시리스트 상품 안내(remind_cart)
[2022-02-02 01:00:27] - 소멸 마일리지 안내(remind_emoney)
[2022-02-02 01:00:27] - 만료 할인쿠폰 알림(remind_coupon)
[2022-02-03 01:00:33] - 만료 할인쿠폰 알림(remind_coupon) - Err(Today is not monday)
[2022-02-03 01:00:33] - 소멸 마일리지 안내(remind_emoney) - Err(Today is not monday)
[2022-02-03 01:00:33] - 기념일 축하 안내(remind_anniversary)
[2022-02-03 01:00:33] - 생일 축하 안내(remind_birthday)
[2022-02-03 01:00:33] - 상품 리뷰 작성 안내(remind_review)
[2022-02-03 01:00:33] - 타임세일 종료 상품 안내(remind_timesale)
[2022-02-03 01:00:33] - 회원등급 혜택 안내(remind_membership)
[2022-02-03 01:00:33] - 장바구니/위시리스트 상품 안내(remind_cart)
[2022-02-03 01:00:33] - 소멸 마일리지 안내(remind_emoney)
[2022-02-03 01:00:33] - 만료 할인쿠폰 알림(remind_coupon)
