[2021-05-01 00:10:07] - 구글 피드 생성(createGoogleFile)
[2021-05-01 00:10:07] - 페이스북 피드 생성(createFacebookFile)
[2021-05-01 00:10:07] - 입점마켓팅 네이버 판매지수EP 생성(createNaverSalesEpFile)
[2021-05-01 00:10:07] - 입점마켓팅 리뷰EP 생성(createReviewFile)
[2021-05-01 00:10:07] - 입점마켓팅 네이버EP 3.0 생성(createNaverThirdFile)
[2021-05-01 00:10:07] - 입점마켓팅 네이버EP 2.0 생성(createNaverFile)
[2021-05-01 00:10:07] - 입점마켓팅 다음EP 생성(createDaumFile)
[2021-05-02 00:10:05] - 구글 피드 생성(createGoogleFile)
[2021-05-02 00:10:05] - 페이스북 피드 생성(createFacebookFile)
[2021-05-02 00:10:05] - 입점마켓팅 네이버 판매지수EP 생성(createNaverSalesEpFile)
[2021-05-02 00:10:05] - 입점마켓팅 리뷰EP 생성(createReviewFile)
[2021-05-02 00:10:05] - 입점마켓팅 네이버EP 3.0 생성(createNaverThirdFile)
[2021-05-02 00:10:05] - 입점마켓팅 네이버EP 2.0 생성(createNaverFile)
[2021-05-02 00:10:05] - 입점마켓팅 다음EP 생성(createDaumFile)
[2021-05-03 00:10:05] - 구글 피드 생성(createGoogleFile)
[2021-05-03 00:10:05] - 페이스북 피드 생성(createFacebookFile)
[2021-05-03 00:10:05] - 입점마켓팅 네이버 판매지수EP 생성(createNaverSalesEpFile)
[2021-05-03 00:10:05] - 입점마켓팅 리뷰EP 생성(createReviewFile)
[2021-05-03 00:10:05] - 입점마켓팅 네이버EP 3.0 생성(createNaverThirdFile)
[2021-05-03 00:10:05] - 입점마켓팅 네이버EP 2.0 생성(createNaverFile)
[2021-05-03 00:10:05] - 입점마켓팅 다음EP 생성(createDaumFile)
[2021-05-04 00:10:05] - 구글 피드 생성(createGoogleFile)
[2021-05-04 00:10:05] - 페이스북 피드 생성(createFacebookFile)
[2021-05-04 00:10:05] - 입점마켓팅 네이버 판매지수EP 생성(createNaverSalesEpFile)
[2021-05-04 00:10:05] - 입점마켓팅 리뷰EP 생성(createReviewFile)
[2021-05-04 00:10:05] - 입점마켓팅 네이버EP 3.0 생성(createNaverThirdFile)
[2021-05-04 00:10:05] - 입점마켓팅 네이버EP 2.0 생성(createNaverFile)
[2021-05-04 00:10:05] - 입점마켓팅 다음EP 생성(createDaumFile)
[2021-05-05 00:10:05] - 구글 피드 생성(createGoogleFile)
[2021-05-05 00:10:05] - 페이스북 피드 생성(createFacebookFile)
[2021-05-05 00:10:05] - 입점마켓팅 네이버 판매지수EP 생성(createNaverSalesEpFile)
[2021-05-05 00:10:05] - 입점마켓팅 리뷰EP 생성(createReviewFile)
[2021-05-05 00:10:05] - 입점마켓팅 네이버EP 3.0 생성(createNaverThirdFile)
[2021-05-05 00:10:05] - 입점마켓팅 네이버EP 2.0 생성(createNaverFile)
[2021-05-05 00:10:05] - 입점마켓팅 다음EP 생성(createDaumFile)
[2021-05-06 00:10:06] - 구글 피드 생성(createGoogleFile)
[2021-05-06 00:10:06] - 페이스북 피드 생성(createFacebookFile)
[2021-05-06 00:10:06] - 입점마켓팅 네이버 판매지수EP 생성(createNaverSalesEpFile)
[2021-05-06 00:10:06] - 입점마켓팅 리뷰EP 생성(createReviewFile)
[2021-05-06 00:10:06] - 입점마켓팅 네이버EP 3.0 생성(createNaverThirdFile)
[2021-05-06 00:10:06] - 입점마켓팅 네이버EP 2.0 생성(createNaverFile)
[2021-05-06 00:10:06] - 입점마켓팅 다음EP 생성(createDaumFile)
[2021-05-07 00:10:06] - 구글 피드 생성(createGoogleFile)
[2021-05-07 00:10:06] - 페이스북 피드 생성(createFacebookFile)
[2021-05-07 00:10:06] - 입점마켓팅 네이버 판매지수EP 생성(createNaverSalesEpFile)
[2021-05-07 00:10:06] - 입점마켓팅 리뷰EP 생성(createReviewFile)
[2021-05-07 00:10:06] - 입점마켓팅 네이버EP 3.0 생성(createNaverThirdFile)
[2021-05-07 00:10:06] - 입점마켓팅 네이버EP 2.0 생성(createNaverFile)
[2021-05-07 00:10:06] - 입점마켓팅 다음EP 생성(createDaumFile)
[2021-05-08 00:10:05] - 구글 피드 생성(createGoogleFile)
[2021-05-08 00:10:05] - 페이스북 피드 생성(createFacebookFile)
[2021-05-08 00:10:05] - 입점마켓팅 네이버 판매지수EP 생성(createNaverSalesEpFile)
[2021-05-08 00:10:05] - 입점마켓팅 리뷰EP 생성(createReviewFile)
[2021-05-08 00:10:05] - 입점마켓팅 네이버EP 3.0 생성(createNaverThirdFile)
[2021-05-08 00:10:05] - 입점마켓팅 네이버EP 2.0 생성(createNaverFile)
[2021-05-08 00:10:05] - 입점마켓팅 다음EP 생성(createDaumFile)
[2021-05-09 00:10:05] - 구글 피드 생성(createGoogleFile)
[2021-05-09 00:10:05] - 페이스북 피드 생성(createFacebookFile)
[2021-05-09 00:10:05] - 입점마켓팅 네이버 판매지수EP 생성(createNaverSalesEpFile)
[2021-05-09 00:10:05] - 입점마켓팅 리뷰EP 생성(createReviewFile)
[2021-05-09 00:10:05] - 입점마켓팅 네이버EP 3.0 생성(createNaverThirdFile)
[2021-05-09 00:10:05] - 입점마켓팅 네이버EP 2.0 생성(createNaverFile)
[2021-05-09 00:10:05] - 입점마켓팅 다음EP 생성(createDaumFile)
[2021-05-10 00:10:05] - 구글 피드 생성(createGoogleFile)
[2021-05-10 00:10:05] - 페이스북 피드 생성(createFacebookFile)
[2021-05-10 00:10:05] - 입점마켓팅 네이버 판매지수EP 생성(createNaverSalesEpFile)
[2021-05-10 00:10:05] - 입점마켓팅 리뷰EP 생성(createReviewFile)
[2021-05-10 00:10:05] - 입점마켓팅 네이버EP 3.0 생성(createNaverThirdFile)
[2021-05-10 00:10:05] - 입점마켓팅 네이버EP 2.0 생성(createNaverFile)
[2021-05-10 00:10:05] - 입점마켓팅 다음EP 생성(createDaumFile)
[2021-05-11 00:10:06] - 구글 피드 생성(createGoogleFile)
[2021-05-11 00:10:06] - 페이스북 피드 생성(createFacebookFile)
[2021-05-11 00:10:06] - 입점마켓팅 네이버 판매지수EP 생성(createNaverSalesEpFile)
[2021-05-11 00:10:06] - 입점마켓팅 리뷰EP 생성(createReviewFile)
[2021-05-11 00:10:06] - 입점마켓팅 네이버EP 3.0 생성(createNaverThirdFile)
[2021-05-11 00:10:06] - 입점마켓팅 네이버EP 2.0 생성(createNaverFile)
[2021-05-11 00:10:06] - 입점마켓팅 다음EP 생성(createDaumFile)
[2021-05-12 00:10:07] - 구글 피드 생성(createGoogleFile)
[2021-05-12 00:10:07] - 페이스북 피드 생성(createFacebookFile)
[2021-05-12 00:10:07] - 입점마켓팅 네이버 판매지수EP 생성(createNaverSalesEpFile)
[2021-05-12 00:10:07] - 입점마켓팅 리뷰EP 생성(createReviewFile)
[2021-05-12 00:10:07] - 입점마켓팅 네이버EP 3.0 생성(createNaverThirdFile)
[2021-05-12 00:10:07] - 입점마켓팅 네이버EP 2.0 생성(createNaverFile)
[2021-05-12 00:10:07] - 입점마켓팅 다음EP 생성(createDaumFile)
[2021-05-13 00:10:06] - 구글 피드 생성(createGoogleFile)
[2021-05-13 00:10:06] - 페이스북 피드 생성(createFacebookFile)
[2021-05-13 00:10:06] - 입점마켓팅 네이버 판매지수EP 생성(createNaverSalesEpFile)
[2021-05-13 00:10:06] - 입점마켓팅 리뷰EP 생성(createReviewFile)
[2021-05-13 00:10:06] - 입점마켓팅 네이버EP 3.0 생성(createNaverThirdFile)
[2021-05-13 00:10:06] - 입점마켓팅 네이버EP 2.0 생성(createNaverFile)
[2021-05-13 00:10:06] - 입점마켓팅 다음EP 생성(createDaumFile)
[2021-05-14 00:10:06] - 구글 피드 생성(createGoogleFile)
[2021-05-14 00:10:06] - 페이스북 피드 생성(createFacebookFile)
[2021-05-14 00:10:06] - 입점마켓팅 네이버 판매지수EP 생성(createNaverSalesEpFile)
[2021-05-14 00:10:06] - 입점마켓팅 리뷰EP 생성(createReviewFile)
[2021-05-14 00:10:06] - 입점마켓팅 네이버EP 3.0 생성(createNaverThirdFile)
[2021-05-14 00:10:06] - 입점마켓팅 네이버EP 2.0 생성(createNaverFile)
[2021-05-14 00:10:06] - 입점마켓팅 다음EP 생성(createDaumFile)
[2021-05-15 00:10:06] - 구글 피드 생성(createGoogleFile)
[2021-05-15 00:10:06] - 페이스북 피드 생성(createFacebookFile)
[2021-05-15 00:10:06] - 입점마켓팅 네이버 판매지수EP 생성(createNaverSalesEpFile)
[2021-05-15 00:10:06] - 입점마켓팅 리뷰EP 생성(createReviewFile)
[2021-05-15 00:10:06] - 입점마켓팅 네이버EP 3.0 생성(createNaverThirdFile)
[2021-05-15 00:10:06] - 입점마켓팅 네이버EP 2.0 생성(createNaverFile)
[2021-05-15 00:10:06] - 입점마켓팅 다음EP 생성(createDaumFile)
[2021-05-16 00:10:06] - 구글 피드 생성(createGoogleFile)
[2021-05-16 00:10:06] - 페이스북 피드 생성(createFacebookFile)
[2021-05-16 00:10:06] - 입점마켓팅 네이버 판매지수EP 생성(createNaverSalesEpFile)
[2021-05-16 00:10:06] - 입점마켓팅 리뷰EP 생성(createReviewFile)
[2021-05-16 00:10:06] - 입점마켓팅 네이버EP 3.0 생성(createNaverThirdFile)
[2021-05-16 00:10:06] - 입점마켓팅 네이버EP 2.0 생성(createNaverFile)
[2021-05-16 00:10:06] - 입점마켓팅 다음EP 생성(createDaumFile)
[2021-05-17 00:10:06] - 구글 피드 생성(createGoogleFile)
[2021-05-17 00:10:06] - 페이스북 피드 생성(createFacebookFile)
[2021-05-17 00:10:06] - 입점마켓팅 네이버 판매지수EP 생성(createNaverSalesEpFile)
[2021-05-17 00:10:06] - 입점마켓팅 리뷰EP 생성(createReviewFile)
[2021-05-17 00:10:06] - 입점마켓팅 네이버EP 3.0 생성(createNaverThirdFile)
[2021-05-17 00:10:06] - 입점마켓팅 네이버EP 2.0 생성(createNaverFile)
[2021-05-17 00:10:06] - 입점마켓팅 다음EP 생성(createDaumFile)
[2021-05-18 00:10:07] - 구글 피드 생성(createGoogleFile)
[2021-05-18 00:10:07] - 페이스북 피드 생성(createFacebookFile)
[2021-05-18 00:10:07] - 입점마켓팅 네이버 판매지수EP 생성(createNaverSalesEpFile)
[2021-05-18 00:10:07] - 입점마켓팅 리뷰EP 생성(createReviewFile)
[2021-05-18 00:10:07] - 입점마켓팅 네이버EP 3.0 생성(createNaverThirdFile)
[2021-05-18 00:10:07] - 입점마켓팅 네이버EP 2.0 생성(createNaverFile)
[2021-05-18 00:10:07] - 입점마켓팅 다음EP 생성(createDaumFile)
[2021-05-19 00:10:06] - 구글 피드 생성(createGoogleFile)
[2021-05-19 00:10:06] - 페이스북 피드 생성(createFacebookFile)
[2021-05-19 00:10:06] - 입점마켓팅 네이버 판매지수EP 생성(createNaverSalesEpFile)
[2021-05-19 00:10:06] - 입점마켓팅 리뷰EP 생성(createReviewFile)
[2021-05-19 00:10:06] - 입점마켓팅 네이버EP 3.0 생성(createNaverThirdFile)
[2021-05-19 00:10:06] - 입점마켓팅 네이버EP 2.0 생성(createNaverFile)
[2021-05-19 00:10:06] - 입점마켓팅 다음EP 생성(createDaumFile)
[2021-05-20 00:10:06] - 구글 피드 생성(createGoogleFile)
[2021-05-20 00:10:06] - 페이스북 피드 생성(createFacebookFile)
[2021-05-20 00:10:06] - 입점마켓팅 네이버 판매지수EP 생성(createNaverSalesEpFile)
[2021-05-20 00:10:06] - 입점마켓팅 리뷰EP 생성(createReviewFile)
[2021-05-20 00:10:06] - 입점마켓팅 네이버EP 3.0 생성(createNaverThirdFile)
[2021-05-20 00:10:06] - 입점마켓팅 네이버EP 2.0 생성(createNaverFile)
[2021-05-20 00:10:06] - 입점마켓팅 다음EP 생성(createDaumFile)
[2021-05-21 00:10:06] - 구글 피드 생성(createGoogleFile)
[2021-05-21 00:10:06] - 페이스북 피드 생성(createFacebookFile)
[2021-05-21 00:10:06] - 입점마켓팅 네이버 판매지수EP 생성(createNaverSalesEpFile)
[2021-05-21 00:10:06] - 입점마켓팅 리뷰EP 생성(createReviewFile)
[2021-05-21 00:10:06] - 입점마켓팅 네이버EP 3.0 생성(createNaverThirdFile)
[2021-05-21 00:10:06] - 입점마켓팅 네이버EP 2.0 생성(createNaverFile)
[2021-05-21 00:10:06] - 입점마켓팅 다음EP 생성(createDaumFile)
[2021-05-22 00:10:07] - 구글 피드 생성(createGoogleFile)
[2021-05-22 00:10:07] - 페이스북 피드 생성(createFacebookFile)
[2021-05-22 00:10:07] - 입점마켓팅 네이버 판매지수EP 생성(createNaverSalesEpFile)
[2021-05-22 00:10:07] - 입점마켓팅 리뷰EP 생성(createReviewFile)
[2021-05-22 00:10:07] - 입점마켓팅 네이버EP 3.0 생성(createNaverThirdFile)
[2021-05-22 00:10:07] - 입점마켓팅 네이버EP 2.0 생성(createNaverFile)
[2021-05-22 00:10:07] - 입점마켓팅 다음EP 생성(createDaumFile)
[2021-05-23 00:10:06] - 구글 피드 생성(createGoogleFile)
[2021-05-23 00:10:06] - 페이스북 피드 생성(createFacebookFile)
[2021-05-23 00:10:06] - 입점마켓팅 네이버 판매지수EP 생성(createNaverSalesEpFile)
[2021-05-23 00:10:06] - 입점마켓팅 리뷰EP 생성(createReviewFile)
[2021-05-23 00:10:06] - 입점마켓팅 네이버EP 3.0 생성(createNaverThirdFile)
[2021-05-23 00:10:06] - 입점마켓팅 네이버EP 2.0 생성(createNaverFile)
[2021-05-23 00:10:06] - 입점마켓팅 다음EP 생성(createDaumFile)
[2021-05-24 00:10:07] - 구글 피드 생성(createGoogleFile)
[2021-05-24 00:10:07] - 페이스북 피드 생성(createFacebookFile)
[2021-05-24 00:10:07] - 입점마켓팅 네이버 판매지수EP 생성(createNaverSalesEpFile)
[2021-05-24 00:10:07] - 입점마켓팅 리뷰EP 생성(createReviewFile)
[2021-05-24 00:10:07] - 입점마켓팅 네이버EP 3.0 생성(createNaverThirdFile)
[2021-05-24 00:10:07] - 입점마켓팅 네이버EP 2.0 생성(createNaverFile)
[2021-05-24 00:10:07] - 입점마켓팅 다음EP 생성(createDaumFile)
[2021-05-25 00:10:07] - 구글 피드 생성(createGoogleFile)
[2021-05-25 00:10:07] - 페이스북 피드 생성(createFacebookFile)
[2021-05-25 00:10:07] - 입점마켓팅 네이버 판매지수EP 생성(createNaverSalesEpFile)
[2021-05-25 00:10:07] - 입점마켓팅 리뷰EP 생성(createReviewFile)
[2021-05-25 00:10:07] - 입점마켓팅 네이버EP 3.0 생성(createNaverThirdFile)
[2021-05-25 00:10:07] - 입점마켓팅 네이버EP 2.0 생성(createNaverFile)
[2021-05-25 00:10:07] - 입점마켓팅 다음EP 생성(createDaumFile)
[2021-05-26 00:10:06] - 구글 피드 생성(createGoogleFile)
[2021-05-26 00:10:06] - 페이스북 피드 생성(createFacebookFile)
[2021-05-26 00:10:06] - 입점마켓팅 네이버 판매지수EP 생성(createNaverSalesEpFile)
[2021-05-26 00:10:06] - 입점마켓팅 리뷰EP 생성(createReviewFile)
[2021-05-26 00:10:06] - 입점마켓팅 네이버EP 3.0 생성(createNaverThirdFile)
[2021-05-26 00:10:06] - 입점마켓팅 네이버EP 2.0 생성(createNaverFile)
[2021-05-26 00:10:06] - 입점마켓팅 다음EP 생성(createDaumFile)
[2021-05-27 00:10:06] - 구글 피드 생성(createGoogleFile)
[2021-05-27 00:10:06] - 페이스북 피드 생성(createFacebookFile)
[2021-05-27 00:10:06] - 입점마켓팅 네이버 판매지수EP 생성(createNaverSalesEpFile)
[2021-05-27 00:10:06] - 입점마켓팅 리뷰EP 생성(createReviewFile)
[2021-05-27 00:10:06] - 입점마켓팅 네이버EP 3.0 생성(createNaverThirdFile)
[2021-05-27 00:10:06] - 입점마켓팅 네이버EP 2.0 생성(createNaverFile)
[2021-05-27 00:10:06] - 입점마켓팅 다음EP 생성(createDaumFile)
[2021-05-28 00:10:06] - 구글 피드 생성(createGoogleFile)
[2021-05-28 00:10:06] - 페이스북 피드 생성(createFacebookFile)
[2021-05-28 00:10:06] - 입점마켓팅 네이버 판매지수EP 생성(createNaverSalesEpFile)
[2021-05-28 00:10:06] - 입점마켓팅 리뷰EP 생성(createReviewFile)
[2021-05-28 00:10:06] - 입점마켓팅 네이버EP 3.0 생성(createNaverThirdFile)
[2021-05-28 00:10:06] - 입점마켓팅 네이버EP 2.0 생성(createNaverFile)
[2021-05-28 00:10:06] - 입점마켓팅 다음EP 생성(createDaumFile)
[2021-05-29 00:10:06] - 구글 피드 생성(createGoogleFile)
[2021-05-29 00:10:06] - 페이스북 피드 생성(createFacebookFile)
[2021-05-29 00:10:06] - 입점마켓팅 네이버 판매지수EP 생성(createNaverSalesEpFile)
[2021-05-29 00:10:06] - 입점마켓팅 리뷰EP 생성(createReviewFile)
[2021-05-29 00:10:06] - 입점마켓팅 네이버EP 3.0 생성(createNaverThirdFile)
[2021-05-29 00:10:06] - 입점마켓팅 네이버EP 2.0 생성(createNaverFile)
[2021-05-29 00:10:06] - 입점마켓팅 다음EP 생성(createDaumFile)
[2021-05-30 00:10:07] - 구글 피드 생성(createGoogleFile)
[2021-05-30 00:10:07] - 페이스북 피드 생성(createFacebookFile)
[2021-05-30 00:10:07] - 입점마켓팅 네이버 판매지수EP 생성(createNaverSalesEpFile)
[2021-05-30 00:10:07] - 입점마켓팅 리뷰EP 생성(createReviewFile)
[2021-05-30 00:10:07] - 입점마켓팅 네이버EP 3.0 생성(createNaverThirdFile)
[2021-05-30 00:10:07] - 입점마켓팅 네이버EP 2.0 생성(createNaverFile)
[2021-05-30 00:10:07] - 입점마켓팅 다음EP 생성(createDaumFile)
[2021-05-31 00:10:07] - 구글 피드 생성(createGoogleFile)
[2021-05-31 00:10:07] - 페이스북 피드 생성(createFacebookFile)
[2021-05-31 00:10:07] - 입점마켓팅 네이버 판매지수EP 생성(createNaverSalesEpFile)
[2021-05-31 00:10:07] - 입점마켓팅 리뷰EP 생성(createReviewFile)
[2021-05-31 00:10:07] - 입점마켓팅 네이버EP 3.0 생성(createNaverThirdFile)
[2021-05-31 00:10:07] - 입점마켓팅 네이버EP 2.0 생성(createNaverFile)
[2021-05-31 00:10:07] - 입점마켓팅 다음EP 생성(createDaumFile)
