[2021-12-01 00:10:07] - 구글 피드 생성(createGoogleFile)
[2021-12-01 00:10:07] - 페이스북 피드 생성(createFacebookFile)
[2021-12-01 00:10:07] - 입점마켓팅 네이버 판매지수EP 생성(createNaverSalesEpFile)
[2021-12-01 00:10:07] - 입점마켓팅 리뷰EP 생성(createReviewFile)
[2021-12-01 00:10:07] - 입점마켓팅 네이버EP 3.0 생성(createNaverThirdFile)
[2021-12-01 00:10:07] - 입점마켓팅 네이버EP 2.0 생성(createNaverFile)
[2021-12-01 00:10:07] - 입점마켓팅 다음EP 생성(createDaumFile)
[2021-12-02 00:10:06] - 구글 피드 생성(createGoogleFile)
[2021-12-02 00:10:06] - 페이스북 피드 생성(createFacebookFile)
[2021-12-02 00:10:06] - 입점마켓팅 네이버 판매지수EP 생성(createNaverSalesEpFile)
[2021-12-02 00:10:06] - 입점마켓팅 리뷰EP 생성(createReviewFile)
[2021-12-02 00:10:06] - 입점마켓팅 네이버EP 3.0 생성(createNaverThirdFile)
[2021-12-02 00:10:06] - 입점마켓팅 네이버EP 2.0 생성(createNaverFile)
[2021-12-02 00:10:06] - 입점마켓팅 다음EP 생성(createDaumFile)
[2021-12-03 00:10:05] - 구글 피드 생성(createGoogleFile)
[2021-12-03 00:10:05] - 페이스북 피드 생성(createFacebookFile)
[2021-12-03 00:10:05] - 입점마켓팅 네이버 판매지수EP 생성(createNaverSalesEpFile)
[2021-12-03 00:10:05] - 입점마켓팅 리뷰EP 생성(createReviewFile)
[2021-12-03 00:10:05] - 입점마켓팅 네이버EP 3.0 생성(createNaverThirdFile)
[2021-12-03 00:10:05] - 입점마켓팅 네이버EP 2.0 생성(createNaverFile)
[2021-12-03 00:10:05] - 입점마켓팅 다음EP 생성(createDaumFile)
[2021-12-04 00:10:05] - 구글 피드 생성(createGoogleFile)
[2021-12-04 00:10:05] - 페이스북 피드 생성(createFacebookFile)
[2021-12-04 00:10:05] - 입점마켓팅 네이버 판매지수EP 생성(createNaverSalesEpFile)
[2021-12-04 00:10:05] - 입점마켓팅 리뷰EP 생성(createReviewFile)
[2021-12-04 00:10:05] - 입점마켓팅 네이버EP 3.0 생성(createNaverThirdFile)
[2021-12-04 00:10:05] - 입점마켓팅 네이버EP 2.0 생성(createNaverFile)
[2021-12-04 00:10:05] - 입점마켓팅 다음EP 생성(createDaumFile)
[2021-12-05 00:10:05] - 구글 피드 생성(createGoogleFile)
[2021-12-05 00:10:05] - 페이스북 피드 생성(createFacebookFile)
[2021-12-05 00:10:05] - 입점마켓팅 네이버 판매지수EP 생성(createNaverSalesEpFile)
[2021-12-05 00:10:05] - 입점마켓팅 리뷰EP 생성(createReviewFile)
[2021-12-05 00:10:05] - 입점마켓팅 네이버EP 3.0 생성(createNaverThirdFile)
[2021-12-05 00:10:05] - 입점마켓팅 네이버EP 2.0 생성(createNaverFile)
[2021-12-05 00:10:05] - 입점마켓팅 다음EP 생성(createDaumFile)
[2021-12-06 00:10:06] - 구글 피드 생성(createGoogleFile)
[2021-12-06 00:10:06] - 페이스북 피드 생성(createFacebookFile)
[2021-12-06 00:10:06] - 입점마켓팅 네이버 판매지수EP 생성(createNaverSalesEpFile)
[2021-12-06 00:10:06] - 입점마켓팅 리뷰EP 생성(createReviewFile)
[2021-12-06 00:10:06] - 입점마켓팅 네이버EP 3.0 생성(createNaverThirdFile)
[2021-12-06 00:10:06] - 입점마켓팅 네이버EP 2.0 생성(createNaverFile)
[2021-12-06 00:10:06] - 입점마켓팅 다음EP 생성(createDaumFile)
[2021-12-07 00:10:05] - 구글 피드 생성(createGoogleFile)
[2021-12-07 00:10:05] - 페이스북 피드 생성(createFacebookFile)
[2021-12-07 00:10:05] - 입점마켓팅 네이버 판매지수EP 생성(createNaverSalesEpFile)
[2021-12-07 00:10:05] - 입점마켓팅 리뷰EP 생성(createReviewFile)
[2021-12-07 00:10:05] - 입점마켓팅 네이버EP 3.0 생성(createNaverThirdFile)
[2021-12-07 00:10:05] - 입점마켓팅 네이버EP 2.0 생성(createNaverFile)
[2021-12-07 00:10:05] - 입점마켓팅 다음EP 생성(createDaumFile)
[2021-12-08 00:10:03] - 구글 피드 생성(createGoogleFile)
[2021-12-08 00:10:03] - 페이스북 피드 생성(createFacebookFile)
[2021-12-08 00:10:03] - 입점마켓팅 네이버 판매지수EP 생성(createNaverSalesEpFile)
[2021-12-08 00:10:03] - 입점마켓팅 리뷰EP 생성(createReviewFile)
[2021-12-08 00:10:03] - 입점마켓팅 네이버EP 3.0 생성(createNaverThirdFile)
[2021-12-08 00:10:03] - 입점마켓팅 네이버EP 2.0 생성(createNaverFile)
[2021-12-08 00:10:03] - 입점마켓팅 다음EP 생성(createDaumFile)
[2021-12-09 00:10:03] - 구글 피드 생성(createGoogleFile)
[2021-12-09 00:10:03] - 페이스북 피드 생성(createFacebookFile)
[2021-12-09 00:10:03] - 입점마켓팅 네이버 판매지수EP 생성(createNaverSalesEpFile)
[2021-12-09 00:10:03] - 입점마켓팅 리뷰EP 생성(createReviewFile)
[2021-12-09 00:10:03] - 입점마켓팅 네이버EP 3.0 생성(createNaverThirdFile)
[2021-12-09 00:10:03] - 입점마켓팅 네이버EP 2.0 생성(createNaverFile)
[2021-12-09 00:10:03] - 입점마켓팅 다음EP 생성(createDaumFile)
[2021-12-10 00:10:04] - 구글 피드 생성(createGoogleFile)
[2021-12-10 00:10:04] - 페이스북 피드 생성(createFacebookFile)
[2021-12-10 00:10:04] - 입점마켓팅 네이버 판매지수EP 생성(createNaverSalesEpFile)
[2021-12-10 00:10:04] - 입점마켓팅 리뷰EP 생성(createReviewFile)
[2021-12-10 00:10:04] - 입점마켓팅 네이버EP 3.0 생성(createNaverThirdFile)
[2021-12-10 00:10:04] - 입점마켓팅 네이버EP 2.0 생성(createNaverFile)
[2021-12-10 00:10:04] - 입점마켓팅 다음EP 생성(createDaumFile)
[2021-12-11 00:10:03] - 구글 피드 생성(createGoogleFile)
[2021-12-11 00:10:03] - 페이스북 피드 생성(createFacebookFile)
[2021-12-11 00:10:03] - 입점마켓팅 네이버 판매지수EP 생성(createNaverSalesEpFile)
[2021-12-11 00:10:03] - 입점마켓팅 리뷰EP 생성(createReviewFile)
[2021-12-11 00:10:03] - 입점마켓팅 네이버EP 3.0 생성(createNaverThirdFile)
[2021-12-11 00:10:03] - 입점마켓팅 네이버EP 2.0 생성(createNaverFile)
[2021-12-11 00:10:03] - 입점마켓팅 다음EP 생성(createDaumFile)
[2021-12-12 00:10:04] - 구글 피드 생성(createGoogleFile)
[2021-12-12 00:10:04] - 페이스북 피드 생성(createFacebookFile)
[2021-12-12 00:10:04] - 입점마켓팅 네이버 판매지수EP 생성(createNaverSalesEpFile)
[2021-12-12 00:10:04] - 입점마켓팅 리뷰EP 생성(createReviewFile)
[2021-12-12 00:10:04] - 입점마켓팅 네이버EP 3.0 생성(createNaverThirdFile)
[2021-12-12 00:10:04] - 입점마켓팅 네이버EP 2.0 생성(createNaverFile)
[2021-12-12 00:10:04] - 입점마켓팅 다음EP 생성(createDaumFile)
[2021-12-13 00:10:03] - 구글 피드 생성(createGoogleFile)
[2021-12-13 00:10:03] - 페이스북 피드 생성(createFacebookFile)
[2021-12-13 00:10:03] - 입점마켓팅 네이버 판매지수EP 생성(createNaverSalesEpFile)
[2021-12-13 00:10:03] - 입점마켓팅 리뷰EP 생성(createReviewFile)
[2021-12-13 00:10:03] - 입점마켓팅 네이버EP 3.0 생성(createNaverThirdFile)
[2021-12-13 00:10:03] - 입점마켓팅 네이버EP 2.0 생성(createNaverFile)
[2021-12-13 00:10:03] - 입점마켓팅 다음EP 생성(createDaumFile)
[2021-12-14 00:10:03] - 구글 피드 생성(createGoogleFile)
[2021-12-14 00:10:03] - 페이스북 피드 생성(createFacebookFile)
[2021-12-14 00:10:03] - 입점마켓팅 네이버 판매지수EP 생성(createNaverSalesEpFile)
[2021-12-14 00:10:03] - 입점마켓팅 리뷰EP 생성(createReviewFile)
[2021-12-14 00:10:03] - 입점마켓팅 네이버EP 3.0 생성(createNaverThirdFile)
[2021-12-14 00:10:03] - 입점마켓팅 네이버EP 2.0 생성(createNaverFile)
[2021-12-14 00:10:03] - 입점마켓팅 다음EP 생성(createDaumFile)
[2021-12-15 00:10:03] - 구글 피드 생성(createGoogleFile)
[2021-12-15 00:10:03] - 페이스북 피드 생성(createFacebookFile)
[2021-12-15 00:10:03] - 입점마켓팅 네이버 판매지수EP 생성(createNaverSalesEpFile)
[2021-12-15 00:10:03] - 입점마켓팅 리뷰EP 생성(createReviewFile)
[2021-12-15 00:10:03] - 입점마켓팅 네이버EP 3.0 생성(createNaverThirdFile)
[2021-12-15 00:10:03] - 입점마켓팅 네이버EP 2.0 생성(createNaverFile)
[2021-12-15 00:10:03] - 입점마켓팅 다음EP 생성(createDaumFile)
[2021-12-16 00:10:03] - 구글 피드 생성(createGoogleFile)
[2021-12-16 00:10:03] - 페이스북 피드 생성(createFacebookFile)
[2021-12-16 00:10:03] - 입점마켓팅 네이버 판매지수EP 생성(createNaverSalesEpFile)
[2021-12-16 00:10:03] - 입점마켓팅 리뷰EP 생성(createReviewFile)
[2021-12-16 00:10:03] - 입점마켓팅 네이버EP 3.0 생성(createNaverThirdFile)
[2021-12-16 00:10:03] - 입점마켓팅 네이버EP 2.0 생성(createNaverFile)
[2021-12-16 00:10:03] - 입점마켓팅 다음EP 생성(createDaumFile)
[2021-12-17 00:10:04] - 구글 피드 생성(createGoogleFile)
[2021-12-17 00:10:04] - 페이스북 피드 생성(createFacebookFile)
[2021-12-17 00:10:04] - 입점마켓팅 네이버 판매지수EP 생성(createNaverSalesEpFile)
[2021-12-17 00:10:04] - 입점마켓팅 리뷰EP 생성(createReviewFile)
[2021-12-17 00:10:04] - 입점마켓팅 네이버EP 3.0 생성(createNaverThirdFile)
[2021-12-17 00:10:04] - 입점마켓팅 네이버EP 2.0 생성(createNaverFile)
[2021-12-17 00:10:04] - 입점마켓팅 다음EP 생성(createDaumFile)
[2021-12-18 00:10:03] - 구글 피드 생성(createGoogleFile)
[2021-12-18 00:10:03] - 페이스북 피드 생성(createFacebookFile)
[2021-12-18 00:10:03] - 입점마켓팅 네이버 판매지수EP 생성(createNaverSalesEpFile)
[2021-12-18 00:10:03] - 입점마켓팅 리뷰EP 생성(createReviewFile)
[2021-12-18 00:10:03] - 입점마켓팅 네이버EP 3.0 생성(createNaverThirdFile)
[2021-12-18 00:10:03] - 입점마켓팅 네이버EP 2.0 생성(createNaverFile)
[2021-12-18 00:10:03] - 입점마켓팅 다음EP 생성(createDaumFile)
[2021-12-19 00:10:03] - 구글 피드 생성(createGoogleFile)
[2021-12-19 00:10:03] - 페이스북 피드 생성(createFacebookFile)
[2021-12-19 00:10:03] - 입점마켓팅 네이버 판매지수EP 생성(createNaverSalesEpFile)
[2021-12-19 00:10:03] - 입점마켓팅 리뷰EP 생성(createReviewFile)
[2021-12-19 00:10:03] - 입점마켓팅 네이버EP 3.0 생성(createNaverThirdFile)
[2021-12-19 00:10:03] - 입점마켓팅 네이버EP 2.0 생성(createNaverFile)
[2021-12-19 00:10:03] - 입점마켓팅 다음EP 생성(createDaumFile)
[2021-12-20 00:10:04] - 구글 피드 생성(createGoogleFile)
[2021-12-20 00:10:04] - 페이스북 피드 생성(createFacebookFile)
[2021-12-20 00:10:04] - 입점마켓팅 네이버 판매지수EP 생성(createNaverSalesEpFile)
[2021-12-20 00:10:04] - 입점마켓팅 리뷰EP 생성(createReviewFile)
[2021-12-20 00:10:04] - 입점마켓팅 네이버EP 3.0 생성(createNaverThirdFile)
[2021-12-20 00:10:04] - 입점마켓팅 네이버EP 2.0 생성(createNaverFile)
[2021-12-20 00:10:04] - 입점마켓팅 다음EP 생성(createDaumFile)
[2021-12-21 00:10:04] - 구글 피드 생성(createGoogleFile)
[2021-12-21 00:10:04] - 페이스북 피드 생성(createFacebookFile)
[2021-12-21 00:10:04] - 입점마켓팅 네이버 판매지수EP 생성(createNaverSalesEpFile)
[2021-12-21 00:10:04] - 입점마켓팅 리뷰EP 생성(createReviewFile)
[2021-12-21 00:10:04] - 입점마켓팅 네이버EP 3.0 생성(createNaverThirdFile)
[2021-12-21 00:10:04] - 입점마켓팅 네이버EP 2.0 생성(createNaverFile)
[2021-12-21 00:10:04] - 입점마켓팅 다음EP 생성(createDaumFile)
[2021-12-22 00:10:04] - 구글 피드 생성(createGoogleFile)
[2021-12-22 00:10:04] - 페이스북 피드 생성(createFacebookFile)
[2021-12-22 00:10:04] - 입점마켓팅 네이버 판매지수EP 생성(createNaverSalesEpFile)
[2021-12-22 00:10:04] - 입점마켓팅 리뷰EP 생성(createReviewFile)
[2021-12-22 00:10:04] - 입점마켓팅 네이버EP 3.0 생성(createNaverThirdFile)
[2021-12-22 00:10:04] - 입점마켓팅 네이버EP 2.0 생성(createNaverFile)
[2021-12-22 00:10:04] - 입점마켓팅 다음EP 생성(createDaumFile)
[2021-12-23 00:10:04] - 구글 피드 생성(createGoogleFile)
[2021-12-23 00:10:04] - 페이스북 피드 생성(createFacebookFile)
[2021-12-23 00:10:04] - 입점마켓팅 네이버 판매지수EP 생성(createNaverSalesEpFile)
[2021-12-23 00:10:04] - 입점마켓팅 리뷰EP 생성(createReviewFile)
[2021-12-23 00:10:04] - 입점마켓팅 네이버EP 3.0 생성(createNaverThirdFile)
[2021-12-23 00:10:04] - 입점마켓팅 네이버EP 2.0 생성(createNaverFile)
[2021-12-23 00:10:04] - 입점마켓팅 다음EP 생성(createDaumFile)
[2021-12-24 00:10:03] - 구글 피드 생성(createGoogleFile)
[2021-12-24 00:10:03] - 페이스북 피드 생성(createFacebookFile)
[2021-12-24 00:10:03] - 입점마켓팅 네이버 판매지수EP 생성(createNaverSalesEpFile)
[2021-12-24 00:10:03] - 입점마켓팅 리뷰EP 생성(createReviewFile)
[2021-12-24 00:10:03] - 입점마켓팅 네이버EP 3.0 생성(createNaverThirdFile)
[2021-12-24 00:10:03] - 입점마켓팅 네이버EP 2.0 생성(createNaverFile)
[2021-12-24 00:10:03] - 입점마켓팅 다음EP 생성(createDaumFile)
[2021-12-25 00:10:03] - 구글 피드 생성(createGoogleFile)
[2021-12-25 00:10:03] - 페이스북 피드 생성(createFacebookFile)
[2021-12-25 00:10:03] - 입점마켓팅 네이버 판매지수EP 생성(createNaverSalesEpFile)
[2021-12-25 00:10:03] - 입점마켓팅 리뷰EP 생성(createReviewFile)
[2021-12-25 00:10:03] - 입점마켓팅 네이버EP 3.0 생성(createNaverThirdFile)
[2021-12-25 00:10:03] - 입점마켓팅 네이버EP 2.0 생성(createNaverFile)
[2021-12-25 00:10:03] - 입점마켓팅 다음EP 생성(createDaumFile)
[2021-12-26 00:10:03] - 구글 피드 생성(createGoogleFile)
[2021-12-26 00:10:03] - 페이스북 피드 생성(createFacebookFile)
[2021-12-26 00:10:03] - 입점마켓팅 네이버 판매지수EP 생성(createNaverSalesEpFile)
[2021-12-26 00:10:03] - 입점마켓팅 리뷰EP 생성(createReviewFile)
[2021-12-26 00:10:03] - 입점마켓팅 네이버EP 3.0 생성(createNaverThirdFile)
[2021-12-26 00:10:03] - 입점마켓팅 네이버EP 2.0 생성(createNaverFile)
[2021-12-26 00:10:03] - 입점마켓팅 다음EP 생성(createDaumFile)
[2021-12-27 00:10:03] - 구글 피드 생성(createGoogleFile)
[2021-12-27 00:10:03] - 페이스북 피드 생성(createFacebookFile)
[2021-12-27 00:10:03] - 입점마켓팅 네이버 판매지수EP 생성(createNaverSalesEpFile)
[2021-12-27 00:10:03] - 입점마켓팅 리뷰EP 생성(createReviewFile)
[2021-12-27 00:10:03] - 입점마켓팅 네이버EP 3.0 생성(createNaverThirdFile)
[2021-12-27 00:10:03] - 입점마켓팅 네이버EP 2.0 생성(createNaverFile)
[2021-12-27 00:10:03] - 입점마켓팅 다음EP 생성(createDaumFile)
[2021-12-28 00:10:04] - 구글 피드 생성(createGoogleFile)
[2021-12-28 00:10:04] - 페이스북 피드 생성(createFacebookFile)
[2021-12-28 00:10:04] - 입점마켓팅 네이버 판매지수EP 생성(createNaverSalesEpFile)
[2021-12-28 00:10:04] - 입점마켓팅 리뷰EP 생성(createReviewFile)
[2021-12-28 00:10:04] - 입점마켓팅 네이버EP 3.0 생성(createNaverThirdFile)
[2021-12-28 00:10:04] - 입점마켓팅 네이버EP 2.0 생성(createNaverFile)
[2021-12-28 00:10:04] - 입점마켓팅 다음EP 생성(createDaumFile)
[2021-12-29 00:10:04] - 구글 피드 생성(createGoogleFile)
[2021-12-29 00:10:04] - 페이스북 피드 생성(createFacebookFile)
[2021-12-29 00:10:04] - 입점마켓팅 네이버 판매지수EP 생성(createNaverSalesEpFile)
[2021-12-29 00:10:04] - 입점마켓팅 리뷰EP 생성(createReviewFile)
[2021-12-29 00:10:04] - 입점마켓팅 네이버EP 3.0 생성(createNaverThirdFile)
[2021-12-29 00:10:04] - 입점마켓팅 네이버EP 2.0 생성(createNaverFile)
[2021-12-29 00:10:04] - 입점마켓팅 다음EP 생성(createDaumFile)
[2021-12-30 00:10:04] - 구글 피드 생성(createGoogleFile)
[2021-12-30 00:10:04] - 페이스북 피드 생성(createFacebookFile)
[2021-12-30 00:10:04] - 입점마켓팅 네이버 판매지수EP 생성(createNaverSalesEpFile)
[2021-12-30 00:10:04] - 입점마켓팅 리뷰EP 생성(createReviewFile)
[2021-12-30 00:10:04] - 입점마켓팅 네이버EP 3.0 생성(createNaverThirdFile)
[2021-12-30 00:10:04] - 입점마켓팅 네이버EP 2.0 생성(createNaverFile)
[2021-12-30 00:10:04] - 입점마켓팅 다음EP 생성(createDaumFile)
[2021-12-31 00:10:03] - 구글 피드 생성(createGoogleFile)
[2021-12-31 00:10:03] - 페이스북 피드 생성(createFacebookFile)
[2021-12-31 00:10:03] - 입점마켓팅 네이버 판매지수EP 생성(createNaverSalesEpFile)
[2021-12-31 00:10:03] - 입점마켓팅 리뷰EP 생성(createReviewFile)
[2021-12-31 00:10:03] - 입점마켓팅 네이버EP 3.0 생성(createNaverThirdFile)
[2021-12-31 00:10:03] - 입점마켓팅 네이버EP 2.0 생성(createNaverFile)
[2021-12-31 00:10:03] - 입점마켓팅 다음EP 생성(createDaumFile)
