[2021-03-01 01:00:17] - 2021-02-28 - daily_order start
[2021-03-01 01:00:17] - 2021-02-28 - daily_order success
[2021-03-01 01:00:17] - 2021-02-28 - daily_fblike start
[2021-03-01 01:00:17] - 2021-02-28 - daily_fblike success
[2021-03-01 01:00:17] - 2021-02-28 - daily_review start
[2021-03-01 01:00:17] - 2021-02-28 - daily_review success
[2021-03-01 01:00:17] - 2021-02-28 - daily_restock_notify start
[2021-03-01 01:00:17] - 2021-02-28 - daily_restock_notify success
[2021-03-01 01:00:17] - 2021-02-28 - daily_wish start
[2021-03-01 01:00:17] - 2021-02-28 - daily_wish success
[2021-03-01 01:00:17] - 2021-02-28 - daily_cart start
[2021-03-01 01:00:17] - 2021-02-28 - daily_cart success
[2021-03-01 01:00:17] - 2021-02-28 - daily_view start
[2021-03-01 01:00:18] - 2021-02-28 - daily_view success
[2021-03-01 01:00:18] - 2021-02-28 - daily_sales_price start
[2021-03-01 01:00:18] - 2021-02-28 - daily_sales_price success
[2021-03-01 01:00:18] - 2021-02-28 - case1 start
[2021-03-01 01:00:18] - 2021-02-28 - case1 success
[2021-03-01 01:00:18] - 2021-02-28 - case2 start
[2021-03-01 01:00:21] - 2021-02-28 - case2 success
[2021-03-01 01:00:21] - 2021-02-28 - delete start
[2021-03-01 01:00:21] - 2021-02-28 - fm_daily_stats_fblike_vw start
[2021-03-01 01:00:21] - 2021-02-28 - fm_daily_stats_fblike_vw success
[2021-03-01 01:00:21] - 2021-02-28 - fm_daily_stats_review_vw start
[2021-03-01 01:00:21] - 2021-02-28 - fm_daily_stats_review_vw success
[2021-03-01 01:00:21] - 2021-02-28 - fm_daily_stats_restock_notify_vw start
[2021-03-01 01:00:21] - 2021-02-28 - fm_daily_stats_restock_notify_vw success
[2021-03-01 01:00:21] - 2021-02-28 - fm_daily_stats_wish_vw start
[2021-03-01 01:00:21] - 2021-02-28 - fm_daily_stats_wish_vw success
[2021-03-01 01:00:21] - 2021-02-28 - fm_daily_stats_cart_vw start
[2021-03-01 01:00:21] - 2021-02-28 - fm_daily_stats_cart_vw success
[2021-03-01 01:00:21] - 2021-02-28 - fm_daily_stats_order_vw start
[2021-03-01 01:00:21] - 2021-02-28 - fm_daily_stats_order_vw success
[2021-03-01 01:00:21] - 2021-02-28 - fm_daily_stats_view_vw start
[2021-03-01 01:00:21] - 2021-02-28 - fm_daily_stats_view_vw success
[2021-03-01 01:00:21] - 2021-02-28 - delete success
[2021-03-01 01:00:22] - 상품별 3개월 구매수량 등록(goods_purchase_ea)
[2021-03-01 01:00:22] - 입점사 정산 주기 변경(account_seller_period_update)
[2021-03-01 01:00:22] - 입점사별 정산 집계(account_seller_stats)
[2021-03-01 01:00:22] - 불필요한 이월데이터 삭제(account_seller_del_sales)
[2021-03-01 01:00:22] - 일일통계 (주문,좋아요,리뷰,재입고알림,찜,장바구니,보기) 집계(daily_stats)
[2021-03-01 01:00:22] - 마일리지, 포인트,캐쉬 통계 집계(statistic_epc)
[2021-03-01 01:00:22] - referer 도메인 업데이트(set_referer_domain)
[2021-03-01 01:00:22] - 일일통계 데이터 삭제(stats_delete)
[2021-03-02 01:00:16] - 2021-03-01 - daily_order start
[2021-03-02 01:00:16] - 2021-03-01 - daily_order success
[2021-03-02 01:00:16] - 2021-03-01 - daily_fblike start
[2021-03-02 01:00:16] - 2021-03-01 - daily_fblike success
[2021-03-02 01:00:16] - 2021-03-01 - daily_review start
[2021-03-02 01:00:16] - 2021-03-01 - daily_review success
[2021-03-02 01:00:16] - 2021-03-01 - daily_restock_notify start
[2021-03-02 01:00:16] - 2021-03-01 - daily_restock_notify success
[2021-03-02 01:00:16] - 2021-03-01 - daily_wish start
[2021-03-02 01:00:16] - 2021-03-01 - daily_wish success
[2021-03-02 01:00:16] - 2021-03-01 - daily_cart start
[2021-03-02 01:00:16] - 2021-03-01 - daily_cart success
[2021-03-02 01:00:16] - 2021-03-01 - daily_view start
[2021-03-02 01:00:17] - 2021-03-01 - daily_view success
[2021-03-02 01:00:17] - 2021-03-01 - daily_sales_price start
[2021-03-02 01:00:17] - 2021-03-01 - daily_sales_price success
[2021-03-02 01:00:17] - 2021-03-01 - case1 start
[2021-03-02 01:00:17] - 2021-03-01 - case1 success
[2021-03-02 01:00:17] - 2021-03-01 - case2 start
[2021-03-02 01:00:20] - 2021-03-01 - case2 success
[2021-03-02 01:00:20] - 2021-03-01 - delete start
[2021-03-02 01:00:20] - 2021-03-01 - fm_daily_stats_fblike_vw start
[2021-03-02 01:00:20] - 2021-03-01 - fm_daily_stats_fblike_vw success
[2021-03-02 01:00:20] - 2021-03-01 - fm_daily_stats_review_vw start
[2021-03-02 01:00:20] - 2021-03-01 - fm_daily_stats_review_vw success
[2021-03-02 01:00:20] - 2021-03-01 - fm_daily_stats_restock_notify_vw start
[2021-03-02 01:00:20] - 2021-03-01 - fm_daily_stats_restock_notify_vw success
[2021-03-02 01:00:20] - 2021-03-01 - fm_daily_stats_wish_vw start
[2021-03-02 01:00:20] - 2021-03-01 - fm_daily_stats_wish_vw success
[2021-03-02 01:00:20] - 2021-03-01 - fm_daily_stats_cart_vw start
[2021-03-02 01:00:20] - 2021-03-01 - fm_daily_stats_cart_vw success
[2021-03-02 01:00:20] - 2021-03-01 - fm_daily_stats_order_vw start
[2021-03-02 01:00:20] - 2021-03-01 - fm_daily_stats_order_vw success
[2021-03-02 01:00:20] - 2021-03-01 - fm_daily_stats_view_vw start
[2021-03-02 01:00:20] - 2021-03-01 - fm_daily_stats_view_vw success
[2021-03-02 01:00:20] - 2021-03-01 - delete success
[2021-03-02 01:00:21] - 상품별 3개월 구매수량 등록(goods_purchase_ea)
[2021-03-02 01:00:21] - 입점사 정산 주기 변경(account_seller_period_update)
[2021-03-02 01:00:21] - 입점사별 정산 집계(account_seller_stats)
[2021-03-02 01:00:21] - 불필요한 이월데이터 삭제(account_seller_del_sales)
[2021-03-02 01:00:21] - 일일통계 (주문,좋아요,리뷰,재입고알림,찜,장바구니,보기) 집계(daily_stats)
[2021-03-02 01:00:21] - 마일리지, 포인트,캐쉬 통계 집계(statistic_epc)
[2021-03-02 01:00:21] - referer 도메인 업데이트(set_referer_domain)
[2021-03-02 01:00:21] - 일일통계 데이터 삭제(stats_delete)
[2021-03-03 01:00:16] - 2021-03-02 - daily_order start
[2021-03-03 01:00:16] - 2021-03-02 - daily_order success
[2021-03-03 01:00:16] - 2021-03-02 - daily_fblike start
[2021-03-03 01:00:16] - 2021-03-02 - daily_fblike success
[2021-03-03 01:00:16] - 2021-03-02 - daily_review start
[2021-03-03 01:00:16] - 2021-03-02 - daily_review success
[2021-03-03 01:00:16] - 2021-03-02 - daily_restock_notify start
[2021-03-03 01:00:16] - 2021-03-02 - daily_restock_notify success
[2021-03-03 01:00:16] - 2021-03-02 - daily_wish start
[2021-03-03 01:00:16] - 2021-03-02 - daily_wish success
[2021-03-03 01:00:16] - 2021-03-02 - daily_cart start
[2021-03-03 01:00:16] - 2021-03-02 - daily_cart success
[2021-03-03 01:00:16] - 2021-03-02 - daily_view start
[2021-03-03 01:00:16] - 2021-03-02 - daily_view success
[2021-03-03 01:00:16] - 2021-03-02 - daily_sales_price start
[2021-03-03 01:00:16] - 2021-03-02 - daily_sales_price success
[2021-03-03 01:00:16] - 2021-03-02 - case1 start
[2021-03-03 01:00:17] - 2021-03-02 - case1 success
[2021-03-03 01:00:17] - 2021-03-02 - case2 start
[2021-03-03 01:00:20] - 2021-03-02 - case2 success
[2021-03-03 01:00:20] - 2021-03-02 - delete start
[2021-03-03 01:00:20] - 2021-03-02 - fm_daily_stats_fblike_vw start
[2021-03-03 01:00:20] - 2021-03-02 - fm_daily_stats_fblike_vw success
[2021-03-03 01:00:20] - 2021-03-02 - fm_daily_stats_review_vw start
[2021-03-03 01:00:20] - 2021-03-02 - fm_daily_stats_review_vw success
[2021-03-03 01:00:20] - 2021-03-02 - fm_daily_stats_restock_notify_vw start
[2021-03-03 01:00:20] - 2021-03-02 - fm_daily_stats_restock_notify_vw success
[2021-03-03 01:00:20] - 2021-03-02 - fm_daily_stats_wish_vw start
[2021-03-03 01:00:20] - 2021-03-02 - fm_daily_stats_wish_vw success
[2021-03-03 01:00:20] - 2021-03-02 - fm_daily_stats_cart_vw start
[2021-03-03 01:00:20] - 2021-03-02 - fm_daily_stats_cart_vw success
[2021-03-03 01:00:20] - 2021-03-02 - fm_daily_stats_order_vw start
[2021-03-03 01:00:20] - 2021-03-02 - fm_daily_stats_order_vw success
[2021-03-03 01:00:20] - 2021-03-02 - fm_daily_stats_view_vw start
[2021-03-03 01:00:20] - 2021-03-02 - fm_daily_stats_view_vw success
[2021-03-03 01:00:20] - 2021-03-02 - delete success
[2021-03-03 01:00:20] - 상품별 3개월 구매수량 등록(goods_purchase_ea)
[2021-03-03 01:00:20] - 입점사 정산 주기 변경(account_seller_period_update)
[2021-03-03 01:00:20] - 입점사별 정산 집계(account_seller_stats)
[2021-03-03 01:00:20] - 불필요한 이월데이터 삭제(account_seller_del_sales)
[2021-03-03 01:00:20] - 일일통계 (주문,좋아요,리뷰,재입고알림,찜,장바구니,보기) 집계(daily_stats)
[2021-03-03 01:00:20] - 마일리지, 포인트,캐쉬 통계 집계(statistic_epc)
[2021-03-03 01:00:20] - referer 도메인 업데이트(set_referer_domain)
[2021-03-03 01:00:20] - 일일통계 데이터 삭제(stats_delete)
[2021-03-04 01:00:16] - 2021-03-03 - daily_order start
[2021-03-04 01:00:16] - 2021-03-03 - daily_order success
[2021-03-04 01:00:16] - 2021-03-03 - daily_fblike start
[2021-03-04 01:00:16] - 2021-03-03 - daily_fblike success
[2021-03-04 01:00:16] - 2021-03-03 - daily_review start
[2021-03-04 01:00:16] - 2021-03-03 - daily_review success
[2021-03-04 01:00:16] - 2021-03-03 - daily_restock_notify start
[2021-03-04 01:00:16] - 2021-03-03 - daily_restock_notify success
[2021-03-04 01:00:16] - 2021-03-03 - daily_wish start
[2021-03-04 01:00:16] - 2021-03-03 - daily_wish success
[2021-03-04 01:00:16] - 2021-03-03 - daily_cart start
[2021-03-04 01:00:16] - 2021-03-03 - daily_cart success
[2021-03-04 01:00:16] - 2021-03-03 - daily_view start
[2021-03-04 01:00:17] - 2021-03-03 - daily_view success
[2021-03-04 01:00:17] - 2021-03-03 - daily_sales_price start
[2021-03-04 01:00:17] - 2021-03-03 - daily_sales_price success
[2021-03-04 01:00:17] - 2021-03-03 - case1 start
[2021-03-04 01:00:17] - 2021-03-03 - case1 success
[2021-03-04 01:00:17] - 2021-03-03 - case2 start
[2021-03-04 01:00:20] - 2021-03-03 - case2 success
[2021-03-04 01:00:20] - 2021-03-03 - delete start
[2021-03-04 01:00:20] - 2021-03-03 - fm_daily_stats_fblike_vw start
[2021-03-04 01:00:20] - 2021-03-03 - fm_daily_stats_fblike_vw success
[2021-03-04 01:00:20] - 2021-03-03 - fm_daily_stats_review_vw start
[2021-03-04 01:00:20] - 2021-03-03 - fm_daily_stats_review_vw success
[2021-03-04 01:00:20] - 2021-03-03 - fm_daily_stats_restock_notify_vw start
[2021-03-04 01:00:20] - 2021-03-03 - fm_daily_stats_restock_notify_vw success
[2021-03-04 01:00:20] - 2021-03-03 - fm_daily_stats_wish_vw start
[2021-03-04 01:00:20] - 2021-03-03 - fm_daily_stats_wish_vw success
[2021-03-04 01:00:20] - 2021-03-03 - fm_daily_stats_cart_vw start
[2021-03-04 01:00:20] - 2021-03-03 - fm_daily_stats_cart_vw success
[2021-03-04 01:00:20] - 2021-03-03 - fm_daily_stats_order_vw start
[2021-03-04 01:00:20] - 2021-03-03 - fm_daily_stats_order_vw success
[2021-03-04 01:00:20] - 2021-03-03 - fm_daily_stats_view_vw start
[2021-03-04 01:00:20] - 2021-03-03 - fm_daily_stats_view_vw success
[2021-03-04 01:00:20] - 2021-03-03 - delete success
[2021-03-04 01:00:21] - 상품별 3개월 구매수량 등록(goods_purchase_ea)
[2021-03-04 01:00:21] - 입점사 정산 주기 변경(account_seller_period_update)
[2021-03-04 01:00:21] - 입점사별 정산 집계(account_seller_stats)
[2021-03-04 01:00:21] - 불필요한 이월데이터 삭제(account_seller_del_sales)
[2021-03-04 01:00:21] - 일일통계 (주문,좋아요,리뷰,재입고알림,찜,장바구니,보기) 집계(daily_stats)
[2021-03-04 01:00:21] - 마일리지, 포인트,캐쉬 통계 집계(statistic_epc)
[2021-03-04 01:00:21] - referer 도메인 업데이트(set_referer_domain)
[2021-03-04 01:00:21] - 일일통계 데이터 삭제(stats_delete)
[2021-03-05 01:00:16] - 2021-03-04 - daily_order start
[2021-03-05 01:00:16] - 2021-03-04 - daily_order success
[2021-03-05 01:00:16] - 2021-03-04 - daily_fblike start
[2021-03-05 01:00:16] - 2021-03-04 - daily_fblike success
[2021-03-05 01:00:16] - 2021-03-04 - daily_review start
[2021-03-05 01:00:16] - 2021-03-04 - daily_review success
[2021-03-05 01:00:16] - 2021-03-04 - daily_restock_notify start
[2021-03-05 01:00:16] - 2021-03-04 - daily_restock_notify success
[2021-03-05 01:00:16] - 2021-03-04 - daily_wish start
[2021-03-05 01:00:16] - 2021-03-04 - daily_wish success
[2021-03-05 01:00:16] - 2021-03-04 - daily_cart start
[2021-03-05 01:00:16] - 2021-03-04 - daily_cart success
[2021-03-05 01:00:16] - 2021-03-04 - daily_view start
[2021-03-05 01:00:17] - 2021-03-04 - daily_view success
[2021-03-05 01:00:17] - 2021-03-04 - daily_sales_price start
[2021-03-05 01:00:17] - 2021-03-04 - daily_sales_price success
[2021-03-05 01:00:17] - 2021-03-04 - case1 start
[2021-03-05 01:00:17] - 2021-03-04 - case1 success
[2021-03-05 01:00:17] - 2021-03-04 - case2 start
[2021-03-05 01:00:20] - 2021-03-04 - case2 success
[2021-03-05 01:00:20] - 2021-03-04 - delete start
[2021-03-05 01:00:20] - 2021-03-04 - fm_daily_stats_fblike_vw start
[2021-03-05 01:00:20] - 2021-03-04 - fm_daily_stats_fblike_vw success
[2021-03-05 01:00:20] - 2021-03-04 - fm_daily_stats_review_vw start
[2021-03-05 01:00:20] - 2021-03-04 - fm_daily_stats_review_vw success
[2021-03-05 01:00:20] - 2021-03-04 - fm_daily_stats_restock_notify_vw start
[2021-03-05 01:00:20] - 2021-03-04 - fm_daily_stats_restock_notify_vw success
[2021-03-05 01:00:20] - 2021-03-04 - fm_daily_stats_wish_vw start
[2021-03-05 01:00:20] - 2021-03-04 - fm_daily_stats_wish_vw success
[2021-03-05 01:00:20] - 2021-03-04 - fm_daily_stats_cart_vw start
[2021-03-05 01:00:20] - 2021-03-04 - fm_daily_stats_cart_vw success
[2021-03-05 01:00:20] - 2021-03-04 - fm_daily_stats_order_vw start
[2021-03-05 01:00:20] - 2021-03-04 - fm_daily_stats_order_vw success
[2021-03-05 01:00:20] - 2021-03-04 - fm_daily_stats_view_vw start
[2021-03-05 01:00:20] - 2021-03-04 - fm_daily_stats_view_vw success
[2021-03-05 01:00:20] - 2021-03-04 - delete success
[2021-03-05 01:00:21] - 상품별 3개월 구매수량 등록(goods_purchase_ea)
[2021-03-05 01:00:21] - 입점사 정산 주기 변경(account_seller_period_update)
[2021-03-05 01:00:21] - 입점사별 정산 집계(account_seller_stats)
[2021-03-05 01:00:21] - 불필요한 이월데이터 삭제(account_seller_del_sales)
[2021-03-05 01:00:21] - 일일통계 (주문,좋아요,리뷰,재입고알림,찜,장바구니,보기) 집계(daily_stats)
[2021-03-05 01:00:21] - 마일리지, 포인트,캐쉬 통계 집계(statistic_epc)
[2021-03-05 01:00:21] - referer 도메인 업데이트(set_referer_domain)
[2021-03-05 01:00:21] - 일일통계 데이터 삭제(stats_delete)
[2021-03-06 01:00:16] - 2021-03-05 - daily_order start
[2021-03-06 01:00:16] - 2021-03-05 - daily_order success
[2021-03-06 01:00:16] - 2021-03-05 - daily_fblike start
[2021-03-06 01:00:16] - 2021-03-05 - daily_fblike success
[2021-03-06 01:00:16] - 2021-03-05 - daily_review start
[2021-03-06 01:00:16] - 2021-03-05 - daily_review success
[2021-03-06 01:00:16] - 2021-03-05 - daily_restock_notify start
[2021-03-06 01:00:16] - 2021-03-05 - daily_restock_notify success
[2021-03-06 01:00:16] - 2021-03-05 - daily_wish start
[2021-03-06 01:00:16] - 2021-03-05 - daily_wish success
[2021-03-06 01:00:16] - 2021-03-05 - daily_cart start
[2021-03-06 01:00:16] - 2021-03-05 - daily_cart success
[2021-03-06 01:00:16] - 2021-03-05 - daily_view start
[2021-03-06 01:00:17] - 2021-03-05 - daily_view success
[2021-03-06 01:00:17] - 2021-03-05 - daily_sales_price start
[2021-03-06 01:00:17] - 2021-03-05 - daily_sales_price success
[2021-03-06 01:00:17] - 2021-03-05 - case1 start
[2021-03-06 01:00:18] - 2021-03-05 - case1 success
[2021-03-06 01:00:18] - 2021-03-05 - case2 start
[2021-03-06 01:00:21] - 2021-03-05 - case2 success
[2021-03-06 01:00:21] - 2021-03-05 - delete start
[2021-03-06 01:00:21] - 2021-03-05 - fm_daily_stats_fblike_vw start
[2021-03-06 01:00:21] - 2021-03-05 - fm_daily_stats_fblike_vw success
[2021-03-06 01:00:21] - 2021-03-05 - fm_daily_stats_review_vw start
[2021-03-06 01:00:21] - 2021-03-05 - fm_daily_stats_review_vw success
[2021-03-06 01:00:21] - 2021-03-05 - fm_daily_stats_restock_notify_vw start
[2021-03-06 01:00:21] - 2021-03-05 - fm_daily_stats_restock_notify_vw success
[2021-03-06 01:00:21] - 2021-03-05 - fm_daily_stats_wish_vw start
[2021-03-06 01:00:21] - 2021-03-05 - fm_daily_stats_wish_vw success
[2021-03-06 01:00:21] - 2021-03-05 - fm_daily_stats_cart_vw start
[2021-03-06 01:00:21] - 2021-03-05 - fm_daily_stats_cart_vw success
[2021-03-06 01:00:21] - 2021-03-05 - fm_daily_stats_order_vw start
[2021-03-06 01:00:21] - 2021-03-05 - fm_daily_stats_order_vw success
[2021-03-06 01:00:21] - 2021-03-05 - fm_daily_stats_view_vw start
[2021-03-06 01:00:21] - 2021-03-05 - fm_daily_stats_view_vw success
[2021-03-06 01:00:21] - 2021-03-05 - delete success
[2021-03-06 01:00:21] - 상품별 3개월 구매수량 등록(goods_purchase_ea)
[2021-03-06 01:00:21] - 입점사 정산 주기 변경(account_seller_period_update)
[2021-03-06 01:00:21] - 입점사별 정산 집계(account_seller_stats)
[2021-03-06 01:00:21] - 불필요한 이월데이터 삭제(account_seller_del_sales)
[2021-03-06 01:00:21] - 일일통계 (주문,좋아요,리뷰,재입고알림,찜,장바구니,보기) 집계(daily_stats)
[2021-03-06 01:00:21] - 마일리지, 포인트,캐쉬 통계 집계(statistic_epc)
[2021-03-06 01:00:21] - referer 도메인 업데이트(set_referer_domain)
[2021-03-06 01:00:21] - 일일통계 데이터 삭제(stats_delete)
[2021-03-07 01:00:17] - 2021-03-06 - daily_order start
[2021-03-07 01:00:17] - 2021-03-06 - daily_order success
[2021-03-07 01:00:17] - 2021-03-06 - daily_fblike start
[2021-03-07 01:00:17] - 2021-03-06 - daily_fblike success
[2021-03-07 01:00:17] - 2021-03-06 - daily_review start
[2021-03-07 01:00:17] - 2021-03-06 - daily_review success
[2021-03-07 01:00:17] - 2021-03-06 - daily_restock_notify start
[2021-03-07 01:00:17] - 2021-03-06 - daily_restock_notify success
[2021-03-07 01:00:17] - 2021-03-06 - daily_wish start
[2021-03-07 01:00:17] - 2021-03-06 - daily_wish success
[2021-03-07 01:00:17] - 2021-03-06 - daily_cart start
[2021-03-07 01:00:17] - 2021-03-06 - daily_cart success
[2021-03-07 01:00:17] - 2021-03-06 - daily_view start
[2021-03-07 01:00:18] - 2021-03-06 - daily_view success
[2021-03-07 01:00:18] - 2021-03-06 - daily_sales_price start
[2021-03-07 01:00:18] - 2021-03-06 - daily_sales_price success
[2021-03-07 01:00:18] - 2021-03-06 - case1 start
[2021-03-07 01:00:18] - 2021-03-06 - case1 success
[2021-03-07 01:00:18] - 2021-03-06 - case2 start
[2021-03-07 01:00:22] - 2021-03-06 - case2 success
[2021-03-07 01:00:22] - 2021-03-06 - delete start
[2021-03-07 01:00:22] - 2021-03-06 - fm_daily_stats_fblike_vw start
[2021-03-07 01:00:22] - 2021-03-06 - fm_daily_stats_fblike_vw success
[2021-03-07 01:00:22] - 2021-03-06 - fm_daily_stats_review_vw start
[2021-03-07 01:00:22] - 2021-03-06 - fm_daily_stats_review_vw success
[2021-03-07 01:00:22] - 2021-03-06 - fm_daily_stats_restock_notify_vw start
[2021-03-07 01:00:22] - 2021-03-06 - fm_daily_stats_restock_notify_vw success
[2021-03-07 01:00:22] - 2021-03-06 - fm_daily_stats_wish_vw start
[2021-03-07 01:00:22] - 2021-03-06 - fm_daily_stats_wish_vw success
[2021-03-07 01:00:22] - 2021-03-06 - fm_daily_stats_cart_vw start
[2021-03-07 01:00:22] - 2021-03-06 - fm_daily_stats_cart_vw success
[2021-03-07 01:00:22] - 2021-03-06 - fm_daily_stats_order_vw start
[2021-03-07 01:00:22] - 2021-03-06 - fm_daily_stats_order_vw success
[2021-03-07 01:00:22] - 2021-03-06 - fm_daily_stats_view_vw start
[2021-03-07 01:00:22] - 2021-03-06 - fm_daily_stats_view_vw success
[2021-03-07 01:00:22] - 2021-03-06 - delete success
[2021-03-07 01:00:22] - 상품별 3개월 구매수량 등록(goods_purchase_ea)
[2021-03-07 01:00:22] - 입점사 정산 주기 변경(account_seller_period_update)
[2021-03-07 01:00:22] - 입점사별 정산 집계(account_seller_stats)
[2021-03-07 01:00:22] - 불필요한 이월데이터 삭제(account_seller_del_sales)
[2021-03-07 01:00:22] - 일일통계 (주문,좋아요,리뷰,재입고알림,찜,장바구니,보기) 집계(daily_stats)
[2021-03-07 01:00:22] - 마일리지, 포인트,캐쉬 통계 집계(statistic_epc)
[2021-03-07 01:00:22] - referer 도메인 업데이트(set_referer_domain)
[2021-03-07 01:00:22] - 일일통계 데이터 삭제(stats_delete)
[2021-03-08 01:00:17] - 2021-03-07 - daily_order start
[2021-03-08 01:00:17] - 2021-03-07 - daily_order success
[2021-03-08 01:00:17] - 2021-03-07 - daily_fblike start
[2021-03-08 01:00:17] - 2021-03-07 - daily_fblike success
[2021-03-08 01:00:17] - 2021-03-07 - daily_review start
[2021-03-08 01:00:17] - 2021-03-07 - daily_review success
[2021-03-08 01:00:17] - 2021-03-07 - daily_restock_notify start
[2021-03-08 01:00:17] - 2021-03-07 - daily_restock_notify success
[2021-03-08 01:00:17] - 2021-03-07 - daily_wish start
[2021-03-08 01:00:17] - 2021-03-07 - daily_wish success
[2021-03-08 01:00:17] - 2021-03-07 - daily_cart start
[2021-03-08 01:00:17] - 2021-03-07 - daily_cart success
[2021-03-08 01:00:17] - 2021-03-07 - daily_view start
[2021-03-08 01:00:17] - 2021-03-07 - daily_view success
[2021-03-08 01:00:17] - 2021-03-07 - daily_sales_price start
[2021-03-08 01:00:17] - 2021-03-07 - daily_sales_price success
[2021-03-08 01:00:17] - 2021-03-07 - case1 start
[2021-03-08 01:00:17] - 2021-03-07 - case1 success
[2021-03-08 01:00:17] - 2021-03-07 - case2 start
[2021-03-08 01:00:20] - 2021-03-07 - case2 success
[2021-03-08 01:00:20] - 2021-03-07 - delete start
[2021-03-08 01:00:20] - 2021-03-07 - fm_daily_stats_fblike_vw start
[2021-03-08 01:00:20] - 2021-03-07 - fm_daily_stats_fblike_vw success
[2021-03-08 01:00:20] - 2021-03-07 - fm_daily_stats_review_vw start
[2021-03-08 01:00:20] - 2021-03-07 - fm_daily_stats_review_vw success
[2021-03-08 01:00:20] - 2021-03-07 - fm_daily_stats_restock_notify_vw start
[2021-03-08 01:00:20] - 2021-03-07 - fm_daily_stats_restock_notify_vw success
[2021-03-08 01:00:20] - 2021-03-07 - fm_daily_stats_wish_vw start
[2021-03-08 01:00:20] - 2021-03-07 - fm_daily_stats_wish_vw success
[2021-03-08 01:00:20] - 2021-03-07 - fm_daily_stats_cart_vw start
[2021-03-08 01:00:20] - 2021-03-07 - fm_daily_stats_cart_vw success
[2021-03-08 01:00:20] - 2021-03-07 - fm_daily_stats_order_vw start
[2021-03-08 01:00:20] - 2021-03-07 - fm_daily_stats_order_vw success
[2021-03-08 01:00:20] - 2021-03-07 - fm_daily_stats_view_vw start
[2021-03-08 01:00:20] - 2021-03-07 - fm_daily_stats_view_vw success
[2021-03-08 01:00:20] - 2021-03-07 - delete success
[2021-03-08 01:00:21] - 상품별 3개월 구매수량 등록(goods_purchase_ea)
[2021-03-08 01:00:21] - 입점사 정산 주기 변경(account_seller_period_update)
[2021-03-08 01:00:21] - 입점사별 정산 집계(account_seller_stats)
[2021-03-08 01:00:21] - 불필요한 이월데이터 삭제(account_seller_del_sales)
[2021-03-08 01:00:21] - 일일통계 (주문,좋아요,리뷰,재입고알림,찜,장바구니,보기) 집계(daily_stats)
[2021-03-08 01:00:21] - 마일리지, 포인트,캐쉬 통계 집계(statistic_epc)
[2021-03-08 01:00:21] - referer 도메인 업데이트(set_referer_domain)
[2021-03-08 01:00:21] - 일일통계 데이터 삭제(stats_delete)
[2021-03-09 01:00:17] - 2021-03-08 - daily_order start
[2021-03-09 01:00:17] - 2021-03-08 - daily_order success
[2021-03-09 01:00:17] - 2021-03-08 - daily_fblike start
[2021-03-09 01:00:17] - 2021-03-08 - daily_fblike success
[2021-03-09 01:00:17] - 2021-03-08 - daily_review start
[2021-03-09 01:00:17] - 2021-03-08 - daily_review success
[2021-03-09 01:00:17] - 2021-03-08 - daily_restock_notify start
[2021-03-09 01:00:17] - 2021-03-08 - daily_restock_notify success
[2021-03-09 01:00:17] - 2021-03-08 - daily_wish start
[2021-03-09 01:00:17] - 2021-03-08 - daily_wish success
[2021-03-09 01:00:17] - 2021-03-08 - daily_cart start
[2021-03-09 01:00:17] - 2021-03-08 - daily_cart success
[2021-03-09 01:00:17] - 2021-03-08 - daily_view start
[2021-03-09 01:00:17] - 2021-03-08 - daily_view success
[2021-03-09 01:00:17] - 2021-03-08 - daily_sales_price start
[2021-03-09 01:00:17] - 2021-03-08 - daily_sales_price success
[2021-03-09 01:00:17] - 2021-03-08 - case1 start
[2021-03-09 01:00:17] - 2021-03-08 - case1 success
[2021-03-09 01:00:17] - 2021-03-08 - case2 start
[2021-03-09 01:00:20] - 2021-03-08 - case2 success
[2021-03-09 01:00:20] - 2021-03-08 - delete start
[2021-03-09 01:00:20] - 2021-03-08 - fm_daily_stats_fblike_vw start
[2021-03-09 01:00:20] - 2021-03-08 - fm_daily_stats_fblike_vw success
[2021-03-09 01:00:20] - 2021-03-08 - fm_daily_stats_review_vw start
[2021-03-09 01:00:20] - 2021-03-08 - fm_daily_stats_review_vw success
[2021-03-09 01:00:20] - 2021-03-08 - fm_daily_stats_restock_notify_vw start
[2021-03-09 01:00:20] - 2021-03-08 - fm_daily_stats_restock_notify_vw success
[2021-03-09 01:00:20] - 2021-03-08 - fm_daily_stats_wish_vw start
[2021-03-09 01:00:20] - 2021-03-08 - fm_daily_stats_wish_vw success
[2021-03-09 01:00:20] - 2021-03-08 - fm_daily_stats_cart_vw start
[2021-03-09 01:00:20] - 2021-03-08 - fm_daily_stats_cart_vw success
[2021-03-09 01:00:20] - 2021-03-08 - fm_daily_stats_order_vw start
[2021-03-09 01:00:20] - 2021-03-08 - fm_daily_stats_order_vw success
[2021-03-09 01:00:20] - 2021-03-08 - fm_daily_stats_view_vw start
[2021-03-09 01:00:20] - 2021-03-08 - fm_daily_stats_view_vw success
[2021-03-09 01:00:20] - 2021-03-08 - delete success
[2021-03-09 01:00:21] - 상품별 3개월 구매수량 등록(goods_purchase_ea)
[2021-03-09 01:00:21] - 입점사 정산 주기 변경(account_seller_period_update)
[2021-03-09 01:00:21] - 입점사별 정산 집계(account_seller_stats)
[2021-03-09 01:00:21] - 불필요한 이월데이터 삭제(account_seller_del_sales)
[2021-03-09 01:00:21] - 일일통계 (주문,좋아요,리뷰,재입고알림,찜,장바구니,보기) 집계(daily_stats)
[2021-03-09 01:00:21] - 마일리지, 포인트,캐쉬 통계 집계(statistic_epc)
[2021-03-09 01:00:21] - referer 도메인 업데이트(set_referer_domain)
[2021-03-09 01:00:21] - 일일통계 데이터 삭제(stats_delete)
[2021-03-10 01:00:16] - 2021-03-09 - daily_order start
[2021-03-10 01:00:16] - 2021-03-09 - daily_order success
[2021-03-10 01:00:16] - 2021-03-09 - daily_fblike start
[2021-03-10 01:00:16] - 2021-03-09 - daily_fblike success
[2021-03-10 01:00:16] - 2021-03-09 - daily_review start
[2021-03-10 01:00:16] - 2021-03-09 - daily_review success
[2021-03-10 01:00:16] - 2021-03-09 - daily_restock_notify start
[2021-03-10 01:00:16] - 2021-03-09 - daily_restock_notify success
[2021-03-10 01:00:16] - 2021-03-09 - daily_wish start
[2021-03-10 01:00:16] - 2021-03-09 - daily_wish success
[2021-03-10 01:00:16] - 2021-03-09 - daily_cart start
[2021-03-10 01:00:16] - 2021-03-09 - daily_cart success
[2021-03-10 01:00:16] - 2021-03-09 - daily_view start
[2021-03-10 01:00:17] - 2021-03-09 - daily_view success
[2021-03-10 01:00:17] - 2021-03-09 - daily_sales_price start
[2021-03-10 01:00:17] - 2021-03-09 - daily_sales_price success
[2021-03-10 01:00:17] - 2021-03-09 - case1 start
[2021-03-10 01:00:17] - 2021-03-09 - case1 success
[2021-03-10 01:00:17] - 2021-03-09 - case2 start
[2021-03-10 01:00:20] - 2021-03-09 - case2 success
[2021-03-10 01:00:20] - 2021-03-09 - delete start
[2021-03-10 01:00:20] - 2021-03-09 - fm_daily_stats_fblike_vw start
[2021-03-10 01:00:20] - 2021-03-09 - fm_daily_stats_fblike_vw success
[2021-03-10 01:00:20] - 2021-03-09 - fm_daily_stats_review_vw start
[2021-03-10 01:00:20] - 2021-03-09 - fm_daily_stats_review_vw success
[2021-03-10 01:00:20] - 2021-03-09 - fm_daily_stats_restock_notify_vw start
[2021-03-10 01:00:20] - 2021-03-09 - fm_daily_stats_restock_notify_vw success
[2021-03-10 01:00:20] - 2021-03-09 - fm_daily_stats_wish_vw start
[2021-03-10 01:00:20] - 2021-03-09 - fm_daily_stats_wish_vw success
[2021-03-10 01:00:20] - 2021-03-09 - fm_daily_stats_cart_vw start
[2021-03-10 01:00:20] - 2021-03-09 - fm_daily_stats_cart_vw success
[2021-03-10 01:00:20] - 2021-03-09 - fm_daily_stats_order_vw start
[2021-03-10 01:00:20] - 2021-03-09 - fm_daily_stats_order_vw success
[2021-03-10 01:00:20] - 2021-03-09 - fm_daily_stats_view_vw start
[2021-03-10 01:00:20] - 2021-03-09 - fm_daily_stats_view_vw success
[2021-03-10 01:00:20] - 2021-03-09 - delete success
[2021-03-10 01:00:20] - 상품별 3개월 구매수량 등록(goods_purchase_ea)
[2021-03-10 01:00:20] - 입점사 정산 주기 변경(account_seller_period_update)
[2021-03-10 01:00:20] - 입점사별 정산 집계(account_seller_stats)
[2021-03-10 01:00:20] - 불필요한 이월데이터 삭제(account_seller_del_sales)
[2021-03-10 01:00:20] - 일일통계 (주문,좋아요,리뷰,재입고알림,찜,장바구니,보기) 집계(daily_stats)
[2021-03-10 01:00:20] - 마일리지, 포인트,캐쉬 통계 집계(statistic_epc)
[2021-03-10 01:00:20] - referer 도메인 업데이트(set_referer_domain)
[2021-03-10 01:00:20] - 일일통계 데이터 삭제(stats_delete)
[2021-03-11 01:00:16] - 2021-03-10 - daily_order start
[2021-03-11 01:00:16] - 2021-03-10 - daily_order success
[2021-03-11 01:00:16] - 2021-03-10 - daily_fblike start
[2021-03-11 01:00:16] - 2021-03-10 - daily_fblike success
[2021-03-11 01:00:16] - 2021-03-10 - daily_review start
[2021-03-11 01:00:16] - 2021-03-10 - daily_review success
[2021-03-11 01:00:16] - 2021-03-10 - daily_restock_notify start
[2021-03-11 01:00:16] - 2021-03-10 - daily_restock_notify success
[2021-03-11 01:00:16] - 2021-03-10 - daily_wish start
[2021-03-11 01:00:16] - 2021-03-10 - daily_wish success
[2021-03-11 01:00:16] - 2021-03-10 - daily_cart start
[2021-03-11 01:00:16] - 2021-03-10 - daily_cart success
[2021-03-11 01:00:16] - 2021-03-10 - daily_view start
[2021-03-11 01:00:17] - 2021-03-10 - daily_view success
[2021-03-11 01:00:17] - 2021-03-10 - daily_sales_price start
[2021-03-11 01:00:17] - 2021-03-10 - daily_sales_price success
[2021-03-11 01:00:17] - 2021-03-10 - case1 start
[2021-03-11 01:00:17] - 2021-03-10 - case1 success
[2021-03-11 01:00:17] - 2021-03-10 - case2 start
[2021-03-11 01:00:20] - 2021-03-10 - case2 success
[2021-03-11 01:00:20] - 2021-03-10 - delete start
[2021-03-11 01:00:20] - 2021-03-10 - fm_daily_stats_fblike_vw start
[2021-03-11 01:00:20] - 2021-03-10 - fm_daily_stats_fblike_vw success
[2021-03-11 01:00:20] - 2021-03-10 - fm_daily_stats_review_vw start
[2021-03-11 01:00:20] - 2021-03-10 - fm_daily_stats_review_vw success
[2021-03-11 01:00:20] - 2021-03-10 - fm_daily_stats_restock_notify_vw start
[2021-03-11 01:00:20] - 2021-03-10 - fm_daily_stats_restock_notify_vw success
[2021-03-11 01:00:20] - 2021-03-10 - fm_daily_stats_wish_vw start
[2021-03-11 01:00:20] - 2021-03-10 - fm_daily_stats_wish_vw success
[2021-03-11 01:00:20] - 2021-03-10 - fm_daily_stats_cart_vw start
[2021-03-11 01:00:20] - 2021-03-10 - fm_daily_stats_cart_vw success
[2021-03-11 01:00:20] - 2021-03-10 - fm_daily_stats_order_vw start
[2021-03-11 01:00:20] - 2021-03-10 - fm_daily_stats_order_vw success
[2021-03-11 01:00:20] - 2021-03-10 - fm_daily_stats_view_vw start
[2021-03-11 01:00:20] - 2021-03-10 - fm_daily_stats_view_vw success
[2021-03-11 01:00:20] - 2021-03-10 - delete success
[2021-03-11 01:00:21] - 상품별 3개월 구매수량 등록(goods_purchase_ea)
[2021-03-11 01:00:21] - 입점사 정산 주기 변경(account_seller_period_update)
[2021-03-11 01:00:21] - 입점사별 정산 집계(account_seller_stats)
[2021-03-11 01:00:21] - 불필요한 이월데이터 삭제(account_seller_del_sales)
[2021-03-11 01:00:21] - 일일통계 (주문,좋아요,리뷰,재입고알림,찜,장바구니,보기) 집계(daily_stats)
[2021-03-11 01:00:21] - 마일리지, 포인트,캐쉬 통계 집계(statistic_epc)
[2021-03-11 01:00:21] - referer 도메인 업데이트(set_referer_domain)
[2021-03-11 01:00:21] - 일일통계 데이터 삭제(stats_delete)
[2021-03-12 01:00:15] - 2021-03-11 - daily_order start
[2021-03-12 01:00:15] - 2021-03-11 - daily_order success
[2021-03-12 01:00:15] - 2021-03-11 - daily_fblike start
[2021-03-12 01:00:15] - 2021-03-11 - daily_fblike success
[2021-03-12 01:00:15] - 2021-03-11 - daily_review start
[2021-03-12 01:00:15] - 2021-03-11 - daily_review success
[2021-03-12 01:00:15] - 2021-03-11 - daily_restock_notify start
[2021-03-12 01:00:15] - 2021-03-11 - daily_restock_notify success
[2021-03-12 01:00:15] - 2021-03-11 - daily_wish start
[2021-03-12 01:00:15] - 2021-03-11 - daily_wish success
[2021-03-12 01:00:15] - 2021-03-11 - daily_cart start
[2021-03-12 01:00:15] - 2021-03-11 - daily_cart success
[2021-03-12 01:00:15] - 2021-03-11 - daily_view start
[2021-03-12 01:00:15] - 2021-03-11 - daily_view success
[2021-03-12 01:00:15] - 2021-03-11 - daily_sales_price start
[2021-03-12 01:00:15] - 2021-03-11 - daily_sales_price success
[2021-03-12 01:00:15] - 2021-03-11 - case1 start
[2021-03-12 01:00:16] - 2021-03-11 - case1 success
[2021-03-12 01:00:16] - 2021-03-11 - case2 start
[2021-03-12 01:00:19] - 2021-03-11 - case2 success
[2021-03-12 01:00:19] - 2021-03-11 - delete start
[2021-03-12 01:00:19] - 2021-03-11 - fm_daily_stats_fblike_vw start
[2021-03-12 01:00:19] - 2021-03-11 - fm_daily_stats_fblike_vw success
[2021-03-12 01:00:19] - 2021-03-11 - fm_daily_stats_review_vw start
[2021-03-12 01:00:19] - 2021-03-11 - fm_daily_stats_review_vw success
[2021-03-12 01:00:19] - 2021-03-11 - fm_daily_stats_restock_notify_vw start
[2021-03-12 01:00:19] - 2021-03-11 - fm_daily_stats_restock_notify_vw success
[2021-03-12 01:00:19] - 2021-03-11 - fm_daily_stats_wish_vw start
[2021-03-12 01:00:19] - 2021-03-11 - fm_daily_stats_wish_vw success
[2021-03-12 01:00:19] - 2021-03-11 - fm_daily_stats_cart_vw start
[2021-03-12 01:00:19] - 2021-03-11 - fm_daily_stats_cart_vw success
[2021-03-12 01:00:19] - 2021-03-11 - fm_daily_stats_order_vw start
[2021-03-12 01:00:19] - 2021-03-11 - fm_daily_stats_order_vw success
[2021-03-12 01:00:19] - 2021-03-11 - fm_daily_stats_view_vw start
[2021-03-12 01:00:19] - 2021-03-11 - fm_daily_stats_view_vw success
[2021-03-12 01:00:19] - 2021-03-11 - delete success
[2021-03-12 01:00:19] - 상품별 3개월 구매수량 등록(goods_purchase_ea)
[2021-03-12 01:00:19] - 입점사 정산 주기 변경(account_seller_period_update)
[2021-03-12 01:00:19] - 입점사별 정산 집계(account_seller_stats)
[2021-03-12 01:00:19] - 불필요한 이월데이터 삭제(account_seller_del_sales)
[2021-03-12 01:00:19] - 일일통계 (주문,좋아요,리뷰,재입고알림,찜,장바구니,보기) 집계(daily_stats)
[2021-03-12 01:00:19] - 마일리지, 포인트,캐쉬 통계 집계(statistic_epc)
[2021-03-12 01:00:19] - referer 도메인 업데이트(set_referer_domain)
[2021-03-12 01:00:19] - 일일통계 데이터 삭제(stats_delete)
[2021-03-13 01:00:17] - 2021-03-12 - daily_order start
[2021-03-13 01:00:17] - 2021-03-12 - daily_order success
[2021-03-13 01:00:17] - 2021-03-12 - daily_fblike start
[2021-03-13 01:00:17] - 2021-03-12 - daily_fblike success
[2021-03-13 01:00:17] - 2021-03-12 - daily_review start
[2021-03-13 01:00:17] - 2021-03-12 - daily_review success
[2021-03-13 01:00:17] - 2021-03-12 - daily_restock_notify start
[2021-03-13 01:00:17] - 2021-03-12 - daily_restock_notify success
[2021-03-13 01:00:17] - 2021-03-12 - daily_wish start
[2021-03-13 01:00:17] - 2021-03-12 - daily_wish success
[2021-03-13 01:00:17] - 2021-03-12 - daily_cart start
[2021-03-13 01:00:17] - 2021-03-12 - daily_cart success
[2021-03-13 01:00:17] - 2021-03-12 - daily_view start
[2021-03-13 01:00:18] - 2021-03-12 - daily_view success
[2021-03-13 01:00:18] - 2021-03-12 - daily_sales_price start
[2021-03-13 01:00:18] - 2021-03-12 - daily_sales_price success
[2021-03-13 01:00:18] - 2021-03-12 - case1 start
[2021-03-13 01:00:18] - 2021-03-12 - case1 success
[2021-03-13 01:00:18] - 2021-03-12 - case2 start
[2021-03-13 01:00:22] - 2021-03-12 - case2 success
[2021-03-13 01:00:22] - 2021-03-12 - delete start
[2021-03-13 01:00:22] - 2021-03-12 - fm_daily_stats_fblike_vw start
[2021-03-13 01:00:22] - 2021-03-12 - fm_daily_stats_fblike_vw success
[2021-03-13 01:00:22] - 2021-03-12 - fm_daily_stats_review_vw start
[2021-03-13 01:00:22] - 2021-03-12 - fm_daily_stats_review_vw success
[2021-03-13 01:00:22] - 2021-03-12 - fm_daily_stats_restock_notify_vw start
[2021-03-13 01:00:22] - 2021-03-12 - fm_daily_stats_restock_notify_vw success
[2021-03-13 01:00:22] - 2021-03-12 - fm_daily_stats_wish_vw start
[2021-03-13 01:00:22] - 2021-03-12 - fm_daily_stats_wish_vw success
[2021-03-13 01:00:22] - 2021-03-12 - fm_daily_stats_cart_vw start
[2021-03-13 01:00:22] - 2021-03-12 - fm_daily_stats_cart_vw success
[2021-03-13 01:00:22] - 2021-03-12 - fm_daily_stats_order_vw start
[2021-03-13 01:00:22] - 2021-03-12 - fm_daily_stats_order_vw success
[2021-03-13 01:00:22] - 2021-03-12 - fm_daily_stats_view_vw start
[2021-03-13 01:00:22] - 2021-03-12 - fm_daily_stats_view_vw success
[2021-03-13 01:00:22] - 2021-03-12 - delete success
[2021-03-13 01:00:22] - 상품별 3개월 구매수량 등록(goods_purchase_ea)
[2021-03-13 01:00:22] - 입점사 정산 주기 변경(account_seller_period_update)
[2021-03-13 01:00:22] - 입점사별 정산 집계(account_seller_stats)
[2021-03-13 01:00:22] - 불필요한 이월데이터 삭제(account_seller_del_sales)
[2021-03-13 01:00:22] - 일일통계 (주문,좋아요,리뷰,재입고알림,찜,장바구니,보기) 집계(daily_stats)
[2021-03-13 01:00:22] - 마일리지, 포인트,캐쉬 통계 집계(statistic_epc)
[2021-03-13 01:00:22] - referer 도메인 업데이트(set_referer_domain)
[2021-03-13 01:00:22] - 일일통계 데이터 삭제(stats_delete)
[2021-03-14 01:00:16] - 2021-03-13 - daily_order start
[2021-03-14 01:00:16] - 2021-03-13 - daily_order success
[2021-03-14 01:00:16] - 2021-03-13 - daily_fblike start
[2021-03-14 01:00:16] - 2021-03-13 - daily_fblike success
[2021-03-14 01:00:16] - 2021-03-13 - daily_review start
[2021-03-14 01:00:16] - 2021-03-13 - daily_review success
[2021-03-14 01:00:16] - 2021-03-13 - daily_restock_notify start
[2021-03-14 01:00:16] - 2021-03-13 - daily_restock_notify success
[2021-03-14 01:00:16] - 2021-03-13 - daily_wish start
[2021-03-14 01:00:16] - 2021-03-13 - daily_wish success
[2021-03-14 01:00:16] - 2021-03-13 - daily_cart start
[2021-03-14 01:00:16] - 2021-03-13 - daily_cart success
[2021-03-14 01:00:16] - 2021-03-13 - daily_view start
[2021-03-14 01:00:17] - 2021-03-13 - daily_view success
[2021-03-14 01:00:17] - 2021-03-13 - daily_sales_price start
[2021-03-14 01:00:17] - 2021-03-13 - daily_sales_price success
[2021-03-14 01:00:17] - 2021-03-13 - case1 start
[2021-03-14 01:00:18] - 2021-03-13 - case1 success
[2021-03-14 01:00:18] - 2021-03-13 - case2 start
[2021-03-14 01:00:21] - 2021-03-13 - case2 success
[2021-03-14 01:00:21] - 2021-03-13 - delete start
[2021-03-14 01:00:21] - 2021-03-13 - fm_daily_stats_fblike_vw start
[2021-03-14 01:00:21] - 2021-03-13 - fm_daily_stats_fblike_vw success
[2021-03-14 01:00:21] - 2021-03-13 - fm_daily_stats_review_vw start
[2021-03-14 01:00:21] - 2021-03-13 - fm_daily_stats_review_vw success
[2021-03-14 01:00:21] - 2021-03-13 - fm_daily_stats_restock_notify_vw start
[2021-03-14 01:00:21] - 2021-03-13 - fm_daily_stats_restock_notify_vw success
[2021-03-14 01:00:21] - 2021-03-13 - fm_daily_stats_wish_vw start
[2021-03-14 01:00:21] - 2021-03-13 - fm_daily_stats_wish_vw success
[2021-03-14 01:00:21] - 2021-03-13 - fm_daily_stats_cart_vw start
[2021-03-14 01:00:21] - 2021-03-13 - fm_daily_stats_cart_vw success
[2021-03-14 01:00:21] - 2021-03-13 - fm_daily_stats_order_vw start
[2021-03-14 01:00:21] - 2021-03-13 - fm_daily_stats_order_vw success
[2021-03-14 01:00:21] - 2021-03-13 - fm_daily_stats_view_vw start
[2021-03-14 01:00:21] - 2021-03-13 - fm_daily_stats_view_vw success
[2021-03-14 01:00:21] - 2021-03-13 - delete success
[2021-03-14 01:00:21] - 상품별 3개월 구매수량 등록(goods_purchase_ea)
[2021-03-14 01:00:21] - 입점사 정산 주기 변경(account_seller_period_update)
[2021-03-14 01:00:21] - 입점사별 정산 집계(account_seller_stats)
[2021-03-14 01:00:21] - 불필요한 이월데이터 삭제(account_seller_del_sales)
[2021-03-14 01:00:21] - 일일통계 (주문,좋아요,리뷰,재입고알림,찜,장바구니,보기) 집계(daily_stats)
[2021-03-14 01:00:21] - 마일리지, 포인트,캐쉬 통계 집계(statistic_epc)
[2021-03-14 01:00:21] - referer 도메인 업데이트(set_referer_domain)
[2021-03-14 01:00:21] - 일일통계 데이터 삭제(stats_delete)
[2021-03-15 01:00:16] - 2021-03-14 - daily_order start
[2021-03-15 01:00:16] - 2021-03-14 - daily_order success
[2021-03-15 01:00:16] - 2021-03-14 - daily_fblike start
[2021-03-15 01:00:16] - 2021-03-14 - daily_fblike success
[2021-03-15 01:00:16] - 2021-03-14 - daily_review start
[2021-03-15 01:00:16] - 2021-03-14 - daily_review success
[2021-03-15 01:00:16] - 2021-03-14 - daily_restock_notify start
[2021-03-15 01:00:16] - 2021-03-14 - daily_restock_notify success
[2021-03-15 01:00:16] - 2021-03-14 - daily_wish start
[2021-03-15 01:00:16] - 2021-03-14 - daily_wish success
[2021-03-15 01:00:16] - 2021-03-14 - daily_cart start
[2021-03-15 01:00:16] - 2021-03-14 - daily_cart success
[2021-03-15 01:00:16] - 2021-03-14 - daily_view start
[2021-03-15 01:00:17] - 2021-03-14 - daily_view success
[2021-03-15 01:00:17] - 2021-03-14 - daily_sales_price start
[2021-03-15 01:00:17] - 2021-03-14 - daily_sales_price success
[2021-03-15 01:00:17] - 2021-03-14 - case1 start
[2021-03-15 01:00:17] - 2021-03-14 - case1 success
[2021-03-15 01:00:17] - 2021-03-14 - case2 start
[2021-03-15 01:00:21] - 2021-03-14 - case2 success
[2021-03-15 01:00:21] - 2021-03-14 - delete start
[2021-03-15 01:00:21] - 2021-03-14 - fm_daily_stats_fblike_vw start
[2021-03-15 01:00:21] - 2021-03-14 - fm_daily_stats_fblike_vw success
[2021-03-15 01:00:21] - 2021-03-14 - fm_daily_stats_review_vw start
[2021-03-15 01:00:21] - 2021-03-14 - fm_daily_stats_review_vw success
[2021-03-15 01:00:21] - 2021-03-14 - fm_daily_stats_restock_notify_vw start
[2021-03-15 01:00:21] - 2021-03-14 - fm_daily_stats_restock_notify_vw success
[2021-03-15 01:00:21] - 2021-03-14 - fm_daily_stats_wish_vw start
[2021-03-15 01:00:21] - 2021-03-14 - fm_daily_stats_wish_vw success
[2021-03-15 01:00:21] - 2021-03-14 - fm_daily_stats_cart_vw start
[2021-03-15 01:00:21] - 2021-03-14 - fm_daily_stats_cart_vw success
[2021-03-15 01:00:21] - 2021-03-14 - fm_daily_stats_order_vw start
[2021-03-15 01:00:21] - 2021-03-14 - fm_daily_stats_order_vw success
[2021-03-15 01:00:21] - 2021-03-14 - fm_daily_stats_view_vw start
[2021-03-15 01:00:21] - 2021-03-14 - fm_daily_stats_view_vw success
[2021-03-15 01:00:21] - 2021-03-14 - delete success
[2021-03-15 01:00:21] - 상품별 3개월 구매수량 등록(goods_purchase_ea)
[2021-03-15 01:00:21] - 입점사 정산 주기 변경(account_seller_period_update)
[2021-03-15 01:00:21] - 입점사별 정산 집계(account_seller_stats)
[2021-03-15 01:00:21] - 불필요한 이월데이터 삭제(account_seller_del_sales)
[2021-03-15 01:00:21] - 일일통계 (주문,좋아요,리뷰,재입고알림,찜,장바구니,보기) 집계(daily_stats)
[2021-03-15 01:00:21] - 마일리지, 포인트,캐쉬 통계 집계(statistic_epc)
[2021-03-15 01:00:21] - referer 도메인 업데이트(set_referer_domain)
[2021-03-15 01:00:21] - 일일통계 데이터 삭제(stats_delete)
[2021-03-16 01:00:17] - 2021-03-15 - daily_order start
[2021-03-16 01:00:17] - 2021-03-15 - daily_order success
[2021-03-16 01:00:17] - 2021-03-15 - daily_fblike start
[2021-03-16 01:00:17] - 2021-03-15 - daily_fblike success
[2021-03-16 01:00:17] - 2021-03-15 - daily_review start
[2021-03-16 01:00:17] - 2021-03-15 - daily_review success
[2021-03-16 01:00:17] - 2021-03-15 - daily_restock_notify start
[2021-03-16 01:00:17] - 2021-03-15 - daily_restock_notify success
[2021-03-16 01:00:17] - 2021-03-15 - daily_wish start
[2021-03-16 01:00:17] - 2021-03-15 - daily_wish success
[2021-03-16 01:00:17] - 2021-03-15 - daily_cart start
[2021-03-16 01:00:17] - 2021-03-15 - daily_cart success
[2021-03-16 01:00:17] - 2021-03-15 - daily_view start
[2021-03-16 01:00:18] - 2021-03-15 - daily_view success
[2021-03-16 01:00:18] - 2021-03-15 - daily_sales_price start
[2021-03-16 01:00:18] - 2021-03-15 - daily_sales_price success
[2021-03-16 01:00:18] - 2021-03-15 - case1 start
[2021-03-16 01:00:18] - 2021-03-15 - case1 success
[2021-03-16 01:00:18] - 2021-03-15 - case2 start
[2021-03-16 01:00:21] - 2021-03-15 - case2 success
[2021-03-16 01:00:21] - 2021-03-15 - delete start
[2021-03-16 01:00:21] - 2021-03-15 - fm_daily_stats_fblike_vw start
[2021-03-16 01:00:21] - 2021-03-15 - fm_daily_stats_fblike_vw success
[2021-03-16 01:00:21] - 2021-03-15 - fm_daily_stats_review_vw start
[2021-03-16 01:00:21] - 2021-03-15 - fm_daily_stats_review_vw success
[2021-03-16 01:00:21] - 2021-03-15 - fm_daily_stats_restock_notify_vw start
[2021-03-16 01:00:21] - 2021-03-15 - fm_daily_stats_restock_notify_vw success
[2021-03-16 01:00:21] - 2021-03-15 - fm_daily_stats_wish_vw start
[2021-03-16 01:00:21] - 2021-03-15 - fm_daily_stats_wish_vw success
[2021-03-16 01:00:21] - 2021-03-15 - fm_daily_stats_cart_vw start
[2021-03-16 01:00:21] - 2021-03-15 - fm_daily_stats_cart_vw success
[2021-03-16 01:00:21] - 2021-03-15 - fm_daily_stats_order_vw start
[2021-03-16 01:00:21] - 2021-03-15 - fm_daily_stats_order_vw success
[2021-03-16 01:00:21] - 2021-03-15 - fm_daily_stats_view_vw start
[2021-03-16 01:00:21] - 2021-03-15 - fm_daily_stats_view_vw success
[2021-03-16 01:00:21] - 2021-03-15 - delete success
[2021-03-16 01:00:22] - 상품별 3개월 구매수량 등록(goods_purchase_ea)
[2021-03-16 01:00:22] - 입점사 정산 주기 변경(account_seller_period_update)
[2021-03-16 01:00:22] - 입점사별 정산 집계(account_seller_stats)
[2021-03-16 01:00:22] - 불필요한 이월데이터 삭제(account_seller_del_sales)
[2021-03-16 01:00:22] - 일일통계 (주문,좋아요,리뷰,재입고알림,찜,장바구니,보기) 집계(daily_stats)
[2021-03-16 01:00:22] - 마일리지, 포인트,캐쉬 통계 집계(statistic_epc)
[2021-03-16 01:00:22] - referer 도메인 업데이트(set_referer_domain)
[2021-03-16 01:00:22] - 일일통계 데이터 삭제(stats_delete)
[2021-03-17 01:00:17] - 2021-03-16 - daily_order start
[2021-03-17 01:00:17] - 2021-03-16 - daily_order success
[2021-03-17 01:00:17] - 2021-03-16 - daily_fblike start
[2021-03-17 01:00:17] - 2021-03-16 - daily_fblike success
[2021-03-17 01:00:17] - 2021-03-16 - daily_review start
[2021-03-17 01:00:17] - 2021-03-16 - daily_review success
[2021-03-17 01:00:17] - 2021-03-16 - daily_restock_notify start
[2021-03-17 01:00:17] - 2021-03-16 - daily_restock_notify success
[2021-03-17 01:00:17] - 2021-03-16 - daily_wish start
[2021-03-17 01:00:17] - 2021-03-16 - daily_wish success
[2021-03-17 01:00:17] - 2021-03-16 - daily_cart start
[2021-03-17 01:00:17] - 2021-03-16 - daily_cart success
[2021-03-17 01:00:17] - 2021-03-16 - daily_view start
[2021-03-17 01:00:18] - 2021-03-16 - daily_view success
[2021-03-17 01:00:18] - 2021-03-16 - daily_sales_price start
[2021-03-17 01:00:18] - 2021-03-16 - daily_sales_price success
[2021-03-17 01:00:18] - 2021-03-16 - case1 start
[2021-03-17 01:00:18] - 2021-03-16 - case1 success
[2021-03-17 01:00:18] - 2021-03-16 - case2 start
[2021-03-17 01:00:21] - 2021-03-16 - case2 success
[2021-03-17 01:00:21] - 2021-03-16 - delete start
[2021-03-17 01:00:21] - 2021-03-16 - fm_daily_stats_fblike_vw start
[2021-03-17 01:00:21] - 2021-03-16 - fm_daily_stats_fblike_vw success
[2021-03-17 01:00:21] - 2021-03-16 - fm_daily_stats_review_vw start
[2021-03-17 01:00:21] - 2021-03-16 - fm_daily_stats_review_vw success
[2021-03-17 01:00:21] - 2021-03-16 - fm_daily_stats_restock_notify_vw start
[2021-03-17 01:00:21] - 2021-03-16 - fm_daily_stats_restock_notify_vw success
[2021-03-17 01:00:21] - 2021-03-16 - fm_daily_stats_wish_vw start
[2021-03-17 01:00:21] - 2021-03-16 - fm_daily_stats_wish_vw success
[2021-03-17 01:00:21] - 2021-03-16 - fm_daily_stats_cart_vw start
[2021-03-17 01:00:21] - 2021-03-16 - fm_daily_stats_cart_vw success
[2021-03-17 01:00:21] - 2021-03-16 - fm_daily_stats_order_vw start
[2021-03-17 01:00:21] - 2021-03-16 - fm_daily_stats_order_vw success
[2021-03-17 01:00:21] - 2021-03-16 - fm_daily_stats_view_vw start
[2021-03-17 01:00:21] - 2021-03-16 - fm_daily_stats_view_vw success
[2021-03-17 01:00:21] - 2021-03-16 - delete success
[2021-03-17 01:00:22] - 상품별 3개월 구매수량 등록(goods_purchase_ea)
[2021-03-17 01:00:22] - 입점사 정산 주기 변경(account_seller_period_update)
[2021-03-17 01:00:22] - 입점사별 정산 집계(account_seller_stats)
[2021-03-17 01:00:22] - 불필요한 이월데이터 삭제(account_seller_del_sales)
[2021-03-17 01:00:22] - 일일통계 (주문,좋아요,리뷰,재입고알림,찜,장바구니,보기) 집계(daily_stats)
[2021-03-17 01:00:22] - 마일리지, 포인트,캐쉬 통계 집계(statistic_epc)
[2021-03-17 01:00:22] - referer 도메인 업데이트(set_referer_domain)
[2021-03-17 01:00:22] - 일일통계 데이터 삭제(stats_delete)
[2021-03-18 01:00:16] - 2021-03-17 - daily_order start
[2021-03-18 01:00:16] - 2021-03-17 - daily_order success
[2021-03-18 01:00:16] - 2021-03-17 - daily_fblike start
[2021-03-18 01:00:16] - 2021-03-17 - daily_fblike success
[2021-03-18 01:00:16] - 2021-03-17 - daily_review start
[2021-03-18 01:00:16] - 2021-03-17 - daily_review success
[2021-03-18 01:00:16] - 2021-03-17 - daily_restock_notify start
[2021-03-18 01:00:16] - 2021-03-17 - daily_restock_notify success
[2021-03-18 01:00:16] - 2021-03-17 - daily_wish start
[2021-03-18 01:00:16] - 2021-03-17 - daily_wish success
[2021-03-18 01:00:16] - 2021-03-17 - daily_cart start
[2021-03-18 01:00:16] - 2021-03-17 - daily_cart success
[2021-03-18 01:00:16] - 2021-03-17 - daily_view start
[2021-03-18 01:00:16] - 2021-03-17 - daily_view success
[2021-03-18 01:00:16] - 2021-03-17 - daily_sales_price start
[2021-03-18 01:00:16] - 2021-03-17 - daily_sales_price success
[2021-03-18 01:00:16] - 2021-03-17 - case1 start
[2021-03-18 01:00:17] - 2021-03-17 - case1 success
[2021-03-18 01:00:17] - 2021-03-17 - case2 start
[2021-03-18 01:00:20] - 2021-03-17 - case2 success
[2021-03-18 01:00:20] - 2021-03-17 - delete start
[2021-03-18 01:00:20] - 2021-03-17 - fm_daily_stats_fblike_vw start
[2021-03-18 01:00:20] - 2021-03-17 - fm_daily_stats_fblike_vw success
[2021-03-18 01:00:20] - 2021-03-17 - fm_daily_stats_review_vw start
[2021-03-18 01:00:20] - 2021-03-17 - fm_daily_stats_review_vw success
[2021-03-18 01:00:20] - 2021-03-17 - fm_daily_stats_restock_notify_vw start
[2021-03-18 01:00:20] - 2021-03-17 - fm_daily_stats_restock_notify_vw success
[2021-03-18 01:00:20] - 2021-03-17 - fm_daily_stats_wish_vw start
[2021-03-18 01:00:20] - 2021-03-17 - fm_daily_stats_wish_vw success
[2021-03-18 01:00:20] - 2021-03-17 - fm_daily_stats_cart_vw start
[2021-03-18 01:00:20] - 2021-03-17 - fm_daily_stats_cart_vw success
[2021-03-18 01:00:20] - 2021-03-17 - fm_daily_stats_order_vw start
[2021-03-18 01:00:20] - 2021-03-17 - fm_daily_stats_order_vw success
[2021-03-18 01:00:20] - 2021-03-17 - fm_daily_stats_view_vw start
[2021-03-18 01:00:20] - 2021-03-17 - fm_daily_stats_view_vw success
[2021-03-18 01:00:20] - 2021-03-17 - delete success
[2021-03-18 01:00:20] - 상품별 3개월 구매수량 등록(goods_purchase_ea)
[2021-03-18 01:00:20] - 입점사 정산 주기 변경(account_seller_period_update)
[2021-03-18 01:00:20] - 입점사별 정산 집계(account_seller_stats)
[2021-03-18 01:00:20] - 불필요한 이월데이터 삭제(account_seller_del_sales)
[2021-03-18 01:00:20] - 일일통계 (주문,좋아요,리뷰,재입고알림,찜,장바구니,보기) 집계(daily_stats)
[2021-03-18 01:00:20] - 마일리지, 포인트,캐쉬 통계 집계(statistic_epc)
[2021-03-18 01:00:20] - referer 도메인 업데이트(set_referer_domain)
[2021-03-18 01:00:20] - 일일통계 데이터 삭제(stats_delete)
[2021-03-19 01:00:17] - 2021-03-18 - daily_order start
[2021-03-19 01:00:17] - 2021-03-18 - daily_order success
[2021-03-19 01:00:17] - 2021-03-18 - daily_fblike start
[2021-03-19 01:00:17] - 2021-03-18 - daily_fblike success
[2021-03-19 01:00:17] - 2021-03-18 - daily_review start
[2021-03-19 01:00:17] - 2021-03-18 - daily_review success
[2021-03-19 01:00:17] - 2021-03-18 - daily_restock_notify start
[2021-03-19 01:00:17] - 2021-03-18 - daily_restock_notify success
[2021-03-19 01:00:17] - 2021-03-18 - daily_wish start
[2021-03-19 01:00:17] - 2021-03-18 - daily_wish success
[2021-03-19 01:00:17] - 2021-03-18 - daily_cart start
[2021-03-19 01:00:17] - 2021-03-18 - daily_cart success
[2021-03-19 01:00:17] - 2021-03-18 - daily_view start
[2021-03-19 01:00:18] - 2021-03-18 - daily_view success
[2021-03-19 01:00:18] - 2021-03-18 - daily_sales_price start
[2021-03-19 01:00:18] - 2021-03-18 - daily_sales_price success
[2021-03-19 01:00:18] - 2021-03-18 - case1 start
[2021-03-19 01:00:19] - 2021-03-18 - case1 success
[2021-03-19 01:00:19] - 2021-03-18 - case2 start
[2021-03-19 01:00:22] - 2021-03-18 - case2 success
[2021-03-19 01:00:22] - 2021-03-18 - delete start
[2021-03-19 01:00:22] - 2021-03-18 - fm_daily_stats_fblike_vw start
[2021-03-19 01:00:22] - 2021-03-18 - fm_daily_stats_fblike_vw success
[2021-03-19 01:00:22] - 2021-03-18 - fm_daily_stats_review_vw start
[2021-03-19 01:00:22] - 2021-03-18 - fm_daily_stats_review_vw success
[2021-03-19 01:00:22] - 2021-03-18 - fm_daily_stats_restock_notify_vw start
[2021-03-19 01:00:22] - 2021-03-18 - fm_daily_stats_restock_notify_vw success
[2021-03-19 01:00:22] - 2021-03-18 - fm_daily_stats_wish_vw start
[2021-03-19 01:00:22] - 2021-03-18 - fm_daily_stats_wish_vw success
[2021-03-19 01:00:22] - 2021-03-18 - fm_daily_stats_cart_vw start
[2021-03-19 01:00:22] - 2021-03-18 - fm_daily_stats_cart_vw success
[2021-03-19 01:00:22] - 2021-03-18 - fm_daily_stats_order_vw start
[2021-03-19 01:00:22] - 2021-03-18 - fm_daily_stats_order_vw success
[2021-03-19 01:00:22] - 2021-03-18 - fm_daily_stats_view_vw start
[2021-03-19 01:00:22] - 2021-03-18 - fm_daily_stats_view_vw success
[2021-03-19 01:00:22] - 2021-03-18 - delete success
[2021-03-19 01:00:23] - 상품별 3개월 구매수량 등록(goods_purchase_ea)
[2021-03-19 01:00:23] - 입점사 정산 주기 변경(account_seller_period_update)
[2021-03-19 01:00:23] - 입점사별 정산 집계(account_seller_stats)
[2021-03-19 01:00:23] - 불필요한 이월데이터 삭제(account_seller_del_sales)
[2021-03-19 01:00:23] - 일일통계 (주문,좋아요,리뷰,재입고알림,찜,장바구니,보기) 집계(daily_stats)
[2021-03-19 01:00:23] - 마일리지, 포인트,캐쉬 통계 집계(statistic_epc)
[2021-03-19 01:00:23] - referer 도메인 업데이트(set_referer_domain)
[2021-03-19 01:00:23] - 일일통계 데이터 삭제(stats_delete)
[2021-03-20 01:00:16] - 2021-03-19 - daily_order start
[2021-03-20 01:00:16] - 2021-03-19 - daily_order success
[2021-03-20 01:00:16] - 2021-03-19 - daily_fblike start
[2021-03-20 01:00:16] - 2021-03-19 - daily_fblike success
[2021-03-20 01:00:16] - 2021-03-19 - daily_review start
[2021-03-20 01:00:16] - 2021-03-19 - daily_review success
[2021-03-20 01:00:16] - 2021-03-19 - daily_restock_notify start
[2021-03-20 01:00:16] - 2021-03-19 - daily_restock_notify success
[2021-03-20 01:00:16] - 2021-03-19 - daily_wish start
[2021-03-20 01:00:16] - 2021-03-19 - daily_wish success
[2021-03-20 01:00:16] - 2021-03-19 - daily_cart start
[2021-03-20 01:00:16] - 2021-03-19 - daily_cart success
[2021-03-20 01:00:16] - 2021-03-19 - daily_view start
[2021-03-20 01:00:17] - 2021-03-19 - daily_view success
[2021-03-20 01:00:17] - 2021-03-19 - daily_sales_price start
[2021-03-20 01:00:17] - 2021-03-19 - daily_sales_price success
[2021-03-20 01:00:17] - 2021-03-19 - case1 start
[2021-03-20 01:00:18] - 2021-03-19 - case1 success
[2021-03-20 01:00:18] - 2021-03-19 - case2 start
[2021-03-20 01:00:21] - 2021-03-19 - case2 success
[2021-03-20 01:00:21] - 2021-03-19 - delete start
[2021-03-20 01:00:21] - 2021-03-19 - fm_daily_stats_fblike_vw start
[2021-03-20 01:00:21] - 2021-03-19 - fm_daily_stats_fblike_vw success
[2021-03-20 01:00:21] - 2021-03-19 - fm_daily_stats_review_vw start
[2021-03-20 01:00:21] - 2021-03-19 - fm_daily_stats_review_vw success
[2021-03-20 01:00:21] - 2021-03-19 - fm_daily_stats_restock_notify_vw start
[2021-03-20 01:00:21] - 2021-03-19 - fm_daily_stats_restock_notify_vw success
[2021-03-20 01:00:21] - 2021-03-19 - fm_daily_stats_wish_vw start
[2021-03-20 01:00:21] - 2021-03-19 - fm_daily_stats_wish_vw success
[2021-03-20 01:00:21] - 2021-03-19 - fm_daily_stats_cart_vw start
[2021-03-20 01:00:21] - 2021-03-19 - fm_daily_stats_cart_vw success
[2021-03-20 01:00:21] - 2021-03-19 - fm_daily_stats_order_vw start
[2021-03-20 01:00:21] - 2021-03-19 - fm_daily_stats_order_vw success
[2021-03-20 01:00:21] - 2021-03-19 - fm_daily_stats_view_vw start
[2021-03-20 01:00:21] - 2021-03-19 - fm_daily_stats_view_vw success
[2021-03-20 01:00:21] - 2021-03-19 - delete success
[2021-03-20 01:00:22] - 상품별 3개월 구매수량 등록(goods_purchase_ea)
[2021-03-20 01:00:22] - 입점사 정산 주기 변경(account_seller_period_update)
[2021-03-20 01:00:22] - 입점사별 정산 집계(account_seller_stats)
[2021-03-20 01:00:22] - 불필요한 이월데이터 삭제(account_seller_del_sales)
[2021-03-20 01:00:22] - 일일통계 (주문,좋아요,리뷰,재입고알림,찜,장바구니,보기) 집계(daily_stats)
[2021-03-20 01:00:22] - 마일리지, 포인트,캐쉬 통계 집계(statistic_epc)
[2021-03-20 01:00:22] - referer 도메인 업데이트(set_referer_domain)
[2021-03-20 01:00:22] - 일일통계 데이터 삭제(stats_delete)
[2021-03-21 01:00:16] - 2021-03-20 - daily_order start
[2021-03-21 01:00:16] - 2021-03-20 - daily_order success
[2021-03-21 01:00:16] - 2021-03-20 - daily_fblike start
[2021-03-21 01:00:16] - 2021-03-20 - daily_fblike success
[2021-03-21 01:00:16] - 2021-03-20 - daily_review start
[2021-03-21 01:00:16] - 2021-03-20 - daily_review success
[2021-03-21 01:00:16] - 2021-03-20 - daily_restock_notify start
[2021-03-21 01:00:16] - 2021-03-20 - daily_restock_notify success
[2021-03-21 01:00:16] - 2021-03-20 - daily_wish start
[2021-03-21 01:00:16] - 2021-03-20 - daily_wish success
[2021-03-21 01:00:16] - 2021-03-20 - daily_cart start
[2021-03-21 01:00:16] - 2021-03-20 - daily_cart success
[2021-03-21 01:00:16] - 2021-03-20 - daily_view start
[2021-03-21 01:00:17] - 2021-03-20 - daily_view success
[2021-03-21 01:00:17] - 2021-03-20 - daily_sales_price start
[2021-03-21 01:00:17] - 2021-03-20 - daily_sales_price success
[2021-03-21 01:00:17] - 2021-03-20 - case1 start
[2021-03-21 01:00:19] - 2021-03-20 - case1 success
[2021-03-21 01:00:19] - 2021-03-20 - case2 start
[2021-03-21 01:00:22] - 2021-03-20 - case2 success
[2021-03-21 01:00:22] - 2021-03-20 - delete start
[2021-03-21 01:00:22] - 2021-03-20 - fm_daily_stats_fblike_vw start
[2021-03-21 01:00:22] - 2021-03-20 - fm_daily_stats_fblike_vw success
[2021-03-21 01:00:22] - 2021-03-20 - fm_daily_stats_review_vw start
[2021-03-21 01:00:22] - 2021-03-20 - fm_daily_stats_review_vw success
[2021-03-21 01:00:22] - 2021-03-20 - fm_daily_stats_restock_notify_vw start
[2021-03-21 01:00:22] - 2021-03-20 - fm_daily_stats_restock_notify_vw success
[2021-03-21 01:00:22] - 2021-03-20 - fm_daily_stats_wish_vw start
[2021-03-21 01:00:22] - 2021-03-20 - fm_daily_stats_wish_vw success
[2021-03-21 01:00:22] - 2021-03-20 - fm_daily_stats_cart_vw start
[2021-03-21 01:00:22] - 2021-03-20 - fm_daily_stats_cart_vw success
[2021-03-21 01:00:22] - 2021-03-20 - fm_daily_stats_order_vw start
[2021-03-21 01:00:22] - 2021-03-20 - fm_daily_stats_order_vw success
[2021-03-21 01:00:22] - 2021-03-20 - fm_daily_stats_view_vw start
[2021-03-21 01:00:22] - 2021-03-20 - fm_daily_stats_view_vw success
[2021-03-21 01:00:22] - 2021-03-20 - delete success
[2021-03-21 01:00:23] - 상품별 3개월 구매수량 등록(goods_purchase_ea)
[2021-03-21 01:00:23] - 입점사 정산 주기 변경(account_seller_period_update)
[2021-03-21 01:00:23] - 입점사별 정산 집계(account_seller_stats)
[2021-03-21 01:00:23] - 불필요한 이월데이터 삭제(account_seller_del_sales)
[2021-03-21 01:00:23] - 일일통계 (주문,좋아요,리뷰,재입고알림,찜,장바구니,보기) 집계(daily_stats)
[2021-03-21 01:00:23] - 마일리지, 포인트,캐쉬 통계 집계(statistic_epc)
[2021-03-21 01:00:23] - referer 도메인 업데이트(set_referer_domain)
[2021-03-21 01:00:23] - 일일통계 데이터 삭제(stats_delete)
[2021-03-22 01:00:17] - 2021-03-21 - daily_order start
[2021-03-22 01:00:17] - 2021-03-21 - daily_order success
[2021-03-22 01:00:17] - 2021-03-21 - daily_fblike start
[2021-03-22 01:00:17] - 2021-03-21 - daily_fblike success
[2021-03-22 01:00:17] - 2021-03-21 - daily_review start
[2021-03-22 01:00:17] - 2021-03-21 - daily_review success
[2021-03-22 01:00:17] - 2021-03-21 - daily_restock_notify start
[2021-03-22 01:00:17] - 2021-03-21 - daily_restock_notify success
[2021-03-22 01:00:17] - 2021-03-21 - daily_wish start
[2021-03-22 01:00:17] - 2021-03-21 - daily_wish success
[2021-03-22 01:00:17] - 2021-03-21 - daily_cart start
[2021-03-22 01:00:17] - 2021-03-21 - daily_cart success
[2021-03-22 01:00:17] - 2021-03-21 - daily_view start
[2021-03-22 01:00:19] - 2021-03-21 - daily_view success
[2021-03-22 01:00:19] - 2021-03-21 - daily_sales_price start
[2021-03-22 01:00:19] - 2021-03-21 - daily_sales_price success
[2021-03-22 01:00:19] - 2021-03-21 - case1 start
[2021-03-22 01:00:19] - 2021-03-21 - case1 success
[2021-03-22 01:00:19] - 2021-03-21 - case2 start
[2021-03-22 01:00:23] - 2021-03-21 - case2 success
[2021-03-22 01:00:23] - 2021-03-21 - delete start
[2021-03-22 01:00:23] - 2021-03-21 - fm_daily_stats_fblike_vw start
[2021-03-22 01:00:23] - 2021-03-21 - fm_daily_stats_fblike_vw success
[2021-03-22 01:00:23] - 2021-03-21 - fm_daily_stats_review_vw start
[2021-03-22 01:00:23] - 2021-03-21 - fm_daily_stats_review_vw success
[2021-03-22 01:00:23] - 2021-03-21 - fm_daily_stats_restock_notify_vw start
[2021-03-22 01:00:23] - 2021-03-21 - fm_daily_stats_restock_notify_vw success
[2021-03-22 01:00:23] - 2021-03-21 - fm_daily_stats_wish_vw start
[2021-03-22 01:00:23] - 2021-03-21 - fm_daily_stats_wish_vw success
[2021-03-22 01:00:23] - 2021-03-21 - fm_daily_stats_cart_vw start
[2021-03-22 01:00:23] - 2021-03-21 - fm_daily_stats_cart_vw success
[2021-03-22 01:00:23] - 2021-03-21 - fm_daily_stats_order_vw start
[2021-03-22 01:00:23] - 2021-03-21 - fm_daily_stats_order_vw success
[2021-03-22 01:00:23] - 2021-03-21 - fm_daily_stats_view_vw start
[2021-03-22 01:00:23] - 2021-03-21 - fm_daily_stats_view_vw success
[2021-03-22 01:00:23] - 2021-03-21 - delete success
[2021-03-22 01:00:23] - 상품별 3개월 구매수량 등록(goods_purchase_ea)
[2021-03-22 01:00:23] - 입점사 정산 주기 변경(account_seller_period_update)
[2021-03-22 01:00:23] - 입점사별 정산 집계(account_seller_stats)
[2021-03-22 01:00:23] - 불필요한 이월데이터 삭제(account_seller_del_sales)
[2021-03-22 01:00:23] - 일일통계 (주문,좋아요,리뷰,재입고알림,찜,장바구니,보기) 집계(daily_stats)
[2021-03-22 01:00:23] - 마일리지, 포인트,캐쉬 통계 집계(statistic_epc)
[2021-03-22 01:00:23] - referer 도메인 업데이트(set_referer_domain)
[2021-03-22 01:00:23] - 일일통계 데이터 삭제(stats_delete)
[2021-03-24 01:00:32] - 2021-03-23 - daily_order start
[2021-03-24 01:00:33] - 2021-03-23 - daily_order success
[2021-03-24 01:00:33] - 2021-03-23 - daily_fblike start
[2021-03-24 01:00:33] - 2021-03-23 - daily_fblike success
[2021-03-24 01:00:33] - 2021-03-23 - daily_review start
[2021-03-24 01:00:33] - 2021-03-23 - daily_review success
[2021-03-24 01:00:33] - 2021-03-23 - daily_restock_notify start
[2021-03-24 01:00:33] - 2021-03-23 - daily_restock_notify success
[2021-03-24 01:00:33] - 2021-03-23 - daily_wish start
[2021-03-24 01:00:33] - 2021-03-23 - daily_wish success
[2021-03-24 01:00:33] - 2021-03-23 - daily_cart start
[2021-03-24 01:00:33] - 2021-03-23 - daily_cart success
[2021-03-24 01:00:33] - 2021-03-23 - daily_view start
[2021-03-24 01:00:35] - 2021-03-23 - daily_view success
[2021-03-24 01:00:35] - 2021-03-23 - daily_sales_price start
[2021-03-24 01:00:36] - 2021-03-23 - daily_sales_price success
[2021-03-24 01:00:36] - 2021-03-23 - case1 start
[2021-03-24 01:00:36] - 2021-03-23 - case1 success
[2021-03-24 01:00:36] - 2021-03-23 - case2 start
[2021-03-24 01:00:38] - 2021-03-23 - case2 success
[2021-03-24 01:00:38] - 2021-03-23 - delete start
[2021-03-24 01:00:38] - 2021-03-23 - fm_daily_stats_fblike_vw start
[2021-03-24 01:00:38] - 2021-03-23 - fm_daily_stats_fblike_vw success
[2021-03-24 01:00:38] - 2021-03-23 - fm_daily_stats_review_vw start
[2021-03-24 01:00:38] - 2021-03-23 - fm_daily_stats_review_vw success
[2021-03-24 01:00:38] - 2021-03-23 - fm_daily_stats_restock_notify_vw start
[2021-03-24 01:00:38] - 2021-03-23 - fm_daily_stats_restock_notify_vw success
[2021-03-24 01:00:38] - 2021-03-23 - fm_daily_stats_wish_vw start
[2021-03-24 01:00:38] - 2021-03-23 - fm_daily_stats_wish_vw success
[2021-03-24 01:00:38] - 2021-03-23 - fm_daily_stats_cart_vw start
[2021-03-24 01:00:38] - 2021-03-23 - fm_daily_stats_cart_vw success
[2021-03-24 01:00:38] - 2021-03-23 - fm_daily_stats_order_vw start
[2021-03-24 01:00:38] - 2021-03-23 - fm_daily_stats_order_vw success
[2021-03-24 01:00:38] - 2021-03-23 - fm_daily_stats_view_vw start
[2021-03-24 01:00:38] - 2021-03-23 - fm_daily_stats_view_vw success
[2021-03-24 01:00:38] - 2021-03-23 - delete success
[2021-03-24 01:00:39] - 상품별 3개월 구매수량 등록(goods_purchase_ea)
[2021-03-24 01:00:39] - 입점사 정산 주기 변경(account_seller_period_update)
[2021-03-24 01:00:39] - 입점사별 정산 집계(account_seller_stats)
[2021-03-24 01:00:39] - 불필요한 이월데이터 삭제(account_seller_del_sales)
[2021-03-24 01:00:39] - 일일통계 (주문,좋아요,리뷰,재입고알림,찜,장바구니,보기) 집계(daily_stats)
[2021-03-24 01:00:39] - 마일리지, 포인트,캐쉬 통계 집계(statistic_epc)
[2021-03-24 01:00:39] - referer 도메인 업데이트(set_referer_domain)
[2021-03-24 01:00:39] - 일일통계 데이터 삭제(stats_delete)
[2021-03-25 01:00:27] - 2021-03-24 - daily_order start
[2021-03-25 01:00:27] - 2021-03-24 - daily_order success
[2021-03-25 01:00:27] - 2021-03-24 - daily_fblike start
[2021-03-25 01:00:27] - 2021-03-24 - daily_fblike success
[2021-03-25 01:00:27] - 2021-03-24 - daily_review start
[2021-03-25 01:00:27] - 2021-03-24 - daily_review success
[2021-03-25 01:00:27] - 2021-03-24 - daily_restock_notify start
[2021-03-25 01:00:27] - 2021-03-24 - daily_restock_notify success
[2021-03-25 01:00:27] - 2021-03-24 - daily_wish start
[2021-03-25 01:00:27] - 2021-03-24 - daily_wish success
[2021-03-25 01:00:27] - 2021-03-24 - daily_cart start
[2021-03-25 01:00:28] - 2021-03-24 - daily_cart success
[2021-03-25 01:00:28] - 2021-03-24 - daily_view start
[2021-03-25 01:00:33] - 2021-03-24 - daily_view success
[2021-03-25 01:00:33] - 2021-03-24 - daily_sales_price start
[2021-03-25 01:00:33] - 2021-03-24 - daily_sales_price success
[2021-03-25 01:00:33] - 2021-03-24 - case1 start
[2021-03-25 01:00:34] - 2021-03-24 - case1 success
[2021-03-25 01:00:34] - 2021-03-24 - case2 start
[2021-03-25 01:00:36] - 2021-03-24 - case2 success
[2021-03-25 01:00:36] - 2021-03-24 - delete start
[2021-03-25 01:00:36] - 2021-03-24 - fm_daily_stats_fblike_vw start
[2021-03-25 01:00:36] - 2021-03-24 - fm_daily_stats_fblike_vw success
[2021-03-25 01:00:36] - 2021-03-24 - fm_daily_stats_review_vw start
[2021-03-25 01:00:36] - 2021-03-24 - fm_daily_stats_review_vw success
[2021-03-25 01:00:36] - 2021-03-24 - fm_daily_stats_restock_notify_vw start
[2021-03-25 01:00:36] - 2021-03-24 - fm_daily_stats_restock_notify_vw success
[2021-03-25 01:00:36] - 2021-03-24 - fm_daily_stats_wish_vw start
[2021-03-25 01:00:36] - 2021-03-24 - fm_daily_stats_wish_vw success
[2021-03-25 01:00:36] - 2021-03-24 - fm_daily_stats_cart_vw start
[2021-03-25 01:00:36] - 2021-03-24 - fm_daily_stats_cart_vw success
[2021-03-25 01:00:36] - 2021-03-24 - fm_daily_stats_order_vw start
[2021-03-25 01:00:36] - 2021-03-24 - fm_daily_stats_order_vw success
[2021-03-25 01:00:36] - 2021-03-24 - fm_daily_stats_view_vw start
[2021-03-25 01:00:36] - 2021-03-24 - fm_daily_stats_view_vw success
[2021-03-25 01:00:36] - 2021-03-24 - delete success
[2021-03-25 01:00:37] - 상품별 3개월 구매수량 등록(goods_purchase_ea)
[2021-03-25 01:00:37] - 입점사 정산 주기 변경(account_seller_period_update)
[2021-03-25 01:00:37] - 입점사별 정산 집계(account_seller_stats)
[2021-03-25 01:00:37] - 불필요한 이월데이터 삭제(account_seller_del_sales)
[2021-03-25 01:00:37] - 일일통계 (주문,좋아요,리뷰,재입고알림,찜,장바구니,보기) 집계(daily_stats)
[2021-03-25 01:00:37] - 마일리지, 포인트,캐쉬 통계 집계(statistic_epc)
[2021-03-25 01:00:37] - referer 도메인 업데이트(set_referer_domain)
[2021-03-25 01:00:37] - 일일통계 데이터 삭제(stats_delete)
[2021-03-26 01:00:28] - 2021-03-25 - daily_order start
[2021-03-26 01:00:28] - 2021-03-25 - daily_order success
[2021-03-26 01:00:28] - 2021-03-25 - daily_fblike start
[2021-03-26 01:00:28] - 2021-03-25 - daily_fblike success
[2021-03-26 01:00:28] - 2021-03-25 - daily_review start
[2021-03-26 01:00:28] - 2021-03-25 - daily_review success
[2021-03-26 01:00:28] - 2021-03-25 - daily_restock_notify start
[2021-03-26 01:00:28] - 2021-03-25 - daily_restock_notify success
[2021-03-26 01:00:28] - 2021-03-25 - daily_wish start
[2021-03-26 01:00:28] - 2021-03-25 - daily_wish success
[2021-03-26 01:00:28] - 2021-03-25 - daily_cart start
[2021-03-26 01:00:28] - 2021-03-25 - daily_cart success
[2021-03-26 01:00:28] - 2021-03-25 - daily_view start
[2021-03-26 01:00:32] - 2021-03-25 - daily_view success
[2021-03-26 01:00:32] - 2021-03-25 - daily_sales_price start
[2021-03-26 01:00:32] - 2021-03-25 - daily_sales_price success
[2021-03-26 01:00:32] - 2021-03-25 - case1 start
[2021-03-26 01:00:32] - 2021-03-25 - case1 success
[2021-03-26 01:00:32] - 2021-03-25 - case2 start
[2021-03-26 01:00:35] - 2021-03-25 - case2 success
[2021-03-26 01:00:35] - 2021-03-25 - delete start
[2021-03-26 01:00:35] - 2021-03-25 - fm_daily_stats_fblike_vw start
[2021-03-26 01:00:35] - 2021-03-25 - fm_daily_stats_fblike_vw success
[2021-03-26 01:00:35] - 2021-03-25 - fm_daily_stats_review_vw start
[2021-03-26 01:00:35] - 2021-03-25 - fm_daily_stats_review_vw success
[2021-03-26 01:00:35] - 2021-03-25 - fm_daily_stats_restock_notify_vw start
[2021-03-26 01:00:35] - 2021-03-25 - fm_daily_stats_restock_notify_vw success
[2021-03-26 01:00:35] - 2021-03-25 - fm_daily_stats_wish_vw start
[2021-03-26 01:00:35] - 2021-03-25 - fm_daily_stats_wish_vw success
[2021-03-26 01:00:35] - 2021-03-25 - fm_daily_stats_cart_vw start
[2021-03-26 01:00:35] - 2021-03-25 - fm_daily_stats_cart_vw success
[2021-03-26 01:00:35] - 2021-03-25 - fm_daily_stats_order_vw start
[2021-03-26 01:00:35] - 2021-03-25 - fm_daily_stats_order_vw success
[2021-03-26 01:00:35] - 2021-03-25 - fm_daily_stats_view_vw start
[2021-03-26 01:00:35] - 2021-03-25 - fm_daily_stats_view_vw success
[2021-03-26 01:00:35] - 2021-03-25 - delete success
[2021-03-26 01:00:35] - 상품별 3개월 구매수량 등록(goods_purchase_ea)
[2021-03-26 01:00:35] - 입점사 정산 주기 변경(account_seller_period_update)
[2021-03-26 01:00:35] - 입점사별 정산 집계(account_seller_stats)
[2021-03-26 01:00:35] - 불필요한 이월데이터 삭제(account_seller_del_sales)
[2021-03-26 01:00:35] - 일일통계 (주문,좋아요,리뷰,재입고알림,찜,장바구니,보기) 집계(daily_stats)
[2021-03-26 01:00:35] - 마일리지, 포인트,캐쉬 통계 집계(statistic_epc)
[2021-03-26 01:00:35] - referer 도메인 업데이트(set_referer_domain)
[2021-03-26 01:00:35] - 일일통계 데이터 삭제(stats_delete)
[2021-03-27 01:00:25] - 2021-03-26 - daily_order start
[2021-03-27 01:00:25] - 2021-03-26 - daily_order success
[2021-03-27 01:00:25] - 2021-03-26 - daily_fblike start
[2021-03-27 01:00:25] - 2021-03-26 - daily_fblike success
[2021-03-27 01:00:25] - 2021-03-26 - daily_review start
[2021-03-27 01:00:25] - 2021-03-26 - daily_review success
[2021-03-27 01:00:25] - 2021-03-26 - daily_restock_notify start
[2021-03-27 01:00:25] - 2021-03-26 - daily_restock_notify success
[2021-03-27 01:00:25] - 2021-03-26 - daily_wish start
[2021-03-27 01:00:25] - 2021-03-26 - daily_wish success
[2021-03-27 01:00:25] - 2021-03-26 - daily_cart start
[2021-03-27 01:00:25] - 2021-03-26 - daily_cart success
[2021-03-27 01:00:25] - 2021-03-26 - daily_view start
[2021-03-27 01:00:27] - 2021-03-26 - daily_view success
[2021-03-27 01:00:27] - 2021-03-26 - daily_sales_price start
[2021-03-27 01:00:27] - 2021-03-26 - daily_sales_price success
[2021-03-27 01:00:27] - 2021-03-26 - case1 start
[2021-03-27 01:00:27] - 2021-03-26 - case1 success
[2021-03-27 01:00:27] - 2021-03-26 - case2 start
[2021-03-27 01:00:30] - 2021-03-26 - case2 success
[2021-03-27 01:00:30] - 2021-03-26 - delete start
[2021-03-27 01:00:30] - 2021-03-26 - fm_daily_stats_fblike_vw start
[2021-03-27 01:00:30] - 2021-03-26 - fm_daily_stats_fblike_vw success
[2021-03-27 01:00:30] - 2021-03-26 - fm_daily_stats_review_vw start
[2021-03-27 01:00:30] - 2021-03-26 - fm_daily_stats_review_vw success
[2021-03-27 01:00:30] - 2021-03-26 - fm_daily_stats_restock_notify_vw start
[2021-03-27 01:00:30] - 2021-03-26 - fm_daily_stats_restock_notify_vw success
[2021-03-27 01:00:30] - 2021-03-26 - fm_daily_stats_wish_vw start
[2021-03-27 01:00:30] - 2021-03-26 - fm_daily_stats_wish_vw success
[2021-03-27 01:00:30] - 2021-03-26 - fm_daily_stats_cart_vw start
[2021-03-27 01:00:30] - 2021-03-26 - fm_daily_stats_cart_vw success
[2021-03-27 01:00:30] - 2021-03-26 - fm_daily_stats_order_vw start
[2021-03-27 01:00:30] - 2021-03-26 - fm_daily_stats_order_vw success
[2021-03-27 01:00:30] - 2021-03-26 - fm_daily_stats_view_vw start
[2021-03-27 01:00:30] - 2021-03-26 - fm_daily_stats_view_vw success
[2021-03-27 01:00:30] - 2021-03-26 - delete success
[2021-03-27 01:00:30] - 상품별 3개월 구매수량 등록(goods_purchase_ea)
[2021-03-27 01:00:30] - 입점사 정산 주기 변경(account_seller_period_update)
[2021-03-27 01:00:30] - 입점사별 정산 집계(account_seller_stats)
[2021-03-27 01:00:30] - 불필요한 이월데이터 삭제(account_seller_del_sales)
[2021-03-27 01:00:30] - 일일통계 (주문,좋아요,리뷰,재입고알림,찜,장바구니,보기) 집계(daily_stats)
[2021-03-27 01:00:30] - 마일리지, 포인트,캐쉬 통계 집계(statistic_epc)
[2021-03-27 01:00:30] - referer 도메인 업데이트(set_referer_domain)
[2021-03-27 01:00:30] - 일일통계 데이터 삭제(stats_delete)
[2021-03-28 01:00:27] - 2021-03-27 - daily_order start
[2021-03-28 01:00:27] - 2021-03-27 - daily_order success
[2021-03-28 01:00:27] - 2021-03-27 - daily_fblike start
[2021-03-28 01:00:27] - 2021-03-27 - daily_fblike success
[2021-03-28 01:00:27] - 2021-03-27 - daily_review start
[2021-03-28 01:00:27] - 2021-03-27 - daily_review success
[2021-03-28 01:00:27] - 2021-03-27 - daily_restock_notify start
[2021-03-28 01:00:27] - 2021-03-27 - daily_restock_notify success
[2021-03-28 01:00:27] - 2021-03-27 - daily_wish start
[2021-03-28 01:00:27] - 2021-03-27 - daily_wish success
[2021-03-28 01:00:27] - 2021-03-27 - daily_cart start
[2021-03-28 01:00:27] - 2021-03-27 - daily_cart success
[2021-03-28 01:00:27] - 2021-03-27 - daily_view start
[2021-03-28 01:00:29] - 2021-03-27 - daily_view success
[2021-03-28 01:00:29] - 2021-03-27 - daily_sales_price start
[2021-03-28 01:00:29] - 2021-03-27 - daily_sales_price success
[2021-03-28 01:00:29] - 2021-03-27 - case1 start
[2021-03-28 01:00:29] - 2021-03-27 - case1 success
[2021-03-28 01:00:29] - 2021-03-27 - case2 start
[2021-03-28 01:00:32] - 2021-03-27 - case2 success
[2021-03-28 01:00:32] - 2021-03-27 - delete start
[2021-03-28 01:00:32] - 2021-03-27 - fm_daily_stats_fblike_vw start
[2021-03-28 01:00:32] - 2021-03-27 - fm_daily_stats_fblike_vw success
[2021-03-28 01:00:32] - 2021-03-27 - fm_daily_stats_review_vw start
[2021-03-28 01:00:32] - 2021-03-27 - fm_daily_stats_review_vw success
[2021-03-28 01:00:32] - 2021-03-27 - fm_daily_stats_restock_notify_vw start
[2021-03-28 01:00:32] - 2021-03-27 - fm_daily_stats_restock_notify_vw success
[2021-03-28 01:00:32] - 2021-03-27 - fm_daily_stats_wish_vw start
[2021-03-28 01:00:32] - 2021-03-27 - fm_daily_stats_wish_vw success
[2021-03-28 01:00:32] - 2021-03-27 - fm_daily_stats_cart_vw start
[2021-03-28 01:00:32] - 2021-03-27 - fm_daily_stats_cart_vw success
[2021-03-28 01:00:32] - 2021-03-27 - fm_daily_stats_order_vw start
[2021-03-28 01:00:32] - 2021-03-27 - fm_daily_stats_order_vw success
[2021-03-28 01:00:32] - 2021-03-27 - fm_daily_stats_view_vw start
[2021-03-28 01:00:32] - 2021-03-27 - fm_daily_stats_view_vw success
[2021-03-28 01:00:32] - 2021-03-27 - delete success
[2021-03-28 01:00:33] - 상품별 3개월 구매수량 등록(goods_purchase_ea)
[2021-03-28 01:00:33] - 입점사 정산 주기 변경(account_seller_period_update)
[2021-03-28 01:00:33] - 입점사별 정산 집계(account_seller_stats)
[2021-03-28 01:00:33] - 불필요한 이월데이터 삭제(account_seller_del_sales)
[2021-03-28 01:00:33] - 일일통계 (주문,좋아요,리뷰,재입고알림,찜,장바구니,보기) 집계(daily_stats)
[2021-03-28 01:00:33] - 마일리지, 포인트,캐쉬 통계 집계(statistic_epc)
[2021-03-28 01:00:33] - referer 도메인 업데이트(set_referer_domain)
[2021-03-28 01:00:33] - 일일통계 데이터 삭제(stats_delete)
[2021-03-29 01:00:28] - 2021-03-28 - daily_order start
[2021-03-29 01:00:28] - 2021-03-28 - daily_order success
[2021-03-29 01:00:28] - 2021-03-28 - daily_fblike start
[2021-03-29 01:00:28] - 2021-03-28 - daily_fblike success
[2021-03-29 01:00:28] - 2021-03-28 - daily_review start
[2021-03-29 01:00:28] - 2021-03-28 - daily_review success
[2021-03-29 01:00:28] - 2021-03-28 - daily_restock_notify start
[2021-03-29 01:00:28] - 2021-03-28 - daily_restock_notify success
[2021-03-29 01:00:28] - 2021-03-28 - daily_wish start
[2021-03-29 01:00:28] - 2021-03-28 - daily_wish success
[2021-03-29 01:00:28] - 2021-03-28 - daily_cart start
[2021-03-29 01:00:28] - 2021-03-28 - daily_cart success
[2021-03-29 01:00:28] - 2021-03-28 - daily_view start
[2021-03-29 01:00:30] - 2021-03-28 - daily_view success
[2021-03-29 01:00:30] - 2021-03-28 - daily_sales_price start
[2021-03-29 01:00:30] - 2021-03-28 - daily_sales_price success
[2021-03-29 01:00:30] - 2021-03-28 - case1 start
[2021-03-29 01:00:30] - 2021-03-28 - case1 success
[2021-03-29 01:00:30] - 2021-03-28 - case2 start
[2021-03-29 01:00:33] - 2021-03-28 - case2 success
[2021-03-29 01:00:33] - 2021-03-28 - delete start
[2021-03-29 01:00:33] - 2021-03-28 - fm_daily_stats_fblike_vw start
[2021-03-29 01:00:33] - 2021-03-28 - fm_daily_stats_fblike_vw success
[2021-03-29 01:00:33] - 2021-03-28 - fm_daily_stats_review_vw start
[2021-03-29 01:00:33] - 2021-03-28 - fm_daily_stats_review_vw success
[2021-03-29 01:00:33] - 2021-03-28 - fm_daily_stats_restock_notify_vw start
[2021-03-29 01:00:33] - 2021-03-28 - fm_daily_stats_restock_notify_vw success
[2021-03-29 01:00:33] - 2021-03-28 - fm_daily_stats_wish_vw start
[2021-03-29 01:00:33] - 2021-03-28 - fm_daily_stats_wish_vw success
[2021-03-29 01:00:33] - 2021-03-28 - fm_daily_stats_cart_vw start
[2021-03-29 01:00:33] - 2021-03-28 - fm_daily_stats_cart_vw success
[2021-03-29 01:00:33] - 2021-03-28 - fm_daily_stats_order_vw start
[2021-03-29 01:00:33] - 2021-03-28 - fm_daily_stats_order_vw success
[2021-03-29 01:00:33] - 2021-03-28 - fm_daily_stats_view_vw start
[2021-03-29 01:00:33] - 2021-03-28 - fm_daily_stats_view_vw success
[2021-03-29 01:00:33] - 2021-03-28 - delete success
[2021-03-29 01:00:33] - 상품별 3개월 구매수량 등록(goods_purchase_ea)
[2021-03-29 01:00:33] - 입점사 정산 주기 변경(account_seller_period_update)
[2021-03-29 01:00:33] - 입점사별 정산 집계(account_seller_stats)
[2021-03-29 01:00:33] - 불필요한 이월데이터 삭제(account_seller_del_sales)
[2021-03-29 01:00:33] - 일일통계 (주문,좋아요,리뷰,재입고알림,찜,장바구니,보기) 집계(daily_stats)
[2021-03-29 01:00:33] - 마일리지, 포인트,캐쉬 통계 집계(statistic_epc)
[2021-03-29 01:00:33] - referer 도메인 업데이트(set_referer_domain)
[2021-03-29 01:00:33] - 일일통계 데이터 삭제(stats_delete)
[2021-03-30 01:01:07] - 2021-03-29 - daily_order start
[2021-03-30 01:01:07] - 2021-03-29 - daily_order success
[2021-03-30 01:01:07] - 2021-03-29 - daily_fblike start
[2021-03-30 01:01:07] - 2021-03-29 - daily_fblike success
[2021-03-30 01:01:07] - 2021-03-29 - daily_review start
[2021-03-30 01:01:07] - 2021-03-29 - daily_review success
[2021-03-30 01:01:07] - 2021-03-29 - daily_restock_notify start
[2021-03-30 01:01:07] - 2021-03-29 - daily_restock_notify success
[2021-03-30 01:01:07] - 2021-03-29 - daily_wish start
[2021-03-30 01:01:07] - 2021-03-29 - daily_wish success
[2021-03-30 01:01:07] - 2021-03-29 - daily_cart start
[2021-03-30 01:01:07] - 2021-03-29 - daily_cart success
[2021-03-30 01:01:07] - 2021-03-29 - daily_view start
[2021-03-30 01:01:09] - 2021-03-29 - daily_view success
[2021-03-30 01:01:09] - 2021-03-29 - daily_sales_price start
[2021-03-30 01:01:09] - 2021-03-29 - daily_sales_price success
[2021-03-30 01:01:09] - 2021-03-29 - case1 start
[2021-03-30 01:01:10] - 2021-03-29 - case1 success
[2021-03-30 01:01:10] - 2021-03-29 - case2 start
[2021-03-30 01:01:13] - 2021-03-29 - case2 success
[2021-03-30 01:01:13] - 2021-03-29 - delete start
[2021-03-30 01:01:13] - 2021-03-29 - fm_daily_stats_fblike_vw start
[2021-03-30 01:01:13] - 2021-03-29 - fm_daily_stats_fblike_vw success
[2021-03-30 01:01:13] - 2021-03-29 - fm_daily_stats_review_vw start
[2021-03-30 01:01:13] - 2021-03-29 - fm_daily_stats_review_vw success
[2021-03-30 01:01:13] - 2021-03-29 - fm_daily_stats_restock_notify_vw start
[2021-03-30 01:01:13] - 2021-03-29 - fm_daily_stats_restock_notify_vw success
[2021-03-30 01:01:13] - 2021-03-29 - fm_daily_stats_wish_vw start
[2021-03-30 01:01:13] - 2021-03-29 - fm_daily_stats_wish_vw success
[2021-03-30 01:01:13] - 2021-03-29 - fm_daily_stats_cart_vw start
[2021-03-30 01:01:13] - 2021-03-29 - fm_daily_stats_cart_vw success
[2021-03-30 01:01:13] - 2021-03-29 - fm_daily_stats_order_vw start
[2021-03-30 01:01:13] - 2021-03-29 - fm_daily_stats_order_vw success
[2021-03-30 01:01:13] - 2021-03-29 - fm_daily_stats_view_vw start
[2021-03-30 01:01:13] - 2021-03-29 - fm_daily_stats_view_vw success
[2021-03-30 01:01:13] - 2021-03-29 - delete success
[2021-03-30 01:01:13] - 상품별 3개월 구매수량 등록(goods_purchase_ea)
[2021-03-30 01:01:13] - 입점사 정산 주기 변경(account_seller_period_update)
[2021-03-30 01:01:13] - 입점사별 정산 집계(account_seller_stats)
[2021-03-30 01:01:13] - 불필요한 이월데이터 삭제(account_seller_del_sales)
[2021-03-30 01:01:13] - 일일통계 (주문,좋아요,리뷰,재입고알림,찜,장바구니,보기) 집계(daily_stats)
[2021-03-30 01:01:13] - 마일리지, 포인트,캐쉬 통계 집계(statistic_epc)
[2021-03-30 01:01:13] - referer 도메인 업데이트(set_referer_domain)
[2021-03-30 01:01:13] - 일일통계 데이터 삭제(stats_delete)
[2021-03-31 01:00:51] - 2021-03-30 - daily_order start
[2021-03-31 01:00:51] - 2021-03-30 - daily_order success
[2021-03-31 01:00:51] - 2021-03-30 - daily_fblike start
[2021-03-31 01:00:51] - 2021-03-30 - daily_fblike success
[2021-03-31 01:00:51] - 2021-03-30 - daily_review start
[2021-03-31 01:00:51] - 2021-03-30 - daily_review success
[2021-03-31 01:00:51] - 2021-03-30 - daily_restock_notify start
[2021-03-31 01:00:51] - 2021-03-30 - daily_restock_notify success
[2021-03-31 01:00:51] - 2021-03-30 - daily_wish start
[2021-03-31 01:00:51] - 2021-03-30 - daily_wish success
[2021-03-31 01:00:51] - 2021-03-30 - daily_cart start
[2021-03-31 01:00:51] - 2021-03-30 - daily_cart success
[2021-03-31 01:00:51] - 2021-03-30 - daily_view start
[2021-03-31 01:00:52] - 2021-03-30 - daily_view success
[2021-03-31 01:00:52] - 2021-03-30 - daily_sales_price start
[2021-03-31 01:00:52] - 2021-03-30 - daily_sales_price success
[2021-03-31 01:00:52] - 2021-03-30 - case1 start
[2021-03-31 01:00:53] - 2021-03-30 - case1 success
[2021-03-31 01:00:53] - 2021-03-30 - case2 start
[2021-03-31 01:00:56] - 2021-03-30 - case2 success
[2021-03-31 01:00:56] - 2021-03-30 - delete start
[2021-03-31 01:00:56] - 2021-03-30 - fm_daily_stats_fblike_vw start
[2021-03-31 01:00:56] - 2021-03-30 - fm_daily_stats_fblike_vw success
[2021-03-31 01:00:56] - 2021-03-30 - fm_daily_stats_review_vw start
[2021-03-31 01:00:56] - 2021-03-30 - fm_daily_stats_review_vw success
[2021-03-31 01:00:56] - 2021-03-30 - fm_daily_stats_restock_notify_vw start
[2021-03-31 01:00:56] - 2021-03-30 - fm_daily_stats_restock_notify_vw success
[2021-03-31 01:00:56] - 2021-03-30 - fm_daily_stats_wish_vw start
[2021-03-31 01:00:56] - 2021-03-30 - fm_daily_stats_wish_vw success
[2021-03-31 01:00:56] - 2021-03-30 - fm_daily_stats_cart_vw start
[2021-03-31 01:00:56] - 2021-03-30 - fm_daily_stats_cart_vw success
[2021-03-31 01:00:56] - 2021-03-30 - fm_daily_stats_order_vw start
[2021-03-31 01:00:56] - 2021-03-30 - fm_daily_stats_order_vw success
[2021-03-31 01:00:56] - 2021-03-30 - fm_daily_stats_view_vw start
[2021-03-31 01:00:56] - 2021-03-30 - fm_daily_stats_view_vw success
[2021-03-31 01:00:56] - 2021-03-30 - delete success
[2021-03-31 01:00:56] - 상품별 3개월 구매수량 등록(goods_purchase_ea)
[2021-03-31 01:00:56] - 입점사 정산 주기 변경(account_seller_period_update)
[2021-03-31 01:00:56] - 입점사별 정산 집계(account_seller_stats)
[2021-03-31 01:00:56] - 불필요한 이월데이터 삭제(account_seller_del_sales)
[2021-03-31 01:00:56] - 일일통계 (주문,좋아요,리뷰,재입고알림,찜,장바구니,보기) 집계(daily_stats)
[2021-03-31 01:00:56] - 마일리지, 포인트,캐쉬 통계 집계(statistic_epc)
[2021-03-31 01:00:56] - referer 도메인 업데이트(set_referer_domain)
[2021-03-31 01:00:56] - 일일통계 데이터 삭제(stats_delete)
