[2021-07-01 00:10:07] - 구글 피드 생성(createGoogleFile)
[2021-07-01 00:10:07] - 페이스북 피드 생성(createFacebookFile)
[2021-07-01 00:10:07] - 입점마켓팅 네이버 판매지수EP 생성(createNaverSalesEpFile)
[2021-07-01 00:10:07] - 입점마켓팅 리뷰EP 생성(createReviewFile)
[2021-07-01 00:10:07] - 입점마켓팅 네이버EP 3.0 생성(createNaverThirdFile)
[2021-07-01 00:10:07] - 입점마켓팅 네이버EP 2.0 생성(createNaverFile)
[2021-07-01 00:10:07] - 입점마켓팅 다음EP 생성(createDaumFile)
[2021-07-02 00:10:06] - 구글 피드 생성(createGoogleFile)
[2021-07-02 00:10:06] - 페이스북 피드 생성(createFacebookFile)
[2021-07-02 00:10:06] - 입점마켓팅 네이버 판매지수EP 생성(createNaverSalesEpFile)
[2021-07-02 00:10:06] - 입점마켓팅 리뷰EP 생성(createReviewFile)
[2021-07-02 00:10:06] - 입점마켓팅 네이버EP 3.0 생성(createNaverThirdFile)
[2021-07-02 00:10:06] - 입점마켓팅 네이버EP 2.0 생성(createNaverFile)
[2021-07-02 00:10:06] - 입점마켓팅 다음EP 생성(createDaumFile)
[2021-07-03 00:10:06] - 구글 피드 생성(createGoogleFile)
[2021-07-03 00:10:06] - 페이스북 피드 생성(createFacebookFile)
[2021-07-03 00:10:06] - 입점마켓팅 네이버 판매지수EP 생성(createNaverSalesEpFile)
[2021-07-03 00:10:06] - 입점마켓팅 리뷰EP 생성(createReviewFile)
[2021-07-03 00:10:06] - 입점마켓팅 네이버EP 3.0 생성(createNaverThirdFile)
[2021-07-03 00:10:06] - 입점마켓팅 네이버EP 2.0 생성(createNaverFile)
[2021-07-03 00:10:06] - 입점마켓팅 다음EP 생성(createDaumFile)
[2021-07-04 00:10:06] - 구글 피드 생성(createGoogleFile)
[2021-07-04 00:10:06] - 페이스북 피드 생성(createFacebookFile)
[2021-07-04 00:10:06] - 입점마켓팅 네이버 판매지수EP 생성(createNaverSalesEpFile)
[2021-07-04 00:10:06] - 입점마켓팅 리뷰EP 생성(createReviewFile)
[2021-07-04 00:10:06] - 입점마켓팅 네이버EP 3.0 생성(createNaverThirdFile)
[2021-07-04 00:10:06] - 입점마켓팅 네이버EP 2.0 생성(createNaverFile)
[2021-07-04 00:10:06] - 입점마켓팅 다음EP 생성(createDaumFile)
[2021-07-05 00:10:06] - 구글 피드 생성(createGoogleFile)
[2021-07-05 00:10:06] - 페이스북 피드 생성(createFacebookFile)
[2021-07-05 00:10:06] - 입점마켓팅 네이버 판매지수EP 생성(createNaverSalesEpFile)
[2021-07-05 00:10:06] - 입점마켓팅 리뷰EP 생성(createReviewFile)
[2021-07-05 00:10:06] - 입점마켓팅 네이버EP 3.0 생성(createNaverThirdFile)
[2021-07-05 00:10:06] - 입점마켓팅 네이버EP 2.0 생성(createNaverFile)
[2021-07-05 00:10:06] - 입점마켓팅 다음EP 생성(createDaumFile)
[2021-07-06 00:10:06] - 구글 피드 생성(createGoogleFile)
[2021-07-06 00:10:06] - 페이스북 피드 생성(createFacebookFile)
[2021-07-06 00:10:06] - 입점마켓팅 네이버 판매지수EP 생성(createNaverSalesEpFile)
[2021-07-06 00:10:06] - 입점마켓팅 리뷰EP 생성(createReviewFile)
[2021-07-06 00:10:06] - 입점마켓팅 네이버EP 3.0 생성(createNaverThirdFile)
[2021-07-06 00:10:06] - 입점마켓팅 네이버EP 2.0 생성(createNaverFile)
[2021-07-06 00:10:06] - 입점마켓팅 다음EP 생성(createDaumFile)
[2021-07-07 00:10:06] - 구글 피드 생성(createGoogleFile)
[2021-07-07 00:10:06] - 페이스북 피드 생성(createFacebookFile)
[2021-07-07 00:10:06] - 입점마켓팅 네이버 판매지수EP 생성(createNaverSalesEpFile)
[2021-07-07 00:10:06] - 입점마켓팅 리뷰EP 생성(createReviewFile)
[2021-07-07 00:10:06] - 입점마켓팅 네이버EP 3.0 생성(createNaverThirdFile)
[2021-07-07 00:10:06] - 입점마켓팅 네이버EP 2.0 생성(createNaverFile)
[2021-07-07 00:10:06] - 입점마켓팅 다음EP 생성(createDaumFile)
[2021-07-08 00:10:06] - 구글 피드 생성(createGoogleFile)
[2021-07-08 00:10:06] - 페이스북 피드 생성(createFacebookFile)
[2021-07-08 00:10:06] - 입점마켓팅 네이버 판매지수EP 생성(createNaverSalesEpFile)
[2021-07-08 00:10:06] - 입점마켓팅 리뷰EP 생성(createReviewFile)
[2021-07-08 00:10:06] - 입점마켓팅 네이버EP 3.0 생성(createNaverThirdFile)
[2021-07-08 00:10:06] - 입점마켓팅 네이버EP 2.0 생성(createNaverFile)
[2021-07-08 00:10:06] - 입점마켓팅 다음EP 생성(createDaumFile)
[2021-07-09 00:10:06] - 구글 피드 생성(createGoogleFile)
[2021-07-09 00:10:06] - 페이스북 피드 생성(createFacebookFile)
[2021-07-09 00:10:06] - 입점마켓팅 네이버 판매지수EP 생성(createNaverSalesEpFile)
[2021-07-09 00:10:06] - 입점마켓팅 리뷰EP 생성(createReviewFile)
[2021-07-09 00:10:06] - 입점마켓팅 네이버EP 3.0 생성(createNaverThirdFile)
[2021-07-09 00:10:06] - 입점마켓팅 네이버EP 2.0 생성(createNaverFile)
[2021-07-09 00:10:06] - 입점마켓팅 다음EP 생성(createDaumFile)
[2021-07-10 00:10:06] - 구글 피드 생성(createGoogleFile)
[2021-07-10 00:10:06] - 페이스북 피드 생성(createFacebookFile)
[2021-07-10 00:10:06] - 입점마켓팅 네이버 판매지수EP 생성(createNaverSalesEpFile)
[2021-07-10 00:10:06] - 입점마켓팅 리뷰EP 생성(createReviewFile)
[2021-07-10 00:10:06] - 입점마켓팅 네이버EP 3.0 생성(createNaverThirdFile)
[2021-07-10 00:10:06] - 입점마켓팅 네이버EP 2.0 생성(createNaverFile)
[2021-07-10 00:10:06] - 입점마켓팅 다음EP 생성(createDaumFile)
[2021-07-11 00:10:06] - 구글 피드 생성(createGoogleFile)
[2021-07-11 00:10:06] - 페이스북 피드 생성(createFacebookFile)
[2021-07-11 00:10:06] - 입점마켓팅 네이버 판매지수EP 생성(createNaverSalesEpFile)
[2021-07-11 00:10:06] - 입점마켓팅 리뷰EP 생성(createReviewFile)
[2021-07-11 00:10:06] - 입점마켓팅 네이버EP 3.0 생성(createNaverThirdFile)
[2021-07-11 00:10:06] - 입점마켓팅 네이버EP 2.0 생성(createNaverFile)
[2021-07-11 00:10:06] - 입점마켓팅 다음EP 생성(createDaumFile)
[2021-07-12 00:10:07] - 구글 피드 생성(createGoogleFile)
[2021-07-12 00:10:07] - 페이스북 피드 생성(createFacebookFile)
[2021-07-12 00:10:07] - 입점마켓팅 네이버 판매지수EP 생성(createNaverSalesEpFile)
[2021-07-12 00:10:07] - 입점마켓팅 리뷰EP 생성(createReviewFile)
[2021-07-12 00:10:07] - 입점마켓팅 네이버EP 3.0 생성(createNaverThirdFile)
[2021-07-12 00:10:07] - 입점마켓팅 네이버EP 2.0 생성(createNaverFile)
[2021-07-12 00:10:07] - 입점마켓팅 다음EP 생성(createDaumFile)
[2021-07-13 00:10:08] - 구글 피드 생성(createGoogleFile)
[2021-07-13 00:10:08] - 페이스북 피드 생성(createFacebookFile)
[2021-07-13 00:10:08] - 입점마켓팅 네이버 판매지수EP 생성(createNaverSalesEpFile)
[2021-07-13 00:10:08] - 입점마켓팅 리뷰EP 생성(createReviewFile)
[2021-07-13 00:10:08] - 입점마켓팅 네이버EP 3.0 생성(createNaverThirdFile)
[2021-07-13 00:10:08] - 입점마켓팅 네이버EP 2.0 생성(createNaverFile)
[2021-07-13 00:10:08] - 입점마켓팅 다음EP 생성(createDaumFile)
[2021-07-14 00:10:07] - 구글 피드 생성(createGoogleFile)
[2021-07-14 00:10:07] - 페이스북 피드 생성(createFacebookFile)
[2021-07-14 00:10:07] - 입점마켓팅 네이버 판매지수EP 생성(createNaverSalesEpFile)
[2021-07-14 00:10:07] - 입점마켓팅 리뷰EP 생성(createReviewFile)
[2021-07-14 00:10:07] - 입점마켓팅 네이버EP 3.0 생성(createNaverThirdFile)
[2021-07-14 00:10:07] - 입점마켓팅 네이버EP 2.0 생성(createNaverFile)
[2021-07-14 00:10:07] - 입점마켓팅 다음EP 생성(createDaumFile)
[2021-07-15 00:10:06] - 구글 피드 생성(createGoogleFile)
[2021-07-15 00:10:06] - 페이스북 피드 생성(createFacebookFile)
[2021-07-15 00:10:06] - 입점마켓팅 네이버 판매지수EP 생성(createNaverSalesEpFile)
[2021-07-15 00:10:06] - 입점마켓팅 리뷰EP 생성(createReviewFile)
[2021-07-15 00:10:06] - 입점마켓팅 네이버EP 3.0 생성(createNaverThirdFile)
[2021-07-15 00:10:06] - 입점마켓팅 네이버EP 2.0 생성(createNaverFile)
[2021-07-15 00:10:06] - 입점마켓팅 다음EP 생성(createDaumFile)
[2021-07-16 00:10:07] - 구글 피드 생성(createGoogleFile)
[2021-07-16 00:10:07] - 페이스북 피드 생성(createFacebookFile)
[2021-07-16 00:10:07] - 입점마켓팅 네이버 판매지수EP 생성(createNaverSalesEpFile)
[2021-07-16 00:10:07] - 입점마켓팅 리뷰EP 생성(createReviewFile)
[2021-07-16 00:10:07] - 입점마켓팅 네이버EP 3.0 생성(createNaverThirdFile)
[2021-07-16 00:10:07] - 입점마켓팅 네이버EP 2.0 생성(createNaverFile)
[2021-07-16 00:10:07] - 입점마켓팅 다음EP 생성(createDaumFile)
[2021-07-17 00:10:07] - 구글 피드 생성(createGoogleFile)
[2021-07-17 00:10:07] - 페이스북 피드 생성(createFacebookFile)
[2021-07-17 00:10:07] - 입점마켓팅 네이버 판매지수EP 생성(createNaverSalesEpFile)
[2021-07-17 00:10:07] - 입점마켓팅 리뷰EP 생성(createReviewFile)
[2021-07-17 00:10:07] - 입점마켓팅 네이버EP 3.0 생성(createNaverThirdFile)
[2021-07-17 00:10:07] - 입점마켓팅 네이버EP 2.0 생성(createNaverFile)
[2021-07-17 00:10:07] - 입점마켓팅 다음EP 생성(createDaumFile)
[2021-07-18 00:10:07] - 구글 피드 생성(createGoogleFile)
[2021-07-18 00:10:07] - 페이스북 피드 생성(createFacebookFile)
[2021-07-18 00:10:07] - 입점마켓팅 네이버 판매지수EP 생성(createNaverSalesEpFile)
[2021-07-18 00:10:07] - 입점마켓팅 리뷰EP 생성(createReviewFile)
[2021-07-18 00:10:07] - 입점마켓팅 네이버EP 3.0 생성(createNaverThirdFile)
[2021-07-18 00:10:07] - 입점마켓팅 네이버EP 2.0 생성(createNaverFile)
[2021-07-18 00:10:07] - 입점마켓팅 다음EP 생성(createDaumFile)
[2021-07-19 00:10:07] - 구글 피드 생성(createGoogleFile)
[2021-07-19 00:10:07] - 페이스북 피드 생성(createFacebookFile)
[2021-07-19 00:10:07] - 입점마켓팅 네이버 판매지수EP 생성(createNaverSalesEpFile)
[2021-07-19 00:10:07] - 입점마켓팅 리뷰EP 생성(createReviewFile)
[2021-07-19 00:10:07] - 입점마켓팅 네이버EP 3.0 생성(createNaverThirdFile)
[2021-07-19 00:10:07] - 입점마켓팅 네이버EP 2.0 생성(createNaverFile)
[2021-07-19 00:10:07] - 입점마켓팅 다음EP 생성(createDaumFile)
[2021-07-20 00:10:06] - 구글 피드 생성(createGoogleFile)
[2021-07-20 00:10:06] - 페이스북 피드 생성(createFacebookFile)
[2021-07-20 00:10:06] - 입점마켓팅 네이버 판매지수EP 생성(createNaverSalesEpFile)
[2021-07-20 00:10:06] - 입점마켓팅 리뷰EP 생성(createReviewFile)
[2021-07-20 00:10:06] - 입점마켓팅 네이버EP 3.0 생성(createNaverThirdFile)
[2021-07-20 00:10:06] - 입점마켓팅 네이버EP 2.0 생성(createNaverFile)
[2021-07-20 00:10:06] - 입점마켓팅 다음EP 생성(createDaumFile)
[2021-07-21 00:10:07] - 구글 피드 생성(createGoogleFile)
[2021-07-21 00:10:07] - 페이스북 피드 생성(createFacebookFile)
[2021-07-21 00:10:07] - 입점마켓팅 네이버 판매지수EP 생성(createNaverSalesEpFile)
[2021-07-21 00:10:07] - 입점마켓팅 리뷰EP 생성(createReviewFile)
[2021-07-21 00:10:07] - 입점마켓팅 네이버EP 3.0 생성(createNaverThirdFile)
[2021-07-21 00:10:07] - 입점마켓팅 네이버EP 2.0 생성(createNaverFile)
[2021-07-21 00:10:07] - 입점마켓팅 다음EP 생성(createDaumFile)
[2021-07-22 00:10:07] - 구글 피드 생성(createGoogleFile)
[2021-07-22 00:10:07] - 페이스북 피드 생성(createFacebookFile)
[2021-07-22 00:10:07] - 입점마켓팅 네이버 판매지수EP 생성(createNaverSalesEpFile)
[2021-07-22 00:10:07] - 입점마켓팅 리뷰EP 생성(createReviewFile)
[2021-07-22 00:10:07] - 입점마켓팅 네이버EP 3.0 생성(createNaverThirdFile)
[2021-07-22 00:10:07] - 입점마켓팅 네이버EP 2.0 생성(createNaverFile)
[2021-07-22 00:10:07] - 입점마켓팅 다음EP 생성(createDaumFile)
[2021-07-23 00:10:07] - 구글 피드 생성(createGoogleFile)
[2021-07-23 00:10:07] - 페이스북 피드 생성(createFacebookFile)
[2021-07-23 00:10:07] - 입점마켓팅 네이버 판매지수EP 생성(createNaverSalesEpFile)
[2021-07-23 00:10:07] - 입점마켓팅 리뷰EP 생성(createReviewFile)
[2021-07-23 00:10:07] - 입점마켓팅 네이버EP 3.0 생성(createNaverThirdFile)
[2021-07-23 00:10:07] - 입점마켓팅 네이버EP 2.0 생성(createNaverFile)
[2021-07-23 00:10:07] - 입점마켓팅 다음EP 생성(createDaumFile)
[2021-07-24 00:10:07] - 구글 피드 생성(createGoogleFile)
[2021-07-24 00:10:07] - 페이스북 피드 생성(createFacebookFile)
[2021-07-24 00:10:07] - 입점마켓팅 네이버 판매지수EP 생성(createNaverSalesEpFile)
[2021-07-24 00:10:07] - 입점마켓팅 리뷰EP 생성(createReviewFile)
[2021-07-24 00:10:07] - 입점마켓팅 네이버EP 3.0 생성(createNaverThirdFile)
[2021-07-24 00:10:07] - 입점마켓팅 네이버EP 2.0 생성(createNaverFile)
[2021-07-24 00:10:07] - 입점마켓팅 다음EP 생성(createDaumFile)
[2021-07-25 00:10:07] - 구글 피드 생성(createGoogleFile)
[2021-07-25 00:10:07] - 페이스북 피드 생성(createFacebookFile)
[2021-07-25 00:10:07] - 입점마켓팅 네이버 판매지수EP 생성(createNaverSalesEpFile)
[2021-07-25 00:10:07] - 입점마켓팅 리뷰EP 생성(createReviewFile)
[2021-07-25 00:10:07] - 입점마켓팅 네이버EP 3.0 생성(createNaverThirdFile)
[2021-07-25 00:10:07] - 입점마켓팅 네이버EP 2.0 생성(createNaverFile)
[2021-07-25 00:10:07] - 입점마켓팅 다음EP 생성(createDaumFile)
[2021-07-26 00:10:07] - 구글 피드 생성(createGoogleFile)
[2021-07-26 00:10:07] - 페이스북 피드 생성(createFacebookFile)
[2021-07-26 00:10:07] - 입점마켓팅 네이버 판매지수EP 생성(createNaverSalesEpFile)
[2021-07-26 00:10:07] - 입점마켓팅 리뷰EP 생성(createReviewFile)
[2021-07-26 00:10:07] - 입점마켓팅 네이버EP 3.0 생성(createNaverThirdFile)
[2021-07-26 00:10:07] - 입점마켓팅 네이버EP 2.0 생성(createNaverFile)
[2021-07-26 00:10:07] - 입점마켓팅 다음EP 생성(createDaumFile)
[2021-07-27 00:10:07] - 구글 피드 생성(createGoogleFile)
[2021-07-27 00:10:07] - 페이스북 피드 생성(createFacebookFile)
[2021-07-27 00:10:07] - 입점마켓팅 네이버 판매지수EP 생성(createNaverSalesEpFile)
[2021-07-27 00:10:07] - 입점마켓팅 리뷰EP 생성(createReviewFile)
[2021-07-27 00:10:07] - 입점마켓팅 네이버EP 3.0 생성(createNaverThirdFile)
[2021-07-27 00:10:07] - 입점마켓팅 네이버EP 2.0 생성(createNaverFile)
[2021-07-27 00:10:07] - 입점마켓팅 다음EP 생성(createDaumFile)
[2021-07-28 00:10:07] - 구글 피드 생성(createGoogleFile)
[2021-07-28 00:10:07] - 페이스북 피드 생성(createFacebookFile)
[2021-07-28 00:10:07] - 입점마켓팅 네이버 판매지수EP 생성(createNaverSalesEpFile)
[2021-07-28 00:10:07] - 입점마켓팅 리뷰EP 생성(createReviewFile)
[2021-07-28 00:10:07] - 입점마켓팅 네이버EP 3.0 생성(createNaverThirdFile)
[2021-07-28 00:10:07] - 입점마켓팅 네이버EP 2.0 생성(createNaverFile)
[2021-07-28 00:10:07] - 입점마켓팅 다음EP 생성(createDaumFile)
[2021-07-29 00:10:07] - 구글 피드 생성(createGoogleFile)
[2021-07-29 00:10:07] - 페이스북 피드 생성(createFacebookFile)
[2021-07-29 00:10:07] - 입점마켓팅 네이버 판매지수EP 생성(createNaverSalesEpFile)
[2021-07-29 00:10:07] - 입점마켓팅 리뷰EP 생성(createReviewFile)
[2021-07-29 00:10:07] - 입점마켓팅 네이버EP 3.0 생성(createNaverThirdFile)
[2021-07-29 00:10:07] - 입점마켓팅 네이버EP 2.0 생성(createNaverFile)
[2021-07-29 00:10:07] - 입점마켓팅 다음EP 생성(createDaumFile)
[2021-07-30 00:10:07] - 구글 피드 생성(createGoogleFile)
[2021-07-30 00:10:07] - 페이스북 피드 생성(createFacebookFile)
[2021-07-30 00:10:07] - 입점마켓팅 네이버 판매지수EP 생성(createNaverSalesEpFile)
[2021-07-30 00:10:07] - 입점마켓팅 리뷰EP 생성(createReviewFile)
[2021-07-30 00:10:07] - 입점마켓팅 네이버EP 3.0 생성(createNaverThirdFile)
[2021-07-30 00:10:07] - 입점마켓팅 네이버EP 2.0 생성(createNaverFile)
[2021-07-30 00:10:07] - 입점마켓팅 다음EP 생성(createDaumFile)
[2021-07-31 00:10:07] - 구글 피드 생성(createGoogleFile)
[2021-07-31 00:10:07] - 페이스북 피드 생성(createFacebookFile)
[2021-07-31 00:10:07] - 입점마켓팅 네이버 판매지수EP 생성(createNaverSalesEpFile)
[2021-07-31 00:10:07] - 입점마켓팅 리뷰EP 생성(createReviewFile)
[2021-07-31 00:10:07] - 입점마켓팅 네이버EP 3.0 생성(createNaverThirdFile)
[2021-07-31 00:10:07] - 입점마켓팅 네이버EP 2.0 생성(createNaverFile)
[2021-07-31 00:10:07] - 입점마켓팅 다음EP 생성(createDaumFile)
