[2021-04-01 01:00:25] - 카테고리 상품 정렬 맞춤(sort_category_goods) - Already Category Sort
[2021-04-01 01:00:25] - 브랜드 상품 정렬 맞춤(sort_brand_goods) - Already Brand Sort
[2021-04-01 01:00:25] - 지역 상품 정렬 맞춤(sort_location_goods) - Already Location Sort
[2021-04-01 01:00:25] - 지역 상품 정렬 맞춤(sort_location_goods)
[2021-04-01 01:00:25] - 브랜드 상품 정렬 맞춤(sort_brand_goods)
[2021-04-01 01:00:25] - 카테고리 상품 정렬 맞춤(sort_category_goods)
[2021-04-01 01:00:25] - 브랜드 연결 수 저장(all_brand_count)
[2021-04-01 01:00:25] - 카테고리 연결 수 저장(all_category_count)
[2021-04-01 01:00:25] - 빠른상품등록 임시 데이터 삭제(truncate_tmp_goods_data)
[2021-04-01 01:00:25] - 수불부 월별 집계(save_scm_ledger_month)
[2021-04-01 01:00:25] - 자동노출 종료상품 수동 전환(endOfAutoDisplay)
[2021-04-01 01:00:25] - 시간대별 이벤트가 추가(set_goods_event_price)
[2021-04-01 01:00:25] - 옵션 임시 데이터 삭제(delete_tmp_option_data)
[2021-04-01 01:00:25] - 티켓상품의 모든옵션의 유효기간이 만기시 판매중지(social_goods_validate)
[2021-04-02 01:00:24] - 카테고리 상품 정렬 맞춤(sort_category_goods) - Already Category Sort
[2021-04-02 01:00:24] - 브랜드 상품 정렬 맞춤(sort_brand_goods) - Already Brand Sort
[2021-04-02 01:00:24] - 지역 상품 정렬 맞춤(sort_location_goods) - Already Location Sort
[2021-04-02 01:00:24] - 지역 상품 정렬 맞춤(sort_location_goods)
[2021-04-02 01:00:24] - 브랜드 상품 정렬 맞춤(sort_brand_goods)
[2021-04-02 01:00:24] - 카테고리 상품 정렬 맞춤(sort_category_goods)
[2021-04-02 01:00:24] - 브랜드 연결 수 저장(all_brand_count)
[2021-04-02 01:00:24] - 카테고리 연결 수 저장(all_category_count)
[2021-04-02 01:00:24] - 빠른상품등록 임시 데이터 삭제(truncate_tmp_goods_data)
[2021-04-02 01:00:24] - 수불부 월별 집계(save_scm_ledger_month)
[2021-04-02 01:00:24] - 자동노출 종료상품 수동 전환(endOfAutoDisplay)
[2021-04-02 01:00:24] - 시간대별 이벤트가 추가(set_goods_event_price)
[2021-04-02 01:00:24] - 옵션 임시 데이터 삭제(delete_tmp_option_data)
[2021-04-02 01:00:24] - 티켓상품의 모든옵션의 유효기간이 만기시 판매중지(social_goods_validate)
[2021-04-03 01:00:25] - 카테고리 상품 정렬 맞춤(sort_category_goods) - Already Category Sort
[2021-04-03 01:00:25] - 브랜드 상품 정렬 맞춤(sort_brand_goods) - Already Brand Sort
[2021-04-03 01:00:25] - 지역 상품 정렬 맞춤(sort_location_goods) - Already Location Sort
[2021-04-03 01:00:25] - 지역 상품 정렬 맞춤(sort_location_goods)
[2021-04-03 01:00:25] - 브랜드 상품 정렬 맞춤(sort_brand_goods)
[2021-04-03 01:00:25] - 카테고리 상품 정렬 맞춤(sort_category_goods)
[2021-04-03 01:00:25] - 브랜드 연결 수 저장(all_brand_count)
[2021-04-03 01:00:25] - 카테고리 연결 수 저장(all_category_count)
[2021-04-03 01:00:25] - 빠른상품등록 임시 데이터 삭제(truncate_tmp_goods_data)
[2021-04-03 01:00:25] - 수불부 월별 집계(save_scm_ledger_month)
[2021-04-03 01:00:25] - 자동노출 종료상품 수동 전환(endOfAutoDisplay)
[2021-04-03 01:00:25] - 시간대별 이벤트가 추가(set_goods_event_price)
[2021-04-03 01:00:25] - 옵션 임시 데이터 삭제(delete_tmp_option_data)
[2021-04-03 01:00:25] - 티켓상품의 모든옵션의 유효기간이 만기시 판매중지(social_goods_validate)
[2021-04-04 01:00:26] - 카테고리 상품 정렬 맞춤(sort_category_goods) - Already Category Sort
[2021-04-04 01:00:26] - 브랜드 상품 정렬 맞춤(sort_brand_goods) - Already Brand Sort
[2021-04-04 01:00:26] - 지역 상품 정렬 맞춤(sort_location_goods) - Already Location Sort
[2021-04-04 01:00:26] - 지역 상품 정렬 맞춤(sort_location_goods)
[2021-04-04 01:00:26] - 브랜드 상품 정렬 맞춤(sort_brand_goods)
[2021-04-04 01:00:26] - 카테고리 상품 정렬 맞춤(sort_category_goods)
[2021-04-04 01:00:26] - 브랜드 연결 수 저장(all_brand_count)
[2021-04-04 01:00:26] - 카테고리 연결 수 저장(all_category_count)
[2021-04-04 01:00:26] - 빠른상품등록 임시 데이터 삭제(truncate_tmp_goods_data)
[2021-04-04 01:00:26] - 수불부 월별 집계(save_scm_ledger_month)
[2021-04-04 01:00:26] - 자동노출 종료상품 수동 전환(endOfAutoDisplay)
[2021-04-04 01:00:26] - 시간대별 이벤트가 추가(set_goods_event_price)
[2021-04-04 01:00:26] - 옵션 임시 데이터 삭제(delete_tmp_option_data)
[2021-04-04 01:00:26] - 티켓상품의 모든옵션의 유효기간이 만기시 판매중지(social_goods_validate)
[2021-04-05 01:00:23] - 카테고리 상품 정렬 맞춤(sort_category_goods) - Already Category Sort
[2021-04-05 01:00:23] - 브랜드 상품 정렬 맞춤(sort_brand_goods) - Already Brand Sort
[2021-04-05 01:00:23] - 지역 상품 정렬 맞춤(sort_location_goods) - Already Location Sort
[2021-04-05 01:00:23] - 지역 상품 정렬 맞춤(sort_location_goods)
[2021-04-05 01:00:23] - 브랜드 상품 정렬 맞춤(sort_brand_goods)
[2021-04-05 01:00:23] - 카테고리 상품 정렬 맞춤(sort_category_goods)
[2021-04-05 01:00:23] - 브랜드 연결 수 저장(all_brand_count)
[2021-04-05 01:00:23] - 카테고리 연결 수 저장(all_category_count)
[2021-04-05 01:00:23] - 빠른상품등록 임시 데이터 삭제(truncate_tmp_goods_data)
[2021-04-05 01:00:23] - 수불부 월별 집계(save_scm_ledger_month)
[2021-04-05 01:00:23] - 자동노출 종료상품 수동 전환(endOfAutoDisplay)
[2021-04-05 01:00:23] - 시간대별 이벤트가 추가(set_goods_event_price)
[2021-04-05 01:00:23] - 옵션 임시 데이터 삭제(delete_tmp_option_data)
[2021-04-05 01:00:23] - 티켓상품의 모든옵션의 유효기간이 만기시 판매중지(social_goods_validate)
[2021-04-06 01:00:22] - 카테고리 상품 정렬 맞춤(sort_category_goods) - Already Category Sort
[2021-04-06 01:00:22] - 브랜드 상품 정렬 맞춤(sort_brand_goods) - Already Brand Sort
[2021-04-06 01:00:22] - 지역 상품 정렬 맞춤(sort_location_goods) - Already Location Sort
[2021-04-06 01:00:22] - 지역 상품 정렬 맞춤(sort_location_goods)
[2021-04-06 01:00:22] - 브랜드 상품 정렬 맞춤(sort_brand_goods)
[2021-04-06 01:00:22] - 카테고리 상품 정렬 맞춤(sort_category_goods)
[2021-04-06 01:00:22] - 브랜드 연결 수 저장(all_brand_count)
[2021-04-06 01:00:22] - 카테고리 연결 수 저장(all_category_count)
[2021-04-06 01:00:22] - 빠른상품등록 임시 데이터 삭제(truncate_tmp_goods_data)
[2021-04-06 01:00:22] - 수불부 월별 집계(save_scm_ledger_month)
[2021-04-06 01:00:22] - 자동노출 종료상품 수동 전환(endOfAutoDisplay)
[2021-04-06 01:00:22] - 시간대별 이벤트가 추가(set_goods_event_price)
[2021-04-06 01:00:22] - 옵션 임시 데이터 삭제(delete_tmp_option_data)
[2021-04-06 01:00:22] - 티켓상품의 모든옵션의 유효기간이 만기시 판매중지(social_goods_validate)
[2021-04-07 01:00:25] - 카테고리 상품 정렬 맞춤(sort_category_goods) - Already Category Sort
[2021-04-07 01:00:25] - 브랜드 상품 정렬 맞춤(sort_brand_goods) - Already Brand Sort
[2021-04-07 01:00:25] - 지역 상품 정렬 맞춤(sort_location_goods) - Already Location Sort
[2021-04-07 01:00:25] - 지역 상품 정렬 맞춤(sort_location_goods)
[2021-04-07 01:00:25] - 브랜드 상품 정렬 맞춤(sort_brand_goods)
[2021-04-07 01:00:25] - 카테고리 상품 정렬 맞춤(sort_category_goods)
[2021-04-07 01:00:25] - 브랜드 연결 수 저장(all_brand_count)
[2021-04-07 01:00:25] - 카테고리 연결 수 저장(all_category_count)
[2021-04-07 01:00:25] - 빠른상품등록 임시 데이터 삭제(truncate_tmp_goods_data)
[2021-04-07 01:00:25] - 수불부 월별 집계(save_scm_ledger_month)
[2021-04-07 01:00:25] - 자동노출 종료상품 수동 전환(endOfAutoDisplay)
[2021-04-07 01:00:25] - 시간대별 이벤트가 추가(set_goods_event_price)
[2021-04-07 01:00:25] - 옵션 임시 데이터 삭제(delete_tmp_option_data)
[2021-04-07 01:00:25] - 티켓상품의 모든옵션의 유효기간이 만기시 판매중지(social_goods_validate)
[2021-04-08 01:00:25] - 카테고리 상품 정렬 맞춤(sort_category_goods) - Already Category Sort
[2021-04-08 01:00:25] - 브랜드 상품 정렬 맞춤(sort_brand_goods) - Already Brand Sort
[2021-04-08 01:00:25] - 지역 상품 정렬 맞춤(sort_location_goods) - Already Location Sort
[2021-04-08 01:00:25] - 지역 상품 정렬 맞춤(sort_location_goods)
[2021-04-08 01:00:25] - 브랜드 상품 정렬 맞춤(sort_brand_goods)
[2021-04-08 01:00:25] - 카테고리 상품 정렬 맞춤(sort_category_goods)
[2021-04-08 01:00:25] - 브랜드 연결 수 저장(all_brand_count)
[2021-04-08 01:00:25] - 카테고리 연결 수 저장(all_category_count)
[2021-04-08 01:00:25] - 빠른상품등록 임시 데이터 삭제(truncate_tmp_goods_data)
[2021-04-08 01:00:25] - 수불부 월별 집계(save_scm_ledger_month)
[2021-04-08 01:00:25] - 자동노출 종료상품 수동 전환(endOfAutoDisplay)
[2021-04-08 01:00:25] - 시간대별 이벤트가 추가(set_goods_event_price)
[2021-04-08 01:00:25] - 옵션 임시 데이터 삭제(delete_tmp_option_data)
[2021-04-08 01:00:25] - 티켓상품의 모든옵션의 유효기간이 만기시 판매중지(social_goods_validate)
[2021-04-09 01:00:23] - 카테고리 상품 정렬 맞춤(sort_category_goods) - Already Category Sort
[2021-04-09 01:00:23] - 브랜드 상품 정렬 맞춤(sort_brand_goods) - Already Brand Sort
[2021-04-09 01:00:23] - 지역 상품 정렬 맞춤(sort_location_goods) - Already Location Sort
[2021-04-09 01:00:23] - 지역 상품 정렬 맞춤(sort_location_goods)
[2021-04-09 01:00:23] - 브랜드 상품 정렬 맞춤(sort_brand_goods)
[2021-04-09 01:00:23] - 카테고리 상품 정렬 맞춤(sort_category_goods)
[2021-04-09 01:00:23] - 브랜드 연결 수 저장(all_brand_count)
[2021-04-09 01:00:23] - 카테고리 연결 수 저장(all_category_count)
[2021-04-09 01:00:23] - 빠른상품등록 임시 데이터 삭제(truncate_tmp_goods_data)
[2021-04-09 01:00:23] - 수불부 월별 집계(save_scm_ledger_month)
[2021-04-09 01:00:23] - 자동노출 종료상품 수동 전환(endOfAutoDisplay)
[2021-04-09 01:00:23] - 시간대별 이벤트가 추가(set_goods_event_price)
[2021-04-09 01:00:23] - 옵션 임시 데이터 삭제(delete_tmp_option_data)
[2021-04-09 01:00:23] - 티켓상품의 모든옵션의 유효기간이 만기시 판매중지(social_goods_validate)
[2021-04-10 01:00:24] - 카테고리 상품 정렬 맞춤(sort_category_goods) - Already Category Sort
[2021-04-10 01:00:24] - 브랜드 상품 정렬 맞춤(sort_brand_goods) - Already Brand Sort
[2021-04-10 01:00:24] - 지역 상품 정렬 맞춤(sort_location_goods) - Already Location Sort
[2021-04-10 01:00:24] - 지역 상품 정렬 맞춤(sort_location_goods)
[2021-04-10 01:00:24] - 브랜드 상품 정렬 맞춤(sort_brand_goods)
[2021-04-10 01:00:24] - 카테고리 상품 정렬 맞춤(sort_category_goods)
[2021-04-10 01:00:24] - 브랜드 연결 수 저장(all_brand_count)
[2021-04-10 01:00:24] - 카테고리 연결 수 저장(all_category_count)
[2021-04-10 01:00:24] - 빠른상품등록 임시 데이터 삭제(truncate_tmp_goods_data)
[2021-04-10 01:00:24] - 수불부 월별 집계(save_scm_ledger_month)
[2021-04-10 01:00:24] - 자동노출 종료상품 수동 전환(endOfAutoDisplay)
[2021-04-10 01:00:24] - 시간대별 이벤트가 추가(set_goods_event_price)
[2021-04-10 01:00:24] - 옵션 임시 데이터 삭제(delete_tmp_option_data)
[2021-04-10 01:00:24] - 티켓상품의 모든옵션의 유효기간이 만기시 판매중지(social_goods_validate)
[2021-04-11 01:00:22] - 카테고리 상품 정렬 맞춤(sort_category_goods) - Already Category Sort
[2021-04-11 01:00:22] - 브랜드 상품 정렬 맞춤(sort_brand_goods) - Already Brand Sort
[2021-04-11 01:00:22] - 지역 상품 정렬 맞춤(sort_location_goods) - Already Location Sort
[2021-04-11 01:00:22] - 지역 상품 정렬 맞춤(sort_location_goods)
[2021-04-11 01:00:22] - 브랜드 상품 정렬 맞춤(sort_brand_goods)
[2021-04-11 01:00:22] - 카테고리 상품 정렬 맞춤(sort_category_goods)
[2021-04-11 01:00:22] - 브랜드 연결 수 저장(all_brand_count)
[2021-04-11 01:00:22] - 카테고리 연결 수 저장(all_category_count)
[2021-04-11 01:00:22] - 빠른상품등록 임시 데이터 삭제(truncate_tmp_goods_data)
[2021-04-11 01:00:22] - 수불부 월별 집계(save_scm_ledger_month)
[2021-04-11 01:00:22] - 자동노출 종료상품 수동 전환(endOfAutoDisplay)
[2021-04-11 01:00:22] - 시간대별 이벤트가 추가(set_goods_event_price)
[2021-04-11 01:00:22] - 옵션 임시 데이터 삭제(delete_tmp_option_data)
[2021-04-11 01:00:22] - 티켓상품의 모든옵션의 유효기간이 만기시 판매중지(social_goods_validate)
[2021-04-12 01:00:25] - 카테고리 상품 정렬 맞춤(sort_category_goods) - Already Category Sort
[2021-04-12 01:00:25] - 브랜드 상품 정렬 맞춤(sort_brand_goods) - Already Brand Sort
[2021-04-12 01:00:25] - 지역 상품 정렬 맞춤(sort_location_goods) - Already Location Sort
[2021-04-12 01:00:25] - 지역 상품 정렬 맞춤(sort_location_goods)
[2021-04-12 01:00:25] - 브랜드 상품 정렬 맞춤(sort_brand_goods)
[2021-04-12 01:00:25] - 카테고리 상품 정렬 맞춤(sort_category_goods)
[2021-04-12 01:00:25] - 브랜드 연결 수 저장(all_brand_count)
[2021-04-12 01:00:25] - 카테고리 연결 수 저장(all_category_count)
[2021-04-12 01:00:25] - 빠른상품등록 임시 데이터 삭제(truncate_tmp_goods_data)
[2021-04-12 01:00:25] - 수불부 월별 집계(save_scm_ledger_month)
[2021-04-12 01:00:25] - 자동노출 종료상품 수동 전환(endOfAutoDisplay)
[2021-04-12 01:00:25] - 시간대별 이벤트가 추가(set_goods_event_price)
[2021-04-12 01:00:25] - 옵션 임시 데이터 삭제(delete_tmp_option_data)
[2021-04-12 01:00:25] - 티켓상품의 모든옵션의 유효기간이 만기시 판매중지(social_goods_validate)
[2021-04-13 01:00:23] - 카테고리 상품 정렬 맞춤(sort_category_goods) - Already Category Sort
[2021-04-13 01:00:23] - 브랜드 상품 정렬 맞춤(sort_brand_goods) - Already Brand Sort
[2021-04-13 01:00:23] - 지역 상품 정렬 맞춤(sort_location_goods) - Already Location Sort
[2021-04-13 01:00:23] - 지역 상품 정렬 맞춤(sort_location_goods)
[2021-04-13 01:00:23] - 브랜드 상품 정렬 맞춤(sort_brand_goods)
[2021-04-13 01:00:23] - 카테고리 상품 정렬 맞춤(sort_category_goods)
[2021-04-13 01:00:23] - 브랜드 연결 수 저장(all_brand_count)
[2021-04-13 01:00:23] - 카테고리 연결 수 저장(all_category_count)
[2021-04-13 01:00:23] - 빠른상품등록 임시 데이터 삭제(truncate_tmp_goods_data)
[2021-04-13 01:00:23] - 수불부 월별 집계(save_scm_ledger_month)
[2021-04-13 01:00:23] - 자동노출 종료상품 수동 전환(endOfAutoDisplay)
[2021-04-13 01:00:23] - 시간대별 이벤트가 추가(set_goods_event_price)
[2021-04-13 01:00:23] - 옵션 임시 데이터 삭제(delete_tmp_option_data)
[2021-04-13 01:00:23] - 티켓상품의 모든옵션의 유효기간이 만기시 판매중지(social_goods_validate)
[2021-04-14 01:00:26] - 카테고리 상품 정렬 맞춤(sort_category_goods) - Already Category Sort
[2021-04-14 01:00:26] - 브랜드 상품 정렬 맞춤(sort_brand_goods) - Already Brand Sort
[2021-04-14 01:00:26] - 지역 상품 정렬 맞춤(sort_location_goods) - Already Location Sort
[2021-04-14 01:00:26] - 지역 상품 정렬 맞춤(sort_location_goods)
[2021-04-14 01:00:26] - 브랜드 상품 정렬 맞춤(sort_brand_goods)
[2021-04-14 01:00:26] - 카테고리 상품 정렬 맞춤(sort_category_goods)
[2021-04-14 01:00:26] - 브랜드 연결 수 저장(all_brand_count)
[2021-04-14 01:00:26] - 카테고리 연결 수 저장(all_category_count)
[2021-04-14 01:00:26] - 빠른상품등록 임시 데이터 삭제(truncate_tmp_goods_data)
[2021-04-14 01:00:26] - 수불부 월별 집계(save_scm_ledger_month)
[2021-04-14 01:00:26] - 자동노출 종료상품 수동 전환(endOfAutoDisplay)
[2021-04-14 01:00:26] - 시간대별 이벤트가 추가(set_goods_event_price)
[2021-04-14 01:00:26] - 옵션 임시 데이터 삭제(delete_tmp_option_data)
[2021-04-14 01:00:26] - 티켓상품의 모든옵션의 유효기간이 만기시 판매중지(social_goods_validate)
[2021-04-15 01:00:27] - 카테고리 상품 정렬 맞춤(sort_category_goods) - Already Category Sort
[2021-04-15 01:00:27] - 브랜드 상품 정렬 맞춤(sort_brand_goods) - Already Brand Sort
[2021-04-15 01:00:27] - 지역 상품 정렬 맞춤(sort_location_goods) - Already Location Sort
[2021-04-15 01:00:27] - 지역 상품 정렬 맞춤(sort_location_goods)
[2021-04-15 01:00:27] - 브랜드 상품 정렬 맞춤(sort_brand_goods)
[2021-04-15 01:00:27] - 카테고리 상품 정렬 맞춤(sort_category_goods)
[2021-04-15 01:00:27] - 브랜드 연결 수 저장(all_brand_count)
[2021-04-15 01:00:27] - 카테고리 연결 수 저장(all_category_count)
[2021-04-15 01:00:27] - 빠른상품등록 임시 데이터 삭제(truncate_tmp_goods_data)
[2021-04-15 01:00:27] - 수불부 월별 집계(save_scm_ledger_month)
[2021-04-15 01:00:27] - 자동노출 종료상품 수동 전환(endOfAutoDisplay)
[2021-04-15 01:00:27] - 시간대별 이벤트가 추가(set_goods_event_price)
[2021-04-15 01:00:27] - 옵션 임시 데이터 삭제(delete_tmp_option_data)
[2021-04-15 01:00:27] - 티켓상품의 모든옵션의 유효기간이 만기시 판매중지(social_goods_validate)
[2021-04-16 01:00:25] - 카테고리 상품 정렬 맞춤(sort_category_goods) - Already Category Sort
[2021-04-16 01:00:25] - 브랜드 상품 정렬 맞춤(sort_brand_goods) - Already Brand Sort
[2021-04-16 01:00:25] - 지역 상품 정렬 맞춤(sort_location_goods) - Already Location Sort
[2021-04-16 01:00:25] - 지역 상품 정렬 맞춤(sort_location_goods)
[2021-04-16 01:00:25] - 브랜드 상품 정렬 맞춤(sort_brand_goods)
[2021-04-16 01:00:25] - 카테고리 상품 정렬 맞춤(sort_category_goods)
[2021-04-16 01:00:25] - 브랜드 연결 수 저장(all_brand_count)
[2021-04-16 01:00:25] - 카테고리 연결 수 저장(all_category_count)
[2021-04-16 01:00:25] - 빠른상품등록 임시 데이터 삭제(truncate_tmp_goods_data)
[2021-04-16 01:00:25] - 수불부 월별 집계(save_scm_ledger_month)
[2021-04-16 01:00:25] - 자동노출 종료상품 수동 전환(endOfAutoDisplay)
[2021-04-16 01:00:25] - 시간대별 이벤트가 추가(set_goods_event_price)
[2021-04-16 01:00:25] - 옵션 임시 데이터 삭제(delete_tmp_option_data)
[2021-04-16 01:00:25] - 티켓상품의 모든옵션의 유효기간이 만기시 판매중지(social_goods_validate)
[2021-04-17 01:00:28] - 카테고리 상품 정렬 맞춤(sort_category_goods) - Already Category Sort
[2021-04-17 01:00:28] - 브랜드 상품 정렬 맞춤(sort_brand_goods) - Already Brand Sort
[2021-04-17 01:00:28] - 지역 상품 정렬 맞춤(sort_location_goods) - Already Location Sort
[2021-04-17 01:00:28] - 지역 상품 정렬 맞춤(sort_location_goods)
[2021-04-17 01:00:28] - 브랜드 상품 정렬 맞춤(sort_brand_goods)
[2021-04-17 01:00:28] - 카테고리 상품 정렬 맞춤(sort_category_goods)
[2021-04-17 01:00:28] - 브랜드 연결 수 저장(all_brand_count)
[2021-04-17 01:00:28] - 카테고리 연결 수 저장(all_category_count)
[2021-04-17 01:00:28] - 빠른상품등록 임시 데이터 삭제(truncate_tmp_goods_data)
[2021-04-17 01:00:28] - 수불부 월별 집계(save_scm_ledger_month)
[2021-04-17 01:00:28] - 자동노출 종료상품 수동 전환(endOfAutoDisplay)
[2021-04-17 01:00:28] - 시간대별 이벤트가 추가(set_goods_event_price)
[2021-04-17 01:00:28] - 옵션 임시 데이터 삭제(delete_tmp_option_data)
[2021-04-17 01:00:28] - 티켓상품의 모든옵션의 유효기간이 만기시 판매중지(social_goods_validate)
[2021-04-18 01:00:27] - 카테고리 상품 정렬 맞춤(sort_category_goods) - Already Category Sort
[2021-04-18 01:00:27] - 브랜드 상품 정렬 맞춤(sort_brand_goods) - Already Brand Sort
[2021-04-18 01:00:27] - 지역 상품 정렬 맞춤(sort_location_goods) - Already Location Sort
[2021-04-18 01:00:27] - 지역 상품 정렬 맞춤(sort_location_goods)
[2021-04-18 01:00:27] - 브랜드 상품 정렬 맞춤(sort_brand_goods)
[2021-04-18 01:00:27] - 카테고리 상품 정렬 맞춤(sort_category_goods)
[2021-04-18 01:00:27] - 브랜드 연결 수 저장(all_brand_count)
[2021-04-18 01:00:27] - 카테고리 연결 수 저장(all_category_count)
[2021-04-18 01:00:27] - 빠른상품등록 임시 데이터 삭제(truncate_tmp_goods_data)
[2021-04-18 01:00:27] - 수불부 월별 집계(save_scm_ledger_month)
[2021-04-18 01:00:27] - 자동노출 종료상품 수동 전환(endOfAutoDisplay)
[2021-04-18 01:00:27] - 시간대별 이벤트가 추가(set_goods_event_price)
[2021-04-18 01:00:27] - 옵션 임시 데이터 삭제(delete_tmp_option_data)
[2021-04-18 01:00:27] - 티켓상품의 모든옵션의 유효기간이 만기시 판매중지(social_goods_validate)
[2021-04-19 01:00:25] - 카테고리 상품 정렬 맞춤(sort_category_goods) - Already Category Sort
[2021-04-19 01:00:25] - 브랜드 상품 정렬 맞춤(sort_brand_goods) - Already Brand Sort
[2021-04-19 01:00:25] - 지역 상품 정렬 맞춤(sort_location_goods) - Already Location Sort
[2021-04-19 01:00:25] - 지역 상품 정렬 맞춤(sort_location_goods)
[2021-04-19 01:00:25] - 브랜드 상품 정렬 맞춤(sort_brand_goods)
[2021-04-19 01:00:25] - 카테고리 상품 정렬 맞춤(sort_category_goods)
[2021-04-19 01:00:25] - 브랜드 연결 수 저장(all_brand_count)
[2021-04-19 01:00:25] - 카테고리 연결 수 저장(all_category_count)
[2021-04-19 01:00:25] - 빠른상품등록 임시 데이터 삭제(truncate_tmp_goods_data)
[2021-04-19 01:00:25] - 수불부 월별 집계(save_scm_ledger_month)
[2021-04-19 01:00:25] - 자동노출 종료상품 수동 전환(endOfAutoDisplay)
[2021-04-19 01:00:25] - 시간대별 이벤트가 추가(set_goods_event_price)
[2021-04-19 01:00:25] - 옵션 임시 데이터 삭제(delete_tmp_option_data)
[2021-04-19 01:00:25] - 티켓상품의 모든옵션의 유효기간이 만기시 판매중지(social_goods_validate)
[2021-04-20 01:00:26] - 카테고리 상품 정렬 맞춤(sort_category_goods) - Already Category Sort
[2021-04-20 01:00:26] - 브랜드 상품 정렬 맞춤(sort_brand_goods) - Already Brand Sort
[2021-04-20 01:00:26] - 지역 상품 정렬 맞춤(sort_location_goods) - Already Location Sort
[2021-04-20 01:00:26] - 지역 상품 정렬 맞춤(sort_location_goods)
[2021-04-20 01:00:26] - 브랜드 상품 정렬 맞춤(sort_brand_goods)
[2021-04-20 01:00:26] - 카테고리 상품 정렬 맞춤(sort_category_goods)
[2021-04-20 01:00:26] - 브랜드 연결 수 저장(all_brand_count)
[2021-04-20 01:00:26] - 카테고리 연결 수 저장(all_category_count)
[2021-04-20 01:00:26] - 빠른상품등록 임시 데이터 삭제(truncate_tmp_goods_data)
[2021-04-20 01:00:26] - 수불부 월별 집계(save_scm_ledger_month)
[2021-04-20 01:00:26] - 자동노출 종료상품 수동 전환(endOfAutoDisplay)
[2021-04-20 01:00:26] - 시간대별 이벤트가 추가(set_goods_event_price)
[2021-04-20 01:00:26] - 옵션 임시 데이터 삭제(delete_tmp_option_data)
[2021-04-20 01:00:26] - 티켓상품의 모든옵션의 유효기간이 만기시 판매중지(social_goods_validate)
[2021-04-21 01:00:29] - 카테고리 상품 정렬 맞춤(sort_category_goods) - Already Category Sort
[2021-04-21 01:00:29] - 브랜드 상품 정렬 맞춤(sort_brand_goods) - Already Brand Sort
[2021-04-21 01:00:29] - 지역 상품 정렬 맞춤(sort_location_goods) - Already Location Sort
[2021-04-21 01:00:29] - 지역 상품 정렬 맞춤(sort_location_goods)
[2021-04-21 01:00:29] - 브랜드 상품 정렬 맞춤(sort_brand_goods)
[2021-04-21 01:00:29] - 카테고리 상품 정렬 맞춤(sort_category_goods)
[2021-04-21 01:00:29] - 브랜드 연결 수 저장(all_brand_count)
[2021-04-21 01:00:29] - 카테고리 연결 수 저장(all_category_count)
[2021-04-21 01:00:29] - 빠른상품등록 임시 데이터 삭제(truncate_tmp_goods_data)
[2021-04-21 01:00:29] - 수불부 월별 집계(save_scm_ledger_month)
[2021-04-21 01:00:29] - 자동노출 종료상품 수동 전환(endOfAutoDisplay)
[2021-04-21 01:00:29] - 시간대별 이벤트가 추가(set_goods_event_price)
[2021-04-21 01:00:29] - 옵션 임시 데이터 삭제(delete_tmp_option_data)
[2021-04-21 01:00:29] - 티켓상품의 모든옵션의 유효기간이 만기시 판매중지(social_goods_validate)
[2021-04-22 01:00:30] - 카테고리 상품 정렬 맞춤(sort_category_goods) - Already Category Sort
[2021-04-22 01:00:30] - 브랜드 상품 정렬 맞춤(sort_brand_goods) - Already Brand Sort
[2021-04-22 01:00:30] - 지역 상품 정렬 맞춤(sort_location_goods) - Already Location Sort
[2021-04-22 01:00:30] - 지역 상품 정렬 맞춤(sort_location_goods)
[2021-04-22 01:00:30] - 브랜드 상품 정렬 맞춤(sort_brand_goods)
[2021-04-22 01:00:30] - 카테고리 상품 정렬 맞춤(sort_category_goods)
[2021-04-22 01:00:30] - 브랜드 연결 수 저장(all_brand_count)
[2021-04-22 01:00:30] - 카테고리 연결 수 저장(all_category_count)
[2021-04-22 01:00:30] - 빠른상품등록 임시 데이터 삭제(truncate_tmp_goods_data)
[2021-04-22 01:00:30] - 수불부 월별 집계(save_scm_ledger_month)
[2021-04-22 01:00:30] - 자동노출 종료상품 수동 전환(endOfAutoDisplay)
[2021-04-22 01:00:30] - 시간대별 이벤트가 추가(set_goods_event_price)
[2021-04-22 01:00:30] - 옵션 임시 데이터 삭제(delete_tmp_option_data)
[2021-04-22 01:00:30] - 티켓상품의 모든옵션의 유효기간이 만기시 판매중지(social_goods_validate)
[2021-04-23 01:00:31] - 카테고리 상품 정렬 맞춤(sort_category_goods) - Already Category Sort
[2021-04-23 01:00:31] - 브랜드 상품 정렬 맞춤(sort_brand_goods) - Already Brand Sort
[2021-04-23 01:00:31] - 지역 상품 정렬 맞춤(sort_location_goods) - Already Location Sort
[2021-04-23 01:00:31] - 지역 상품 정렬 맞춤(sort_location_goods)
[2021-04-23 01:00:31] - 브랜드 상품 정렬 맞춤(sort_brand_goods)
[2021-04-23 01:00:31] - 카테고리 상품 정렬 맞춤(sort_category_goods)
[2021-04-23 01:00:31] - 브랜드 연결 수 저장(all_brand_count)
[2021-04-23 01:00:31] - 카테고리 연결 수 저장(all_category_count)
[2021-04-23 01:00:31] - 빠른상품등록 임시 데이터 삭제(truncate_tmp_goods_data)
[2021-04-23 01:00:31] - 수불부 월별 집계(save_scm_ledger_month)
[2021-04-23 01:00:31] - 자동노출 종료상품 수동 전환(endOfAutoDisplay)
[2021-04-23 01:00:31] - 시간대별 이벤트가 추가(set_goods_event_price)
[2021-04-23 01:00:31] - 옵션 임시 데이터 삭제(delete_tmp_option_data)
[2021-04-23 01:00:31] - 티켓상품의 모든옵션의 유효기간이 만기시 판매중지(social_goods_validate)
[2021-04-24 01:00:26] - 카테고리 상품 정렬 맞춤(sort_category_goods) - Already Category Sort
[2021-04-24 01:00:26] - 브랜드 상품 정렬 맞춤(sort_brand_goods) - Already Brand Sort
[2021-04-24 01:00:26] - 지역 상품 정렬 맞춤(sort_location_goods) - Already Location Sort
[2021-04-24 01:00:26] - 지역 상품 정렬 맞춤(sort_location_goods)
[2021-04-24 01:00:26] - 브랜드 상품 정렬 맞춤(sort_brand_goods)
[2021-04-24 01:00:26] - 카테고리 상품 정렬 맞춤(sort_category_goods)
[2021-04-24 01:00:26] - 브랜드 연결 수 저장(all_brand_count)
[2021-04-24 01:00:26] - 카테고리 연결 수 저장(all_category_count)
[2021-04-24 01:00:26] - 빠른상품등록 임시 데이터 삭제(truncate_tmp_goods_data)
[2021-04-24 01:00:26] - 수불부 월별 집계(save_scm_ledger_month)
[2021-04-24 01:00:26] - 자동노출 종료상품 수동 전환(endOfAutoDisplay)
[2021-04-24 01:00:26] - 시간대별 이벤트가 추가(set_goods_event_price)
[2021-04-24 01:00:26] - 옵션 임시 데이터 삭제(delete_tmp_option_data)
[2021-04-24 01:00:26] - 티켓상품의 모든옵션의 유효기간이 만기시 판매중지(social_goods_validate)
[2021-04-25 01:00:26] - 카테고리 상품 정렬 맞춤(sort_category_goods) - Already Category Sort
[2021-04-25 01:00:26] - 브랜드 상품 정렬 맞춤(sort_brand_goods) - Already Brand Sort
[2021-04-25 01:00:26] - 지역 상품 정렬 맞춤(sort_location_goods) - Already Location Sort
[2021-04-25 01:00:26] - 지역 상품 정렬 맞춤(sort_location_goods)
[2021-04-25 01:00:26] - 브랜드 상품 정렬 맞춤(sort_brand_goods)
[2021-04-25 01:00:26] - 카테고리 상품 정렬 맞춤(sort_category_goods)
[2021-04-25 01:00:26] - 브랜드 연결 수 저장(all_brand_count)
[2021-04-25 01:00:26] - 카테고리 연결 수 저장(all_category_count)
[2021-04-25 01:00:26] - 빠른상품등록 임시 데이터 삭제(truncate_tmp_goods_data)
[2021-04-25 01:00:26] - 수불부 월별 집계(save_scm_ledger_month)
[2021-04-25 01:00:26] - 자동노출 종료상품 수동 전환(endOfAutoDisplay)
[2021-04-25 01:00:26] - 시간대별 이벤트가 추가(set_goods_event_price)
[2021-04-25 01:00:26] - 옵션 임시 데이터 삭제(delete_tmp_option_data)
[2021-04-25 01:00:26] - 티켓상품의 모든옵션의 유효기간이 만기시 판매중지(social_goods_validate)
[2021-04-26 01:00:26] - 카테고리 상품 정렬 맞춤(sort_category_goods) - Already Category Sort
[2021-04-26 01:00:26] - 브랜드 상품 정렬 맞춤(sort_brand_goods) - Already Brand Sort
[2021-04-26 01:00:26] - 지역 상품 정렬 맞춤(sort_location_goods) - Already Location Sort
[2021-04-26 01:00:26] - 지역 상품 정렬 맞춤(sort_location_goods)
[2021-04-26 01:00:26] - 브랜드 상품 정렬 맞춤(sort_brand_goods)
[2021-04-26 01:00:26] - 카테고리 상품 정렬 맞춤(sort_category_goods)
[2021-04-26 01:00:26] - 브랜드 연결 수 저장(all_brand_count)
[2021-04-26 01:00:26] - 카테고리 연결 수 저장(all_category_count)
[2021-04-26 01:00:26] - 빠른상품등록 임시 데이터 삭제(truncate_tmp_goods_data)
[2021-04-26 01:00:26] - 수불부 월별 집계(save_scm_ledger_month)
[2021-04-26 01:00:26] - 자동노출 종료상품 수동 전환(endOfAutoDisplay)
[2021-04-26 01:00:26] - 시간대별 이벤트가 추가(set_goods_event_price)
[2021-04-26 01:00:26] - 옵션 임시 데이터 삭제(delete_tmp_option_data)
[2021-04-26 01:00:26] - 티켓상품의 모든옵션의 유효기간이 만기시 판매중지(social_goods_validate)
[2021-04-27 01:00:26] - 카테고리 상품 정렬 맞춤(sort_category_goods) - Already Category Sort
[2021-04-27 01:00:26] - 브랜드 상품 정렬 맞춤(sort_brand_goods) - Already Brand Sort
[2021-04-27 01:00:26] - 지역 상품 정렬 맞춤(sort_location_goods) - Already Location Sort
[2021-04-27 01:00:26] - 지역 상품 정렬 맞춤(sort_location_goods)
[2021-04-27 01:00:26] - 브랜드 상품 정렬 맞춤(sort_brand_goods)
[2021-04-27 01:00:26] - 카테고리 상품 정렬 맞춤(sort_category_goods)
[2021-04-27 01:00:26] - 브랜드 연결 수 저장(all_brand_count)
[2021-04-27 01:00:26] - 카테고리 연결 수 저장(all_category_count)
[2021-04-27 01:00:26] - 빠른상품등록 임시 데이터 삭제(truncate_tmp_goods_data)
[2021-04-27 01:00:26] - 수불부 월별 집계(save_scm_ledger_month)
[2021-04-27 01:00:26] - 자동노출 종료상품 수동 전환(endOfAutoDisplay)
[2021-04-27 01:00:26] - 시간대별 이벤트가 추가(set_goods_event_price)
[2021-04-27 01:00:26] - 옵션 임시 데이터 삭제(delete_tmp_option_data)
[2021-04-27 01:00:26] - 티켓상품의 모든옵션의 유효기간이 만기시 판매중지(social_goods_validate)
[2021-04-28 01:00:27] - 카테고리 상품 정렬 맞춤(sort_category_goods) - Already Category Sort
[2021-04-28 01:00:27] - 브랜드 상품 정렬 맞춤(sort_brand_goods) - Already Brand Sort
[2021-04-28 01:00:27] - 지역 상품 정렬 맞춤(sort_location_goods) - Already Location Sort
[2021-04-28 01:00:27] - 지역 상품 정렬 맞춤(sort_location_goods)
[2021-04-28 01:00:27] - 브랜드 상품 정렬 맞춤(sort_brand_goods)
[2021-04-28 01:00:27] - 카테고리 상품 정렬 맞춤(sort_category_goods)
[2021-04-28 01:00:27] - 브랜드 연결 수 저장(all_brand_count)
[2021-04-28 01:00:27] - 카테고리 연결 수 저장(all_category_count)
[2021-04-28 01:00:27] - 빠른상품등록 임시 데이터 삭제(truncate_tmp_goods_data)
[2021-04-28 01:00:27] - 수불부 월별 집계(save_scm_ledger_month)
[2021-04-28 01:00:27] - 자동노출 종료상품 수동 전환(endOfAutoDisplay)
[2021-04-28 01:00:27] - 시간대별 이벤트가 추가(set_goods_event_price)
[2021-04-28 01:00:27] - 옵션 임시 데이터 삭제(delete_tmp_option_data)
[2021-04-28 01:00:27] - 티켓상품의 모든옵션의 유효기간이 만기시 판매중지(social_goods_validate)
[2021-04-29 01:00:27] - 카테고리 상품 정렬 맞춤(sort_category_goods) - Already Category Sort
[2021-04-29 01:00:27] - 브랜드 상품 정렬 맞춤(sort_brand_goods) - Already Brand Sort
[2021-04-29 01:00:27] - 지역 상품 정렬 맞춤(sort_location_goods) - Already Location Sort
[2021-04-29 01:00:27] - 지역 상품 정렬 맞춤(sort_location_goods)
[2021-04-29 01:00:27] - 브랜드 상품 정렬 맞춤(sort_brand_goods)
[2021-04-29 01:00:27] - 카테고리 상품 정렬 맞춤(sort_category_goods)
[2021-04-29 01:00:27] - 브랜드 연결 수 저장(all_brand_count)
[2021-04-29 01:00:27] - 카테고리 연결 수 저장(all_category_count)
[2021-04-29 01:00:27] - 빠른상품등록 임시 데이터 삭제(truncate_tmp_goods_data)
[2021-04-29 01:00:27] - 수불부 월별 집계(save_scm_ledger_month)
[2021-04-29 01:00:27] - 자동노출 종료상품 수동 전환(endOfAutoDisplay)
[2021-04-29 01:00:27] - 시간대별 이벤트가 추가(set_goods_event_price)
[2021-04-29 01:00:27] - 옵션 임시 데이터 삭제(delete_tmp_option_data)
[2021-04-29 01:00:27] - 티켓상품의 모든옵션의 유효기간이 만기시 판매중지(social_goods_validate)
[2021-04-30 01:00:27] - 카테고리 상품 정렬 맞춤(sort_category_goods) - Already Category Sort
[2021-04-30 01:00:27] - 브랜드 상품 정렬 맞춤(sort_brand_goods) - Already Brand Sort
[2021-04-30 01:00:27] - 지역 상품 정렬 맞춤(sort_location_goods) - Already Location Sort
[2021-04-30 01:00:27] - 지역 상품 정렬 맞춤(sort_location_goods)
[2021-04-30 01:00:27] - 브랜드 상품 정렬 맞춤(sort_brand_goods)
[2021-04-30 01:00:27] - 카테고리 상품 정렬 맞춤(sort_category_goods)
[2021-04-30 01:00:27] - 브랜드 연결 수 저장(all_brand_count)
[2021-04-30 01:00:27] - 카테고리 연결 수 저장(all_category_count)
[2021-04-30 01:00:27] - 빠른상품등록 임시 데이터 삭제(truncate_tmp_goods_data)
[2021-04-30 01:00:27] - 수불부 월별 집계(save_scm_ledger_month)
[2021-04-30 01:00:27] - 자동노출 종료상품 수동 전환(endOfAutoDisplay)
[2021-04-30 01:00:27] - 시간대별 이벤트가 추가(set_goods_event_price)
[2021-04-30 01:00:27] - 옵션 임시 데이터 삭제(delete_tmp_option_data)
[2021-04-30 01:00:27] - 티켓상품의 모든옵션의 유효기간이 만기시 판매중지(social_goods_validate)
