[2021-08-01 01:00:28] - 티켓 상품 자동 배송 완료(batch_social_goods_confirm) - batch_social_goods_confirm  no data
[2021-08-01 01:00:28] - 미입금 통보 확인(deposit_request)
[2021-08-01 01:00:28] - 굿스플로 배송정보(receiveTrackingResults) - OK
[2021-08-01 01:00:28] - 티켓 상품 자동 배송 완료(batch_social_goods_confirm)
[2021-08-01 01:00:28] - 자동 구매 확정(batch_buy_confirm)
[2021-08-01 01:00:28] - 자동 주문 취소(order_cancel)
[2021-08-02 01:00:26] - 티켓 상품 자동 배송 완료(batch_social_goods_confirm) - batch_social_goods_confirm  no data
[2021-08-02 01:00:26] - 미입금 통보 확인(deposit_request)
[2021-08-02 01:00:26] - 굿스플로 배송정보(receiveTrackingResults) - OK
[2021-08-02 01:00:26] - 티켓 상품 자동 배송 완료(batch_social_goods_confirm)
[2021-08-02 01:00:26] - 자동 구매 확정(batch_buy_confirm)
[2021-08-02 01:00:26] - 자동 주문 취소(order_cancel)
[2021-08-03 01:00:28] - 티켓 상품 자동 배송 완료(batch_social_goods_confirm) - batch_social_goods_confirm  no data
[2021-08-03 01:00:28] - 미입금 통보 확인(deposit_request)
[2021-08-03 01:00:28] - 굿스플로 배송정보(receiveTrackingResults) - OK
[2021-08-03 01:00:28] - 티켓 상품 자동 배송 완료(batch_social_goods_confirm)
[2021-08-03 01:00:28] - 자동 구매 확정(batch_buy_confirm)
[2021-08-03 01:00:28] - 자동 주문 취소(order_cancel)
[2021-08-04 01:00:27] - 티켓 상품 자동 배송 완료(batch_social_goods_confirm) - batch_social_goods_confirm  no data
[2021-08-04 01:00:27] - 미입금 통보 확인(deposit_request)
[2021-08-04 01:00:27] - 굿스플로 배송정보(receiveTrackingResults) - OK
[2021-08-04 01:00:27] - 티켓 상품 자동 배송 완료(batch_social_goods_confirm)
[2021-08-04 01:00:27] - 자동 구매 확정(batch_buy_confirm)
[2021-08-04 01:00:27] - 자동 주문 취소(order_cancel)
[2021-08-05 01:00:27] - 티켓 상품 자동 배송 완료(batch_social_goods_confirm) - batch_social_goods_confirm  no data
[2021-08-05 01:00:27] - 미입금 통보 확인(deposit_request)
[2021-08-05 01:00:27] - 굿스플로 배송정보(receiveTrackingResults) - OK
[2021-08-05 01:00:27] - 티켓 상품 자동 배송 완료(batch_social_goods_confirm)
[2021-08-05 01:00:27] - 자동 구매 확정(batch_buy_confirm)
[2021-08-05 01:00:27] - 자동 주문 취소(order_cancel)
[2021-08-06 01:00:28] - 티켓 상품 자동 배송 완료(batch_social_goods_confirm) - batch_social_goods_confirm  no data
[2021-08-06 01:00:28] - 미입금 통보 확인(deposit_request)
[2021-08-06 01:00:28] - 굿스플로 배송정보(receiveTrackingResults) - OK
[2021-08-06 01:00:28] - 티켓 상품 자동 배송 완료(batch_social_goods_confirm)
[2021-08-06 01:00:28] - 자동 구매 확정(batch_buy_confirm)
[2021-08-06 01:00:28] - 자동 주문 취소(order_cancel)
[2021-08-07 01:00:52] - 티켓 상품 자동 배송 완료(batch_social_goods_confirm) - batch_social_goods_confirm  no data
[2021-08-07 01:00:52] - 미입금 통보 확인(deposit_request)
[2021-08-07 01:00:52] - 굿스플로 배송정보(receiveTrackingResults) - OK
[2021-08-07 01:00:52] - 티켓 상품 자동 배송 완료(batch_social_goods_confirm)
[2021-08-07 01:00:52] - 자동 구매 확정(batch_buy_confirm)
[2021-08-07 01:00:52] - 자동 주문 취소(order_cancel)
[2021-08-08 01:00:28] - 티켓 상품 자동 배송 완료(batch_social_goods_confirm) - batch_social_goods_confirm  no data
[2021-08-08 01:00:28] - 미입금 통보 확인(deposit_request)
[2021-08-08 01:00:28] - 굿스플로 배송정보(receiveTrackingResults) - OK
[2021-08-08 01:00:28] - 티켓 상품 자동 배송 완료(batch_social_goods_confirm)
[2021-08-08 01:00:28] - 자동 구매 확정(batch_buy_confirm)
[2021-08-08 01:00:28] - 자동 주문 취소(order_cancel)
[2021-08-09 01:00:27] - 티켓 상품 자동 배송 완료(batch_social_goods_confirm) - batch_social_goods_confirm  no data
[2021-08-09 01:00:27] - 미입금 통보 확인(deposit_request)
[2021-08-09 01:00:27] - 굿스플로 배송정보(receiveTrackingResults) - OK
[2021-08-09 01:00:27] - 티켓 상품 자동 배송 완료(batch_social_goods_confirm)
[2021-08-09 01:00:27] - 자동 구매 확정(batch_buy_confirm)
[2021-08-09 01:00:27] - 자동 주문 취소(order_cancel)
[2021-08-10 01:00:28] - 티켓 상품 자동 배송 완료(batch_social_goods_confirm) - batch_social_goods_confirm  no data
[2021-08-10 01:00:28] - 미입금 통보 확인(deposit_request)
[2021-08-10 01:00:28] - 굿스플로 배송정보(receiveTrackingResults) - OK
[2021-08-10 01:00:28] - 티켓 상품 자동 배송 완료(batch_social_goods_confirm)
[2021-08-10 01:00:28] - 자동 구매 확정(batch_buy_confirm)
[2021-08-10 01:00:28] - 자동 주문 취소(order_cancel)
[2021-08-11 01:00:29] - 티켓 상품 자동 배송 완료(batch_social_goods_confirm) - batch_social_goods_confirm  no data
[2021-08-11 01:00:29] - 미입금 통보 확인(deposit_request)
[2021-08-11 01:00:29] - 굿스플로 배송정보(receiveTrackingResults) - OK
[2021-08-11 01:00:29] - 티켓 상품 자동 배송 완료(batch_social_goods_confirm)
[2021-08-11 01:00:29] - 자동 구매 확정(batch_buy_confirm)
[2021-08-11 01:00:29] - 자동 주문 취소(order_cancel)
[2021-08-12 01:00:28] - 티켓 상품 자동 배송 완료(batch_social_goods_confirm) - batch_social_goods_confirm  no data
[2021-08-12 01:00:28] - 미입금 통보 확인(deposit_request)
[2021-08-12 01:00:28] - 굿스플로 배송정보(receiveTrackingResults) - OK
[2021-08-12 01:00:28] - 티켓 상품 자동 배송 완료(batch_social_goods_confirm)
[2021-08-12 01:00:28] - 자동 구매 확정(batch_buy_confirm)
[2021-08-12 01:00:28] - 자동 주문 취소(order_cancel)
[2021-08-13 01:00:28] - 티켓 상품 자동 배송 완료(batch_social_goods_confirm) - batch_social_goods_confirm  no data
[2021-08-13 01:00:28] - 미입금 통보 확인(deposit_request)
[2021-08-13 01:00:28] - 굿스플로 배송정보(receiveTrackingResults) - OK
[2021-08-13 01:00:28] - 티켓 상품 자동 배송 완료(batch_social_goods_confirm)
[2021-08-13 01:00:28] - 자동 구매 확정(batch_buy_confirm)
[2021-08-13 01:00:28] - 자동 주문 취소(order_cancel)
[2021-08-14 01:00:29] - 티켓 상품 자동 배송 완료(batch_social_goods_confirm) - batch_social_goods_confirm  no data
[2021-08-14 01:00:29] - 미입금 통보 확인(deposit_request)
[2021-08-14 01:00:29] - 굿스플로 배송정보(receiveTrackingResults) - OK
[2021-08-14 01:00:29] - 티켓 상품 자동 배송 완료(batch_social_goods_confirm)
[2021-08-14 01:00:29] - 자동 구매 확정(batch_buy_confirm)
[2021-08-14 01:00:29] - 자동 주문 취소(order_cancel)
[2021-08-15 01:00:28] - 티켓 상품 자동 배송 완료(batch_social_goods_confirm) - batch_social_goods_confirm  no data
[2021-08-15 01:00:28] - 미입금 통보 확인(deposit_request)
[2021-08-15 01:00:28] - 굿스플로 배송정보(receiveTrackingResults) - OK
[2021-08-15 01:00:28] - 티켓 상품 자동 배송 완료(batch_social_goods_confirm)
[2021-08-15 01:00:28] - 자동 구매 확정(batch_buy_confirm)
[2021-08-15 01:00:28] - 자동 주문 취소(order_cancel)
[2021-08-16 01:00:27] - 티켓 상품 자동 배송 완료(batch_social_goods_confirm) - batch_social_goods_confirm  no data
[2021-08-16 01:00:27] - 미입금 통보 확인(deposit_request)
[2021-08-16 01:00:27] - 굿스플로 배송정보(receiveTrackingResults) - OK
[2021-08-16 01:00:27] - 티켓 상품 자동 배송 완료(batch_social_goods_confirm)
[2021-08-16 01:00:27] - 자동 구매 확정(batch_buy_confirm)
[2021-08-16 01:00:27] - 자동 주문 취소(order_cancel)
[2021-08-17 01:00:28] - 티켓 상품 자동 배송 완료(batch_social_goods_confirm) - batch_social_goods_confirm  no data
[2021-08-17 01:00:28] - 미입금 통보 확인(deposit_request)
[2021-08-17 01:00:28] - 굿스플로 배송정보(receiveTrackingResults) - OK
[2021-08-17 01:00:28] - 티켓 상품 자동 배송 완료(batch_social_goods_confirm)
[2021-08-17 01:00:28] - 자동 구매 확정(batch_buy_confirm)
[2021-08-17 01:00:28] - 자동 주문 취소(order_cancel)
[2021-08-18 01:00:28] - 티켓 상품 자동 배송 완료(batch_social_goods_confirm) - batch_social_goods_confirm  no data
[2021-08-18 01:00:28] - 미입금 통보 확인(deposit_request)
[2021-08-18 01:00:28] - 굿스플로 배송정보(receiveTrackingResults) - OK
[2021-08-18 01:00:28] - 티켓 상품 자동 배송 완료(batch_social_goods_confirm)
[2021-08-18 01:00:28] - 자동 구매 확정(batch_buy_confirm)
[2021-08-18 01:00:28] - 자동 주문 취소(order_cancel)
[2021-08-19 01:00:29] - 티켓 상품 자동 배송 완료(batch_social_goods_confirm) - batch_social_goods_confirm  no data
[2021-08-19 01:00:29] - 미입금 통보 확인(deposit_request)
[2021-08-19 01:00:29] - 굿스플로 배송정보(receiveTrackingResults) - OK
[2021-08-19 01:00:29] - 티켓 상품 자동 배송 완료(batch_social_goods_confirm)
[2021-08-19 01:00:29] - 자동 구매 확정(batch_buy_confirm)
[2021-08-19 01:00:29] - 자동 주문 취소(order_cancel)
[2021-08-20 01:00:29] - 티켓 상품 자동 배송 완료(batch_social_goods_confirm) - batch_social_goods_confirm  no data
[2021-08-20 01:00:29] - 미입금 통보 확인(deposit_request)
[2021-08-20 01:00:29] - 굿스플로 배송정보(receiveTrackingResults) - OK
[2021-08-20 01:00:29] - 티켓 상품 자동 배송 완료(batch_social_goods_confirm)
[2021-08-20 01:00:29] - 자동 구매 확정(batch_buy_confirm)
[2021-08-20 01:00:29] - 자동 주문 취소(order_cancel)
[2021-08-21 01:00:29] - 티켓 상품 자동 배송 완료(batch_social_goods_confirm) - batch_social_goods_confirm  no data
[2021-08-21 01:00:29] - 미입금 통보 확인(deposit_request)
[2021-08-21 01:00:29] - 굿스플로 배송정보(receiveTrackingResults) - OK
[2021-08-21 01:00:29] - 티켓 상품 자동 배송 완료(batch_social_goods_confirm)
[2021-08-21 01:00:29] - 자동 구매 확정(batch_buy_confirm)
[2021-08-21 01:00:29] - 자동 주문 취소(order_cancel)
[2021-08-22 01:00:30] - 티켓 상품 자동 배송 완료(batch_social_goods_confirm) - batch_social_goods_confirm  no data
[2021-08-22 01:00:30] - 미입금 통보 확인(deposit_request)
[2021-08-22 01:00:30] - 굿스플로 배송정보(receiveTrackingResults) - OK
[2021-08-22 01:00:30] - 티켓 상품 자동 배송 완료(batch_social_goods_confirm)
[2021-08-22 01:00:30] - 자동 구매 확정(batch_buy_confirm)
[2021-08-22 01:00:30] - 자동 주문 취소(order_cancel)
[2021-08-23 01:00:29] - 티켓 상품 자동 배송 완료(batch_social_goods_confirm) - batch_social_goods_confirm  no data
[2021-08-23 01:00:29] - 미입금 통보 확인(deposit_request)
[2021-08-23 01:00:29] - 굿스플로 배송정보(receiveTrackingResults) - OK
[2021-08-23 01:00:29] - 티켓 상품 자동 배송 완료(batch_social_goods_confirm)
[2021-08-23 01:00:29] - 자동 구매 확정(batch_buy_confirm)
[2021-08-23 01:00:29] - 자동 주문 취소(order_cancel)
[2021-08-24 01:00:28] - 티켓 상품 자동 배송 완료(batch_social_goods_confirm) - batch_social_goods_confirm  no data
[2021-08-24 01:00:29] - 미입금 통보 확인(deposit_request)
[2021-08-24 01:00:29] - 굿스플로 배송정보(receiveTrackingResults) - OK
[2021-08-24 01:00:29] - 티켓 상품 자동 배송 완료(batch_social_goods_confirm)
[2021-08-24 01:00:29] - 자동 구매 확정(batch_buy_confirm)
[2021-08-24 01:00:29] - 자동 주문 취소(order_cancel)
[2021-08-25 01:00:29] - 티켓 상품 자동 배송 완료(batch_social_goods_confirm) - batch_social_goods_confirm  no data
[2021-08-25 01:00:29] - 미입금 통보 확인(deposit_request)
[2021-08-25 01:00:29] - 굿스플로 배송정보(receiveTrackingResults) - OK
[2021-08-25 01:00:29] - 티켓 상품 자동 배송 완료(batch_social_goods_confirm)
[2021-08-25 01:00:29] - 자동 구매 확정(batch_buy_confirm)
[2021-08-25 01:00:29] - 자동 주문 취소(order_cancel)
