[2021-11-17 01:00:33] - 광고수신동의 메일 발송 대상 수집(send_marketing_agree)
[2021-11-17 01:00:33] - 광고수신동의 메일 발송 일자 수정(update_marketing_agree_date)
[2021-11-17 01:00:33] - 미접속자 휴면처리(dormancy_request)
[2021-11-17 01:00:33] - 회원등급 업그레이드(update_member_grade)
[2021-11-17 01:00:33] - 입점사 등급 자동 갱신(exec_update_provider_group)
[2021-11-17 01:00:33] - 회원정보 다운로드 로그 기록 삭제(log_member_excel_delete)
[2021-11-17 01:00:33] - 만료된 포인트 차감(member_point_deduction)
[2021-11-17 01:00:33] - 만료된 캐시 차감(member_emoney_deduction)
[2021-11-18 01:00:23] - 광고수신동의 메일 발송 대상 수집(send_marketing_agree)
[2021-11-18 01:00:23] - 광고수신동의 메일 발송 일자 수정(update_marketing_agree_date)
[2021-11-18 01:00:23] - 미접속자 휴면처리(dormancy_request)
[2021-11-18 01:00:23] - 회원등급 업그레이드(update_member_grade)
[2021-11-18 01:00:23] - 입점사 등급 자동 갱신(exec_update_provider_group)
[2021-11-18 01:00:23] - 회원정보 다운로드 로그 기록 삭제(log_member_excel_delete)
[2021-11-18 01:00:23] - 만료된 포인트 차감(member_point_deduction)
[2021-11-18 01:00:23] - 만료된 캐시 차감(member_emoney_deduction)
[2021-11-19 01:00:22] - 광고수신동의 메일 발송 대상 수집(send_marketing_agree)
[2021-11-19 01:00:22] - 광고수신동의 메일 발송 일자 수정(update_marketing_agree_date)
[2021-11-19 01:00:22] - 미접속자 휴면처리(dormancy_request)
[2021-11-19 01:00:22] - 회원등급 업그레이드(update_member_grade)
[2021-11-19 01:00:22] - 입점사 등급 자동 갱신(exec_update_provider_group)
[2021-11-19 01:00:22] - 회원정보 다운로드 로그 기록 삭제(log_member_excel_delete)
[2021-11-19 01:00:22] - 만료된 포인트 차감(member_point_deduction)
[2021-11-19 01:00:22] - 만료된 캐시 차감(member_emoney_deduction)
[2021-11-20 01:00:23] - 광고수신동의 메일 발송 대상 수집(send_marketing_agree)
[2021-11-20 01:00:23] - 광고수신동의 메일 발송 일자 수정(update_marketing_agree_date)
[2021-11-20 01:00:23] - 미접속자 휴면처리(dormancy_request)
[2021-11-20 01:00:23] - 회원등급 업그레이드(update_member_grade)
[2021-11-20 01:00:23] - 입점사 등급 자동 갱신(exec_update_provider_group)
[2021-11-20 01:00:23] - 회원정보 다운로드 로그 기록 삭제(log_member_excel_delete)
[2021-11-20 01:00:23] - 만료된 포인트 차감(member_point_deduction)
[2021-11-20 01:00:23] - 만료된 캐시 차감(member_emoney_deduction)
[2021-11-21 01:00:23] - 광고수신동의 메일 발송 대상 수집(send_marketing_agree)
[2021-11-21 01:00:23] - 광고수신동의 메일 발송 일자 수정(update_marketing_agree_date)
[2021-11-21 01:00:23] - 미접속자 휴면처리(dormancy_request)
[2021-11-21 01:00:23] - 회원등급 업그레이드(update_member_grade)
[2021-11-21 01:00:23] - 입점사 등급 자동 갱신(exec_update_provider_group)
[2021-11-21 01:00:23] - 회원정보 다운로드 로그 기록 삭제(log_member_excel_delete)
[2021-11-21 01:00:23] - 만료된 포인트 차감(member_point_deduction)
[2021-11-21 01:00:23] - 만료된 캐시 차감(member_emoney_deduction)
[2021-11-22 01:00:30] - 광고수신동의 메일 발송 대상 수집(send_marketing_agree)
[2021-11-22 01:00:30] - 광고수신동의 메일 발송 일자 수정(update_marketing_agree_date)
[2021-11-22 01:00:30] - 미접속자 휴면처리(dormancy_request)
[2021-11-22 01:00:30] - 회원등급 업그레이드(update_member_grade)
[2021-11-22 01:00:30] - 입점사 등급 자동 갱신(exec_update_provider_group)
[2021-11-22 01:00:30] - 회원정보 다운로드 로그 기록 삭제(log_member_excel_delete)
[2021-11-22 01:00:30] - 만료된 포인트 차감(member_point_deduction)
[2021-11-22 01:00:30] - 만료된 캐시 차감(member_emoney_deduction)
[2021-11-23 01:00:22] - 광고수신동의 메일 발송 대상 수집(send_marketing_agree)
[2021-11-23 01:00:22] - 광고수신동의 메일 발송 일자 수정(update_marketing_agree_date)
[2021-11-23 01:00:22] - 미접속자 휴면처리(dormancy_request)
[2021-11-23 01:00:22] - 회원등급 업그레이드(update_member_grade)
[2021-11-23 01:00:22] - 입점사 등급 자동 갱신(exec_update_provider_group)
[2021-11-23 01:00:22] - 회원정보 다운로드 로그 기록 삭제(log_member_excel_delete)
[2021-11-23 01:00:22] - 만료된 포인트 차감(member_point_deduction)
[2021-11-23 01:00:22] - 만료된 캐시 차감(member_emoney_deduction)
[2021-11-24 01:00:22] - 광고수신동의 메일 발송 대상 수집(send_marketing_agree)
[2021-11-24 01:00:22] - 광고수신동의 메일 발송 일자 수정(update_marketing_agree_date)
[2021-11-24 01:00:22] - 미접속자 휴면처리(dormancy_request)
[2021-11-24 01:00:22] - 회원등급 업그레이드(update_member_grade)
[2021-11-24 01:00:22] - 입점사 등급 자동 갱신(exec_update_provider_group)
[2021-11-24 01:00:22] - 회원정보 다운로드 로그 기록 삭제(log_member_excel_delete)
[2021-11-24 01:00:22] - 만료된 포인트 차감(member_point_deduction)
[2021-11-24 01:00:22] - 만료된 캐시 차감(member_emoney_deduction)
[2021-11-25 01:00:21] - 광고수신동의 메일 발송 대상 수집(send_marketing_agree)
[2021-11-25 01:00:21] - 광고수신동의 메일 발송 일자 수정(update_marketing_agree_date)
[2021-11-25 01:00:21] - 미접속자 휴면처리(dormancy_request)
[2021-11-25 01:00:21] - 회원등급 업그레이드(update_member_grade)
[2021-11-25 01:00:21] - 입점사 등급 자동 갱신(exec_update_provider_group)
[2021-11-25 01:00:21] - 회원정보 다운로드 로그 기록 삭제(log_member_excel_delete)
[2021-11-25 01:00:21] - 만료된 포인트 차감(member_point_deduction)
[2021-11-25 01:00:21] - 만료된 캐시 차감(member_emoney_deduction)
[2021-11-26 01:00:21] - 광고수신동의 메일 발송 대상 수집(send_marketing_agree)
[2021-11-26 01:00:21] - 광고수신동의 메일 발송 일자 수정(update_marketing_agree_date)
[2021-11-26 01:00:21] - 미접속자 휴면처리(dormancy_request)
[2021-11-26 01:00:21] - 회원등급 업그레이드(update_member_grade)
[2021-11-26 01:00:21] - 입점사 등급 자동 갱신(exec_update_provider_group)
[2021-11-26 01:00:21] - 회원정보 다운로드 로그 기록 삭제(log_member_excel_delete)
[2021-11-26 01:00:21] - 만료된 포인트 차감(member_point_deduction)
[2021-11-26 01:00:21] - 만료된 캐시 차감(member_emoney_deduction)
[2021-11-27 01:00:22] - 광고수신동의 메일 발송 대상 수집(send_marketing_agree)
[2021-11-27 01:00:22] - 광고수신동의 메일 발송 일자 수정(update_marketing_agree_date)
[2021-11-27 01:00:22] - 미접속자 휴면처리(dormancy_request)
[2021-11-27 01:00:22] - 회원등급 업그레이드(update_member_grade)
[2021-11-27 01:00:22] - 입점사 등급 자동 갱신(exec_update_provider_group)
[2021-11-27 01:00:22] - 회원정보 다운로드 로그 기록 삭제(log_member_excel_delete)
[2021-11-27 01:00:22] - 만료된 포인트 차감(member_point_deduction)
[2021-11-27 01:00:22] - 만료된 캐시 차감(member_emoney_deduction)
[2021-11-28 01:00:23] - 광고수신동의 메일 발송 대상 수집(send_marketing_agree)
[2021-11-28 01:00:23] - 광고수신동의 메일 발송 일자 수정(update_marketing_agree_date)
[2021-11-28 01:00:23] - 미접속자 휴면처리(dormancy_request)
[2021-11-28 01:00:23] - 회원등급 업그레이드(update_member_grade)
[2021-11-28 01:00:23] - 입점사 등급 자동 갱신(exec_update_provider_group)
[2021-11-28 01:00:23] - 회원정보 다운로드 로그 기록 삭제(log_member_excel_delete)
[2021-11-28 01:00:23] - 만료된 포인트 차감(member_point_deduction)
[2021-11-28 01:00:23] - 만료된 캐시 차감(member_emoney_deduction)
[2021-11-29 01:00:28] - 광고수신동의 메일 발송 대상 수집(send_marketing_agree)
[2021-11-29 01:00:28] - 광고수신동의 메일 발송 일자 수정(update_marketing_agree_date)
[2021-11-29 01:00:28] - 미접속자 휴면처리(dormancy_request)
[2021-11-29 01:00:28] - 회원등급 업그레이드(update_member_grade)
[2021-11-29 01:00:28] - 입점사 등급 자동 갱신(exec_update_provider_group)
[2021-11-29 01:00:28] - 회원정보 다운로드 로그 기록 삭제(log_member_excel_delete)
[2021-11-29 01:00:28] - 만료된 포인트 차감(member_point_deduction)
[2021-11-29 01:00:28] - 만료된 캐시 차감(member_emoney_deduction)
[2021-11-30 01:00:23] - 광고수신동의 메일 발송 대상 수집(send_marketing_agree)
[2021-11-30 01:00:23] - 광고수신동의 메일 발송 일자 수정(update_marketing_agree_date)
[2021-11-30 01:00:23] - 미접속자 휴면처리(dormancy_request)
[2021-11-30 01:00:23] - 회원등급 업그레이드(update_member_grade)
[2021-11-30 01:00:23] - 입점사 등급 자동 갱신(exec_update_provider_group)
[2021-11-30 01:00:23] - 회원정보 다운로드 로그 기록 삭제(log_member_excel_delete)
[2021-11-30 01:00:23] - 만료된 포인트 차감(member_point_deduction)
[2021-11-30 01:00:23] - 만료된 캐시 차감(member_emoney_deduction)
