[2022-01-01 01:00:27] - 티켓 상품 자동 배송 완료(batch_social_goods_confirm) - batch_social_goods_confirm  no data
[2022-01-01 01:00:27] - 미입금 통보 확인(deposit_request)
[2022-01-01 01:00:27] - 굿스플로 배송정보(receiveTrackingResults) - OK
[2022-01-01 01:00:27] - 티켓 상품 자동 배송 완료(batch_social_goods_confirm)
[2022-01-01 01:00:27] - 자동 구매 확정(batch_buy_confirm)
[2022-01-01 01:00:27] - 자동 주문 취소(order_cancel)
[2022-01-02 01:00:25] - 티켓 상품 자동 배송 완료(batch_social_goods_confirm) - batch_social_goods_confirm  no data
[2022-01-02 01:00:25] - 미입금 통보 확인(deposit_request)
[2022-01-02 01:00:25] - 굿스플로 배송정보(receiveTrackingResults) - OK
[2022-01-02 01:00:25] - 티켓 상품 자동 배송 완료(batch_social_goods_confirm)
[2022-01-02 01:00:25] - 자동 구매 확정(batch_buy_confirm)
[2022-01-02 01:00:25] - 자동 주문 취소(order_cancel)
[2022-01-03 01:00:33] - 티켓 상품 자동 배송 완료(batch_social_goods_confirm) - batch_social_goods_confirm  no data
[2022-01-03 01:00:33] - 미입금 통보 확인(deposit_request)
[2022-01-03 01:00:33] - 굿스플로 배송정보(receiveTrackingResults) - OK
[2022-01-03 01:00:33] - 티켓 상품 자동 배송 완료(batch_social_goods_confirm)
[2022-01-03 01:00:33] - 자동 구매 확정(batch_buy_confirm)
[2022-01-03 01:00:33] - 자동 주문 취소(order_cancel)
[2022-01-04 01:00:26] - 티켓 상품 자동 배송 완료(batch_social_goods_confirm) - batch_social_goods_confirm  no data
[2022-01-04 01:00:26] - 미입금 통보 확인(deposit_request)
[2022-01-04 01:00:26] - 굿스플로 배송정보(receiveTrackingResults) - OK
[2022-01-04 01:00:26] - 티켓 상품 자동 배송 완료(batch_social_goods_confirm)
[2022-01-04 01:00:26] - 자동 구매 확정(batch_buy_confirm)
[2022-01-04 01:00:26] - 자동 주문 취소(order_cancel)
[2022-01-05 01:00:26] - 티켓 상품 자동 배송 완료(batch_social_goods_confirm) - batch_social_goods_confirm  no data
[2022-01-05 01:00:26] - 미입금 통보 확인(deposit_request)
[2022-01-05 01:00:26] - 굿스플로 배송정보(receiveTrackingResults) - OK
[2022-01-05 01:00:26] - 티켓 상품 자동 배송 완료(batch_social_goods_confirm)
[2022-01-05 01:00:26] - 자동 구매 확정(batch_buy_confirm)
[2022-01-05 01:00:26] - 자동 주문 취소(order_cancel)
[2022-01-06 01:00:27] - 티켓 상품 자동 배송 완료(batch_social_goods_confirm) - batch_social_goods_confirm  no data
[2022-01-06 01:00:27] - 미입금 통보 확인(deposit_request)
[2022-01-06 01:00:27] - 굿스플로 배송정보(receiveTrackingResults) - OK
[2022-01-06 01:00:27] - 티켓 상품 자동 배송 완료(batch_social_goods_confirm)
[2022-01-06 01:00:27] - 자동 구매 확정(batch_buy_confirm)
[2022-01-06 01:00:27] - 자동 주문 취소(order_cancel)
[2022-01-07 01:00:28] - 티켓 상품 자동 배송 완료(batch_social_goods_confirm) - batch_social_goods_confirm  no data
[2022-01-07 01:00:28] - 미입금 통보 확인(deposit_request)
[2022-01-07 01:00:28] - 굿스플로 배송정보(receiveTrackingResults) - OK
[2022-01-07 01:00:28] - 티켓 상품 자동 배송 완료(batch_social_goods_confirm)
[2022-01-07 01:00:28] - 자동 구매 확정(batch_buy_confirm)
[2022-01-07 01:00:28] - 자동 주문 취소(order_cancel)
[2022-01-08 01:00:30] - 티켓 상품 자동 배송 완료(batch_social_goods_confirm) - batch_social_goods_confirm  no data
[2022-01-08 01:00:30] - 미입금 통보 확인(deposit_request)
[2022-01-08 01:00:30] - 굿스플로 배송정보(receiveTrackingResults) - OK
[2022-01-08 01:00:30] - 티켓 상품 자동 배송 완료(batch_social_goods_confirm)
[2022-01-08 01:00:30] - 자동 구매 확정(batch_buy_confirm)
[2022-01-08 01:00:30] - 자동 주문 취소(order_cancel)
[2022-01-09 01:00:30] - 티켓 상품 자동 배송 완료(batch_social_goods_confirm) - batch_social_goods_confirm  no data
[2022-01-09 01:00:30] - 미입금 통보 확인(deposit_request)
[2022-01-09 01:00:30] - 굿스플로 배송정보(receiveTrackingResults) - OK
[2022-01-09 01:00:30] - 티켓 상품 자동 배송 완료(batch_social_goods_confirm)
[2022-01-09 01:00:30] - 자동 구매 확정(batch_buy_confirm)
[2022-01-09 01:00:30] - 자동 주문 취소(order_cancel)
[2022-01-10 01:00:32] - 티켓 상품 자동 배송 완료(batch_social_goods_confirm) - batch_social_goods_confirm  no data
[2022-01-10 01:00:32] - 미입금 통보 확인(deposit_request)
[2022-01-10 01:00:32] - 굿스플로 배송정보(receiveTrackingResults) - OK
[2022-01-10 01:00:32] - 티켓 상품 자동 배송 완료(batch_social_goods_confirm)
[2022-01-10 01:00:32] - 자동 구매 확정(batch_buy_confirm)
[2022-01-10 01:00:32] - 자동 주문 취소(order_cancel)
[2022-01-11 01:00:30] - 티켓 상품 자동 배송 완료(batch_social_goods_confirm) - batch_social_goods_confirm  no data
[2022-01-11 01:00:30] - 미입금 통보 확인(deposit_request)
[2022-01-11 01:00:30] - 굿스플로 배송정보(receiveTrackingResults) - OK
[2022-01-11 01:00:30] - 티켓 상품 자동 배송 완료(batch_social_goods_confirm)
[2022-01-11 01:00:30] - 자동 구매 확정(batch_buy_confirm)
[2022-01-11 01:00:30] - 자동 주문 취소(order_cancel)
[2022-01-12 01:00:30] - 티켓 상품 자동 배송 완료(batch_social_goods_confirm) - batch_social_goods_confirm  no data
[2022-01-12 01:00:30] - 미입금 통보 확인(deposit_request)
[2022-01-12 01:00:30] - 굿스플로 배송정보(receiveTrackingResults) - OK
[2022-01-12 01:00:30] - 티켓 상품 자동 배송 완료(batch_social_goods_confirm)
[2022-01-12 01:00:30] - 자동 구매 확정(batch_buy_confirm)
[2022-01-12 01:00:30] - 자동 주문 취소(order_cancel)
[2022-01-13 01:00:28] - 티켓 상품 자동 배송 완료(batch_social_goods_confirm) - batch_social_goods_confirm  no data
[2022-01-13 01:00:28] - 미입금 통보 확인(deposit_request)
[2022-01-13 01:00:28] - 굿스플로 배송정보(receiveTrackingResults) - OK
[2022-01-13 01:00:28] - 티켓 상품 자동 배송 완료(batch_social_goods_confirm)
[2022-01-13 01:00:28] - 자동 구매 확정(batch_buy_confirm)
[2022-01-13 01:00:28] - 자동 주문 취소(order_cancel)
[2022-01-14 01:00:28] - 티켓 상품 자동 배송 완료(batch_social_goods_confirm) - batch_social_goods_confirm  no data
[2022-01-14 01:00:28] - 미입금 통보 확인(deposit_request)
[2022-01-14 01:00:28] - 굿스플로 배송정보(receiveTrackingResults) - OK
[2022-01-14 01:00:28] - 티켓 상품 자동 배송 완료(batch_social_goods_confirm)
[2022-01-14 01:00:28] - 자동 구매 확정(batch_buy_confirm)
[2022-01-14 01:00:28] - 자동 주문 취소(order_cancel)
[2022-01-15 01:00:34] - 티켓 상품 자동 배송 완료(batch_social_goods_confirm) - batch_social_goods_confirm  no data
[2022-01-15 01:00:34] - 미입금 통보 확인(deposit_request)
[2022-01-15 01:00:34] - 굿스플로 배송정보(receiveTrackingResults) - OK
[2022-01-15 01:00:34] - 티켓 상품 자동 배송 완료(batch_social_goods_confirm)
[2022-01-15 01:00:34] - 자동 구매 확정(batch_buy_confirm)
[2022-01-15 01:00:34] - 자동 주문 취소(order_cancel)
[2022-01-16 01:00:26] - 티켓 상품 자동 배송 완료(batch_social_goods_confirm) - batch_social_goods_confirm  no data
[2022-01-16 01:00:26] - 미입금 통보 확인(deposit_request)
[2022-01-16 01:00:26] - 굿스플로 배송정보(receiveTrackingResults) - OK
[2022-01-16 01:00:26] - 티켓 상품 자동 배송 완료(batch_social_goods_confirm)
[2022-01-16 01:00:26] - 자동 구매 확정(batch_buy_confirm)
[2022-01-16 01:00:26] - 자동 주문 취소(order_cancel)
[2022-01-17 01:00:33] - 티켓 상품 자동 배송 완료(batch_social_goods_confirm) - batch_social_goods_confirm  no data
[2022-01-17 01:00:34] - 미입금 통보 확인(deposit_request)
[2022-01-17 01:00:34] - 굿스플로 배송정보(receiveTrackingResults) - OK
[2022-01-17 01:00:34] - 티켓 상품 자동 배송 완료(batch_social_goods_confirm)
[2022-01-17 01:00:34] - 자동 구매 확정(batch_buy_confirm)
[2022-01-17 01:00:34] - 자동 주문 취소(order_cancel)
[2022-01-18 01:00:29] - 티켓 상품 자동 배송 완료(batch_social_goods_confirm) - batch_social_goods_confirm  no data
[2022-01-18 01:00:29] - 미입금 통보 확인(deposit_request)
[2022-01-18 01:00:29] - 굿스플로 배송정보(receiveTrackingResults) - OK
[2022-01-18 01:00:29] - 티켓 상품 자동 배송 완료(batch_social_goods_confirm)
[2022-01-18 01:00:29] - 자동 구매 확정(batch_buy_confirm)
[2022-01-18 01:00:29] - 자동 주문 취소(order_cancel)
[2022-01-19 01:00:28] - 티켓 상품 자동 배송 완료(batch_social_goods_confirm) - batch_social_goods_confirm  no data
[2022-01-19 01:00:29] - 미입금 통보 확인(deposit_request)
[2022-01-19 01:00:29] - 굿스플로 배송정보(receiveTrackingResults) - OK
[2022-01-19 01:00:29] - 티켓 상품 자동 배송 완료(batch_social_goods_confirm)
[2022-01-19 01:00:29] - 자동 구매 확정(batch_buy_confirm)
[2022-01-19 01:00:29] - 자동 주문 취소(order_cancel)
[2022-01-20 01:00:26] - 티켓 상품 자동 배송 완료(batch_social_goods_confirm) - batch_social_goods_confirm  no data
[2022-01-20 01:00:26] - 미입금 통보 확인(deposit_request)
[2022-01-20 01:00:26] - 굿스플로 배송정보(receiveTrackingResults) - OK
[2022-01-20 01:00:26] - 티켓 상품 자동 배송 완료(batch_social_goods_confirm)
[2022-01-20 01:00:26] - 자동 구매 확정(batch_buy_confirm)
[2022-01-20 01:00:26] - 자동 주문 취소(order_cancel)
[2022-01-21 01:00:28] - 티켓 상품 자동 배송 완료(batch_social_goods_confirm) - batch_social_goods_confirm  no data
[2022-01-21 01:00:28] - 미입금 통보 확인(deposit_request)
[2022-01-21 01:00:28] - 굿스플로 배송정보(receiveTrackingResults) - OK
[2022-01-21 01:00:28] - 티켓 상품 자동 배송 완료(batch_social_goods_confirm)
[2022-01-21 01:00:28] - 자동 구매 확정(batch_buy_confirm)
[2022-01-21 01:00:28] - 자동 주문 취소(order_cancel)
[2022-01-22 01:00:28] - 티켓 상품 자동 배송 완료(batch_social_goods_confirm) - batch_social_goods_confirm  no data
[2022-01-22 01:00:28] - 미입금 통보 확인(deposit_request)
[2022-01-22 01:00:28] - 굿스플로 배송정보(receiveTrackingResults) - OK
[2022-01-22 01:00:28] - 티켓 상품 자동 배송 완료(batch_social_goods_confirm)
[2022-01-22 01:00:28] - 자동 구매 확정(batch_buy_confirm)
[2022-01-22 01:00:28] - 자동 주문 취소(order_cancel)
[2022-01-23 01:00:28] - 티켓 상품 자동 배송 완료(batch_social_goods_confirm) - batch_social_goods_confirm  no data
[2022-01-23 01:00:28] - 미입금 통보 확인(deposit_request)
[2022-01-23 01:00:28] - 굿스플로 배송정보(receiveTrackingResults) - OK
[2022-01-23 01:00:28] - 티켓 상품 자동 배송 완료(batch_social_goods_confirm)
[2022-01-23 01:00:28] - 자동 구매 확정(batch_buy_confirm)
[2022-01-23 01:00:28] - 자동 주문 취소(order_cancel)
[2022-01-24 01:00:35] - 티켓 상품 자동 배송 완료(batch_social_goods_confirm) - batch_social_goods_confirm  no data
[2022-01-24 01:00:35] - 미입금 통보 확인(deposit_request)
[2022-01-24 01:00:35] - 굿스플로 배송정보(receiveTrackingResults) - OK
[2022-01-24 01:00:35] - 티켓 상품 자동 배송 완료(batch_social_goods_confirm)
[2022-01-24 01:00:35] - 자동 구매 확정(batch_buy_confirm)
[2022-01-24 01:00:35] - 자동 주문 취소(order_cancel)
[2022-01-25 01:00:27] - 티켓 상품 자동 배송 완료(batch_social_goods_confirm) - batch_social_goods_confirm  no data
[2022-01-25 01:00:27] - 미입금 통보 확인(deposit_request)
[2022-01-25 01:00:27] - 굿스플로 배송정보(receiveTrackingResults) - OK
[2022-01-25 01:00:27] - 티켓 상품 자동 배송 완료(batch_social_goods_confirm)
[2022-01-25 01:00:27] - 자동 구매 확정(batch_buy_confirm)
[2022-01-25 01:00:27] - 자동 주문 취소(order_cancel)
[2022-01-26 01:00:31] - 티켓 상품 자동 배송 완료(batch_social_goods_confirm) - batch_social_goods_confirm  no data
[2022-01-26 01:00:31] - 미입금 통보 확인(deposit_request)
[2022-01-26 01:00:31] - 굿스플로 배송정보(receiveTrackingResults) - OK
[2022-01-26 01:00:31] - 티켓 상품 자동 배송 완료(batch_social_goods_confirm)
[2022-01-26 01:00:31] - 자동 구매 확정(batch_buy_confirm)
[2022-01-26 01:00:31] - 자동 주문 취소(order_cancel)
[2022-01-27 01:00:32] - 티켓 상품 자동 배송 완료(batch_social_goods_confirm) - batch_social_goods_confirm  no data
[2022-01-27 01:00:32] - 미입금 통보 확인(deposit_request)
[2022-01-27 01:00:32] - 굿스플로 배송정보(receiveTrackingResults) - OK
[2022-01-27 01:00:32] - 티켓 상품 자동 배송 완료(batch_social_goods_confirm)
[2022-01-27 01:00:32] - 자동 구매 확정(batch_buy_confirm)
[2022-01-27 01:00:32] - 자동 주문 취소(order_cancel)
[2022-01-28 01:00:36] - 티켓 상품 자동 배송 완료(batch_social_goods_confirm) - batch_social_goods_confirm  no data
[2022-01-28 01:00:36] - 미입금 통보 확인(deposit_request)
[2022-01-28 01:00:36] - 굿스플로 배송정보(receiveTrackingResults) - OK
[2022-01-28 01:00:36] - 티켓 상품 자동 배송 완료(batch_social_goods_confirm)
[2022-01-28 01:00:36] - 자동 구매 확정(batch_buy_confirm)
[2022-01-28 01:00:36] - 자동 주문 취소(order_cancel)
[2022-01-29 01:00:29] - 티켓 상품 자동 배송 완료(batch_social_goods_confirm) - batch_social_goods_confirm  no data
[2022-01-29 01:00:29] - 미입금 통보 확인(deposit_request)
[2022-01-29 01:00:29] - 굿스플로 배송정보(receiveTrackingResults) - OK
[2022-01-29 01:00:29] - 티켓 상품 자동 배송 완료(batch_social_goods_confirm)
[2022-01-29 01:00:29] - 자동 구매 확정(batch_buy_confirm)
[2022-01-29 01:00:29] - 자동 주문 취소(order_cancel)
[2022-01-30 01:00:29] - 티켓 상품 자동 배송 완료(batch_social_goods_confirm) - batch_social_goods_confirm  no data
[2022-01-30 01:00:29] - 미입금 통보 확인(deposit_request)
[2022-01-30 01:00:29] - 굿스플로 배송정보(receiveTrackingResults) - OK
[2022-01-30 01:00:29] - 티켓 상품 자동 배송 완료(batch_social_goods_confirm)
[2022-01-30 01:00:29] - 자동 구매 확정(batch_buy_confirm)
[2022-01-30 01:00:29] - 자동 주문 취소(order_cancel)
[2022-01-31 01:00:33] - 티켓 상품 자동 배송 완료(batch_social_goods_confirm) - batch_social_goods_confirm  no data
[2022-01-31 01:00:33] - 미입금 통보 확인(deposit_request)
[2022-01-31 01:00:33] - 굿스플로 배송정보(receiveTrackingResults) - OK
[2022-01-31 01:00:33] - 티켓 상품 자동 배송 완료(batch_social_goods_confirm)
[2022-01-31 01:00:33] - 자동 구매 확정(batch_buy_confirm)
[2022-01-31 01:00:33] - 자동 주문 취소(order_cancel)
