[2022-02-01 01:00:24] - 회원등급 업그레이드(update_member_grade) - update_member_grade unused
[2022-02-01 01:00:24] - 광고수신동의 메일 발송 대상 수집(send_marketing_agree)
[2022-02-01 01:00:24] - 광고수신동의 메일 발송 일자 수정(update_marketing_agree_date)
[2022-02-01 01:00:24] - 미접속자 휴면처리(dormancy_request)
[2022-02-01 01:00:24] - 회원등급 업그레이드(update_member_grade)
[2022-02-01 01:00:24] - 입점사 등급 자동 갱신(exec_update_provider_group)
[2022-02-01 01:00:24] - 회원정보 다운로드 로그 기록 삭제(log_member_excel_delete)
[2022-02-01 01:00:24] - 만료된 포인트 차감(member_point_deduction)
[2022-02-01 01:00:24] - 만료된 캐시 차감(member_emoney_deduction)
[2022-02-02 01:00:21] - 광고수신동의 메일 발송 대상 수집(send_marketing_agree)
[2022-02-02 01:00:21] - 광고수신동의 메일 발송 일자 수정(update_marketing_agree_date)
[2022-02-02 01:00:21] - 미접속자 휴면처리(dormancy_request)
[2022-02-02 01:00:21] - 회원등급 업그레이드(update_member_grade)
[2022-02-02 01:00:21] - 입점사 등급 자동 갱신(exec_update_provider_group)
[2022-02-02 01:00:21] - 회원정보 다운로드 로그 기록 삭제(log_member_excel_delete)
[2022-02-02 01:00:21] - 만료된 포인트 차감(member_point_deduction)
[2022-02-02 01:00:21] - 만료된 캐시 차감(member_emoney_deduction)
[2022-02-03 01:00:28] - 광고수신동의 메일 발송 대상 수집(send_marketing_agree)
[2022-02-03 01:00:28] - 광고수신동의 메일 발송 일자 수정(update_marketing_agree_date)
[2022-02-03 01:00:28] - 미접속자 휴면처리(dormancy_request)
[2022-02-03 01:00:28] - 회원등급 업그레이드(update_member_grade)
[2022-02-03 01:00:28] - 입점사 등급 자동 갱신(exec_update_provider_group)
[2022-02-03 01:00:28] - 회원정보 다운로드 로그 기록 삭제(log_member_excel_delete)
[2022-02-03 01:00:28] - 만료된 포인트 차감(member_point_deduction)
[2022-02-03 01:00:28] - 만료된 캐시 차감(member_emoney_deduction)
