[2021-07-01 01:00:28] - 2021-06-30 - daily_order start
[2021-07-01 01:00:28] - 2021-06-30 - daily_order success
[2021-07-01 01:00:28] - 2021-06-30 - daily_fblike start
[2021-07-01 01:00:28] - 2021-06-30 - daily_fblike success
[2021-07-01 01:00:28] - 2021-06-30 - daily_review start
[2021-07-01 01:00:28] - 2021-06-30 - daily_review success
[2021-07-01 01:00:28] - 2021-06-30 - daily_restock_notify start
[2021-07-01 01:00:28] - 2021-06-30 - daily_restock_notify success
[2021-07-01 01:00:28] - 2021-06-30 - daily_wish start
[2021-07-01 01:00:28] - 2021-06-30 - daily_wish success
[2021-07-01 01:00:28] - 2021-06-30 - daily_cart start
[2021-07-01 01:00:28] - 2021-06-30 - daily_cart success
[2021-07-01 01:00:28] - 2021-06-30 - daily_view start
[2021-07-01 01:00:29] - 2021-06-30 - daily_view success
[2021-07-01 01:00:29] - 2021-06-30 - daily_sales_price start
[2021-07-01 01:00:29] - 2021-06-30 - daily_sales_price success
[2021-07-01 01:00:29] - 2021-06-30 - case1 start
[2021-07-01 01:00:30] - 2021-06-30 - case1 success
[2021-07-01 01:00:30] - 2021-06-30 - case2 start
[2021-07-01 01:00:41] - 2021-06-30 - case2 success
[2021-07-01 01:00:41] - 2021-06-30 - delete start
[2021-07-01 01:00:41] - 2021-06-30 - fm_daily_stats_fblike_vw start
[2021-07-01 01:00:41] - 2021-06-30 - fm_daily_stats_fblike_vw success
[2021-07-01 01:00:41] - 2021-06-30 - fm_daily_stats_review_vw start
[2021-07-01 01:00:41] - 2021-06-30 - fm_daily_stats_review_vw success
[2021-07-01 01:00:41] - 2021-06-30 - fm_daily_stats_restock_notify_vw start
[2021-07-01 01:00:41] - 2021-06-30 - fm_daily_stats_restock_notify_vw success
[2021-07-01 01:00:41] - 2021-06-30 - fm_daily_stats_wish_vw start
[2021-07-01 01:00:41] - 2021-06-30 - fm_daily_stats_wish_vw success
[2021-07-01 01:00:41] - 2021-06-30 - fm_daily_stats_cart_vw start
[2021-07-01 01:00:41] - 2021-06-30 - fm_daily_stats_cart_vw success
[2021-07-01 01:00:41] - 2021-06-30 - fm_daily_stats_order_vw start
[2021-07-01 01:00:41] - 2021-06-30 - fm_daily_stats_order_vw success
[2021-07-01 01:00:41] - 2021-06-30 - fm_daily_stats_view_vw start
[2021-07-01 01:00:41] - 2021-06-30 - fm_daily_stats_view_vw success
[2021-07-01 01:00:41] - 2021-06-30 - delete success
[2021-07-01 01:00:41] - 상품별 3개월 구매수량 등록(goods_purchase_ea)
[2021-07-01 01:00:41] - 입점사 정산 주기 변경(account_seller_period_update)
[2021-07-01 01:00:41] - 입점사별 정산 집계(account_seller_stats)
[2021-07-01 01:00:41] - 불필요한 이월데이터 삭제(account_seller_del_sales)
[2021-07-01 01:00:41] - 일일통계 (주문,좋아요,리뷰,재입고알림,찜,장바구니,보기) 집계(daily_stats)
[2021-07-01 01:00:41] - 마일리지, 포인트,캐쉬 통계 집계(statistic_epc)
[2021-07-01 01:00:41] - referer 도메인 업데이트(set_referer_domain)
[2021-07-01 01:00:41] - 일일통계 데이터 삭제(stats_delete)
[2021-07-02 01:00:26] - 2021-07-01 - daily_order start
[2021-07-02 01:00:26] - 2021-07-01 - daily_order success
[2021-07-02 01:00:26] - 2021-07-01 - daily_fblike start
[2021-07-02 01:00:26] - 2021-07-01 - daily_fblike success
[2021-07-02 01:00:26] - 2021-07-01 - daily_review start
[2021-07-02 01:00:26] - 2021-07-01 - daily_review success
[2021-07-02 01:00:26] - 2021-07-01 - daily_restock_notify start
[2021-07-02 01:00:26] - 2021-07-01 - daily_restock_notify success
[2021-07-02 01:00:26] - 2021-07-01 - daily_wish start
[2021-07-02 01:00:26] - 2021-07-01 - daily_wish success
[2021-07-02 01:00:26] - 2021-07-01 - daily_cart start
[2021-07-02 01:00:26] - 2021-07-01 - daily_cart success
[2021-07-02 01:00:26] - 2021-07-01 - daily_view start
[2021-07-02 01:00:28] - 2021-07-01 - daily_view success
[2021-07-02 01:00:28] - 2021-07-01 - daily_sales_price start
[2021-07-02 01:00:28] - 2021-07-01 - daily_sales_price success
[2021-07-02 01:00:28] - 2021-07-01 - case1 start
[2021-07-02 01:00:29] - 2021-07-01 - case1 success
[2021-07-02 01:00:29] - 2021-07-01 - case2 start
[2021-07-02 01:00:39] - 2021-07-01 - case2 success
[2021-07-02 01:00:39] - 2021-07-01 - delete start
[2021-07-02 01:00:39] - 2021-07-01 - fm_daily_stats_fblike_vw start
[2021-07-02 01:00:39] - 2021-07-01 - fm_daily_stats_fblike_vw success
[2021-07-02 01:00:39] - 2021-07-01 - fm_daily_stats_review_vw start
[2021-07-02 01:00:39] - 2021-07-01 - fm_daily_stats_review_vw success
[2021-07-02 01:00:39] - 2021-07-01 - fm_daily_stats_restock_notify_vw start
[2021-07-02 01:00:39] - 2021-07-01 - fm_daily_stats_restock_notify_vw success
[2021-07-02 01:00:39] - 2021-07-01 - fm_daily_stats_wish_vw start
[2021-07-02 01:00:39] - 2021-07-01 - fm_daily_stats_wish_vw success
[2021-07-02 01:00:39] - 2021-07-01 - fm_daily_stats_cart_vw start
[2021-07-02 01:00:39] - 2021-07-01 - fm_daily_stats_cart_vw success
[2021-07-02 01:00:39] - 2021-07-01 - fm_daily_stats_order_vw start
[2021-07-02 01:00:39] - 2021-07-01 - fm_daily_stats_order_vw success
[2021-07-02 01:00:39] - 2021-07-01 - fm_daily_stats_view_vw start
[2021-07-02 01:00:39] - 2021-07-01 - fm_daily_stats_view_vw success
[2021-07-02 01:00:39] - 2021-07-01 - delete success
[2021-07-02 01:00:40] - 상품별 3개월 구매수량 등록(goods_purchase_ea)
[2021-07-02 01:00:40] - 입점사 정산 주기 변경(account_seller_period_update)
[2021-07-02 01:00:40] - 입점사별 정산 집계(account_seller_stats)
[2021-07-02 01:00:40] - 불필요한 이월데이터 삭제(account_seller_del_sales)
[2021-07-02 01:00:40] - 일일통계 (주문,좋아요,리뷰,재입고알림,찜,장바구니,보기) 집계(daily_stats)
[2021-07-02 01:00:40] - 마일리지, 포인트,캐쉬 통계 집계(statistic_epc)
[2021-07-02 01:00:40] - referer 도메인 업데이트(set_referer_domain)
[2021-07-02 01:00:40] - 일일통계 데이터 삭제(stats_delete)
[2021-07-03 01:00:26] - 2021-07-02 - daily_order start
[2021-07-03 01:00:26] - 2021-07-02 - daily_order success
[2021-07-03 01:00:26] - 2021-07-02 - daily_fblike start
[2021-07-03 01:00:26] - 2021-07-02 - daily_fblike success
[2021-07-03 01:00:26] - 2021-07-02 - daily_review start
[2021-07-03 01:00:26] - 2021-07-02 - daily_review success
[2021-07-03 01:00:26] - 2021-07-02 - daily_restock_notify start
[2021-07-03 01:00:26] - 2021-07-02 - daily_restock_notify success
[2021-07-03 01:00:26] - 2021-07-02 - daily_wish start
[2021-07-03 01:00:26] - 2021-07-02 - daily_wish success
[2021-07-03 01:00:26] - 2021-07-02 - daily_cart start
[2021-07-03 01:00:26] - 2021-07-02 - daily_cart success
[2021-07-03 01:00:26] - 2021-07-02 - daily_view start
[2021-07-03 01:00:27] - 2021-07-02 - daily_view success
[2021-07-03 01:00:27] - 2021-07-02 - daily_sales_price start
[2021-07-03 01:00:27] - 2021-07-02 - daily_sales_price success
[2021-07-03 01:00:27] - 2021-07-02 - case1 start
[2021-07-03 01:00:28] - 2021-07-02 - case1 success
[2021-07-03 01:00:28] - 2021-07-02 - case2 start
[2021-07-03 01:00:38] - 2021-07-02 - case2 success
[2021-07-03 01:00:38] - 2021-07-02 - delete start
[2021-07-03 01:00:38] - 2021-07-02 - fm_daily_stats_fblike_vw start
[2021-07-03 01:00:38] - 2021-07-02 - fm_daily_stats_fblike_vw success
[2021-07-03 01:00:38] - 2021-07-02 - fm_daily_stats_review_vw start
[2021-07-03 01:00:38] - 2021-07-02 - fm_daily_stats_review_vw success
[2021-07-03 01:00:38] - 2021-07-02 - fm_daily_stats_restock_notify_vw start
[2021-07-03 01:00:38] - 2021-07-02 - fm_daily_stats_restock_notify_vw success
[2021-07-03 01:00:38] - 2021-07-02 - fm_daily_stats_wish_vw start
[2021-07-03 01:00:38] - 2021-07-02 - fm_daily_stats_wish_vw success
[2021-07-03 01:00:38] - 2021-07-02 - fm_daily_stats_cart_vw start
[2021-07-03 01:00:38] - 2021-07-02 - fm_daily_stats_cart_vw success
[2021-07-03 01:00:38] - 2021-07-02 - fm_daily_stats_order_vw start
[2021-07-03 01:00:38] - 2021-07-02 - fm_daily_stats_order_vw success
[2021-07-03 01:00:38] - 2021-07-02 - fm_daily_stats_view_vw start
[2021-07-03 01:00:38] - 2021-07-02 - fm_daily_stats_view_vw success
[2021-07-03 01:00:38] - 2021-07-02 - delete success
[2021-07-03 01:00:39] - 상품별 3개월 구매수량 등록(goods_purchase_ea)
[2021-07-03 01:00:39] - 입점사 정산 주기 변경(account_seller_period_update)
[2021-07-03 01:00:39] - 입점사별 정산 집계(account_seller_stats)
[2021-07-03 01:00:39] - 불필요한 이월데이터 삭제(account_seller_del_sales)
[2021-07-03 01:00:39] - 일일통계 (주문,좋아요,리뷰,재입고알림,찜,장바구니,보기) 집계(daily_stats)
[2021-07-03 01:00:39] - 마일리지, 포인트,캐쉬 통계 집계(statistic_epc)
[2021-07-03 01:00:39] - referer 도메인 업데이트(set_referer_domain)
[2021-07-03 01:00:39] - 일일통계 데이터 삭제(stats_delete)
[2021-07-04 01:00:31] - 2021-07-03 - daily_order start
[2021-07-04 01:00:31] - 2021-07-03 - daily_order success
[2021-07-04 01:00:31] - 2021-07-03 - daily_fblike start
[2021-07-04 01:00:31] - 2021-07-03 - daily_fblike success
[2021-07-04 01:00:31] - 2021-07-03 - daily_review start
[2021-07-04 01:00:31] - 2021-07-03 - daily_review success
[2021-07-04 01:00:31] - 2021-07-03 - daily_restock_notify start
[2021-07-04 01:00:31] - 2021-07-03 - daily_restock_notify success
[2021-07-04 01:00:31] - 2021-07-03 - daily_wish start
[2021-07-04 01:00:31] - 2021-07-03 - daily_wish success
[2021-07-04 01:00:31] - 2021-07-03 - daily_cart start
[2021-07-04 01:00:31] - 2021-07-03 - daily_cart success
[2021-07-04 01:00:31] - 2021-07-03 - daily_view start
[2021-07-04 01:00:32] - 2021-07-03 - daily_view success
[2021-07-04 01:00:32] - 2021-07-03 - daily_sales_price start
[2021-07-04 01:00:32] - 2021-07-03 - daily_sales_price success
[2021-07-04 01:00:32] - 2021-07-03 - case1 start
[2021-07-04 01:00:32] - 2021-07-03 - case1 success
[2021-07-04 01:00:32] - 2021-07-03 - case2 start
[2021-07-04 01:00:43] - 2021-07-03 - case2 success
[2021-07-04 01:00:43] - 2021-07-03 - delete start
[2021-07-04 01:00:43] - 2021-07-03 - fm_daily_stats_fblike_vw start
[2021-07-04 01:00:43] - 2021-07-03 - fm_daily_stats_fblike_vw success
[2021-07-04 01:00:43] - 2021-07-03 - fm_daily_stats_review_vw start
[2021-07-04 01:00:43] - 2021-07-03 - fm_daily_stats_review_vw success
[2021-07-04 01:00:43] - 2021-07-03 - fm_daily_stats_restock_notify_vw start
[2021-07-04 01:00:43] - 2021-07-03 - fm_daily_stats_restock_notify_vw success
[2021-07-04 01:00:43] - 2021-07-03 - fm_daily_stats_wish_vw start
[2021-07-04 01:00:43] - 2021-07-03 - fm_daily_stats_wish_vw success
[2021-07-04 01:00:43] - 2021-07-03 - fm_daily_stats_cart_vw start
[2021-07-04 01:00:43] - 2021-07-03 - fm_daily_stats_cart_vw success
[2021-07-04 01:00:43] - 2021-07-03 - fm_daily_stats_order_vw start
[2021-07-04 01:00:43] - 2021-07-03 - fm_daily_stats_order_vw success
[2021-07-04 01:00:43] - 2021-07-03 - fm_daily_stats_view_vw start
[2021-07-04 01:00:43] - 2021-07-03 - fm_daily_stats_view_vw success
[2021-07-04 01:00:43] - 2021-07-03 - delete success
[2021-07-04 01:00:44] - 상품별 3개월 구매수량 등록(goods_purchase_ea)
[2021-07-04 01:00:44] - 입점사 정산 주기 변경(account_seller_period_update)
[2021-07-04 01:00:44] - 입점사별 정산 집계(account_seller_stats)
[2021-07-04 01:00:44] - 불필요한 이월데이터 삭제(account_seller_del_sales)
[2021-07-04 01:00:44] - 일일통계 (주문,좋아요,리뷰,재입고알림,찜,장바구니,보기) 집계(daily_stats)
[2021-07-04 01:00:44] - 마일리지, 포인트,캐쉬 통계 집계(statistic_epc)
[2021-07-04 01:00:44] - referer 도메인 업데이트(set_referer_domain)
[2021-07-04 01:00:44] - 일일통계 데이터 삭제(stats_delete)
[2021-07-05 01:00:25] - 2021-07-04 - daily_order start
[2021-07-05 01:00:25] - 2021-07-04 - daily_order success
[2021-07-05 01:00:25] - 2021-07-04 - daily_fblike start
[2021-07-05 01:00:25] - 2021-07-04 - daily_fblike success
[2021-07-05 01:00:25] - 2021-07-04 - daily_review start
[2021-07-05 01:00:25] - 2021-07-04 - daily_review success
[2021-07-05 01:00:25] - 2021-07-04 - daily_restock_notify start
[2021-07-05 01:00:25] - 2021-07-04 - daily_restock_notify success
[2021-07-05 01:00:25] - 2021-07-04 - daily_wish start
[2021-07-05 01:00:25] - 2021-07-04 - daily_wish success
[2021-07-05 01:00:25] - 2021-07-04 - daily_cart start
[2021-07-05 01:00:26] - 2021-07-04 - daily_cart success
[2021-07-05 01:00:26] - 2021-07-04 - daily_view start
[2021-07-05 01:00:27] - 2021-07-04 - daily_view success
[2021-07-05 01:00:27] - 2021-07-04 - daily_sales_price start
[2021-07-05 01:00:27] - 2021-07-04 - daily_sales_price success
[2021-07-05 01:00:27] - 2021-07-04 - case1 start
[2021-07-05 01:00:27] - 2021-07-04 - case1 success
[2021-07-05 01:00:27] - 2021-07-04 - case2 start
[2021-07-05 01:00:37] - 2021-07-04 - case2 success
[2021-07-05 01:00:37] - 2021-07-04 - delete start
[2021-07-05 01:00:37] - 2021-07-04 - fm_daily_stats_fblike_vw start
[2021-07-05 01:00:37] - 2021-07-04 - fm_daily_stats_fblike_vw success
[2021-07-05 01:00:37] - 2021-07-04 - fm_daily_stats_review_vw start
[2021-07-05 01:00:37] - 2021-07-04 - fm_daily_stats_review_vw success
[2021-07-05 01:00:37] - 2021-07-04 - fm_daily_stats_restock_notify_vw start
[2021-07-05 01:00:37] - 2021-07-04 - fm_daily_stats_restock_notify_vw success
[2021-07-05 01:00:37] - 2021-07-04 - fm_daily_stats_wish_vw start
[2021-07-05 01:00:37] - 2021-07-04 - fm_daily_stats_wish_vw success
[2021-07-05 01:00:37] - 2021-07-04 - fm_daily_stats_cart_vw start
[2021-07-05 01:00:37] - 2021-07-04 - fm_daily_stats_cart_vw success
[2021-07-05 01:00:37] - 2021-07-04 - fm_daily_stats_order_vw start
[2021-07-05 01:00:37] - 2021-07-04 - fm_daily_stats_order_vw success
[2021-07-05 01:00:37] - 2021-07-04 - fm_daily_stats_view_vw start
[2021-07-05 01:00:37] - 2021-07-04 - fm_daily_stats_view_vw success
[2021-07-05 01:00:37] - 2021-07-04 - delete success
[2021-07-05 01:00:38] - 상품별 3개월 구매수량 등록(goods_purchase_ea)
[2021-07-05 01:00:38] - 입점사 정산 주기 변경(account_seller_period_update)
[2021-07-05 01:00:38] - 입점사별 정산 집계(account_seller_stats)
[2021-07-05 01:00:38] - 불필요한 이월데이터 삭제(account_seller_del_sales)
[2021-07-05 01:00:38] - 일일통계 (주문,좋아요,리뷰,재입고알림,찜,장바구니,보기) 집계(daily_stats)
[2021-07-05 01:00:38] - 마일리지, 포인트,캐쉬 통계 집계(statistic_epc)
[2021-07-05 01:00:38] - referer 도메인 업데이트(set_referer_domain)
[2021-07-05 01:00:38] - 일일통계 데이터 삭제(stats_delete)
[2021-07-06 01:00:25] - 2021-07-05 - daily_order start
[2021-07-06 01:00:25] - 2021-07-05 - daily_order success
[2021-07-06 01:00:25] - 2021-07-05 - daily_fblike start
[2021-07-06 01:00:25] - 2021-07-05 - daily_fblike success
[2021-07-06 01:00:25] - 2021-07-05 - daily_review start
[2021-07-06 01:00:25] - 2021-07-05 - daily_review success
[2021-07-06 01:00:25] - 2021-07-05 - daily_restock_notify start
[2021-07-06 01:00:25] - 2021-07-05 - daily_restock_notify success
[2021-07-06 01:00:25] - 2021-07-05 - daily_wish start
[2021-07-06 01:00:25] - 2021-07-05 - daily_wish success
[2021-07-06 01:00:25] - 2021-07-05 - daily_cart start
[2021-07-06 01:00:25] - 2021-07-05 - daily_cart success
[2021-07-06 01:00:25] - 2021-07-05 - daily_view start
[2021-07-06 01:00:26] - 2021-07-05 - daily_view success
[2021-07-06 01:00:26] - 2021-07-05 - daily_sales_price start
[2021-07-06 01:00:26] - 2021-07-05 - daily_sales_price success
[2021-07-06 01:00:26] - 2021-07-05 - case1 start
[2021-07-06 01:00:27] - 2021-07-05 - case1 success
[2021-07-06 01:00:27] - 2021-07-05 - case2 start
[2021-07-06 01:00:37] - 2021-07-05 - case2 success
[2021-07-06 01:00:37] - 2021-07-05 - delete start
[2021-07-06 01:00:37] - 2021-07-05 - fm_daily_stats_fblike_vw start
[2021-07-06 01:00:37] - 2021-07-05 - fm_daily_stats_fblike_vw success
[2021-07-06 01:00:37] - 2021-07-05 - fm_daily_stats_review_vw start
[2021-07-06 01:00:38] - 2021-07-05 - fm_daily_stats_review_vw success
[2021-07-06 01:00:38] - 2021-07-05 - fm_daily_stats_restock_notify_vw start
[2021-07-06 01:00:38] - 2021-07-05 - fm_daily_stats_restock_notify_vw success
[2021-07-06 01:00:38] - 2021-07-05 - fm_daily_stats_wish_vw start
[2021-07-06 01:00:38] - 2021-07-05 - fm_daily_stats_wish_vw success
[2021-07-06 01:00:38] - 2021-07-05 - fm_daily_stats_cart_vw start
[2021-07-06 01:00:38] - 2021-07-05 - fm_daily_stats_cart_vw success
[2021-07-06 01:00:38] - 2021-07-05 - fm_daily_stats_order_vw start
[2021-07-06 01:00:38] - 2021-07-05 - fm_daily_stats_order_vw success
[2021-07-06 01:00:38] - 2021-07-05 - fm_daily_stats_view_vw start
[2021-07-06 01:00:38] - 2021-07-05 - fm_daily_stats_view_vw success
[2021-07-06 01:00:38] - 2021-07-05 - delete success
[2021-07-06 01:00:38] - 상품별 3개월 구매수량 등록(goods_purchase_ea)
[2021-07-06 01:00:38] - 입점사 정산 주기 변경(account_seller_period_update)
[2021-07-06 01:00:38] - 입점사별 정산 집계(account_seller_stats)
[2021-07-06 01:00:38] - 불필요한 이월데이터 삭제(account_seller_del_sales)
[2021-07-06 01:00:38] - 일일통계 (주문,좋아요,리뷰,재입고알림,찜,장바구니,보기) 집계(daily_stats)
[2021-07-06 01:00:38] - 마일리지, 포인트,캐쉬 통계 집계(statistic_epc)
[2021-07-06 01:00:38] - referer 도메인 업데이트(set_referer_domain)
[2021-07-06 01:00:38] - 일일통계 데이터 삭제(stats_delete)
[2021-07-07 01:00:27] - 2021-07-06 - daily_order start
[2021-07-07 01:00:27] - 2021-07-06 - daily_order success
[2021-07-07 01:00:27] - 2021-07-06 - daily_fblike start
[2021-07-07 01:00:27] - 2021-07-06 - daily_fblike success
[2021-07-07 01:00:27] - 2021-07-06 - daily_review start
[2021-07-07 01:00:27] - 2021-07-06 - daily_review success
[2021-07-07 01:00:27] - 2021-07-06 - daily_restock_notify start
[2021-07-07 01:00:27] - 2021-07-06 - daily_restock_notify success
[2021-07-07 01:00:27] - 2021-07-06 - daily_wish start
[2021-07-07 01:00:27] - 2021-07-06 - daily_wish success
[2021-07-07 01:00:27] - 2021-07-06 - daily_cart start
[2021-07-07 01:00:27] - 2021-07-06 - daily_cart success
[2021-07-07 01:00:27] - 2021-07-06 - daily_view start
[2021-07-07 01:00:28] - 2021-07-06 - daily_view success
[2021-07-07 01:00:28] - 2021-07-06 - daily_sales_price start
[2021-07-07 01:00:28] - 2021-07-06 - daily_sales_price success
[2021-07-07 01:00:28] - 2021-07-06 - case1 start
[2021-07-07 01:00:28] - 2021-07-06 - case1 success
[2021-07-07 01:00:28] - 2021-07-06 - case2 start
[2021-07-07 01:00:39] - 2021-07-06 - case2 success
[2021-07-07 01:00:39] - 2021-07-06 - delete start
[2021-07-07 01:00:39] - 2021-07-06 - fm_daily_stats_fblike_vw start
[2021-07-07 01:00:39] - 2021-07-06 - fm_daily_stats_fblike_vw success
[2021-07-07 01:00:39] - 2021-07-06 - fm_daily_stats_review_vw start
[2021-07-07 01:00:39] - 2021-07-06 - fm_daily_stats_review_vw success
[2021-07-07 01:00:39] - 2021-07-06 - fm_daily_stats_restock_notify_vw start
[2021-07-07 01:00:39] - 2021-07-06 - fm_daily_stats_restock_notify_vw success
[2021-07-07 01:00:39] - 2021-07-06 - fm_daily_stats_wish_vw start
[2021-07-07 01:00:39] - 2021-07-06 - fm_daily_stats_wish_vw success
[2021-07-07 01:00:39] - 2021-07-06 - fm_daily_stats_cart_vw start
[2021-07-07 01:00:39] - 2021-07-06 - fm_daily_stats_cart_vw success
[2021-07-07 01:00:39] - 2021-07-06 - fm_daily_stats_order_vw start
[2021-07-07 01:00:39] - 2021-07-06 - fm_daily_stats_order_vw success
[2021-07-07 01:00:39] - 2021-07-06 - fm_daily_stats_view_vw start
[2021-07-07 01:00:39] - 2021-07-06 - fm_daily_stats_view_vw success
[2021-07-07 01:00:39] - 2021-07-06 - delete success
[2021-07-07 01:00:39] - 상품별 3개월 구매수량 등록(goods_purchase_ea)
[2021-07-07 01:00:39] - 입점사 정산 주기 변경(account_seller_period_update)
[2021-07-07 01:00:39] - 입점사별 정산 집계(account_seller_stats)
[2021-07-07 01:00:39] - 불필요한 이월데이터 삭제(account_seller_del_sales)
[2021-07-07 01:00:39] - 일일통계 (주문,좋아요,리뷰,재입고알림,찜,장바구니,보기) 집계(daily_stats)
[2021-07-07 01:00:39] - 마일리지, 포인트,캐쉬 통계 집계(statistic_epc)
[2021-07-07 01:00:39] - referer 도메인 업데이트(set_referer_domain)
[2021-07-07 01:00:39] - 일일통계 데이터 삭제(stats_delete)
[2021-07-08 01:00:25] - 2021-07-07 - daily_order start
[2021-07-08 01:00:25] - 2021-07-07 - daily_order success
[2021-07-08 01:00:25] - 2021-07-07 - daily_fblike start
[2021-07-08 01:00:25] - 2021-07-07 - daily_fblike success
[2021-07-08 01:00:25] - 2021-07-07 - daily_review start
[2021-07-08 01:00:25] - 2021-07-07 - daily_review success
[2021-07-08 01:00:25] - 2021-07-07 - daily_restock_notify start
[2021-07-08 01:00:25] - 2021-07-07 - daily_restock_notify success
[2021-07-08 01:00:25] - 2021-07-07 - daily_wish start
[2021-07-08 01:00:25] - 2021-07-07 - daily_wish success
[2021-07-08 01:00:25] - 2021-07-07 - daily_cart start
[2021-07-08 01:00:25] - 2021-07-07 - daily_cart success
[2021-07-08 01:00:25] - 2021-07-07 - daily_view start
[2021-07-08 01:00:26] - 2021-07-07 - daily_view success
[2021-07-08 01:00:26] - 2021-07-07 - daily_sales_price start
[2021-07-08 01:00:26] - 2021-07-07 - daily_sales_price success
[2021-07-08 01:00:26] - 2021-07-07 - case1 start
[2021-07-08 01:00:27] - 2021-07-07 - case1 success
[2021-07-08 01:00:27] - 2021-07-07 - case2 start
[2021-07-08 01:00:37] - 2021-07-07 - case2 success
[2021-07-08 01:00:37] - 2021-07-07 - delete start
[2021-07-08 01:00:37] - 2021-07-07 - fm_daily_stats_fblike_vw start
[2021-07-08 01:00:37] - 2021-07-07 - fm_daily_stats_fblike_vw success
[2021-07-08 01:00:37] - 2021-07-07 - fm_daily_stats_review_vw start
[2021-07-08 01:00:37] - 2021-07-07 - fm_daily_stats_review_vw success
[2021-07-08 01:00:37] - 2021-07-07 - fm_daily_stats_restock_notify_vw start
[2021-07-08 01:00:37] - 2021-07-07 - fm_daily_stats_restock_notify_vw success
[2021-07-08 01:00:37] - 2021-07-07 - fm_daily_stats_wish_vw start
[2021-07-08 01:00:37] - 2021-07-07 - fm_daily_stats_wish_vw success
[2021-07-08 01:00:37] - 2021-07-07 - fm_daily_stats_cart_vw start
[2021-07-08 01:00:37] - 2021-07-07 - fm_daily_stats_cart_vw success
[2021-07-08 01:00:37] - 2021-07-07 - fm_daily_stats_order_vw start
[2021-07-08 01:00:37] - 2021-07-07 - fm_daily_stats_order_vw success
[2021-07-08 01:00:37] - 2021-07-07 - fm_daily_stats_view_vw start
[2021-07-08 01:00:37] - 2021-07-07 - fm_daily_stats_view_vw success
[2021-07-08 01:00:37] - 2021-07-07 - delete success
[2021-07-08 01:00:38] - 상품별 3개월 구매수량 등록(goods_purchase_ea)
[2021-07-08 01:00:38] - 입점사 정산 주기 변경(account_seller_period_update)
[2021-07-08 01:00:38] - 입점사별 정산 집계(account_seller_stats)
[2021-07-08 01:00:38] - 불필요한 이월데이터 삭제(account_seller_del_sales)
[2021-07-08 01:00:38] - 일일통계 (주문,좋아요,리뷰,재입고알림,찜,장바구니,보기) 집계(daily_stats)
[2021-07-08 01:00:38] - 마일리지, 포인트,캐쉬 통계 집계(statistic_epc)
[2021-07-08 01:00:38] - referer 도메인 업데이트(set_referer_domain)
[2021-07-08 01:00:38] - 일일통계 데이터 삭제(stats_delete)
[2021-07-09 01:00:25] - 2021-07-08 - daily_order start
[2021-07-09 01:00:25] - 2021-07-08 - daily_order success
[2021-07-09 01:00:26] - 2021-07-08 - daily_fblike start
[2021-07-09 01:00:26] - 2021-07-08 - daily_fblike success
[2021-07-09 01:00:26] - 2021-07-08 - daily_review start
[2021-07-09 01:00:26] - 2021-07-08 - daily_review success
[2021-07-09 01:00:26] - 2021-07-08 - daily_restock_notify start
[2021-07-09 01:00:26] - 2021-07-08 - daily_restock_notify success
[2021-07-09 01:00:26] - 2021-07-08 - daily_wish start
[2021-07-09 01:00:26] - 2021-07-08 - daily_wish success
[2021-07-09 01:00:26] - 2021-07-08 - daily_cart start
[2021-07-09 01:00:26] - 2021-07-08 - daily_cart success
[2021-07-09 01:00:26] - 2021-07-08 - daily_view start
[2021-07-09 01:00:27] - 2021-07-08 - daily_view success
[2021-07-09 01:00:27] - 2021-07-08 - daily_sales_price start
[2021-07-09 01:00:27] - 2021-07-08 - daily_sales_price success
[2021-07-09 01:00:27] - 2021-07-08 - case1 start
[2021-07-09 01:00:27] - 2021-07-08 - case1 success
[2021-07-09 01:00:27] - 2021-07-08 - case2 start
[2021-07-09 01:00:38] - 2021-07-08 - case2 success
[2021-07-09 01:00:38] - 2021-07-08 - delete start
[2021-07-09 01:00:38] - 2021-07-08 - fm_daily_stats_fblike_vw start
[2021-07-09 01:00:38] - 2021-07-08 - fm_daily_stats_fblike_vw success
[2021-07-09 01:00:38] - 2021-07-08 - fm_daily_stats_review_vw start
[2021-07-09 01:00:38] - 2021-07-08 - fm_daily_stats_review_vw success
[2021-07-09 01:00:38] - 2021-07-08 - fm_daily_stats_restock_notify_vw start
[2021-07-09 01:00:38] - 2021-07-08 - fm_daily_stats_restock_notify_vw success
[2021-07-09 01:00:38] - 2021-07-08 - fm_daily_stats_wish_vw start
[2021-07-09 01:00:38] - 2021-07-08 - fm_daily_stats_wish_vw success
[2021-07-09 01:00:38] - 2021-07-08 - fm_daily_stats_cart_vw start
[2021-07-09 01:00:38] - 2021-07-08 - fm_daily_stats_cart_vw success
[2021-07-09 01:00:38] - 2021-07-08 - fm_daily_stats_order_vw start
[2021-07-09 01:00:38] - 2021-07-08 - fm_daily_stats_order_vw success
[2021-07-09 01:00:38] - 2021-07-08 - fm_daily_stats_view_vw start
[2021-07-09 01:00:38] - 2021-07-08 - fm_daily_stats_view_vw success
[2021-07-09 01:00:38] - 2021-07-08 - delete success
[2021-07-09 01:00:38] - 상품별 3개월 구매수량 등록(goods_purchase_ea)
[2021-07-09 01:00:38] - 입점사 정산 주기 변경(account_seller_period_update)
[2021-07-09 01:00:38] - 입점사별 정산 집계(account_seller_stats)
[2021-07-09 01:00:38] - 불필요한 이월데이터 삭제(account_seller_del_sales)
[2021-07-09 01:00:38] - 일일통계 (주문,좋아요,리뷰,재입고알림,찜,장바구니,보기) 집계(daily_stats)
[2021-07-09 01:00:38] - 마일리지, 포인트,캐쉬 통계 집계(statistic_epc)
[2021-07-09 01:00:38] - referer 도메인 업데이트(set_referer_domain)
[2021-07-09 01:00:38] - 일일통계 데이터 삭제(stats_delete)
[2021-07-10 01:00:28] - 2021-07-09 - daily_order start
[2021-07-10 01:00:28] - 2021-07-09 - daily_order success
[2021-07-10 01:00:28] - 2021-07-09 - daily_fblike start
[2021-07-10 01:00:28] - 2021-07-09 - daily_fblike success
[2021-07-10 01:00:28] - 2021-07-09 - daily_review start
[2021-07-10 01:00:28] - 2021-07-09 - daily_review success
[2021-07-10 01:00:28] - 2021-07-09 - daily_restock_notify start
[2021-07-10 01:00:28] - 2021-07-09 - daily_restock_notify success
[2021-07-10 01:00:28] - 2021-07-09 - daily_wish start
[2021-07-10 01:00:29] - 2021-07-09 - daily_wish success
[2021-07-10 01:00:29] - 2021-07-09 - daily_cart start
[2021-07-10 01:00:29] - 2021-07-09 - daily_cart success
[2021-07-10 01:00:29] - 2021-07-09 - daily_view start
[2021-07-10 01:00:39] - 2021-07-09 - daily_view success
[2021-07-10 01:00:39] - 2021-07-09 - daily_sales_price start
[2021-07-10 01:00:39] - 2021-07-09 - daily_sales_price success
[2021-07-10 01:00:39] - 2021-07-09 - case1 start
[2021-07-10 01:00:40] - 2021-07-09 - case1 success
[2021-07-10 01:00:40] - 2021-07-09 - case2 start
[2021-07-10 01:00:52] - 2021-07-09 - case2 success
[2021-07-10 01:00:52] - 2021-07-09 - delete start
[2021-07-10 01:00:52] - 2021-07-09 - fm_daily_stats_fblike_vw start
[2021-07-10 01:00:52] - 2021-07-09 - fm_daily_stats_fblike_vw success
[2021-07-10 01:00:52] - 2021-07-09 - fm_daily_stats_review_vw start
[2021-07-10 01:00:52] - 2021-07-09 - fm_daily_stats_review_vw success
[2021-07-10 01:00:52] - 2021-07-09 - fm_daily_stats_restock_notify_vw start
[2021-07-10 01:00:52] - 2021-07-09 - fm_daily_stats_restock_notify_vw success
[2021-07-10 01:00:52] - 2021-07-09 - fm_daily_stats_wish_vw start
[2021-07-10 01:00:52] - 2021-07-09 - fm_daily_stats_wish_vw success
[2021-07-10 01:00:52] - 2021-07-09 - fm_daily_stats_cart_vw start
[2021-07-10 01:00:52] - 2021-07-09 - fm_daily_stats_cart_vw success
[2021-07-10 01:00:52] - 2021-07-09 - fm_daily_stats_order_vw start
[2021-07-10 01:00:52] - 2021-07-09 - fm_daily_stats_order_vw success
[2021-07-10 01:00:52] - 2021-07-09 - fm_daily_stats_view_vw start
[2021-07-10 01:00:52] - 2021-07-09 - fm_daily_stats_view_vw success
[2021-07-10 01:00:52] - 2021-07-09 - delete success
[2021-07-10 01:00:52] - 상품별 3개월 구매수량 등록(goods_purchase_ea)
[2021-07-10 01:00:52] - 입점사 정산 주기 변경(account_seller_period_update)
[2021-07-10 01:00:52] - 입점사별 정산 집계(account_seller_stats)
[2021-07-10 01:00:52] - 불필요한 이월데이터 삭제(account_seller_del_sales)
[2021-07-10 01:00:52] - 일일통계 (주문,좋아요,리뷰,재입고알림,찜,장바구니,보기) 집계(daily_stats)
[2021-07-10 01:00:52] - 마일리지, 포인트,캐쉬 통계 집계(statistic_epc)
[2021-07-10 01:00:52] - referer 도메인 업데이트(set_referer_domain)
[2021-07-10 01:00:52] - 일일통계 데이터 삭제(stats_delete)
[2021-07-11 01:00:27] - 2021-07-10 - daily_order start
[2021-07-11 01:00:27] - 2021-07-10 - daily_order success
[2021-07-11 01:00:27] - 2021-07-10 - daily_fblike start
[2021-07-11 01:00:27] - 2021-07-10 - daily_fblike success
[2021-07-11 01:00:27] - 2021-07-10 - daily_review start
[2021-07-11 01:00:27] - 2021-07-10 - daily_review success
[2021-07-11 01:00:27] - 2021-07-10 - daily_restock_notify start
[2021-07-11 01:00:27] - 2021-07-10 - daily_restock_notify success
[2021-07-11 01:00:27] - 2021-07-10 - daily_wish start
[2021-07-11 01:00:27] - 2021-07-10 - daily_wish success
[2021-07-11 01:00:27] - 2021-07-10 - daily_cart start
[2021-07-11 01:00:28] - 2021-07-10 - daily_cart success
[2021-07-11 01:00:28] - 2021-07-10 - daily_view start
[2021-07-11 01:00:38] - 2021-07-10 - daily_view success
[2021-07-11 01:00:38] - 2021-07-10 - daily_sales_price start
[2021-07-11 01:00:38] - 2021-07-10 - daily_sales_price success
[2021-07-11 01:00:38] - 2021-07-10 - case1 start
[2021-07-11 01:00:40] - 2021-07-10 - case1 success
[2021-07-11 01:00:40] - 2021-07-10 - case2 start
[2021-07-11 01:00:52] - 2021-07-10 - case2 success
[2021-07-11 01:00:52] - 2021-07-10 - delete start
[2021-07-11 01:00:52] - 2021-07-10 - fm_daily_stats_fblike_vw start
[2021-07-11 01:00:52] - 2021-07-10 - fm_daily_stats_fblike_vw success
[2021-07-11 01:00:52] - 2021-07-10 - fm_daily_stats_review_vw start
[2021-07-11 01:00:52] - 2021-07-10 - fm_daily_stats_review_vw success
[2021-07-11 01:00:52] - 2021-07-10 - fm_daily_stats_restock_notify_vw start
[2021-07-11 01:00:52] - 2021-07-10 - fm_daily_stats_restock_notify_vw success
[2021-07-11 01:00:52] - 2021-07-10 - fm_daily_stats_wish_vw start
[2021-07-11 01:00:52] - 2021-07-10 - fm_daily_stats_wish_vw success
[2021-07-11 01:00:52] - 2021-07-10 - fm_daily_stats_cart_vw start
[2021-07-11 01:00:52] - 2021-07-10 - fm_daily_stats_cart_vw success
[2021-07-11 01:00:52] - 2021-07-10 - fm_daily_stats_order_vw start
[2021-07-11 01:00:52] - 2021-07-10 - fm_daily_stats_order_vw success
[2021-07-11 01:00:52] - 2021-07-10 - fm_daily_stats_view_vw start
[2021-07-11 01:00:52] - 2021-07-10 - fm_daily_stats_view_vw success
[2021-07-11 01:00:52] - 2021-07-10 - delete success
[2021-07-11 01:00:53] - 상품별 3개월 구매수량 등록(goods_purchase_ea)
[2021-07-11 01:00:53] - 입점사 정산 주기 변경(account_seller_period_update)
[2021-07-11 01:00:53] - 입점사별 정산 집계(account_seller_stats)
[2021-07-11 01:00:53] - 불필요한 이월데이터 삭제(account_seller_del_sales)
[2021-07-11 01:00:53] - 일일통계 (주문,좋아요,리뷰,재입고알림,찜,장바구니,보기) 집계(daily_stats)
[2021-07-11 01:00:53] - 마일리지, 포인트,캐쉬 통계 집계(statistic_epc)
[2021-07-11 01:00:53] - referer 도메인 업데이트(set_referer_domain)
[2021-07-11 01:00:53] - 일일통계 데이터 삭제(stats_delete)
[2021-07-12 01:00:29] - 2021-07-11 - daily_order start
[2021-07-12 01:00:29] - 2021-07-11 - daily_order success
[2021-07-12 01:00:29] - 2021-07-11 - daily_fblike start
[2021-07-12 01:00:29] - 2021-07-11 - daily_fblike success
[2021-07-12 01:00:29] - 2021-07-11 - daily_review start
[2021-07-12 01:00:29] - 2021-07-11 - daily_review success
[2021-07-12 01:00:29] - 2021-07-11 - daily_restock_notify start
[2021-07-12 01:00:29] - 2021-07-11 - daily_restock_notify success
[2021-07-12 01:00:29] - 2021-07-11 - daily_wish start
[2021-07-12 01:00:29] - 2021-07-11 - daily_wish success
[2021-07-12 01:00:29] - 2021-07-11 - daily_cart start
[2021-07-12 01:00:30] - 2021-07-11 - daily_cart success
[2021-07-12 01:00:30] - 2021-07-11 - daily_view start
[2021-07-12 01:00:39] - 2021-07-11 - daily_view success
[2021-07-12 01:00:39] - 2021-07-11 - daily_sales_price start
[2021-07-12 01:00:39] - 2021-07-11 - daily_sales_price success
[2021-07-12 01:00:39] - 2021-07-11 - case1 start
[2021-07-12 01:00:39] - 2021-07-11 - case1 success
[2021-07-12 01:00:39] - 2021-07-11 - case2 start
[2021-07-12 01:00:52] - 2021-07-11 - case2 success
[2021-07-12 01:00:52] - 2021-07-11 - delete start
[2021-07-12 01:00:52] - 2021-07-11 - fm_daily_stats_fblike_vw start
[2021-07-12 01:00:52] - 2021-07-11 - fm_daily_stats_fblike_vw success
[2021-07-12 01:00:52] - 2021-07-11 - fm_daily_stats_review_vw start
[2021-07-12 01:00:52] - 2021-07-11 - fm_daily_stats_review_vw success
[2021-07-12 01:00:52] - 2021-07-11 - fm_daily_stats_restock_notify_vw start
[2021-07-12 01:00:52] - 2021-07-11 - fm_daily_stats_restock_notify_vw success
[2021-07-12 01:00:52] - 2021-07-11 - fm_daily_stats_wish_vw start
[2021-07-12 01:00:52] - 2021-07-11 - fm_daily_stats_wish_vw success
[2021-07-12 01:00:52] - 2021-07-11 - fm_daily_stats_cart_vw start
[2021-07-12 01:00:52] - 2021-07-11 - fm_daily_stats_cart_vw success
[2021-07-12 01:00:52] - 2021-07-11 - fm_daily_stats_order_vw start
[2021-07-12 01:00:52] - 2021-07-11 - fm_daily_stats_order_vw success
[2021-07-12 01:00:52] - 2021-07-11 - fm_daily_stats_view_vw start
[2021-07-12 01:00:52] - 2021-07-11 - fm_daily_stats_view_vw success
[2021-07-12 01:00:52] - 2021-07-11 - delete success
[2021-07-12 01:00:53] - 상품별 3개월 구매수량 등록(goods_purchase_ea)
[2021-07-12 01:00:53] - 입점사 정산 주기 변경(account_seller_period_update)
[2021-07-12 01:00:53] - 입점사별 정산 집계(account_seller_stats)
[2021-07-12 01:00:53] - 불필요한 이월데이터 삭제(account_seller_del_sales)
[2021-07-12 01:00:53] - 일일통계 (주문,좋아요,리뷰,재입고알림,찜,장바구니,보기) 집계(daily_stats)
[2021-07-12 01:00:53] - 마일리지, 포인트,캐쉬 통계 집계(statistic_epc)
[2021-07-12 01:00:53] - referer 도메인 업데이트(set_referer_domain)
[2021-07-12 01:00:53] - 일일통계 데이터 삭제(stats_delete)
[2021-07-13 01:00:34] - 2021-07-12 - daily_order start
[2021-07-13 01:00:46] - 2021-07-12 - daily_order success
[2021-07-13 01:00:46] - 2021-07-12 - daily_fblike start
[2021-07-13 01:00:46] - 2021-07-12 - daily_fblike success
[2021-07-13 01:00:46] - 2021-07-12 - daily_review start
[2021-07-13 01:00:46] - 2021-07-12 - daily_review success
[2021-07-13 01:00:46] - 2021-07-12 - daily_restock_notify start
[2021-07-13 01:00:46] - 2021-07-12 - daily_restock_notify success
[2021-07-13 01:00:46] - 2021-07-12 - daily_wish start
[2021-07-13 01:00:49] - 2021-07-12 - daily_wish success
[2021-07-13 01:00:49] - 2021-07-12 - daily_cart start
[2021-07-13 01:01:19] - 2021-07-12 - daily_cart success
[2021-07-13 01:01:19] - 2021-07-12 - daily_view start
[2021-07-13 01:02:30] - 2021-07-12 - daily_view success
[2021-07-13 01:02:30] - 2021-07-12 - daily_sales_price start
[2021-07-13 01:02:32] - 2021-07-12 - daily_sales_price success
[2021-07-13 01:02:32] - 2021-07-12 - case1 start
[2021-07-13 01:02:33] - 2021-07-12 - case1 success
[2021-07-13 01:02:33] - 2021-07-12 - case2 start
[2021-07-13 01:02:46] - 2021-07-12 - case2 success
[2021-07-13 01:02:46] - 2021-07-12 - delete start
[2021-07-13 01:02:46] - 2021-07-12 - fm_daily_stats_fblike_vw start
[2021-07-13 01:02:46] - 2021-07-12 - fm_daily_stats_fblike_vw success
[2021-07-13 01:02:46] - 2021-07-12 - fm_daily_stats_review_vw start
[2021-07-13 01:02:46] - 2021-07-12 - fm_daily_stats_review_vw success
[2021-07-13 01:02:46] - 2021-07-12 - fm_daily_stats_restock_notify_vw start
[2021-07-13 01:02:46] - 2021-07-12 - fm_daily_stats_restock_notify_vw success
[2021-07-13 01:02:46] - 2021-07-12 - fm_daily_stats_wish_vw start
[2021-07-13 01:02:46] - 2021-07-12 - fm_daily_stats_wish_vw success
[2021-07-13 01:02:46] - 2021-07-12 - fm_daily_stats_cart_vw start
[2021-07-13 01:02:46] - 2021-07-12 - fm_daily_stats_cart_vw success
[2021-07-13 01:02:46] - 2021-07-12 - fm_daily_stats_order_vw start
[2021-07-13 01:02:46] - 2021-07-12 - fm_daily_stats_order_vw success
[2021-07-13 01:02:46] - 2021-07-12 - fm_daily_stats_view_vw start
[2021-07-13 01:02:46] - 2021-07-12 - fm_daily_stats_view_vw success
[2021-07-13 01:02:46] - 2021-07-12 - delete success
[2021-07-13 01:02:46] - 상품별 3개월 구매수량 등록(goods_purchase_ea)
[2021-07-13 01:02:46] - 입점사 정산 주기 변경(account_seller_period_update)
[2021-07-13 01:02:46] - 입점사별 정산 집계(account_seller_stats)
[2021-07-13 01:02:46] - 불필요한 이월데이터 삭제(account_seller_del_sales)
[2021-07-13 01:02:46] - 일일통계 (주문,좋아요,리뷰,재입고알림,찜,장바구니,보기) 집계(daily_stats)
[2021-07-13 01:02:46] - 마일리지, 포인트,캐쉬 통계 집계(statistic_epc)
[2021-07-13 01:02:46] - referer 도메인 업데이트(set_referer_domain)
[2021-07-13 01:02:46] - 일일통계 데이터 삭제(stats_delete)
[2021-07-14 01:00:29] - 2021-07-13 - daily_order start
[2021-07-14 01:00:29] - 2021-07-13 - daily_order success
[2021-07-14 01:00:29] - 2021-07-13 - daily_fblike start
[2021-07-14 01:00:29] - 2021-07-13 - daily_fblike success
[2021-07-14 01:00:29] - 2021-07-13 - daily_review start
[2021-07-14 01:00:29] - 2021-07-13 - daily_review success
[2021-07-14 01:00:29] - 2021-07-13 - daily_restock_notify start
[2021-07-14 01:00:29] - 2021-07-13 - daily_restock_notify success
[2021-07-14 01:00:29] - 2021-07-13 - daily_wish start
[2021-07-14 01:00:29] - 2021-07-13 - daily_wish success
[2021-07-14 01:00:29] - 2021-07-13 - daily_cart start
[2021-07-14 01:00:31] - 2021-07-13 - daily_cart success
[2021-07-14 01:00:31] - 2021-07-13 - daily_view start
[2021-07-14 01:00:41] - 2021-07-13 - daily_view success
[2021-07-14 01:00:41] - 2021-07-13 - daily_sales_price start
[2021-07-14 01:00:41] - 2021-07-13 - daily_sales_price success
[2021-07-14 01:00:41] - 2021-07-13 - case1 start
[2021-07-14 01:00:43] - 2021-07-13 - case1 success
[2021-07-14 01:00:43] - 2021-07-13 - case2 start
[2021-07-14 01:01:04] - 2021-07-13 - case2 success
[2021-07-14 01:01:04] - 2021-07-13 - delete start
[2021-07-14 01:01:04] - 2021-07-13 - fm_daily_stats_fblike_vw start
[2021-07-14 01:01:04] - 2021-07-13 - fm_daily_stats_fblike_vw success
[2021-07-14 01:01:04] - 2021-07-13 - fm_daily_stats_review_vw start
[2021-07-14 01:01:04] - 2021-07-13 - fm_daily_stats_review_vw success
[2021-07-14 01:01:04] - 2021-07-13 - fm_daily_stats_restock_notify_vw start
[2021-07-14 01:01:04] - 2021-07-13 - fm_daily_stats_restock_notify_vw success
[2021-07-14 01:01:04] - 2021-07-13 - fm_daily_stats_wish_vw start
[2021-07-14 01:01:04] - 2021-07-13 - fm_daily_stats_wish_vw success
[2021-07-14 01:01:04] - 2021-07-13 - fm_daily_stats_cart_vw start
[2021-07-14 01:01:04] - 2021-07-13 - fm_daily_stats_cart_vw success
[2021-07-14 01:01:04] - 2021-07-13 - fm_daily_stats_order_vw start
[2021-07-14 01:01:04] - 2021-07-13 - fm_daily_stats_order_vw success
[2021-07-14 01:01:04] - 2021-07-13 - fm_daily_stats_view_vw start
[2021-07-14 01:01:04] - 2021-07-13 - fm_daily_stats_view_vw success
[2021-07-14 01:01:04] - 2021-07-13 - delete success
[2021-07-14 01:01:04] - 상품별 3개월 구매수량 등록(goods_purchase_ea)
[2021-07-14 01:01:04] - 입점사 정산 주기 변경(account_seller_period_update)
[2021-07-14 01:01:04] - 입점사별 정산 집계(account_seller_stats)
[2021-07-14 01:01:04] - 불필요한 이월데이터 삭제(account_seller_del_sales)
[2021-07-14 01:01:04] - 일일통계 (주문,좋아요,리뷰,재입고알림,찜,장바구니,보기) 집계(daily_stats)
[2021-07-14 01:01:04] - 마일리지, 포인트,캐쉬 통계 집계(statistic_epc)
[2021-07-14 01:01:04] - referer 도메인 업데이트(set_referer_domain)
[2021-07-14 01:01:04] - 일일통계 데이터 삭제(stats_delete)
[2021-07-15 01:00:28] - 2021-07-14 - daily_order start
[2021-07-15 01:00:28] - 2021-07-14 - daily_order success
[2021-07-15 01:00:28] - 2021-07-14 - daily_fblike start
[2021-07-15 01:00:28] - 2021-07-14 - daily_fblike success
[2021-07-15 01:00:28] - 2021-07-14 - daily_review start
[2021-07-15 01:00:28] - 2021-07-14 - daily_review success
[2021-07-15 01:00:28] - 2021-07-14 - daily_restock_notify start
[2021-07-15 01:00:28] - 2021-07-14 - daily_restock_notify success
[2021-07-15 01:00:28] - 2021-07-14 - daily_wish start
[2021-07-15 01:00:28] - 2021-07-14 - daily_wish success
[2021-07-15 01:00:28] - 2021-07-14 - daily_cart start
[2021-07-15 01:00:28] - 2021-07-14 - daily_cart success
[2021-07-15 01:00:28] - 2021-07-14 - daily_view start
[2021-07-15 01:00:33] - 2021-07-14 - daily_view success
[2021-07-15 01:00:33] - 2021-07-14 - daily_sales_price start
[2021-07-15 01:00:33] - 2021-07-14 - daily_sales_price success
[2021-07-15 01:00:33] - 2021-07-14 - case1 start
[2021-07-15 01:00:35] - 2021-07-14 - case1 success
[2021-07-15 01:00:35] - 2021-07-14 - case2 start
[2021-07-15 01:00:56] - 2021-07-14 - case2 success
[2021-07-15 01:00:56] - 2021-07-14 - delete start
[2021-07-15 01:00:56] - 2021-07-14 - fm_daily_stats_fblike_vw start
[2021-07-15 01:00:56] - 2021-07-14 - fm_daily_stats_fblike_vw success
[2021-07-15 01:00:56] - 2021-07-14 - fm_daily_stats_review_vw start
[2021-07-15 01:00:56] - 2021-07-14 - fm_daily_stats_review_vw success
[2021-07-15 01:00:56] - 2021-07-14 - fm_daily_stats_restock_notify_vw start
[2021-07-15 01:00:56] - 2021-07-14 - fm_daily_stats_restock_notify_vw success
[2021-07-15 01:00:56] - 2021-07-14 - fm_daily_stats_wish_vw start
[2021-07-15 01:00:56] - 2021-07-14 - fm_daily_stats_wish_vw success
[2021-07-15 01:00:56] - 2021-07-14 - fm_daily_stats_cart_vw start
[2021-07-15 01:00:56] - 2021-07-14 - fm_daily_stats_cart_vw success
[2021-07-15 01:00:56] - 2021-07-14 - fm_daily_stats_order_vw start
[2021-07-15 01:00:56] - 2021-07-14 - fm_daily_stats_order_vw success
[2021-07-15 01:00:56] - 2021-07-14 - fm_daily_stats_view_vw start
[2021-07-15 01:00:56] - 2021-07-14 - fm_daily_stats_view_vw success
[2021-07-15 01:00:56] - 2021-07-14 - delete success
[2021-07-15 01:00:56] - 상품별 3개월 구매수량 등록(goods_purchase_ea)
[2021-07-15 01:00:56] - 입점사 정산 주기 변경(account_seller_period_update)
[2021-07-15 01:00:56] - 입점사별 정산 집계(account_seller_stats)
[2021-07-15 01:00:56] - 불필요한 이월데이터 삭제(account_seller_del_sales)
[2021-07-15 01:00:56] - 일일통계 (주문,좋아요,리뷰,재입고알림,찜,장바구니,보기) 집계(daily_stats)
[2021-07-15 01:00:56] - 마일리지, 포인트,캐쉬 통계 집계(statistic_epc)
[2021-07-15 01:00:56] - referer 도메인 업데이트(set_referer_domain)
[2021-07-15 01:00:56] - 일일통계 데이터 삭제(stats_delete)
[2021-07-16 01:00:28] - 2021-07-15 - daily_order start
[2021-07-16 01:00:28] - 2021-07-15 - daily_order success
[2021-07-16 01:00:28] - 2021-07-15 - daily_fblike start
[2021-07-16 01:00:28] - 2021-07-15 - daily_fblike success
[2021-07-16 01:00:28] - 2021-07-15 - daily_review start
[2021-07-16 01:00:28] - 2021-07-15 - daily_review success
[2021-07-16 01:00:28] - 2021-07-15 - daily_restock_notify start
[2021-07-16 01:00:28] - 2021-07-15 - daily_restock_notify success
[2021-07-16 01:00:28] - 2021-07-15 - daily_wish start
[2021-07-16 01:00:28] - 2021-07-15 - daily_wish success
[2021-07-16 01:00:28] - 2021-07-15 - daily_cart start
[2021-07-16 01:00:29] - 2021-07-15 - daily_cart success
[2021-07-16 01:00:29] - 2021-07-15 - daily_view start
[2021-07-16 01:00:36] - 2021-07-15 - daily_view success
[2021-07-16 01:00:36] - 2021-07-15 - daily_sales_price start
[2021-07-16 01:00:37] - 2021-07-15 - daily_sales_price success
[2021-07-16 01:00:37] - 2021-07-15 - case1 start
[2021-07-16 01:00:39] - 2021-07-15 - case1 success
[2021-07-16 01:00:39] - 2021-07-15 - case2 start
[2021-07-16 01:01:00] - 2021-07-15 - case2 success
[2021-07-16 01:01:00] - 2021-07-15 - delete start
[2021-07-16 01:01:00] - 2021-07-15 - fm_daily_stats_fblike_vw start
[2021-07-16 01:01:00] - 2021-07-15 - fm_daily_stats_fblike_vw success
[2021-07-16 01:01:00] - 2021-07-15 - fm_daily_stats_review_vw start
[2021-07-16 01:01:00] - 2021-07-15 - fm_daily_stats_review_vw success
[2021-07-16 01:01:00] - 2021-07-15 - fm_daily_stats_restock_notify_vw start
[2021-07-16 01:01:00] - 2021-07-15 - fm_daily_stats_restock_notify_vw success
[2021-07-16 01:01:00] - 2021-07-15 - fm_daily_stats_wish_vw start
[2021-07-16 01:01:00] - 2021-07-15 - fm_daily_stats_wish_vw success
[2021-07-16 01:01:00] - 2021-07-15 - fm_daily_stats_cart_vw start
[2021-07-16 01:01:00] - 2021-07-15 - fm_daily_stats_cart_vw success
[2021-07-16 01:01:00] - 2021-07-15 - fm_daily_stats_order_vw start
[2021-07-16 01:01:00] - 2021-07-15 - fm_daily_stats_order_vw success
[2021-07-16 01:01:00] - 2021-07-15 - fm_daily_stats_view_vw start
[2021-07-16 01:01:00] - 2021-07-15 - fm_daily_stats_view_vw success
[2021-07-16 01:01:00] - 2021-07-15 - delete success
[2021-07-16 01:01:01] - 상품별 3개월 구매수량 등록(goods_purchase_ea)
[2021-07-16 01:01:01] - 입점사 정산 주기 변경(account_seller_period_update)
[2021-07-16 01:01:01] - 입점사별 정산 집계(account_seller_stats)
[2021-07-16 01:01:01] - 불필요한 이월데이터 삭제(account_seller_del_sales)
[2021-07-16 01:01:01] - 일일통계 (주문,좋아요,리뷰,재입고알림,찜,장바구니,보기) 집계(daily_stats)
[2021-07-16 01:01:01] - 마일리지, 포인트,캐쉬 통계 집계(statistic_epc)
[2021-07-16 01:01:01] - referer 도메인 업데이트(set_referer_domain)
[2021-07-16 01:01:01] - 일일통계 데이터 삭제(stats_delete)
[2021-07-17 01:00:28] - 2021-07-16 - daily_order start
[2021-07-17 01:00:28] - 2021-07-16 - daily_order success
[2021-07-17 01:00:28] - 2021-07-16 - daily_fblike start
[2021-07-17 01:00:28] - 2021-07-16 - daily_fblike success
[2021-07-17 01:00:28] - 2021-07-16 - daily_review start
[2021-07-17 01:00:28] - 2021-07-16 - daily_review success
[2021-07-17 01:00:28] - 2021-07-16 - daily_restock_notify start
[2021-07-17 01:00:28] - 2021-07-16 - daily_restock_notify success
[2021-07-17 01:00:28] - 2021-07-16 - daily_wish start
[2021-07-17 01:00:28] - 2021-07-16 - daily_wish success
[2021-07-17 01:00:28] - 2021-07-16 - daily_cart start
[2021-07-17 01:00:28] - 2021-07-16 - daily_cart success
[2021-07-17 01:00:28] - 2021-07-16 - daily_view start
[2021-07-17 01:00:34] - 2021-07-16 - daily_view success
[2021-07-17 01:00:34] - 2021-07-16 - daily_sales_price start
[2021-07-17 01:00:34] - 2021-07-16 - daily_sales_price success
[2021-07-17 01:00:34] - 2021-07-16 - case1 start
[2021-07-17 01:00:36] - 2021-07-16 - case1 success
[2021-07-17 01:00:36] - 2021-07-16 - case2 start
[2021-07-17 01:00:58] - 2021-07-16 - case2 success
[2021-07-17 01:00:58] - 2021-07-16 - delete start
[2021-07-17 01:00:58] - 2021-07-16 - fm_daily_stats_fblike_vw start
[2021-07-17 01:00:58] - 2021-07-16 - fm_daily_stats_fblike_vw success
[2021-07-17 01:00:58] - 2021-07-16 - fm_daily_stats_review_vw start
[2021-07-17 01:00:58] - 2021-07-16 - fm_daily_stats_review_vw success
[2021-07-17 01:00:58] - 2021-07-16 - fm_daily_stats_restock_notify_vw start
[2021-07-17 01:00:58] - 2021-07-16 - fm_daily_stats_restock_notify_vw success
[2021-07-17 01:00:58] - 2021-07-16 - fm_daily_stats_wish_vw start
[2021-07-17 01:00:58] - 2021-07-16 - fm_daily_stats_wish_vw success
[2021-07-17 01:00:58] - 2021-07-16 - fm_daily_stats_cart_vw start
[2021-07-17 01:00:58] - 2021-07-16 - fm_daily_stats_cart_vw success
[2021-07-17 01:00:58] - 2021-07-16 - fm_daily_stats_order_vw start
[2021-07-17 01:00:58] - 2021-07-16 - fm_daily_stats_order_vw success
[2021-07-17 01:00:58] - 2021-07-16 - fm_daily_stats_view_vw start
[2021-07-17 01:00:58] - 2021-07-16 - fm_daily_stats_view_vw success
[2021-07-17 01:00:58] - 2021-07-16 - delete success
[2021-07-17 01:00:58] - 상품별 3개월 구매수량 등록(goods_purchase_ea)
[2021-07-17 01:00:58] - 입점사 정산 주기 변경(account_seller_period_update)
[2021-07-17 01:00:58] - 입점사별 정산 집계(account_seller_stats)
[2021-07-17 01:00:58] - 불필요한 이월데이터 삭제(account_seller_del_sales)
[2021-07-17 01:00:58] - 일일통계 (주문,좋아요,리뷰,재입고알림,찜,장바구니,보기) 집계(daily_stats)
[2021-07-17 01:00:58] - 마일리지, 포인트,캐쉬 통계 집계(statistic_epc)
[2021-07-17 01:00:58] - referer 도메인 업데이트(set_referer_domain)
[2021-07-17 01:00:58] - 일일통계 데이터 삭제(stats_delete)
[2021-07-18 01:00:31] - 2021-07-17 - daily_order start
[2021-07-18 01:00:31] - 2021-07-17 - daily_order success
[2021-07-18 01:00:31] - 2021-07-17 - daily_fblike start
[2021-07-18 01:00:31] - 2021-07-17 - daily_fblike success
[2021-07-18 01:00:31] - 2021-07-17 - daily_review start
[2021-07-18 01:00:31] - 2021-07-17 - daily_review success
[2021-07-18 01:00:31] - 2021-07-17 - daily_restock_notify start
[2021-07-18 01:00:32] - 2021-07-17 - daily_restock_notify success
[2021-07-18 01:00:32] - 2021-07-17 - daily_wish start
[2021-07-18 01:00:32] - 2021-07-17 - daily_wish success
[2021-07-18 01:00:32] - 2021-07-17 - daily_cart start
[2021-07-18 01:00:32] - 2021-07-17 - daily_cart success
[2021-07-18 01:00:32] - 2021-07-17 - daily_view start
[2021-07-18 01:00:39] - 2021-07-17 - daily_view success
[2021-07-18 01:00:39] - 2021-07-17 - daily_sales_price start
[2021-07-18 01:00:39] - 2021-07-17 - daily_sales_price success
[2021-07-18 01:00:39] - 2021-07-17 - case1 start
[2021-07-18 01:00:41] - 2021-07-17 - case1 success
[2021-07-18 01:00:41] - 2021-07-17 - case2 start
[2021-07-18 01:01:03] - 2021-07-17 - case2 success
[2021-07-18 01:01:03] - 2021-07-17 - delete start
[2021-07-18 01:01:03] - 2021-07-17 - fm_daily_stats_fblike_vw start
[2021-07-18 01:01:03] - 2021-07-17 - fm_daily_stats_fblike_vw success
[2021-07-18 01:01:03] - 2021-07-17 - fm_daily_stats_review_vw start
[2021-07-18 01:01:03] - 2021-07-17 - fm_daily_stats_review_vw success
[2021-07-18 01:01:03] - 2021-07-17 - fm_daily_stats_restock_notify_vw start
[2021-07-18 01:01:03] - 2021-07-17 - fm_daily_stats_restock_notify_vw success
[2021-07-18 01:01:03] - 2021-07-17 - fm_daily_stats_wish_vw start
[2021-07-18 01:01:03] - 2021-07-17 - fm_daily_stats_wish_vw success
[2021-07-18 01:01:03] - 2021-07-17 - fm_daily_stats_cart_vw start
[2021-07-18 01:01:03] - 2021-07-17 - fm_daily_stats_cart_vw success
[2021-07-18 01:01:03] - 2021-07-17 - fm_daily_stats_order_vw start
[2021-07-18 01:01:03] - 2021-07-17 - fm_daily_stats_order_vw success
[2021-07-18 01:01:03] - 2021-07-17 - fm_daily_stats_view_vw start
[2021-07-18 01:01:03] - 2021-07-17 - fm_daily_stats_view_vw success
[2021-07-18 01:01:03] - 2021-07-17 - delete success
[2021-07-18 01:01:04] - 상품별 3개월 구매수량 등록(goods_purchase_ea)
[2021-07-18 01:01:04] - 입점사 정산 주기 변경(account_seller_period_update)
[2021-07-18 01:01:04] - 입점사별 정산 집계(account_seller_stats)
[2021-07-18 01:01:04] - 불필요한 이월데이터 삭제(account_seller_del_sales)
[2021-07-18 01:01:04] - 일일통계 (주문,좋아요,리뷰,재입고알림,찜,장바구니,보기) 집계(daily_stats)
[2021-07-18 01:01:04] - 마일리지, 포인트,캐쉬 통계 집계(statistic_epc)
[2021-07-18 01:01:04] - referer 도메인 업데이트(set_referer_domain)
[2021-07-18 01:01:04] - 일일통계 데이터 삭제(stats_delete)
[2021-07-19 01:00:33] - 2021-07-18 - daily_order start
[2021-07-19 01:00:33] - 2021-07-18 - daily_order success
[2021-07-19 01:00:33] - 2021-07-18 - daily_fblike start
[2021-07-19 01:00:33] - 2021-07-18 - daily_fblike success
[2021-07-19 01:00:33] - 2021-07-18 - daily_review start
[2021-07-19 01:00:33] - 2021-07-18 - daily_review success
[2021-07-19 01:00:33] - 2021-07-18 - daily_restock_notify start
[2021-07-19 01:00:33] - 2021-07-18 - daily_restock_notify success
[2021-07-19 01:00:33] - 2021-07-18 - daily_wish start
[2021-07-19 01:00:33] - 2021-07-18 - daily_wish success
[2021-07-19 01:00:33] - 2021-07-18 - daily_cart start
[2021-07-19 01:00:34] - 2021-07-18 - daily_cart success
[2021-07-19 01:00:34] - 2021-07-18 - daily_view start
[2021-07-19 01:00:37] - 2021-07-18 - daily_view success
[2021-07-19 01:00:37] - 2021-07-18 - daily_sales_price start
[2021-07-19 01:00:37] - 2021-07-18 - daily_sales_price success
[2021-07-19 01:00:37] - 2021-07-18 - case1 start
[2021-07-19 01:00:38] - 2021-07-18 - case1 success
[2021-07-19 01:00:38] - 2021-07-18 - case2 start
[2021-07-19 01:01:00] - 2021-07-18 - case2 success
[2021-07-19 01:01:00] - 2021-07-18 - delete start
[2021-07-19 01:01:00] - 2021-07-18 - fm_daily_stats_fblike_vw start
[2021-07-19 01:01:00] - 2021-07-18 - fm_daily_stats_fblike_vw success
[2021-07-19 01:01:00] - 2021-07-18 - fm_daily_stats_review_vw start
[2021-07-19 01:01:00] - 2021-07-18 - fm_daily_stats_review_vw success
[2021-07-19 01:01:00] - 2021-07-18 - fm_daily_stats_restock_notify_vw start
[2021-07-19 01:01:00] - 2021-07-18 - fm_daily_stats_restock_notify_vw success
[2021-07-19 01:01:00] - 2021-07-18 - fm_daily_stats_wish_vw start
[2021-07-19 01:01:00] - 2021-07-18 - fm_daily_stats_wish_vw success
[2021-07-19 01:01:00] - 2021-07-18 - fm_daily_stats_cart_vw start
[2021-07-19 01:01:00] - 2021-07-18 - fm_daily_stats_cart_vw success
[2021-07-19 01:01:00] - 2021-07-18 - fm_daily_stats_order_vw start
[2021-07-19 01:01:00] - 2021-07-18 - fm_daily_stats_order_vw success
[2021-07-19 01:01:00] - 2021-07-18 - fm_daily_stats_view_vw start
[2021-07-19 01:01:00] - 2021-07-18 - fm_daily_stats_view_vw success
[2021-07-19 01:01:00] - 2021-07-18 - delete success
[2021-07-19 01:01:01] - 상품별 3개월 구매수량 등록(goods_purchase_ea)
[2021-07-19 01:01:01] - 입점사 정산 주기 변경(account_seller_period_update)
[2021-07-19 01:01:01] - 입점사별 정산 집계(account_seller_stats)
[2021-07-19 01:01:01] - 불필요한 이월데이터 삭제(account_seller_del_sales)
[2021-07-19 01:01:01] - 일일통계 (주문,좋아요,리뷰,재입고알림,찜,장바구니,보기) 집계(daily_stats)
[2021-07-19 01:01:01] - 마일리지, 포인트,캐쉬 통계 집계(statistic_epc)
[2021-07-19 01:01:01] - referer 도메인 업데이트(set_referer_domain)
[2021-07-19 01:01:01] - 일일통계 데이터 삭제(stats_delete)
[2021-07-20 01:00:32] - 2021-07-19 - daily_order start
[2021-07-20 01:00:32] - 2021-07-19 - daily_order success
[2021-07-20 01:00:32] - 2021-07-19 - daily_fblike start
[2021-07-20 01:00:32] - 2021-07-19 - daily_fblike success
[2021-07-20 01:00:32] - 2021-07-19 - daily_review start
[2021-07-20 01:00:32] - 2021-07-19 - daily_review success
[2021-07-20 01:00:32] - 2021-07-19 - daily_restock_notify start
[2021-07-20 01:00:32] - 2021-07-19 - daily_restock_notify success
[2021-07-20 01:00:32] - 2021-07-19 - daily_wish start
[2021-07-20 01:00:32] - 2021-07-19 - daily_wish success
[2021-07-20 01:00:32] - 2021-07-19 - daily_cart start
[2021-07-20 01:00:33] - 2021-07-19 - daily_cart success
[2021-07-20 01:00:33] - 2021-07-19 - daily_view start
[2021-07-20 01:00:36] - 2021-07-19 - daily_view success
[2021-07-20 01:00:36] - 2021-07-19 - daily_sales_price start
[2021-07-20 01:00:37] - 2021-07-19 - daily_sales_price success
[2021-07-20 01:00:37] - 2021-07-19 - case1 start
[2021-07-20 01:00:37] - 2021-07-19 - case1 success
[2021-07-20 01:00:37] - 2021-07-19 - case2 start
[2021-07-20 01:01:00] - 2021-07-19 - case2 success
[2021-07-20 01:01:00] - 2021-07-19 - delete start
[2021-07-20 01:01:00] - 2021-07-19 - fm_daily_stats_fblike_vw start
[2021-07-20 01:01:00] - 2021-07-19 - fm_daily_stats_fblike_vw success
[2021-07-20 01:01:00] - 2021-07-19 - fm_daily_stats_review_vw start
[2021-07-20 01:01:00] - 2021-07-19 - fm_daily_stats_review_vw success
[2021-07-20 01:01:00] - 2021-07-19 - fm_daily_stats_restock_notify_vw start
[2021-07-20 01:01:00] - 2021-07-19 - fm_daily_stats_restock_notify_vw success
[2021-07-20 01:01:00] - 2021-07-19 - fm_daily_stats_wish_vw start
[2021-07-20 01:01:00] - 2021-07-19 - fm_daily_stats_wish_vw success
[2021-07-20 01:01:00] - 2021-07-19 - fm_daily_stats_cart_vw start
[2021-07-20 01:01:00] - 2021-07-19 - fm_daily_stats_cart_vw success
[2021-07-20 01:01:00] - 2021-07-19 - fm_daily_stats_order_vw start
[2021-07-20 01:01:00] - 2021-07-19 - fm_daily_stats_order_vw success
[2021-07-20 01:01:00] - 2021-07-19 - fm_daily_stats_view_vw start
[2021-07-20 01:01:00] - 2021-07-19 - fm_daily_stats_view_vw success
[2021-07-20 01:01:00] - 2021-07-19 - delete success
[2021-07-20 01:01:01] - 상품별 3개월 구매수량 등록(goods_purchase_ea)
[2021-07-20 01:01:01] - 입점사 정산 주기 변경(account_seller_period_update)
[2021-07-20 01:01:01] - 입점사별 정산 집계(account_seller_stats)
[2021-07-20 01:01:01] - 불필요한 이월데이터 삭제(account_seller_del_sales)
[2021-07-20 01:01:01] - 일일통계 (주문,좋아요,리뷰,재입고알림,찜,장바구니,보기) 집계(daily_stats)
[2021-07-20 01:01:01] - 마일리지, 포인트,캐쉬 통계 집계(statistic_epc)
[2021-07-20 01:01:01] - referer 도메인 업데이트(set_referer_domain)
[2021-07-20 01:01:01] - 일일통계 데이터 삭제(stats_delete)
[2021-07-21 01:03:51] - 2021-07-20 - daily_order start
[2021-07-21 01:03:51] - 2021-07-20 - daily_order success
[2021-07-21 01:03:51] - 2021-07-20 - daily_fblike start
[2021-07-21 01:03:51] - 2021-07-20 - daily_fblike success
[2021-07-21 01:03:51] - 2021-07-20 - daily_review start
[2021-07-21 01:03:51] - 2021-07-20 - daily_review success
[2021-07-21 01:03:51] - 2021-07-20 - daily_restock_notify start
[2021-07-21 01:03:51] - 2021-07-20 - daily_restock_notify success
[2021-07-21 01:03:51] - 2021-07-20 - daily_wish start
[2021-07-21 01:03:51] - 2021-07-20 - daily_wish success
[2021-07-21 01:03:51] - 2021-07-20 - daily_cart start
[2021-07-21 01:03:51] - 2021-07-20 - daily_cart success
[2021-07-21 01:03:51] - 2021-07-20 - daily_view start
[2021-07-21 01:03:54] - 2021-07-20 - daily_view success
[2021-07-21 01:03:54] - 2021-07-20 - daily_sales_price start
[2021-07-21 01:03:54] - 2021-07-20 - daily_sales_price success
[2021-07-21 01:03:54] - 2021-07-20 - case1 start
[2021-07-21 01:03:55] - 2021-07-20 - case1 success
[2021-07-21 01:03:55] - 2021-07-20 - case2 start
[2021-07-21 01:04:18] - 2021-07-20 - case2 success
[2021-07-21 01:04:18] - 2021-07-20 - delete start
[2021-07-21 01:04:18] - 2021-07-20 - fm_daily_stats_fblike_vw start
[2021-07-21 01:04:18] - 2021-07-20 - fm_daily_stats_fblike_vw success
[2021-07-21 01:04:18] - 2021-07-20 - fm_daily_stats_review_vw start
[2021-07-21 01:04:18] - 2021-07-20 - fm_daily_stats_review_vw success
[2021-07-21 01:04:18] - 2021-07-20 - fm_daily_stats_restock_notify_vw start
[2021-07-21 01:04:18] - 2021-07-20 - fm_daily_stats_restock_notify_vw success
[2021-07-21 01:04:18] - 2021-07-20 - fm_daily_stats_wish_vw start
[2021-07-21 01:04:18] - 2021-07-20 - fm_daily_stats_wish_vw success
[2021-07-21 01:04:18] - 2021-07-20 - fm_daily_stats_cart_vw start
[2021-07-21 01:04:18] - 2021-07-20 - fm_daily_stats_cart_vw success
[2021-07-21 01:04:18] - 2021-07-20 - fm_daily_stats_order_vw start
[2021-07-21 01:04:18] - 2021-07-20 - fm_daily_stats_order_vw success
[2021-07-21 01:04:18] - 2021-07-20 - fm_daily_stats_view_vw start
[2021-07-21 01:04:18] - 2021-07-20 - fm_daily_stats_view_vw success
[2021-07-21 01:04:18] - 2021-07-20 - delete success
[2021-07-21 01:04:19] - 상품별 3개월 구매수량 등록(goods_purchase_ea)
[2021-07-21 01:04:19] - 입점사 정산 주기 변경(account_seller_period_update)
[2021-07-21 01:04:19] - 입점사별 정산 집계(account_seller_stats)
[2021-07-21 01:04:19] - 불필요한 이월데이터 삭제(account_seller_del_sales)
[2021-07-21 01:04:19] - 일일통계 (주문,좋아요,리뷰,재입고알림,찜,장바구니,보기) 집계(daily_stats)
[2021-07-21 01:04:19] - 마일리지, 포인트,캐쉬 통계 집계(statistic_epc)
[2021-07-21 01:04:19] - referer 도메인 업데이트(set_referer_domain)
[2021-07-21 01:04:19] - 일일통계 데이터 삭제(stats_delete)
[2021-07-22 01:00:37] - 2021-07-21 - daily_order start
[2021-07-22 01:00:37] - 2021-07-21 - daily_order success
[2021-07-22 01:00:37] - 2021-07-21 - daily_fblike start
[2021-07-22 01:00:37] - 2021-07-21 - daily_fblike success
[2021-07-22 01:00:37] - 2021-07-21 - daily_review start
[2021-07-22 01:00:37] - 2021-07-21 - daily_review success
[2021-07-22 01:00:37] - 2021-07-21 - daily_restock_notify start
[2021-07-22 01:00:37] - 2021-07-21 - daily_restock_notify success
[2021-07-22 01:00:37] - 2021-07-21 - daily_wish start
[2021-07-22 01:00:37] - 2021-07-21 - daily_wish success
[2021-07-22 01:00:37] - 2021-07-21 - daily_cart start
[2021-07-22 01:00:37] - 2021-07-21 - daily_cart success
[2021-07-22 01:00:37] - 2021-07-21 - daily_view start
[2021-07-22 01:00:41] - 2021-07-21 - daily_view success
[2021-07-22 01:00:41] - 2021-07-21 - daily_sales_price start
[2021-07-22 01:00:41] - 2021-07-21 - daily_sales_price success
[2021-07-22 01:00:41] - 2021-07-21 - case1 start
[2021-07-22 01:00:42] - 2021-07-21 - case1 success
[2021-07-22 01:00:42] - 2021-07-21 - case2 start
[2021-07-22 01:01:06] - 2021-07-21 - case2 success
[2021-07-22 01:01:06] - 2021-07-21 - delete start
[2021-07-22 01:01:06] - 2021-07-21 - fm_daily_stats_fblike_vw start
[2021-07-22 01:01:06] - 2021-07-21 - fm_daily_stats_fblike_vw success
[2021-07-22 01:01:06] - 2021-07-21 - fm_daily_stats_review_vw start
[2021-07-22 01:01:06] - 2021-07-21 - fm_daily_stats_review_vw success
[2021-07-22 01:01:06] - 2021-07-21 - fm_daily_stats_restock_notify_vw start
[2021-07-22 01:01:06] - 2021-07-21 - fm_daily_stats_restock_notify_vw success
[2021-07-22 01:01:06] - 2021-07-21 - fm_daily_stats_wish_vw start
[2021-07-22 01:01:06] - 2021-07-21 - fm_daily_stats_wish_vw success
[2021-07-22 01:01:06] - 2021-07-21 - fm_daily_stats_cart_vw start
[2021-07-22 01:01:06] - 2021-07-21 - fm_daily_stats_cart_vw success
[2021-07-22 01:01:06] - 2021-07-21 - fm_daily_stats_order_vw start
[2021-07-22 01:01:06] - 2021-07-21 - fm_daily_stats_order_vw success
[2021-07-22 01:01:06] - 2021-07-21 - fm_daily_stats_view_vw start
[2021-07-22 01:01:06] - 2021-07-21 - fm_daily_stats_view_vw success
[2021-07-22 01:01:06] - 2021-07-21 - delete success
[2021-07-22 01:01:06] - 상품별 3개월 구매수량 등록(goods_purchase_ea)
[2021-07-22 01:01:06] - 입점사 정산 주기 변경(account_seller_period_update)
[2021-07-22 01:01:06] - 입점사별 정산 집계(account_seller_stats)
[2021-07-22 01:01:06] - 불필요한 이월데이터 삭제(account_seller_del_sales)
[2021-07-22 01:01:06] - 일일통계 (주문,좋아요,리뷰,재입고알림,찜,장바구니,보기) 집계(daily_stats)
[2021-07-22 01:01:06] - 마일리지, 포인트,캐쉬 통계 집계(statistic_epc)
[2021-07-22 01:01:06] - referer 도메인 업데이트(set_referer_domain)
[2021-07-22 01:01:06] - 일일통계 데이터 삭제(stats_delete)
[2021-07-23 01:00:29] - 2021-07-22 - daily_order start
[2021-07-23 01:00:30] - 2021-07-22 - daily_order success
[2021-07-23 01:00:30] - 2021-07-22 - daily_fblike start
[2021-07-23 01:00:30] - 2021-07-22 - daily_fblike success
[2021-07-23 01:00:30] - 2021-07-22 - daily_review start
[2021-07-23 01:00:30] - 2021-07-22 - daily_review success
[2021-07-23 01:00:30] - 2021-07-22 - daily_restock_notify start
[2021-07-23 01:00:30] - 2021-07-22 - daily_restock_notify success
[2021-07-23 01:00:30] - 2021-07-22 - daily_wish start
[2021-07-23 01:00:30] - 2021-07-22 - daily_wish success
[2021-07-23 01:00:30] - 2021-07-22 - daily_cart start
[2021-07-23 01:00:30] - 2021-07-22 - daily_cart success
[2021-07-23 01:00:30] - 2021-07-22 - daily_view start
[2021-07-23 01:00:34] - 2021-07-22 - daily_view success
[2021-07-23 01:00:34] - 2021-07-22 - daily_sales_price start
[2021-07-23 01:00:34] - 2021-07-22 - daily_sales_price success
[2021-07-23 01:00:34] - 2021-07-22 - case1 start
[2021-07-23 01:00:35] - 2021-07-22 - case1 success
[2021-07-23 01:00:35] - 2021-07-22 - case2 start
[2021-07-23 01:00:58] - 2021-07-22 - case2 success
[2021-07-23 01:00:58] - 2021-07-22 - delete start
[2021-07-23 01:00:58] - 2021-07-22 - fm_daily_stats_fblike_vw start
[2021-07-23 01:00:58] - 2021-07-22 - fm_daily_stats_fblike_vw success
[2021-07-23 01:00:58] - 2021-07-22 - fm_daily_stats_review_vw start
[2021-07-23 01:00:58] - 2021-07-22 - fm_daily_stats_review_vw success
[2021-07-23 01:00:58] - 2021-07-22 - fm_daily_stats_restock_notify_vw start
[2021-07-23 01:00:58] - 2021-07-22 - fm_daily_stats_restock_notify_vw success
[2021-07-23 01:00:58] - 2021-07-22 - fm_daily_stats_wish_vw start
[2021-07-23 01:00:58] - 2021-07-22 - fm_daily_stats_wish_vw success
[2021-07-23 01:00:58] - 2021-07-22 - fm_daily_stats_cart_vw start
[2021-07-23 01:00:58] - 2021-07-22 - fm_daily_stats_cart_vw success
[2021-07-23 01:00:58] - 2021-07-22 - fm_daily_stats_order_vw start
[2021-07-23 01:00:58] - 2021-07-22 - fm_daily_stats_order_vw success
[2021-07-23 01:00:58] - 2021-07-22 - fm_daily_stats_view_vw start
[2021-07-23 01:00:58] - 2021-07-22 - fm_daily_stats_view_vw success
[2021-07-23 01:00:58] - 2021-07-22 - delete success
[2021-07-23 01:00:59] - 상품별 3개월 구매수량 등록(goods_purchase_ea)
[2021-07-23 01:00:59] - 입점사 정산 주기 변경(account_seller_period_update)
[2021-07-23 01:00:59] - 입점사별 정산 집계(account_seller_stats)
[2021-07-23 01:00:59] - 불필요한 이월데이터 삭제(account_seller_del_sales)
[2021-07-23 01:00:59] - 일일통계 (주문,좋아요,리뷰,재입고알림,찜,장바구니,보기) 집계(daily_stats)
[2021-07-23 01:00:59] - 마일리지, 포인트,캐쉬 통계 집계(statistic_epc)
[2021-07-23 01:00:59] - referer 도메인 업데이트(set_referer_domain)
[2021-07-23 01:00:59] - 일일통계 데이터 삭제(stats_delete)
[2021-07-24 01:00:30] - 2021-07-23 - daily_order start
[2021-07-24 01:00:30] - 2021-07-23 - daily_order success
[2021-07-24 01:00:30] - 2021-07-23 - daily_fblike start
[2021-07-24 01:00:30] - 2021-07-23 - daily_fblike success
[2021-07-24 01:00:30] - 2021-07-23 - daily_review start
[2021-07-24 01:00:30] - 2021-07-23 - daily_review success
[2021-07-24 01:00:30] - 2021-07-23 - daily_restock_notify start
[2021-07-24 01:00:30] - 2021-07-23 - daily_restock_notify success
[2021-07-24 01:00:30] - 2021-07-23 - daily_wish start
[2021-07-24 01:00:30] - 2021-07-23 - daily_wish success
[2021-07-24 01:00:30] - 2021-07-23 - daily_cart start
[2021-07-24 01:00:31] - 2021-07-23 - daily_cart success
[2021-07-24 01:00:31] - 2021-07-23 - daily_view start
[2021-07-24 01:00:34] - 2021-07-23 - daily_view success
[2021-07-24 01:00:34] - 2021-07-23 - daily_sales_price start
[2021-07-24 01:00:34] - 2021-07-23 - daily_sales_price success
[2021-07-24 01:00:34] - 2021-07-23 - case1 start
[2021-07-24 01:00:35] - 2021-07-23 - case1 success
[2021-07-24 01:00:35] - 2021-07-23 - case2 start
[2021-07-24 01:00:59] - 2021-07-23 - case2 success
[2021-07-24 01:00:59] - 2021-07-23 - delete start
[2021-07-24 01:00:59] - 2021-07-23 - fm_daily_stats_fblike_vw start
[2021-07-24 01:00:59] - 2021-07-23 - fm_daily_stats_fblike_vw success
[2021-07-24 01:00:59] - 2021-07-23 - fm_daily_stats_review_vw start
[2021-07-24 01:00:59] - 2021-07-23 - fm_daily_stats_review_vw success
[2021-07-24 01:00:59] - 2021-07-23 - fm_daily_stats_restock_notify_vw start
[2021-07-24 01:00:59] - 2021-07-23 - fm_daily_stats_restock_notify_vw success
[2021-07-24 01:00:59] - 2021-07-23 - fm_daily_stats_wish_vw start
[2021-07-24 01:00:59] - 2021-07-23 - fm_daily_stats_wish_vw success
[2021-07-24 01:00:59] - 2021-07-23 - fm_daily_stats_cart_vw start
[2021-07-24 01:00:59] - 2021-07-23 - fm_daily_stats_cart_vw success
[2021-07-24 01:00:59] - 2021-07-23 - fm_daily_stats_order_vw start
[2021-07-24 01:00:59] - 2021-07-23 - fm_daily_stats_order_vw success
[2021-07-24 01:00:59] - 2021-07-23 - fm_daily_stats_view_vw start
[2021-07-24 01:00:59] - 2021-07-23 - fm_daily_stats_view_vw success
[2021-07-24 01:00:59] - 2021-07-23 - delete success
[2021-07-24 01:00:59] - 상품별 3개월 구매수량 등록(goods_purchase_ea)
[2021-07-24 01:00:59] - 입점사 정산 주기 변경(account_seller_period_update)
[2021-07-24 01:00:59] - 입점사별 정산 집계(account_seller_stats)
[2021-07-24 01:00:59] - 불필요한 이월데이터 삭제(account_seller_del_sales)
[2021-07-24 01:00:59] - 일일통계 (주문,좋아요,리뷰,재입고알림,찜,장바구니,보기) 집계(daily_stats)
[2021-07-24 01:00:59] - 마일리지, 포인트,캐쉬 통계 집계(statistic_epc)
[2021-07-24 01:00:59] - referer 도메인 업데이트(set_referer_domain)
[2021-07-24 01:00:59] - 일일통계 데이터 삭제(stats_delete)
[2021-07-25 01:00:29] - 2021-07-24 - daily_order start
[2021-07-25 01:00:29] - 2021-07-24 - daily_order success
[2021-07-25 01:00:29] - 2021-07-24 - daily_fblike start
[2021-07-25 01:00:29] - 2021-07-24 - daily_fblike success
[2021-07-25 01:00:29] - 2021-07-24 - daily_review start
[2021-07-25 01:00:29] - 2021-07-24 - daily_review success
[2021-07-25 01:00:29] - 2021-07-24 - daily_restock_notify start
[2021-07-25 01:00:29] - 2021-07-24 - daily_restock_notify success
[2021-07-25 01:00:29] - 2021-07-24 - daily_wish start
[2021-07-25 01:00:29] - 2021-07-24 - daily_wish success
[2021-07-25 01:00:29] - 2021-07-24 - daily_cart start
[2021-07-25 01:00:29] - 2021-07-24 - daily_cart success
[2021-07-25 01:00:29] - 2021-07-24 - daily_view start
[2021-07-25 01:00:32] - 2021-07-24 - daily_view success
[2021-07-25 01:00:32] - 2021-07-24 - daily_sales_price start
[2021-07-25 01:00:32] - 2021-07-24 - daily_sales_price success
[2021-07-25 01:00:32] - 2021-07-24 - case1 start
[2021-07-25 01:00:33] - 2021-07-24 - case1 success
[2021-07-25 01:00:33] - 2021-07-24 - case2 start
[2021-07-25 01:00:57] - 2021-07-24 - case2 success
[2021-07-25 01:00:57] - 2021-07-24 - delete start
[2021-07-25 01:00:57] - 2021-07-24 - fm_daily_stats_fblike_vw start
[2021-07-25 01:00:57] - 2021-07-24 - fm_daily_stats_fblike_vw success
[2021-07-25 01:00:57] - 2021-07-24 - fm_daily_stats_review_vw start
[2021-07-25 01:00:57] - 2021-07-24 - fm_daily_stats_review_vw success
[2021-07-25 01:00:57] - 2021-07-24 - fm_daily_stats_restock_notify_vw start
[2021-07-25 01:00:57] - 2021-07-24 - fm_daily_stats_restock_notify_vw success
[2021-07-25 01:00:57] - 2021-07-24 - fm_daily_stats_wish_vw start
[2021-07-25 01:00:57] - 2021-07-24 - fm_daily_stats_wish_vw success
[2021-07-25 01:00:57] - 2021-07-24 - fm_daily_stats_cart_vw start
[2021-07-25 01:00:57] - 2021-07-24 - fm_daily_stats_cart_vw success
[2021-07-25 01:00:57] - 2021-07-24 - fm_daily_stats_order_vw start
[2021-07-25 01:00:57] - 2021-07-24 - fm_daily_stats_order_vw success
[2021-07-25 01:00:57] - 2021-07-24 - fm_daily_stats_view_vw start
[2021-07-25 01:00:57] - 2021-07-24 - fm_daily_stats_view_vw success
[2021-07-25 01:00:57] - 2021-07-24 - delete success
[2021-07-25 01:00:57] - 상품별 3개월 구매수량 등록(goods_purchase_ea)
[2021-07-25 01:00:57] - 입점사 정산 주기 변경(account_seller_period_update)
[2021-07-25 01:00:57] - 입점사별 정산 집계(account_seller_stats)
[2021-07-25 01:00:57] - 불필요한 이월데이터 삭제(account_seller_del_sales)
[2021-07-25 01:00:57] - 일일통계 (주문,좋아요,리뷰,재입고알림,찜,장바구니,보기) 집계(daily_stats)
[2021-07-25 01:00:57] - 마일리지, 포인트,캐쉬 통계 집계(statistic_epc)
[2021-07-25 01:00:57] - referer 도메인 업데이트(set_referer_domain)
[2021-07-25 01:00:57] - 일일통계 데이터 삭제(stats_delete)
[2021-07-26 01:00:28] - 2021-07-25 - daily_order start
[2021-07-26 01:00:29] - 2021-07-25 - daily_order success
[2021-07-26 01:00:29] - 2021-07-25 - daily_fblike start
[2021-07-26 01:00:29] - 2021-07-25 - daily_fblike success
[2021-07-26 01:00:29] - 2021-07-25 - daily_review start
[2021-07-26 01:00:29] - 2021-07-25 - daily_review success
[2021-07-26 01:00:29] - 2021-07-25 - daily_restock_notify start
[2021-07-26 01:00:29] - 2021-07-25 - daily_restock_notify success
[2021-07-26 01:00:29] - 2021-07-25 - daily_wish start
[2021-07-26 01:00:29] - 2021-07-25 - daily_wish success
[2021-07-26 01:00:29] - 2021-07-25 - daily_cart start
[2021-07-26 01:00:29] - 2021-07-25 - daily_cart success
[2021-07-26 01:00:29] - 2021-07-25 - daily_view start
[2021-07-26 01:00:31] - 2021-07-25 - daily_view success
[2021-07-26 01:00:31] - 2021-07-25 - daily_sales_price start
[2021-07-26 01:00:31] - 2021-07-25 - daily_sales_price success
[2021-07-26 01:00:31] - 2021-07-25 - case1 start
[2021-07-26 01:00:32] - 2021-07-25 - case1 success
[2021-07-26 01:00:32] - 2021-07-25 - case2 start
[2021-07-26 01:00:55] - 2021-07-25 - case2 success
[2021-07-26 01:00:55] - 2021-07-25 - delete start
[2021-07-26 01:00:55] - 2021-07-25 - fm_daily_stats_fblike_vw start
[2021-07-26 01:00:55] - 2021-07-25 - fm_daily_stats_fblike_vw success
[2021-07-26 01:00:55] - 2021-07-25 - fm_daily_stats_review_vw start
[2021-07-26 01:00:55] - 2021-07-25 - fm_daily_stats_review_vw success
[2021-07-26 01:00:55] - 2021-07-25 - fm_daily_stats_restock_notify_vw start
[2021-07-26 01:00:55] - 2021-07-25 - fm_daily_stats_restock_notify_vw success
[2021-07-26 01:00:55] - 2021-07-25 - fm_daily_stats_wish_vw start
[2021-07-26 01:00:55] - 2021-07-25 - fm_daily_stats_wish_vw success
[2021-07-26 01:00:55] - 2021-07-25 - fm_daily_stats_cart_vw start
[2021-07-26 01:00:55] - 2021-07-25 - fm_daily_stats_cart_vw success
[2021-07-26 01:00:55] - 2021-07-25 - fm_daily_stats_order_vw start
[2021-07-26 01:00:55] - 2021-07-25 - fm_daily_stats_order_vw success
[2021-07-26 01:00:55] - 2021-07-25 - fm_daily_stats_view_vw start
[2021-07-26 01:00:55] - 2021-07-25 - fm_daily_stats_view_vw success
[2021-07-26 01:00:55] - 2021-07-25 - delete success
[2021-07-26 01:00:55] - 상품별 3개월 구매수량 등록(goods_purchase_ea)
[2021-07-26 01:00:55] - 입점사 정산 주기 변경(account_seller_period_update)
[2021-07-26 01:00:55] - 입점사별 정산 집계(account_seller_stats)
[2021-07-26 01:00:55] - 불필요한 이월데이터 삭제(account_seller_del_sales)
[2021-07-26 01:00:55] - 일일통계 (주문,좋아요,리뷰,재입고알림,찜,장바구니,보기) 집계(daily_stats)
[2021-07-26 01:00:55] - 마일리지, 포인트,캐쉬 통계 집계(statistic_epc)
[2021-07-26 01:00:55] - referer 도메인 업데이트(set_referer_domain)
[2021-07-26 01:00:55] - 일일통계 데이터 삭제(stats_delete)
[2021-07-27 01:00:30] - 2021-07-26 - daily_order start
[2021-07-27 01:00:30] - 2021-07-26 - daily_order success
[2021-07-27 01:00:30] - 2021-07-26 - daily_fblike start
[2021-07-27 01:00:30] - 2021-07-26 - daily_fblike success
[2021-07-27 01:00:30] - 2021-07-26 - daily_review start
[2021-07-27 01:00:30] - 2021-07-26 - daily_review success
[2021-07-27 01:00:30] - 2021-07-26 - daily_restock_notify start
[2021-07-27 01:00:30] - 2021-07-26 - daily_restock_notify success
[2021-07-27 01:00:30] - 2021-07-26 - daily_wish start
[2021-07-27 01:00:30] - 2021-07-26 - daily_wish success
[2021-07-27 01:00:30] - 2021-07-26 - daily_cart start
[2021-07-27 01:00:30] - 2021-07-26 - daily_cart success
[2021-07-27 01:00:30] - 2021-07-26 - daily_view start
[2021-07-27 01:00:32] - 2021-07-26 - daily_view success
[2021-07-27 01:00:32] - 2021-07-26 - daily_sales_price start
[2021-07-27 01:00:32] - 2021-07-26 - daily_sales_price success
[2021-07-27 01:00:32] - 2021-07-26 - case1 start
[2021-07-27 01:00:33] - 2021-07-26 - case1 success
[2021-07-27 01:00:33] - 2021-07-26 - case2 start
[2021-07-27 01:00:55] - 2021-07-26 - case2 success
[2021-07-27 01:00:55] - 2021-07-26 - delete start
[2021-07-27 01:00:55] - 2021-07-26 - fm_daily_stats_fblike_vw start
[2021-07-27 01:00:55] - 2021-07-26 - fm_daily_stats_fblike_vw success
[2021-07-27 01:00:55] - 2021-07-26 - fm_daily_stats_review_vw start
[2021-07-27 01:00:55] - 2021-07-26 - fm_daily_stats_review_vw success
[2021-07-27 01:00:55] - 2021-07-26 - fm_daily_stats_restock_notify_vw start
[2021-07-27 01:00:55] - 2021-07-26 - fm_daily_stats_restock_notify_vw success
[2021-07-27 01:00:55] - 2021-07-26 - fm_daily_stats_wish_vw start
[2021-07-27 01:00:55] - 2021-07-26 - fm_daily_stats_wish_vw success
[2021-07-27 01:00:55] - 2021-07-26 - fm_daily_stats_cart_vw start
[2021-07-27 01:00:55] - 2021-07-26 - fm_daily_stats_cart_vw success
[2021-07-27 01:00:55] - 2021-07-26 - fm_daily_stats_order_vw start
[2021-07-27 01:00:55] - 2021-07-26 - fm_daily_stats_order_vw success
[2021-07-27 01:00:55] - 2021-07-26 - fm_daily_stats_view_vw start
[2021-07-27 01:00:55] - 2021-07-26 - fm_daily_stats_view_vw success
[2021-07-27 01:00:55] - 2021-07-26 - delete success
[2021-07-27 01:00:56] - 상품별 3개월 구매수량 등록(goods_purchase_ea)
[2021-07-27 01:00:56] - 입점사 정산 주기 변경(account_seller_period_update)
[2021-07-27 01:00:56] - 입점사별 정산 집계(account_seller_stats)
[2021-07-27 01:00:56] - 불필요한 이월데이터 삭제(account_seller_del_sales)
[2021-07-27 01:00:56] - 일일통계 (주문,좋아요,리뷰,재입고알림,찜,장바구니,보기) 집계(daily_stats)
[2021-07-27 01:00:56] - 마일리지, 포인트,캐쉬 통계 집계(statistic_epc)
[2021-07-27 01:00:56] - referer 도메인 업데이트(set_referer_domain)
[2021-07-27 01:00:56] - 일일통계 데이터 삭제(stats_delete)
[2021-07-28 01:00:30] - 2021-07-27 - daily_order start
[2021-07-28 01:00:30] - 2021-07-27 - daily_order success
[2021-07-28 01:00:30] - 2021-07-27 - daily_fblike start
[2021-07-28 01:00:30] - 2021-07-27 - daily_fblike success
[2021-07-28 01:00:30] - 2021-07-27 - daily_review start
[2021-07-28 01:00:30] - 2021-07-27 - daily_review success
[2021-07-28 01:00:30] - 2021-07-27 - daily_restock_notify start
[2021-07-28 01:00:30] - 2021-07-27 - daily_restock_notify success
[2021-07-28 01:00:30] - 2021-07-27 - daily_wish start
[2021-07-28 01:00:30] - 2021-07-27 - daily_wish success
[2021-07-28 01:00:30] - 2021-07-27 - daily_cart start
[2021-07-28 01:00:31] - 2021-07-27 - daily_cart success
[2021-07-28 01:00:31] - 2021-07-27 - daily_view start
[2021-07-28 01:00:34] - 2021-07-27 - daily_view success
[2021-07-28 01:00:34] - 2021-07-27 - daily_sales_price start
[2021-07-28 01:00:35] - 2021-07-27 - daily_sales_price success
[2021-07-28 01:00:35] - 2021-07-27 - case1 start
[2021-07-28 01:00:36] - 2021-07-27 - case1 success
[2021-07-28 01:00:36] - 2021-07-27 - case2 start
[2021-07-28 01:01:00] - 2021-07-27 - case2 success
[2021-07-28 01:01:00] - 2021-07-27 - delete start
[2021-07-28 01:01:00] - 2021-07-27 - fm_daily_stats_fblike_vw start
[2021-07-28 01:01:00] - 2021-07-27 - fm_daily_stats_fblike_vw success
[2021-07-28 01:01:00] - 2021-07-27 - fm_daily_stats_review_vw start
[2021-07-28 01:01:00] - 2021-07-27 - fm_daily_stats_review_vw success
[2021-07-28 01:01:00] - 2021-07-27 - fm_daily_stats_restock_notify_vw start
[2021-07-28 01:01:00] - 2021-07-27 - fm_daily_stats_restock_notify_vw success
[2021-07-28 01:01:00] - 2021-07-27 - fm_daily_stats_wish_vw start
[2021-07-28 01:01:00] - 2021-07-27 - fm_daily_stats_wish_vw success
[2021-07-28 01:01:00] - 2021-07-27 - fm_daily_stats_cart_vw start
[2021-07-28 01:01:00] - 2021-07-27 - fm_daily_stats_cart_vw success
[2021-07-28 01:01:00] - 2021-07-27 - fm_daily_stats_order_vw start
[2021-07-28 01:01:00] - 2021-07-27 - fm_daily_stats_order_vw success
[2021-07-28 01:01:00] - 2021-07-27 - fm_daily_stats_view_vw start
[2021-07-28 01:01:00] - 2021-07-27 - fm_daily_stats_view_vw success
[2021-07-28 01:01:00] - 2021-07-27 - delete success
[2021-07-28 01:01:01] - 상품별 3개월 구매수량 등록(goods_purchase_ea)
[2021-07-28 01:01:01] - 입점사 정산 주기 변경(account_seller_period_update)
[2021-07-28 01:01:01] - 입점사별 정산 집계(account_seller_stats)
[2021-07-28 01:01:01] - 불필요한 이월데이터 삭제(account_seller_del_sales)
[2021-07-28 01:01:01] - 일일통계 (주문,좋아요,리뷰,재입고알림,찜,장바구니,보기) 집계(daily_stats)
[2021-07-28 01:01:01] - 마일리지, 포인트,캐쉬 통계 집계(statistic_epc)
[2021-07-28 01:01:01] - referer 도메인 업데이트(set_referer_domain)
[2021-07-28 01:01:01] - 일일통계 데이터 삭제(stats_delete)
[2021-07-29 01:00:29] - 2021-07-28 - daily_order start
[2021-07-29 01:00:29] - 2021-07-28 - daily_order success
[2021-07-29 01:00:29] - 2021-07-28 - daily_fblike start
[2021-07-29 01:00:29] - 2021-07-28 - daily_fblike success
[2021-07-29 01:00:29] - 2021-07-28 - daily_review start
[2021-07-29 01:00:30] - 2021-07-28 - daily_review success
[2021-07-29 01:00:30] - 2021-07-28 - daily_restock_notify start
[2021-07-29 01:00:30] - 2021-07-28 - daily_restock_notify success
[2021-07-29 01:00:30] - 2021-07-28 - daily_wish start
[2021-07-29 01:00:30] - 2021-07-28 - daily_wish success
[2021-07-29 01:00:30] - 2021-07-28 - daily_cart start
[2021-07-29 01:00:30] - 2021-07-28 - daily_cart success
[2021-07-29 01:00:30] - 2021-07-28 - daily_view start
[2021-07-29 01:00:32] - 2021-07-28 - daily_view success
[2021-07-29 01:00:32] - 2021-07-28 - daily_sales_price start
[2021-07-29 01:00:32] - 2021-07-28 - daily_sales_price success
[2021-07-29 01:00:32] - 2021-07-28 - case1 start
[2021-07-29 01:00:33] - 2021-07-28 - case1 success
[2021-07-29 01:00:33] - 2021-07-28 - case2 start
[2021-07-29 01:00:56] - 2021-07-28 - case2 success
[2021-07-29 01:00:56] - 2021-07-28 - delete start
[2021-07-29 01:00:56] - 2021-07-28 - fm_daily_stats_fblike_vw start
[2021-07-29 01:00:56] - 2021-07-28 - fm_daily_stats_fblike_vw success
[2021-07-29 01:00:56] - 2021-07-28 - fm_daily_stats_review_vw start
[2021-07-29 01:00:57] - 2021-07-28 - fm_daily_stats_review_vw success
[2021-07-29 01:00:57] - 2021-07-28 - fm_daily_stats_restock_notify_vw start
[2021-07-29 01:00:57] - 2021-07-28 - fm_daily_stats_restock_notify_vw success
[2021-07-29 01:00:57] - 2021-07-28 - fm_daily_stats_wish_vw start
[2021-07-29 01:00:57] - 2021-07-28 - fm_daily_stats_wish_vw success
[2021-07-29 01:00:57] - 2021-07-28 - fm_daily_stats_cart_vw start
[2021-07-29 01:00:57] - 2021-07-28 - fm_daily_stats_cart_vw success
[2021-07-29 01:00:57] - 2021-07-28 - fm_daily_stats_order_vw start
[2021-07-29 01:00:57] - 2021-07-28 - fm_daily_stats_order_vw success
[2021-07-29 01:00:57] - 2021-07-28 - fm_daily_stats_view_vw start
[2021-07-29 01:00:57] - 2021-07-28 - fm_daily_stats_view_vw success
[2021-07-29 01:00:57] - 2021-07-28 - delete success
[2021-07-29 01:00:57] - 상품별 3개월 구매수량 등록(goods_purchase_ea)
[2021-07-29 01:00:57] - 입점사 정산 주기 변경(account_seller_period_update)
[2021-07-29 01:00:57] - 입점사별 정산 집계(account_seller_stats)
[2021-07-29 01:00:57] - 불필요한 이월데이터 삭제(account_seller_del_sales)
[2021-07-29 01:00:57] - 일일통계 (주문,좋아요,리뷰,재입고알림,찜,장바구니,보기) 집계(daily_stats)
[2021-07-29 01:00:57] - 마일리지, 포인트,캐쉬 통계 집계(statistic_epc)
[2021-07-29 01:00:57] - referer 도메인 업데이트(set_referer_domain)
[2021-07-29 01:00:57] - 일일통계 데이터 삭제(stats_delete)
[2021-07-30 01:00:33] - 2021-07-29 - daily_order start
[2021-07-30 01:00:33] - 2021-07-29 - daily_order success
[2021-07-30 01:00:33] - 2021-07-29 - daily_fblike start
[2021-07-30 01:00:33] - 2021-07-29 - daily_fblike success
[2021-07-30 01:00:33] - 2021-07-29 - daily_review start
[2021-07-30 01:00:33] - 2021-07-29 - daily_review success
[2021-07-30 01:00:33] - 2021-07-29 - daily_restock_notify start
[2021-07-30 01:00:33] - 2021-07-29 - daily_restock_notify success
[2021-07-30 01:00:33] - 2021-07-29 - daily_wish start
[2021-07-30 01:00:33] - 2021-07-29 - daily_wish success
[2021-07-30 01:00:33] - 2021-07-29 - daily_cart start
[2021-07-30 01:00:33] - 2021-07-29 - daily_cart success
[2021-07-30 01:00:33] - 2021-07-29 - daily_view start
[2021-07-30 01:00:35] - 2021-07-29 - daily_view success
[2021-07-30 01:00:35] - 2021-07-29 - daily_sales_price start
[2021-07-30 01:00:35] - 2021-07-29 - daily_sales_price success
[2021-07-30 01:00:35] - 2021-07-29 - case1 start
[2021-07-30 01:00:36] - 2021-07-29 - case1 success
[2021-07-30 01:00:36] - 2021-07-29 - case2 start
[2021-07-30 01:01:00] - 2021-07-29 - case2 success
[2021-07-30 01:01:00] - 2021-07-29 - delete start
[2021-07-30 01:01:00] - 2021-07-29 - fm_daily_stats_fblike_vw start
[2021-07-30 01:01:00] - 2021-07-29 - fm_daily_stats_fblike_vw success
[2021-07-30 01:01:00] - 2021-07-29 - fm_daily_stats_review_vw start
[2021-07-30 01:01:00] - 2021-07-29 - fm_daily_stats_review_vw success
[2021-07-30 01:01:00] - 2021-07-29 - fm_daily_stats_restock_notify_vw start
[2021-07-30 01:01:00] - 2021-07-29 - fm_daily_stats_restock_notify_vw success
[2021-07-30 01:01:00] - 2021-07-29 - fm_daily_stats_wish_vw start
[2021-07-30 01:01:00] - 2021-07-29 - fm_daily_stats_wish_vw success
[2021-07-30 01:01:00] - 2021-07-29 - fm_daily_stats_cart_vw start
[2021-07-30 01:01:00] - 2021-07-29 - fm_daily_stats_cart_vw success
[2021-07-30 01:01:00] - 2021-07-29 - fm_daily_stats_order_vw start
[2021-07-30 01:01:00] - 2021-07-29 - fm_daily_stats_order_vw success
[2021-07-30 01:01:00] - 2021-07-29 - fm_daily_stats_view_vw start
[2021-07-30 01:01:00] - 2021-07-29 - fm_daily_stats_view_vw success
[2021-07-30 01:01:00] - 2021-07-29 - delete success
[2021-07-30 01:01:01] - 상품별 3개월 구매수량 등록(goods_purchase_ea)
[2021-07-30 01:01:01] - 입점사 정산 주기 변경(account_seller_period_update)
[2021-07-30 01:01:01] - 입점사별 정산 집계(account_seller_stats)
[2021-07-30 01:01:01] - 불필요한 이월데이터 삭제(account_seller_del_sales)
[2021-07-30 01:01:01] - 일일통계 (주문,좋아요,리뷰,재입고알림,찜,장바구니,보기) 집계(daily_stats)
[2021-07-30 01:01:01] - 마일리지, 포인트,캐쉬 통계 집계(statistic_epc)
[2021-07-30 01:01:01] - referer 도메인 업데이트(set_referer_domain)
[2021-07-30 01:01:01] - 일일통계 데이터 삭제(stats_delete)
[2021-07-31 01:00:29] - 2021-07-30 - daily_order start
[2021-07-31 01:00:30] - 2021-07-30 - daily_order success
[2021-07-31 01:00:30] - 2021-07-30 - daily_fblike start
[2021-07-31 01:00:30] - 2021-07-30 - daily_fblike success
[2021-07-31 01:00:30] - 2021-07-30 - daily_review start
[2021-07-31 01:00:30] - 2021-07-30 - daily_review success
[2021-07-31 01:00:30] - 2021-07-30 - daily_restock_notify start
[2021-07-31 01:00:30] - 2021-07-30 - daily_restock_notify success
[2021-07-31 01:00:30] - 2021-07-30 - daily_wish start
[2021-07-31 01:00:30] - 2021-07-30 - daily_wish success
[2021-07-31 01:00:30] - 2021-07-30 - daily_cart start
[2021-07-31 01:00:30] - 2021-07-30 - daily_cart success
[2021-07-31 01:00:30] - 2021-07-30 - daily_view start
[2021-07-31 01:00:31] - 2021-07-30 - daily_view success
[2021-07-31 01:00:31] - 2021-07-30 - daily_sales_price start
[2021-07-31 01:00:32] - 2021-07-30 - daily_sales_price success
[2021-07-31 01:00:32] - 2021-07-30 - case1 start
[2021-07-31 01:00:33] - 2021-07-30 - case1 success
[2021-07-31 01:00:33] - 2021-07-30 - case2 start
[2021-07-31 01:00:57] - 2021-07-30 - case2 success
[2021-07-31 01:00:57] - 2021-07-30 - delete start
[2021-07-31 01:00:57] - 2021-07-30 - fm_daily_stats_fblike_vw start
[2021-07-31 01:00:57] - 2021-07-30 - fm_daily_stats_fblike_vw success
[2021-07-31 01:00:57] - 2021-07-30 - fm_daily_stats_review_vw start
[2021-07-31 01:00:57] - 2021-07-30 - fm_daily_stats_review_vw success
[2021-07-31 01:00:57] - 2021-07-30 - fm_daily_stats_restock_notify_vw start
[2021-07-31 01:00:57] - 2021-07-30 - fm_daily_stats_restock_notify_vw success
[2021-07-31 01:00:57] - 2021-07-30 - fm_daily_stats_wish_vw start
[2021-07-31 01:00:57] - 2021-07-30 - fm_daily_stats_wish_vw success
[2021-07-31 01:00:57] - 2021-07-30 - fm_daily_stats_cart_vw start
[2021-07-31 01:00:57] - 2021-07-30 - fm_daily_stats_cart_vw success
[2021-07-31 01:00:57] - 2021-07-30 - fm_daily_stats_order_vw start
[2021-07-31 01:00:57] - 2021-07-30 - fm_daily_stats_order_vw success
[2021-07-31 01:00:57] - 2021-07-30 - fm_daily_stats_view_vw start
[2021-07-31 01:00:57] - 2021-07-30 - fm_daily_stats_view_vw success
[2021-07-31 01:00:57] - 2021-07-30 - delete success
[2021-07-31 01:00:57] - 상품별 3개월 구매수량 등록(goods_purchase_ea)
[2021-07-31 01:00:57] - 입점사 정산 주기 변경(account_seller_period_update)
[2021-07-31 01:00:57] - 입점사별 정산 집계(account_seller_stats)
[2021-07-31 01:00:57] - 불필요한 이월데이터 삭제(account_seller_del_sales)
[2021-07-31 01:00:57] - 일일통계 (주문,좋아요,리뷰,재입고알림,찜,장바구니,보기) 집계(daily_stats)
[2021-07-31 01:00:57] - 마일리지, 포인트,캐쉬 통계 집계(statistic_epc)
[2021-07-31 01:00:57] - referer 도메인 업데이트(set_referer_domain)
[2021-07-31 01:00:57] - 일일통계 데이터 삭제(stats_delete)
