[2021-02-01 01:00:14] - 회원등급 업그레이드(update_member_grade) - update_member_grade unused
[2021-02-01 01:00:14] - 광고수신동의 메일 발송 대상 수집(send_marketing_agree)
[2021-02-01 01:00:14] - 광고수신동의 메일 발송 일자 수정(update_marketing_agree_date)
[2021-02-01 01:00:14] - 미접속자 휴면처리(dormancy_request)
[2021-02-01 01:00:14] - 회원등급 업그레이드(update_member_grade)
[2021-02-01 01:00:14] - 입점사 등급 자동 갱신(exec_update_provider_group)
[2021-02-01 01:00:14] - 회원정보 다운로드 로그 기록 삭제(log_member_excel_delete)
[2021-02-01 01:00:14] - 만료된 포인트 차감(member_point_deduction)
[2021-02-01 01:00:14] - 만료된 캐시 차감(member_emoney_deduction)
[2021-02-02 01:00:13] - 광고수신동의 메일 발송 대상 수집(send_marketing_agree)
[2021-02-02 01:00:13] - 광고수신동의 메일 발송 일자 수정(update_marketing_agree_date)
[2021-02-02 01:00:13] - 미접속자 휴면처리(dormancy_request)
[2021-02-02 01:00:13] - 회원등급 업그레이드(update_member_grade)
[2021-02-02 01:00:13] - 입점사 등급 자동 갱신(exec_update_provider_group)
[2021-02-02 01:00:13] - 회원정보 다운로드 로그 기록 삭제(log_member_excel_delete)
[2021-02-02 01:00:13] - 만료된 포인트 차감(member_point_deduction)
[2021-02-02 01:00:13] - 만료된 캐시 차감(member_emoney_deduction)
[2021-02-03 01:00:14] - 광고수신동의 메일 발송 대상 수집(send_marketing_agree)
[2021-02-03 01:00:14] - 광고수신동의 메일 발송 일자 수정(update_marketing_agree_date)
[2021-02-03 01:00:14] - 미접속자 휴면처리(dormancy_request)
[2021-02-03 01:00:14] - 회원등급 업그레이드(update_member_grade)
[2021-02-03 01:00:14] - 입점사 등급 자동 갱신(exec_update_provider_group)
[2021-02-03 01:00:14] - 회원정보 다운로드 로그 기록 삭제(log_member_excel_delete)
[2021-02-03 01:00:14] - 만료된 포인트 차감(member_point_deduction)
[2021-02-03 01:00:14] - 만료된 캐시 차감(member_emoney_deduction)
[2021-02-04 01:00:12] - 광고수신동의 메일 발송 대상 수집(send_marketing_agree)
[2021-02-04 01:00:12] - 광고수신동의 메일 발송 일자 수정(update_marketing_agree_date)
[2021-02-04 01:00:12] - 미접속자 휴면처리(dormancy_request)
[2021-02-04 01:00:12] - 회원등급 업그레이드(update_member_grade)
[2021-02-04 01:00:12] - 입점사 등급 자동 갱신(exec_update_provider_group)
[2021-02-04 01:00:12] - 회원정보 다운로드 로그 기록 삭제(log_member_excel_delete)
[2021-02-04 01:00:12] - 만료된 포인트 차감(member_point_deduction)
[2021-02-04 01:00:12] - 만료된 캐시 차감(member_emoney_deduction)
[2021-02-05 01:00:12] - 광고수신동의 메일 발송 대상 수집(send_marketing_agree)
[2021-02-05 01:00:12] - 광고수신동의 메일 발송 일자 수정(update_marketing_agree_date)
[2021-02-05 01:00:12] - 미접속자 휴면처리(dormancy_request)
[2021-02-05 01:00:12] - 회원등급 업그레이드(update_member_grade)
[2021-02-05 01:00:12] - 입점사 등급 자동 갱신(exec_update_provider_group)
[2021-02-05 01:00:12] - 회원정보 다운로드 로그 기록 삭제(log_member_excel_delete)
[2021-02-05 01:00:12] - 만료된 포인트 차감(member_point_deduction)
[2021-02-05 01:00:12] - 만료된 캐시 차감(member_emoney_deduction)
[2021-02-06 01:00:11] - 광고수신동의 메일 발송 대상 수집(send_marketing_agree)
[2021-02-06 01:00:11] - 광고수신동의 메일 발송 일자 수정(update_marketing_agree_date)
[2021-02-06 01:00:11] - 미접속자 휴면처리(dormancy_request)
[2021-02-06 01:00:11] - 회원등급 업그레이드(update_member_grade)
[2021-02-06 01:00:11] - 입점사 등급 자동 갱신(exec_update_provider_group)
[2021-02-06 01:00:11] - 회원정보 다운로드 로그 기록 삭제(log_member_excel_delete)
[2021-02-06 01:00:11] - 만료된 포인트 차감(member_point_deduction)
[2021-02-06 01:00:11] - 만료된 캐시 차감(member_emoney_deduction)
[2021-02-07 01:00:12] - 광고수신동의 메일 발송 대상 수집(send_marketing_agree)
[2021-02-07 01:00:12] - 광고수신동의 메일 발송 일자 수정(update_marketing_agree_date)
[2021-02-07 01:00:12] - 미접속자 휴면처리(dormancy_request)
[2021-02-07 01:00:12] - 회원등급 업그레이드(update_member_grade)
[2021-02-07 01:00:12] - 입점사 등급 자동 갱신(exec_update_provider_group)
[2021-02-07 01:00:12] - 회원정보 다운로드 로그 기록 삭제(log_member_excel_delete)
[2021-02-07 01:00:12] - 만료된 포인트 차감(member_point_deduction)
[2021-02-07 01:00:12] - 만료된 캐시 차감(member_emoney_deduction)
[2021-02-08 01:00:12] - 광고수신동의 메일 발송 대상 수집(send_marketing_agree)
[2021-02-08 01:00:12] - 광고수신동의 메일 발송 일자 수정(update_marketing_agree_date)
[2021-02-08 01:00:12] - 미접속자 휴면처리(dormancy_request)
[2021-02-08 01:00:12] - 회원등급 업그레이드(update_member_grade)
[2021-02-08 01:00:12] - 입점사 등급 자동 갱신(exec_update_provider_group)
[2021-02-08 01:00:12] - 회원정보 다운로드 로그 기록 삭제(log_member_excel_delete)
[2021-02-08 01:00:12] - 만료된 포인트 차감(member_point_deduction)
[2021-02-08 01:00:12] - 만료된 캐시 차감(member_emoney_deduction)
[2021-02-09 01:00:10] - 광고수신동의 메일 발송 대상 수집(send_marketing_agree)
[2021-02-09 01:00:10] - 광고수신동의 메일 발송 일자 수정(update_marketing_agree_date)
[2021-02-09 01:00:10] - 미접속자 휴면처리(dormancy_request)
[2021-02-09 01:00:10] - 회원등급 업그레이드(update_member_grade)
[2021-02-09 01:00:10] - 입점사 등급 자동 갱신(exec_update_provider_group)
[2021-02-09 01:00:10] - 회원정보 다운로드 로그 기록 삭제(log_member_excel_delete)
[2021-02-09 01:00:10] - 만료된 포인트 차감(member_point_deduction)
[2021-02-09 01:00:10] - 만료된 캐시 차감(member_emoney_deduction)
[2021-02-10 01:00:13] - 광고수신동의 메일 발송 대상 수집(send_marketing_agree)
[2021-02-10 01:00:13] - 광고수신동의 메일 발송 일자 수정(update_marketing_agree_date)
[2021-02-10 01:00:13] - 미접속자 휴면처리(dormancy_request)
[2021-02-10 01:00:13] - 회원등급 업그레이드(update_member_grade)
[2021-02-10 01:00:13] - 입점사 등급 자동 갱신(exec_update_provider_group)
[2021-02-10 01:00:13] - 회원정보 다운로드 로그 기록 삭제(log_member_excel_delete)
[2021-02-10 01:00:13] - 만료된 포인트 차감(member_point_deduction)
[2021-02-10 01:00:13] - 만료된 캐시 차감(member_emoney_deduction)
[2021-02-11 01:00:13] - 광고수신동의 메일 발송 대상 수집(send_marketing_agree)
[2021-02-11 01:00:13] - 광고수신동의 메일 발송 일자 수정(update_marketing_agree_date)
[2021-02-11 01:00:13] - 미접속자 휴면처리(dormancy_request)
[2021-02-11 01:00:13] - 회원등급 업그레이드(update_member_grade)
[2021-02-11 01:00:13] - 입점사 등급 자동 갱신(exec_update_provider_group)
[2021-02-11 01:00:13] - 회원정보 다운로드 로그 기록 삭제(log_member_excel_delete)
[2021-02-11 01:00:13] - 만료된 포인트 차감(member_point_deduction)
[2021-02-11 01:00:13] - 만료된 캐시 차감(member_emoney_deduction)
[2021-02-12 01:00:12] - 광고수신동의 메일 발송 대상 수집(send_marketing_agree)
[2021-02-12 01:00:12] - 광고수신동의 메일 발송 일자 수정(update_marketing_agree_date)
[2021-02-12 01:00:12] - 미접속자 휴면처리(dormancy_request)
[2021-02-12 01:00:12] - 회원등급 업그레이드(update_member_grade)
[2021-02-12 01:00:12] - 입점사 등급 자동 갱신(exec_update_provider_group)
[2021-02-12 01:00:12] - 회원정보 다운로드 로그 기록 삭제(log_member_excel_delete)
[2021-02-12 01:00:12] - 만료된 포인트 차감(member_point_deduction)
[2021-02-12 01:00:12] - 만료된 캐시 차감(member_emoney_deduction)
[2021-02-13 01:00:11] - 광고수신동의 메일 발송 대상 수집(send_marketing_agree)
[2021-02-13 01:00:11] - 광고수신동의 메일 발송 일자 수정(update_marketing_agree_date)
[2021-02-13 01:00:11] - 미접속자 휴면처리(dormancy_request)
[2021-02-13 01:00:11] - 회원등급 업그레이드(update_member_grade)
[2021-02-13 01:00:11] - 입점사 등급 자동 갱신(exec_update_provider_group)
[2021-02-13 01:00:11] - 회원정보 다운로드 로그 기록 삭제(log_member_excel_delete)
[2021-02-13 01:00:11] - 만료된 포인트 차감(member_point_deduction)
[2021-02-13 01:00:11] - 만료된 캐시 차감(member_emoney_deduction)
[2021-02-14 01:00:11] - 광고수신동의 메일 발송 대상 수집(send_marketing_agree)
[2021-02-14 01:00:11] - 광고수신동의 메일 발송 일자 수정(update_marketing_agree_date)
[2021-02-14 01:00:11] - 미접속자 휴면처리(dormancy_request)
[2021-02-14 01:00:11] - 회원등급 업그레이드(update_member_grade)
[2021-02-14 01:00:11] - 입점사 등급 자동 갱신(exec_update_provider_group)
[2021-02-14 01:00:11] - 회원정보 다운로드 로그 기록 삭제(log_member_excel_delete)
[2021-02-14 01:00:11] - 만료된 포인트 차감(member_point_deduction)
[2021-02-14 01:00:11] - 만료된 캐시 차감(member_emoney_deduction)
[2021-02-15 01:00:12] - 회원등급 업그레이드(update_member_grade) - update_member_grade unused
[2021-02-15 01:00:12] - 광고수신동의 메일 발송 대상 수집(send_marketing_agree)
[2021-02-15 01:00:12] - 광고수신동의 메일 발송 일자 수정(update_marketing_agree_date)
[2021-02-15 01:00:12] - 미접속자 휴면처리(dormancy_request)
[2021-02-15 01:00:12] - 회원등급 업그레이드(update_member_grade)
[2021-02-15 01:00:12] - 입점사 등급 자동 갱신(exec_update_provider_group)
[2021-02-15 01:00:12] - 회원정보 다운로드 로그 기록 삭제(log_member_excel_delete)
[2021-02-15 01:00:12] - 만료된 포인트 차감(member_point_deduction)
[2021-02-15 01:00:12] - 만료된 캐시 차감(member_emoney_deduction)
[2021-02-16 01:00:12] - 광고수신동의 메일 발송 대상 수집(send_marketing_agree)
[2021-02-16 01:00:12] - 광고수신동의 메일 발송 일자 수정(update_marketing_agree_date)
[2021-02-16 01:00:12] - 미접속자 휴면처리(dormancy_request)
[2021-02-16 01:00:12] - 회원등급 업그레이드(update_member_grade)
[2021-02-16 01:00:12] - 입점사 등급 자동 갱신(exec_update_provider_group)
[2021-02-16 01:00:12] - 회원정보 다운로드 로그 기록 삭제(log_member_excel_delete)
[2021-02-16 01:00:12] - 만료된 포인트 차감(member_point_deduction)
[2021-02-16 01:00:12] - 만료된 캐시 차감(member_emoney_deduction)
[2021-02-17 01:00:11] - 광고수신동의 메일 발송 대상 수집(send_marketing_agree)
[2021-02-17 01:00:11] - 광고수신동의 메일 발송 일자 수정(update_marketing_agree_date)
[2021-02-17 01:00:11] - 미접속자 휴면처리(dormancy_request)
[2021-02-17 01:00:11] - 회원등급 업그레이드(update_member_grade)
[2021-02-17 01:00:11] - 입점사 등급 자동 갱신(exec_update_provider_group)
[2021-02-17 01:00:11] - 회원정보 다운로드 로그 기록 삭제(log_member_excel_delete)
[2021-02-17 01:00:11] - 만료된 포인트 차감(member_point_deduction)
[2021-02-17 01:00:11] - 만료된 캐시 차감(member_emoney_deduction)
[2021-02-18 01:00:12] - 광고수신동의 메일 발송 대상 수집(send_marketing_agree)
[2021-02-18 01:00:12] - 광고수신동의 메일 발송 일자 수정(update_marketing_agree_date)
[2021-02-18 01:00:12] - 미접속자 휴면처리(dormancy_request)
[2021-02-18 01:00:12] - 회원등급 업그레이드(update_member_grade)
[2021-02-18 01:00:12] - 입점사 등급 자동 갱신(exec_update_provider_group)
[2021-02-18 01:00:12] - 회원정보 다운로드 로그 기록 삭제(log_member_excel_delete)
[2021-02-18 01:00:12] - 만료된 포인트 차감(member_point_deduction)
[2021-02-18 01:00:12] - 만료된 캐시 차감(member_emoney_deduction)
[2021-02-19 01:00:13] - 광고수신동의 메일 발송 대상 수집(send_marketing_agree)
[2021-02-19 01:00:13] - 광고수신동의 메일 발송 일자 수정(update_marketing_agree_date)
[2021-02-19 01:00:13] - 미접속자 휴면처리(dormancy_request)
[2021-02-19 01:00:13] - 회원등급 업그레이드(update_member_grade)
[2021-02-19 01:00:13] - 입점사 등급 자동 갱신(exec_update_provider_group)
[2021-02-19 01:00:13] - 회원정보 다운로드 로그 기록 삭제(log_member_excel_delete)
[2021-02-19 01:00:13] - 만료된 포인트 차감(member_point_deduction)
[2021-02-19 01:00:13] - 만료된 캐시 차감(member_emoney_deduction)
[2021-02-20 01:00:13] - 광고수신동의 메일 발송 대상 수집(send_marketing_agree)
[2021-02-20 01:00:13] - 광고수신동의 메일 발송 일자 수정(update_marketing_agree_date)
[2021-02-20 01:00:13] - 미접속자 휴면처리(dormancy_request)
[2021-02-20 01:00:13] - 회원등급 업그레이드(update_member_grade)
[2021-02-20 01:00:13] - 입점사 등급 자동 갱신(exec_update_provider_group)
[2021-02-20 01:00:13] - 회원정보 다운로드 로그 기록 삭제(log_member_excel_delete)
[2021-02-20 01:00:13] - 만료된 포인트 차감(member_point_deduction)
[2021-02-20 01:00:13] - 만료된 캐시 차감(member_emoney_deduction)
[2021-02-21 01:00:12] - 광고수신동의 메일 발송 대상 수집(send_marketing_agree)
[2021-02-21 01:00:12] - 광고수신동의 메일 발송 일자 수정(update_marketing_agree_date)
[2021-02-21 01:00:12] - 미접속자 휴면처리(dormancy_request)
[2021-02-21 01:00:12] - 회원등급 업그레이드(update_member_grade)
[2021-02-21 01:00:12] - 입점사 등급 자동 갱신(exec_update_provider_group)
[2021-02-21 01:00:12] - 회원정보 다운로드 로그 기록 삭제(log_member_excel_delete)
[2021-02-21 01:00:12] - 만료된 포인트 차감(member_point_deduction)
[2021-02-21 01:00:12] - 만료된 캐시 차감(member_emoney_deduction)
[2021-02-22 01:00:12] - 광고수신동의 메일 발송 대상 수집(send_marketing_agree)
[2021-02-22 01:00:12] - 광고수신동의 메일 발송 일자 수정(update_marketing_agree_date)
[2021-02-22 01:00:12] - 미접속자 휴면처리(dormancy_request)
[2021-02-22 01:00:12] - 회원등급 업그레이드(update_member_grade)
[2021-02-22 01:00:12] - 입점사 등급 자동 갱신(exec_update_provider_group)
[2021-02-22 01:00:12] - 회원정보 다운로드 로그 기록 삭제(log_member_excel_delete)
[2021-02-22 01:00:12] - 만료된 포인트 차감(member_point_deduction)
[2021-02-22 01:00:12] - 만료된 캐시 차감(member_emoney_deduction)
[2021-02-23 01:00:12] - 광고수신동의 메일 발송 대상 수집(send_marketing_agree)
[2021-02-23 01:00:12] - 광고수신동의 메일 발송 일자 수정(update_marketing_agree_date)
[2021-02-23 01:00:12] - 미접속자 휴면처리(dormancy_request)
[2021-02-23 01:00:12] - 회원등급 업그레이드(update_member_grade)
[2021-02-23 01:00:12] - 입점사 등급 자동 갱신(exec_update_provider_group)
[2021-02-23 01:00:12] - 회원정보 다운로드 로그 기록 삭제(log_member_excel_delete)
[2021-02-23 01:00:12] - 만료된 포인트 차감(member_point_deduction)
[2021-02-23 01:00:12] - 만료된 캐시 차감(member_emoney_deduction)
[2021-02-24 01:00:13] - 광고수신동의 메일 발송 대상 수집(send_marketing_agree)
[2021-02-24 01:00:13] - 광고수신동의 메일 발송 일자 수정(update_marketing_agree_date)
[2021-02-24 01:00:13] - 미접속자 휴면처리(dormancy_request)
[2021-02-24 01:00:13] - 회원등급 업그레이드(update_member_grade)
[2021-02-24 01:00:13] - 입점사 등급 자동 갱신(exec_update_provider_group)
[2021-02-24 01:00:13] - 회원정보 다운로드 로그 기록 삭제(log_member_excel_delete)
[2021-02-24 01:00:13] - 만료된 포인트 차감(member_point_deduction)
[2021-02-24 01:00:13] - 만료된 캐시 차감(member_emoney_deduction)
[2021-02-25 01:00:13] - 광고수신동의 메일 발송 대상 수집(send_marketing_agree)
[2021-02-25 01:00:13] - 광고수신동의 메일 발송 일자 수정(update_marketing_agree_date)
[2021-02-25 01:00:13] - 미접속자 휴면처리(dormancy_request)
[2021-02-25 01:00:13] - 회원등급 업그레이드(update_member_grade)
[2021-02-25 01:00:13] - 입점사 등급 자동 갱신(exec_update_provider_group)
[2021-02-25 01:00:13] - 회원정보 다운로드 로그 기록 삭제(log_member_excel_delete)
[2021-02-25 01:00:13] - 만료된 포인트 차감(member_point_deduction)
[2021-02-25 01:00:13] - 만료된 캐시 차감(member_emoney_deduction)
[2021-02-26 01:00:12] - 광고수신동의 메일 발송 대상 수집(send_marketing_agree)
[2021-02-26 01:00:12] - 광고수신동의 메일 발송 일자 수정(update_marketing_agree_date)
[2021-02-26 01:00:12] - 미접속자 휴면처리(dormancy_request)
[2021-02-26 01:00:12] - 회원등급 업그레이드(update_member_grade)
[2021-02-26 01:00:12] - 입점사 등급 자동 갱신(exec_update_provider_group)
[2021-02-26 01:00:12] - 회원정보 다운로드 로그 기록 삭제(log_member_excel_delete)
[2021-02-26 01:00:12] - 만료된 포인트 차감(member_point_deduction)
[2021-02-26 01:00:12] - 만료된 캐시 차감(member_emoney_deduction)
[2021-02-27 01:00:14] - 광고수신동의 메일 발송 대상 수집(send_marketing_agree)
[2021-02-27 01:00:14] - 광고수신동의 메일 발송 일자 수정(update_marketing_agree_date)
[2021-02-27 01:00:14] - 미접속자 휴면처리(dormancy_request)
[2021-02-27 01:00:14] - 회원등급 업그레이드(update_member_grade)
[2021-02-27 01:00:14] - 입점사 등급 자동 갱신(exec_update_provider_group)
[2021-02-27 01:00:14] - 회원정보 다운로드 로그 기록 삭제(log_member_excel_delete)
[2021-02-27 01:00:14] - 만료된 포인트 차감(member_point_deduction)
[2021-02-27 01:00:14] - 만료된 캐시 차감(member_emoney_deduction)
[2021-02-28 01:00:13] - 광고수신동의 메일 발송 대상 수집(send_marketing_agree)
[2021-02-28 01:00:13] - 광고수신동의 메일 발송 일자 수정(update_marketing_agree_date)
[2021-02-28 01:00:13] - 미접속자 휴면처리(dormancy_request)
[2021-02-28 01:00:13] - 회원등급 업그레이드(update_member_grade)
[2021-02-28 01:00:13] - 입점사 등급 자동 갱신(exec_update_provider_group)
[2021-02-28 01:00:13] - 회원정보 다운로드 로그 기록 삭제(log_member_excel_delete)
[2021-02-28 01:00:13] - 만료된 포인트 차감(member_point_deduction)
[2021-02-28 01:00:13] - 만료된 캐시 차감(member_emoney_deduction)
