[2021-11-17 01:00:37] - 카테고리 상품 정렬 맞춤(sort_category_goods) - Already Category Sort
[2021-11-17 01:00:37] - 브랜드 상품 정렬 맞춤(sort_brand_goods) - Already Brand Sort
[2021-11-17 01:00:37] - 지역 상품 정렬 맞춤(sort_location_goods) - Already Location Sort
[2021-11-17 01:00:37] - 지역 상품 정렬 맞춤(sort_location_goods)
[2021-11-17 01:00:37] - 브랜드 상품 정렬 맞춤(sort_brand_goods)
[2021-11-17 01:00:37] - 카테고리 상품 정렬 맞춤(sort_category_goods)
[2021-11-17 01:00:37] - 브랜드 연결 수 저장(all_brand_count)
[2021-11-17 01:00:37] - 카테고리 연결 수 저장(all_category_count)
[2021-11-17 01:00:37] - 빠른상품등록 임시 데이터 삭제(truncate_tmp_goods_data)
[2021-11-17 01:00:37] - 수불부 월별 집계(save_scm_ledger_month)
[2021-11-17 01:00:37] - 자동노출 종료상품 수동 전환(endOfAutoDisplay)
[2021-11-17 01:00:37] - 시간대별 이벤트가 추가(set_goods_event_price)
[2021-11-17 01:00:37] - 옵션 임시 데이터 삭제(delete_tmp_option_data)
[2021-11-17 01:00:37] - 티켓상품의 모든옵션의 유효기간이 만기시 판매중지(social_goods_validate)
[2021-11-18 01:00:27] - 카테고리 상품 정렬 맞춤(sort_category_goods) - Already Category Sort
[2021-11-18 01:00:27] - 브랜드 상품 정렬 맞춤(sort_brand_goods) - Already Brand Sort
[2021-11-18 01:00:27] - 지역 상품 정렬 맞춤(sort_location_goods) - Already Location Sort
[2021-11-18 01:00:27] - 지역 상품 정렬 맞춤(sort_location_goods)
[2021-11-18 01:00:27] - 브랜드 상품 정렬 맞춤(sort_brand_goods)
[2021-11-18 01:00:27] - 카테고리 상품 정렬 맞춤(sort_category_goods)
[2021-11-18 01:00:27] - 브랜드 연결 수 저장(all_brand_count)
[2021-11-18 01:00:27] - 카테고리 연결 수 저장(all_category_count)
[2021-11-18 01:00:27] - 빠른상품등록 임시 데이터 삭제(truncate_tmp_goods_data)
[2021-11-18 01:00:27] - 수불부 월별 집계(save_scm_ledger_month)
[2021-11-18 01:00:27] - 자동노출 종료상품 수동 전환(endOfAutoDisplay)
[2021-11-18 01:00:27] - 시간대별 이벤트가 추가(set_goods_event_price)
[2021-11-18 01:00:27] - 옵션 임시 데이터 삭제(delete_tmp_option_data)
[2021-11-18 01:00:27] - 티켓상품의 모든옵션의 유효기간이 만기시 판매중지(social_goods_validate)
[2021-11-19 01:00:27] - 카테고리 상품 정렬 맞춤(sort_category_goods) - Already Category Sort
[2021-11-19 01:00:27] - 브랜드 상품 정렬 맞춤(sort_brand_goods) - Already Brand Sort
[2021-11-19 01:00:27] - 지역 상품 정렬 맞춤(sort_location_goods) - Already Location Sort
[2021-11-19 01:00:27] - 지역 상품 정렬 맞춤(sort_location_goods)
[2021-11-19 01:00:27] - 브랜드 상품 정렬 맞춤(sort_brand_goods)
[2021-11-19 01:00:27] - 카테고리 상품 정렬 맞춤(sort_category_goods)
[2021-11-19 01:00:27] - 브랜드 연결 수 저장(all_brand_count)
[2021-11-19 01:00:27] - 카테고리 연결 수 저장(all_category_count)
[2021-11-19 01:00:27] - 빠른상품등록 임시 데이터 삭제(truncate_tmp_goods_data)
[2021-11-19 01:00:27] - 수불부 월별 집계(save_scm_ledger_month)
[2021-11-19 01:00:27] - 자동노출 종료상품 수동 전환(endOfAutoDisplay)
[2021-11-19 01:00:27] - 시간대별 이벤트가 추가(set_goods_event_price)
[2021-11-19 01:00:27] - 옵션 임시 데이터 삭제(delete_tmp_option_data)
[2021-11-19 01:00:27] - 티켓상품의 모든옵션의 유효기간이 만기시 판매중지(social_goods_validate)
[2021-11-20 01:00:27] - 카테고리 상품 정렬 맞춤(sort_category_goods) - Already Category Sort
[2021-11-20 01:00:27] - 브랜드 상품 정렬 맞춤(sort_brand_goods) - Already Brand Sort
[2021-11-20 01:00:27] - 지역 상품 정렬 맞춤(sort_location_goods) - Already Location Sort
[2021-11-20 01:00:27] - 지역 상품 정렬 맞춤(sort_location_goods)
[2021-11-20 01:00:27] - 브랜드 상품 정렬 맞춤(sort_brand_goods)
[2021-11-20 01:00:27] - 카테고리 상품 정렬 맞춤(sort_category_goods)
[2021-11-20 01:00:27] - 브랜드 연결 수 저장(all_brand_count)
[2021-11-20 01:00:27] - 카테고리 연결 수 저장(all_category_count)
[2021-11-20 01:00:27] - 빠른상품등록 임시 데이터 삭제(truncate_tmp_goods_data)
[2021-11-20 01:00:27] - 수불부 월별 집계(save_scm_ledger_month)
[2021-11-20 01:00:27] - 자동노출 종료상품 수동 전환(endOfAutoDisplay)
[2021-11-20 01:00:27] - 시간대별 이벤트가 추가(set_goods_event_price)
[2021-11-20 01:00:27] - 옵션 임시 데이터 삭제(delete_tmp_option_data)
[2021-11-20 01:00:27] - 티켓상품의 모든옵션의 유효기간이 만기시 판매중지(social_goods_validate)
[2021-11-21 01:00:27] - 카테고리 상품 정렬 맞춤(sort_category_goods) - Already Category Sort
[2021-11-21 01:00:27] - 브랜드 상품 정렬 맞춤(sort_brand_goods) - Already Brand Sort
[2021-11-21 01:00:27] - 지역 상품 정렬 맞춤(sort_location_goods) - Already Location Sort
[2021-11-21 01:00:27] - 지역 상품 정렬 맞춤(sort_location_goods)
[2021-11-21 01:00:27] - 브랜드 상품 정렬 맞춤(sort_brand_goods)
[2021-11-21 01:00:27] - 카테고리 상품 정렬 맞춤(sort_category_goods)
[2021-11-21 01:00:27] - 브랜드 연결 수 저장(all_brand_count)
[2021-11-21 01:00:27] - 카테고리 연결 수 저장(all_category_count)
[2021-11-21 01:00:27] - 빠른상품등록 임시 데이터 삭제(truncate_tmp_goods_data)
[2021-11-21 01:00:27] - 수불부 월별 집계(save_scm_ledger_month)
[2021-11-21 01:00:27] - 자동노출 종료상품 수동 전환(endOfAutoDisplay)
[2021-11-21 01:00:27] - 시간대별 이벤트가 추가(set_goods_event_price)
[2021-11-21 01:00:27] - 옵션 임시 데이터 삭제(delete_tmp_option_data)
[2021-11-21 01:00:27] - 티켓상품의 모든옵션의 유효기간이 만기시 판매중지(social_goods_validate)
[2021-11-22 01:00:34] - 카테고리 상품 정렬 맞춤(sort_category_goods) - Already Category Sort
[2021-11-22 01:00:34] - 브랜드 상품 정렬 맞춤(sort_brand_goods) - Already Brand Sort
[2021-11-22 01:00:34] - 지역 상품 정렬 맞춤(sort_location_goods) - Already Location Sort
[2021-11-22 01:00:34] - 지역 상품 정렬 맞춤(sort_location_goods)
[2021-11-22 01:00:34] - 브랜드 상품 정렬 맞춤(sort_brand_goods)
[2021-11-22 01:00:34] - 카테고리 상품 정렬 맞춤(sort_category_goods)
[2021-11-22 01:00:34] - 브랜드 연결 수 저장(all_brand_count)
[2021-11-22 01:00:34] - 카테고리 연결 수 저장(all_category_count)
[2021-11-22 01:00:34] - 빠른상품등록 임시 데이터 삭제(truncate_tmp_goods_data)
[2021-11-22 01:00:34] - 수불부 월별 집계(save_scm_ledger_month)
[2021-11-22 01:00:34] - 자동노출 종료상품 수동 전환(endOfAutoDisplay)
[2021-11-22 01:00:34] - 시간대별 이벤트가 추가(set_goods_event_price)
[2021-11-22 01:00:34] - 옵션 임시 데이터 삭제(delete_tmp_option_data)
[2021-11-22 01:00:34] - 티켓상품의 모든옵션의 유효기간이 만기시 판매중지(social_goods_validate)
[2021-11-23 01:00:27] - 카테고리 상품 정렬 맞춤(sort_category_goods) - Already Category Sort
[2021-11-23 01:00:27] - 브랜드 상품 정렬 맞춤(sort_brand_goods) - Already Brand Sort
[2021-11-23 01:00:27] - 지역 상품 정렬 맞춤(sort_location_goods) - Already Location Sort
[2021-11-23 01:00:27] - 지역 상품 정렬 맞춤(sort_location_goods)
[2021-11-23 01:00:27] - 브랜드 상품 정렬 맞춤(sort_brand_goods)
[2021-11-23 01:00:27] - 카테고리 상품 정렬 맞춤(sort_category_goods)
[2021-11-23 01:00:27] - 브랜드 연결 수 저장(all_brand_count)
[2021-11-23 01:00:27] - 카테고리 연결 수 저장(all_category_count)
[2021-11-23 01:00:27] - 빠른상품등록 임시 데이터 삭제(truncate_tmp_goods_data)
[2021-11-23 01:00:27] - 수불부 월별 집계(save_scm_ledger_month)
[2021-11-23 01:00:27] - 자동노출 종료상품 수동 전환(endOfAutoDisplay)
[2021-11-23 01:00:27] - 시간대별 이벤트가 추가(set_goods_event_price)
[2021-11-23 01:00:27] - 옵션 임시 데이터 삭제(delete_tmp_option_data)
[2021-11-23 01:00:27] - 티켓상품의 모든옵션의 유효기간이 만기시 판매중지(social_goods_validate)
[2021-11-24 01:00:26] - 카테고리 상품 정렬 맞춤(sort_category_goods) - Already Category Sort
[2021-11-24 01:00:26] - 브랜드 상품 정렬 맞춤(sort_brand_goods) - Already Brand Sort
[2021-11-24 01:00:26] - 지역 상품 정렬 맞춤(sort_location_goods) - Already Location Sort
[2021-11-24 01:00:26] - 지역 상품 정렬 맞춤(sort_location_goods)
[2021-11-24 01:00:26] - 브랜드 상품 정렬 맞춤(sort_brand_goods)
[2021-11-24 01:00:26] - 카테고리 상품 정렬 맞춤(sort_category_goods)
[2021-11-24 01:00:26] - 브랜드 연결 수 저장(all_brand_count)
[2021-11-24 01:00:26] - 카테고리 연결 수 저장(all_category_count)
[2021-11-24 01:00:26] - 빠른상품등록 임시 데이터 삭제(truncate_tmp_goods_data)
[2021-11-24 01:00:26] - 수불부 월별 집계(save_scm_ledger_month)
[2021-11-24 01:00:26] - 자동노출 종료상품 수동 전환(endOfAutoDisplay)
[2021-11-24 01:00:26] - 시간대별 이벤트가 추가(set_goods_event_price)
[2021-11-24 01:00:26] - 옵션 임시 데이터 삭제(delete_tmp_option_data)
[2021-11-24 01:00:26] - 티켓상품의 모든옵션의 유효기간이 만기시 판매중지(social_goods_validate)
[2021-11-25 01:00:26] - 카테고리 상품 정렬 맞춤(sort_category_goods) - Already Category Sort
[2021-11-25 01:00:26] - 브랜드 상품 정렬 맞춤(sort_brand_goods) - Already Brand Sort
[2021-11-25 01:00:26] - 지역 상품 정렬 맞춤(sort_location_goods) - Already Location Sort
[2021-11-25 01:00:26] - 지역 상품 정렬 맞춤(sort_location_goods)
[2021-11-25 01:00:26] - 브랜드 상품 정렬 맞춤(sort_brand_goods)
[2021-11-25 01:00:26] - 카테고리 상품 정렬 맞춤(sort_category_goods)
[2021-11-25 01:00:26] - 브랜드 연결 수 저장(all_brand_count)
[2021-11-25 01:00:26] - 카테고리 연결 수 저장(all_category_count)
[2021-11-25 01:00:26] - 빠른상품등록 임시 데이터 삭제(truncate_tmp_goods_data)
[2021-11-25 01:00:26] - 수불부 월별 집계(save_scm_ledger_month)
[2021-11-25 01:00:26] - 자동노출 종료상품 수동 전환(endOfAutoDisplay)
[2021-11-25 01:00:26] - 시간대별 이벤트가 추가(set_goods_event_price)
[2021-11-25 01:00:26] - 옵션 임시 데이터 삭제(delete_tmp_option_data)
[2021-11-25 01:00:26] - 티켓상품의 모든옵션의 유효기간이 만기시 판매중지(social_goods_validate)
[2021-11-26 01:00:26] - 카테고리 상품 정렬 맞춤(sort_category_goods) - Already Category Sort
[2021-11-26 01:00:26] - 브랜드 상품 정렬 맞춤(sort_brand_goods) - Already Brand Sort
[2021-11-26 01:00:26] - 지역 상품 정렬 맞춤(sort_location_goods) - Already Location Sort
[2021-11-26 01:00:26] - 지역 상품 정렬 맞춤(sort_location_goods)
[2021-11-26 01:00:26] - 브랜드 상품 정렬 맞춤(sort_brand_goods)
[2021-11-26 01:00:26] - 카테고리 상품 정렬 맞춤(sort_category_goods)
[2021-11-26 01:00:26] - 브랜드 연결 수 저장(all_brand_count)
[2021-11-26 01:00:26] - 카테고리 연결 수 저장(all_category_count)
[2021-11-26 01:00:26] - 빠른상품등록 임시 데이터 삭제(truncate_tmp_goods_data)
[2021-11-26 01:00:26] - 수불부 월별 집계(save_scm_ledger_month)
[2021-11-26 01:00:26] - 자동노출 종료상품 수동 전환(endOfAutoDisplay)
[2021-11-26 01:00:26] - 시간대별 이벤트가 추가(set_goods_event_price)
[2021-11-26 01:00:26] - 옵션 임시 데이터 삭제(delete_tmp_option_data)
[2021-11-26 01:00:26] - 티켓상품의 모든옵션의 유효기간이 만기시 판매중지(social_goods_validate)
[2021-11-27 01:00:26] - 카테고리 상품 정렬 맞춤(sort_category_goods) - Already Category Sort
[2021-11-27 01:00:26] - 브랜드 상품 정렬 맞춤(sort_brand_goods) - Already Brand Sort
[2021-11-27 01:00:26] - 지역 상품 정렬 맞춤(sort_location_goods) - Already Location Sort
[2021-11-27 01:00:26] - 지역 상품 정렬 맞춤(sort_location_goods)
[2021-11-27 01:00:26] - 브랜드 상품 정렬 맞춤(sort_brand_goods)
[2021-11-27 01:00:26] - 카테고리 상품 정렬 맞춤(sort_category_goods)
[2021-11-27 01:00:26] - 브랜드 연결 수 저장(all_brand_count)
[2021-11-27 01:00:26] - 카테고리 연결 수 저장(all_category_count)
[2021-11-27 01:00:26] - 빠른상품등록 임시 데이터 삭제(truncate_tmp_goods_data)
[2021-11-27 01:00:26] - 수불부 월별 집계(save_scm_ledger_month)
[2021-11-27 01:00:26] - 자동노출 종료상품 수동 전환(endOfAutoDisplay)
[2021-11-27 01:00:26] - 시간대별 이벤트가 추가(set_goods_event_price)
[2021-11-27 01:00:26] - 옵션 임시 데이터 삭제(delete_tmp_option_data)
[2021-11-27 01:00:26] - 티켓상품의 모든옵션의 유효기간이 만기시 판매중지(social_goods_validate)
[2021-11-28 01:00:27] - 카테고리 상품 정렬 맞춤(sort_category_goods) - Already Category Sort
[2021-11-28 01:00:27] - 브랜드 상품 정렬 맞춤(sort_brand_goods) - Already Brand Sort
[2021-11-28 01:00:27] - 지역 상품 정렬 맞춤(sort_location_goods) - Already Location Sort
[2021-11-28 01:00:27] - 지역 상품 정렬 맞춤(sort_location_goods)
[2021-11-28 01:00:27] - 브랜드 상품 정렬 맞춤(sort_brand_goods)
[2021-11-28 01:00:27] - 카테고리 상품 정렬 맞춤(sort_category_goods)
[2021-11-28 01:00:27] - 브랜드 연결 수 저장(all_brand_count)
[2021-11-28 01:00:27] - 카테고리 연결 수 저장(all_category_count)
[2021-11-28 01:00:27] - 빠른상품등록 임시 데이터 삭제(truncate_tmp_goods_data)
[2021-11-28 01:00:27] - 수불부 월별 집계(save_scm_ledger_month)
[2021-11-28 01:00:27] - 자동노출 종료상품 수동 전환(endOfAutoDisplay)
[2021-11-28 01:00:27] - 시간대별 이벤트가 추가(set_goods_event_price)
[2021-11-28 01:00:27] - 옵션 임시 데이터 삭제(delete_tmp_option_data)
[2021-11-28 01:00:27] - 티켓상품의 모든옵션의 유효기간이 만기시 판매중지(social_goods_validate)
[2021-11-29 01:00:32] - 카테고리 상품 정렬 맞춤(sort_category_goods) - Already Category Sort
[2021-11-29 01:00:32] - 브랜드 상품 정렬 맞춤(sort_brand_goods) - Already Brand Sort
[2021-11-29 01:00:32] - 지역 상품 정렬 맞춤(sort_location_goods) - Already Location Sort
[2021-11-29 01:00:32] - 지역 상품 정렬 맞춤(sort_location_goods)
[2021-11-29 01:00:32] - 브랜드 상품 정렬 맞춤(sort_brand_goods)
[2021-11-29 01:00:32] - 카테고리 상품 정렬 맞춤(sort_category_goods)
[2021-11-29 01:00:32] - 브랜드 연결 수 저장(all_brand_count)
[2021-11-29 01:00:32] - 카테고리 연결 수 저장(all_category_count)
[2021-11-29 01:00:32] - 빠른상품등록 임시 데이터 삭제(truncate_tmp_goods_data)
[2021-11-29 01:00:32] - 수불부 월별 집계(save_scm_ledger_month)
[2021-11-29 01:00:32] - 자동노출 종료상품 수동 전환(endOfAutoDisplay)
[2021-11-29 01:00:32] - 시간대별 이벤트가 추가(set_goods_event_price)
[2021-11-29 01:00:32] - 옵션 임시 데이터 삭제(delete_tmp_option_data)
[2021-11-29 01:00:32] - 티켓상품의 모든옵션의 유효기간이 만기시 판매중지(social_goods_validate)
[2021-11-30 01:00:27] - 카테고리 상품 정렬 맞춤(sort_category_goods) - Already Category Sort
[2021-11-30 01:00:27] - 브랜드 상품 정렬 맞춤(sort_brand_goods) - Already Brand Sort
[2021-11-30 01:00:27] - 지역 상품 정렬 맞춤(sort_location_goods) - Already Location Sort
[2021-11-30 01:00:27] - 지역 상품 정렬 맞춤(sort_location_goods)
[2021-11-30 01:00:27] - 브랜드 상품 정렬 맞춤(sort_brand_goods)
[2021-11-30 01:00:27] - 카테고리 상품 정렬 맞춤(sort_category_goods)
[2021-11-30 01:00:27] - 브랜드 연결 수 저장(all_brand_count)
[2021-11-30 01:00:27] - 카테고리 연결 수 저장(all_category_count)
[2021-11-30 01:00:27] - 빠른상품등록 임시 데이터 삭제(truncate_tmp_goods_data)
[2021-11-30 01:00:27] - 수불부 월별 집계(save_scm_ledger_month)
[2021-11-30 01:00:27] - 자동노출 종료상품 수동 전환(endOfAutoDisplay)
[2021-11-30 01:00:27] - 시간대별 이벤트가 추가(set_goods_event_price)
[2021-11-30 01:00:27] - 옵션 임시 데이터 삭제(delete_tmp_option_data)
[2021-11-30 01:00:27] - 티켓상품의 모든옵션의 유효기간이 만기시 판매중지(social_goods_validate)
