[2022-01-01 01:00:28] - 2021-12-31 - daily_order start
[2022-01-01 01:00:28] - 2021-12-31 - daily_order success
[2022-01-01 01:00:28] - 2021-12-31 - daily_fblike start
[2022-01-01 01:00:28] - 2021-12-31 - daily_fblike success
[2022-01-01 01:00:28] - 2021-12-31 - daily_review start
[2022-01-01 01:00:28] - 2021-12-31 - daily_review success
[2022-01-01 01:00:28] - 2021-12-31 - daily_restock_notify start
[2022-01-01 01:00:28] - 2021-12-31 - daily_restock_notify success
[2022-01-01 01:00:28] - 2021-12-31 - daily_wish start
[2022-01-01 01:00:28] - 2021-12-31 - daily_wish success
[2022-01-01 01:00:28] - 2021-12-31 - daily_cart start
[2022-01-01 01:00:28] - 2021-12-31 - daily_cart success
[2022-01-01 01:00:28] - 2021-12-31 - daily_view start
[2022-01-01 01:00:28] - 2021-12-31 - daily_view success
[2022-01-01 01:00:28] - 2021-12-31 - daily_sales_price start
[2022-01-01 01:00:28] - 2021-12-31 - daily_sales_price success
[2022-01-01 01:00:28] - 2021-12-31 - case1 start
[2022-01-01 01:00:29] - 2021-12-31 - case1 success
[2022-01-01 01:00:29] - 2021-12-31 - case2 start
[2022-01-01 01:00:36] - 2021-12-31 - case2 success
[2022-01-01 01:00:36] - 2021-12-31 - delete start
[2022-01-01 01:00:36] - 2021-12-31 - fm_daily_stats_fblike_vw start
[2022-01-01 01:00:36] - 2021-12-31 - fm_daily_stats_fblike_vw success
[2022-01-01 01:00:36] - 2021-12-31 - fm_daily_stats_review_vw start
[2022-01-01 01:00:36] - 2021-12-31 - fm_daily_stats_review_vw success
[2022-01-01 01:00:36] - 2021-12-31 - fm_daily_stats_restock_notify_vw start
[2022-01-01 01:00:36] - 2021-12-31 - fm_daily_stats_restock_notify_vw success
[2022-01-01 01:00:36] - 2021-12-31 - fm_daily_stats_wish_vw start
[2022-01-01 01:00:36] - 2021-12-31 - fm_daily_stats_wish_vw success
[2022-01-01 01:00:36] - 2021-12-31 - fm_daily_stats_cart_vw start
[2022-01-01 01:00:36] - 2021-12-31 - fm_daily_stats_cart_vw success
[2022-01-01 01:00:36] - 2021-12-31 - fm_daily_stats_order_vw start
[2022-01-01 01:00:36] - 2021-12-31 - fm_daily_stats_order_vw success
[2022-01-01 01:00:36] - 2021-12-31 - fm_daily_stats_view_vw start
[2022-01-01 01:00:36] - 2021-12-31 - fm_daily_stats_view_vw success
[2022-01-01 01:00:36] - 2021-12-31 - delete success
[2022-01-01 01:00:37] - 상품별 3개월 구매수량 등록(goods_purchase_ea)
[2022-01-01 01:00:37] - 입점사 정산 주기 변경(account_seller_period_update)
[2022-01-01 01:00:37] - 입점사별 정산 집계(account_seller_stats)
[2022-01-01 01:00:37] - 불필요한 이월데이터 삭제(account_seller_del_sales)
[2022-01-01 01:00:37] - 일일통계 (주문,좋아요,리뷰,재입고알림,찜,장바구니,보기) 집계(daily_stats)
[2022-01-01 01:00:37] - 마일리지, 포인트,캐쉬 통계 집계(statistic_epc)
[2022-01-01 01:00:37] - referer 도메인 업데이트(set_referer_domain)
[2022-01-01 01:00:37] - 일일통계 데이터 삭제(stats_delete)
[2022-01-02 01:00:26] - 2022-01-01 - daily_order start
[2022-01-02 01:00:26] - 2022-01-01 - daily_order success
[2022-01-02 01:00:26] - 2022-01-01 - daily_fblike start
[2022-01-02 01:00:26] - 2022-01-01 - daily_fblike success
[2022-01-02 01:00:26] - 2022-01-01 - daily_review start
[2022-01-02 01:00:26] - 2022-01-01 - daily_review success
[2022-01-02 01:00:26] - 2022-01-01 - daily_restock_notify start
[2022-01-02 01:00:26] - 2022-01-01 - daily_restock_notify success
[2022-01-02 01:00:26] - 2022-01-01 - daily_wish start
[2022-01-02 01:00:26] - 2022-01-01 - daily_wish success
[2022-01-02 01:00:26] - 2022-01-01 - daily_cart start
[2022-01-02 01:00:26] - 2022-01-01 - daily_cart success
[2022-01-02 01:00:26] - 2022-01-01 - daily_view start
[2022-01-02 01:00:26] - 2022-01-01 - daily_view success
[2022-01-02 01:00:26] - 2022-01-01 - daily_sales_price start
[2022-01-02 01:00:26] - 2022-01-01 - daily_sales_price success
[2022-01-02 01:00:26] - 2022-01-01 - case1 start
[2022-01-02 01:00:27] - 2022-01-01 - case1 success
[2022-01-02 01:00:27] - 2022-01-01 - case2 start
[2022-01-02 01:00:34] - 2022-01-01 - case2 success
[2022-01-02 01:00:34] - 2022-01-01 - delete start
[2022-01-02 01:00:34] - 2022-01-01 - fm_daily_stats_fblike_vw start
[2022-01-02 01:00:34] - 2022-01-01 - fm_daily_stats_fblike_vw success
[2022-01-02 01:00:34] - 2022-01-01 - fm_daily_stats_review_vw start
[2022-01-02 01:00:34] - 2022-01-01 - fm_daily_stats_review_vw success
[2022-01-02 01:00:34] - 2022-01-01 - fm_daily_stats_restock_notify_vw start
[2022-01-02 01:00:34] - 2022-01-01 - fm_daily_stats_restock_notify_vw success
[2022-01-02 01:00:34] - 2022-01-01 - fm_daily_stats_wish_vw start
[2022-01-02 01:00:34] - 2022-01-01 - fm_daily_stats_wish_vw success
[2022-01-02 01:00:34] - 2022-01-01 - fm_daily_stats_cart_vw start
[2022-01-02 01:00:34] - 2022-01-01 - fm_daily_stats_cart_vw success
[2022-01-02 01:00:34] - 2022-01-01 - fm_daily_stats_order_vw start
[2022-01-02 01:00:34] - 2022-01-01 - fm_daily_stats_order_vw success
[2022-01-02 01:00:34] - 2022-01-01 - fm_daily_stats_view_vw start
[2022-01-02 01:00:34] - 2022-01-01 - fm_daily_stats_view_vw success
[2022-01-02 01:00:34] - 2022-01-01 - delete success
[2022-01-02 01:00:35] - 상품별 3개월 구매수량 등록(goods_purchase_ea)
[2022-01-02 01:00:35] - 입점사 정산 주기 변경(account_seller_period_update)
[2022-01-02 01:00:35] - 입점사별 정산 집계(account_seller_stats)
[2022-01-02 01:00:35] - 불필요한 이월데이터 삭제(account_seller_del_sales)
[2022-01-02 01:00:35] - 일일통계 (주문,좋아요,리뷰,재입고알림,찜,장바구니,보기) 집계(daily_stats)
[2022-01-02 01:00:35] - 마일리지, 포인트,캐쉬 통계 집계(statistic_epc)
[2022-01-02 01:00:35] - referer 도메인 업데이트(set_referer_domain)
[2022-01-02 01:00:35] - 일일통계 데이터 삭제(stats_delete)
[2022-01-03 01:00:34] - 2022-01-02 - daily_order start
[2022-01-03 01:00:34] - 2022-01-02 - daily_order success
[2022-01-03 01:00:34] - 2022-01-02 - daily_fblike start
[2022-01-03 01:00:34] - 2022-01-02 - daily_fblike success
[2022-01-03 01:00:34] - 2022-01-02 - daily_review start
[2022-01-03 01:00:34] - 2022-01-02 - daily_review success
[2022-01-03 01:00:34] - 2022-01-02 - daily_restock_notify start
[2022-01-03 01:00:34] - 2022-01-02 - daily_restock_notify success
[2022-01-03 01:00:34] - 2022-01-02 - daily_wish start
[2022-01-03 01:00:34] - 2022-01-02 - daily_wish success
[2022-01-03 01:00:34] - 2022-01-02 - daily_cart start
[2022-01-03 01:00:34] - 2022-01-02 - daily_cart success
[2022-01-03 01:00:34] - 2022-01-02 - daily_view start
[2022-01-03 01:00:34] - 2022-01-02 - daily_view success
[2022-01-03 01:00:34] - 2022-01-02 - daily_sales_price start
[2022-01-03 01:00:34] - 2022-01-02 - daily_sales_price success
[2022-01-03 01:00:34] - 2022-01-02 - case1 start
[2022-01-03 01:00:34] - 2022-01-02 - case1 success
[2022-01-03 01:00:34] - 2022-01-02 - case2 start
[2022-01-03 01:00:42] - 2022-01-02 - case2 success
[2022-01-03 01:00:42] - 2022-01-02 - delete start
[2022-01-03 01:00:42] - 2022-01-02 - fm_daily_stats_fblike_vw start
[2022-01-03 01:00:42] - 2022-01-02 - fm_daily_stats_fblike_vw success
[2022-01-03 01:00:42] - 2022-01-02 - fm_daily_stats_review_vw start
[2022-01-03 01:00:42] - 2022-01-02 - fm_daily_stats_review_vw success
[2022-01-03 01:00:42] - 2022-01-02 - fm_daily_stats_restock_notify_vw start
[2022-01-03 01:00:42] - 2022-01-02 - fm_daily_stats_restock_notify_vw success
[2022-01-03 01:00:42] - 2022-01-02 - fm_daily_stats_wish_vw start
[2022-01-03 01:00:42] - 2022-01-02 - fm_daily_stats_wish_vw success
[2022-01-03 01:00:42] - 2022-01-02 - fm_daily_stats_cart_vw start
[2022-01-03 01:00:42] - 2022-01-02 - fm_daily_stats_cart_vw success
[2022-01-03 01:00:42] - 2022-01-02 - fm_daily_stats_order_vw start
[2022-01-03 01:00:42] - 2022-01-02 - fm_daily_stats_order_vw success
[2022-01-03 01:00:42] - 2022-01-02 - fm_daily_stats_view_vw start
[2022-01-03 01:00:42] - 2022-01-02 - fm_daily_stats_view_vw success
[2022-01-03 01:00:42] - 2022-01-02 - delete success
[2022-01-03 01:00:42] - 상품별 3개월 구매수량 등록(goods_purchase_ea)
[2022-01-03 01:00:42] - 입점사 정산 주기 변경(account_seller_period_update)
[2022-01-03 01:00:42] - 입점사별 정산 집계(account_seller_stats)
[2022-01-03 01:00:42] - 불필요한 이월데이터 삭제(account_seller_del_sales)
[2022-01-03 01:00:42] - 일일통계 (주문,좋아요,리뷰,재입고알림,찜,장바구니,보기) 집계(daily_stats)
[2022-01-03 01:00:42] - 마일리지, 포인트,캐쉬 통계 집계(statistic_epc)
[2022-01-03 01:00:42] - referer 도메인 업데이트(set_referer_domain)
[2022-01-03 01:00:42] - 일일통계 데이터 삭제(stats_delete)
[2022-01-04 01:00:27] - 2022-01-03 - daily_order start
[2022-01-04 01:00:27] - 2022-01-03 - daily_order success
[2022-01-04 01:00:27] - 2022-01-03 - daily_fblike start
[2022-01-04 01:00:27] - 2022-01-03 - daily_fblike success
[2022-01-04 01:00:27] - 2022-01-03 - daily_review start
[2022-01-04 01:00:27] - 2022-01-03 - daily_review success
[2022-01-04 01:00:27] - 2022-01-03 - daily_restock_notify start
[2022-01-04 01:00:27] - 2022-01-03 - daily_restock_notify success
[2022-01-04 01:00:27] - 2022-01-03 - daily_wish start
[2022-01-04 01:00:27] - 2022-01-03 - daily_wish success
[2022-01-04 01:00:27] - 2022-01-03 - daily_cart start
[2022-01-04 01:00:27] - 2022-01-03 - daily_cart success
[2022-01-04 01:00:27] - 2022-01-03 - daily_view start
[2022-01-04 01:00:27] - 2022-01-03 - daily_view success
[2022-01-04 01:00:27] - 2022-01-03 - daily_sales_price start
[2022-01-04 01:00:27] - 2022-01-03 - daily_sales_price success
[2022-01-04 01:00:27] - 2022-01-03 - case1 start
[2022-01-04 01:00:28] - 2022-01-03 - case1 success
[2022-01-04 01:00:28] - 2022-01-03 - case2 start
[2022-01-04 01:00:35] - 2022-01-03 - case2 success
[2022-01-04 01:00:35] - 2022-01-03 - delete start
[2022-01-04 01:00:35] - 2022-01-03 - fm_daily_stats_fblike_vw start
[2022-01-04 01:00:35] - 2022-01-03 - fm_daily_stats_fblike_vw success
[2022-01-04 01:00:35] - 2022-01-03 - fm_daily_stats_review_vw start
[2022-01-04 01:00:35] - 2022-01-03 - fm_daily_stats_review_vw success
[2022-01-04 01:00:35] - 2022-01-03 - fm_daily_stats_restock_notify_vw start
[2022-01-04 01:00:35] - 2022-01-03 - fm_daily_stats_restock_notify_vw success
[2022-01-04 01:00:35] - 2022-01-03 - fm_daily_stats_wish_vw start
[2022-01-04 01:00:35] - 2022-01-03 - fm_daily_stats_wish_vw success
[2022-01-04 01:00:35] - 2022-01-03 - fm_daily_stats_cart_vw start
[2022-01-04 01:00:35] - 2022-01-03 - fm_daily_stats_cart_vw success
[2022-01-04 01:00:35] - 2022-01-03 - fm_daily_stats_order_vw start
[2022-01-04 01:00:35] - 2022-01-03 - fm_daily_stats_order_vw success
[2022-01-04 01:00:35] - 2022-01-03 - fm_daily_stats_view_vw start
[2022-01-04 01:00:35] - 2022-01-03 - fm_daily_stats_view_vw success
[2022-01-04 01:00:35] - 2022-01-03 - delete success
[2022-01-04 01:00:36] - 상품별 3개월 구매수량 등록(goods_purchase_ea)
[2022-01-04 01:00:36] - 입점사 정산 주기 변경(account_seller_period_update)
[2022-01-04 01:00:36] - 입점사별 정산 집계(account_seller_stats)
[2022-01-04 01:00:36] - 불필요한 이월데이터 삭제(account_seller_del_sales)
[2022-01-04 01:00:36] - 일일통계 (주문,좋아요,리뷰,재입고알림,찜,장바구니,보기) 집계(daily_stats)
[2022-01-04 01:00:36] - 마일리지, 포인트,캐쉬 통계 집계(statistic_epc)
[2022-01-04 01:00:36] - referer 도메인 업데이트(set_referer_domain)
[2022-01-04 01:00:36] - 일일통계 데이터 삭제(stats_delete)
[2022-01-05 01:00:26] - 2022-01-04 - daily_order start
[2022-01-05 01:00:26] - 2022-01-04 - daily_order success
[2022-01-05 01:00:26] - 2022-01-04 - daily_fblike start
[2022-01-05 01:00:26] - 2022-01-04 - daily_fblike success
[2022-01-05 01:00:26] - 2022-01-04 - daily_review start
[2022-01-05 01:00:26] - 2022-01-04 - daily_review success
[2022-01-05 01:00:26] - 2022-01-04 - daily_restock_notify start
[2022-01-05 01:00:26] - 2022-01-04 - daily_restock_notify success
[2022-01-05 01:00:26] - 2022-01-04 - daily_wish start
[2022-01-05 01:00:26] - 2022-01-04 - daily_wish success
[2022-01-05 01:00:26] - 2022-01-04 - daily_cart start
[2022-01-05 01:00:26] - 2022-01-04 - daily_cart success
[2022-01-05 01:00:26] - 2022-01-04 - daily_view start
[2022-01-05 01:00:27] - 2022-01-04 - daily_view success
[2022-01-05 01:00:27] - 2022-01-04 - daily_sales_price start
[2022-01-05 01:00:27] - 2022-01-04 - daily_sales_price success
[2022-01-05 01:00:27] - 2022-01-04 - case1 start
[2022-01-05 01:00:27] - 2022-01-04 - case1 success
[2022-01-05 01:00:27] - 2022-01-04 - case2 start
[2022-01-05 01:00:34] - 2022-01-04 - case2 success
[2022-01-05 01:00:34] - 2022-01-04 - delete start
[2022-01-05 01:00:34] - 2022-01-04 - fm_daily_stats_fblike_vw start
[2022-01-05 01:00:34] - 2022-01-04 - fm_daily_stats_fblike_vw success
[2022-01-05 01:00:34] - 2022-01-04 - fm_daily_stats_review_vw start
[2022-01-05 01:00:34] - 2022-01-04 - fm_daily_stats_review_vw success
[2022-01-05 01:00:34] - 2022-01-04 - fm_daily_stats_restock_notify_vw start
[2022-01-05 01:00:34] - 2022-01-04 - fm_daily_stats_restock_notify_vw success
[2022-01-05 01:00:34] - 2022-01-04 - fm_daily_stats_wish_vw start
[2022-01-05 01:00:34] - 2022-01-04 - fm_daily_stats_wish_vw success
[2022-01-05 01:00:34] - 2022-01-04 - fm_daily_stats_cart_vw start
[2022-01-05 01:00:34] - 2022-01-04 - fm_daily_stats_cart_vw success
[2022-01-05 01:00:34] - 2022-01-04 - fm_daily_stats_order_vw start
[2022-01-05 01:00:34] - 2022-01-04 - fm_daily_stats_order_vw success
[2022-01-05 01:00:34] - 2022-01-04 - fm_daily_stats_view_vw start
[2022-01-05 01:00:34] - 2022-01-04 - fm_daily_stats_view_vw success
[2022-01-05 01:00:34] - 2022-01-04 - delete success
[2022-01-05 01:00:35] - 상품별 3개월 구매수량 등록(goods_purchase_ea)
[2022-01-05 01:00:35] - 입점사 정산 주기 변경(account_seller_period_update)
[2022-01-05 01:00:35] - 입점사별 정산 집계(account_seller_stats)
[2022-01-05 01:00:35] - 불필요한 이월데이터 삭제(account_seller_del_sales)
[2022-01-05 01:00:35] - 일일통계 (주문,좋아요,리뷰,재입고알림,찜,장바구니,보기) 집계(daily_stats)
[2022-01-05 01:00:35] - 마일리지, 포인트,캐쉬 통계 집계(statistic_epc)
[2022-01-05 01:00:35] - referer 도메인 업데이트(set_referer_domain)
[2022-01-05 01:00:35] - 일일통계 데이터 삭제(stats_delete)
[2022-01-06 01:00:28] - 2022-01-05 - daily_order start
[2022-01-06 01:00:28] - 2022-01-05 - daily_order success
[2022-01-06 01:00:28] - 2022-01-05 - daily_fblike start
[2022-01-06 01:00:28] - 2022-01-05 - daily_fblike success
[2022-01-06 01:00:28] - 2022-01-05 - daily_review start
[2022-01-06 01:00:28] - 2022-01-05 - daily_review success
[2022-01-06 01:00:28] - 2022-01-05 - daily_restock_notify start
[2022-01-06 01:00:28] - 2022-01-05 - daily_restock_notify success
[2022-01-06 01:00:28] - 2022-01-05 - daily_wish start
[2022-01-06 01:00:28] - 2022-01-05 - daily_wish success
[2022-01-06 01:00:28] - 2022-01-05 - daily_cart start
[2022-01-06 01:00:28] - 2022-01-05 - daily_cart success
[2022-01-06 01:00:28] - 2022-01-05 - daily_view start
[2022-01-06 01:00:29] - 2022-01-05 - daily_view success
[2022-01-06 01:00:29] - 2022-01-05 - daily_sales_price start
[2022-01-06 01:00:29] - 2022-01-05 - daily_sales_price success
[2022-01-06 01:00:29] - 2022-01-05 - case1 start
[2022-01-06 01:00:29] - 2022-01-05 - case1 success
[2022-01-06 01:00:29] - 2022-01-05 - case2 start
[2022-01-06 01:00:36] - 2022-01-05 - case2 success
[2022-01-06 01:00:36] - 2022-01-05 - delete start
[2022-01-06 01:00:36] - 2022-01-05 - fm_daily_stats_fblike_vw start
[2022-01-06 01:00:36] - 2022-01-05 - fm_daily_stats_fblike_vw success
[2022-01-06 01:00:36] - 2022-01-05 - fm_daily_stats_review_vw start
[2022-01-06 01:00:36] - 2022-01-05 - fm_daily_stats_review_vw success
[2022-01-06 01:00:36] - 2022-01-05 - fm_daily_stats_restock_notify_vw start
[2022-01-06 01:00:36] - 2022-01-05 - fm_daily_stats_restock_notify_vw success
[2022-01-06 01:00:36] - 2022-01-05 - fm_daily_stats_wish_vw start
[2022-01-06 01:00:36] - 2022-01-05 - fm_daily_stats_wish_vw success
[2022-01-06 01:00:36] - 2022-01-05 - fm_daily_stats_cart_vw start
[2022-01-06 01:00:36] - 2022-01-05 - fm_daily_stats_cart_vw success
[2022-01-06 01:00:36] - 2022-01-05 - fm_daily_stats_order_vw start
[2022-01-06 01:00:36] - 2022-01-05 - fm_daily_stats_order_vw success
[2022-01-06 01:00:36] - 2022-01-05 - fm_daily_stats_view_vw start
[2022-01-06 01:00:36] - 2022-01-05 - fm_daily_stats_view_vw success
[2022-01-06 01:00:36] - 2022-01-05 - delete success
[2022-01-06 01:00:37] - 상품별 3개월 구매수량 등록(goods_purchase_ea)
[2022-01-06 01:00:37] - 입점사 정산 주기 변경(account_seller_period_update)
[2022-01-06 01:00:37] - 입점사별 정산 집계(account_seller_stats)
[2022-01-06 01:00:37] - 불필요한 이월데이터 삭제(account_seller_del_sales)
[2022-01-06 01:00:37] - 일일통계 (주문,좋아요,리뷰,재입고알림,찜,장바구니,보기) 집계(daily_stats)
[2022-01-06 01:00:37] - 마일리지, 포인트,캐쉬 통계 집계(statistic_epc)
[2022-01-06 01:00:37] - referer 도메인 업데이트(set_referer_domain)
[2022-01-06 01:00:37] - 일일통계 데이터 삭제(stats_delete)
[2022-01-07 01:00:29] - 2022-01-06 - daily_order start
[2022-01-07 01:00:29] - 2022-01-06 - daily_order success
[2022-01-07 01:00:29] - 2022-01-06 - daily_fblike start
[2022-01-07 01:00:29] - 2022-01-06 - daily_fblike success
[2022-01-07 01:00:29] - 2022-01-06 - daily_review start
[2022-01-07 01:00:29] - 2022-01-06 - daily_review success
[2022-01-07 01:00:29] - 2022-01-06 - daily_restock_notify start
[2022-01-07 01:00:29] - 2022-01-06 - daily_restock_notify success
[2022-01-07 01:00:29] - 2022-01-06 - daily_wish start
[2022-01-07 01:00:29] - 2022-01-06 - daily_wish success
[2022-01-07 01:00:29] - 2022-01-06 - daily_cart start
[2022-01-07 01:00:29] - 2022-01-06 - daily_cart success
[2022-01-07 01:00:29] - 2022-01-06 - daily_view start
[2022-01-07 01:00:29] - 2022-01-06 - daily_view success
[2022-01-07 01:00:29] - 2022-01-06 - daily_sales_price start
[2022-01-07 01:00:29] - 2022-01-06 - daily_sales_price success
[2022-01-07 01:00:29] - 2022-01-06 - case1 start
[2022-01-07 01:00:30] - 2022-01-06 - case1 success
[2022-01-07 01:00:30] - 2022-01-06 - case2 start
[2022-01-07 01:00:37] - 2022-01-06 - case2 success
[2022-01-07 01:00:37] - 2022-01-06 - delete start
[2022-01-07 01:00:37] - 2022-01-06 - fm_daily_stats_fblike_vw start
[2022-01-07 01:00:37] - 2022-01-06 - fm_daily_stats_fblike_vw success
[2022-01-07 01:00:37] - 2022-01-06 - fm_daily_stats_review_vw start
[2022-01-07 01:00:37] - 2022-01-06 - fm_daily_stats_review_vw success
[2022-01-07 01:00:37] - 2022-01-06 - fm_daily_stats_restock_notify_vw start
[2022-01-07 01:00:37] - 2022-01-06 - fm_daily_stats_restock_notify_vw success
[2022-01-07 01:00:37] - 2022-01-06 - fm_daily_stats_wish_vw start
[2022-01-07 01:00:37] - 2022-01-06 - fm_daily_stats_wish_vw success
[2022-01-07 01:00:37] - 2022-01-06 - fm_daily_stats_cart_vw start
[2022-01-07 01:00:37] - 2022-01-06 - fm_daily_stats_cart_vw success
[2022-01-07 01:00:37] - 2022-01-06 - fm_daily_stats_order_vw start
[2022-01-07 01:00:37] - 2022-01-06 - fm_daily_stats_order_vw success
[2022-01-07 01:00:37] - 2022-01-06 - fm_daily_stats_view_vw start
[2022-01-07 01:00:37] - 2022-01-06 - fm_daily_stats_view_vw success
[2022-01-07 01:00:37] - 2022-01-06 - delete success
[2022-01-07 01:00:37] - 상품별 3개월 구매수량 등록(goods_purchase_ea)
[2022-01-07 01:00:37] - 입점사 정산 주기 변경(account_seller_period_update)
[2022-01-07 01:00:37] - 입점사별 정산 집계(account_seller_stats)
[2022-01-07 01:00:37] - 불필요한 이월데이터 삭제(account_seller_del_sales)
[2022-01-07 01:00:37] - 일일통계 (주문,좋아요,리뷰,재입고알림,찜,장바구니,보기) 집계(daily_stats)
[2022-01-07 01:00:37] - 마일리지, 포인트,캐쉬 통계 집계(statistic_epc)
[2022-01-07 01:00:37] - referer 도메인 업데이트(set_referer_domain)
[2022-01-07 01:00:37] - 일일통계 데이터 삭제(stats_delete)
[2022-01-08 01:00:31] - 2022-01-07 - daily_order start
[2022-01-08 01:00:31] - 2022-01-07 - daily_order success
[2022-01-08 01:00:31] - 2022-01-07 - daily_fblike start
[2022-01-08 01:00:31] - 2022-01-07 - daily_fblike success
[2022-01-08 01:00:31] - 2022-01-07 - daily_review start
[2022-01-08 01:00:31] - 2022-01-07 - daily_review success
[2022-01-08 01:00:31] - 2022-01-07 - daily_restock_notify start
[2022-01-08 01:00:31] - 2022-01-07 - daily_restock_notify success
[2022-01-08 01:00:31] - 2022-01-07 - daily_wish start
[2022-01-08 01:00:31] - 2022-01-07 - daily_wish success
[2022-01-08 01:00:31] - 2022-01-07 - daily_cart start
[2022-01-08 01:00:31] - 2022-01-07 - daily_cart success
[2022-01-08 01:00:31] - 2022-01-07 - daily_view start
[2022-01-08 01:00:32] - 2022-01-07 - daily_view success
[2022-01-08 01:00:32] - 2022-01-07 - daily_sales_price start
[2022-01-08 01:00:32] - 2022-01-07 - daily_sales_price success
[2022-01-08 01:00:32] - 2022-01-07 - case1 start
[2022-01-08 01:00:32] - 2022-01-07 - case1 success
[2022-01-08 01:00:32] - 2022-01-07 - case2 start
[2022-01-08 01:00:39] - 2022-01-07 - case2 success
[2022-01-08 01:00:39] - 2022-01-07 - delete start
[2022-01-08 01:00:39] - 2022-01-07 - fm_daily_stats_fblike_vw start
[2022-01-08 01:00:39] - 2022-01-07 - fm_daily_stats_fblike_vw success
[2022-01-08 01:00:39] - 2022-01-07 - fm_daily_stats_review_vw start
[2022-01-08 01:00:39] - 2022-01-07 - fm_daily_stats_review_vw success
[2022-01-08 01:00:39] - 2022-01-07 - fm_daily_stats_restock_notify_vw start
[2022-01-08 01:00:39] - 2022-01-07 - fm_daily_stats_restock_notify_vw success
[2022-01-08 01:00:39] - 2022-01-07 - fm_daily_stats_wish_vw start
[2022-01-08 01:00:39] - 2022-01-07 - fm_daily_stats_wish_vw success
[2022-01-08 01:00:39] - 2022-01-07 - fm_daily_stats_cart_vw start
[2022-01-08 01:00:39] - 2022-01-07 - fm_daily_stats_cart_vw success
[2022-01-08 01:00:39] - 2022-01-07 - fm_daily_stats_order_vw start
[2022-01-08 01:00:39] - 2022-01-07 - fm_daily_stats_order_vw success
[2022-01-08 01:00:39] - 2022-01-07 - fm_daily_stats_view_vw start
[2022-01-08 01:00:39] - 2022-01-07 - fm_daily_stats_view_vw success
[2022-01-08 01:00:39] - 2022-01-07 - delete success
[2022-01-08 01:00:39] - 상품별 3개월 구매수량 등록(goods_purchase_ea)
[2022-01-08 01:00:39] - 입점사 정산 주기 변경(account_seller_period_update)
[2022-01-08 01:00:39] - 입점사별 정산 집계(account_seller_stats)
[2022-01-08 01:00:39] - 불필요한 이월데이터 삭제(account_seller_del_sales)
[2022-01-08 01:00:39] - 일일통계 (주문,좋아요,리뷰,재입고알림,찜,장바구니,보기) 집계(daily_stats)
[2022-01-08 01:00:39] - 마일리지, 포인트,캐쉬 통계 집계(statistic_epc)
[2022-01-08 01:00:39] - referer 도메인 업데이트(set_referer_domain)
[2022-01-08 01:00:39] - 일일통계 데이터 삭제(stats_delete)
[2022-01-09 01:00:31] - 2022-01-08 - daily_order start
[2022-01-09 01:00:31] - 2022-01-08 - daily_order success
[2022-01-09 01:00:31] - 2022-01-08 - daily_fblike start
[2022-01-09 01:00:31] - 2022-01-08 - daily_fblike success
[2022-01-09 01:00:31] - 2022-01-08 - daily_review start
[2022-01-09 01:00:31] - 2022-01-08 - daily_review success
[2022-01-09 01:00:31] - 2022-01-08 - daily_restock_notify start
[2022-01-09 01:00:31] - 2022-01-08 - daily_restock_notify success
[2022-01-09 01:00:31] - 2022-01-08 - daily_wish start
[2022-01-09 01:00:31] - 2022-01-08 - daily_wish success
[2022-01-09 01:00:31] - 2022-01-08 - daily_cart start
[2022-01-09 01:00:31] - 2022-01-08 - daily_cart success
[2022-01-09 01:00:31] - 2022-01-08 - daily_view start
[2022-01-09 01:00:32] - 2022-01-08 - daily_view success
[2022-01-09 01:00:32] - 2022-01-08 - daily_sales_price start
[2022-01-09 01:00:32] - 2022-01-08 - daily_sales_price success
[2022-01-09 01:00:32] - 2022-01-08 - case1 start
[2022-01-09 01:00:32] - 2022-01-08 - case1 success
[2022-01-09 01:00:32] - 2022-01-08 - case2 start
[2022-01-09 01:00:37] - 2022-01-08 - case2 success
[2022-01-09 01:00:37] - 2022-01-08 - delete start
[2022-01-09 01:00:37] - 2022-01-08 - fm_daily_stats_fblike_vw start
[2022-01-09 01:00:37] - 2022-01-08 - fm_daily_stats_fblike_vw success
[2022-01-09 01:00:37] - 2022-01-08 - fm_daily_stats_review_vw start
[2022-01-09 01:00:37] - 2022-01-08 - fm_daily_stats_review_vw success
[2022-01-09 01:00:37] - 2022-01-08 - fm_daily_stats_restock_notify_vw start
[2022-01-09 01:00:37] - 2022-01-08 - fm_daily_stats_restock_notify_vw success
[2022-01-09 01:00:37] - 2022-01-08 - fm_daily_stats_wish_vw start
[2022-01-09 01:00:37] - 2022-01-08 - fm_daily_stats_wish_vw success
[2022-01-09 01:00:37] - 2022-01-08 - fm_daily_stats_cart_vw start
[2022-01-09 01:00:37] - 2022-01-08 - fm_daily_stats_cart_vw success
[2022-01-09 01:00:37] - 2022-01-08 - fm_daily_stats_order_vw start
[2022-01-09 01:00:37] - 2022-01-08 - fm_daily_stats_order_vw success
[2022-01-09 01:00:37] - 2022-01-08 - fm_daily_stats_view_vw start
[2022-01-09 01:00:37] - 2022-01-08 - fm_daily_stats_view_vw success
[2022-01-09 01:00:37] - 2022-01-08 - delete success
[2022-01-09 01:00:38] - 상품별 3개월 구매수량 등록(goods_purchase_ea)
[2022-01-09 01:00:38] - 입점사 정산 주기 변경(account_seller_period_update)
[2022-01-09 01:00:38] - 입점사별 정산 집계(account_seller_stats)
[2022-01-09 01:00:38] - 불필요한 이월데이터 삭제(account_seller_del_sales)
[2022-01-09 01:00:38] - 일일통계 (주문,좋아요,리뷰,재입고알림,찜,장바구니,보기) 집계(daily_stats)
[2022-01-09 01:00:38] - 마일리지, 포인트,캐쉬 통계 집계(statistic_epc)
[2022-01-09 01:00:38] - referer 도메인 업데이트(set_referer_domain)
[2022-01-09 01:00:38] - 일일통계 데이터 삭제(stats_delete)
[2022-01-10 01:00:33] - 2022-01-09 - daily_order start
[2022-01-10 01:00:33] - 2022-01-09 - daily_order success
[2022-01-10 01:00:33] - 2022-01-09 - daily_fblike start
[2022-01-10 01:00:33] - 2022-01-09 - daily_fblike success
[2022-01-10 01:00:33] - 2022-01-09 - daily_review start
[2022-01-10 01:00:33] - 2022-01-09 - daily_review success
[2022-01-10 01:00:33] - 2022-01-09 - daily_restock_notify start
[2022-01-10 01:00:33] - 2022-01-09 - daily_restock_notify success
[2022-01-10 01:00:33] - 2022-01-09 - daily_wish start
[2022-01-10 01:00:34] - 2022-01-09 - daily_wish success
[2022-01-10 01:00:34] - 2022-01-09 - daily_cart start
[2022-01-10 01:00:34] - 2022-01-09 - daily_cart success
[2022-01-10 01:00:34] - 2022-01-09 - daily_view start
[2022-01-10 01:00:34] - 2022-01-09 - daily_view success
[2022-01-10 01:00:34] - 2022-01-09 - daily_sales_price start
[2022-01-10 01:00:34] - 2022-01-09 - daily_sales_price success
[2022-01-10 01:00:34] - 2022-01-09 - case1 start
[2022-01-10 01:00:34] - 2022-01-09 - case1 success
[2022-01-10 01:00:34] - 2022-01-09 - case2 start
[2022-01-10 01:00:39] - 2022-01-09 - case2 success
[2022-01-10 01:00:39] - 2022-01-09 - delete start
[2022-01-10 01:00:39] - 2022-01-09 - fm_daily_stats_fblike_vw start
[2022-01-10 01:00:39] - 2022-01-09 - fm_daily_stats_fblike_vw success
[2022-01-10 01:00:39] - 2022-01-09 - fm_daily_stats_review_vw start
[2022-01-10 01:00:39] - 2022-01-09 - fm_daily_stats_review_vw success
[2022-01-10 01:00:39] - 2022-01-09 - fm_daily_stats_restock_notify_vw start
[2022-01-10 01:00:39] - 2022-01-09 - fm_daily_stats_restock_notify_vw success
[2022-01-10 01:00:39] - 2022-01-09 - fm_daily_stats_wish_vw start
[2022-01-10 01:00:39] - 2022-01-09 - fm_daily_stats_wish_vw success
[2022-01-10 01:00:39] - 2022-01-09 - fm_daily_stats_cart_vw start
[2022-01-10 01:00:39] - 2022-01-09 - fm_daily_stats_cart_vw success
[2022-01-10 01:00:39] - 2022-01-09 - fm_daily_stats_order_vw start
[2022-01-10 01:00:39] - 2022-01-09 - fm_daily_stats_order_vw success
[2022-01-10 01:00:39] - 2022-01-09 - fm_daily_stats_view_vw start
[2022-01-10 01:00:39] - 2022-01-09 - fm_daily_stats_view_vw success
[2022-01-10 01:00:39] - 2022-01-09 - delete success
[2022-01-10 01:00:39] - 상품별 3개월 구매수량 등록(goods_purchase_ea)
[2022-01-10 01:00:39] - 입점사 정산 주기 변경(account_seller_period_update)
[2022-01-10 01:00:39] - 입점사별 정산 집계(account_seller_stats)
[2022-01-10 01:00:39] - 불필요한 이월데이터 삭제(account_seller_del_sales)
[2022-01-10 01:00:39] - 일일통계 (주문,좋아요,리뷰,재입고알림,찜,장바구니,보기) 집계(daily_stats)
[2022-01-10 01:00:39] - 마일리지, 포인트,캐쉬 통계 집계(statistic_epc)
[2022-01-10 01:00:39] - referer 도메인 업데이트(set_referer_domain)
[2022-01-10 01:00:39] - 일일통계 데이터 삭제(stats_delete)
[2022-01-11 01:00:31] - 2022-01-10 - daily_order start
[2022-01-11 01:00:31] - 2022-01-10 - daily_order success
[2022-01-11 01:00:31] - 2022-01-10 - daily_fblike start
[2022-01-11 01:00:31] - 2022-01-10 - daily_fblike success
[2022-01-11 01:00:31] - 2022-01-10 - daily_review start
[2022-01-11 01:00:31] - 2022-01-10 - daily_review success
[2022-01-11 01:00:31] - 2022-01-10 - daily_restock_notify start
[2022-01-11 01:00:31] - 2022-01-10 - daily_restock_notify success
[2022-01-11 01:00:31] - 2022-01-10 - daily_wish start
[2022-01-11 01:00:31] - 2022-01-10 - daily_wish success
[2022-01-11 01:00:31] - 2022-01-10 - daily_cart start
[2022-01-11 01:00:31] - 2022-01-10 - daily_cart success
[2022-01-11 01:00:31] - 2022-01-10 - daily_view start
[2022-01-11 01:00:32] - 2022-01-10 - daily_view success
[2022-01-11 01:00:32] - 2022-01-10 - daily_sales_price start
[2022-01-11 01:00:32] - 2022-01-10 - daily_sales_price success
[2022-01-11 01:00:32] - 2022-01-10 - case1 start
[2022-01-11 01:00:32] - 2022-01-10 - case1 success
[2022-01-11 01:00:32] - 2022-01-10 - case2 start
[2022-01-11 01:00:37] - 2022-01-10 - case2 success
[2022-01-11 01:00:37] - 2022-01-10 - delete start
[2022-01-11 01:00:37] - 2022-01-10 - fm_daily_stats_fblike_vw start
[2022-01-11 01:00:37] - 2022-01-10 - fm_daily_stats_fblike_vw success
[2022-01-11 01:00:37] - 2022-01-10 - fm_daily_stats_review_vw start
[2022-01-11 01:00:37] - 2022-01-10 - fm_daily_stats_review_vw success
[2022-01-11 01:00:37] - 2022-01-10 - fm_daily_stats_restock_notify_vw start
[2022-01-11 01:00:37] - 2022-01-10 - fm_daily_stats_restock_notify_vw success
[2022-01-11 01:00:37] - 2022-01-10 - fm_daily_stats_wish_vw start
[2022-01-11 01:00:37] - 2022-01-10 - fm_daily_stats_wish_vw success
[2022-01-11 01:00:37] - 2022-01-10 - fm_daily_stats_cart_vw start
[2022-01-11 01:00:37] - 2022-01-10 - fm_daily_stats_cart_vw success
[2022-01-11 01:00:37] - 2022-01-10 - fm_daily_stats_order_vw start
[2022-01-11 01:00:37] - 2022-01-10 - fm_daily_stats_order_vw success
[2022-01-11 01:00:37] - 2022-01-10 - fm_daily_stats_view_vw start
[2022-01-11 01:00:37] - 2022-01-10 - fm_daily_stats_view_vw success
[2022-01-11 01:00:37] - 2022-01-10 - delete success
[2022-01-11 01:00:37] - 상품별 3개월 구매수량 등록(goods_purchase_ea)
[2022-01-11 01:00:37] - 입점사 정산 주기 변경(account_seller_period_update)
[2022-01-11 01:00:37] - 입점사별 정산 집계(account_seller_stats)
[2022-01-11 01:00:37] - 불필요한 이월데이터 삭제(account_seller_del_sales)
[2022-01-11 01:00:37] - 일일통계 (주문,좋아요,리뷰,재입고알림,찜,장바구니,보기) 집계(daily_stats)
[2022-01-11 01:00:37] - 마일리지, 포인트,캐쉬 통계 집계(statistic_epc)
[2022-01-11 01:00:37] - referer 도메인 업데이트(set_referer_domain)
[2022-01-11 01:00:37] - 일일통계 데이터 삭제(stats_delete)
[2022-01-12 01:00:31] - 2022-01-11 - daily_order start
[2022-01-12 01:00:31] - 2022-01-11 - daily_order success
[2022-01-12 01:00:31] - 2022-01-11 - daily_fblike start
[2022-01-12 01:00:31] - 2022-01-11 - daily_fblike success
[2022-01-12 01:00:31] - 2022-01-11 - daily_review start
[2022-01-12 01:00:31] - 2022-01-11 - daily_review success
[2022-01-12 01:00:32] - 2022-01-11 - daily_restock_notify start
[2022-01-12 01:00:32] - 2022-01-11 - daily_restock_notify success
[2022-01-12 01:00:32] - 2022-01-11 - daily_wish start
[2022-01-12 01:00:32] - 2022-01-11 - daily_wish success
[2022-01-12 01:00:32] - 2022-01-11 - daily_cart start
[2022-01-12 01:00:32] - 2022-01-11 - daily_cart success
[2022-01-12 01:00:32] - 2022-01-11 - daily_view start
[2022-01-12 01:00:32] - 2022-01-11 - daily_view success
[2022-01-12 01:00:32] - 2022-01-11 - daily_sales_price start
[2022-01-12 01:00:32] - 2022-01-11 - daily_sales_price success
[2022-01-12 01:00:32] - 2022-01-11 - case1 start
[2022-01-12 01:00:33] - 2022-01-11 - case1 success
[2022-01-12 01:00:33] - 2022-01-11 - case2 start
[2022-01-12 01:00:37] - 2022-01-11 - case2 success
[2022-01-12 01:00:37] - 2022-01-11 - delete start
[2022-01-12 01:00:37] - 2022-01-11 - fm_daily_stats_fblike_vw start
[2022-01-12 01:00:37] - 2022-01-11 - fm_daily_stats_fblike_vw success
[2022-01-12 01:00:37] - 2022-01-11 - fm_daily_stats_review_vw start
[2022-01-12 01:00:37] - 2022-01-11 - fm_daily_stats_review_vw success
[2022-01-12 01:00:37] - 2022-01-11 - fm_daily_stats_restock_notify_vw start
[2022-01-12 01:00:37] - 2022-01-11 - fm_daily_stats_restock_notify_vw success
[2022-01-12 01:00:37] - 2022-01-11 - fm_daily_stats_wish_vw start
[2022-01-12 01:00:37] - 2022-01-11 - fm_daily_stats_wish_vw success
[2022-01-12 01:00:37] - 2022-01-11 - fm_daily_stats_cart_vw start
[2022-01-12 01:00:37] - 2022-01-11 - fm_daily_stats_cart_vw success
[2022-01-12 01:00:37] - 2022-01-11 - fm_daily_stats_order_vw start
[2022-01-12 01:00:37] - 2022-01-11 - fm_daily_stats_order_vw success
[2022-01-12 01:00:37] - 2022-01-11 - fm_daily_stats_view_vw start
[2022-01-12 01:00:37] - 2022-01-11 - fm_daily_stats_view_vw success
[2022-01-12 01:00:37] - 2022-01-11 - delete success
[2022-01-12 01:00:38] - 상품별 3개월 구매수량 등록(goods_purchase_ea)
[2022-01-12 01:00:38] - 입점사 정산 주기 변경(account_seller_period_update)
[2022-01-12 01:00:38] - 입점사별 정산 집계(account_seller_stats)
[2022-01-12 01:00:38] - 불필요한 이월데이터 삭제(account_seller_del_sales)
[2022-01-12 01:00:38] - 일일통계 (주문,좋아요,리뷰,재입고알림,찜,장바구니,보기) 집계(daily_stats)
[2022-01-12 01:00:38] - 마일리지, 포인트,캐쉬 통계 집계(statistic_epc)
[2022-01-12 01:00:38] - referer 도메인 업데이트(set_referer_domain)
[2022-01-12 01:00:38] - 일일통계 데이터 삭제(stats_delete)
[2022-01-13 01:00:29] - 2022-01-12 - daily_order start
[2022-01-13 01:00:29] - 2022-01-12 - daily_order success
[2022-01-13 01:00:29] - 2022-01-12 - daily_fblike start
[2022-01-13 01:00:29] - 2022-01-12 - daily_fblike success
[2022-01-13 01:00:29] - 2022-01-12 - daily_review start
[2022-01-13 01:00:29] - 2022-01-12 - daily_review success
[2022-01-13 01:00:29] - 2022-01-12 - daily_restock_notify start
[2022-01-13 01:00:29] - 2022-01-12 - daily_restock_notify success
[2022-01-13 01:00:29] - 2022-01-12 - daily_wish start
[2022-01-13 01:00:29] - 2022-01-12 - daily_wish success
[2022-01-13 01:00:29] - 2022-01-12 - daily_cart start
[2022-01-13 01:00:29] - 2022-01-12 - daily_cart success
[2022-01-13 01:00:29] - 2022-01-12 - daily_view start
[2022-01-13 01:00:30] - 2022-01-12 - daily_view success
[2022-01-13 01:00:30] - 2022-01-12 - daily_sales_price start
[2022-01-13 01:00:30] - 2022-01-12 - daily_sales_price success
[2022-01-13 01:00:30] - 2022-01-12 - case1 start
[2022-01-13 01:00:31] - 2022-01-12 - case1 success
[2022-01-13 01:00:31] - 2022-01-12 - case2 start
[2022-01-13 01:00:35] - 2022-01-12 - case2 success
[2022-01-13 01:00:35] - 2022-01-12 - delete start
[2022-01-13 01:00:35] - 2022-01-12 - fm_daily_stats_fblike_vw start
[2022-01-13 01:00:35] - 2022-01-12 - fm_daily_stats_fblike_vw success
[2022-01-13 01:00:35] - 2022-01-12 - fm_daily_stats_review_vw start
[2022-01-13 01:00:35] - 2022-01-12 - fm_daily_stats_review_vw success
[2022-01-13 01:00:35] - 2022-01-12 - fm_daily_stats_restock_notify_vw start
[2022-01-13 01:00:35] - 2022-01-12 - fm_daily_stats_restock_notify_vw success
[2022-01-13 01:00:35] - 2022-01-12 - fm_daily_stats_wish_vw start
[2022-01-13 01:00:35] - 2022-01-12 - fm_daily_stats_wish_vw success
[2022-01-13 01:00:35] - 2022-01-12 - fm_daily_stats_cart_vw start
[2022-01-13 01:00:35] - 2022-01-12 - fm_daily_stats_cart_vw success
[2022-01-13 01:00:35] - 2022-01-12 - fm_daily_stats_order_vw start
[2022-01-13 01:00:35] - 2022-01-12 - fm_daily_stats_order_vw success
[2022-01-13 01:00:35] - 2022-01-12 - fm_daily_stats_view_vw start
[2022-01-13 01:00:35] - 2022-01-12 - fm_daily_stats_view_vw success
[2022-01-13 01:00:35] - 2022-01-12 - delete success
[2022-01-13 01:00:36] - 상품별 3개월 구매수량 등록(goods_purchase_ea)
[2022-01-13 01:00:36] - 입점사 정산 주기 변경(account_seller_period_update)
[2022-01-13 01:00:36] - 입점사별 정산 집계(account_seller_stats)
[2022-01-13 01:00:36] - 불필요한 이월데이터 삭제(account_seller_del_sales)
[2022-01-13 01:00:36] - 일일통계 (주문,좋아요,리뷰,재입고알림,찜,장바구니,보기) 집계(daily_stats)
[2022-01-13 01:00:36] - 마일리지, 포인트,캐쉬 통계 집계(statistic_epc)
[2022-01-13 01:00:36] - referer 도메인 업데이트(set_referer_domain)
[2022-01-13 01:00:36] - 일일통계 데이터 삭제(stats_delete)
[2022-01-14 01:00:29] - 2022-01-13 - daily_order start
[2022-01-14 01:00:29] - 2022-01-13 - daily_order success
[2022-01-14 01:00:29] - 2022-01-13 - daily_fblike start
[2022-01-14 01:00:29] - 2022-01-13 - daily_fblike success
[2022-01-14 01:00:29] - 2022-01-13 - daily_review start
[2022-01-14 01:00:29] - 2022-01-13 - daily_review success
[2022-01-14 01:00:29] - 2022-01-13 - daily_restock_notify start
[2022-01-14 01:00:29] - 2022-01-13 - daily_restock_notify success
[2022-01-14 01:00:29] - 2022-01-13 - daily_wish start
[2022-01-14 01:00:29] - 2022-01-13 - daily_wish success
[2022-01-14 01:00:29] - 2022-01-13 - daily_cart start
[2022-01-14 01:00:29] - 2022-01-13 - daily_cart success
[2022-01-14 01:00:29] - 2022-01-13 - daily_view start
[2022-01-14 01:00:30] - 2022-01-13 - daily_view success
[2022-01-14 01:00:30] - 2022-01-13 - daily_sales_price start
[2022-01-14 01:00:30] - 2022-01-13 - daily_sales_price success
[2022-01-14 01:00:30] - 2022-01-13 - case1 start
[2022-01-14 01:00:31] - 2022-01-13 - case1 success
[2022-01-14 01:00:31] - 2022-01-13 - case2 start
[2022-01-14 01:00:35] - 2022-01-13 - case2 success
[2022-01-14 01:00:35] - 2022-01-13 - delete start
[2022-01-14 01:00:35] - 2022-01-13 - fm_daily_stats_fblike_vw start
[2022-01-14 01:00:35] - 2022-01-13 - fm_daily_stats_fblike_vw success
[2022-01-14 01:00:35] - 2022-01-13 - fm_daily_stats_review_vw start
[2022-01-14 01:00:35] - 2022-01-13 - fm_daily_stats_review_vw success
[2022-01-14 01:00:35] - 2022-01-13 - fm_daily_stats_restock_notify_vw start
[2022-01-14 01:00:35] - 2022-01-13 - fm_daily_stats_restock_notify_vw success
[2022-01-14 01:00:35] - 2022-01-13 - fm_daily_stats_wish_vw start
[2022-01-14 01:00:35] - 2022-01-13 - fm_daily_stats_wish_vw success
[2022-01-14 01:00:35] - 2022-01-13 - fm_daily_stats_cart_vw start
[2022-01-14 01:00:35] - 2022-01-13 - fm_daily_stats_cart_vw success
[2022-01-14 01:00:35] - 2022-01-13 - fm_daily_stats_order_vw start
[2022-01-14 01:00:35] - 2022-01-13 - fm_daily_stats_order_vw success
[2022-01-14 01:00:35] - 2022-01-13 - fm_daily_stats_view_vw start
[2022-01-14 01:00:35] - 2022-01-13 - fm_daily_stats_view_vw success
[2022-01-14 01:00:35] - 2022-01-13 - delete success
[2022-01-14 01:00:35] - 상품별 3개월 구매수량 등록(goods_purchase_ea)
[2022-01-14 01:00:35] - 입점사 정산 주기 변경(account_seller_period_update)
[2022-01-14 01:00:35] - 입점사별 정산 집계(account_seller_stats)
[2022-01-14 01:00:35] - 불필요한 이월데이터 삭제(account_seller_del_sales)
[2022-01-14 01:00:35] - 일일통계 (주문,좋아요,리뷰,재입고알림,찜,장바구니,보기) 집계(daily_stats)
[2022-01-14 01:00:35] - 마일리지, 포인트,캐쉬 통계 집계(statistic_epc)
[2022-01-14 01:00:35] - referer 도메인 업데이트(set_referer_domain)
[2022-01-14 01:00:35] - 일일통계 데이터 삭제(stats_delete)
[2022-01-15 01:00:35] - 2022-01-14 - daily_order start
[2022-01-15 01:00:35] - 2022-01-14 - daily_order success
[2022-01-15 01:00:35] - 2022-01-14 - daily_fblike start
[2022-01-15 01:00:35] - 2022-01-14 - daily_fblike success
[2022-01-15 01:00:35] - 2022-01-14 - daily_review start
[2022-01-15 01:00:35] - 2022-01-14 - daily_review success
[2022-01-15 01:00:35] - 2022-01-14 - daily_restock_notify start
[2022-01-15 01:00:35] - 2022-01-14 - daily_restock_notify success
[2022-01-15 01:00:35] - 2022-01-14 - daily_wish start
[2022-01-15 01:00:35] - 2022-01-14 - daily_wish success
[2022-01-15 01:00:35] - 2022-01-14 - daily_cart start
[2022-01-15 01:00:35] - 2022-01-14 - daily_cart success
[2022-01-15 01:00:35] - 2022-01-14 - daily_view start
[2022-01-15 01:00:36] - 2022-01-14 - daily_view success
[2022-01-15 01:00:36] - 2022-01-14 - daily_sales_price start
[2022-01-15 01:00:36] - 2022-01-14 - daily_sales_price success
[2022-01-15 01:00:36] - 2022-01-14 - case1 start
[2022-01-15 01:00:36] - 2022-01-14 - case1 success
[2022-01-15 01:00:36] - 2022-01-14 - case2 start
[2022-01-15 01:00:41] - 2022-01-14 - case2 success
[2022-01-15 01:00:41] - 2022-01-14 - delete start
[2022-01-15 01:00:41] - 2022-01-14 - fm_daily_stats_fblike_vw start
[2022-01-15 01:00:41] - 2022-01-14 - fm_daily_stats_fblike_vw success
[2022-01-15 01:00:41] - 2022-01-14 - fm_daily_stats_review_vw start
[2022-01-15 01:00:41] - 2022-01-14 - fm_daily_stats_review_vw success
[2022-01-15 01:00:41] - 2022-01-14 - fm_daily_stats_restock_notify_vw start
[2022-01-15 01:00:41] - 2022-01-14 - fm_daily_stats_restock_notify_vw success
[2022-01-15 01:00:41] - 2022-01-14 - fm_daily_stats_wish_vw start
[2022-01-15 01:00:41] - 2022-01-14 - fm_daily_stats_wish_vw success
[2022-01-15 01:00:41] - 2022-01-14 - fm_daily_stats_cart_vw start
[2022-01-15 01:00:41] - 2022-01-14 - fm_daily_stats_cart_vw success
[2022-01-15 01:00:41] - 2022-01-14 - fm_daily_stats_order_vw start
[2022-01-15 01:00:41] - 2022-01-14 - fm_daily_stats_order_vw success
[2022-01-15 01:00:41] - 2022-01-14 - fm_daily_stats_view_vw start
[2022-01-15 01:00:41] - 2022-01-14 - fm_daily_stats_view_vw success
[2022-01-15 01:00:41] - 2022-01-14 - delete success
[2022-01-15 01:00:42] - 상품별 3개월 구매수량 등록(goods_purchase_ea)
[2022-01-15 01:00:42] - 입점사 정산 주기 변경(account_seller_period_update)
[2022-01-15 01:00:42] - 입점사별 정산 집계(account_seller_stats)
[2022-01-15 01:00:42] - 불필요한 이월데이터 삭제(account_seller_del_sales)
[2022-01-15 01:00:42] - 일일통계 (주문,좋아요,리뷰,재입고알림,찜,장바구니,보기) 집계(daily_stats)
[2022-01-15 01:00:42] - 마일리지, 포인트,캐쉬 통계 집계(statistic_epc)
[2022-01-15 01:00:42] - referer 도메인 업데이트(set_referer_domain)
[2022-01-15 01:00:42] - 일일통계 데이터 삭제(stats_delete)
[2022-01-16 01:00:27] - 2022-01-15 - daily_order start
[2022-01-16 01:00:27] - 2022-01-15 - daily_order success
[2022-01-16 01:00:27] - 2022-01-15 - daily_fblike start
[2022-01-16 01:00:27] - 2022-01-15 - daily_fblike success
[2022-01-16 01:00:27] - 2022-01-15 - daily_review start
[2022-01-16 01:00:27] - 2022-01-15 - daily_review success
[2022-01-16 01:00:27] - 2022-01-15 - daily_restock_notify start
[2022-01-16 01:00:27] - 2022-01-15 - daily_restock_notify success
[2022-01-16 01:00:27] - 2022-01-15 - daily_wish start
[2022-01-16 01:00:27] - 2022-01-15 - daily_wish success
[2022-01-16 01:00:27] - 2022-01-15 - daily_cart start
[2022-01-16 01:00:27] - 2022-01-15 - daily_cart success
[2022-01-16 01:00:27] - 2022-01-15 - daily_view start
[2022-01-16 01:00:28] - 2022-01-15 - daily_view success
[2022-01-16 01:00:28] - 2022-01-15 - daily_sales_price start
[2022-01-16 01:00:28] - 2022-01-15 - daily_sales_price success
[2022-01-16 01:00:28] - 2022-01-15 - case1 start
[2022-01-16 01:00:28] - 2022-01-15 - case1 success
[2022-01-16 01:00:28] - 2022-01-15 - case2 start
[2022-01-16 01:00:33] - 2022-01-15 - case2 success
[2022-01-16 01:00:33] - 2022-01-15 - delete start
[2022-01-16 01:00:33] - 2022-01-15 - fm_daily_stats_fblike_vw start
[2022-01-16 01:00:33] - 2022-01-15 - fm_daily_stats_fblike_vw success
[2022-01-16 01:00:33] - 2022-01-15 - fm_daily_stats_review_vw start
[2022-01-16 01:00:33] - 2022-01-15 - fm_daily_stats_review_vw success
[2022-01-16 01:00:33] - 2022-01-15 - fm_daily_stats_restock_notify_vw start
[2022-01-16 01:00:33] - 2022-01-15 - fm_daily_stats_restock_notify_vw success
[2022-01-16 01:00:33] - 2022-01-15 - fm_daily_stats_wish_vw start
[2022-01-16 01:00:33] - 2022-01-15 - fm_daily_stats_wish_vw success
[2022-01-16 01:00:33] - 2022-01-15 - fm_daily_stats_cart_vw start
[2022-01-16 01:00:33] - 2022-01-15 - fm_daily_stats_cart_vw success
[2022-01-16 01:00:33] - 2022-01-15 - fm_daily_stats_order_vw start
[2022-01-16 01:00:33] - 2022-01-15 - fm_daily_stats_order_vw success
[2022-01-16 01:00:33] - 2022-01-15 - fm_daily_stats_view_vw start
[2022-01-16 01:00:33] - 2022-01-15 - fm_daily_stats_view_vw success
[2022-01-16 01:00:33] - 2022-01-15 - delete success
[2022-01-16 01:00:33] - 상품별 3개월 구매수량 등록(goods_purchase_ea)
[2022-01-16 01:00:33] - 입점사 정산 주기 변경(account_seller_period_update)
[2022-01-16 01:00:33] - 입점사별 정산 집계(account_seller_stats)
[2022-01-16 01:00:33] - 불필요한 이월데이터 삭제(account_seller_del_sales)
[2022-01-16 01:00:33] - 일일통계 (주문,좋아요,리뷰,재입고알림,찜,장바구니,보기) 집계(daily_stats)
[2022-01-16 01:00:33] - 마일리지, 포인트,캐쉬 통계 집계(statistic_epc)
[2022-01-16 01:00:33] - referer 도메인 업데이트(set_referer_domain)
[2022-01-16 01:00:33] - 일일통계 데이터 삭제(stats_delete)
[2022-01-17 01:00:35] - 2022-01-16 - daily_order start
[2022-01-17 01:00:35] - 2022-01-16 - daily_order success
[2022-01-17 01:00:35] - 2022-01-16 - daily_fblike start
[2022-01-17 01:00:35] - 2022-01-16 - daily_fblike success
[2022-01-17 01:00:35] - 2022-01-16 - daily_review start
[2022-01-17 01:00:35] - 2022-01-16 - daily_review success
[2022-01-17 01:00:35] - 2022-01-16 - daily_restock_notify start
[2022-01-17 01:00:35] - 2022-01-16 - daily_restock_notify success
[2022-01-17 01:00:35] - 2022-01-16 - daily_wish start
[2022-01-17 01:00:35] - 2022-01-16 - daily_wish success
[2022-01-17 01:00:35] - 2022-01-16 - daily_cart start
[2022-01-17 01:00:35] - 2022-01-16 - daily_cart success
[2022-01-17 01:00:35] - 2022-01-16 - daily_view start
[2022-01-17 01:00:36] - 2022-01-16 - daily_view success
[2022-01-17 01:00:36] - 2022-01-16 - daily_sales_price start
[2022-01-17 01:00:36] - 2022-01-16 - daily_sales_price success
[2022-01-17 01:00:36] - 2022-01-16 - case1 start
[2022-01-17 01:00:36] - 2022-01-16 - case1 success
[2022-01-17 01:00:36] - 2022-01-16 - case2 start
[2022-01-17 01:00:40] - 2022-01-16 - case2 success
[2022-01-17 01:00:40] - 2022-01-16 - delete start
[2022-01-17 01:00:40] - 2022-01-16 - fm_daily_stats_fblike_vw start
[2022-01-17 01:00:40] - 2022-01-16 - fm_daily_stats_fblike_vw success
[2022-01-17 01:00:40] - 2022-01-16 - fm_daily_stats_review_vw start
[2022-01-17 01:00:40] - 2022-01-16 - fm_daily_stats_review_vw success
[2022-01-17 01:00:40] - 2022-01-16 - fm_daily_stats_restock_notify_vw start
[2022-01-17 01:00:40] - 2022-01-16 - fm_daily_stats_restock_notify_vw success
[2022-01-17 01:00:40] - 2022-01-16 - fm_daily_stats_wish_vw start
[2022-01-17 01:00:40] - 2022-01-16 - fm_daily_stats_wish_vw success
[2022-01-17 01:00:40] - 2022-01-16 - fm_daily_stats_cart_vw start
[2022-01-17 01:00:40] - 2022-01-16 - fm_daily_stats_cart_vw success
[2022-01-17 01:00:40] - 2022-01-16 - fm_daily_stats_order_vw start
[2022-01-17 01:00:40] - 2022-01-16 - fm_daily_stats_order_vw success
[2022-01-17 01:00:40] - 2022-01-16 - fm_daily_stats_view_vw start
[2022-01-17 01:00:40] - 2022-01-16 - fm_daily_stats_view_vw success
[2022-01-17 01:00:40] - 2022-01-16 - delete success
[2022-01-17 01:00:41] - 상품별 3개월 구매수량 등록(goods_purchase_ea)
[2022-01-17 01:00:41] - 입점사 정산 주기 변경(account_seller_period_update)
[2022-01-17 01:00:41] - 입점사별 정산 집계(account_seller_stats)
[2022-01-17 01:00:41] - 불필요한 이월데이터 삭제(account_seller_del_sales)
[2022-01-17 01:00:41] - 일일통계 (주문,좋아요,리뷰,재입고알림,찜,장바구니,보기) 집계(daily_stats)
[2022-01-17 01:00:41] - 마일리지, 포인트,캐쉬 통계 집계(statistic_epc)
[2022-01-17 01:00:41] - referer 도메인 업데이트(set_referer_domain)
[2022-01-17 01:00:41] - 일일통계 데이터 삭제(stats_delete)
[2022-01-18 01:00:30] - 2022-01-17 - daily_order start
[2022-01-18 01:00:30] - 2022-01-17 - daily_order success
[2022-01-18 01:00:30] - 2022-01-17 - daily_fblike start
[2022-01-18 01:00:30] - 2022-01-17 - daily_fblike success
[2022-01-18 01:00:30] - 2022-01-17 - daily_review start
[2022-01-18 01:00:30] - 2022-01-17 - daily_review success
[2022-01-18 01:00:30] - 2022-01-17 - daily_restock_notify start
[2022-01-18 01:00:30] - 2022-01-17 - daily_restock_notify success
[2022-01-18 01:00:30] - 2022-01-17 - daily_wish start
[2022-01-18 01:00:30] - 2022-01-17 - daily_wish success
[2022-01-18 01:00:30] - 2022-01-17 - daily_cart start
[2022-01-18 01:00:30] - 2022-01-17 - daily_cart success
[2022-01-18 01:00:30] - 2022-01-17 - daily_view start
[2022-01-18 01:00:31] - 2022-01-17 - daily_view success
[2022-01-18 01:00:31] - 2022-01-17 - daily_sales_price start
[2022-01-18 01:00:31] - 2022-01-17 - daily_sales_price success
[2022-01-18 01:00:31] - 2022-01-17 - case1 start
[2022-01-18 01:00:31] - 2022-01-17 - case1 success
[2022-01-18 01:00:31] - 2022-01-17 - case2 start
[2022-01-18 01:00:35] - 2022-01-17 - case2 success
[2022-01-18 01:00:35] - 2022-01-17 - delete start
[2022-01-18 01:00:35] - 2022-01-17 - fm_daily_stats_fblike_vw start
[2022-01-18 01:00:35] - 2022-01-17 - fm_daily_stats_fblike_vw success
[2022-01-18 01:00:35] - 2022-01-17 - fm_daily_stats_review_vw start
[2022-01-18 01:00:35] - 2022-01-17 - fm_daily_stats_review_vw success
[2022-01-18 01:00:35] - 2022-01-17 - fm_daily_stats_restock_notify_vw start
[2022-01-18 01:00:35] - 2022-01-17 - fm_daily_stats_restock_notify_vw success
[2022-01-18 01:00:35] - 2022-01-17 - fm_daily_stats_wish_vw start
[2022-01-18 01:00:35] - 2022-01-17 - fm_daily_stats_wish_vw success
[2022-01-18 01:00:35] - 2022-01-17 - fm_daily_stats_cart_vw start
[2022-01-18 01:00:35] - 2022-01-17 - fm_daily_stats_cart_vw success
[2022-01-18 01:00:35] - 2022-01-17 - fm_daily_stats_order_vw start
[2022-01-18 01:00:35] - 2022-01-17 - fm_daily_stats_order_vw success
[2022-01-18 01:00:35] - 2022-01-17 - fm_daily_stats_view_vw start
[2022-01-18 01:00:35] - 2022-01-17 - fm_daily_stats_view_vw success
[2022-01-18 01:00:35] - 2022-01-17 - delete success
[2022-01-18 01:00:35] - 상품별 3개월 구매수량 등록(goods_purchase_ea)
[2022-01-18 01:00:35] - 입점사 정산 주기 변경(account_seller_period_update)
[2022-01-18 01:00:35] - 입점사별 정산 집계(account_seller_stats)
[2022-01-18 01:00:35] - 불필요한 이월데이터 삭제(account_seller_del_sales)
[2022-01-18 01:00:35] - 일일통계 (주문,좋아요,리뷰,재입고알림,찜,장바구니,보기) 집계(daily_stats)
[2022-01-18 01:00:35] - 마일리지, 포인트,캐쉬 통계 집계(statistic_epc)
[2022-01-18 01:00:35] - referer 도메인 업데이트(set_referer_domain)
[2022-01-18 01:00:35] - 일일통계 데이터 삭제(stats_delete)
[2022-01-19 01:00:30] - 2022-01-18 - daily_order start
[2022-01-19 01:00:30] - 2022-01-18 - daily_order success
[2022-01-19 01:00:30] - 2022-01-18 - daily_fblike start
[2022-01-19 01:00:30] - 2022-01-18 - daily_fblike success
[2022-01-19 01:00:30] - 2022-01-18 - daily_review start
[2022-01-19 01:00:30] - 2022-01-18 - daily_review success
[2022-01-19 01:00:30] - 2022-01-18 - daily_restock_notify start
[2022-01-19 01:00:30] - 2022-01-18 - daily_restock_notify success
[2022-01-19 01:00:30] - 2022-01-18 - daily_wish start
[2022-01-19 01:00:30] - 2022-01-18 - daily_wish success
[2022-01-19 01:00:30] - 2022-01-18 - daily_cart start
[2022-01-19 01:00:30] - 2022-01-18 - daily_cart success
[2022-01-19 01:00:30] - 2022-01-18 - daily_view start
[2022-01-19 01:00:31] - 2022-01-18 - daily_view success
[2022-01-19 01:00:31] - 2022-01-18 - daily_sales_price start
[2022-01-19 01:00:31] - 2022-01-18 - daily_sales_price success
[2022-01-19 01:00:31] - 2022-01-18 - case1 start
[2022-01-19 01:00:31] - 2022-01-18 - case1 success
[2022-01-19 01:00:31] - 2022-01-18 - case2 start
[2022-01-19 01:00:35] - 2022-01-18 - case2 success
[2022-01-19 01:00:35] - 2022-01-18 - delete start
[2022-01-19 01:00:35] - 2022-01-18 - fm_daily_stats_fblike_vw start
[2022-01-19 01:00:35] - 2022-01-18 - fm_daily_stats_fblike_vw success
[2022-01-19 01:00:35] - 2022-01-18 - fm_daily_stats_review_vw start
[2022-01-19 01:00:35] - 2022-01-18 - fm_daily_stats_review_vw success
[2022-01-19 01:00:35] - 2022-01-18 - fm_daily_stats_restock_notify_vw start
[2022-01-19 01:00:35] - 2022-01-18 - fm_daily_stats_restock_notify_vw success
[2022-01-19 01:00:35] - 2022-01-18 - fm_daily_stats_wish_vw start
[2022-01-19 01:00:35] - 2022-01-18 - fm_daily_stats_wish_vw success
[2022-01-19 01:00:35] - 2022-01-18 - fm_daily_stats_cart_vw start
[2022-01-19 01:00:35] - 2022-01-18 - fm_daily_stats_cart_vw success
[2022-01-19 01:00:35] - 2022-01-18 - fm_daily_stats_order_vw start
[2022-01-19 01:00:35] - 2022-01-18 - fm_daily_stats_order_vw success
[2022-01-19 01:00:35] - 2022-01-18 - fm_daily_stats_view_vw start
[2022-01-19 01:00:35] - 2022-01-18 - fm_daily_stats_view_vw success
[2022-01-19 01:00:35] - 2022-01-18 - delete success
[2022-01-19 01:00:36] - 상품별 3개월 구매수량 등록(goods_purchase_ea)
[2022-01-19 01:00:36] - 입점사 정산 주기 변경(account_seller_period_update)
[2022-01-19 01:00:36] - 입점사별 정산 집계(account_seller_stats)
[2022-01-19 01:00:36] - 불필요한 이월데이터 삭제(account_seller_del_sales)
[2022-01-19 01:00:36] - 일일통계 (주문,좋아요,리뷰,재입고알림,찜,장바구니,보기) 집계(daily_stats)
[2022-01-19 01:00:36] - 마일리지, 포인트,캐쉬 통계 집계(statistic_epc)
[2022-01-19 01:00:36] - referer 도메인 업데이트(set_referer_domain)
[2022-01-19 01:00:36] - 일일통계 데이터 삭제(stats_delete)
[2022-01-20 01:00:27] - 2022-01-19 - daily_order start
[2022-01-20 01:00:27] - 2022-01-19 - daily_order success
[2022-01-20 01:00:27] - 2022-01-19 - daily_fblike start
[2022-01-20 01:00:27] - 2022-01-19 - daily_fblike success
[2022-01-20 01:00:27] - 2022-01-19 - daily_review start
[2022-01-20 01:00:27] - 2022-01-19 - daily_review success
[2022-01-20 01:00:27] - 2022-01-19 - daily_restock_notify start
[2022-01-20 01:00:27] - 2022-01-19 - daily_restock_notify success
[2022-01-20 01:00:27] - 2022-01-19 - daily_wish start
[2022-01-20 01:00:27] - 2022-01-19 - daily_wish success
[2022-01-20 01:00:27] - 2022-01-19 - daily_cart start
[2022-01-20 01:00:27] - 2022-01-19 - daily_cart success
[2022-01-20 01:00:27] - 2022-01-19 - daily_view start
[2022-01-20 01:00:28] - 2022-01-19 - daily_view success
[2022-01-20 01:00:28] - 2022-01-19 - daily_sales_price start
[2022-01-20 01:00:28] - 2022-01-19 - daily_sales_price success
[2022-01-20 01:00:28] - 2022-01-19 - case1 start
[2022-01-20 01:00:28] - 2022-01-19 - case1 success
[2022-01-20 01:00:28] - 2022-01-19 - case2 start
[2022-01-20 01:00:32] - 2022-01-19 - case2 success
[2022-01-20 01:00:32] - 2022-01-19 - delete start
[2022-01-20 01:00:32] - 2022-01-19 - fm_daily_stats_fblike_vw start
[2022-01-20 01:00:32] - 2022-01-19 - fm_daily_stats_fblike_vw success
[2022-01-20 01:00:32] - 2022-01-19 - fm_daily_stats_review_vw start
[2022-01-20 01:00:32] - 2022-01-19 - fm_daily_stats_review_vw success
[2022-01-20 01:00:32] - 2022-01-19 - fm_daily_stats_restock_notify_vw start
[2022-01-20 01:00:32] - 2022-01-19 - fm_daily_stats_restock_notify_vw success
[2022-01-20 01:00:32] - 2022-01-19 - fm_daily_stats_wish_vw start
[2022-01-20 01:00:32] - 2022-01-19 - fm_daily_stats_wish_vw success
[2022-01-20 01:00:32] - 2022-01-19 - fm_daily_stats_cart_vw start
[2022-01-20 01:00:32] - 2022-01-19 - fm_daily_stats_cart_vw success
[2022-01-20 01:00:32] - 2022-01-19 - fm_daily_stats_order_vw start
[2022-01-20 01:00:32] - 2022-01-19 - fm_daily_stats_order_vw success
[2022-01-20 01:00:32] - 2022-01-19 - fm_daily_stats_view_vw start
[2022-01-20 01:00:32] - 2022-01-19 - fm_daily_stats_view_vw success
[2022-01-20 01:00:32] - 2022-01-19 - delete success
[2022-01-20 01:00:33] - 상품별 3개월 구매수량 등록(goods_purchase_ea)
[2022-01-20 01:00:33] - 입점사 정산 주기 변경(account_seller_period_update)
[2022-01-20 01:00:33] - 입점사별 정산 집계(account_seller_stats)
[2022-01-20 01:00:33] - 불필요한 이월데이터 삭제(account_seller_del_sales)
[2022-01-20 01:00:33] - 일일통계 (주문,좋아요,리뷰,재입고알림,찜,장바구니,보기) 집계(daily_stats)
[2022-01-20 01:00:33] - 마일리지, 포인트,캐쉬 통계 집계(statistic_epc)
[2022-01-20 01:00:33] - referer 도메인 업데이트(set_referer_domain)
[2022-01-20 01:00:33] - 일일통계 데이터 삭제(stats_delete)
[2022-01-21 01:00:29] - 2022-01-20 - daily_order start
[2022-01-21 01:00:29] - 2022-01-20 - daily_order success
[2022-01-21 01:00:29] - 2022-01-20 - daily_fblike start
[2022-01-21 01:00:29] - 2022-01-20 - daily_fblike success
[2022-01-21 01:00:29] - 2022-01-20 - daily_review start
[2022-01-21 01:00:29] - 2022-01-20 - daily_review success
[2022-01-21 01:00:29] - 2022-01-20 - daily_restock_notify start
[2022-01-21 01:00:29] - 2022-01-20 - daily_restock_notify success
[2022-01-21 01:00:29] - 2022-01-20 - daily_wish start
[2022-01-21 01:00:29] - 2022-01-20 - daily_wish success
[2022-01-21 01:00:29] - 2022-01-20 - daily_cart start
[2022-01-21 01:00:29] - 2022-01-20 - daily_cart success
[2022-01-21 01:00:29] - 2022-01-20 - daily_view start
[2022-01-21 01:00:30] - 2022-01-20 - daily_view success
[2022-01-21 01:00:30] - 2022-01-20 - daily_sales_price start
[2022-01-21 01:00:30] - 2022-01-20 - daily_sales_price success
[2022-01-21 01:00:30] - 2022-01-20 - case1 start
[2022-01-21 01:00:30] - 2022-01-20 - case1 success
[2022-01-21 01:00:30] - 2022-01-20 - case2 start
[2022-01-21 01:00:35] - 2022-01-20 - case2 success
[2022-01-21 01:00:35] - 2022-01-20 - delete start
[2022-01-21 01:00:35] - 2022-01-20 - fm_daily_stats_fblike_vw start
[2022-01-21 01:00:35] - 2022-01-20 - fm_daily_stats_fblike_vw success
[2022-01-21 01:00:35] - 2022-01-20 - fm_daily_stats_review_vw start
[2022-01-21 01:00:35] - 2022-01-20 - fm_daily_stats_review_vw success
[2022-01-21 01:00:35] - 2022-01-20 - fm_daily_stats_restock_notify_vw start
[2022-01-21 01:00:35] - 2022-01-20 - fm_daily_stats_restock_notify_vw success
[2022-01-21 01:00:35] - 2022-01-20 - fm_daily_stats_wish_vw start
[2022-01-21 01:00:35] - 2022-01-20 - fm_daily_stats_wish_vw success
[2022-01-21 01:00:35] - 2022-01-20 - fm_daily_stats_cart_vw start
[2022-01-21 01:00:35] - 2022-01-20 - fm_daily_stats_cart_vw success
[2022-01-21 01:00:35] - 2022-01-20 - fm_daily_stats_order_vw start
[2022-01-21 01:00:35] - 2022-01-20 - fm_daily_stats_order_vw success
[2022-01-21 01:00:35] - 2022-01-20 - fm_daily_stats_view_vw start
[2022-01-21 01:00:35] - 2022-01-20 - fm_daily_stats_view_vw success
[2022-01-21 01:00:35] - 2022-01-20 - delete success
[2022-01-21 01:00:35] - 상품별 3개월 구매수량 등록(goods_purchase_ea)
[2022-01-21 01:00:35] - 입점사 정산 주기 변경(account_seller_period_update)
[2022-01-21 01:00:35] - 입점사별 정산 집계(account_seller_stats)
[2022-01-21 01:00:35] - 불필요한 이월데이터 삭제(account_seller_del_sales)
[2022-01-21 01:00:35] - 일일통계 (주문,좋아요,리뷰,재입고알림,찜,장바구니,보기) 집계(daily_stats)
[2022-01-21 01:00:35] - 마일리지, 포인트,캐쉬 통계 집계(statistic_epc)
[2022-01-21 01:00:35] - referer 도메인 업데이트(set_referer_domain)
[2022-01-21 01:00:35] - 일일통계 데이터 삭제(stats_delete)
[2022-01-22 01:00:29] - 2022-01-21 - daily_order start
[2022-01-22 01:00:29] - 2022-01-21 - daily_order success
[2022-01-22 01:00:29] - 2022-01-21 - daily_fblike start
[2022-01-22 01:00:29] - 2022-01-21 - daily_fblike success
[2022-01-22 01:00:29] - 2022-01-21 - daily_review start
[2022-01-22 01:00:29] - 2022-01-21 - daily_review success
[2022-01-22 01:00:29] - 2022-01-21 - daily_restock_notify start
[2022-01-22 01:00:29] - 2022-01-21 - daily_restock_notify success
[2022-01-22 01:00:29] - 2022-01-21 - daily_wish start
[2022-01-22 01:00:29] - 2022-01-21 - daily_wish success
[2022-01-22 01:00:29] - 2022-01-21 - daily_cart start
[2022-01-22 01:00:29] - 2022-01-21 - daily_cart success
[2022-01-22 01:00:29] - 2022-01-21 - daily_view start
[2022-01-22 01:00:29] - 2022-01-21 - daily_view success
[2022-01-22 01:00:29] - 2022-01-21 - daily_sales_price start
[2022-01-22 01:00:29] - 2022-01-21 - daily_sales_price success
[2022-01-22 01:00:29] - 2022-01-21 - case1 start
[2022-01-22 01:00:30] - 2022-01-21 - case1 success
[2022-01-22 01:00:30] - 2022-01-21 - case2 start
[2022-01-22 01:00:34] - 2022-01-21 - case2 success
[2022-01-22 01:00:34] - 2022-01-21 - delete start
[2022-01-22 01:00:34] - 2022-01-21 - fm_daily_stats_fblike_vw start
[2022-01-22 01:00:34] - 2022-01-21 - fm_daily_stats_fblike_vw success
[2022-01-22 01:00:34] - 2022-01-21 - fm_daily_stats_review_vw start
[2022-01-22 01:00:34] - 2022-01-21 - fm_daily_stats_review_vw success
[2022-01-22 01:00:34] - 2022-01-21 - fm_daily_stats_restock_notify_vw start
[2022-01-22 01:00:34] - 2022-01-21 - fm_daily_stats_restock_notify_vw success
[2022-01-22 01:00:34] - 2022-01-21 - fm_daily_stats_wish_vw start
[2022-01-22 01:00:34] - 2022-01-21 - fm_daily_stats_wish_vw success
[2022-01-22 01:00:34] - 2022-01-21 - fm_daily_stats_cart_vw start
[2022-01-22 01:00:34] - 2022-01-21 - fm_daily_stats_cart_vw success
[2022-01-22 01:00:34] - 2022-01-21 - fm_daily_stats_order_vw start
[2022-01-22 01:00:34] - 2022-01-21 - fm_daily_stats_order_vw success
[2022-01-22 01:00:34] - 2022-01-21 - fm_daily_stats_view_vw start
[2022-01-22 01:00:34] - 2022-01-21 - fm_daily_stats_view_vw success
[2022-01-22 01:00:34] - 2022-01-21 - delete success
[2022-01-22 01:00:34] - 상품별 3개월 구매수량 등록(goods_purchase_ea)
[2022-01-22 01:00:34] - 입점사 정산 주기 변경(account_seller_period_update)
[2022-01-22 01:00:34] - 입점사별 정산 집계(account_seller_stats)
[2022-01-22 01:00:34] - 불필요한 이월데이터 삭제(account_seller_del_sales)
[2022-01-22 01:00:34] - 일일통계 (주문,좋아요,리뷰,재입고알림,찜,장바구니,보기) 집계(daily_stats)
[2022-01-22 01:00:34] - 마일리지, 포인트,캐쉬 통계 집계(statistic_epc)
[2022-01-22 01:00:34] - referer 도메인 업데이트(set_referer_domain)
[2022-01-22 01:00:34] - 일일통계 데이터 삭제(stats_delete)
[2022-01-23 01:00:29] - 2022-01-22 - daily_order start
[2022-01-23 01:00:29] - 2022-01-22 - daily_order success
[2022-01-23 01:00:29] - 2022-01-22 - daily_fblike start
[2022-01-23 01:00:29] - 2022-01-22 - daily_fblike success
[2022-01-23 01:00:29] - 2022-01-22 - daily_review start
[2022-01-23 01:00:29] - 2022-01-22 - daily_review success
[2022-01-23 01:00:29] - 2022-01-22 - daily_restock_notify start
[2022-01-23 01:00:29] - 2022-01-22 - daily_restock_notify success
[2022-01-23 01:00:29] - 2022-01-22 - daily_wish start
[2022-01-23 01:00:29] - 2022-01-22 - daily_wish success
[2022-01-23 01:00:29] - 2022-01-22 - daily_cart start
[2022-01-23 01:00:29] - 2022-01-22 - daily_cart success
[2022-01-23 01:00:29] - 2022-01-22 - daily_view start
[2022-01-23 01:00:29] - 2022-01-22 - daily_view success
[2022-01-23 01:00:29] - 2022-01-22 - daily_sales_price start
[2022-01-23 01:00:29] - 2022-01-22 - daily_sales_price success
[2022-01-23 01:00:29] - 2022-01-22 - case1 start
[2022-01-23 01:00:30] - 2022-01-22 - case1 success
[2022-01-23 01:00:30] - 2022-01-22 - case2 start
[2022-01-23 01:00:34] - 2022-01-22 - case2 success
[2022-01-23 01:00:34] - 2022-01-22 - delete start
[2022-01-23 01:00:34] - 2022-01-22 - fm_daily_stats_fblike_vw start
[2022-01-23 01:00:34] - 2022-01-22 - fm_daily_stats_fblike_vw success
[2022-01-23 01:00:34] - 2022-01-22 - fm_daily_stats_review_vw start
[2022-01-23 01:00:34] - 2022-01-22 - fm_daily_stats_review_vw success
[2022-01-23 01:00:34] - 2022-01-22 - fm_daily_stats_restock_notify_vw start
[2022-01-23 01:00:34] - 2022-01-22 - fm_daily_stats_restock_notify_vw success
[2022-01-23 01:00:34] - 2022-01-22 - fm_daily_stats_wish_vw start
[2022-01-23 01:00:34] - 2022-01-22 - fm_daily_stats_wish_vw success
[2022-01-23 01:00:34] - 2022-01-22 - fm_daily_stats_cart_vw start
[2022-01-23 01:00:34] - 2022-01-22 - fm_daily_stats_cart_vw success
[2022-01-23 01:00:34] - 2022-01-22 - fm_daily_stats_order_vw start
[2022-01-23 01:00:34] - 2022-01-22 - fm_daily_stats_order_vw success
[2022-01-23 01:00:34] - 2022-01-22 - fm_daily_stats_view_vw start
[2022-01-23 01:00:34] - 2022-01-22 - fm_daily_stats_view_vw success
[2022-01-23 01:00:34] - 2022-01-22 - delete success
[2022-01-23 01:00:35] - 상품별 3개월 구매수량 등록(goods_purchase_ea)
[2022-01-23 01:00:35] - 입점사 정산 주기 변경(account_seller_period_update)
[2022-01-23 01:00:35] - 입점사별 정산 집계(account_seller_stats)
[2022-01-23 01:00:35] - 불필요한 이월데이터 삭제(account_seller_del_sales)
[2022-01-23 01:00:35] - 일일통계 (주문,좋아요,리뷰,재입고알림,찜,장바구니,보기) 집계(daily_stats)
[2022-01-23 01:00:35] - 마일리지, 포인트,캐쉬 통계 집계(statistic_epc)
[2022-01-23 01:00:35] - referer 도메인 업데이트(set_referer_domain)
[2022-01-23 01:00:35] - 일일통계 데이터 삭제(stats_delete)
[2022-01-24 01:00:36] - 2022-01-23 - daily_order start
[2022-01-24 01:00:37] - 2022-01-23 - daily_order success
[2022-01-24 01:00:37] - 2022-01-23 - daily_fblike start
[2022-01-24 01:00:37] - 2022-01-23 - daily_fblike success
[2022-01-24 01:00:37] - 2022-01-23 - daily_review start
[2022-01-24 01:00:37] - 2022-01-23 - daily_review success
[2022-01-24 01:00:37] - 2022-01-23 - daily_restock_notify start
[2022-01-24 01:00:37] - 2022-01-23 - daily_restock_notify success
[2022-01-24 01:00:37] - 2022-01-23 - daily_wish start
[2022-01-24 01:00:37] - 2022-01-23 - daily_wish success
[2022-01-24 01:00:37] - 2022-01-23 - daily_cart start
[2022-01-24 01:00:37] - 2022-01-23 - daily_cart success
[2022-01-24 01:00:37] - 2022-01-23 - daily_view start
[2022-01-24 01:00:37] - 2022-01-23 - daily_view success
[2022-01-24 01:00:37] - 2022-01-23 - daily_sales_price start
[2022-01-24 01:00:37] - 2022-01-23 - daily_sales_price success
[2022-01-24 01:00:37] - 2022-01-23 - case1 start
[2022-01-24 01:00:37] - 2022-01-23 - case1 success
[2022-01-24 01:00:37] - 2022-01-23 - case2 start
[2022-01-24 01:00:41] - 2022-01-23 - case2 success
[2022-01-24 01:00:41] - 2022-01-23 - delete start
[2022-01-24 01:00:41] - 2022-01-23 - fm_daily_stats_fblike_vw start
[2022-01-24 01:00:41] - 2022-01-23 - fm_daily_stats_fblike_vw success
[2022-01-24 01:00:41] - 2022-01-23 - fm_daily_stats_review_vw start
[2022-01-24 01:00:41] - 2022-01-23 - fm_daily_stats_review_vw success
[2022-01-24 01:00:41] - 2022-01-23 - fm_daily_stats_restock_notify_vw start
[2022-01-24 01:00:41] - 2022-01-23 - fm_daily_stats_restock_notify_vw success
[2022-01-24 01:00:41] - 2022-01-23 - fm_daily_stats_wish_vw start
[2022-01-24 01:00:41] - 2022-01-23 - fm_daily_stats_wish_vw success
[2022-01-24 01:00:41] - 2022-01-23 - fm_daily_stats_cart_vw start
[2022-01-24 01:00:41] - 2022-01-23 - fm_daily_stats_cart_vw success
[2022-01-24 01:00:41] - 2022-01-23 - fm_daily_stats_order_vw start
[2022-01-24 01:00:41] - 2022-01-23 - fm_daily_stats_order_vw success
[2022-01-24 01:00:41] - 2022-01-23 - fm_daily_stats_view_vw start
[2022-01-24 01:00:41] - 2022-01-23 - fm_daily_stats_view_vw success
[2022-01-24 01:00:41] - 2022-01-23 - delete success
[2022-01-24 01:00:42] - 상품별 3개월 구매수량 등록(goods_purchase_ea)
[2022-01-24 01:00:42] - 입점사 정산 주기 변경(account_seller_period_update)
[2022-01-24 01:00:42] - 입점사별 정산 집계(account_seller_stats)
[2022-01-24 01:00:42] - 불필요한 이월데이터 삭제(account_seller_del_sales)
[2022-01-24 01:00:42] - 일일통계 (주문,좋아요,리뷰,재입고알림,찜,장바구니,보기) 집계(daily_stats)
[2022-01-24 01:00:42] - 마일리지, 포인트,캐쉬 통계 집계(statistic_epc)
[2022-01-24 01:00:42] - referer 도메인 업데이트(set_referer_domain)
[2022-01-24 01:00:42] - 일일통계 데이터 삭제(stats_delete)
[2022-01-25 01:00:28] - 2022-01-24 - daily_order start
[2022-01-25 01:00:28] - 2022-01-24 - daily_order success
[2022-01-25 01:00:28] - 2022-01-24 - daily_fblike start
[2022-01-25 01:00:28] - 2022-01-24 - daily_fblike success
[2022-01-25 01:00:28] - 2022-01-24 - daily_review start
[2022-01-25 01:00:28] - 2022-01-24 - daily_review success
[2022-01-25 01:00:28] - 2022-01-24 - daily_restock_notify start
[2022-01-25 01:00:28] - 2022-01-24 - daily_restock_notify success
[2022-01-25 01:00:28] - 2022-01-24 - daily_wish start
[2022-01-25 01:00:28] - 2022-01-24 - daily_wish success
[2022-01-25 01:00:28] - 2022-01-24 - daily_cart start
[2022-01-25 01:00:28] - 2022-01-24 - daily_cart success
[2022-01-25 01:00:28] - 2022-01-24 - daily_view start
[2022-01-25 01:00:29] - 2022-01-24 - daily_view success
[2022-01-25 01:00:29] - 2022-01-24 - daily_sales_price start
[2022-01-25 01:00:29] - 2022-01-24 - daily_sales_price success
[2022-01-25 01:00:29] - 2022-01-24 - case1 start
[2022-01-25 01:00:29] - 2022-01-24 - case1 success
[2022-01-25 01:00:29] - 2022-01-24 - case2 start
[2022-01-25 01:00:33] - 2022-01-24 - case2 success
[2022-01-25 01:00:33] - 2022-01-24 - delete start
[2022-01-25 01:00:33] - 2022-01-24 - fm_daily_stats_fblike_vw start
[2022-01-25 01:00:33] - 2022-01-24 - fm_daily_stats_fblike_vw success
[2022-01-25 01:00:33] - 2022-01-24 - fm_daily_stats_review_vw start
[2022-01-25 01:00:33] - 2022-01-24 - fm_daily_stats_review_vw success
[2022-01-25 01:00:33] - 2022-01-24 - fm_daily_stats_restock_notify_vw start
[2022-01-25 01:00:33] - 2022-01-24 - fm_daily_stats_restock_notify_vw success
[2022-01-25 01:00:33] - 2022-01-24 - fm_daily_stats_wish_vw start
[2022-01-25 01:00:33] - 2022-01-24 - fm_daily_stats_wish_vw success
[2022-01-25 01:00:33] - 2022-01-24 - fm_daily_stats_cart_vw start
[2022-01-25 01:00:33] - 2022-01-24 - fm_daily_stats_cart_vw success
[2022-01-25 01:00:33] - 2022-01-24 - fm_daily_stats_order_vw start
[2022-01-25 01:00:33] - 2022-01-24 - fm_daily_stats_order_vw success
[2022-01-25 01:00:33] - 2022-01-24 - fm_daily_stats_view_vw start
[2022-01-25 01:00:33] - 2022-01-24 - fm_daily_stats_view_vw success
[2022-01-25 01:00:33] - 2022-01-24 - delete success
[2022-01-25 01:00:33] - 상품별 3개월 구매수량 등록(goods_purchase_ea)
[2022-01-25 01:00:33] - 입점사 정산 주기 변경(account_seller_period_update)
[2022-01-25 01:00:33] - 입점사별 정산 집계(account_seller_stats)
[2022-01-25 01:00:33] - 불필요한 이월데이터 삭제(account_seller_del_sales)
[2022-01-25 01:00:33] - 일일통계 (주문,좋아요,리뷰,재입고알림,찜,장바구니,보기) 집계(daily_stats)
[2022-01-25 01:00:33] - 마일리지, 포인트,캐쉬 통계 집계(statistic_epc)
[2022-01-25 01:00:33] - referer 도메인 업데이트(set_referer_domain)
[2022-01-25 01:00:33] - 일일통계 데이터 삭제(stats_delete)
[2022-01-26 01:00:31] - 2022-01-25 - daily_order start
[2022-01-26 01:00:32] - 2022-01-25 - daily_order success
[2022-01-26 01:00:32] - 2022-01-25 - daily_fblike start
[2022-01-26 01:00:32] - 2022-01-25 - daily_fblike success
[2022-01-26 01:00:32] - 2022-01-25 - daily_review start
[2022-01-26 01:00:32] - 2022-01-25 - daily_review success
[2022-01-26 01:00:32] - 2022-01-25 - daily_restock_notify start
[2022-01-26 01:00:32] - 2022-01-25 - daily_restock_notify success
[2022-01-26 01:00:32] - 2022-01-25 - daily_wish start
[2022-01-26 01:00:32] - 2022-01-25 - daily_wish success
[2022-01-26 01:00:32] - 2022-01-25 - daily_cart start
[2022-01-26 01:00:32] - 2022-01-25 - daily_cart success
[2022-01-26 01:00:32] - 2022-01-25 - daily_view start
[2022-01-26 01:00:32] - 2022-01-25 - daily_view success
[2022-01-26 01:00:32] - 2022-01-25 - daily_sales_price start
[2022-01-26 01:00:32] - 2022-01-25 - daily_sales_price success
[2022-01-26 01:00:32] - 2022-01-25 - case1 start
[2022-01-26 01:00:32] - 2022-01-25 - case1 success
[2022-01-26 01:00:32] - 2022-01-25 - case2 start
[2022-01-26 01:00:36] - 2022-01-25 - case2 success
[2022-01-26 01:00:36] - 2022-01-25 - delete start
[2022-01-26 01:00:36] - 2022-01-25 - fm_daily_stats_fblike_vw start
[2022-01-26 01:00:36] - 2022-01-25 - fm_daily_stats_fblike_vw success
[2022-01-26 01:00:36] - 2022-01-25 - fm_daily_stats_review_vw start
[2022-01-26 01:00:36] - 2022-01-25 - fm_daily_stats_review_vw success
[2022-01-26 01:00:36] - 2022-01-25 - fm_daily_stats_restock_notify_vw start
[2022-01-26 01:00:36] - 2022-01-25 - fm_daily_stats_restock_notify_vw success
[2022-01-26 01:00:36] - 2022-01-25 - fm_daily_stats_wish_vw start
[2022-01-26 01:00:36] - 2022-01-25 - fm_daily_stats_wish_vw success
[2022-01-26 01:00:36] - 2022-01-25 - fm_daily_stats_cart_vw start
[2022-01-26 01:00:36] - 2022-01-25 - fm_daily_stats_cart_vw success
[2022-01-26 01:00:36] - 2022-01-25 - fm_daily_stats_order_vw start
[2022-01-26 01:00:36] - 2022-01-25 - fm_daily_stats_order_vw success
[2022-01-26 01:00:36] - 2022-01-25 - fm_daily_stats_view_vw start
[2022-01-26 01:00:36] - 2022-01-25 - fm_daily_stats_view_vw success
[2022-01-26 01:00:36] - 2022-01-25 - delete success
[2022-01-26 01:00:36] - 상품별 3개월 구매수량 등록(goods_purchase_ea)
[2022-01-26 01:00:36] - 입점사 정산 주기 변경(account_seller_period_update)
[2022-01-26 01:00:36] - 입점사별 정산 집계(account_seller_stats)
[2022-01-26 01:00:36] - 불필요한 이월데이터 삭제(account_seller_del_sales)
[2022-01-26 01:00:36] - 일일통계 (주문,좋아요,리뷰,재입고알림,찜,장바구니,보기) 집계(daily_stats)
[2022-01-26 01:00:36] - 마일리지, 포인트,캐쉬 통계 집계(statistic_epc)
[2022-01-26 01:00:36] - referer 도메인 업데이트(set_referer_domain)
[2022-01-26 01:00:36] - 일일통계 데이터 삭제(stats_delete)
[2022-01-27 01:00:33] - 2022-01-26 - daily_order start
[2022-01-27 01:00:33] - 2022-01-26 - daily_order success
[2022-01-27 01:00:33] - 2022-01-26 - daily_fblike start
[2022-01-27 01:00:33] - 2022-01-26 - daily_fblike success
[2022-01-27 01:00:33] - 2022-01-26 - daily_review start
[2022-01-27 01:00:33] - 2022-01-26 - daily_review success
[2022-01-27 01:00:33] - 2022-01-26 - daily_restock_notify start
[2022-01-27 01:00:33] - 2022-01-26 - daily_restock_notify success
[2022-01-27 01:00:33] - 2022-01-26 - daily_wish start
[2022-01-27 01:00:33] - 2022-01-26 - daily_wish success
[2022-01-27 01:00:33] - 2022-01-26 - daily_cart start
[2022-01-27 01:00:33] - 2022-01-26 - daily_cart success
[2022-01-27 01:00:33] - 2022-01-26 - daily_view start
[2022-01-27 01:00:34] - 2022-01-26 - daily_view success
[2022-01-27 01:00:34] - 2022-01-26 - daily_sales_price start
[2022-01-27 01:00:34] - 2022-01-26 - daily_sales_price success
[2022-01-27 01:00:34] - 2022-01-26 - case1 start
[2022-01-27 01:00:34] - 2022-01-26 - case1 success
[2022-01-27 01:00:34] - 2022-01-26 - case2 start
[2022-01-27 01:00:37] - 2022-01-26 - case2 success
[2022-01-27 01:00:37] - 2022-01-26 - delete start
[2022-01-27 01:00:37] - 2022-01-26 - fm_daily_stats_fblike_vw start
[2022-01-27 01:00:37] - 2022-01-26 - fm_daily_stats_fblike_vw success
[2022-01-27 01:00:37] - 2022-01-26 - fm_daily_stats_review_vw start
[2022-01-27 01:00:37] - 2022-01-26 - fm_daily_stats_review_vw success
[2022-01-27 01:00:37] - 2022-01-26 - fm_daily_stats_restock_notify_vw start
[2022-01-27 01:00:37] - 2022-01-26 - fm_daily_stats_restock_notify_vw success
[2022-01-27 01:00:37] - 2022-01-26 - fm_daily_stats_wish_vw start
[2022-01-27 01:00:37] - 2022-01-26 - fm_daily_stats_wish_vw success
[2022-01-27 01:00:37] - 2022-01-26 - fm_daily_stats_cart_vw start
[2022-01-27 01:00:37] - 2022-01-26 - fm_daily_stats_cart_vw success
[2022-01-27 01:00:37] - 2022-01-26 - fm_daily_stats_order_vw start
[2022-01-27 01:00:37] - 2022-01-26 - fm_daily_stats_order_vw success
[2022-01-27 01:00:37] - 2022-01-26 - fm_daily_stats_view_vw start
[2022-01-27 01:00:37] - 2022-01-26 - fm_daily_stats_view_vw success
[2022-01-27 01:00:37] - 2022-01-26 - delete success
[2022-01-27 01:00:38] - 상품별 3개월 구매수량 등록(goods_purchase_ea)
[2022-01-27 01:00:38] - 입점사 정산 주기 변경(account_seller_period_update)
[2022-01-27 01:00:38] - 입점사별 정산 집계(account_seller_stats)
[2022-01-27 01:00:38] - 불필요한 이월데이터 삭제(account_seller_del_sales)
[2022-01-27 01:00:38] - 일일통계 (주문,좋아요,리뷰,재입고알림,찜,장바구니,보기) 집계(daily_stats)
[2022-01-27 01:00:38] - 마일리지, 포인트,캐쉬 통계 집계(statistic_epc)
[2022-01-27 01:00:38] - referer 도메인 업데이트(set_referer_domain)
[2022-01-27 01:00:38] - 일일통계 데이터 삭제(stats_delete)
[2022-01-28 01:00:37] - 2022-01-27 - daily_order start
[2022-01-28 01:00:37] - 2022-01-27 - daily_order success
[2022-01-28 01:00:37] - 2022-01-27 - daily_fblike start
[2022-01-28 01:00:37] - 2022-01-27 - daily_fblike success
[2022-01-28 01:00:37] - 2022-01-27 - daily_review start
[2022-01-28 01:00:37] - 2022-01-27 - daily_review success
[2022-01-28 01:00:37] - 2022-01-27 - daily_restock_notify start
[2022-01-28 01:00:37] - 2022-01-27 - daily_restock_notify success
[2022-01-28 01:00:37] - 2022-01-27 - daily_wish start
[2022-01-28 01:00:37] - 2022-01-27 - daily_wish success
[2022-01-28 01:00:37] - 2022-01-27 - daily_cart start
[2022-01-28 01:00:37] - 2022-01-27 - daily_cart success
[2022-01-28 01:00:37] - 2022-01-27 - daily_view start
[2022-01-28 01:00:38] - 2022-01-27 - daily_view success
[2022-01-28 01:00:38] - 2022-01-27 - daily_sales_price start
[2022-01-28 01:00:38] - 2022-01-27 - daily_sales_price success
[2022-01-28 01:00:38] - 2022-01-27 - case1 start
[2022-01-28 01:00:38] - 2022-01-27 - case1 success
[2022-01-28 01:00:38] - 2022-01-27 - case2 start
[2022-01-28 01:00:41] - 2022-01-27 - case2 success
[2022-01-28 01:00:41] - 2022-01-27 - delete start
[2022-01-28 01:00:41] - 2022-01-27 - fm_daily_stats_fblike_vw start
[2022-01-28 01:00:41] - 2022-01-27 - fm_daily_stats_fblike_vw success
[2022-01-28 01:00:41] - 2022-01-27 - fm_daily_stats_review_vw start
[2022-01-28 01:00:41] - 2022-01-27 - fm_daily_stats_review_vw success
[2022-01-28 01:00:41] - 2022-01-27 - fm_daily_stats_restock_notify_vw start
[2022-01-28 01:00:41] - 2022-01-27 - fm_daily_stats_restock_notify_vw success
[2022-01-28 01:00:41] - 2022-01-27 - fm_daily_stats_wish_vw start
[2022-01-28 01:00:41] - 2022-01-27 - fm_daily_stats_wish_vw success
[2022-01-28 01:00:41] - 2022-01-27 - fm_daily_stats_cart_vw start
[2022-01-28 01:00:41] - 2022-01-27 - fm_daily_stats_cart_vw success
[2022-01-28 01:00:41] - 2022-01-27 - fm_daily_stats_order_vw start
[2022-01-28 01:00:41] - 2022-01-27 - fm_daily_stats_order_vw success
[2022-01-28 01:00:41] - 2022-01-27 - fm_daily_stats_view_vw start
[2022-01-28 01:00:41] - 2022-01-27 - fm_daily_stats_view_vw success
[2022-01-28 01:00:41] - 2022-01-27 - delete success
[2022-01-28 01:00:42] - 상품별 3개월 구매수량 등록(goods_purchase_ea)
[2022-01-28 01:00:42] - 입점사 정산 주기 변경(account_seller_period_update)
[2022-01-28 01:00:42] - 입점사별 정산 집계(account_seller_stats)
[2022-01-28 01:00:42] - 불필요한 이월데이터 삭제(account_seller_del_sales)
[2022-01-28 01:00:42] - 일일통계 (주문,좋아요,리뷰,재입고알림,찜,장바구니,보기) 집계(daily_stats)
[2022-01-28 01:00:42] - 마일리지, 포인트,캐쉬 통계 집계(statistic_epc)
[2022-01-28 01:00:42] - referer 도메인 업데이트(set_referer_domain)
[2022-01-28 01:00:42] - 일일통계 데이터 삭제(stats_delete)
[2022-01-29 01:00:30] - 2022-01-28 - daily_order start
[2022-01-29 01:00:30] - 2022-01-28 - daily_order success
[2022-01-29 01:00:30] - 2022-01-28 - daily_fblike start
[2022-01-29 01:00:30] - 2022-01-28 - daily_fblike success
[2022-01-29 01:00:30] - 2022-01-28 - daily_review start
[2022-01-29 01:00:30] - 2022-01-28 - daily_review success
[2022-01-29 01:00:30] - 2022-01-28 - daily_restock_notify start
[2022-01-29 01:00:30] - 2022-01-28 - daily_restock_notify success
[2022-01-29 01:00:30] - 2022-01-28 - daily_wish start
[2022-01-29 01:00:30] - 2022-01-28 - daily_wish success
[2022-01-29 01:00:30] - 2022-01-28 - daily_cart start
[2022-01-29 01:00:30] - 2022-01-28 - daily_cart success
[2022-01-29 01:00:30] - 2022-01-28 - daily_view start
[2022-01-29 01:00:31] - 2022-01-28 - daily_view success
[2022-01-29 01:00:31] - 2022-01-28 - daily_sales_price start
[2022-01-29 01:00:31] - 2022-01-28 - daily_sales_price success
[2022-01-29 01:00:31] - 2022-01-28 - case1 start
[2022-01-29 01:00:31] - 2022-01-28 - case1 success
[2022-01-29 01:00:31] - 2022-01-28 - case2 start
[2022-01-29 01:00:35] - 2022-01-28 - case2 success
[2022-01-29 01:00:35] - 2022-01-28 - delete start
[2022-01-29 01:00:35] - 2022-01-28 - fm_daily_stats_fblike_vw start
[2022-01-29 01:00:35] - 2022-01-28 - fm_daily_stats_fblike_vw success
[2022-01-29 01:00:35] - 2022-01-28 - fm_daily_stats_review_vw start
[2022-01-29 01:00:35] - 2022-01-28 - fm_daily_stats_review_vw success
[2022-01-29 01:00:35] - 2022-01-28 - fm_daily_stats_restock_notify_vw start
[2022-01-29 01:00:35] - 2022-01-28 - fm_daily_stats_restock_notify_vw success
[2022-01-29 01:00:35] - 2022-01-28 - fm_daily_stats_wish_vw start
[2022-01-29 01:00:35] - 2022-01-28 - fm_daily_stats_wish_vw success
[2022-01-29 01:00:35] - 2022-01-28 - fm_daily_stats_cart_vw start
[2022-01-29 01:00:35] - 2022-01-28 - fm_daily_stats_cart_vw success
[2022-01-29 01:00:35] - 2022-01-28 - fm_daily_stats_order_vw start
[2022-01-29 01:00:35] - 2022-01-28 - fm_daily_stats_order_vw success
[2022-01-29 01:00:35] - 2022-01-28 - fm_daily_stats_view_vw start
[2022-01-29 01:00:35] - 2022-01-28 - fm_daily_stats_view_vw success
[2022-01-29 01:00:35] - 2022-01-28 - delete success
[2022-01-29 01:00:35] - 상품별 3개월 구매수량 등록(goods_purchase_ea)
[2022-01-29 01:00:35] - 입점사 정산 주기 변경(account_seller_period_update)
[2022-01-29 01:00:35] - 입점사별 정산 집계(account_seller_stats)
[2022-01-29 01:00:35] - 불필요한 이월데이터 삭제(account_seller_del_sales)
[2022-01-29 01:00:35] - 일일통계 (주문,좋아요,리뷰,재입고알림,찜,장바구니,보기) 집계(daily_stats)
[2022-01-29 01:00:35] - 마일리지, 포인트,캐쉬 통계 집계(statistic_epc)
[2022-01-29 01:00:35] - referer 도메인 업데이트(set_referer_domain)
[2022-01-29 01:00:35] - 일일통계 데이터 삭제(stats_delete)
[2022-01-30 01:00:30] - 2022-01-29 - daily_order start
[2022-01-30 01:00:31] - 2022-01-29 - daily_order success
[2022-01-30 01:00:31] - 2022-01-29 - daily_fblike start
[2022-01-30 01:00:31] - 2022-01-29 - daily_fblike success
[2022-01-30 01:00:31] - 2022-01-29 - daily_review start
[2022-01-30 01:00:31] - 2022-01-29 - daily_review success
[2022-01-30 01:00:31] - 2022-01-29 - daily_restock_notify start
[2022-01-30 01:00:31] - 2022-01-29 - daily_restock_notify success
[2022-01-30 01:00:31] - 2022-01-29 - daily_wish start
[2022-01-30 01:00:31] - 2022-01-29 - daily_wish success
[2022-01-30 01:00:31] - 2022-01-29 - daily_cart start
[2022-01-30 01:00:31] - 2022-01-29 - daily_cart success
[2022-01-30 01:00:31] - 2022-01-29 - daily_view start
[2022-01-30 01:00:31] - 2022-01-29 - daily_view success
[2022-01-30 01:00:31] - 2022-01-29 - daily_sales_price start
[2022-01-30 01:00:31] - 2022-01-29 - daily_sales_price success
[2022-01-30 01:00:31] - 2022-01-29 - case1 start
[2022-01-30 01:00:31] - 2022-01-29 - case1 success
[2022-01-30 01:00:31] - 2022-01-29 - case2 start
[2022-01-30 01:00:34] - 2022-01-29 - case2 success
[2022-01-30 01:00:34] - 2022-01-29 - delete start
[2022-01-30 01:00:34] - 2022-01-29 - fm_daily_stats_fblike_vw start
[2022-01-30 01:00:34] - 2022-01-29 - fm_daily_stats_fblike_vw success
[2022-01-30 01:00:34] - 2022-01-29 - fm_daily_stats_review_vw start
[2022-01-30 01:00:34] - 2022-01-29 - fm_daily_stats_review_vw success
[2022-01-30 01:00:34] - 2022-01-29 - fm_daily_stats_restock_notify_vw start
[2022-01-30 01:00:34] - 2022-01-29 - fm_daily_stats_restock_notify_vw success
[2022-01-30 01:00:34] - 2022-01-29 - fm_daily_stats_wish_vw start
[2022-01-30 01:00:34] - 2022-01-29 - fm_daily_stats_wish_vw success
[2022-01-30 01:00:34] - 2022-01-29 - fm_daily_stats_cart_vw start
[2022-01-30 01:00:34] - 2022-01-29 - fm_daily_stats_cart_vw success
[2022-01-30 01:00:34] - 2022-01-29 - fm_daily_stats_order_vw start
[2022-01-30 01:00:34] - 2022-01-29 - fm_daily_stats_order_vw success
[2022-01-30 01:00:34] - 2022-01-29 - fm_daily_stats_view_vw start
[2022-01-30 01:00:34] - 2022-01-29 - fm_daily_stats_view_vw success
[2022-01-30 01:00:34] - 2022-01-29 - delete success
[2022-01-30 01:00:35] - 상품별 3개월 구매수량 등록(goods_purchase_ea)
[2022-01-30 01:00:35] - 입점사 정산 주기 변경(account_seller_period_update)
[2022-01-30 01:00:35] - 입점사별 정산 집계(account_seller_stats)
[2022-01-30 01:00:35] - 불필요한 이월데이터 삭제(account_seller_del_sales)
[2022-01-30 01:00:35] - 일일통계 (주문,좋아요,리뷰,재입고알림,찜,장바구니,보기) 집계(daily_stats)
[2022-01-30 01:00:35] - 마일리지, 포인트,캐쉬 통계 집계(statistic_epc)
[2022-01-30 01:00:35] - referer 도메인 업데이트(set_referer_domain)
[2022-01-30 01:00:35] - 일일통계 데이터 삭제(stats_delete)
[2022-01-31 01:00:34] - 2022-01-30 - daily_order start
[2022-01-31 01:00:35] - 2022-01-30 - daily_order success
[2022-01-31 01:00:35] - 2022-01-30 - daily_fblike start
[2022-01-31 01:00:35] - 2022-01-30 - daily_fblike success
[2022-01-31 01:00:35] - 2022-01-30 - daily_review start
[2022-01-31 01:00:35] - 2022-01-30 - daily_review success
[2022-01-31 01:00:35] - 2022-01-30 - daily_restock_notify start
[2022-01-31 01:00:35] - 2022-01-30 - daily_restock_notify success
[2022-01-31 01:00:35] - 2022-01-30 - daily_wish start
[2022-01-31 01:00:35] - 2022-01-30 - daily_wish success
[2022-01-31 01:00:35] - 2022-01-30 - daily_cart start
[2022-01-31 01:00:35] - 2022-01-30 - daily_cart success
[2022-01-31 01:00:35] - 2022-01-30 - daily_view start
[2022-01-31 01:00:35] - 2022-01-30 - daily_view success
[2022-01-31 01:00:35] - 2022-01-30 - daily_sales_price start
[2022-01-31 01:00:35] - 2022-01-30 - daily_sales_price success
[2022-01-31 01:00:35] - 2022-01-30 - case1 start
[2022-01-31 01:00:35] - 2022-01-30 - case1 success
[2022-01-31 01:00:35] - 2022-01-30 - case2 start
[2022-01-31 01:00:38] - 2022-01-30 - case2 success
[2022-01-31 01:00:38] - 2022-01-30 - delete start
[2022-01-31 01:00:38] - 2022-01-30 - fm_daily_stats_fblike_vw start
[2022-01-31 01:00:38] - 2022-01-30 - fm_daily_stats_fblike_vw success
[2022-01-31 01:00:38] - 2022-01-30 - fm_daily_stats_review_vw start
[2022-01-31 01:00:38] - 2022-01-30 - fm_daily_stats_review_vw success
[2022-01-31 01:00:38] - 2022-01-30 - fm_daily_stats_restock_notify_vw start
[2022-01-31 01:00:38] - 2022-01-30 - fm_daily_stats_restock_notify_vw success
[2022-01-31 01:00:38] - 2022-01-30 - fm_daily_stats_wish_vw start
[2022-01-31 01:00:38] - 2022-01-30 - fm_daily_stats_wish_vw success
[2022-01-31 01:00:38] - 2022-01-30 - fm_daily_stats_cart_vw start
[2022-01-31 01:00:38] - 2022-01-30 - fm_daily_stats_cart_vw success
[2022-01-31 01:00:38] - 2022-01-30 - fm_daily_stats_order_vw start
[2022-01-31 01:00:38] - 2022-01-30 - fm_daily_stats_order_vw success
[2022-01-31 01:00:38] - 2022-01-30 - fm_daily_stats_view_vw start
[2022-01-31 01:00:38] - 2022-01-30 - fm_daily_stats_view_vw success
[2022-01-31 01:00:38] - 2022-01-30 - delete success
[2022-01-31 01:00:39] - 상품별 3개월 구매수량 등록(goods_purchase_ea)
[2022-01-31 01:00:39] - 입점사 정산 주기 변경(account_seller_period_update)
[2022-01-31 01:00:39] - 입점사별 정산 집계(account_seller_stats)
[2022-01-31 01:00:39] - 불필요한 이월데이터 삭제(account_seller_del_sales)
[2022-01-31 01:00:39] - 일일통계 (주문,좋아요,리뷰,재입고알림,찜,장바구니,보기) 집계(daily_stats)
[2022-01-31 01:00:39] - 마일리지, 포인트,캐쉬 통계 집계(statistic_epc)
[2022-01-31 01:00:39] - referer 도메인 업데이트(set_referer_domain)
[2022-01-31 01:00:39] - 일일통계 데이터 삭제(stats_delete)
