[2021-07-01 01:00:27] - 만료 할인쿠폰 알림(remind_coupon) - Err(Today is not monday)
[2021-07-01 01:00:27] - 기념일 축하 안내(remind_anniversary)
[2021-07-01 01:00:27] - 생일 축하 안내(remind_birthday)
[2021-07-01 01:00:27] - 상품 리뷰 작성 안내(remind_review)
[2021-07-01 01:00:27] - 타임세일 종료 상품 안내(remind_timesale)
[2021-07-01 01:00:27] - 회원등급 혜택 안내(remind_membership)
[2021-07-01 01:00:27] - 장바구니/위시리스트 상품 안내(remind_cart)
[2021-07-01 01:00:27] - 소멸 마일리지 안내(remind_emoney)
[2021-07-01 01:00:27] - 만료 할인쿠폰 알림(remind_coupon)
[2021-07-02 01:00:25] - 만료 할인쿠폰 알림(remind_coupon) - Err(Today is not monday)
[2021-07-02 01:00:25] - 소멸 마일리지 안내(remind_emoney) - Err(Today is not monday)
[2021-07-02 01:00:26] - 기념일 축하 안내(remind_anniversary)
[2021-07-02 01:00:26] - 생일 축하 안내(remind_birthday)
[2021-07-02 01:00:26] - 상품 리뷰 작성 안내(remind_review)
[2021-07-02 01:00:26] - 타임세일 종료 상품 안내(remind_timesale)
[2021-07-02 01:00:26] - 회원등급 혜택 안내(remind_membership)
[2021-07-02 01:00:26] - 장바구니/위시리스트 상품 안내(remind_cart)
[2021-07-02 01:00:26] - 소멸 마일리지 안내(remind_emoney)
[2021-07-02 01:00:26] - 만료 할인쿠폰 알림(remind_coupon)
[2021-07-03 01:00:26] - 만료 할인쿠폰 알림(remind_coupon) - Err(Today is not monday)
[2021-07-03 01:00:26] - 소멸 마일리지 안내(remind_emoney) - Err(Today is not monday)
[2021-07-03 01:00:26] - 기념일 축하 안내(remind_anniversary)
[2021-07-03 01:00:26] - 생일 축하 안내(remind_birthday)
[2021-07-03 01:00:26] - 상품 리뷰 작성 안내(remind_review)
[2021-07-03 01:00:26] - 타임세일 종료 상품 안내(remind_timesale)
[2021-07-03 01:00:26] - 회원등급 혜택 안내(remind_membership)
[2021-07-03 01:00:26] - 장바구니/위시리스트 상품 안내(remind_cart)
[2021-07-03 01:00:26] - 소멸 마일리지 안내(remind_emoney)
[2021-07-03 01:00:26] - 만료 할인쿠폰 알림(remind_coupon)
[2021-07-04 01:00:30] - 만료 할인쿠폰 알림(remind_coupon) - Err(Today is not monday)
[2021-07-04 01:00:30] - 소멸 마일리지 안내(remind_emoney) - Err(Today is not monday)
[2021-07-04 01:00:30] - 기념일 축하 안내(remind_anniversary)
[2021-07-04 01:00:30] - 생일 축하 안내(remind_birthday)
[2021-07-04 01:00:30] - 상품 리뷰 작성 안내(remind_review)
[2021-07-04 01:00:30] - 타임세일 종료 상품 안내(remind_timesale)
[2021-07-04 01:00:30] - 회원등급 혜택 안내(remind_membership)
[2021-07-04 01:00:30] - 장바구니/위시리스트 상품 안내(remind_cart)
[2021-07-04 01:00:30] - 소멸 마일리지 안내(remind_emoney)
[2021-07-04 01:00:30] - 만료 할인쿠폰 알림(remind_coupon)
[2021-07-05 01:00:25] - 소멸 마일리지 안내(remind_emoney) - Err(Today is not monday)
[2021-07-05 01:00:25] - 기념일 축하 안내(remind_anniversary)
[2021-07-05 01:00:25] - 생일 축하 안내(remind_birthday)
[2021-07-05 01:00:25] - 상품 리뷰 작성 안내(remind_review)
[2021-07-05 01:00:25] - 타임세일 종료 상품 안내(remind_timesale)
[2021-07-05 01:00:25] - 회원등급 혜택 안내(remind_membership)
[2021-07-05 01:00:25] - 장바구니/위시리스트 상품 안내(remind_cart)
[2021-07-05 01:00:25] - 소멸 마일리지 안내(remind_emoney)
[2021-07-05 01:00:25] - 만료 할인쿠폰 알림(remind_coupon)
[2021-07-06 01:00:25] - 만료 할인쿠폰 알림(remind_coupon) - Err(Today is not monday)
[2021-07-06 01:00:25] - 소멸 마일리지 안내(remind_emoney) - Err(Today is not monday)
[2021-07-06 01:00:25] - 기념일 축하 안내(remind_anniversary)
[2021-07-06 01:00:25] - 생일 축하 안내(remind_birthday)
[2021-07-06 01:00:25] - 상품 리뷰 작성 안내(remind_review)
[2021-07-06 01:00:25] - 타임세일 종료 상품 안내(remind_timesale)
[2021-07-06 01:00:25] - 회원등급 혜택 안내(remind_membership)
[2021-07-06 01:00:25] - 장바구니/위시리스트 상품 안내(remind_cart)
[2021-07-06 01:00:25] - 소멸 마일리지 안내(remind_emoney)
[2021-07-06 01:00:25] - 만료 할인쿠폰 알림(remind_coupon)
[2021-07-07 01:00:26] - 만료 할인쿠폰 알림(remind_coupon) - Err(Today is not monday)
[2021-07-07 01:00:26] - 소멸 마일리지 안내(remind_emoney) - Err(Today is not monday)
[2021-07-07 01:00:27] - 기념일 축하 안내(remind_anniversary)
[2021-07-07 01:00:27] - 생일 축하 안내(remind_birthday)
[2021-07-07 01:00:27] - 상품 리뷰 작성 안내(remind_review)
[2021-07-07 01:00:27] - 타임세일 종료 상품 안내(remind_timesale)
[2021-07-07 01:00:27] - 회원등급 혜택 안내(remind_membership)
[2021-07-07 01:00:27] - 장바구니/위시리스트 상품 안내(remind_cart)
[2021-07-07 01:00:27] - 소멸 마일리지 안내(remind_emoney)
[2021-07-07 01:00:27] - 만료 할인쿠폰 알림(remind_coupon)
[2021-07-08 01:00:25] - 만료 할인쿠폰 알림(remind_coupon) - Err(Today is not monday)
[2021-07-08 01:00:25] - 소멸 마일리지 안내(remind_emoney) - Err(Today is not monday)
[2021-07-08 01:00:25] - 기념일 축하 안내(remind_anniversary)
[2021-07-08 01:00:25] - 생일 축하 안내(remind_birthday)
[2021-07-08 01:00:25] - 상품 리뷰 작성 안내(remind_review)
[2021-07-08 01:00:25] - 타임세일 종료 상품 안내(remind_timesale)
[2021-07-08 01:00:25] - 회원등급 혜택 안내(remind_membership)
[2021-07-08 01:00:25] - 장바구니/위시리스트 상품 안내(remind_cart)
[2021-07-08 01:00:25] - 소멸 마일리지 안내(remind_emoney)
[2021-07-08 01:00:25] - 만료 할인쿠폰 알림(remind_coupon)
[2021-07-09 01:00:25] - 만료 할인쿠폰 알림(remind_coupon) - Err(Today is not monday)
[2021-07-09 01:00:25] - 소멸 마일리지 안내(remind_emoney) - Err(Today is not monday)
[2021-07-09 01:00:25] - 기념일 축하 안내(remind_anniversary)
[2021-07-09 01:00:25] - 생일 축하 안내(remind_birthday)
[2021-07-09 01:00:25] - 상품 리뷰 작성 안내(remind_review)
[2021-07-09 01:00:25] - 타임세일 종료 상품 안내(remind_timesale)
[2021-07-09 01:00:25] - 회원등급 혜택 안내(remind_membership)
[2021-07-09 01:00:25] - 장바구니/위시리스트 상품 안내(remind_cart)
[2021-07-09 01:00:25] - 소멸 마일리지 안내(remind_emoney)
[2021-07-09 01:00:25] - 만료 할인쿠폰 알림(remind_coupon)
[2021-07-10 01:00:27] - 만료 할인쿠폰 알림(remind_coupon) - Err(Today is not monday)
[2021-07-10 01:00:27] - 소멸 마일리지 안내(remind_emoney) - Err(Today is not monday)
[2021-07-10 01:00:28] - 기념일 축하 안내(remind_anniversary)
[2021-07-10 01:00:28] - 생일 축하 안내(remind_birthday)
[2021-07-10 01:00:28] - 상품 리뷰 작성 안내(remind_review)
[2021-07-10 01:00:28] - 타임세일 종료 상품 안내(remind_timesale)
[2021-07-10 01:00:28] - 회원등급 혜택 안내(remind_membership)
[2021-07-10 01:00:28] - 장바구니/위시리스트 상품 안내(remind_cart)
[2021-07-10 01:00:28] - 소멸 마일리지 안내(remind_emoney)
[2021-07-10 01:00:28] - 만료 할인쿠폰 알림(remind_coupon)
[2021-07-11 01:00:26] - 만료 할인쿠폰 알림(remind_coupon) - Err(Today is not monday)
[2021-07-11 01:00:26] - 소멸 마일리지 안내(remind_emoney) - Err(Today is not monday)
[2021-07-11 01:00:27] - 기념일 축하 안내(remind_anniversary)
[2021-07-11 01:00:27] - 생일 축하 안내(remind_birthday)
[2021-07-11 01:00:27] - 상품 리뷰 작성 안내(remind_review)
[2021-07-11 01:00:27] - 타임세일 종료 상품 안내(remind_timesale)
[2021-07-11 01:00:27] - 회원등급 혜택 안내(remind_membership)
[2021-07-11 01:00:27] - 장바구니/위시리스트 상품 안내(remind_cart)
[2021-07-11 01:00:27] - 소멸 마일리지 안내(remind_emoney)
[2021-07-11 01:00:27] - 만료 할인쿠폰 알림(remind_coupon)
[2021-07-12 01:00:28] - 소멸 마일리지 안내(remind_emoney) - Err(Today is not monday)
[2021-07-12 01:00:29] - 기념일 축하 안내(remind_anniversary)
[2021-07-12 01:00:29] - 생일 축하 안내(remind_birthday)
[2021-07-12 01:00:29] - 상품 리뷰 작성 안내(remind_review)
[2021-07-12 01:00:29] - 타임세일 종료 상품 안내(remind_timesale)
[2021-07-12 01:00:29] - 회원등급 혜택 안내(remind_membership)
[2021-07-12 01:00:29] - 장바구니/위시리스트 상품 안내(remind_cart)
[2021-07-12 01:00:29] - 소멸 마일리지 안내(remind_emoney)
[2021-07-12 01:00:29] - 만료 할인쿠폰 알림(remind_coupon)
[2021-07-13 01:00:24] - 만료 할인쿠폰 알림(remind_coupon) - Err(Today is not monday)
[2021-07-13 01:00:24] - 소멸 마일리지 안내(remind_emoney) - Err(Today is not monday)
[2021-07-13 01:00:33] - 기념일 축하 안내(remind_anniversary)
[2021-07-13 01:00:33] - 생일 축하 안내(remind_birthday)
[2021-07-13 01:00:33] - 상품 리뷰 작성 안내(remind_review)
[2021-07-13 01:00:33] - 타임세일 종료 상품 안내(remind_timesale)
[2021-07-13 01:00:33] - 회원등급 혜택 안내(remind_membership)
[2021-07-13 01:00:33] - 장바구니/위시리스트 상품 안내(remind_cart)
[2021-07-13 01:00:33] - 소멸 마일리지 안내(remind_emoney)
[2021-07-13 01:00:33] - 만료 할인쿠폰 알림(remind_coupon)
[2021-07-14 01:00:27] - 만료 할인쿠폰 알림(remind_coupon) - Err(Today is not monday)
[2021-07-14 01:00:27] - 소멸 마일리지 안내(remind_emoney) - Err(Today is not monday)
[2021-07-14 01:00:29] - 기념일 축하 안내(remind_anniversary)
[2021-07-14 01:00:29] - 생일 축하 안내(remind_birthday)
[2021-07-14 01:00:29] - 상품 리뷰 작성 안내(remind_review)
[2021-07-14 01:00:29] - 타임세일 종료 상품 안내(remind_timesale)
[2021-07-14 01:00:29] - 회원등급 혜택 안내(remind_membership)
[2021-07-14 01:00:29] - 장바구니/위시리스트 상품 안내(remind_cart)
[2021-07-14 01:00:29] - 소멸 마일리지 안내(remind_emoney)
[2021-07-14 01:00:29] - 만료 할인쿠폰 알림(remind_coupon)
[2021-07-15 01:00:27] - 만료 할인쿠폰 알림(remind_coupon) - Err(Today is not monday)
[2021-07-15 01:00:27] - 소멸 마일리지 안내(remind_emoney) - Err(Today is not monday)
[2021-07-15 01:00:27] - 기념일 축하 안내(remind_anniversary)
[2021-07-15 01:00:27] - 생일 축하 안내(remind_birthday)
[2021-07-15 01:00:27] - 상품 리뷰 작성 안내(remind_review)
[2021-07-15 01:00:27] - 타임세일 종료 상품 안내(remind_timesale)
[2021-07-15 01:00:27] - 회원등급 혜택 안내(remind_membership)
[2021-07-15 01:00:27] - 장바구니/위시리스트 상품 안내(remind_cart)
[2021-07-15 01:00:27] - 소멸 마일리지 안내(remind_emoney)
[2021-07-15 01:00:27] - 만료 할인쿠폰 알림(remind_coupon)
[2021-07-16 01:00:26] - 만료 할인쿠폰 알림(remind_coupon) - Err(Today is not monday)
[2021-07-16 01:00:26] - 소멸 마일리지 안내(remind_emoney) - Err(Today is not monday)
[2021-07-16 01:00:28] - 기념일 축하 안내(remind_anniversary)
[2021-07-16 01:00:28] - 생일 축하 안내(remind_birthday)
[2021-07-16 01:00:28] - 상품 리뷰 작성 안내(remind_review)
[2021-07-16 01:00:28] - 타임세일 종료 상품 안내(remind_timesale)
[2021-07-16 01:00:28] - 회원등급 혜택 안내(remind_membership)
[2021-07-16 01:00:28] - 장바구니/위시리스트 상품 안내(remind_cart)
[2021-07-16 01:00:28] - 소멸 마일리지 안내(remind_emoney)
[2021-07-16 01:00:28] - 만료 할인쿠폰 알림(remind_coupon)
[2021-07-17 01:00:27] - 만료 할인쿠폰 알림(remind_coupon) - Err(Today is not monday)
[2021-07-17 01:00:27] - 소멸 마일리지 안내(remind_emoney) - Err(Today is not monday)
[2021-07-17 01:00:28] - 기념일 축하 안내(remind_anniversary)
[2021-07-17 01:00:28] - 생일 축하 안내(remind_birthday)
[2021-07-17 01:00:28] - 상품 리뷰 작성 안내(remind_review)
[2021-07-17 01:00:28] - 타임세일 종료 상품 안내(remind_timesale)
[2021-07-17 01:00:28] - 회원등급 혜택 안내(remind_membership)
[2021-07-17 01:00:28] - 장바구니/위시리스트 상품 안내(remind_cart)
[2021-07-17 01:00:28] - 소멸 마일리지 안내(remind_emoney)
[2021-07-17 01:00:28] - 만료 할인쿠폰 알림(remind_coupon)
[2021-07-18 01:00:29] - 만료 할인쿠폰 알림(remind_coupon) - Err(Today is not monday)
[2021-07-18 01:00:29] - 소멸 마일리지 안내(remind_emoney) - Err(Today is not monday)
[2021-07-18 01:00:31] - 기념일 축하 안내(remind_anniversary)
[2021-07-18 01:00:31] - 생일 축하 안내(remind_birthday)
[2021-07-18 01:00:31] - 상품 리뷰 작성 안내(remind_review)
[2021-07-18 01:00:31] - 타임세일 종료 상품 안내(remind_timesale)
[2021-07-18 01:00:31] - 회원등급 혜택 안내(remind_membership)
[2021-07-18 01:00:31] - 장바구니/위시리스트 상품 안내(remind_cart)
[2021-07-18 01:00:31] - 소멸 마일리지 안내(remind_emoney)
[2021-07-18 01:00:31] - 만료 할인쿠폰 알림(remind_coupon)
[2021-07-19 01:00:33] - 소멸 마일리지 안내(remind_emoney) - Err(Today is not monday)
[2021-07-19 01:00:33] - 기념일 축하 안내(remind_anniversary)
[2021-07-19 01:00:33] - 생일 축하 안내(remind_birthday)
[2021-07-19 01:00:33] - 상품 리뷰 작성 안내(remind_review)
[2021-07-19 01:00:33] - 타임세일 종료 상품 안내(remind_timesale)
[2021-07-19 01:00:33] - 회원등급 혜택 안내(remind_membership)
[2021-07-19 01:00:33] - 장바구니/위시리스트 상품 안내(remind_cart)
[2021-07-19 01:00:33] - 소멸 마일리지 안내(remind_emoney)
[2021-07-19 01:00:33] - 만료 할인쿠폰 알림(remind_coupon)
[2021-07-20 01:00:31] - 만료 할인쿠폰 알림(remind_coupon) - Err(Today is not monday)
[2021-07-20 01:00:31] - 소멸 마일리지 안내(remind_emoney) - Err(Today is not monday)
[2021-07-20 01:00:32] - 기념일 축하 안내(remind_anniversary)
[2021-07-20 01:00:32] - 생일 축하 안내(remind_birthday)
[2021-07-20 01:00:32] - 상품 리뷰 작성 안내(remind_review)
[2021-07-20 01:00:32] - 타임세일 종료 상품 안내(remind_timesale)
[2021-07-20 01:00:32] - 회원등급 혜택 안내(remind_membership)
[2021-07-20 01:00:32] - 장바구니/위시리스트 상품 안내(remind_cart)
[2021-07-20 01:00:32] - 소멸 마일리지 안내(remind_emoney)
[2021-07-20 01:00:32] - 만료 할인쿠폰 알림(remind_coupon)
[2021-07-21 01:03:49] - 만료 할인쿠폰 알림(remind_coupon) - Err(Today is not monday)
[2021-07-21 01:03:49] - 소멸 마일리지 안내(remind_emoney) - Err(Today is not monday)
[2021-07-21 01:03:50] - 기념일 축하 안내(remind_anniversary)
[2021-07-21 01:03:50] - 생일 축하 안내(remind_birthday)
[2021-07-21 01:03:50] - 상품 리뷰 작성 안내(remind_review)
[2021-07-21 01:03:50] - 타임세일 종료 상품 안내(remind_timesale)
[2021-07-21 01:03:50] - 회원등급 혜택 안내(remind_membership)
[2021-07-21 01:03:50] - 장바구니/위시리스트 상품 안내(remind_cart)
[2021-07-21 01:03:50] - 소멸 마일리지 안내(remind_emoney)
[2021-07-21 01:03:50] - 만료 할인쿠폰 알림(remind_coupon)
[2021-07-22 01:00:31] - 만료 할인쿠폰 알림(remind_coupon) - Err(Today is not monday)
[2021-07-22 01:00:31] - 소멸 마일리지 안내(remind_emoney) - Err(Today is not monday)
[2021-07-22 01:00:36] - 기념일 축하 안내(remind_anniversary)
[2021-07-22 01:00:36] - 생일 축하 안내(remind_birthday)
[2021-07-22 01:00:36] - 상품 리뷰 작성 안내(remind_review)
[2021-07-22 01:00:36] - 타임세일 종료 상품 안내(remind_timesale)
[2021-07-22 01:00:36] - 회원등급 혜택 안내(remind_membership)
[2021-07-22 01:00:36] - 장바구니/위시리스트 상품 안내(remind_cart)
[2021-07-22 01:00:36] - 소멸 마일리지 안내(remind_emoney)
[2021-07-22 01:00:36] - 만료 할인쿠폰 알림(remind_coupon)
[2021-07-23 01:00:29] - 만료 할인쿠폰 알림(remind_coupon) - Err(Today is not monday)
[2021-07-23 01:00:29] - 소멸 마일리지 안내(remind_emoney) - Err(Today is not monday)
[2021-07-23 01:00:29] - 기념일 축하 안내(remind_anniversary)
[2021-07-23 01:00:29] - 생일 축하 안내(remind_birthday)
[2021-07-23 01:00:29] - 상품 리뷰 작성 안내(remind_review)
[2021-07-23 01:00:29] - 타임세일 종료 상품 안내(remind_timesale)
[2021-07-23 01:00:29] - 회원등급 혜택 안내(remind_membership)
[2021-07-23 01:00:29] - 장바구니/위시리스트 상품 안내(remind_cart)
[2021-07-23 01:00:29] - 소멸 마일리지 안내(remind_emoney)
[2021-07-23 01:00:29] - 만료 할인쿠폰 알림(remind_coupon)
[2021-07-24 01:00:29] - 만료 할인쿠폰 알림(remind_coupon) - Err(Today is not monday)
[2021-07-24 01:00:29] - 소멸 마일리지 안내(remind_emoney) - Err(Today is not monday)
[2021-07-24 01:00:29] - 기념일 축하 안내(remind_anniversary)
[2021-07-24 01:00:29] - 생일 축하 안내(remind_birthday)
[2021-07-24 01:00:29] - 상품 리뷰 작성 안내(remind_review)
[2021-07-24 01:00:29] - 타임세일 종료 상품 안내(remind_timesale)
[2021-07-24 01:00:29] - 회원등급 혜택 안내(remind_membership)
[2021-07-24 01:00:29] - 장바구니/위시리스트 상품 안내(remind_cart)
[2021-07-24 01:00:29] - 소멸 마일리지 안내(remind_emoney)
[2021-07-24 01:00:29] - 만료 할인쿠폰 알림(remind_coupon)
[2021-07-25 01:00:28] - 만료 할인쿠폰 알림(remind_coupon) - Err(Today is not monday)
[2021-07-25 01:00:28] - 소멸 마일리지 안내(remind_emoney) - Err(Today is not monday)
[2021-07-25 01:00:28] - 기념일 축하 안내(remind_anniversary)
[2021-07-25 01:00:28] - 생일 축하 안내(remind_birthday)
[2021-07-25 01:00:28] - 상품 리뷰 작성 안내(remind_review)
[2021-07-25 01:00:28] - 타임세일 종료 상품 안내(remind_timesale)
[2021-07-25 01:00:28] - 회원등급 혜택 안내(remind_membership)
[2021-07-25 01:00:28] - 장바구니/위시리스트 상품 안내(remind_cart)
[2021-07-25 01:00:28] - 소멸 마일리지 안내(remind_emoney)
[2021-07-25 01:00:28] - 만료 할인쿠폰 알림(remind_coupon)
[2021-07-26 01:00:28] - 소멸 마일리지 안내(remind_emoney) - Err(Today is not monday)
[2021-07-26 01:00:28] - 기념일 축하 안내(remind_anniversary)
[2021-07-26 01:00:28] - 생일 축하 안내(remind_birthday)
[2021-07-26 01:00:28] - 상품 리뷰 작성 안내(remind_review)
[2021-07-26 01:00:28] - 타임세일 종료 상품 안내(remind_timesale)
[2021-07-26 01:00:28] - 회원등급 혜택 안내(remind_membership)
[2021-07-26 01:00:28] - 장바구니/위시리스트 상품 안내(remind_cart)
[2021-07-26 01:00:28] - 소멸 마일리지 안내(remind_emoney)
[2021-07-26 01:00:28] - 만료 할인쿠폰 알림(remind_coupon)
[2021-07-27 01:00:29] - 만료 할인쿠폰 알림(remind_coupon) - Err(Today is not monday)
[2021-07-27 01:00:29] - 소멸 마일리지 안내(remind_emoney) - Err(Today is not monday)
[2021-07-27 01:00:29] - 기념일 축하 안내(remind_anniversary)
[2021-07-27 01:00:29] - 생일 축하 안내(remind_birthday)
[2021-07-27 01:00:29] - 상품 리뷰 작성 안내(remind_review)
[2021-07-27 01:00:29] - 타임세일 종료 상품 안내(remind_timesale)
[2021-07-27 01:00:29] - 회원등급 혜택 안내(remind_membership)
[2021-07-27 01:00:29] - 장바구니/위시리스트 상품 안내(remind_cart)
[2021-07-27 01:00:29] - 소멸 마일리지 안내(remind_emoney)
[2021-07-27 01:00:29] - 만료 할인쿠폰 알림(remind_coupon)
[2021-07-28 01:00:29] - 만료 할인쿠폰 알림(remind_coupon) - Err(Today is not monday)
[2021-07-28 01:00:29] - 소멸 마일리지 안내(remind_emoney) - Err(Today is not monday)
[2021-07-28 01:00:30] - 기념일 축하 안내(remind_anniversary)
[2021-07-28 01:00:30] - 생일 축하 안내(remind_birthday)
[2021-07-28 01:00:30] - 상품 리뷰 작성 안내(remind_review)
[2021-07-28 01:00:30] - 타임세일 종료 상품 안내(remind_timesale)
[2021-07-28 01:00:30] - 회원등급 혜택 안내(remind_membership)
[2021-07-28 01:00:30] - 장바구니/위시리스트 상품 안내(remind_cart)
[2021-07-28 01:00:30] - 소멸 마일리지 안내(remind_emoney)
[2021-07-28 01:00:30] - 만료 할인쿠폰 알림(remind_coupon)
[2021-07-29 01:00:29] - 만료 할인쿠폰 알림(remind_coupon) - Err(Today is not monday)
[2021-07-29 01:00:29] - 소멸 마일리지 안내(remind_emoney) - Err(Today is not monday)
[2021-07-29 01:00:29] - 기념일 축하 안내(remind_anniversary)
[2021-07-29 01:00:29] - 생일 축하 안내(remind_birthday)
[2021-07-29 01:00:29] - 상품 리뷰 작성 안내(remind_review)
[2021-07-29 01:00:29] - 타임세일 종료 상품 안내(remind_timesale)
[2021-07-29 01:00:29] - 회원등급 혜택 안내(remind_membership)
[2021-07-29 01:00:29] - 장바구니/위시리스트 상품 안내(remind_cart)
[2021-07-29 01:00:29] - 소멸 마일리지 안내(remind_emoney)
[2021-07-29 01:00:29] - 만료 할인쿠폰 알림(remind_coupon)
[2021-07-30 01:00:30] - 만료 할인쿠폰 알림(remind_coupon) - Err(Today is not monday)
[2021-07-30 01:00:30] - 소멸 마일리지 안내(remind_emoney) - Err(Today is not monday)
[2021-07-30 01:00:33] - 기념일 축하 안내(remind_anniversary)
[2021-07-30 01:00:33] - 생일 축하 안내(remind_birthday)
[2021-07-30 01:00:33] - 상품 리뷰 작성 안내(remind_review)
[2021-07-30 01:00:33] - 타임세일 종료 상품 안내(remind_timesale)
[2021-07-30 01:00:33] - 회원등급 혜택 안내(remind_membership)
[2021-07-30 01:00:33] - 장바구니/위시리스트 상품 안내(remind_cart)
[2021-07-30 01:00:33] - 소멸 마일리지 안내(remind_emoney)
[2021-07-30 01:00:33] - 만료 할인쿠폰 알림(remind_coupon)
[2021-07-31 01:00:28] - 만료 할인쿠폰 알림(remind_coupon) - Err(Today is not monday)
[2021-07-31 01:00:28] - 소멸 마일리지 안내(remind_emoney) - Err(Today is not monday)
[2021-07-31 01:00:29] - 기념일 축하 안내(remind_anniversary)
[2021-07-31 01:00:29] - 생일 축하 안내(remind_birthday)
[2021-07-31 01:00:29] - 상품 리뷰 작성 안내(remind_review)
[2021-07-31 01:00:29] - 타임세일 종료 상품 안내(remind_timesale)
[2021-07-31 01:00:29] - 회원등급 혜택 안내(remind_membership)
[2021-07-31 01:00:29] - 장바구니/위시리스트 상품 안내(remind_cart)
[2021-07-31 01:00:29] - 소멸 마일리지 안내(remind_emoney)
[2021-07-31 01:00:29] - 만료 할인쿠폰 알림(remind_coupon)
