[2020-12-02 01:00:14] - 만료 할인쿠폰 알림(remind_coupon) - Err(Today is not monday)
[2020-12-02 01:00:14] - 소멸 마일리지 안내(remind_emoney) - Err(Today is not monday)
[2020-12-02 01:00:14] - 기념일 축하 안내(remind_anniversary)
[2020-12-02 01:00:14] - 생일 축하 안내(remind_birthday)
[2020-12-02 01:00:14] - 상품 리뷰 작성 안내(remind_review)
[2020-12-02 01:00:14] - 타임세일 종료 상품 안내(remind_timesale)
[2020-12-02 01:00:14] - 회원등급 혜택 안내(remind_membership)
[2020-12-02 01:00:14] - 장바구니/위시리스트 상품 안내(remind_cart)
[2020-12-02 01:00:14] - 소멸 마일리지 안내(remind_emoney)
[2020-12-02 01:00:14] - 만료 할인쿠폰 알림(remind_coupon)
[2020-12-03 01:00:12] - 만료 할인쿠폰 알림(remind_coupon) - Err(Today is not monday)
[2020-12-03 01:00:12] - 소멸 마일리지 안내(remind_emoney) - Err(Today is not monday)
[2020-12-03 01:00:12] - 기념일 축하 안내(remind_anniversary)
[2020-12-03 01:00:12] - 생일 축하 안내(remind_birthday)
[2020-12-03 01:00:12] - 상품 리뷰 작성 안내(remind_review)
[2020-12-03 01:00:12] - 타임세일 종료 상품 안내(remind_timesale)
[2020-12-03 01:00:12] - 회원등급 혜택 안내(remind_membership)
[2020-12-03 01:00:12] - 장바구니/위시리스트 상품 안내(remind_cart)
[2020-12-03 01:00:12] - 소멸 마일리지 안내(remind_emoney)
[2020-12-03 01:00:12] - 만료 할인쿠폰 알림(remind_coupon)
[2020-12-04 01:00:11] - 만료 할인쿠폰 알림(remind_coupon) - Err(Today is not monday)
[2020-12-04 01:00:11] - 소멸 마일리지 안내(remind_emoney) - Err(Today is not monday)
[2020-12-04 01:00:11] - 기념일 축하 안내(remind_anniversary)
[2020-12-04 01:00:11] - 생일 축하 안내(remind_birthday)
[2020-12-04 01:00:11] - 상품 리뷰 작성 안내(remind_review)
[2020-12-04 01:00:11] - 타임세일 종료 상품 안내(remind_timesale)
[2020-12-04 01:00:11] - 회원등급 혜택 안내(remind_membership)
[2020-12-04 01:00:11] - 장바구니/위시리스트 상품 안내(remind_cart)
[2020-12-04 01:00:11] - 소멸 마일리지 안내(remind_emoney)
[2020-12-04 01:00:11] - 만료 할인쿠폰 알림(remind_coupon)
[2020-12-05 01:00:16] - 만료 할인쿠폰 알림(remind_coupon) - Err(Today is not monday)
[2020-12-05 01:00:16] - 소멸 마일리지 안내(remind_emoney) - Err(Today is not monday)
[2020-12-05 01:00:16] - 기념일 축하 안내(remind_anniversary)
[2020-12-05 01:00:16] - 생일 축하 안내(remind_birthday)
[2020-12-05 01:00:16] - 상품 리뷰 작성 안내(remind_review)
[2020-12-05 01:00:16] - 타임세일 종료 상품 안내(remind_timesale)
[2020-12-05 01:00:16] - 회원등급 혜택 안내(remind_membership)
[2020-12-05 01:00:16] - 장바구니/위시리스트 상품 안내(remind_cart)
[2020-12-05 01:00:16] - 소멸 마일리지 안내(remind_emoney)
[2020-12-05 01:00:16] - 만료 할인쿠폰 알림(remind_coupon)
[2020-12-06 01:00:14] - 만료 할인쿠폰 알림(remind_coupon) - Err(Today is not monday)
[2020-12-06 01:00:14] - 소멸 마일리지 안내(remind_emoney) - Err(Today is not monday)
[2020-12-06 01:00:14] - 기념일 축하 안내(remind_anniversary)
[2020-12-06 01:00:14] - 생일 축하 안내(remind_birthday)
[2020-12-06 01:00:14] - 상품 리뷰 작성 안내(remind_review)
[2020-12-06 01:00:14] - 타임세일 종료 상품 안내(remind_timesale)
[2020-12-06 01:00:14] - 회원등급 혜택 안내(remind_membership)
[2020-12-06 01:00:14] - 장바구니/위시리스트 상품 안내(remind_cart)
[2020-12-06 01:00:14] - 소멸 마일리지 안내(remind_emoney)
[2020-12-06 01:00:14] - 만료 할인쿠폰 알림(remind_coupon)
[2020-12-07 01:00:11] - 소멸 마일리지 안내(remind_emoney) - Err(Today is not monday)
[2020-12-07 01:00:11] - 기념일 축하 안내(remind_anniversary)
[2020-12-07 01:00:11] - 생일 축하 안내(remind_birthday)
[2020-12-07 01:00:11] - 상품 리뷰 작성 안내(remind_review)
[2020-12-07 01:00:11] - 타임세일 종료 상품 안내(remind_timesale)
[2020-12-07 01:00:11] - 회원등급 혜택 안내(remind_membership)
[2020-12-07 01:00:11] - 장바구니/위시리스트 상품 안내(remind_cart)
[2020-12-07 01:00:11] - 소멸 마일리지 안내(remind_emoney)
[2020-12-07 01:00:11] - 만료 할인쿠폰 알림(remind_coupon)
[2020-12-08 01:00:14] - 만료 할인쿠폰 알림(remind_coupon) - Err(Today is not monday)
[2020-12-08 01:00:14] - 소멸 마일리지 안내(remind_emoney) - Err(Today is not monday)
[2020-12-08 01:00:14] - 기념일 축하 안내(remind_anniversary)
[2020-12-08 01:00:14] - 생일 축하 안내(remind_birthday)
[2020-12-08 01:00:14] - 상품 리뷰 작성 안내(remind_review)
[2020-12-08 01:00:14] - 타임세일 종료 상품 안내(remind_timesale)
[2020-12-08 01:00:14] - 회원등급 혜택 안내(remind_membership)
[2020-12-08 01:00:14] - 장바구니/위시리스트 상품 안내(remind_cart)
[2020-12-08 01:00:14] - 소멸 마일리지 안내(remind_emoney)
[2020-12-08 01:00:14] - 만료 할인쿠폰 알림(remind_coupon)
[2020-12-09 01:00:17] - 만료 할인쿠폰 알림(remind_coupon) - Err(Today is not monday)
[2020-12-09 01:00:17] - 소멸 마일리지 안내(remind_emoney) - Err(Today is not monday)
[2020-12-09 01:00:17] - 기념일 축하 안내(remind_anniversary)
[2020-12-09 01:00:17] - 생일 축하 안내(remind_birthday)
[2020-12-09 01:00:17] - 상품 리뷰 작성 안내(remind_review)
[2020-12-09 01:00:17] - 타임세일 종료 상품 안내(remind_timesale)
[2020-12-09 01:00:17] - 회원등급 혜택 안내(remind_membership)
[2020-12-09 01:00:17] - 장바구니/위시리스트 상품 안내(remind_cart)
[2020-12-09 01:00:17] - 소멸 마일리지 안내(remind_emoney)
[2020-12-09 01:00:17] - 만료 할인쿠폰 알림(remind_coupon)
[2020-12-10 01:00:16] - 만료 할인쿠폰 알림(remind_coupon) - Err(Today is not monday)
[2020-12-10 01:00:16] - 소멸 마일리지 안내(remind_emoney) - Err(Today is not monday)
[2020-12-10 01:00:16] - 기념일 축하 안내(remind_anniversary)
[2020-12-10 01:00:16] - 생일 축하 안내(remind_birthday)
[2020-12-10 01:00:16] - 상품 리뷰 작성 안내(remind_review)
[2020-12-10 01:00:16] - 타임세일 종료 상품 안내(remind_timesale)
[2020-12-10 01:00:16] - 회원등급 혜택 안내(remind_membership)
[2020-12-10 01:00:16] - 장바구니/위시리스트 상품 안내(remind_cart)
[2020-12-10 01:00:16] - 소멸 마일리지 안내(remind_emoney)
[2020-12-10 01:00:16] - 만료 할인쿠폰 알림(remind_coupon)
[2020-12-11 01:00:16] - 만료 할인쿠폰 알림(remind_coupon) - Err(Today is not monday)
[2020-12-11 01:00:16] - 소멸 마일리지 안내(remind_emoney) - Err(Today is not monday)
[2020-12-11 01:00:16] - 기념일 축하 안내(remind_anniversary)
[2020-12-11 01:00:16] - 생일 축하 안내(remind_birthday)
[2020-12-11 01:00:16] - 상품 리뷰 작성 안내(remind_review)
[2020-12-11 01:00:16] - 타임세일 종료 상품 안내(remind_timesale)
[2020-12-11 01:00:16] - 회원등급 혜택 안내(remind_membership)
[2020-12-11 01:00:16] - 장바구니/위시리스트 상품 안내(remind_cart)
[2020-12-11 01:00:16] - 소멸 마일리지 안내(remind_emoney)
[2020-12-11 01:00:16] - 만료 할인쿠폰 알림(remind_coupon)
[2020-12-12 01:00:16] - 만료 할인쿠폰 알림(remind_coupon) - Err(Today is not monday)
[2020-12-12 01:00:16] - 소멸 마일리지 안내(remind_emoney) - Err(Today is not monday)
[2020-12-12 01:00:16] - 기념일 축하 안내(remind_anniversary)
[2020-12-12 01:00:16] - 생일 축하 안내(remind_birthday)
[2020-12-12 01:00:16] - 상품 리뷰 작성 안내(remind_review)
[2020-12-12 01:00:16] - 타임세일 종료 상품 안내(remind_timesale)
[2020-12-12 01:00:16] - 회원등급 혜택 안내(remind_membership)
[2020-12-12 01:00:16] - 장바구니/위시리스트 상품 안내(remind_cart)
[2020-12-12 01:00:16] - 소멸 마일리지 안내(remind_emoney)
[2020-12-12 01:00:16] - 만료 할인쿠폰 알림(remind_coupon)
[2020-12-13 01:00:15] - 만료 할인쿠폰 알림(remind_coupon) - Err(Today is not monday)
[2020-12-13 01:00:15] - 소멸 마일리지 안내(remind_emoney) - Err(Today is not monday)
[2020-12-13 01:00:15] - 기념일 축하 안내(remind_anniversary)
[2020-12-13 01:00:15] - 생일 축하 안내(remind_birthday)
[2020-12-13 01:00:15] - 상품 리뷰 작성 안내(remind_review)
[2020-12-13 01:00:15] - 타임세일 종료 상품 안내(remind_timesale)
[2020-12-13 01:00:15] - 회원등급 혜택 안내(remind_membership)
[2020-12-13 01:00:15] - 장바구니/위시리스트 상품 안내(remind_cart)
[2020-12-13 01:00:15] - 소멸 마일리지 안내(remind_emoney)
[2020-12-13 01:00:15] - 만료 할인쿠폰 알림(remind_coupon)
[2020-12-14 01:00:16] - 소멸 마일리지 안내(remind_emoney) - Err(Today is not monday)
[2020-12-14 01:00:16] - 기념일 축하 안내(remind_anniversary)
[2020-12-14 01:00:16] - 생일 축하 안내(remind_birthday)
[2020-12-14 01:00:16] - 상품 리뷰 작성 안내(remind_review)
[2020-12-14 01:00:16] - 타임세일 종료 상품 안내(remind_timesale)
[2020-12-14 01:00:16] - 회원등급 혜택 안내(remind_membership)
[2020-12-14 01:00:16] - 장바구니/위시리스트 상품 안내(remind_cart)
[2020-12-14 01:00:16] - 소멸 마일리지 안내(remind_emoney)
[2020-12-14 01:00:16] - 만료 할인쿠폰 알림(remind_coupon)
[2020-12-15 01:00:09] - 만료 할인쿠폰 알림(remind_coupon) - Err(Today is not monday)
[2020-12-15 01:00:09] - 소멸 마일리지 안내(remind_emoney) - Err(Today is not monday)
[2020-12-15 01:00:09] - 기념일 축하 안내(remind_anniversary)
[2020-12-15 01:00:09] - 생일 축하 안내(remind_birthday)
[2020-12-15 01:00:09] - 상품 리뷰 작성 안내(remind_review)
[2020-12-15 01:00:09] - 타임세일 종료 상품 안내(remind_timesale)
[2020-12-15 01:00:09] - 회원등급 혜택 안내(remind_membership)
[2020-12-15 01:00:09] - 장바구니/위시리스트 상품 안내(remind_cart)
[2020-12-15 01:00:09] - 소멸 마일리지 안내(remind_emoney)
[2020-12-15 01:00:09] - 만료 할인쿠폰 알림(remind_coupon)
[2020-12-16 01:00:15] - 만료 할인쿠폰 알림(remind_coupon) - Err(Today is not monday)
[2020-12-16 01:00:15] - 소멸 마일리지 안내(remind_emoney) - Err(Today is not monday)
[2020-12-16 01:00:15] - 기념일 축하 안내(remind_anniversary)
[2020-12-16 01:00:15] - 생일 축하 안내(remind_birthday)
[2020-12-16 01:00:15] - 상품 리뷰 작성 안내(remind_review)
[2020-12-16 01:00:15] - 타임세일 종료 상품 안내(remind_timesale)
[2020-12-16 01:00:15] - 회원등급 혜택 안내(remind_membership)
[2020-12-16 01:00:15] - 장바구니/위시리스트 상품 안내(remind_cart)
[2020-12-16 01:00:15] - 소멸 마일리지 안내(remind_emoney)
[2020-12-16 01:00:15] - 만료 할인쿠폰 알림(remind_coupon)
[2020-12-17 01:00:14] - 만료 할인쿠폰 알림(remind_coupon) - Err(Today is not monday)
[2020-12-17 01:00:14] - 소멸 마일리지 안내(remind_emoney) - Err(Today is not monday)
[2020-12-17 01:00:14] - 기념일 축하 안내(remind_anniversary)
[2020-12-17 01:00:14] - 생일 축하 안내(remind_birthday)
[2020-12-17 01:00:14] - 상품 리뷰 작성 안내(remind_review)
[2020-12-17 01:00:14] - 타임세일 종료 상품 안내(remind_timesale)
[2020-12-17 01:00:14] - 회원등급 혜택 안내(remind_membership)
[2020-12-17 01:00:14] - 장바구니/위시리스트 상품 안내(remind_cart)
[2020-12-17 01:00:14] - 소멸 마일리지 안내(remind_emoney)
[2020-12-17 01:00:14] - 만료 할인쿠폰 알림(remind_coupon)
[2020-12-18 01:00:12] - 만료 할인쿠폰 알림(remind_coupon) - Err(Today is not monday)
[2020-12-18 01:00:12] - 소멸 마일리지 안내(remind_emoney) - Err(Today is not monday)
[2020-12-18 01:00:12] - 기념일 축하 안내(remind_anniversary)
[2020-12-18 01:00:12] - 생일 축하 안내(remind_birthday)
[2020-12-18 01:00:12] - 상품 리뷰 작성 안내(remind_review)
[2020-12-18 01:00:12] - 타임세일 종료 상품 안내(remind_timesale)
[2020-12-18 01:00:12] - 회원등급 혜택 안내(remind_membership)
[2020-12-18 01:00:12] - 장바구니/위시리스트 상품 안내(remind_cart)
[2020-12-18 01:00:12] - 소멸 마일리지 안내(remind_emoney)
[2020-12-18 01:00:12] - 만료 할인쿠폰 알림(remind_coupon)
[2020-12-19 01:00:17] - 만료 할인쿠폰 알림(remind_coupon) - Err(Today is not monday)
[2020-12-19 01:00:17] - 소멸 마일리지 안내(remind_emoney) - Err(Today is not monday)
[2020-12-19 01:00:17] - 기념일 축하 안내(remind_anniversary)
[2020-12-19 01:00:17] - 생일 축하 안내(remind_birthday)
[2020-12-19 01:00:17] - 상품 리뷰 작성 안내(remind_review)
[2020-12-19 01:00:17] - 타임세일 종료 상품 안내(remind_timesale)
[2020-12-19 01:00:17] - 회원등급 혜택 안내(remind_membership)
[2020-12-19 01:00:17] - 장바구니/위시리스트 상품 안내(remind_cart)
[2020-12-19 01:00:17] - 소멸 마일리지 안내(remind_emoney)
[2020-12-19 01:00:17] - 만료 할인쿠폰 알림(remind_coupon)
[2020-12-20 01:00:19] - 만료 할인쿠폰 알림(remind_coupon) - Err(Today is not monday)
[2020-12-20 01:00:19] - 소멸 마일리지 안내(remind_emoney) - Err(Today is not monday)
[2020-12-20 01:00:19] - 기념일 축하 안내(remind_anniversary)
[2020-12-20 01:00:19] - 생일 축하 안내(remind_birthday)
[2020-12-20 01:00:19] - 상품 리뷰 작성 안내(remind_review)
[2020-12-20 01:00:19] - 타임세일 종료 상품 안내(remind_timesale)
[2020-12-20 01:00:19] - 회원등급 혜택 안내(remind_membership)
[2020-12-20 01:00:19] - 장바구니/위시리스트 상품 안내(remind_cart)
[2020-12-20 01:00:19] - 소멸 마일리지 안내(remind_emoney)
[2020-12-20 01:00:19] - 만료 할인쿠폰 알림(remind_coupon)
[2020-12-21 01:00:18] - 소멸 마일리지 안내(remind_emoney) - Err(Today is not monday)
[2020-12-21 01:00:18] - 기념일 축하 안내(remind_anniversary)
[2020-12-21 01:00:18] - 생일 축하 안내(remind_birthday)
[2020-12-21 01:00:18] - 상품 리뷰 작성 안내(remind_review)
[2020-12-21 01:00:18] - 타임세일 종료 상품 안내(remind_timesale)
[2020-12-21 01:00:18] - 회원등급 혜택 안내(remind_membership)
[2020-12-21 01:00:18] - 장바구니/위시리스트 상품 안내(remind_cart)
[2020-12-21 01:00:18] - 소멸 마일리지 안내(remind_emoney)
[2020-12-21 01:00:18] - 만료 할인쿠폰 알림(remind_coupon)
[2020-12-22 01:00:18] - 만료 할인쿠폰 알림(remind_coupon) - Err(Today is not monday)
[2020-12-22 01:00:18] - 소멸 마일리지 안내(remind_emoney) - Err(Today is not monday)
[2020-12-22 01:00:18] - 기념일 축하 안내(remind_anniversary)
[2020-12-22 01:00:18] - 생일 축하 안내(remind_birthday)
[2020-12-22 01:00:18] - 상품 리뷰 작성 안내(remind_review)
[2020-12-22 01:00:18] - 타임세일 종료 상품 안내(remind_timesale)
[2020-12-22 01:00:18] - 회원등급 혜택 안내(remind_membership)
[2020-12-22 01:00:18] - 장바구니/위시리스트 상품 안내(remind_cart)
[2020-12-22 01:00:18] - 소멸 마일리지 안내(remind_emoney)
[2020-12-22 01:00:18] - 만료 할인쿠폰 알림(remind_coupon)
[2020-12-23 01:00:18] - 만료 할인쿠폰 알림(remind_coupon) - Err(Today is not monday)
[2020-12-23 01:00:18] - 소멸 마일리지 안내(remind_emoney) - Err(Today is not monday)
[2020-12-23 01:00:18] - 기념일 축하 안내(remind_anniversary)
[2020-12-23 01:00:18] - 생일 축하 안내(remind_birthday)
[2020-12-23 01:00:18] - 상품 리뷰 작성 안내(remind_review)
[2020-12-23 01:00:18] - 타임세일 종료 상품 안내(remind_timesale)
[2020-12-23 01:00:18] - 회원등급 혜택 안내(remind_membership)
[2020-12-23 01:00:18] - 장바구니/위시리스트 상품 안내(remind_cart)
[2020-12-23 01:00:18] - 소멸 마일리지 안내(remind_emoney)
[2020-12-23 01:00:18] - 만료 할인쿠폰 알림(remind_coupon)
[2020-12-24 01:00:21] - 만료 할인쿠폰 알림(remind_coupon) - Err(Today is not monday)
[2020-12-24 01:00:21] - 소멸 마일리지 안내(remind_emoney) - Err(Today is not monday)
[2020-12-24 01:00:21] - 기념일 축하 안내(remind_anniversary)
[2020-12-24 01:00:21] - 생일 축하 안내(remind_birthday)
[2020-12-24 01:00:21] - 상품 리뷰 작성 안내(remind_review)
[2020-12-24 01:00:21] - 타임세일 종료 상품 안내(remind_timesale)
[2020-12-24 01:00:21] - 회원등급 혜택 안내(remind_membership)
[2020-12-24 01:00:21] - 장바구니/위시리스트 상품 안내(remind_cart)
[2020-12-24 01:00:21] - 소멸 마일리지 안내(remind_emoney)
[2020-12-24 01:00:21] - 만료 할인쿠폰 알림(remind_coupon)
[2020-12-25 01:01:16] - 만료 할인쿠폰 알림(remind_coupon) - Err(Today is not monday)
[2020-12-25 01:01:16] - 소멸 마일리지 안내(remind_emoney) - Err(Today is not monday)
[2020-12-25 01:01:16] - 기념일 축하 안내(remind_anniversary)
[2020-12-25 01:01:16] - 생일 축하 안내(remind_birthday)
[2020-12-25 01:01:16] - 상품 리뷰 작성 안내(remind_review)
[2020-12-25 01:01:16] - 타임세일 종료 상품 안내(remind_timesale)
[2020-12-25 01:01:16] - 회원등급 혜택 안내(remind_membership)
[2020-12-25 01:01:16] - 장바구니/위시리스트 상품 안내(remind_cart)
[2020-12-25 01:01:16] - 소멸 마일리지 안내(remind_emoney)
[2020-12-25 01:01:16] - 만료 할인쿠폰 알림(remind_coupon)
[2020-12-26 01:01:16] - 만료 할인쿠폰 알림(remind_coupon) - Err(Today is not monday)
[2020-12-26 01:01:16] - 소멸 마일리지 안내(remind_emoney) - Err(Today is not monday)
[2020-12-26 01:01:16] - 기념일 축하 안내(remind_anniversary)
[2020-12-26 01:01:16] - 생일 축하 안내(remind_birthday)
[2020-12-26 01:01:16] - 상품 리뷰 작성 안내(remind_review)
[2020-12-26 01:01:16] - 타임세일 종료 상품 안내(remind_timesale)
[2020-12-26 01:01:16] - 회원등급 혜택 안내(remind_membership)
[2020-12-26 01:01:16] - 장바구니/위시리스트 상품 안내(remind_cart)
[2020-12-26 01:01:16] - 소멸 마일리지 안내(remind_emoney)
[2020-12-26 01:01:16] - 만료 할인쿠폰 알림(remind_coupon)
[2020-12-27 01:01:18] - 만료 할인쿠폰 알림(remind_coupon) - Err(Today is not monday)
[2020-12-27 01:01:18] - 소멸 마일리지 안내(remind_emoney) - Err(Today is not monday)
[2020-12-27 01:01:18] - 기념일 축하 안내(remind_anniversary)
[2020-12-27 01:01:18] - 생일 축하 안내(remind_birthday)
[2020-12-27 01:01:18] - 상품 리뷰 작성 안내(remind_review)
[2020-12-27 01:01:18] - 타임세일 종료 상품 안내(remind_timesale)
[2020-12-27 01:01:18] - 회원등급 혜택 안내(remind_membership)
[2020-12-27 01:01:18] - 장바구니/위시리스트 상품 안내(remind_cart)
[2020-12-27 01:01:18] - 소멸 마일리지 안내(remind_emoney)
[2020-12-27 01:01:18] - 만료 할인쿠폰 알림(remind_coupon)
[2020-12-28 01:01:18] - 소멸 마일리지 안내(remind_emoney) - Err(Today is not monday)
[2020-12-28 01:01:18] - 기념일 축하 안내(remind_anniversary)
[2020-12-28 01:01:18] - 생일 축하 안내(remind_birthday)
[2020-12-28 01:01:18] - 상품 리뷰 작성 안내(remind_review)
[2020-12-28 01:01:18] - 타임세일 종료 상품 안내(remind_timesale)
[2020-12-28 01:01:18] - 회원등급 혜택 안내(remind_membership)
[2020-12-28 01:01:18] - 장바구니/위시리스트 상품 안내(remind_cart)
[2020-12-28 01:01:18] - 소멸 마일리지 안내(remind_emoney)
[2020-12-28 01:01:18] - 만료 할인쿠폰 알림(remind_coupon)
[2020-12-29 01:00:14] - 만료 할인쿠폰 알림(remind_coupon) - Err(Today is not monday)
[2020-12-29 01:00:14] - 소멸 마일리지 안내(remind_emoney) - Err(Today is not monday)
[2020-12-29 01:00:14] - 기념일 축하 안내(remind_anniversary)
[2020-12-29 01:00:14] - 생일 축하 안내(remind_birthday)
[2020-12-29 01:00:14] - 상품 리뷰 작성 안내(remind_review)
[2020-12-29 01:00:14] - 타임세일 종료 상품 안내(remind_timesale)
[2020-12-29 01:00:14] - 회원등급 혜택 안내(remind_membership)
[2020-12-29 01:00:14] - 장바구니/위시리스트 상품 안내(remind_cart)
[2020-12-29 01:00:14] - 소멸 마일리지 안내(remind_emoney)
[2020-12-29 01:00:14] - 만료 할인쿠폰 알림(remind_coupon)
[2020-12-30 01:00:19] - 만료 할인쿠폰 알림(remind_coupon) - Err(Today is not monday)
[2020-12-30 01:00:19] - 소멸 마일리지 안내(remind_emoney) - Err(Today is not monday)
[2020-12-30 01:00:19] - 기념일 축하 안내(remind_anniversary)
[2020-12-30 01:00:19] - 생일 축하 안내(remind_birthday)
[2020-12-30 01:00:19] - 상품 리뷰 작성 안내(remind_review)
[2020-12-30 01:00:19] - 타임세일 종료 상품 안내(remind_timesale)
[2020-12-30 01:00:19] - 회원등급 혜택 안내(remind_membership)
[2020-12-30 01:00:19] - 장바구니/위시리스트 상품 안내(remind_cart)
[2020-12-30 01:00:19] - 소멸 마일리지 안내(remind_emoney)
[2020-12-30 01:00:19] - 만료 할인쿠폰 알림(remind_coupon)
[2020-12-31 01:00:18] - 만료 할인쿠폰 알림(remind_coupon) - Err(Today is not monday)
[2020-12-31 01:00:18] - 소멸 마일리지 안내(remind_emoney) - Err(Today is not monday)
[2020-12-31 01:00:18] - 기념일 축하 안내(remind_anniversary)
[2020-12-31 01:00:18] - 생일 축하 안내(remind_birthday)
[2020-12-31 01:00:18] - 상품 리뷰 작성 안내(remind_review)
[2020-12-31 01:00:18] - 타임세일 종료 상품 안내(remind_timesale)
[2020-12-31 01:00:18] - 회원등급 혜택 안내(remind_membership)
[2020-12-31 01:00:18] - 장바구니/위시리스트 상품 안내(remind_cart)
[2020-12-31 01:00:18] - 소멸 마일리지 안내(remind_emoney)
[2020-12-31 01:00:18] - 만료 할인쿠폰 알림(remind_coupon)
