[2022-02-01 01:00:28] - 카테고리 상품 정렬 맞춤(sort_category_goods) - Already Category Sort
[2022-02-01 01:00:28] - 브랜드 상품 정렬 맞춤(sort_brand_goods) - Already Brand Sort
[2022-02-01 01:00:28] - 지역 상품 정렬 맞춤(sort_location_goods) - Already Location Sort
[2022-02-01 01:00:28] - 지역 상품 정렬 맞춤(sort_location_goods)
[2022-02-01 01:00:28] - 브랜드 상품 정렬 맞춤(sort_brand_goods)
[2022-02-01 01:00:28] - 카테고리 상품 정렬 맞춤(sort_category_goods)
[2022-02-01 01:00:28] - 브랜드 연결 수 저장(all_brand_count)
[2022-02-01 01:00:28] - 카테고리 연결 수 저장(all_category_count)
[2022-02-01 01:00:28] - 빠른상품등록 임시 데이터 삭제(truncate_tmp_goods_data)
[2022-02-01 01:00:28] - 수불부 월별 집계(save_scm_ledger_month)
[2022-02-01 01:00:28] - 자동노출 종료상품 수동 전환(endOfAutoDisplay)
[2022-02-01 01:00:28] - 시간대별 이벤트가 추가(set_goods_event_price)
[2022-02-01 01:00:28] - 옵션 임시 데이터 삭제(delete_tmp_option_data)
[2022-02-01 01:00:28] - 티켓상품의 모든옵션의 유효기간이 만기시 판매중지(social_goods_validate)
[2022-02-02 01:00:26] - 카테고리 상품 정렬 맞춤(sort_category_goods) - Already Category Sort
[2022-02-02 01:00:26] - 브랜드 상품 정렬 맞춤(sort_brand_goods) - Already Brand Sort
[2022-02-02 01:00:26] - 지역 상품 정렬 맞춤(sort_location_goods) - Already Location Sort
[2022-02-02 01:00:26] - 지역 상품 정렬 맞춤(sort_location_goods)
[2022-02-02 01:00:26] - 브랜드 상품 정렬 맞춤(sort_brand_goods)
[2022-02-02 01:00:26] - 카테고리 상품 정렬 맞춤(sort_category_goods)
[2022-02-02 01:00:26] - 브랜드 연결 수 저장(all_brand_count)
[2022-02-02 01:00:26] - 카테고리 연결 수 저장(all_category_count)
[2022-02-02 01:00:26] - 빠른상품등록 임시 데이터 삭제(truncate_tmp_goods_data)
[2022-02-02 01:00:26] - 수불부 월별 집계(save_scm_ledger_month)
[2022-02-02 01:00:26] - 자동노출 종료상품 수동 전환(endOfAutoDisplay)
[2022-02-02 01:00:26] - 시간대별 이벤트가 추가(set_goods_event_price)
[2022-02-02 01:00:26] - 옵션 임시 데이터 삭제(delete_tmp_option_data)
[2022-02-02 01:00:26] - 티켓상품의 모든옵션의 유효기간이 만기시 판매중지(social_goods_validate)
[2022-02-03 01:00:32] - 카테고리 상품 정렬 맞춤(sort_category_goods) - Already Category Sort
[2022-02-03 01:00:32] - 브랜드 상품 정렬 맞춤(sort_brand_goods) - Already Brand Sort
[2022-02-03 01:00:32] - 지역 상품 정렬 맞춤(sort_location_goods) - Already Location Sort
[2022-02-03 01:00:32] - 지역 상품 정렬 맞춤(sort_location_goods)
[2022-02-03 01:00:32] - 브랜드 상품 정렬 맞춤(sort_brand_goods)
[2022-02-03 01:00:32] - 카테고리 상품 정렬 맞춤(sort_category_goods)
[2022-02-03 01:00:32] - 브랜드 연결 수 저장(all_brand_count)
[2022-02-03 01:00:32] - 카테고리 연결 수 저장(all_category_count)
[2022-02-03 01:00:32] - 빠른상품등록 임시 데이터 삭제(truncate_tmp_goods_data)
[2022-02-03 01:00:32] - 수불부 월별 집계(save_scm_ledger_month)
[2022-02-03 01:00:32] - 자동노출 종료상품 수동 전환(endOfAutoDisplay)
[2022-02-03 01:00:32] - 시간대별 이벤트가 추가(set_goods_event_price)
[2022-02-03 01:00:32] - 옵션 임시 데이터 삭제(delete_tmp_option_data)
[2022-02-03 01:00:32] - 티켓상품의 모든옵션의 유효기간이 만기시 판매중지(social_goods_validate)
