[2022-04-01 00:10:04] - 구글 피드 생성(createGoogleFile)
[2022-04-01 00:10:04] - 페이스북 피드 생성(createFacebookFile)
[2022-04-01 00:10:04] - 입점마켓팅 네이버 판매지수EP 생성(createNaverSalesEpFile)
[2022-04-01 00:10:04] - 입점마켓팅 리뷰EP 생성(createReviewFile)
[2022-04-01 00:10:04] - 입점마켓팅 네이버EP 3.0 생성(createNaverThirdFile)
[2022-04-01 00:10:04] - 입점마켓팅 네이버EP 2.0 생성(createNaverFile)
[2022-04-01 00:10:04] - 입점마켓팅 다음EP 생성(createDaumFile)
[2022-04-02 00:10:03] - 구글 피드 생성(createGoogleFile)
[2022-04-02 00:10:03] - 페이스북 피드 생성(createFacebookFile)
[2022-04-02 00:10:03] - 입점마켓팅 네이버 판매지수EP 생성(createNaverSalesEpFile)
[2022-04-02 00:10:03] - 입점마켓팅 리뷰EP 생성(createReviewFile)
[2022-04-02 00:10:03] - 입점마켓팅 네이버EP 3.0 생성(createNaverThirdFile)
[2022-04-02 00:10:03] - 입점마켓팅 네이버EP 2.0 생성(createNaverFile)
[2022-04-02 00:10:03] - 입점마켓팅 다음EP 생성(createDaumFile)
[2022-04-03 00:10:03] - 구글 피드 생성(createGoogleFile)
[2022-04-03 00:10:03] - 페이스북 피드 생성(createFacebookFile)
[2022-04-03 00:10:03] - 입점마켓팅 네이버 판매지수EP 생성(createNaverSalesEpFile)
[2022-04-03 00:10:03] - 입점마켓팅 리뷰EP 생성(createReviewFile)
[2022-04-03 00:10:03] - 입점마켓팅 네이버EP 3.0 생성(createNaverThirdFile)
[2022-04-03 00:10:03] - 입점마켓팅 네이버EP 2.0 생성(createNaverFile)
[2022-04-03 00:10:03] - 입점마켓팅 다음EP 생성(createDaumFile)
[2022-04-04 00:10:03] - 구글 피드 생성(createGoogleFile)
[2022-04-04 00:10:03] - 페이스북 피드 생성(createFacebookFile)
[2022-04-04 00:10:03] - 입점마켓팅 네이버 판매지수EP 생성(createNaverSalesEpFile)
[2022-04-04 00:10:03] - 입점마켓팅 리뷰EP 생성(createReviewFile)
[2022-04-04 00:10:03] - 입점마켓팅 네이버EP 3.0 생성(createNaverThirdFile)
[2022-04-04 00:10:03] - 입점마켓팅 네이버EP 2.0 생성(createNaverFile)
[2022-04-04 00:10:03] - 입점마켓팅 다음EP 생성(createDaumFile)
[2022-04-05 00:10:03] - 구글 피드 생성(createGoogleFile)
[2022-04-05 00:10:03] - 페이스북 피드 생성(createFacebookFile)
[2022-04-05 00:10:03] - 입점마켓팅 네이버 판매지수EP 생성(createNaverSalesEpFile)
[2022-04-05 00:10:03] - 입점마켓팅 리뷰EP 생성(createReviewFile)
[2022-04-05 00:10:03] - 입점마켓팅 네이버EP 3.0 생성(createNaverThirdFile)
[2022-04-05 00:10:03] - 입점마켓팅 네이버EP 2.0 생성(createNaverFile)
[2022-04-05 00:10:03] - 입점마켓팅 다음EP 생성(createDaumFile)
[2022-04-06 00:10:03] - 구글 피드 생성(createGoogleFile)
[2022-04-06 00:10:03] - 페이스북 피드 생성(createFacebookFile)
[2022-04-06 00:10:03] - 입점마켓팅 네이버 판매지수EP 생성(createNaverSalesEpFile)
[2022-04-06 00:10:03] - 입점마켓팅 리뷰EP 생성(createReviewFile)
[2022-04-06 00:10:03] - 입점마켓팅 네이버EP 3.0 생성(createNaverThirdFile)
[2022-04-06 00:10:03] - 입점마켓팅 네이버EP 2.0 생성(createNaverFile)
[2022-04-06 00:10:03] - 입점마켓팅 다음EP 생성(createDaumFile)
[2022-04-07 00:10:04] - 구글 피드 생성(createGoogleFile)
[2022-04-07 00:10:04] - 페이스북 피드 생성(createFacebookFile)
[2022-04-07 00:10:04] - 입점마켓팅 네이버 판매지수EP 생성(createNaverSalesEpFile)
[2022-04-07 00:10:04] - 입점마켓팅 리뷰EP 생성(createReviewFile)
[2022-04-07 00:10:04] - 입점마켓팅 네이버EP 3.0 생성(createNaverThirdFile)
[2022-04-07 00:10:04] - 입점마켓팅 네이버EP 2.0 생성(createNaverFile)
[2022-04-07 00:10:04] - 입점마켓팅 다음EP 생성(createDaumFile)
[2022-04-08 00:10:03] - 구글 피드 생성(createGoogleFile)
[2022-04-08 00:10:03] - 페이스북 피드 생성(createFacebookFile)
[2022-04-08 00:10:03] - 입점마켓팅 네이버 판매지수EP 생성(createNaverSalesEpFile)
[2022-04-08 00:10:03] - 입점마켓팅 리뷰EP 생성(createReviewFile)
[2022-04-08 00:10:03] - 입점마켓팅 네이버EP 3.0 생성(createNaverThirdFile)
[2022-04-08 00:10:03] - 입점마켓팅 네이버EP 2.0 생성(createNaverFile)
[2022-04-08 00:10:03] - 입점마켓팅 다음EP 생성(createDaumFile)
[2022-04-09 00:10:04] - 구글 피드 생성(createGoogleFile)
[2022-04-09 00:10:04] - 페이스북 피드 생성(createFacebookFile)
[2022-04-09 00:10:04] - 입점마켓팅 네이버 판매지수EP 생성(createNaverSalesEpFile)
[2022-04-09 00:10:04] - 입점마켓팅 리뷰EP 생성(createReviewFile)
[2022-04-09 00:10:04] - 입점마켓팅 네이버EP 3.0 생성(createNaverThirdFile)
[2022-04-09 00:10:04] - 입점마켓팅 네이버EP 2.0 생성(createNaverFile)
[2022-04-09 00:10:04] - 입점마켓팅 다음EP 생성(createDaumFile)
[2022-04-10 00:10:03] - 구글 피드 생성(createGoogleFile)
[2022-04-10 00:10:03] - 페이스북 피드 생성(createFacebookFile)
[2022-04-10 00:10:03] - 입점마켓팅 네이버 판매지수EP 생성(createNaverSalesEpFile)
[2022-04-10 00:10:03] - 입점마켓팅 리뷰EP 생성(createReviewFile)
[2022-04-10 00:10:03] - 입점마켓팅 네이버EP 3.0 생성(createNaverThirdFile)
[2022-04-10 00:10:03] - 입점마켓팅 네이버EP 2.0 생성(createNaverFile)
[2022-04-10 00:10:03] - 입점마켓팅 다음EP 생성(createDaumFile)
[2022-04-11 00:10:03] - 구글 피드 생성(createGoogleFile)
[2022-04-11 00:10:03] - 페이스북 피드 생성(createFacebookFile)
[2022-04-11 00:10:03] - 입점마켓팅 네이버 판매지수EP 생성(createNaverSalesEpFile)
[2022-04-11 00:10:03] - 입점마켓팅 리뷰EP 생성(createReviewFile)
[2022-04-11 00:10:03] - 입점마켓팅 네이버EP 3.0 생성(createNaverThirdFile)
[2022-04-11 00:10:03] - 입점마켓팅 네이버EP 2.0 생성(createNaverFile)
[2022-04-11 00:10:03] - 입점마켓팅 다음EP 생성(createDaumFile)
[2022-04-12 00:10:03] - 구글 피드 생성(createGoogleFile)
[2022-04-12 00:10:03] - 페이스북 피드 생성(createFacebookFile)
[2022-04-12 00:10:03] - 입점마켓팅 네이버 판매지수EP 생성(createNaverSalesEpFile)
[2022-04-12 00:10:03] - 입점마켓팅 리뷰EP 생성(createReviewFile)
[2022-04-12 00:10:03] - 입점마켓팅 네이버EP 3.0 생성(createNaverThirdFile)
[2022-04-12 00:10:03] - 입점마켓팅 네이버EP 2.0 생성(createNaverFile)
[2022-04-12 00:10:03] - 입점마켓팅 다음EP 생성(createDaumFile)
[2022-04-13 00:10:04] - 구글 피드 생성(createGoogleFile)
[2022-04-13 00:10:04] - 페이스북 피드 생성(createFacebookFile)
[2022-04-13 00:10:04] - 입점마켓팅 네이버 판매지수EP 생성(createNaverSalesEpFile)
[2022-04-13 00:10:04] - 입점마켓팅 리뷰EP 생성(createReviewFile)
[2022-04-13 00:10:04] - 입점마켓팅 네이버EP 3.0 생성(createNaverThirdFile)
[2022-04-13 00:10:04] - 입점마켓팅 네이버EP 2.0 생성(createNaverFile)
[2022-04-13 00:10:04] - 입점마켓팅 다음EP 생성(createDaumFile)
[2022-04-14 00:10:04] - 구글 피드 생성(createGoogleFile)
[2022-04-14 00:10:04] - 페이스북 피드 생성(createFacebookFile)
[2022-04-14 00:10:04] - 입점마켓팅 네이버 판매지수EP 생성(createNaverSalesEpFile)
[2022-04-14 00:10:04] - 입점마켓팅 리뷰EP 생성(createReviewFile)
[2022-04-14 00:10:04] - 입점마켓팅 네이버EP 3.0 생성(createNaverThirdFile)
[2022-04-14 00:10:04] - 입점마켓팅 네이버EP 2.0 생성(createNaverFile)
[2022-04-14 00:10:04] - 입점마켓팅 다음EP 생성(createDaumFile)
[2022-04-15 00:10:04] - 구글 피드 생성(createGoogleFile)
[2022-04-15 00:10:04] - 페이스북 피드 생성(createFacebookFile)
[2022-04-15 00:10:04] - 입점마켓팅 네이버 판매지수EP 생성(createNaverSalesEpFile)
[2022-04-15 00:10:04] - 입점마켓팅 리뷰EP 생성(createReviewFile)
[2022-04-15 00:10:04] - 입점마켓팅 네이버EP 3.0 생성(createNaverThirdFile)
[2022-04-15 00:10:04] - 입점마켓팅 네이버EP 2.0 생성(createNaverFile)
[2022-04-15 00:10:04] - 입점마켓팅 다음EP 생성(createDaumFile)
[2022-04-16 00:10:05] - 구글 피드 생성(createGoogleFile)
[2022-04-16 00:10:05] - 페이스북 피드 생성(createFacebookFile)
[2022-04-16 00:10:05] - 입점마켓팅 네이버 판매지수EP 생성(createNaverSalesEpFile)
[2022-04-16 00:10:05] - 입점마켓팅 리뷰EP 생성(createReviewFile)
[2022-04-16 00:10:05] - 입점마켓팅 네이버EP 3.0 생성(createNaverThirdFile)
[2022-04-16 00:10:05] - 입점마켓팅 네이버EP 2.0 생성(createNaverFile)
[2022-04-16 00:10:05] - 입점마켓팅 다음EP 생성(createDaumFile)
[2022-04-17 00:10:05] - 구글 피드 생성(createGoogleFile)
[2022-04-17 00:10:05] - 페이스북 피드 생성(createFacebookFile)
[2022-04-17 00:10:05] - 입점마켓팅 네이버 판매지수EP 생성(createNaverSalesEpFile)
[2022-04-17 00:10:05] - 입점마켓팅 리뷰EP 생성(createReviewFile)
[2022-04-17 00:10:05] - 입점마켓팅 네이버EP 3.0 생성(createNaverThirdFile)
[2022-04-17 00:10:05] - 입점마켓팅 네이버EP 2.0 생성(createNaverFile)
[2022-04-17 00:10:05] - 입점마켓팅 다음EP 생성(createDaumFile)
[2022-04-18 00:10:05] - 구글 피드 생성(createGoogleFile)
[2022-04-18 00:10:05] - 페이스북 피드 생성(createFacebookFile)
[2022-04-18 00:10:05] - 입점마켓팅 네이버 판매지수EP 생성(createNaverSalesEpFile)
[2022-04-18 00:10:05] - 입점마켓팅 리뷰EP 생성(createReviewFile)
[2022-04-18 00:10:05] - 입점마켓팅 네이버EP 3.0 생성(createNaverThirdFile)
[2022-04-18 00:10:05] - 입점마켓팅 네이버EP 2.0 생성(createNaverFile)
[2022-04-18 00:10:05] - 입점마켓팅 다음EP 생성(createDaumFile)
[2022-04-19 00:10:05] - 구글 피드 생성(createGoogleFile)
[2022-04-19 00:10:05] - 페이스북 피드 생성(createFacebookFile)
[2022-04-19 00:10:05] - 입점마켓팅 네이버 판매지수EP 생성(createNaverSalesEpFile)
[2022-04-19 00:10:05] - 입점마켓팅 리뷰EP 생성(createReviewFile)
[2022-04-19 00:10:05] - 입점마켓팅 네이버EP 3.0 생성(createNaverThirdFile)
[2022-04-19 00:10:05] - 입점마켓팅 네이버EP 2.0 생성(createNaverFile)
[2022-04-19 00:10:05] - 입점마켓팅 다음EP 생성(createDaumFile)
[2022-04-20 00:10:05] - 구글 피드 생성(createGoogleFile)
[2022-04-20 00:10:05] - 페이스북 피드 생성(createFacebookFile)
[2022-04-20 00:10:05] - 입점마켓팅 네이버 판매지수EP 생성(createNaverSalesEpFile)
[2022-04-20 00:10:05] - 입점마켓팅 리뷰EP 생성(createReviewFile)
[2022-04-20 00:10:05] - 입점마켓팅 네이버EP 3.0 생성(createNaverThirdFile)
[2022-04-20 00:10:05] - 입점마켓팅 네이버EP 2.0 생성(createNaverFile)
[2022-04-20 00:10:05] - 입점마켓팅 다음EP 생성(createDaumFile)
[2022-04-21 00:10:05] - 구글 피드 생성(createGoogleFile)
[2022-04-21 00:10:05] - 페이스북 피드 생성(createFacebookFile)
[2022-04-21 00:10:05] - 입점마켓팅 네이버 판매지수EP 생성(createNaverSalesEpFile)
[2022-04-21 00:10:05] - 입점마켓팅 리뷰EP 생성(createReviewFile)
[2022-04-21 00:10:05] - 입점마켓팅 네이버EP 3.0 생성(createNaverThirdFile)
[2022-04-21 00:10:05] - 입점마켓팅 네이버EP 2.0 생성(createNaverFile)
[2022-04-21 00:10:05] - 입점마켓팅 다음EP 생성(createDaumFile)
[2022-04-22 00:10:05] - 구글 피드 생성(createGoogleFile)
[2022-04-22 00:10:05] - 페이스북 피드 생성(createFacebookFile)
[2022-04-22 00:10:05] - 입점마켓팅 네이버 판매지수EP 생성(createNaverSalesEpFile)
[2022-04-22 00:10:05] - 입점마켓팅 리뷰EP 생성(createReviewFile)
[2022-04-22 00:10:05] - 입점마켓팅 네이버EP 3.0 생성(createNaverThirdFile)
[2022-04-22 00:10:05] - 입점마켓팅 네이버EP 2.0 생성(createNaverFile)
[2022-04-22 00:10:05] - 입점마켓팅 다음EP 생성(createDaumFile)
[2022-04-23 00:10:06] - 구글 피드 생성(createGoogleFile)
[2022-04-23 00:10:06] - 페이스북 피드 생성(createFacebookFile)
[2022-04-23 00:10:06] - 입점마켓팅 네이버 판매지수EP 생성(createNaverSalesEpFile)
[2022-04-23 00:10:06] - 입점마켓팅 리뷰EP 생성(createReviewFile)
[2022-04-23 00:10:06] - 입점마켓팅 네이버EP 3.0 생성(createNaverThirdFile)
[2022-04-23 00:10:06] - 입점마켓팅 네이버EP 2.0 생성(createNaverFile)
[2022-04-23 00:10:06] - 입점마켓팅 다음EP 생성(createDaumFile)
[2022-04-24 00:10:06] - 구글 피드 생성(createGoogleFile)
[2022-04-24 00:10:06] - 페이스북 피드 생성(createFacebookFile)
[2022-04-24 00:10:06] - 입점마켓팅 네이버 판매지수EP 생성(createNaverSalesEpFile)
[2022-04-24 00:10:06] - 입점마켓팅 리뷰EP 생성(createReviewFile)
[2022-04-24 00:10:06] - 입점마켓팅 네이버EP 3.0 생성(createNaverThirdFile)
[2022-04-24 00:10:06] - 입점마켓팅 네이버EP 2.0 생성(createNaverFile)
[2022-04-24 00:10:06] - 입점마켓팅 다음EP 생성(createDaumFile)
[2022-04-25 00:10:06] - 구글 피드 생성(createGoogleFile)
[2022-04-25 00:10:06] - 페이스북 피드 생성(createFacebookFile)
[2022-04-25 00:10:06] - 입점마켓팅 네이버 판매지수EP 생성(createNaverSalesEpFile)
[2022-04-25 00:10:06] - 입점마켓팅 리뷰EP 생성(createReviewFile)
[2022-04-25 00:10:06] - 입점마켓팅 네이버EP 3.0 생성(createNaverThirdFile)
[2022-04-25 00:10:06] - 입점마켓팅 네이버EP 2.0 생성(createNaverFile)
[2022-04-25 00:10:06] - 입점마켓팅 다음EP 생성(createDaumFile)
[2022-04-26 00:10:06] - 구글 피드 생성(createGoogleFile)
[2022-04-26 00:10:06] - 페이스북 피드 생성(createFacebookFile)
[2022-04-26 00:10:06] - 입점마켓팅 네이버 판매지수EP 생성(createNaverSalesEpFile)
[2022-04-26 00:10:06] - 입점마켓팅 리뷰EP 생성(createReviewFile)
[2022-04-26 00:10:06] - 입점마켓팅 네이버EP 3.0 생성(createNaverThirdFile)
[2022-04-26 00:10:06] - 입점마켓팅 네이버EP 2.0 생성(createNaverFile)
[2022-04-26 00:10:06] - 입점마켓팅 다음EP 생성(createDaumFile)
[2022-04-27 00:10:06] - 구글 피드 생성(createGoogleFile)
[2022-04-27 00:10:06] - 페이스북 피드 생성(createFacebookFile)
[2022-04-27 00:10:06] - 입점마켓팅 네이버 판매지수EP 생성(createNaverSalesEpFile)
[2022-04-27 00:10:06] - 입점마켓팅 리뷰EP 생성(createReviewFile)
[2022-04-27 00:10:06] - 입점마켓팅 네이버EP 3.0 생성(createNaverThirdFile)
[2022-04-27 00:10:06] - 입점마켓팅 네이버EP 2.0 생성(createNaverFile)
[2022-04-27 00:10:06] - 입점마켓팅 다음EP 생성(createDaumFile)
[2022-04-28 00:10:06] - 구글 피드 생성(createGoogleFile)
[2022-04-28 00:10:06] - 페이스북 피드 생성(createFacebookFile)
[2022-04-28 00:10:06] - 입점마켓팅 네이버 판매지수EP 생성(createNaverSalesEpFile)
[2022-04-28 00:10:06] - 입점마켓팅 리뷰EP 생성(createReviewFile)
[2022-04-28 00:10:06] - 입점마켓팅 네이버EP 3.0 생성(createNaverThirdFile)
[2022-04-28 00:10:06] - 입점마켓팅 네이버EP 2.0 생성(createNaverFile)
[2022-04-28 00:10:06] - 입점마켓팅 다음EP 생성(createDaumFile)
[2022-04-29 00:10:07] - 구글 피드 생성(createGoogleFile)
[2022-04-29 00:10:07] - 페이스북 피드 생성(createFacebookFile)
[2022-04-29 00:10:07] - 입점마켓팅 네이버 판매지수EP 생성(createNaverSalesEpFile)
[2022-04-29 00:10:07] - 입점마켓팅 리뷰EP 생성(createReviewFile)
[2022-04-29 00:10:07] - 입점마켓팅 네이버EP 3.0 생성(createNaverThirdFile)
[2022-04-29 00:10:07] - 입점마켓팅 네이버EP 2.0 생성(createNaverFile)
[2022-04-29 00:10:07] - 입점마켓팅 다음EP 생성(createDaumFile)
[2022-04-30 00:10:06] - 구글 피드 생성(createGoogleFile)
[2022-04-30 00:10:06] - 페이스북 피드 생성(createFacebookFile)
[2022-04-30 00:10:06] - 입점마켓팅 네이버 판매지수EP 생성(createNaverSalesEpFile)
[2022-04-30 00:10:06] - 입점마켓팅 리뷰EP 생성(createReviewFile)
[2022-04-30 00:10:06] - 입점마켓팅 네이버EP 3.0 생성(createNaverThirdFile)
[2022-04-30 00:10:06] - 입점마켓팅 네이버EP 2.0 생성(createNaverFile)
[2022-04-30 00:10:06] - 입점마켓팅 다음EP 생성(createDaumFile)
