[2021-05-01 01:00:27] - 만료 할인쿠폰 알림(remind_coupon) - Err(Today is not monday)
[2021-05-01 01:00:28] - 기념일 축하 안내(remind_anniversary)
[2021-05-01 01:00:28] - 생일 축하 안내(remind_birthday)
[2021-05-01 01:00:28] - 상품 리뷰 작성 안내(remind_review)
[2021-05-01 01:00:28] - 타임세일 종료 상품 안내(remind_timesale)
[2021-05-01 01:00:28] - 회원등급 혜택 안내(remind_membership)
[2021-05-01 01:00:28] - 장바구니/위시리스트 상품 안내(remind_cart)
[2021-05-01 01:00:28] - 소멸 마일리지 안내(remind_emoney)
[2021-05-01 01:00:28] - 만료 할인쿠폰 알림(remind_coupon)
[2021-05-02 01:00:28] - 만료 할인쿠폰 알림(remind_coupon) - Err(Today is not monday)
[2021-05-02 01:00:28] - 소멸 마일리지 안내(remind_emoney) - Err(Today is not monday)
[2021-05-02 01:00:28] - 기념일 축하 안내(remind_anniversary)
[2021-05-02 01:00:28] - 생일 축하 안내(remind_birthday)
[2021-05-02 01:00:28] - 상품 리뷰 작성 안내(remind_review)
[2021-05-02 01:00:28] - 타임세일 종료 상품 안내(remind_timesale)
[2021-05-02 01:00:28] - 회원등급 혜택 안내(remind_membership)
[2021-05-02 01:00:28] - 장바구니/위시리스트 상품 안내(remind_cart)
[2021-05-02 01:00:28] - 소멸 마일리지 안내(remind_emoney)
[2021-05-02 01:00:28] - 만료 할인쿠폰 알림(remind_coupon)
[2021-05-03 01:00:23] - 소멸 마일리지 안내(remind_emoney) - Err(Today is not monday)
[2021-05-03 01:00:23] - 기념일 축하 안내(remind_anniversary)
[2021-05-03 01:00:23] - 생일 축하 안내(remind_birthday)
[2021-05-03 01:00:23] - 상품 리뷰 작성 안내(remind_review)
[2021-05-03 01:00:23] - 타임세일 종료 상품 안내(remind_timesale)
[2021-05-03 01:00:23] - 회원등급 혜택 안내(remind_membership)
[2021-05-03 01:00:23] - 장바구니/위시리스트 상품 안내(remind_cart)
[2021-05-03 01:00:23] - 소멸 마일리지 안내(remind_emoney)
[2021-05-03 01:00:23] - 만료 할인쿠폰 알림(remind_coupon)
[2021-05-04 01:00:26] - 만료 할인쿠폰 알림(remind_coupon) - Err(Today is not monday)
[2021-05-04 01:00:26] - 소멸 마일리지 안내(remind_emoney) - Err(Today is not monday)
[2021-05-04 01:00:27] - 기념일 축하 안내(remind_anniversary)
[2021-05-04 01:00:27] - 생일 축하 안내(remind_birthday)
[2021-05-04 01:00:27] - 상품 리뷰 작성 안내(remind_review)
[2021-05-04 01:00:27] - 타임세일 종료 상품 안내(remind_timesale)
[2021-05-04 01:00:27] - 회원등급 혜택 안내(remind_membership)
[2021-05-04 01:00:27] - 장바구니/위시리스트 상품 안내(remind_cart)
[2021-05-04 01:00:27] - 소멸 마일리지 안내(remind_emoney)
[2021-05-04 01:00:27] - 만료 할인쿠폰 알림(remind_coupon)
[2021-05-05 01:00:25] - 만료 할인쿠폰 알림(remind_coupon) - Err(Today is not monday)
[2021-05-05 01:00:25] - 소멸 마일리지 안내(remind_emoney) - Err(Today is not monday)
[2021-05-05 01:00:25] - 기념일 축하 안내(remind_anniversary)
[2021-05-05 01:00:25] - 생일 축하 안내(remind_birthday)
[2021-05-05 01:00:25] - 상품 리뷰 작성 안내(remind_review)
[2021-05-05 01:00:25] - 타임세일 종료 상품 안내(remind_timesale)
[2021-05-05 01:00:25] - 회원등급 혜택 안내(remind_membership)
[2021-05-05 01:00:25] - 장바구니/위시리스트 상품 안내(remind_cart)
[2021-05-05 01:00:25] - 소멸 마일리지 안내(remind_emoney)
[2021-05-05 01:00:25] - 만료 할인쿠폰 알림(remind_coupon)
[2021-05-06 01:00:29] - 만료 할인쿠폰 알림(remind_coupon) - Err(Today is not monday)
[2021-05-06 01:00:29] - 소멸 마일리지 안내(remind_emoney) - Err(Today is not monday)
[2021-05-06 01:00:29] - 기념일 축하 안내(remind_anniversary)
[2021-05-06 01:00:29] - 생일 축하 안내(remind_birthday)
[2021-05-06 01:00:29] - 상품 리뷰 작성 안내(remind_review)
[2021-05-06 01:00:29] - 타임세일 종료 상품 안내(remind_timesale)
[2021-05-06 01:00:29] - 회원등급 혜택 안내(remind_membership)
[2021-05-06 01:00:29] - 장바구니/위시리스트 상품 안내(remind_cart)
[2021-05-06 01:00:29] - 소멸 마일리지 안내(remind_emoney)
[2021-05-06 01:00:29] - 만료 할인쿠폰 알림(remind_coupon)
[2021-05-07 01:00:25] - 만료 할인쿠폰 알림(remind_coupon) - Err(Today is not monday)
[2021-05-07 01:00:25] - 소멸 마일리지 안내(remind_emoney) - Err(Today is not monday)
[2021-05-07 01:00:25] - 기념일 축하 안내(remind_anniversary)
[2021-05-07 01:00:25] - 생일 축하 안내(remind_birthday)
[2021-05-07 01:00:25] - 상품 리뷰 작성 안내(remind_review)
[2021-05-07 01:00:25] - 타임세일 종료 상품 안내(remind_timesale)
[2021-05-07 01:00:25] - 회원등급 혜택 안내(remind_membership)
[2021-05-07 01:00:25] - 장바구니/위시리스트 상품 안내(remind_cart)
[2021-05-07 01:00:25] - 소멸 마일리지 안내(remind_emoney)
[2021-05-07 01:00:25] - 만료 할인쿠폰 알림(remind_coupon)
[2021-05-08 01:00:25] - 만료 할인쿠폰 알림(remind_coupon) - Err(Today is not monday)
[2021-05-08 01:00:25] - 소멸 마일리지 안내(remind_emoney) - Err(Today is not monday)
[2021-05-08 01:00:25] - 기념일 축하 안내(remind_anniversary)
[2021-05-08 01:00:25] - 생일 축하 안내(remind_birthday)
[2021-05-08 01:00:25] - 상품 리뷰 작성 안내(remind_review)
[2021-05-08 01:00:25] - 타임세일 종료 상품 안내(remind_timesale)
[2021-05-08 01:00:25] - 회원등급 혜택 안내(remind_membership)
[2021-05-08 01:00:25] - 장바구니/위시리스트 상품 안내(remind_cart)
[2021-05-08 01:00:25] - 소멸 마일리지 안내(remind_emoney)
[2021-05-08 01:00:25] - 만료 할인쿠폰 알림(remind_coupon)
[2021-05-09 01:00:29] - 만료 할인쿠폰 알림(remind_coupon) - Err(Today is not monday)
[2021-05-09 01:00:29] - 소멸 마일리지 안내(remind_emoney) - Err(Today is not monday)
[2021-05-09 01:00:30] - 기념일 축하 안내(remind_anniversary)
[2021-05-09 01:00:30] - 생일 축하 안내(remind_birthday)
[2021-05-09 01:00:30] - 상품 리뷰 작성 안내(remind_review)
[2021-05-09 01:00:30] - 타임세일 종료 상품 안내(remind_timesale)
[2021-05-09 01:00:30] - 회원등급 혜택 안내(remind_membership)
[2021-05-09 01:00:30] - 장바구니/위시리스트 상품 안내(remind_cart)
[2021-05-09 01:00:30] - 소멸 마일리지 안내(remind_emoney)
[2021-05-09 01:00:30] - 만료 할인쿠폰 알림(remind_coupon)
[2021-05-10 01:00:29] - 소멸 마일리지 안내(remind_emoney) - Err(Today is not monday)
[2021-05-10 01:00:29] - 기념일 축하 안내(remind_anniversary)
[2021-05-10 01:00:29] - 생일 축하 안내(remind_birthday)
[2021-05-10 01:00:29] - 상품 리뷰 작성 안내(remind_review)
[2021-05-10 01:00:29] - 타임세일 종료 상품 안내(remind_timesale)
[2021-05-10 01:00:29] - 회원등급 혜택 안내(remind_membership)
[2021-05-10 01:00:29] - 장바구니/위시리스트 상품 안내(remind_cart)
[2021-05-10 01:00:29] - 소멸 마일리지 안내(remind_emoney)
[2021-05-10 01:00:29] - 만료 할인쿠폰 알림(remind_coupon)
[2021-05-11 01:00:28] - 만료 할인쿠폰 알림(remind_coupon) - Err(Today is not monday)
[2021-05-11 01:00:28] - 소멸 마일리지 안내(remind_emoney) - Err(Today is not monday)
[2021-05-11 01:00:28] - 기념일 축하 안내(remind_anniversary)
[2021-05-11 01:00:28] - 생일 축하 안내(remind_birthday)
[2021-05-11 01:00:28] - 상품 리뷰 작성 안내(remind_review)
[2021-05-11 01:00:28] - 타임세일 종료 상품 안내(remind_timesale)
[2021-05-11 01:00:28] - 회원등급 혜택 안내(remind_membership)
[2021-05-11 01:00:28] - 장바구니/위시리스트 상품 안내(remind_cart)
[2021-05-11 01:00:28] - 소멸 마일리지 안내(remind_emoney)
[2021-05-11 01:00:28] - 만료 할인쿠폰 알림(remind_coupon)
[2021-05-12 01:00:30] - 만료 할인쿠폰 알림(remind_coupon) - Err(Today is not monday)
[2021-05-12 01:00:30] - 소멸 마일리지 안내(remind_emoney) - Err(Today is not monday)
[2021-05-12 01:00:30] - 기념일 축하 안내(remind_anniversary)
[2021-05-12 01:00:30] - 생일 축하 안내(remind_birthday)
[2021-05-12 01:00:30] - 상품 리뷰 작성 안내(remind_review)
[2021-05-12 01:00:30] - 타임세일 종료 상품 안내(remind_timesale)
[2021-05-12 01:00:30] - 회원등급 혜택 안내(remind_membership)
[2021-05-12 01:00:30] - 장바구니/위시리스트 상품 안내(remind_cart)
[2021-05-12 01:00:30] - 소멸 마일리지 안내(remind_emoney)
[2021-05-12 01:00:30] - 만료 할인쿠폰 알림(remind_coupon)
[2021-05-13 01:00:28] - 만료 할인쿠폰 알림(remind_coupon) - Err(Today is not monday)
[2021-05-13 01:00:28] - 소멸 마일리지 안내(remind_emoney) - Err(Today is not monday)
[2021-05-13 01:00:29] - 기념일 축하 안내(remind_anniversary)
[2021-05-13 01:00:29] - 생일 축하 안내(remind_birthday)
[2021-05-13 01:00:29] - 상품 리뷰 작성 안내(remind_review)
[2021-05-13 01:00:29] - 타임세일 종료 상품 안내(remind_timesale)
[2021-05-13 01:00:29] - 회원등급 혜택 안내(remind_membership)
[2021-05-13 01:00:29] - 장바구니/위시리스트 상품 안내(remind_cart)
[2021-05-13 01:00:29] - 소멸 마일리지 안내(remind_emoney)
[2021-05-13 01:00:29] - 만료 할인쿠폰 알림(remind_coupon)
[2021-05-14 01:00:24] - 만료 할인쿠폰 알림(remind_coupon) - Err(Today is not monday)
[2021-05-14 01:00:24] - 소멸 마일리지 안내(remind_emoney) - Err(Today is not monday)
[2021-05-14 01:00:25] - 기념일 축하 안내(remind_anniversary)
[2021-05-14 01:00:25] - 생일 축하 안내(remind_birthday)
[2021-05-14 01:00:25] - 상품 리뷰 작성 안내(remind_review)
[2021-05-14 01:00:25] - 타임세일 종료 상품 안내(remind_timesale)
[2021-05-14 01:00:25] - 회원등급 혜택 안내(remind_membership)
[2021-05-14 01:00:25] - 장바구니/위시리스트 상품 안내(remind_cart)
[2021-05-14 01:00:25] - 소멸 마일리지 안내(remind_emoney)
[2021-05-14 01:00:25] - 만료 할인쿠폰 알림(remind_coupon)
[2021-05-15 01:00:25] - 만료 할인쿠폰 알림(remind_coupon) - Err(Today is not monday)
[2021-05-15 01:00:25] - 소멸 마일리지 안내(remind_emoney) - Err(Today is not monday)
[2021-05-15 01:00:25] - 기념일 축하 안내(remind_anniversary)
[2021-05-15 01:00:25] - 생일 축하 안내(remind_birthday)
[2021-05-15 01:00:25] - 상품 리뷰 작성 안내(remind_review)
[2021-05-15 01:00:25] - 타임세일 종료 상품 안내(remind_timesale)
[2021-05-15 01:00:25] - 회원등급 혜택 안내(remind_membership)
[2021-05-15 01:00:25] - 장바구니/위시리스트 상품 안내(remind_cart)
[2021-05-15 01:00:25] - 소멸 마일리지 안내(remind_emoney)
[2021-05-15 01:00:25] - 만료 할인쿠폰 알림(remind_coupon)
[2021-05-16 01:00:24] - 만료 할인쿠폰 알림(remind_coupon) - Err(Today is not monday)
[2021-05-16 01:00:24] - 소멸 마일리지 안내(remind_emoney) - Err(Today is not monday)
[2021-05-16 01:00:24] - 기념일 축하 안내(remind_anniversary)
[2021-05-16 01:00:24] - 생일 축하 안내(remind_birthday)
[2021-05-16 01:00:24] - 상품 리뷰 작성 안내(remind_review)
[2021-05-16 01:00:24] - 타임세일 종료 상품 안내(remind_timesale)
[2021-05-16 01:00:24] - 회원등급 혜택 안내(remind_membership)
[2021-05-16 01:00:24] - 장바구니/위시리스트 상품 안내(remind_cart)
[2021-05-16 01:00:24] - 소멸 마일리지 안내(remind_emoney)
[2021-05-16 01:00:24] - 만료 할인쿠폰 알림(remind_coupon)
[2021-05-17 01:00:28] - 소멸 마일리지 안내(remind_emoney) - Err(Today is not monday)
[2021-05-17 01:00:28] - 기념일 축하 안내(remind_anniversary)
[2021-05-17 01:00:28] - 생일 축하 안내(remind_birthday)
[2021-05-17 01:00:28] - 상품 리뷰 작성 안내(remind_review)
[2021-05-17 01:00:28] - 타임세일 종료 상품 안내(remind_timesale)
[2021-05-17 01:00:28] - 회원등급 혜택 안내(remind_membership)
[2021-05-17 01:00:28] - 장바구니/위시리스트 상품 안내(remind_cart)
[2021-05-17 01:00:28] - 소멸 마일리지 안내(remind_emoney)
[2021-05-17 01:00:28] - 만료 할인쿠폰 알림(remind_coupon)
[2021-05-18 01:00:25] - 만료 할인쿠폰 알림(remind_coupon) - Err(Today is not monday)
[2021-05-18 01:00:25] - 소멸 마일리지 안내(remind_emoney) - Err(Today is not monday)
[2021-05-18 01:00:25] - 기념일 축하 안내(remind_anniversary)
[2021-05-18 01:00:25] - 생일 축하 안내(remind_birthday)
[2021-05-18 01:00:25] - 상품 리뷰 작성 안내(remind_review)
[2021-05-18 01:00:25] - 타임세일 종료 상품 안내(remind_timesale)
[2021-05-18 01:00:25] - 회원등급 혜택 안내(remind_membership)
[2021-05-18 01:00:25] - 장바구니/위시리스트 상품 안내(remind_cart)
[2021-05-18 01:00:25] - 소멸 마일리지 안내(remind_emoney)
[2021-05-18 01:00:25] - 만료 할인쿠폰 알림(remind_coupon)
[2021-05-19 01:00:25] - 만료 할인쿠폰 알림(remind_coupon) - Err(Today is not monday)
[2021-05-19 01:00:25] - 소멸 마일리지 안내(remind_emoney) - Err(Today is not monday)
[2021-05-19 01:00:25] - 기념일 축하 안내(remind_anniversary)
[2021-05-19 01:00:25] - 생일 축하 안내(remind_birthday)
[2021-05-19 01:00:25] - 상품 리뷰 작성 안내(remind_review)
[2021-05-19 01:00:25] - 타임세일 종료 상품 안내(remind_timesale)
[2021-05-19 01:00:25] - 회원등급 혜택 안내(remind_membership)
[2021-05-19 01:00:25] - 장바구니/위시리스트 상품 안내(remind_cart)
[2021-05-19 01:00:25] - 소멸 마일리지 안내(remind_emoney)
[2021-05-19 01:00:25] - 만료 할인쿠폰 알림(remind_coupon)
[2021-05-20 01:00:24] - 만료 할인쿠폰 알림(remind_coupon) - Err(Today is not monday)
[2021-05-20 01:00:24] - 소멸 마일리지 안내(remind_emoney) - Err(Today is not monday)
[2021-05-20 01:00:25] - 기념일 축하 안내(remind_anniversary)
[2021-05-20 01:00:25] - 생일 축하 안내(remind_birthday)
[2021-05-20 01:00:25] - 상품 리뷰 작성 안내(remind_review)
[2021-05-20 01:00:25] - 타임세일 종료 상품 안내(remind_timesale)
[2021-05-20 01:00:25] - 회원등급 혜택 안내(remind_membership)
[2021-05-20 01:00:25] - 장바구니/위시리스트 상품 안내(remind_cart)
[2021-05-20 01:00:25] - 소멸 마일리지 안내(remind_emoney)
[2021-05-20 01:00:25] - 만료 할인쿠폰 알림(remind_coupon)
[2021-05-21 01:00:25] - 만료 할인쿠폰 알림(remind_coupon) - Err(Today is not monday)
[2021-05-21 01:00:25] - 소멸 마일리지 안내(remind_emoney) - Err(Today is not monday)
[2021-05-21 01:00:25] - 기념일 축하 안내(remind_anniversary)
[2021-05-21 01:00:25] - 생일 축하 안내(remind_birthday)
[2021-05-21 01:00:25] - 상품 리뷰 작성 안내(remind_review)
[2021-05-21 01:00:25] - 타임세일 종료 상품 안내(remind_timesale)
[2021-05-21 01:00:25] - 회원등급 혜택 안내(remind_membership)
[2021-05-21 01:00:25] - 장바구니/위시리스트 상품 안내(remind_cart)
[2021-05-21 01:00:25] - 소멸 마일리지 안내(remind_emoney)
[2021-05-21 01:00:25] - 만료 할인쿠폰 알림(remind_coupon)
[2021-05-22 01:00:25] - 만료 할인쿠폰 알림(remind_coupon) - Err(Today is not monday)
[2021-05-22 01:00:25] - 소멸 마일리지 안내(remind_emoney) - Err(Today is not monday)
[2021-05-22 01:00:25] - 기념일 축하 안내(remind_anniversary)
[2021-05-22 01:00:25] - 생일 축하 안내(remind_birthday)
[2021-05-22 01:00:25] - 상품 리뷰 작성 안내(remind_review)
[2021-05-22 01:00:25] - 타임세일 종료 상품 안내(remind_timesale)
[2021-05-22 01:00:25] - 회원등급 혜택 안내(remind_membership)
[2021-05-22 01:00:25] - 장바구니/위시리스트 상품 안내(remind_cart)
[2021-05-22 01:00:25] - 소멸 마일리지 안내(remind_emoney)
[2021-05-22 01:00:25] - 만료 할인쿠폰 알림(remind_coupon)
[2021-05-23 01:00:26] - 만료 할인쿠폰 알림(remind_coupon) - Err(Today is not monday)
[2021-05-23 01:00:26] - 소멸 마일리지 안내(remind_emoney) - Err(Today is not monday)
[2021-05-23 01:00:26] - 기념일 축하 안내(remind_anniversary)
[2021-05-23 01:00:26] - 생일 축하 안내(remind_birthday)
[2021-05-23 01:00:26] - 상품 리뷰 작성 안내(remind_review)
[2021-05-23 01:00:26] - 타임세일 종료 상품 안내(remind_timesale)
[2021-05-23 01:00:26] - 회원등급 혜택 안내(remind_membership)
[2021-05-23 01:00:26] - 장바구니/위시리스트 상품 안내(remind_cart)
[2021-05-23 01:00:26] - 소멸 마일리지 안내(remind_emoney)
[2021-05-23 01:00:26] - 만료 할인쿠폰 알림(remind_coupon)
[2021-05-24 01:00:26] - 소멸 마일리지 안내(remind_emoney) - Err(Today is not monday)
[2021-05-24 01:00:26] - 기념일 축하 안내(remind_anniversary)
[2021-05-24 01:00:26] - 생일 축하 안내(remind_birthday)
[2021-05-24 01:00:26] - 상품 리뷰 작성 안내(remind_review)
[2021-05-24 01:00:26] - 타임세일 종료 상품 안내(remind_timesale)
[2021-05-24 01:00:26] - 회원등급 혜택 안내(remind_membership)
[2021-05-24 01:00:26] - 장바구니/위시리스트 상품 안내(remind_cart)
[2021-05-24 01:00:26] - 소멸 마일리지 안내(remind_emoney)
[2021-05-24 01:00:26] - 만료 할인쿠폰 알림(remind_coupon)
[2021-05-25 01:00:26] - 만료 할인쿠폰 알림(remind_coupon) - Err(Today is not monday)
[2021-05-25 01:00:26] - 소멸 마일리지 안내(remind_emoney) - Err(Today is not monday)
[2021-05-25 01:00:26] - 기념일 축하 안내(remind_anniversary)
[2021-05-25 01:00:26] - 생일 축하 안내(remind_birthday)
[2021-05-25 01:00:26] - 상품 리뷰 작성 안내(remind_review)
[2021-05-25 01:00:26] - 타임세일 종료 상품 안내(remind_timesale)
[2021-05-25 01:00:26] - 회원등급 혜택 안내(remind_membership)
[2021-05-25 01:00:26] - 장바구니/위시리스트 상품 안내(remind_cart)
[2021-05-25 01:00:26] - 소멸 마일리지 안내(remind_emoney)
[2021-05-25 01:00:26] - 만료 할인쿠폰 알림(remind_coupon)
[2021-05-26 01:00:25] - 만료 할인쿠폰 알림(remind_coupon) - Err(Today is not monday)
[2021-05-26 01:00:25] - 소멸 마일리지 안내(remind_emoney) - Err(Today is not monday)
[2021-05-26 01:00:25] - 기념일 축하 안내(remind_anniversary)
[2021-05-26 01:00:25] - 생일 축하 안내(remind_birthday)
[2021-05-26 01:00:25] - 상품 리뷰 작성 안내(remind_review)
[2021-05-26 01:00:25] - 타임세일 종료 상품 안내(remind_timesale)
[2021-05-26 01:00:25] - 회원등급 혜택 안내(remind_membership)
[2021-05-26 01:00:25] - 장바구니/위시리스트 상품 안내(remind_cart)
[2021-05-26 01:00:25] - 소멸 마일리지 안내(remind_emoney)
[2021-05-26 01:00:25] - 만료 할인쿠폰 알림(remind_coupon)
[2021-05-27 01:00:30] - 만료 할인쿠폰 알림(remind_coupon) - Err(Today is not monday)
[2021-05-27 01:00:30] - 소멸 마일리지 안내(remind_emoney) - Err(Today is not monday)
[2021-05-27 01:00:30] - 기념일 축하 안내(remind_anniversary)
[2021-05-27 01:00:30] - 생일 축하 안내(remind_birthday)
[2021-05-27 01:00:30] - 상품 리뷰 작성 안내(remind_review)
[2021-05-27 01:00:30] - 타임세일 종료 상품 안내(remind_timesale)
[2021-05-27 01:00:30] - 회원등급 혜택 안내(remind_membership)
[2021-05-27 01:00:30] - 장바구니/위시리스트 상품 안내(remind_cart)
[2021-05-27 01:00:30] - 소멸 마일리지 안내(remind_emoney)
[2021-05-27 01:00:30] - 만료 할인쿠폰 알림(remind_coupon)
[2021-05-28 01:00:26] - 만료 할인쿠폰 알림(remind_coupon) - Err(Today is not monday)
[2021-05-28 01:00:26] - 소멸 마일리지 안내(remind_emoney) - Err(Today is not monday)
[2021-05-28 01:00:26] - 기념일 축하 안내(remind_anniversary)
[2021-05-28 01:00:26] - 생일 축하 안내(remind_birthday)
[2021-05-28 01:00:26] - 상품 리뷰 작성 안내(remind_review)
[2021-05-28 01:00:26] - 타임세일 종료 상품 안내(remind_timesale)
[2021-05-28 01:00:26] - 회원등급 혜택 안내(remind_membership)
[2021-05-28 01:00:26] - 장바구니/위시리스트 상품 안내(remind_cart)
[2021-05-28 01:00:26] - 소멸 마일리지 안내(remind_emoney)
[2021-05-28 01:00:26] - 만료 할인쿠폰 알림(remind_coupon)
[2021-05-29 01:00:25] - 만료 할인쿠폰 알림(remind_coupon) - Err(Today is not monday)
[2021-05-29 01:00:26] - 소멸 마일리지 안내(remind_emoney) - Err(Today is not monday)
[2021-05-29 01:00:26] - 기념일 축하 안내(remind_anniversary)
[2021-05-29 01:00:26] - 생일 축하 안내(remind_birthday)
[2021-05-29 01:00:26] - 상품 리뷰 작성 안내(remind_review)
[2021-05-29 01:00:26] - 타임세일 종료 상품 안내(remind_timesale)
[2021-05-29 01:00:26] - 회원등급 혜택 안내(remind_membership)
[2021-05-29 01:00:26] - 장바구니/위시리스트 상품 안내(remind_cart)
[2021-05-29 01:00:26] - 소멸 마일리지 안내(remind_emoney)
[2021-05-29 01:00:26] - 만료 할인쿠폰 알림(remind_coupon)
[2021-05-30 01:00:30] - 만료 할인쿠폰 알림(remind_coupon) - Err(Today is not monday)
[2021-05-30 01:00:30] - 소멸 마일리지 안내(remind_emoney) - Err(Today is not monday)
[2021-05-30 01:00:30] - 기념일 축하 안내(remind_anniversary)
[2021-05-30 01:00:30] - 생일 축하 안내(remind_birthday)
[2021-05-30 01:00:30] - 상품 리뷰 작성 안내(remind_review)
[2021-05-30 01:00:30] - 타임세일 종료 상품 안내(remind_timesale)
[2021-05-30 01:00:30] - 회원등급 혜택 안내(remind_membership)
[2021-05-30 01:00:30] - 장바구니/위시리스트 상품 안내(remind_cart)
[2021-05-30 01:00:30] - 소멸 마일리지 안내(remind_emoney)
[2021-05-30 01:00:30] - 만료 할인쿠폰 알림(remind_coupon)
[2021-05-31 01:00:27] - 소멸 마일리지 안내(remind_emoney) - Err(Today is not monday)
[2021-05-31 01:00:27] - 기념일 축하 안내(remind_anniversary)
[2021-05-31 01:00:27] - 생일 축하 안내(remind_birthday)
[2021-05-31 01:00:27] - 상품 리뷰 작성 안내(remind_review)
[2021-05-31 01:00:27] - 타임세일 종료 상품 안내(remind_timesale)
[2021-05-31 01:00:27] - 회원등급 혜택 안내(remind_membership)
[2021-05-31 01:00:27] - 장바구니/위시리스트 상품 안내(remind_cart)
[2021-05-31 01:00:27] - 소멸 마일리지 안내(remind_emoney)
[2021-05-31 01:00:27] - 만료 할인쿠폰 알림(remind_coupon)
