[2021-05-01 01:00:27] - 티켓 상품 자동 배송 완료(batch_social_goods_confirm) - batch_social_goods_confirm  no data
[2021-05-01 01:00:27] - 미입금 통보 확인(deposit_request)
[2021-05-01 01:00:27] - 굿스플로 배송정보(receiveTrackingResults) - OK
[2021-05-01 01:00:27] - 티켓 상품 자동 배송 완료(batch_social_goods_confirm)
[2021-05-01 01:00:27] - 자동 구매 확정(batch_buy_confirm)
[2021-05-01 01:00:27] - 자동 주문 취소(order_cancel)
[2021-05-02 01:00:28] - 티켓 상품 자동 배송 완료(batch_social_goods_confirm) - batch_social_goods_confirm  no data
[2021-05-02 01:00:28] - 미입금 통보 확인(deposit_request)
[2021-05-02 01:00:28] - 굿스플로 배송정보(receiveTrackingResults) - OK
[2021-05-02 01:00:28] - 티켓 상품 자동 배송 완료(batch_social_goods_confirm)
[2021-05-02 01:00:28] - 자동 구매 확정(batch_buy_confirm)
[2021-05-02 01:00:28] - 자동 주문 취소(order_cancel)
[2021-05-03 01:00:23] - 티켓 상품 자동 배송 완료(batch_social_goods_confirm) - batch_social_goods_confirm  no data
[2021-05-03 01:00:23] - 미입금 통보 확인(deposit_request)
[2021-05-03 01:00:23] - 굿스플로 배송정보(receiveTrackingResults) - OK
[2021-05-03 01:00:23] - 티켓 상품 자동 배송 완료(batch_social_goods_confirm)
[2021-05-03 01:00:23] - 자동 구매 확정(batch_buy_confirm)
[2021-05-03 01:00:23] - 자동 주문 취소(order_cancel)
[2021-05-04 01:00:26] - 티켓 상품 자동 배송 완료(batch_social_goods_confirm) - batch_social_goods_confirm  no data
[2021-05-04 01:00:26] - 미입금 통보 확인(deposit_request)
[2021-05-04 01:00:26] - 굿스플로 배송정보(receiveTrackingResults) - OK
[2021-05-04 01:00:26] - 티켓 상품 자동 배송 완료(batch_social_goods_confirm)
[2021-05-04 01:00:26] - 자동 구매 확정(batch_buy_confirm)
[2021-05-04 01:00:26] - 자동 주문 취소(order_cancel)
[2021-05-05 01:00:25] - 티켓 상품 자동 배송 완료(batch_social_goods_confirm) - batch_social_goods_confirm  no data
[2021-05-05 01:00:25] - 미입금 통보 확인(deposit_request)
[2021-05-05 01:00:25] - 굿스플로 배송정보(receiveTrackingResults) - OK
[2021-05-05 01:00:25] - 티켓 상품 자동 배송 완료(batch_social_goods_confirm)
[2021-05-05 01:00:25] - 자동 구매 확정(batch_buy_confirm)
[2021-05-05 01:00:25] - 자동 주문 취소(order_cancel)
[2021-05-06 01:00:29] - 티켓 상품 자동 배송 완료(batch_social_goods_confirm) - batch_social_goods_confirm  no data
[2021-05-06 01:00:29] - 미입금 통보 확인(deposit_request)
[2021-05-06 01:00:29] - 굿스플로 배송정보(receiveTrackingResults) - OK
[2021-05-06 01:00:29] - 티켓 상품 자동 배송 완료(batch_social_goods_confirm)
[2021-05-06 01:00:29] - 자동 구매 확정(batch_buy_confirm)
[2021-05-06 01:00:29] - 자동 주문 취소(order_cancel)
[2021-05-07 01:00:25] - 티켓 상품 자동 배송 완료(batch_social_goods_confirm) - batch_social_goods_confirm  no data
[2021-05-07 01:00:25] - 미입금 통보 확인(deposit_request)
[2021-05-07 01:00:25] - 굿스플로 배송정보(receiveTrackingResults) - OK
[2021-05-07 01:00:25] - 티켓 상품 자동 배송 완료(batch_social_goods_confirm)
[2021-05-07 01:00:25] - 자동 구매 확정(batch_buy_confirm)
[2021-05-07 01:00:25] - 자동 주문 취소(order_cancel)
[2021-05-08 01:00:25] - 티켓 상품 자동 배송 완료(batch_social_goods_confirm) - batch_social_goods_confirm  no data
[2021-05-08 01:00:25] - 미입금 통보 확인(deposit_request)
[2021-05-08 01:00:25] - 굿스플로 배송정보(receiveTrackingResults) - OK
[2021-05-08 01:00:25] - 티켓 상품 자동 배송 완료(batch_social_goods_confirm)
[2021-05-08 01:00:25] - 자동 구매 확정(batch_buy_confirm)
[2021-05-08 01:00:25] - 자동 주문 취소(order_cancel)
[2021-05-09 01:00:29] - 티켓 상품 자동 배송 완료(batch_social_goods_confirm) - batch_social_goods_confirm  no data
[2021-05-09 01:00:29] - 미입금 통보 확인(deposit_request)
[2021-05-09 01:00:29] - 굿스플로 배송정보(receiveTrackingResults) - OK
[2021-05-09 01:00:29] - 티켓 상품 자동 배송 완료(batch_social_goods_confirm)
[2021-05-09 01:00:29] - 자동 구매 확정(batch_buy_confirm)
[2021-05-09 01:00:29] - 자동 주문 취소(order_cancel)
[2021-05-10 01:00:29] - 티켓 상품 자동 배송 완료(batch_social_goods_confirm) - batch_social_goods_confirm  no data
[2021-05-10 01:00:29] - 미입금 통보 확인(deposit_request)
[2021-05-10 01:00:29] - 굿스플로 배송정보(receiveTrackingResults) - OK
[2021-05-10 01:00:29] - 티켓 상품 자동 배송 완료(batch_social_goods_confirm)
[2021-05-10 01:00:29] - 자동 구매 확정(batch_buy_confirm)
[2021-05-10 01:00:29] - 자동 주문 취소(order_cancel)
[2021-05-11 01:00:28] - 티켓 상품 자동 배송 완료(batch_social_goods_confirm) - batch_social_goods_confirm  no data
[2021-05-11 01:00:28] - 미입금 통보 확인(deposit_request)
[2021-05-11 01:00:28] - 굿스플로 배송정보(receiveTrackingResults) - OK
[2021-05-11 01:00:28] - 티켓 상품 자동 배송 완료(batch_social_goods_confirm)
[2021-05-11 01:00:28] - 자동 구매 확정(batch_buy_confirm)
[2021-05-11 01:00:28] - 자동 주문 취소(order_cancel)
[2021-05-12 01:00:30] - 티켓 상품 자동 배송 완료(batch_social_goods_confirm) - batch_social_goods_confirm  no data
[2021-05-12 01:00:30] - 미입금 통보 확인(deposit_request)
[2021-05-12 01:00:30] - 굿스플로 배송정보(receiveTrackingResults) - OK
[2021-05-12 01:00:30] - 티켓 상품 자동 배송 완료(batch_social_goods_confirm)
[2021-05-12 01:00:30] - 자동 구매 확정(batch_buy_confirm)
[2021-05-12 01:00:30] - 자동 주문 취소(order_cancel)
[2021-05-13 01:00:28] - 티켓 상품 자동 배송 완료(batch_social_goods_confirm) - batch_social_goods_confirm  no data
[2021-05-13 01:00:28] - 미입금 통보 확인(deposit_request)
[2021-05-13 01:00:28] - 굿스플로 배송정보(receiveTrackingResults) - OK
[2021-05-13 01:00:28] - 티켓 상품 자동 배송 완료(batch_social_goods_confirm)
[2021-05-13 01:00:28] - 자동 구매 확정(batch_buy_confirm)
[2021-05-13 01:00:28] - 자동 주문 취소(order_cancel)
[2021-05-14 01:00:24] - 티켓 상품 자동 배송 완료(batch_social_goods_confirm) - batch_social_goods_confirm  no data
[2021-05-14 01:00:24] - 미입금 통보 확인(deposit_request)
[2021-05-14 01:00:24] - 굿스플로 배송정보(receiveTrackingResults) - OK
[2021-05-14 01:00:24] - 티켓 상품 자동 배송 완료(batch_social_goods_confirm)
[2021-05-14 01:00:24] - 자동 구매 확정(batch_buy_confirm)
[2021-05-14 01:00:24] - 자동 주문 취소(order_cancel)
[2021-05-15 01:00:25] - 티켓 상품 자동 배송 완료(batch_social_goods_confirm) - batch_social_goods_confirm  no data
[2021-05-15 01:00:25] - 미입금 통보 확인(deposit_request)
[2021-05-15 01:00:25] - 굿스플로 배송정보(receiveTrackingResults) - OK
[2021-05-15 01:00:25] - 티켓 상품 자동 배송 완료(batch_social_goods_confirm)
[2021-05-15 01:00:25] - 자동 구매 확정(batch_buy_confirm)
[2021-05-15 01:00:25] - 자동 주문 취소(order_cancel)
[2021-05-16 01:00:23] - 티켓 상품 자동 배송 완료(batch_social_goods_confirm) - batch_social_goods_confirm  no data
[2021-05-16 01:00:23] - 미입금 통보 확인(deposit_request)
[2021-05-16 01:00:23] - 굿스플로 배송정보(receiveTrackingResults) - OK
[2021-05-16 01:00:23] - 티켓 상품 자동 배송 완료(batch_social_goods_confirm)
[2021-05-16 01:00:23] - 자동 구매 확정(batch_buy_confirm)
[2021-05-16 01:00:23] - 자동 주문 취소(order_cancel)
[2021-05-17 01:00:28] - 티켓 상품 자동 배송 완료(batch_social_goods_confirm) - batch_social_goods_confirm  no data
[2021-05-17 01:00:28] - 미입금 통보 확인(deposit_request)
[2021-05-17 01:00:28] - 굿스플로 배송정보(receiveTrackingResults) - OK
[2021-05-17 01:00:28] - 티켓 상품 자동 배송 완료(batch_social_goods_confirm)
[2021-05-17 01:00:28] - 자동 구매 확정(batch_buy_confirm)
[2021-05-17 01:00:28] - 자동 주문 취소(order_cancel)
[2021-05-18 01:00:25] - 티켓 상품 자동 배송 완료(batch_social_goods_confirm) - batch_social_goods_confirm  no data
[2021-05-18 01:00:25] - 미입금 통보 확인(deposit_request)
[2021-05-18 01:00:25] - 굿스플로 배송정보(receiveTrackingResults) - OK
[2021-05-18 01:00:25] - 티켓 상품 자동 배송 완료(batch_social_goods_confirm)
[2021-05-18 01:00:25] - 자동 구매 확정(batch_buy_confirm)
[2021-05-18 01:00:25] - 자동 주문 취소(order_cancel)
[2021-05-19 01:00:25] - 티켓 상품 자동 배송 완료(batch_social_goods_confirm) - batch_social_goods_confirm  no data
[2021-05-19 01:00:25] - 미입금 통보 확인(deposit_request)
[2021-05-19 01:00:25] - 굿스플로 배송정보(receiveTrackingResults) - OK
[2021-05-19 01:00:25] - 티켓 상품 자동 배송 완료(batch_social_goods_confirm)
[2021-05-19 01:00:25] - 자동 구매 확정(batch_buy_confirm)
[2021-05-19 01:00:25] - 자동 주문 취소(order_cancel)
[2021-05-20 01:00:24] - 티켓 상품 자동 배송 완료(batch_social_goods_confirm) - batch_social_goods_confirm  no data
[2021-05-20 01:00:24] - 미입금 통보 확인(deposit_request)
[2021-05-20 01:00:24] - 굿스플로 배송정보(receiveTrackingResults) - OK
[2021-05-20 01:00:24] - 티켓 상품 자동 배송 완료(batch_social_goods_confirm)
[2021-05-20 01:00:24] - 자동 구매 확정(batch_buy_confirm)
[2021-05-20 01:00:24] - 자동 주문 취소(order_cancel)
[2021-05-21 01:00:25] - 티켓 상품 자동 배송 완료(batch_social_goods_confirm) - batch_social_goods_confirm  no data
[2021-05-21 01:00:25] - 미입금 통보 확인(deposit_request)
[2021-05-21 01:00:25] - 굿스플로 배송정보(receiveTrackingResults) - OK
[2021-05-21 01:00:25] - 티켓 상품 자동 배송 완료(batch_social_goods_confirm)
[2021-05-21 01:00:25] - 자동 구매 확정(batch_buy_confirm)
[2021-05-21 01:00:25] - 자동 주문 취소(order_cancel)
[2021-05-22 01:00:25] - 티켓 상품 자동 배송 완료(batch_social_goods_confirm) - batch_social_goods_confirm  no data
[2021-05-22 01:00:25] - 미입금 통보 확인(deposit_request)
[2021-05-22 01:00:25] - 굿스플로 배송정보(receiveTrackingResults) - OK
[2021-05-22 01:00:25] - 티켓 상품 자동 배송 완료(batch_social_goods_confirm)
[2021-05-22 01:00:25] - 자동 구매 확정(batch_buy_confirm)
[2021-05-22 01:00:25] - 자동 주문 취소(order_cancel)
[2021-05-23 01:00:26] - 티켓 상품 자동 배송 완료(batch_social_goods_confirm) - batch_social_goods_confirm  no data
[2021-05-23 01:00:26] - 미입금 통보 확인(deposit_request)
[2021-05-23 01:00:26] - 굿스플로 배송정보(receiveTrackingResults) - OK
[2021-05-23 01:00:26] - 티켓 상품 자동 배송 완료(batch_social_goods_confirm)
[2021-05-23 01:00:26] - 자동 구매 확정(batch_buy_confirm)
[2021-05-23 01:00:26] - 자동 주문 취소(order_cancel)
[2021-05-24 01:00:25] - 티켓 상품 자동 배송 완료(batch_social_goods_confirm) - batch_social_goods_confirm  no data
[2021-05-24 01:00:25] - 미입금 통보 확인(deposit_request)
[2021-05-24 01:00:25] - 굿스플로 배송정보(receiveTrackingResults) - OK
[2021-05-24 01:00:25] - 티켓 상품 자동 배송 완료(batch_social_goods_confirm)
[2021-05-24 01:00:25] - 자동 구매 확정(batch_buy_confirm)
[2021-05-24 01:00:25] - 자동 주문 취소(order_cancel)
[2021-05-25 01:00:26] - 티켓 상품 자동 배송 완료(batch_social_goods_confirm) - batch_social_goods_confirm  no data
[2021-05-25 01:00:26] - 미입금 통보 확인(deposit_request)
[2021-05-25 01:00:26] - 굿스플로 배송정보(receiveTrackingResults) - OK
[2021-05-25 01:00:26] - 티켓 상품 자동 배송 완료(batch_social_goods_confirm)
[2021-05-25 01:00:26] - 자동 구매 확정(batch_buy_confirm)
[2021-05-25 01:00:26] - 자동 주문 취소(order_cancel)
[2021-05-26 01:00:25] - 티켓 상품 자동 배송 완료(batch_social_goods_confirm) - batch_social_goods_confirm  no data
[2021-05-26 01:00:25] - 미입금 통보 확인(deposit_request)
[2021-05-26 01:00:25] - 굿스플로 배송정보(receiveTrackingResults) - OK
[2021-05-26 01:00:25] - 티켓 상품 자동 배송 완료(batch_social_goods_confirm)
[2021-05-26 01:00:25] - 자동 구매 확정(batch_buy_confirm)
[2021-05-26 01:00:25] - 자동 주문 취소(order_cancel)
[2021-05-27 01:00:30] - 티켓 상품 자동 배송 완료(batch_social_goods_confirm) - batch_social_goods_confirm  no data
[2021-05-27 01:00:30] - 미입금 통보 확인(deposit_request)
[2021-05-27 01:00:30] - 굿스플로 배송정보(receiveTrackingResults) - OK
[2021-05-27 01:00:30] - 티켓 상품 자동 배송 완료(batch_social_goods_confirm)
[2021-05-27 01:00:30] - 자동 구매 확정(batch_buy_confirm)
[2021-05-27 01:00:30] - 자동 주문 취소(order_cancel)
[2021-05-28 01:00:26] - 티켓 상품 자동 배송 완료(batch_social_goods_confirm) - batch_social_goods_confirm  no data
[2021-05-28 01:00:26] - 미입금 통보 확인(deposit_request)
[2021-05-28 01:00:26] - 굿스플로 배송정보(receiveTrackingResults) - OK
[2021-05-28 01:00:26] - 티켓 상품 자동 배송 완료(batch_social_goods_confirm)
[2021-05-28 01:00:26] - 자동 구매 확정(batch_buy_confirm)
[2021-05-28 01:00:26] - 자동 주문 취소(order_cancel)
[2021-05-29 01:00:25] - 티켓 상품 자동 배송 완료(batch_social_goods_confirm) - batch_social_goods_confirm  no data
[2021-05-29 01:00:25] - 미입금 통보 확인(deposit_request)
[2021-05-29 01:00:25] - 굿스플로 배송정보(receiveTrackingResults) - OK
[2021-05-29 01:00:25] - 티켓 상품 자동 배송 완료(batch_social_goods_confirm)
[2021-05-29 01:00:25] - 자동 구매 확정(batch_buy_confirm)
[2021-05-29 01:00:25] - 자동 주문 취소(order_cancel)
[2021-05-30 01:00:29] - 티켓 상품 자동 배송 완료(batch_social_goods_confirm) - batch_social_goods_confirm  no data
[2021-05-30 01:00:29] - 미입금 통보 확인(deposit_request)
[2021-05-30 01:00:29] - 굿스플로 배송정보(receiveTrackingResults) - OK
[2021-05-30 01:00:29] - 티켓 상품 자동 배송 완료(batch_social_goods_confirm)
[2021-05-30 01:00:29] - 자동 구매 확정(batch_buy_confirm)
[2021-05-30 01:00:29] - 자동 주문 취소(order_cancel)
[2021-05-31 01:00:27] - 티켓 상품 자동 배송 완료(batch_social_goods_confirm) - batch_social_goods_confirm  no data
[2021-05-31 01:00:27] - 미입금 통보 확인(deposit_request)
[2021-05-31 01:00:27] - 굿스플로 배송정보(receiveTrackingResults) - OK
[2021-05-31 01:00:27] - 티켓 상품 자동 배송 완료(batch_social_goods_confirm)
[2021-05-31 01:00:27] - 자동 구매 확정(batch_buy_confirm)
[2021-05-31 01:00:27] - 자동 주문 취소(order_cancel)
