[2021-11-01 00:10:06] - 구글 피드 생성(createGoogleFile)
[2021-11-01 00:10:06] - 페이스북 피드 생성(createFacebookFile)
[2021-11-01 00:10:06] - 입점마켓팅 네이버 판매지수EP 생성(createNaverSalesEpFile)
[2021-11-01 00:10:06] - 입점마켓팅 리뷰EP 생성(createReviewFile)
[2021-11-01 00:10:06] - 입점마켓팅 네이버EP 3.0 생성(createNaverThirdFile)
[2021-11-01 00:10:06] - 입점마켓팅 네이버EP 2.0 생성(createNaverFile)
[2021-11-01 00:10:06] - 입점마켓팅 다음EP 생성(createDaumFile)
[2021-11-02 00:10:06] - 구글 피드 생성(createGoogleFile)
[2021-11-02 00:10:06] - 페이스북 피드 생성(createFacebookFile)
[2021-11-02 00:10:06] - 입점마켓팅 네이버 판매지수EP 생성(createNaverSalesEpFile)
[2021-11-02 00:10:06] - 입점마켓팅 리뷰EP 생성(createReviewFile)
[2021-11-02 00:10:06] - 입점마켓팅 네이버EP 3.0 생성(createNaverThirdFile)
[2021-11-02 00:10:06] - 입점마켓팅 네이버EP 2.0 생성(createNaverFile)
[2021-11-02 00:10:06] - 입점마켓팅 다음EP 생성(createDaumFile)
[2021-11-03 00:10:06] - 구글 피드 생성(createGoogleFile)
[2021-11-03 00:10:06] - 페이스북 피드 생성(createFacebookFile)
[2021-11-03 00:10:06] - 입점마켓팅 네이버 판매지수EP 생성(createNaverSalesEpFile)
[2021-11-03 00:10:06] - 입점마켓팅 리뷰EP 생성(createReviewFile)
[2021-11-03 00:10:06] - 입점마켓팅 네이버EP 3.0 생성(createNaverThirdFile)
[2021-11-03 00:10:06] - 입점마켓팅 네이버EP 2.0 생성(createNaverFile)
[2021-11-03 00:10:06] - 입점마켓팅 다음EP 생성(createDaumFile)
[2021-11-04 00:10:05] - 구글 피드 생성(createGoogleFile)
[2021-11-04 00:10:05] - 페이스북 피드 생성(createFacebookFile)
[2021-11-04 00:10:05] - 입점마켓팅 네이버 판매지수EP 생성(createNaverSalesEpFile)
[2021-11-04 00:10:05] - 입점마켓팅 리뷰EP 생성(createReviewFile)
[2021-11-04 00:10:05] - 입점마켓팅 네이버EP 3.0 생성(createNaverThirdFile)
[2021-11-04 00:10:05] - 입점마켓팅 네이버EP 2.0 생성(createNaverFile)
[2021-11-04 00:10:05] - 입점마켓팅 다음EP 생성(createDaumFile)
[2021-11-05 00:10:06] - 구글 피드 생성(createGoogleFile)
[2021-11-05 00:10:06] - 페이스북 피드 생성(createFacebookFile)
[2021-11-05 00:10:06] - 입점마켓팅 네이버 판매지수EP 생성(createNaverSalesEpFile)
[2021-11-05 00:10:06] - 입점마켓팅 리뷰EP 생성(createReviewFile)
[2021-11-05 00:10:06] - 입점마켓팅 네이버EP 3.0 생성(createNaverThirdFile)
[2021-11-05 00:10:06] - 입점마켓팅 네이버EP 2.0 생성(createNaverFile)
[2021-11-05 00:10:06] - 입점마켓팅 다음EP 생성(createDaumFile)
[2021-11-06 00:10:05] - 구글 피드 생성(createGoogleFile)
[2021-11-06 00:10:05] - 페이스북 피드 생성(createFacebookFile)
[2021-11-06 00:10:05] - 입점마켓팅 네이버 판매지수EP 생성(createNaverSalesEpFile)
[2021-11-06 00:10:05] - 입점마켓팅 리뷰EP 생성(createReviewFile)
[2021-11-06 00:10:05] - 입점마켓팅 네이버EP 3.0 생성(createNaverThirdFile)
[2021-11-06 00:10:05] - 입점마켓팅 네이버EP 2.0 생성(createNaverFile)
[2021-11-06 00:10:05] - 입점마켓팅 다음EP 생성(createDaumFile)
[2021-11-07 00:10:06] - 구글 피드 생성(createGoogleFile)
[2021-11-07 00:10:06] - 페이스북 피드 생성(createFacebookFile)
[2021-11-07 00:10:06] - 입점마켓팅 네이버 판매지수EP 생성(createNaverSalesEpFile)
[2021-11-07 00:10:06] - 입점마켓팅 리뷰EP 생성(createReviewFile)
[2021-11-07 00:10:06] - 입점마켓팅 네이버EP 3.0 생성(createNaverThirdFile)
[2021-11-07 00:10:06] - 입점마켓팅 네이버EP 2.0 생성(createNaverFile)
[2021-11-07 00:10:06] - 입점마켓팅 다음EP 생성(createDaumFile)
[2021-11-08 00:10:06] - 구글 피드 생성(createGoogleFile)
[2021-11-08 00:10:06] - 페이스북 피드 생성(createFacebookFile)
[2021-11-08 00:10:06] - 입점마켓팅 네이버 판매지수EP 생성(createNaverSalesEpFile)
[2021-11-08 00:10:06] - 입점마켓팅 리뷰EP 생성(createReviewFile)
[2021-11-08 00:10:06] - 입점마켓팅 네이버EP 3.0 생성(createNaverThirdFile)
[2021-11-08 00:10:06] - 입점마켓팅 네이버EP 2.0 생성(createNaverFile)
[2021-11-08 00:10:06] - 입점마켓팅 다음EP 생성(createDaumFile)
[2021-11-09 00:10:05] - 구글 피드 생성(createGoogleFile)
[2021-11-09 00:10:05] - 페이스북 피드 생성(createFacebookFile)
[2021-11-09 00:10:05] - 입점마켓팅 네이버 판매지수EP 생성(createNaverSalesEpFile)
[2021-11-09 00:10:06] - 입점마켓팅 리뷰EP 생성(createReviewFile)
[2021-11-09 00:10:06] - 입점마켓팅 네이버EP 3.0 생성(createNaverThirdFile)
[2021-11-09 00:10:06] - 입점마켓팅 네이버EP 2.0 생성(createNaverFile)
[2021-11-09 00:10:06] - 입점마켓팅 다음EP 생성(createDaumFile)
[2021-11-10 00:10:05] - 구글 피드 생성(createGoogleFile)
[2021-11-10 00:10:05] - 페이스북 피드 생성(createFacebookFile)
[2021-11-10 00:10:05] - 입점마켓팅 네이버 판매지수EP 생성(createNaverSalesEpFile)
[2021-11-10 00:10:05] - 입점마켓팅 리뷰EP 생성(createReviewFile)
[2021-11-10 00:10:05] - 입점마켓팅 네이버EP 3.0 생성(createNaverThirdFile)
[2021-11-10 00:10:05] - 입점마켓팅 네이버EP 2.0 생성(createNaverFile)
[2021-11-10 00:10:05] - 입점마켓팅 다음EP 생성(createDaumFile)
[2021-11-11 00:10:06] - 구글 피드 생성(createGoogleFile)
[2021-11-11 00:10:06] - 페이스북 피드 생성(createFacebookFile)
[2021-11-11 00:10:06] - 입점마켓팅 네이버 판매지수EP 생성(createNaverSalesEpFile)
[2021-11-11 00:10:06] - 입점마켓팅 리뷰EP 생성(createReviewFile)
[2021-11-11 00:10:06] - 입점마켓팅 네이버EP 3.0 생성(createNaverThirdFile)
[2021-11-11 00:10:06] - 입점마켓팅 네이버EP 2.0 생성(createNaverFile)
[2021-11-11 00:10:06] - 입점마켓팅 다음EP 생성(createDaumFile)
[2021-11-12 00:10:05] - 구글 피드 생성(createGoogleFile)
[2021-11-12 00:10:05] - 페이스북 피드 생성(createFacebookFile)
[2021-11-12 00:10:05] - 입점마켓팅 네이버 판매지수EP 생성(createNaverSalesEpFile)
[2021-11-12 00:10:05] - 입점마켓팅 리뷰EP 생성(createReviewFile)
[2021-11-12 00:10:05] - 입점마켓팅 네이버EP 3.0 생성(createNaverThirdFile)
[2021-11-12 00:10:05] - 입점마켓팅 네이버EP 2.0 생성(createNaverFile)
[2021-11-12 00:10:05] - 입점마켓팅 다음EP 생성(createDaumFile)
[2021-11-13 00:10:05] - 구글 피드 생성(createGoogleFile)
[2021-11-13 00:10:05] - 페이스북 피드 생성(createFacebookFile)
[2021-11-13 00:10:05] - 입점마켓팅 네이버 판매지수EP 생성(createNaverSalesEpFile)
[2021-11-13 00:10:05] - 입점마켓팅 리뷰EP 생성(createReviewFile)
[2021-11-13 00:10:05] - 입점마켓팅 네이버EP 3.0 생성(createNaverThirdFile)
[2021-11-13 00:10:05] - 입점마켓팅 네이버EP 2.0 생성(createNaverFile)
[2021-11-13 00:10:05] - 입점마켓팅 다음EP 생성(createDaumFile)
[2021-11-14 00:10:06] - 구글 피드 생성(createGoogleFile)
[2021-11-14 00:10:06] - 페이스북 피드 생성(createFacebookFile)
[2021-11-14 00:10:06] - 입점마켓팅 네이버 판매지수EP 생성(createNaverSalesEpFile)
[2021-11-14 00:10:06] - 입점마켓팅 리뷰EP 생성(createReviewFile)
[2021-11-14 00:10:06] - 입점마켓팅 네이버EP 3.0 생성(createNaverThirdFile)
[2021-11-14 00:10:06] - 입점마켓팅 네이버EP 2.0 생성(createNaverFile)
[2021-11-14 00:10:06] - 입점마켓팅 다음EP 생성(createDaumFile)
[2021-11-15 00:10:06] - 구글 피드 생성(createGoogleFile)
[2021-11-15 00:10:06] - 페이스북 피드 생성(createFacebookFile)
[2021-11-15 00:10:06] - 입점마켓팅 네이버 판매지수EP 생성(createNaverSalesEpFile)
[2021-11-15 00:10:06] - 입점마켓팅 리뷰EP 생성(createReviewFile)
[2021-11-15 00:10:06] - 입점마켓팅 네이버EP 3.0 생성(createNaverThirdFile)
[2021-11-15 00:10:06] - 입점마켓팅 네이버EP 2.0 생성(createNaverFile)
[2021-11-15 00:10:06] - 입점마켓팅 다음EP 생성(createDaumFile)
[2021-11-16 00:10:06] - 구글 피드 생성(createGoogleFile)
[2021-11-16 00:10:06] - 페이스북 피드 생성(createFacebookFile)
[2021-11-16 00:10:06] - 입점마켓팅 네이버 판매지수EP 생성(createNaverSalesEpFile)
[2021-11-16 00:10:06] - 입점마켓팅 리뷰EP 생성(createReviewFile)
[2021-11-16 00:10:06] - 입점마켓팅 네이버EP 3.0 생성(createNaverThirdFile)
[2021-11-16 00:10:06] - 입점마켓팅 네이버EP 2.0 생성(createNaverFile)
[2021-11-16 00:10:06] - 입점마켓팅 다음EP 생성(createDaumFile)
[2021-11-17 00:10:06] - 구글 피드 생성(createGoogleFile)
[2021-11-17 00:10:06] - 페이스북 피드 생성(createFacebookFile)
[2021-11-17 00:10:06] - 입점마켓팅 네이버 판매지수EP 생성(createNaverSalesEpFile)
[2021-11-17 00:10:06] - 입점마켓팅 리뷰EP 생성(createReviewFile)
[2021-11-17 00:10:06] - 입점마켓팅 네이버EP 3.0 생성(createNaverThirdFile)
[2021-11-17 00:10:06] - 입점마켓팅 네이버EP 2.0 생성(createNaverFile)
[2021-11-17 00:10:06] - 입점마켓팅 다음EP 생성(createDaumFile)
[2021-11-18 00:10:06] - 구글 피드 생성(createGoogleFile)
[2021-11-18 00:10:06] - 페이스북 피드 생성(createFacebookFile)
[2021-11-18 00:10:06] - 입점마켓팅 네이버 판매지수EP 생성(createNaverSalesEpFile)
[2021-11-18 00:10:06] - 입점마켓팅 리뷰EP 생성(createReviewFile)
[2021-11-18 00:10:06] - 입점마켓팅 네이버EP 3.0 생성(createNaverThirdFile)
[2021-11-18 00:10:06] - 입점마켓팅 네이버EP 2.0 생성(createNaverFile)
[2021-11-18 00:10:06] - 입점마켓팅 다음EP 생성(createDaumFile)
[2021-11-19 00:10:07] - 구글 피드 생성(createGoogleFile)
[2021-11-19 00:10:07] - 페이스북 피드 생성(createFacebookFile)
[2021-11-19 00:10:07] - 입점마켓팅 네이버 판매지수EP 생성(createNaverSalesEpFile)
[2021-11-19 00:10:07] - 입점마켓팅 리뷰EP 생성(createReviewFile)
[2021-11-19 00:10:07] - 입점마켓팅 네이버EP 3.0 생성(createNaverThirdFile)
[2021-11-19 00:10:07] - 입점마켓팅 네이버EP 2.0 생성(createNaverFile)
[2021-11-19 00:10:07] - 입점마켓팅 다음EP 생성(createDaumFile)
[2021-11-20 00:10:06] - 구글 피드 생성(createGoogleFile)
[2021-11-20 00:10:06] - 페이스북 피드 생성(createFacebookFile)
[2021-11-20 00:10:06] - 입점마켓팅 네이버 판매지수EP 생성(createNaverSalesEpFile)
[2021-11-20 00:10:06] - 입점마켓팅 리뷰EP 생성(createReviewFile)
[2021-11-20 00:10:06] - 입점마켓팅 네이버EP 3.0 생성(createNaverThirdFile)
[2021-11-20 00:10:06] - 입점마켓팅 네이버EP 2.0 생성(createNaverFile)
[2021-11-20 00:10:06] - 입점마켓팅 다음EP 생성(createDaumFile)
[2021-11-21 00:10:06] - 구글 피드 생성(createGoogleFile)
[2021-11-21 00:10:06] - 페이스북 피드 생성(createFacebookFile)
[2021-11-21 00:10:06] - 입점마켓팅 네이버 판매지수EP 생성(createNaverSalesEpFile)
[2021-11-21 00:10:06] - 입점마켓팅 리뷰EP 생성(createReviewFile)
[2021-11-21 00:10:06] - 입점마켓팅 네이버EP 3.0 생성(createNaverThirdFile)
[2021-11-21 00:10:06] - 입점마켓팅 네이버EP 2.0 생성(createNaverFile)
[2021-11-21 00:10:06] - 입점마켓팅 다음EP 생성(createDaumFile)
[2021-11-22 00:10:06] - 구글 피드 생성(createGoogleFile)
[2021-11-22 00:10:06] - 페이스북 피드 생성(createFacebookFile)
[2021-11-22 00:10:06] - 입점마켓팅 네이버 판매지수EP 생성(createNaverSalesEpFile)
[2021-11-22 00:10:06] - 입점마켓팅 리뷰EP 생성(createReviewFile)
[2021-11-22 00:10:06] - 입점마켓팅 네이버EP 3.0 생성(createNaverThirdFile)
[2021-11-22 00:10:06] - 입점마켓팅 네이버EP 2.0 생성(createNaverFile)
[2021-11-22 00:10:06] - 입점마켓팅 다음EP 생성(createDaumFile)
[2021-11-23 00:10:06] - 구글 피드 생성(createGoogleFile)
[2021-11-23 00:10:06] - 페이스북 피드 생성(createFacebookFile)
[2021-11-23 00:10:06] - 입점마켓팅 네이버 판매지수EP 생성(createNaverSalesEpFile)
[2021-11-23 00:10:06] - 입점마켓팅 리뷰EP 생성(createReviewFile)
[2021-11-23 00:10:06] - 입점마켓팅 네이버EP 3.0 생성(createNaverThirdFile)
[2021-11-23 00:10:06] - 입점마켓팅 네이버EP 2.0 생성(createNaverFile)
[2021-11-23 00:10:06] - 입점마켓팅 다음EP 생성(createDaumFile)
[2021-11-24 00:10:06] - 구글 피드 생성(createGoogleFile)
[2021-11-24 00:10:06] - 페이스북 피드 생성(createFacebookFile)
[2021-11-24 00:10:06] - 입점마켓팅 네이버 판매지수EP 생성(createNaverSalesEpFile)
[2021-11-24 00:10:06] - 입점마켓팅 리뷰EP 생성(createReviewFile)
[2021-11-24 00:10:06] - 입점마켓팅 네이버EP 3.0 생성(createNaverThirdFile)
[2021-11-24 00:10:06] - 입점마켓팅 네이버EP 2.0 생성(createNaverFile)
[2021-11-24 00:10:06] - 입점마켓팅 다음EP 생성(createDaumFile)
[2021-11-25 00:10:06] - 구글 피드 생성(createGoogleFile)
[2021-11-25 00:10:06] - 페이스북 피드 생성(createFacebookFile)
[2021-11-25 00:10:06] - 입점마켓팅 네이버 판매지수EP 생성(createNaverSalesEpFile)
[2021-11-25 00:10:06] - 입점마켓팅 리뷰EP 생성(createReviewFile)
[2021-11-25 00:10:06] - 입점마켓팅 네이버EP 3.0 생성(createNaverThirdFile)
[2021-11-25 00:10:06] - 입점마켓팅 네이버EP 2.0 생성(createNaverFile)
[2021-11-25 00:10:06] - 입점마켓팅 다음EP 생성(createDaumFile)
[2021-11-26 00:10:06] - 구글 피드 생성(createGoogleFile)
[2021-11-26 00:10:06] - 페이스북 피드 생성(createFacebookFile)
[2021-11-26 00:10:06] - 입점마켓팅 네이버 판매지수EP 생성(createNaverSalesEpFile)
[2021-11-26 00:10:06] - 입점마켓팅 리뷰EP 생성(createReviewFile)
[2021-11-26 00:10:06] - 입점마켓팅 네이버EP 3.0 생성(createNaverThirdFile)
[2021-11-26 00:10:06] - 입점마켓팅 네이버EP 2.0 생성(createNaverFile)
[2021-11-26 00:10:06] - 입점마켓팅 다음EP 생성(createDaumFile)
[2021-11-27 00:10:06] - 구글 피드 생성(createGoogleFile)
[2021-11-27 00:10:06] - 페이스북 피드 생성(createFacebookFile)
[2021-11-27 00:10:06] - 입점마켓팅 네이버 판매지수EP 생성(createNaverSalesEpFile)
[2021-11-27 00:10:06] - 입점마켓팅 리뷰EP 생성(createReviewFile)
[2021-11-27 00:10:06] - 입점마켓팅 네이버EP 3.0 생성(createNaverThirdFile)
[2021-11-27 00:10:06] - 입점마켓팅 네이버EP 2.0 생성(createNaverFile)
[2021-11-27 00:10:06] - 입점마켓팅 다음EP 생성(createDaumFile)
[2021-11-28 00:10:06] - 구글 피드 생성(createGoogleFile)
[2021-11-28 00:10:06] - 페이스북 피드 생성(createFacebookFile)
[2021-11-28 00:10:06] - 입점마켓팅 네이버 판매지수EP 생성(createNaverSalesEpFile)
[2021-11-28 00:10:06] - 입점마켓팅 리뷰EP 생성(createReviewFile)
[2021-11-28 00:10:06] - 입점마켓팅 네이버EP 3.0 생성(createNaverThirdFile)
[2021-11-28 00:10:06] - 입점마켓팅 네이버EP 2.0 생성(createNaverFile)
[2021-11-28 00:10:06] - 입점마켓팅 다음EP 생성(createDaumFile)
[2021-11-29 00:10:06] - 구글 피드 생성(createGoogleFile)
[2021-11-29 00:10:06] - 페이스북 피드 생성(createFacebookFile)
[2021-11-29 00:10:06] - 입점마켓팅 네이버 판매지수EP 생성(createNaverSalesEpFile)
[2021-11-29 00:10:06] - 입점마켓팅 리뷰EP 생성(createReviewFile)
[2021-11-29 00:10:06] - 입점마켓팅 네이버EP 3.0 생성(createNaverThirdFile)
[2021-11-29 00:10:06] - 입점마켓팅 네이버EP 2.0 생성(createNaverFile)
[2021-11-29 00:10:06] - 입점마켓팅 다음EP 생성(createDaumFile)
[2021-11-30 00:10:06] - 구글 피드 생성(createGoogleFile)
[2021-11-30 00:10:06] - 페이스북 피드 생성(createFacebookFile)
[2021-11-30 00:10:06] - 입점마켓팅 네이버 판매지수EP 생성(createNaverSalesEpFile)
[2021-11-30 00:10:06] - 입점마켓팅 리뷰EP 생성(createReviewFile)
[2021-11-30 00:10:06] - 입점마켓팅 네이버EP 3.0 생성(createNaverThirdFile)
[2021-11-30 00:10:06] - 입점마켓팅 네이버EP 2.0 생성(createNaverFile)
[2021-11-30 00:10:06] - 입점마켓팅 다음EP 생성(createDaumFile)
