[2020-12-02 01:00:12] - KICC 코드 동기화(kicc_code)
[2020-12-02 01:00:12] - SMS 국가 코드(sms_national_code)
[2020-12-02 01:00:12] - 서버 캐시파일 삭제(delete_caches)
[2020-12-02 01:00:12] - 엑셀 파일 삭제(delete_excel_file)
[2020-12-02 01:00:12] - 언어별 js메시지 파일 생성(create_alert_file)
[2020-12-02 01:00:12] - 부가서비스 이슈 알림(addservice_notify)
[2020-12-02 01:00:12] - 관리자 중요행위 알림 캐시파일 생성(makeCacheActionAert)
[2020-12-02 01:00:12] - 사용 용량 업데이트(du_check)
[2020-12-02 01:00:12] - 플래시 캐시 파일 삭제(delete_flash_cach)
[2020-12-02 01:00:12] - 캡차 파일 삭제(captcha_file_delete)
[2020-12-02 01:00:12] - 오래된 파일 삭제(tmp_file_delete)
[2020-12-02 01:00:12] - 카카오알림톡 템플릿 동기화(kakaotalk_template)
[2020-12-02 01:00:12] - 엑셀다운로드데이터 삭제(delete_excel_temp)
[2020-12-02 01:00:12] - naverpay 삭제(log_naverpay_delete)
[2020-12-02 01:00:12] - captcha 삭제(log_captcha_delete)
[2020-12-02 01:00:12] - email log 삭제(log_email_delete)
[2020-12-02 01:00:12] - 장바구니 비우기(empty_cart)
[2020-12-02 01:00:12] - 엑심베이 코드 동기화(eximbay)
[2020-12-02 01:00:12] - NPay 택배사 매핑 동기화(npay_delivery_company_code)
[2020-12-02 01:00:12] - 코드 동기화(code_sync)
[2020-12-02 01:00:12] - config 동기화(config_sync)
[2020-12-02 01:00:12] - 택배사 동기화(delivery_url)
[2020-12-02 01:00:12] - 쇼핑몰 분류 동기화(shop_branch)
[2020-12-03 01:00:11] - KICC 코드 동기화(kicc_code)
[2020-12-03 01:00:11] - SMS 국가 코드(sms_national_code)
[2020-12-03 01:00:11] - 서버 캐시파일 삭제(delete_caches)
[2020-12-03 01:00:11] - 엑셀 파일 삭제(delete_excel_file)
[2020-12-03 01:00:11] - 언어별 js메시지 파일 생성(create_alert_file)
[2020-12-03 01:00:11] - 부가서비스 이슈 알림(addservice_notify)
[2020-12-03 01:00:11] - 관리자 중요행위 알림 캐시파일 생성(makeCacheActionAert)
[2020-12-03 01:00:11] - 사용 용량 업데이트(du_check)
[2020-12-03 01:00:11] - 플래시 캐시 파일 삭제(delete_flash_cach)
[2020-12-03 01:00:11] - 캡차 파일 삭제(captcha_file_delete)
[2020-12-03 01:00:11] - 오래된 파일 삭제(tmp_file_delete)
[2020-12-03 01:00:11] - 카카오알림톡 템플릿 동기화(kakaotalk_template)
[2020-12-03 01:00:11] - 엑셀다운로드데이터 삭제(delete_excel_temp)
[2020-12-03 01:00:11] - naverpay 삭제(log_naverpay_delete)
[2020-12-03 01:00:11] - captcha 삭제(log_captcha_delete)
[2020-12-03 01:00:11] - email log 삭제(log_email_delete)
[2020-12-03 01:00:11] - 장바구니 비우기(empty_cart)
[2020-12-03 01:00:11] - 엑심베이 코드 동기화(eximbay)
[2020-12-03 01:00:11] - NPay 택배사 매핑 동기화(npay_delivery_company_code)
[2020-12-03 01:00:11] - 코드 동기화(code_sync)
[2020-12-03 01:00:11] - config 동기화(config_sync)
[2020-12-03 01:00:11] - 택배사 동기화(delivery_url)
[2020-12-03 01:00:11] - 쇼핑몰 분류 동기화(shop_branch)
[2020-12-04 01:00:11] - KICC 코드 동기화(kicc_code)
[2020-12-04 01:00:11] - SMS 국가 코드(sms_national_code)
[2020-12-04 01:00:11] - 서버 캐시파일 삭제(delete_caches)
[2020-12-04 01:00:11] - 엑셀 파일 삭제(delete_excel_file)
[2020-12-04 01:00:11] - 언어별 js메시지 파일 생성(create_alert_file)
[2020-12-04 01:00:11] - 부가서비스 이슈 알림(addservice_notify)
[2020-12-04 01:00:11] - 관리자 중요행위 알림 캐시파일 생성(makeCacheActionAert)
[2020-12-04 01:00:11] - 사용 용량 업데이트(du_check)
[2020-12-04 01:00:11] - 플래시 캐시 파일 삭제(delete_flash_cach)
[2020-12-04 01:00:11] - 캡차 파일 삭제(captcha_file_delete)
[2020-12-04 01:00:11] - 오래된 파일 삭제(tmp_file_delete)
[2020-12-04 01:00:11] - 카카오알림톡 템플릿 동기화(kakaotalk_template)
[2020-12-04 01:00:11] - 엑셀다운로드데이터 삭제(delete_excel_temp)
[2020-12-04 01:00:11] - naverpay 삭제(log_naverpay_delete)
[2020-12-04 01:00:11] - captcha 삭제(log_captcha_delete)
[2020-12-04 01:00:11] - email log 삭제(log_email_delete)
[2020-12-04 01:00:11] - 장바구니 비우기(empty_cart)
[2020-12-04 01:00:11] - 엑심베이 코드 동기화(eximbay)
[2020-12-04 01:00:11] - NPay 택배사 매핑 동기화(npay_delivery_company_code)
[2020-12-04 01:00:11] - 코드 동기화(code_sync)
[2020-12-04 01:00:11] - config 동기화(config_sync)
[2020-12-04 01:00:11] - 택배사 동기화(delivery_url)
[2020-12-04 01:00:11] - 쇼핑몰 분류 동기화(shop_branch)
[2020-12-05 01:00:15] - KICC 코드 동기화(kicc_code)
[2020-12-05 01:00:15] - SMS 국가 코드(sms_national_code)
[2020-12-05 01:00:15] - 서버 캐시파일 삭제(delete_caches)
[2020-12-05 01:00:15] - 엑셀 파일 삭제(delete_excel_file)
[2020-12-05 01:00:15] - 언어별 js메시지 파일 생성(create_alert_file)
[2020-12-05 01:00:15] - 부가서비스 이슈 알림(addservice_notify)
[2020-12-05 01:00:15] - 관리자 중요행위 알림 캐시파일 생성(makeCacheActionAert)
[2020-12-05 01:00:15] - 사용 용량 업데이트(du_check)
[2020-12-05 01:00:15] - 플래시 캐시 파일 삭제(delete_flash_cach)
[2020-12-05 01:00:15] - 캡차 파일 삭제(captcha_file_delete)
[2020-12-05 01:00:15] - 오래된 파일 삭제(tmp_file_delete)
[2020-12-05 01:00:15] - 카카오알림톡 템플릿 동기화(kakaotalk_template)
[2020-12-05 01:00:15] - 엑셀다운로드데이터 삭제(delete_excel_temp)
[2020-12-05 01:00:15] - naverpay 삭제(log_naverpay_delete)
[2020-12-05 01:00:15] - captcha 삭제(log_captcha_delete)
[2020-12-05 01:00:15] - email log 삭제(log_email_delete)
[2020-12-05 01:00:15] - 장바구니 비우기(empty_cart)
[2020-12-05 01:00:15] - 엑심베이 코드 동기화(eximbay)
[2020-12-05 01:00:15] - NPay 택배사 매핑 동기화(npay_delivery_company_code)
[2020-12-05 01:00:15] - 코드 동기화(code_sync)
[2020-12-05 01:00:15] - config 동기화(config_sync)
[2020-12-05 01:00:15] - 택배사 동기화(delivery_url)
[2020-12-05 01:00:15] - 쇼핑몰 분류 동기화(shop_branch)
[2020-12-06 01:00:13] - KICC 코드 동기화(kicc_code)
[2020-12-06 01:00:13] - SMS 국가 코드(sms_national_code)
[2020-12-06 01:00:13] - 서버 캐시파일 삭제(delete_caches)
[2020-12-06 01:00:13] - 엑셀 파일 삭제(delete_excel_file)
[2020-12-06 01:00:13] - 언어별 js메시지 파일 생성(create_alert_file)
[2020-12-06 01:00:13] - 부가서비스 이슈 알림(addservice_notify)
[2020-12-06 01:00:13] - 관리자 중요행위 알림 캐시파일 생성(makeCacheActionAert)
[2020-12-06 01:00:13] - 사용 용량 업데이트(du_check)
[2020-12-06 01:00:13] - 플래시 캐시 파일 삭제(delete_flash_cach)
[2020-12-06 01:00:13] - 캡차 파일 삭제(captcha_file_delete)
[2020-12-06 01:00:13] - 오래된 파일 삭제(tmp_file_delete)
[2020-12-06 01:00:13] - 카카오알림톡 템플릿 동기화(kakaotalk_template)
[2020-12-06 01:00:13] - 엑셀다운로드데이터 삭제(delete_excel_temp)
[2020-12-06 01:00:13] - naverpay 삭제(log_naverpay_delete)
[2020-12-06 01:00:13] - captcha 삭제(log_captcha_delete)
[2020-12-06 01:00:13] - email log 삭제(log_email_delete)
[2020-12-06 01:00:13] - 장바구니 비우기(empty_cart)
[2020-12-06 01:00:13] - 엑심베이 코드 동기화(eximbay)
[2020-12-06 01:00:13] - NPay 택배사 매핑 동기화(npay_delivery_company_code)
[2020-12-06 01:00:13] - 코드 동기화(code_sync)
[2020-12-06 01:00:13] - config 동기화(config_sync)
[2020-12-06 01:00:13] - 택배사 동기화(delivery_url)
[2020-12-06 01:00:13] - 쇼핑몰 분류 동기화(shop_branch)
[2020-12-07 01:00:10] - KICC 코드 동기화(kicc_code)
[2020-12-07 01:00:10] - SMS 국가 코드(sms_national_code)
[2020-12-07 01:00:10] - 서버 캐시파일 삭제(delete_caches)
[2020-12-07 01:00:10] - 엑셀 파일 삭제(delete_excel_file)
[2020-12-07 01:00:10] - 언어별 js메시지 파일 생성(create_alert_file)
[2020-12-07 01:00:10] - 부가서비스 이슈 알림(addservice_notify)
[2020-12-07 01:00:10] - 관리자 중요행위 알림 캐시파일 생성(makeCacheActionAert)
[2020-12-07 01:00:10] - 사용 용량 업데이트(du_check)
[2020-12-07 01:00:10] - 플래시 캐시 파일 삭제(delete_flash_cach)
[2020-12-07 01:00:10] - 캡차 파일 삭제(captcha_file_delete)
[2020-12-07 01:00:10] - 오래된 파일 삭제(tmp_file_delete)
[2020-12-07 01:00:10] - 카카오알림톡 템플릿 동기화(kakaotalk_template)
[2020-12-07 01:00:10] - 엑셀다운로드데이터 삭제(delete_excel_temp)
[2020-12-07 01:00:10] - naverpay 삭제(log_naverpay_delete)
[2020-12-07 01:00:10] - captcha 삭제(log_captcha_delete)
[2020-12-07 01:00:10] - email log 삭제(log_email_delete)
[2020-12-07 01:00:10] - 장바구니 비우기(empty_cart)
[2020-12-07 01:00:10] - 엑심베이 코드 동기화(eximbay)
[2020-12-07 01:00:10] - NPay 택배사 매핑 동기화(npay_delivery_company_code)
[2020-12-07 01:00:10] - 코드 동기화(code_sync)
[2020-12-07 01:00:10] - config 동기화(config_sync)
[2020-12-07 01:00:10] - 택배사 동기화(delivery_url)
[2020-12-07 01:00:10] - 쇼핑몰 분류 동기화(shop_branch)
[2020-12-08 01:00:14] - KICC 코드 동기화(kicc_code)
[2020-12-08 01:00:14] - SMS 국가 코드(sms_national_code)
[2020-12-08 01:00:14] - 서버 캐시파일 삭제(delete_caches)
[2020-12-08 01:00:14] - 엑셀 파일 삭제(delete_excel_file)
[2020-12-08 01:00:14] - 언어별 js메시지 파일 생성(create_alert_file)
[2020-12-08 01:00:14] - 부가서비스 이슈 알림(addservice_notify)
[2020-12-08 01:00:14] - 관리자 중요행위 알림 캐시파일 생성(makeCacheActionAert)
[2020-12-08 01:00:14] - 사용 용량 업데이트(du_check)
[2020-12-08 01:00:14] - 플래시 캐시 파일 삭제(delete_flash_cach)
[2020-12-08 01:00:14] - 캡차 파일 삭제(captcha_file_delete)
[2020-12-08 01:00:14] - 오래된 파일 삭제(tmp_file_delete)
[2020-12-08 01:00:14] - 카카오알림톡 템플릿 동기화(kakaotalk_template)
[2020-12-08 01:00:14] - 엑셀다운로드데이터 삭제(delete_excel_temp)
[2020-12-08 01:00:14] - naverpay 삭제(log_naverpay_delete)
[2020-12-08 01:00:14] - captcha 삭제(log_captcha_delete)
[2020-12-08 01:00:14] - email log 삭제(log_email_delete)
[2020-12-08 01:00:14] - 장바구니 비우기(empty_cart)
[2020-12-08 01:00:14] - 엑심베이 코드 동기화(eximbay)
[2020-12-08 01:00:14] - NPay 택배사 매핑 동기화(npay_delivery_company_code)
[2020-12-08 01:00:14] - 코드 동기화(code_sync)
[2020-12-08 01:00:14] - config 동기화(config_sync)
[2020-12-08 01:00:14] - 택배사 동기화(delivery_url)
[2020-12-08 01:00:14] - 쇼핑몰 분류 동기화(shop_branch)
[2020-12-09 01:00:15] - KICC 코드 동기화(kicc_code)
[2020-12-09 01:00:15] - SMS 국가 코드(sms_national_code)
[2020-12-09 01:00:15] - 서버 캐시파일 삭제(delete_caches)
[2020-12-09 01:00:15] - 엑셀 파일 삭제(delete_excel_file)
[2020-12-09 01:00:15] - 언어별 js메시지 파일 생성(create_alert_file)
[2020-12-09 01:00:15] - 부가서비스 이슈 알림(addservice_notify)
[2020-12-09 01:00:15] - 관리자 중요행위 알림 캐시파일 생성(makeCacheActionAert)
[2020-12-09 01:00:15] - 사용 용량 업데이트(du_check)
[2020-12-09 01:00:15] - 플래시 캐시 파일 삭제(delete_flash_cach)
[2020-12-09 01:00:15] - 캡차 파일 삭제(captcha_file_delete)
[2020-12-09 01:00:15] - 오래된 파일 삭제(tmp_file_delete)
[2020-12-09 01:00:15] - 카카오알림톡 템플릿 동기화(kakaotalk_template)
[2020-12-09 01:00:15] - 엑셀다운로드데이터 삭제(delete_excel_temp)
[2020-12-09 01:00:15] - naverpay 삭제(log_naverpay_delete)
[2020-12-09 01:00:15] - captcha 삭제(log_captcha_delete)
[2020-12-09 01:00:15] - email log 삭제(log_email_delete)
[2020-12-09 01:00:15] - 장바구니 비우기(empty_cart)
[2020-12-09 01:00:15] - 엑심베이 코드 동기화(eximbay)
[2020-12-09 01:00:15] - NPay 택배사 매핑 동기화(npay_delivery_company_code)
[2020-12-09 01:00:15] - 코드 동기화(code_sync)
[2020-12-09 01:00:15] - config 동기화(config_sync)
[2020-12-09 01:00:15] - 택배사 동기화(delivery_url)
[2020-12-09 01:00:15] - 쇼핑몰 분류 동기화(shop_branch)
[2020-12-10 01:00:15] - KICC 코드 동기화(kicc_code)
[2020-12-10 01:00:15] - SMS 국가 코드(sms_national_code)
[2020-12-10 01:00:15] - 서버 캐시파일 삭제(delete_caches)
[2020-12-10 01:00:15] - 엑셀 파일 삭제(delete_excel_file)
[2020-12-10 01:00:15] - 언어별 js메시지 파일 생성(create_alert_file)
[2020-12-10 01:00:15] - 부가서비스 이슈 알림(addservice_notify)
[2020-12-10 01:00:15] - 관리자 중요행위 알림 캐시파일 생성(makeCacheActionAert)
[2020-12-10 01:00:15] - 사용 용량 업데이트(du_check)
[2020-12-10 01:00:15] - 플래시 캐시 파일 삭제(delete_flash_cach)
[2020-12-10 01:00:15] - 캡차 파일 삭제(captcha_file_delete)
[2020-12-10 01:00:15] - 오래된 파일 삭제(tmp_file_delete)
[2020-12-10 01:00:15] - 카카오알림톡 템플릿 동기화(kakaotalk_template)
[2020-12-10 01:00:15] - 엑셀다운로드데이터 삭제(delete_excel_temp)
[2020-12-10 01:00:15] - naverpay 삭제(log_naverpay_delete)
[2020-12-10 01:00:15] - captcha 삭제(log_captcha_delete)
[2020-12-10 01:00:15] - email log 삭제(log_email_delete)
[2020-12-10 01:00:15] - 장바구니 비우기(empty_cart)
[2020-12-10 01:00:15] - 엑심베이 코드 동기화(eximbay)
[2020-12-10 01:00:15] - NPay 택배사 매핑 동기화(npay_delivery_company_code)
[2020-12-10 01:00:15] - 코드 동기화(code_sync)
[2020-12-10 01:00:15] - config 동기화(config_sync)
[2020-12-10 01:00:15] - 택배사 동기화(delivery_url)
[2020-12-10 01:00:15] - 쇼핑몰 분류 동기화(shop_branch)
[2020-12-11 01:00:15] - KICC 코드 동기화(kicc_code)
[2020-12-11 01:00:15] - SMS 국가 코드(sms_national_code)
[2020-12-11 01:00:15] - 서버 캐시파일 삭제(delete_caches)
[2020-12-11 01:00:15] - 엑셀 파일 삭제(delete_excel_file)
[2020-12-11 01:00:15] - 언어별 js메시지 파일 생성(create_alert_file)
[2020-12-11 01:00:15] - 부가서비스 이슈 알림(addservice_notify)
[2020-12-11 01:00:15] - 관리자 중요행위 알림 캐시파일 생성(makeCacheActionAert)
[2020-12-11 01:00:15] - 사용 용량 업데이트(du_check)
[2020-12-11 01:00:15] - 플래시 캐시 파일 삭제(delete_flash_cach)
[2020-12-11 01:00:15] - 캡차 파일 삭제(captcha_file_delete)
[2020-12-11 01:00:15] - 오래된 파일 삭제(tmp_file_delete)
[2020-12-11 01:00:15] - 카카오알림톡 템플릿 동기화(kakaotalk_template)
[2020-12-11 01:00:15] - 엑셀다운로드데이터 삭제(delete_excel_temp)
[2020-12-11 01:00:15] - naverpay 삭제(log_naverpay_delete)
[2020-12-11 01:00:15] - captcha 삭제(log_captcha_delete)
[2020-12-11 01:00:15] - email log 삭제(log_email_delete)
[2020-12-11 01:00:15] - 장바구니 비우기(empty_cart)
[2020-12-11 01:00:15] - 엑심베이 코드 동기화(eximbay)
[2020-12-11 01:00:15] - NPay 택배사 매핑 동기화(npay_delivery_company_code)
[2020-12-11 01:00:15] - 코드 동기화(code_sync)
[2020-12-11 01:00:15] - config 동기화(config_sync)
[2020-12-11 01:00:15] - 택배사 동기화(delivery_url)
[2020-12-11 01:00:15] - 쇼핑몰 분류 동기화(shop_branch)
[2020-12-12 01:00:15] - KICC 코드 동기화(kicc_code)
[2020-12-12 01:00:15] - SMS 국가 코드(sms_national_code)
[2020-12-12 01:00:15] - 서버 캐시파일 삭제(delete_caches)
[2020-12-12 01:00:15] - 엑셀 파일 삭제(delete_excel_file)
[2020-12-12 01:00:15] - 언어별 js메시지 파일 생성(create_alert_file)
[2020-12-12 01:00:15] - 부가서비스 이슈 알림(addservice_notify)
[2020-12-12 01:00:15] - 관리자 중요행위 알림 캐시파일 생성(makeCacheActionAert)
[2020-12-12 01:00:15] - 사용 용량 업데이트(du_check)
[2020-12-12 01:00:15] - 플래시 캐시 파일 삭제(delete_flash_cach)
[2020-12-12 01:00:15] - 캡차 파일 삭제(captcha_file_delete)
[2020-12-12 01:00:15] - 오래된 파일 삭제(tmp_file_delete)
[2020-12-12 01:00:15] - 카카오알림톡 템플릿 동기화(kakaotalk_template)
[2020-12-12 01:00:15] - 엑셀다운로드데이터 삭제(delete_excel_temp)
[2020-12-12 01:00:15] - naverpay 삭제(log_naverpay_delete)
[2020-12-12 01:00:15] - captcha 삭제(log_captcha_delete)
[2020-12-12 01:00:15] - email log 삭제(log_email_delete)
[2020-12-12 01:00:15] - 장바구니 비우기(empty_cart)
[2020-12-12 01:00:15] - 엑심베이 코드 동기화(eximbay)
[2020-12-12 01:00:15] - NPay 택배사 매핑 동기화(npay_delivery_company_code)
[2020-12-12 01:00:15] - 코드 동기화(code_sync)
[2020-12-12 01:00:15] - config 동기화(config_sync)
[2020-12-12 01:00:15] - 택배사 동기화(delivery_url)
[2020-12-12 01:00:15] - 쇼핑몰 분류 동기화(shop_branch)
[2020-12-13 01:00:15] - KICC 코드 동기화(kicc_code)
[2020-12-13 01:00:15] - SMS 국가 코드(sms_national_code)
[2020-12-13 01:00:15] - 서버 캐시파일 삭제(delete_caches)
[2020-12-13 01:00:15] - 엑셀 파일 삭제(delete_excel_file)
[2020-12-13 01:00:15] - 언어별 js메시지 파일 생성(create_alert_file)
[2020-12-13 01:00:15] - 부가서비스 이슈 알림(addservice_notify)
[2020-12-13 01:00:15] - 관리자 중요행위 알림 캐시파일 생성(makeCacheActionAert)
[2020-12-13 01:00:15] - 사용 용량 업데이트(du_check)
[2020-12-13 01:00:15] - 플래시 캐시 파일 삭제(delete_flash_cach)
[2020-12-13 01:00:15] - 캡차 파일 삭제(captcha_file_delete)
[2020-12-13 01:00:15] - 오래된 파일 삭제(tmp_file_delete)
[2020-12-13 01:00:15] - 카카오알림톡 템플릿 동기화(kakaotalk_template)
[2020-12-13 01:00:15] - 엑셀다운로드데이터 삭제(delete_excel_temp)
[2020-12-13 01:00:15] - naverpay 삭제(log_naverpay_delete)
[2020-12-13 01:00:15] - captcha 삭제(log_captcha_delete)
[2020-12-13 01:00:15] - email log 삭제(log_email_delete)
[2020-12-13 01:00:15] - 장바구니 비우기(empty_cart)
[2020-12-13 01:00:15] - 엑심베이 코드 동기화(eximbay)
[2020-12-13 01:00:15] - NPay 택배사 매핑 동기화(npay_delivery_company_code)
[2020-12-13 01:00:15] - 코드 동기화(code_sync)
[2020-12-13 01:00:15] - config 동기화(config_sync)
[2020-12-13 01:00:15] - 택배사 동기화(delivery_url)
[2020-12-13 01:00:15] - 쇼핑몰 분류 동기화(shop_branch)
[2020-12-14 01:00:16] - KICC 코드 동기화(kicc_code)
[2020-12-14 01:00:16] - SMS 국가 코드(sms_national_code)
[2020-12-14 01:00:16] - 서버 캐시파일 삭제(delete_caches)
[2020-12-14 01:00:16] - 엑셀 파일 삭제(delete_excel_file)
[2020-12-14 01:00:16] - 언어별 js메시지 파일 생성(create_alert_file)
[2020-12-14 01:00:16] - 부가서비스 이슈 알림(addservice_notify)
[2020-12-14 01:00:16] - 관리자 중요행위 알림 캐시파일 생성(makeCacheActionAert)
[2020-12-14 01:00:16] - 사용 용량 업데이트(du_check)
[2020-12-14 01:00:16] - 플래시 캐시 파일 삭제(delete_flash_cach)
[2020-12-14 01:00:16] - 캡차 파일 삭제(captcha_file_delete)
[2020-12-14 01:00:16] - 오래된 파일 삭제(tmp_file_delete)
[2020-12-14 01:00:16] - 카카오알림톡 템플릿 동기화(kakaotalk_template)
[2020-12-14 01:00:16] - 엑셀다운로드데이터 삭제(delete_excel_temp)
[2020-12-14 01:00:16] - naverpay 삭제(log_naverpay_delete)
[2020-12-14 01:00:16] - captcha 삭제(log_captcha_delete)
[2020-12-14 01:00:16] - email log 삭제(log_email_delete)
[2020-12-14 01:00:16] - 장바구니 비우기(empty_cart)
[2020-12-14 01:00:16] - 엑심베이 코드 동기화(eximbay)
[2020-12-14 01:00:16] - NPay 택배사 매핑 동기화(npay_delivery_company_code)
[2020-12-14 01:00:16] - 코드 동기화(code_sync)
[2020-12-14 01:00:16] - config 동기화(config_sync)
[2020-12-14 01:00:16] - 택배사 동기화(delivery_url)
[2020-12-14 01:00:16] - 쇼핑몰 분류 동기화(shop_branch)
[2020-12-15 01:00:08] - KICC 코드 동기화(kicc_code)
[2020-12-15 01:00:08] - SMS 국가 코드(sms_national_code)
[2020-12-15 01:00:08] - 서버 캐시파일 삭제(delete_caches)
[2020-12-15 01:00:08] - 엑셀 파일 삭제(delete_excel_file)
[2020-12-15 01:00:08] - 언어별 js메시지 파일 생성(create_alert_file)
[2020-12-15 01:00:08] - 부가서비스 이슈 알림(addservice_notify)
[2020-12-15 01:00:08] - 관리자 중요행위 알림 캐시파일 생성(makeCacheActionAert)
[2020-12-15 01:00:08] - 사용 용량 업데이트(du_check)
[2020-12-15 01:00:08] - 플래시 캐시 파일 삭제(delete_flash_cach)
[2020-12-15 01:00:08] - 캡차 파일 삭제(captcha_file_delete)
[2020-12-15 01:00:08] - 오래된 파일 삭제(tmp_file_delete)
[2020-12-15 01:00:08] - 카카오알림톡 템플릿 동기화(kakaotalk_template)
[2020-12-15 01:00:08] - 엑셀다운로드데이터 삭제(delete_excel_temp)
[2020-12-15 01:00:08] - naverpay 삭제(log_naverpay_delete)
[2020-12-15 01:00:08] - captcha 삭제(log_captcha_delete)
[2020-12-15 01:00:08] - email log 삭제(log_email_delete)
[2020-12-15 01:00:08] - 장바구니 비우기(empty_cart)
[2020-12-15 01:00:08] - 엑심베이 코드 동기화(eximbay)
[2020-12-15 01:00:08] - NPay 택배사 매핑 동기화(npay_delivery_company_code)
[2020-12-15 01:00:08] - 코드 동기화(code_sync)
[2020-12-15 01:00:08] - config 동기화(config_sync)
[2020-12-15 01:00:08] - 택배사 동기화(delivery_url)
[2020-12-15 01:00:08] - 쇼핑몰 분류 동기화(shop_branch)
[2020-12-16 01:00:15] - KICC 코드 동기화(kicc_code)
[2020-12-16 01:00:15] - SMS 국가 코드(sms_national_code)
[2020-12-16 01:00:15] - 서버 캐시파일 삭제(delete_caches)
[2020-12-16 01:00:15] - 엑셀 파일 삭제(delete_excel_file)
[2020-12-16 01:00:15] - 언어별 js메시지 파일 생성(create_alert_file)
[2020-12-16 01:00:15] - 부가서비스 이슈 알림(addservice_notify)
[2020-12-16 01:00:15] - 관리자 중요행위 알림 캐시파일 생성(makeCacheActionAert)
[2020-12-16 01:00:15] - 사용 용량 업데이트(du_check)
[2020-12-16 01:00:15] - 플래시 캐시 파일 삭제(delete_flash_cach)
[2020-12-16 01:00:15] - 캡차 파일 삭제(captcha_file_delete)
[2020-12-16 01:00:15] - 오래된 파일 삭제(tmp_file_delete)
[2020-12-16 01:00:15] - 카카오알림톡 템플릿 동기화(kakaotalk_template)
[2020-12-16 01:00:15] - 엑셀다운로드데이터 삭제(delete_excel_temp)
[2020-12-16 01:00:15] - naverpay 삭제(log_naverpay_delete)
[2020-12-16 01:00:15] - captcha 삭제(log_captcha_delete)
[2020-12-16 01:00:15] - email log 삭제(log_email_delete)
[2020-12-16 01:00:15] - 장바구니 비우기(empty_cart)
[2020-12-16 01:00:15] - 엑심베이 코드 동기화(eximbay)
[2020-12-16 01:00:15] - NPay 택배사 매핑 동기화(npay_delivery_company_code)
[2020-12-16 01:00:15] - 코드 동기화(code_sync)
[2020-12-16 01:00:15] - config 동기화(config_sync)
[2020-12-16 01:00:15] - 택배사 동기화(delivery_url)
[2020-12-16 01:00:15] - 쇼핑몰 분류 동기화(shop_branch)
[2020-12-17 01:00:14] - KICC 코드 동기화(kicc_code)
[2020-12-17 01:00:14] - SMS 국가 코드(sms_national_code)
[2020-12-17 01:00:14] - 서버 캐시파일 삭제(delete_caches)
[2020-12-17 01:00:14] - 엑셀 파일 삭제(delete_excel_file)
[2020-12-17 01:00:14] - 언어별 js메시지 파일 생성(create_alert_file)
[2020-12-17 01:00:14] - 부가서비스 이슈 알림(addservice_notify)
[2020-12-17 01:00:14] - 관리자 중요행위 알림 캐시파일 생성(makeCacheActionAert)
[2020-12-17 01:00:14] - 사용 용량 업데이트(du_check)
[2020-12-17 01:00:14] - 플래시 캐시 파일 삭제(delete_flash_cach)
[2020-12-17 01:00:14] - 캡차 파일 삭제(captcha_file_delete)
[2020-12-17 01:00:14] - 오래된 파일 삭제(tmp_file_delete)
[2020-12-17 01:00:14] - 카카오알림톡 템플릿 동기화(kakaotalk_template)
[2020-12-17 01:00:14] - 엑셀다운로드데이터 삭제(delete_excel_temp)
[2020-12-17 01:00:14] - naverpay 삭제(log_naverpay_delete)
[2020-12-17 01:00:14] - captcha 삭제(log_captcha_delete)
[2020-12-17 01:00:14] - email log 삭제(log_email_delete)
[2020-12-17 01:00:14] - 장바구니 비우기(empty_cart)
[2020-12-17 01:00:14] - 엑심베이 코드 동기화(eximbay)
[2020-12-17 01:00:14] - NPay 택배사 매핑 동기화(npay_delivery_company_code)
[2020-12-17 01:00:14] - 코드 동기화(code_sync)
[2020-12-17 01:00:14] - config 동기화(config_sync)
[2020-12-17 01:00:14] - 택배사 동기화(delivery_url)
[2020-12-17 01:00:14] - 쇼핑몰 분류 동기화(shop_branch)
[2020-12-18 01:00:08] - KICC 코드 동기화(kicc_code)
[2020-12-18 01:00:09] - SMS 국가 코드(sms_national_code)
[2020-12-18 01:00:09] - 서버 캐시파일 삭제(delete_caches)
[2020-12-18 01:00:09] - 엑셀 파일 삭제(delete_excel_file)
[2020-12-18 01:00:09] - 언어별 js메시지 파일 생성(create_alert_file)
[2020-12-18 01:00:09] - 부가서비스 이슈 알림(addservice_notify)
[2020-12-18 01:00:09] - 관리자 중요행위 알림 캐시파일 생성(makeCacheActionAert)
[2020-12-18 01:00:09] - 사용 용량 업데이트(du_check)
[2020-12-18 01:00:09] - 플래시 캐시 파일 삭제(delete_flash_cach)
[2020-12-18 01:00:09] - 캡차 파일 삭제(captcha_file_delete)
[2020-12-18 01:00:09] - 오래된 파일 삭제(tmp_file_delete)
[2020-12-18 01:00:09] - 카카오알림톡 템플릿 동기화(kakaotalk_template)
[2020-12-18 01:00:09] - 엑셀다운로드데이터 삭제(delete_excel_temp)
[2020-12-18 01:00:09] - naverpay 삭제(log_naverpay_delete)
[2020-12-18 01:00:09] - captcha 삭제(log_captcha_delete)
[2020-12-18 01:00:09] - email log 삭제(log_email_delete)
[2020-12-18 01:00:09] - 장바구니 비우기(empty_cart)
[2020-12-18 01:00:09] - 엑심베이 코드 동기화(eximbay)
[2020-12-18 01:00:09] - NPay 택배사 매핑 동기화(npay_delivery_company_code)
[2020-12-18 01:00:09] - 코드 동기화(code_sync)
[2020-12-18 01:00:09] - config 동기화(config_sync)
[2020-12-18 01:00:09] - 택배사 동기화(delivery_url)
[2020-12-18 01:00:09] - 쇼핑몰 분류 동기화(shop_branch)
[2020-12-19 01:00:12] - KICC 코드 동기화(kicc_code)
[2020-12-19 01:00:12] - SMS 국가 코드(sms_national_code)
[2020-12-19 01:00:12] - 서버 캐시파일 삭제(delete_caches)
[2020-12-19 01:00:12] - 엑셀 파일 삭제(delete_excel_file)
[2020-12-19 01:00:12] - 언어별 js메시지 파일 생성(create_alert_file)
[2020-12-19 01:00:12] - 부가서비스 이슈 알림(addservice_notify)
[2020-12-19 01:00:12] - 관리자 중요행위 알림 캐시파일 생성(makeCacheActionAert)
[2020-12-19 01:00:12] - 사용 용량 업데이트(du_check)
[2020-12-19 01:00:12] - 플래시 캐시 파일 삭제(delete_flash_cach)
[2020-12-19 01:00:12] - 캡차 파일 삭제(captcha_file_delete)
[2020-12-19 01:00:12] - 오래된 파일 삭제(tmp_file_delete)
[2020-12-19 01:00:12] - 카카오알림톡 템플릿 동기화(kakaotalk_template)
[2020-12-19 01:00:12] - 엑셀다운로드데이터 삭제(delete_excel_temp)
[2020-12-19 01:00:12] - naverpay 삭제(log_naverpay_delete)
[2020-12-19 01:00:12] - captcha 삭제(log_captcha_delete)
[2020-12-19 01:00:12] - email log 삭제(log_email_delete)
[2020-12-19 01:00:12] - 장바구니 비우기(empty_cart)
[2020-12-19 01:00:12] - 엑심베이 코드 동기화(eximbay)
[2020-12-19 01:00:12] - NPay 택배사 매핑 동기화(npay_delivery_company_code)
[2020-12-19 01:00:12] - 코드 동기화(code_sync)
[2020-12-19 01:00:12] - config 동기화(config_sync)
[2020-12-19 01:00:12] - 택배사 동기화(delivery_url)
[2020-12-19 01:00:12] - 쇼핑몰 분류 동기화(shop_branch)
[2020-12-20 01:00:14] - KICC 코드 동기화(kicc_code)
[2020-12-20 01:00:14] - SMS 국가 코드(sms_national_code)
[2020-12-20 01:00:14] - 서버 캐시파일 삭제(delete_caches)
[2020-12-20 01:00:14] - 엑셀 파일 삭제(delete_excel_file)
[2020-12-20 01:00:14] - 언어별 js메시지 파일 생성(create_alert_file)
[2020-12-20 01:00:14] - 부가서비스 이슈 알림(addservice_notify)
[2020-12-20 01:00:14] - 관리자 중요행위 알림 캐시파일 생성(makeCacheActionAert)
[2020-12-20 01:00:14] - 사용 용량 업데이트(du_check)
[2020-12-20 01:00:14] - 플래시 캐시 파일 삭제(delete_flash_cach)
[2020-12-20 01:00:14] - 캡차 파일 삭제(captcha_file_delete)
[2020-12-20 01:00:14] - 오래된 파일 삭제(tmp_file_delete)
[2020-12-20 01:00:14] - 카카오알림톡 템플릿 동기화(kakaotalk_template)
[2020-12-20 01:00:14] - 엑셀다운로드데이터 삭제(delete_excel_temp)
[2020-12-20 01:00:14] - naverpay 삭제(log_naverpay_delete)
[2020-12-20 01:00:14] - captcha 삭제(log_captcha_delete)
[2020-12-20 01:00:14] - email log 삭제(log_email_delete)
[2020-12-20 01:00:14] - 장바구니 비우기(empty_cart)
[2020-12-20 01:00:14] - 엑심베이 코드 동기화(eximbay)
[2020-12-20 01:00:14] - NPay 택배사 매핑 동기화(npay_delivery_company_code)
[2020-12-20 01:00:14] - 코드 동기화(code_sync)
[2020-12-20 01:00:14] - config 동기화(config_sync)
[2020-12-20 01:00:14] - 택배사 동기화(delivery_url)
[2020-12-20 01:00:14] - 쇼핑몰 분류 동기화(shop_branch)
[2020-12-21 01:00:13] - KICC 코드 동기화(kicc_code)
[2020-12-21 01:00:13] - SMS 국가 코드(sms_national_code)
[2020-12-21 01:00:13] - 서버 캐시파일 삭제(delete_caches)
[2020-12-21 01:00:13] - 엑셀 파일 삭제(delete_excel_file)
[2020-12-21 01:00:13] - 언어별 js메시지 파일 생성(create_alert_file)
[2020-12-21 01:00:13] - 부가서비스 이슈 알림(addservice_notify)
[2020-12-21 01:00:13] - 관리자 중요행위 알림 캐시파일 생성(makeCacheActionAert)
[2020-12-21 01:00:13] - 사용 용량 업데이트(du_check)
[2020-12-21 01:00:13] - 플래시 캐시 파일 삭제(delete_flash_cach)
[2020-12-21 01:00:13] - 캡차 파일 삭제(captcha_file_delete)
[2020-12-21 01:00:13] - 오래된 파일 삭제(tmp_file_delete)
[2020-12-21 01:00:13] - 카카오알림톡 템플릿 동기화(kakaotalk_template)
[2020-12-21 01:00:13] - 엑셀다운로드데이터 삭제(delete_excel_temp)
[2020-12-21 01:00:13] - naverpay 삭제(log_naverpay_delete)
[2020-12-21 01:00:13] - captcha 삭제(log_captcha_delete)
[2020-12-21 01:00:13] - email log 삭제(log_email_delete)
[2020-12-21 01:00:13] - 장바구니 비우기(empty_cart)
[2020-12-21 01:00:13] - 엑심베이 코드 동기화(eximbay)
[2020-12-21 01:00:13] - NPay 택배사 매핑 동기화(npay_delivery_company_code)
[2020-12-21 01:00:13] - 코드 동기화(code_sync)
[2020-12-21 01:00:13] - config 동기화(config_sync)
[2020-12-21 01:00:13] - 택배사 동기화(delivery_url)
[2020-12-21 01:00:13] - 쇼핑몰 분류 동기화(shop_branch)
[2020-12-22 01:00:14] - KICC 코드 동기화(kicc_code)
[2020-12-22 01:00:14] - SMS 국가 코드(sms_national_code)
[2020-12-22 01:00:14] - 서버 캐시파일 삭제(delete_caches)
[2020-12-22 01:00:14] - 엑셀 파일 삭제(delete_excel_file)
[2020-12-22 01:00:14] - 언어별 js메시지 파일 생성(create_alert_file)
[2020-12-22 01:00:14] - 부가서비스 이슈 알림(addservice_notify)
[2020-12-22 01:00:14] - 관리자 중요행위 알림 캐시파일 생성(makeCacheActionAert)
[2020-12-22 01:00:14] - 사용 용량 업데이트(du_check)
[2020-12-22 01:00:14] - 플래시 캐시 파일 삭제(delete_flash_cach)
[2020-12-22 01:00:14] - 캡차 파일 삭제(captcha_file_delete)
[2020-12-22 01:00:14] - 오래된 파일 삭제(tmp_file_delete)
[2020-12-22 01:00:14] - 카카오알림톡 템플릿 동기화(kakaotalk_template)
[2020-12-22 01:00:14] - 엑셀다운로드데이터 삭제(delete_excel_temp)
[2020-12-22 01:00:14] - naverpay 삭제(log_naverpay_delete)
[2020-12-22 01:00:14] - captcha 삭제(log_captcha_delete)
[2020-12-22 01:00:14] - email log 삭제(log_email_delete)
[2020-12-22 01:00:14] - 장바구니 비우기(empty_cart)
[2020-12-22 01:00:14] - 엑심베이 코드 동기화(eximbay)
[2020-12-22 01:00:14] - NPay 택배사 매핑 동기화(npay_delivery_company_code)
[2020-12-22 01:00:14] - 코드 동기화(code_sync)
[2020-12-22 01:00:14] - config 동기화(config_sync)
[2020-12-22 01:00:14] - 택배사 동기화(delivery_url)
[2020-12-22 01:00:14] - 쇼핑몰 분류 동기화(shop_branch)
[2020-12-23 01:00:14] - KICC 코드 동기화(kicc_code)
[2020-12-23 01:00:14] - SMS 국가 코드(sms_national_code)
[2020-12-23 01:00:14] - 서버 캐시파일 삭제(delete_caches)
[2020-12-23 01:00:14] - 엑셀 파일 삭제(delete_excel_file)
[2020-12-23 01:00:14] - 언어별 js메시지 파일 생성(create_alert_file)
[2020-12-23 01:00:14] - 부가서비스 이슈 알림(addservice_notify)
[2020-12-23 01:00:14] - 관리자 중요행위 알림 캐시파일 생성(makeCacheActionAert)
[2020-12-23 01:00:14] - 사용 용량 업데이트(du_check)
[2020-12-23 01:00:14] - 플래시 캐시 파일 삭제(delete_flash_cach)
[2020-12-23 01:00:14] - 캡차 파일 삭제(captcha_file_delete)
[2020-12-23 01:00:14] - 오래된 파일 삭제(tmp_file_delete)
[2020-12-23 01:00:14] - 카카오알림톡 템플릿 동기화(kakaotalk_template)
[2020-12-23 01:00:14] - 엑셀다운로드데이터 삭제(delete_excel_temp)
[2020-12-23 01:00:14] - naverpay 삭제(log_naverpay_delete)
[2020-12-23 01:00:14] - captcha 삭제(log_captcha_delete)
[2020-12-23 01:00:14] - email log 삭제(log_email_delete)
[2020-12-23 01:00:14] - 장바구니 비우기(empty_cart)
[2020-12-23 01:00:14] - 엑심베이 코드 동기화(eximbay)
[2020-12-23 01:00:14] - NPay 택배사 매핑 동기화(npay_delivery_company_code)
[2020-12-23 01:00:14] - 코드 동기화(code_sync)
[2020-12-23 01:00:14] - config 동기화(config_sync)
[2020-12-23 01:00:14] - 택배사 동기화(delivery_url)
[2020-12-23 01:00:14] - 쇼핑몰 분류 동기화(shop_branch)
[2020-12-24 01:00:16] - KICC 코드 동기화(kicc_code)
[2020-12-24 01:00:16] - SMS 국가 코드(sms_national_code)
[2020-12-24 01:00:16] - 서버 캐시파일 삭제(delete_caches)
[2020-12-24 01:00:16] - 엑셀 파일 삭제(delete_excel_file)
[2020-12-24 01:00:16] - 언어별 js메시지 파일 생성(create_alert_file)
[2020-12-24 01:00:16] - 부가서비스 이슈 알림(addservice_notify)
[2020-12-24 01:00:16] - 관리자 중요행위 알림 캐시파일 생성(makeCacheActionAert)
[2020-12-24 01:00:16] - 사용 용량 업데이트(du_check)
[2020-12-24 01:00:16] - 플래시 캐시 파일 삭제(delete_flash_cach)
[2020-12-24 01:00:16] - 캡차 파일 삭제(captcha_file_delete)
[2020-12-24 01:00:16] - 오래된 파일 삭제(tmp_file_delete)
[2020-12-24 01:00:16] - 카카오알림톡 템플릿 동기화(kakaotalk_template)
[2020-12-24 01:00:16] - 엑셀다운로드데이터 삭제(delete_excel_temp)
[2020-12-24 01:00:16] - naverpay 삭제(log_naverpay_delete)
[2020-12-24 01:00:16] - captcha 삭제(log_captcha_delete)
[2020-12-24 01:00:16] - email log 삭제(log_email_delete)
[2020-12-24 01:00:16] - 장바구니 비우기(empty_cart)
[2020-12-24 01:00:16] - 엑심베이 코드 동기화(eximbay)
[2020-12-24 01:00:16] - NPay 택배사 매핑 동기화(npay_delivery_company_code)
[2020-12-24 01:00:16] - 코드 동기화(code_sync)
[2020-12-24 01:00:16] - config 동기화(config_sync)
[2020-12-24 01:00:16] - 택배사 동기화(delivery_url)
[2020-12-24 01:00:16] - 쇼핑몰 분류 동기화(shop_branch)
[2020-12-25 01:01:11] - KICC 코드 동기화(kicc_code)
[2020-12-25 01:01:11] - SMS 국가 코드(sms_national_code)
[2020-12-25 01:01:11] - 서버 캐시파일 삭제(delete_caches)
[2020-12-25 01:01:11] - 엑셀 파일 삭제(delete_excel_file)
[2020-12-25 01:01:11] - 언어별 js메시지 파일 생성(create_alert_file)
[2020-12-25 01:01:11] - 부가서비스 이슈 알림(addservice_notify)
[2020-12-25 01:01:11] - 관리자 중요행위 알림 캐시파일 생성(makeCacheActionAert)
[2020-12-25 01:01:11] - 사용 용량 업데이트(du_check)
[2020-12-25 01:01:11] - 플래시 캐시 파일 삭제(delete_flash_cach)
[2020-12-25 01:01:11] - 캡차 파일 삭제(captcha_file_delete)
[2020-12-25 01:01:11] - 오래된 파일 삭제(tmp_file_delete)
[2020-12-25 01:01:11] - 카카오알림톡 템플릿 동기화(kakaotalk_template)
[2020-12-25 01:01:11] - 엑셀다운로드데이터 삭제(delete_excel_temp)
[2020-12-25 01:01:11] - naverpay 삭제(log_naverpay_delete)
[2020-12-25 01:01:11] - captcha 삭제(log_captcha_delete)
[2020-12-25 01:01:11] - email log 삭제(log_email_delete)
[2020-12-25 01:01:11] - 장바구니 비우기(empty_cart)
[2020-12-25 01:01:11] - 엑심베이 코드 동기화(eximbay)
[2020-12-25 01:01:11] - NPay 택배사 매핑 동기화(npay_delivery_company_code)
[2020-12-25 01:01:11] - 코드 동기화(code_sync)
[2020-12-25 01:01:11] - config 동기화(config_sync)
[2020-12-25 01:01:11] - 택배사 동기화(delivery_url)
[2020-12-25 01:01:11] - 쇼핑몰 분류 동기화(shop_branch)
[2020-12-26 01:01:12] - KICC 코드 동기화(kicc_code)
[2020-12-26 01:01:12] - SMS 국가 코드(sms_national_code)
[2020-12-26 01:01:12] - 서버 캐시파일 삭제(delete_caches)
[2020-12-26 01:01:12] - 엑셀 파일 삭제(delete_excel_file)
[2020-12-26 01:01:12] - 언어별 js메시지 파일 생성(create_alert_file)
[2020-12-26 01:01:12] - 부가서비스 이슈 알림(addservice_notify)
[2020-12-26 01:01:12] - 관리자 중요행위 알림 캐시파일 생성(makeCacheActionAert)
[2020-12-26 01:01:12] - 사용 용량 업데이트(du_check)
[2020-12-26 01:01:12] - 플래시 캐시 파일 삭제(delete_flash_cach)
[2020-12-26 01:01:12] - 캡차 파일 삭제(captcha_file_delete)
[2020-12-26 01:01:12] - 오래된 파일 삭제(tmp_file_delete)
[2020-12-26 01:01:12] - 카카오알림톡 템플릿 동기화(kakaotalk_template)
[2020-12-26 01:01:12] - 엑셀다운로드데이터 삭제(delete_excel_temp)
[2020-12-26 01:01:12] - naverpay 삭제(log_naverpay_delete)
[2020-12-26 01:01:12] - captcha 삭제(log_captcha_delete)
[2020-12-26 01:01:12] - email log 삭제(log_email_delete)
[2020-12-26 01:01:12] - 장바구니 비우기(empty_cart)
[2020-12-26 01:01:12] - 엑심베이 코드 동기화(eximbay)
[2020-12-26 01:01:12] - NPay 택배사 매핑 동기화(npay_delivery_company_code)
[2020-12-26 01:01:12] - 코드 동기화(code_sync)
[2020-12-26 01:01:12] - config 동기화(config_sync)
[2020-12-26 01:01:12] - 택배사 동기화(delivery_url)
[2020-12-26 01:01:12] - 쇼핑몰 분류 동기화(shop_branch)
[2020-12-27 01:01:14] - KICC 코드 동기화(kicc_code)
[2020-12-27 01:01:14] - SMS 국가 코드(sms_national_code)
[2020-12-27 01:01:14] - 서버 캐시파일 삭제(delete_caches)
[2020-12-27 01:01:14] - 엑셀 파일 삭제(delete_excel_file)
[2020-12-27 01:01:14] - 언어별 js메시지 파일 생성(create_alert_file)
[2020-12-27 01:01:14] - 부가서비스 이슈 알림(addservice_notify)
[2020-12-27 01:01:14] - 관리자 중요행위 알림 캐시파일 생성(makeCacheActionAert)
[2020-12-27 01:01:14] - 사용 용량 업데이트(du_check)
[2020-12-27 01:01:14] - 플래시 캐시 파일 삭제(delete_flash_cach)
[2020-12-27 01:01:14] - 캡차 파일 삭제(captcha_file_delete)
[2020-12-27 01:01:14] - 오래된 파일 삭제(tmp_file_delete)
[2020-12-27 01:01:14] - 카카오알림톡 템플릿 동기화(kakaotalk_template)
[2020-12-27 01:01:14] - 엑셀다운로드데이터 삭제(delete_excel_temp)
[2020-12-27 01:01:14] - naverpay 삭제(log_naverpay_delete)
[2020-12-27 01:01:14] - captcha 삭제(log_captcha_delete)
[2020-12-27 01:01:14] - email log 삭제(log_email_delete)
[2020-12-27 01:01:14] - 장바구니 비우기(empty_cart)
[2020-12-27 01:01:14] - 엑심베이 코드 동기화(eximbay)
[2020-12-27 01:01:14] - NPay 택배사 매핑 동기화(npay_delivery_company_code)
[2020-12-27 01:01:14] - 코드 동기화(code_sync)
[2020-12-27 01:01:14] - config 동기화(config_sync)
[2020-12-27 01:01:14] - 택배사 동기화(delivery_url)
[2020-12-27 01:01:14] - 쇼핑몰 분류 동기화(shop_branch)
[2020-12-28 01:01:14] - KICC 코드 동기화(kicc_code)
[2020-12-28 01:01:14] - SMS 국가 코드(sms_national_code)
[2020-12-28 01:01:14] - 서버 캐시파일 삭제(delete_caches)
[2020-12-28 01:01:14] - 엑셀 파일 삭제(delete_excel_file)
[2020-12-28 01:01:14] - 언어별 js메시지 파일 생성(create_alert_file)
[2020-12-28 01:01:14] - 부가서비스 이슈 알림(addservice_notify)
[2020-12-28 01:01:14] - 관리자 중요행위 알림 캐시파일 생성(makeCacheActionAert)
[2020-12-28 01:01:14] - 사용 용량 업데이트(du_check)
[2020-12-28 01:01:14] - 플래시 캐시 파일 삭제(delete_flash_cach)
[2020-12-28 01:01:14] - 캡차 파일 삭제(captcha_file_delete)
[2020-12-28 01:01:14] - 오래된 파일 삭제(tmp_file_delete)
[2020-12-28 01:01:14] - 카카오알림톡 템플릿 동기화(kakaotalk_template)
[2020-12-28 01:01:14] - 엑셀다운로드데이터 삭제(delete_excel_temp)
[2020-12-28 01:01:14] - naverpay 삭제(log_naverpay_delete)
[2020-12-28 01:01:14] - captcha 삭제(log_captcha_delete)
[2020-12-28 01:01:14] - email log 삭제(log_email_delete)
[2020-12-28 01:01:14] - 장바구니 비우기(empty_cart)
[2020-12-28 01:01:14] - 엑심베이 코드 동기화(eximbay)
[2020-12-28 01:01:14] - NPay 택배사 매핑 동기화(npay_delivery_company_code)
[2020-12-28 01:01:14] - 코드 동기화(code_sync)
[2020-12-28 01:01:14] - config 동기화(config_sync)
[2020-12-28 01:01:14] - 택배사 동기화(delivery_url)
[2020-12-28 01:01:14] - 쇼핑몰 분류 동기화(shop_branch)
[2020-12-29 01:00:10] - KICC 코드 동기화(kicc_code)
[2020-12-29 01:00:10] - SMS 국가 코드(sms_national_code)
[2020-12-29 01:00:10] - 서버 캐시파일 삭제(delete_caches)
[2020-12-29 01:00:10] - 엑셀 파일 삭제(delete_excel_file)
[2020-12-29 01:00:10] - 언어별 js메시지 파일 생성(create_alert_file)
[2020-12-29 01:00:10] - 부가서비스 이슈 알림(addservice_notify)
[2020-12-29 01:00:10] - 관리자 중요행위 알림 캐시파일 생성(makeCacheActionAert)
[2020-12-29 01:00:10] - 사용 용량 업데이트(du_check)
[2020-12-29 01:00:10] - 플래시 캐시 파일 삭제(delete_flash_cach)
[2020-12-29 01:00:10] - 캡차 파일 삭제(captcha_file_delete)
[2020-12-29 01:00:10] - 오래된 파일 삭제(tmp_file_delete)
[2020-12-29 01:00:10] - 카카오알림톡 템플릿 동기화(kakaotalk_template)
[2020-12-29 01:00:10] - 엑셀다운로드데이터 삭제(delete_excel_temp)
[2020-12-29 01:00:10] - naverpay 삭제(log_naverpay_delete)
[2020-12-29 01:00:10] - captcha 삭제(log_captcha_delete)
[2020-12-29 01:00:10] - email log 삭제(log_email_delete)
[2020-12-29 01:00:10] - 장바구니 비우기(empty_cart)
[2020-12-29 01:00:10] - 엑심베이 코드 동기화(eximbay)
[2020-12-29 01:00:10] - NPay 택배사 매핑 동기화(npay_delivery_company_code)
[2020-12-29 01:00:10] - 코드 동기화(code_sync)
[2020-12-29 01:00:10] - config 동기화(config_sync)
[2020-12-29 01:00:10] - 택배사 동기화(delivery_url)
[2020-12-29 01:00:10] - 쇼핑몰 분류 동기화(shop_branch)
[2020-12-30 01:00:14] - KICC 코드 동기화(kicc_code)
[2020-12-30 01:00:14] - SMS 국가 코드(sms_national_code)
[2020-12-30 01:00:14] - 서버 캐시파일 삭제(delete_caches)
[2020-12-30 01:00:14] - 엑셀 파일 삭제(delete_excel_file)
[2020-12-30 01:00:14] - 언어별 js메시지 파일 생성(create_alert_file)
[2020-12-30 01:00:14] - 부가서비스 이슈 알림(addservice_notify)
[2020-12-30 01:00:14] - 관리자 중요행위 알림 캐시파일 생성(makeCacheActionAert)
[2020-12-30 01:00:14] - 사용 용량 업데이트(du_check)
[2020-12-30 01:00:14] - 플래시 캐시 파일 삭제(delete_flash_cach)
[2020-12-30 01:00:14] - 캡차 파일 삭제(captcha_file_delete)
[2020-12-30 01:00:14] - 오래된 파일 삭제(tmp_file_delete)
[2020-12-30 01:00:14] - 카카오알림톡 템플릿 동기화(kakaotalk_template)
[2020-12-30 01:00:14] - 엑셀다운로드데이터 삭제(delete_excel_temp)
[2020-12-30 01:00:14] - naverpay 삭제(log_naverpay_delete)
[2020-12-30 01:00:14] - captcha 삭제(log_captcha_delete)
[2020-12-30 01:00:14] - email log 삭제(log_email_delete)
[2020-12-30 01:00:14] - 장바구니 비우기(empty_cart)
[2020-12-30 01:00:14] - 엑심베이 코드 동기화(eximbay)
[2020-12-30 01:00:14] - NPay 택배사 매핑 동기화(npay_delivery_company_code)
[2020-12-30 01:00:14] - 코드 동기화(code_sync)
[2020-12-30 01:00:14] - config 동기화(config_sync)
[2020-12-30 01:00:14] - 택배사 동기화(delivery_url)
[2020-12-30 01:00:14] - 쇼핑몰 분류 동기화(shop_branch)
[2020-12-31 01:00:13] - KICC 코드 동기화(kicc_code)
[2020-12-31 01:00:13] - SMS 국가 코드(sms_national_code)
[2020-12-31 01:00:13] - 서버 캐시파일 삭제(delete_caches)
[2020-12-31 01:00:13] - 엑셀 파일 삭제(delete_excel_file)
[2020-12-31 01:00:13] - 언어별 js메시지 파일 생성(create_alert_file)
[2020-12-31 01:00:13] - 부가서비스 이슈 알림(addservice_notify)
[2020-12-31 01:00:13] - 관리자 중요행위 알림 캐시파일 생성(makeCacheActionAert)
[2020-12-31 01:00:13] - 사용 용량 업데이트(du_check)
[2020-12-31 01:00:13] - 플래시 캐시 파일 삭제(delete_flash_cach)
[2020-12-31 01:00:13] - 캡차 파일 삭제(captcha_file_delete)
[2020-12-31 01:00:13] - 오래된 파일 삭제(tmp_file_delete)
[2020-12-31 01:00:13] - 카카오알림톡 템플릿 동기화(kakaotalk_template)
[2020-12-31 01:00:13] - 엑셀다운로드데이터 삭제(delete_excel_temp)
[2020-12-31 01:00:13] - naverpay 삭제(log_naverpay_delete)
[2020-12-31 01:00:13] - captcha 삭제(log_captcha_delete)
[2020-12-31 01:00:13] - email log 삭제(log_email_delete)
[2020-12-31 01:00:13] - 장바구니 비우기(empty_cart)
[2020-12-31 01:00:13] - 엑심베이 코드 동기화(eximbay)
[2020-12-31 01:00:13] - NPay 택배사 매핑 동기화(npay_delivery_company_code)
[2020-12-31 01:00:13] - 코드 동기화(code_sync)
[2020-12-31 01:00:13] - config 동기화(config_sync)
[2020-12-31 01:00:13] - 택배사 동기화(delivery_url)
[2020-12-31 01:00:13] - 쇼핑몰 분류 동기화(shop_branch)
