[2021-04-01 00:10:08] - 구글 피드 생성(createGoogleFile)
[2021-04-01 00:10:08] - 페이스북 피드 생성(createFacebookFile)
[2021-04-01 00:10:08] - 입점마켓팅 네이버 판매지수EP 생성(createNaverSalesEpFile)
[2021-04-01 00:10:08] - 입점마켓팅 리뷰EP 생성(createReviewFile)
[2021-04-01 00:10:08] - 입점마켓팅 네이버EP 3.0 생성(createNaverThirdFile)
[2021-04-01 00:10:08] - 입점마켓팅 네이버EP 2.0 생성(createNaverFile)
[2021-04-01 00:10:08] - 입점마켓팅 다음EP 생성(createDaumFile)
[2021-04-02 00:10:06] - 구글 피드 생성(createGoogleFile)
[2021-04-02 00:10:06] - 페이스북 피드 생성(createFacebookFile)
[2021-04-02 00:10:06] - 입점마켓팅 네이버 판매지수EP 생성(createNaverSalesEpFile)
[2021-04-02 00:10:06] - 입점마켓팅 리뷰EP 생성(createReviewFile)
[2021-04-02 00:10:06] - 입점마켓팅 네이버EP 3.0 생성(createNaverThirdFile)
[2021-04-02 00:10:06] - 입점마켓팅 네이버EP 2.0 생성(createNaverFile)
[2021-04-02 00:10:06] - 입점마켓팅 다음EP 생성(createDaumFile)
[2021-04-03 00:10:17] - 구글 피드 생성(createGoogleFile)
[2021-04-03 00:10:17] - 페이스북 피드 생성(createFacebookFile)
[2021-04-03 00:10:17] - 입점마켓팅 네이버 판매지수EP 생성(createNaverSalesEpFile)
[2021-04-03 00:10:17] - 입점마켓팅 리뷰EP 생성(createReviewFile)
[2021-04-03 00:10:17] - 입점마켓팅 네이버EP 3.0 생성(createNaverThirdFile)
[2021-04-03 00:10:17] - 입점마켓팅 네이버EP 2.0 생성(createNaverFile)
[2021-04-03 00:10:17] - 입점마켓팅 다음EP 생성(createDaumFile)
[2021-04-04 00:10:17] - 구글 피드 생성(createGoogleFile)
[2021-04-04 00:10:17] - 페이스북 피드 생성(createFacebookFile)
[2021-04-04 00:10:17] - 입점마켓팅 네이버 판매지수EP 생성(createNaverSalesEpFile)
[2021-04-04 00:10:17] - 입점마켓팅 리뷰EP 생성(createReviewFile)
[2021-04-04 00:10:17] - 입점마켓팅 네이버EP 3.0 생성(createNaverThirdFile)
[2021-04-04 00:10:17] - 입점마켓팅 네이버EP 2.0 생성(createNaverFile)
[2021-04-04 00:10:17] - 입점마켓팅 다음EP 생성(createDaumFile)
[2021-04-05 00:10:18] - 구글 피드 생성(createGoogleFile)
[2021-04-05 00:10:18] - 페이스북 피드 생성(createFacebookFile)
[2021-04-05 00:10:18] - 입점마켓팅 네이버 판매지수EP 생성(createNaverSalesEpFile)
[2021-04-05 00:10:18] - 입점마켓팅 리뷰EP 생성(createReviewFile)
[2021-04-05 00:10:18] - 입점마켓팅 네이버EP 3.0 생성(createNaverThirdFile)
[2021-04-05 00:10:18] - 입점마켓팅 네이버EP 2.0 생성(createNaverFile)
[2021-04-05 00:10:18] - 입점마켓팅 다음EP 생성(createDaumFile)
[2021-04-06 00:10:16] - 구글 피드 생성(createGoogleFile)
[2021-04-06 00:10:16] - 페이스북 피드 생성(createFacebookFile)
[2021-04-06 00:10:16] - 입점마켓팅 네이버 판매지수EP 생성(createNaverSalesEpFile)
[2021-04-06 00:10:16] - 입점마켓팅 리뷰EP 생성(createReviewFile)
[2021-04-06 00:10:16] - 입점마켓팅 네이버EP 3.0 생성(createNaverThirdFile)
[2021-04-06 00:10:16] - 입점마켓팅 네이버EP 2.0 생성(createNaverFile)
[2021-04-06 00:10:16] - 입점마켓팅 다음EP 생성(createDaumFile)
[2021-04-07 00:10:17] - 구글 피드 생성(createGoogleFile)
[2021-04-07 00:10:17] - 페이스북 피드 생성(createFacebookFile)
[2021-04-07 00:10:17] - 입점마켓팅 네이버 판매지수EP 생성(createNaverSalesEpFile)
[2021-04-07 00:10:17] - 입점마켓팅 리뷰EP 생성(createReviewFile)
[2021-04-07 00:10:17] - 입점마켓팅 네이버EP 3.0 생성(createNaverThirdFile)
[2021-04-07 00:10:17] - 입점마켓팅 네이버EP 2.0 생성(createNaverFile)
[2021-04-07 00:10:17] - 입점마켓팅 다음EP 생성(createDaumFile)
[2021-04-08 00:10:17] - 구글 피드 생성(createGoogleFile)
[2021-04-08 00:10:17] - 페이스북 피드 생성(createFacebookFile)
[2021-04-08 00:10:17] - 입점마켓팅 네이버 판매지수EP 생성(createNaverSalesEpFile)
[2021-04-08 00:10:17] - 입점마켓팅 리뷰EP 생성(createReviewFile)
[2021-04-08 00:10:17] - 입점마켓팅 네이버EP 3.0 생성(createNaverThirdFile)
[2021-04-08 00:10:17] - 입점마켓팅 네이버EP 2.0 생성(createNaverFile)
[2021-04-08 00:10:17] - 입점마켓팅 다음EP 생성(createDaumFile)
[2021-04-09 00:10:08] - 구글 피드 생성(createGoogleFile)
[2021-04-09 00:10:08] - 페이스북 피드 생성(createFacebookFile)
[2021-04-09 00:10:08] - 입점마켓팅 네이버 판매지수EP 생성(createNaverSalesEpFile)
[2021-04-09 00:10:08] - 입점마켓팅 리뷰EP 생성(createReviewFile)
[2021-04-09 00:10:08] - 입점마켓팅 네이버EP 3.0 생성(createNaverThirdFile)
[2021-04-09 00:10:08] - 입점마켓팅 네이버EP 2.0 생성(createNaverFile)
[2021-04-09 00:10:08] - 입점마켓팅 다음EP 생성(createDaumFile)
[2021-04-10 00:10:07] - 구글 피드 생성(createGoogleFile)
[2021-04-10 00:10:07] - 페이스북 피드 생성(createFacebookFile)
[2021-04-10 00:10:07] - 입점마켓팅 네이버 판매지수EP 생성(createNaverSalesEpFile)
[2021-04-10 00:10:07] - 입점마켓팅 리뷰EP 생성(createReviewFile)
[2021-04-10 00:10:07] - 입점마켓팅 네이버EP 3.0 생성(createNaverThirdFile)
[2021-04-10 00:10:07] - 입점마켓팅 네이버EP 2.0 생성(createNaverFile)
[2021-04-10 00:10:07] - 입점마켓팅 다음EP 생성(createDaumFile)
[2021-04-11 00:10:07] - 구글 피드 생성(createGoogleFile)
[2021-04-11 00:10:07] - 페이스북 피드 생성(createFacebookFile)
[2021-04-11 00:10:07] - 입점마켓팅 네이버 판매지수EP 생성(createNaverSalesEpFile)
[2021-04-11 00:10:07] - 입점마켓팅 리뷰EP 생성(createReviewFile)
[2021-04-11 00:10:07] - 입점마켓팅 네이버EP 3.0 생성(createNaverThirdFile)
[2021-04-11 00:10:07] - 입점마켓팅 네이버EP 2.0 생성(createNaverFile)
[2021-04-11 00:10:07] - 입점마켓팅 다음EP 생성(createDaumFile)
[2021-04-12 00:10:08] - 구글 피드 생성(createGoogleFile)
[2021-04-12 00:10:08] - 페이스북 피드 생성(createFacebookFile)
[2021-04-12 00:10:08] - 입점마켓팅 네이버 판매지수EP 생성(createNaverSalesEpFile)
[2021-04-12 00:10:08] - 입점마켓팅 리뷰EP 생성(createReviewFile)
[2021-04-12 00:10:08] - 입점마켓팅 네이버EP 3.0 생성(createNaverThirdFile)
[2021-04-12 00:10:08] - 입점마켓팅 네이버EP 2.0 생성(createNaverFile)
[2021-04-12 00:10:08] - 입점마켓팅 다음EP 생성(createDaumFile)
[2021-04-13 00:10:08] - 구글 피드 생성(createGoogleFile)
[2021-04-13 00:10:08] - 페이스북 피드 생성(createFacebookFile)
[2021-04-13 00:10:08] - 입점마켓팅 네이버 판매지수EP 생성(createNaverSalesEpFile)
[2021-04-13 00:10:08] - 입점마켓팅 리뷰EP 생성(createReviewFile)
[2021-04-13 00:10:08] - 입점마켓팅 네이버EP 3.0 생성(createNaverThirdFile)
[2021-04-13 00:10:08] - 입점마켓팅 네이버EP 2.0 생성(createNaverFile)
[2021-04-13 00:10:08] - 입점마켓팅 다음EP 생성(createDaumFile)
[2021-04-14 00:10:08] - 구글 피드 생성(createGoogleFile)
[2021-04-14 00:10:08] - 페이스북 피드 생성(createFacebookFile)
[2021-04-14 00:10:08] - 입점마켓팅 네이버 판매지수EP 생성(createNaverSalesEpFile)
[2021-04-14 00:10:08] - 입점마켓팅 리뷰EP 생성(createReviewFile)
[2021-04-14 00:10:08] - 입점마켓팅 네이버EP 3.0 생성(createNaverThirdFile)
[2021-04-14 00:10:08] - 입점마켓팅 네이버EP 2.0 생성(createNaverFile)
[2021-04-14 00:10:08] - 입점마켓팅 다음EP 생성(createDaumFile)
[2021-04-15 00:10:08] - 구글 피드 생성(createGoogleFile)
[2021-04-15 00:10:08] - 페이스북 피드 생성(createFacebookFile)
[2021-04-15 00:10:08] - 입점마켓팅 네이버 판매지수EP 생성(createNaverSalesEpFile)
[2021-04-15 00:10:08] - 입점마켓팅 리뷰EP 생성(createReviewFile)
[2021-04-15 00:10:08] - 입점마켓팅 네이버EP 3.0 생성(createNaverThirdFile)
[2021-04-15 00:10:08] - 입점마켓팅 네이버EP 2.0 생성(createNaverFile)
[2021-04-15 00:10:08] - 입점마켓팅 다음EP 생성(createDaumFile)
[2021-04-16 00:10:08] - 구글 피드 생성(createGoogleFile)
[2021-04-16 00:10:08] - 페이스북 피드 생성(createFacebookFile)
[2021-04-16 00:10:08] - 입점마켓팅 네이버 판매지수EP 생성(createNaverSalesEpFile)
[2021-04-16 00:10:08] - 입점마켓팅 리뷰EP 생성(createReviewFile)
[2021-04-16 00:10:08] - 입점마켓팅 네이버EP 3.0 생성(createNaverThirdFile)
[2021-04-16 00:10:08] - 입점마켓팅 네이버EP 2.0 생성(createNaverFile)
[2021-04-16 00:10:08] - 입점마켓팅 다음EP 생성(createDaumFile)
[2021-04-17 00:10:08] - 구글 피드 생성(createGoogleFile)
[2021-04-17 00:10:08] - 페이스북 피드 생성(createFacebookFile)
[2021-04-17 00:10:08] - 입점마켓팅 네이버 판매지수EP 생성(createNaverSalesEpFile)
[2021-04-17 00:10:08] - 입점마켓팅 리뷰EP 생성(createReviewFile)
[2021-04-17 00:10:08] - 입점마켓팅 네이버EP 3.0 생성(createNaverThirdFile)
[2021-04-17 00:10:08] - 입점마켓팅 네이버EP 2.0 생성(createNaverFile)
[2021-04-17 00:10:08] - 입점마켓팅 다음EP 생성(createDaumFile)
[2021-04-18 00:10:09] - 구글 피드 생성(createGoogleFile)
[2021-04-18 00:10:09] - 페이스북 피드 생성(createFacebookFile)
[2021-04-18 00:10:09] - 입점마켓팅 네이버 판매지수EP 생성(createNaverSalesEpFile)
[2021-04-18 00:10:09] - 입점마켓팅 리뷰EP 생성(createReviewFile)
[2021-04-18 00:10:09] - 입점마켓팅 네이버EP 3.0 생성(createNaverThirdFile)
[2021-04-18 00:10:09] - 입점마켓팅 네이버EP 2.0 생성(createNaverFile)
[2021-04-18 00:10:09] - 입점마켓팅 다음EP 생성(createDaumFile)
[2021-04-19 00:10:09] - 구글 피드 생성(createGoogleFile)
[2021-04-19 00:10:09] - 페이스북 피드 생성(createFacebookFile)
[2021-04-19 00:10:09] - 입점마켓팅 네이버 판매지수EP 생성(createNaverSalesEpFile)
[2021-04-19 00:10:09] - 입점마켓팅 리뷰EP 생성(createReviewFile)
[2021-04-19 00:10:09] - 입점마켓팅 네이버EP 3.0 생성(createNaverThirdFile)
[2021-04-19 00:10:09] - 입점마켓팅 네이버EP 2.0 생성(createNaverFile)
[2021-04-19 00:10:09] - 입점마켓팅 다음EP 생성(createDaumFile)
[2021-04-20 00:10:07] - 구글 피드 생성(createGoogleFile)
[2021-04-20 00:10:07] - 페이스북 피드 생성(createFacebookFile)
[2021-04-20 00:10:07] - 입점마켓팅 네이버 판매지수EP 생성(createNaverSalesEpFile)
[2021-04-20 00:10:07] - 입점마켓팅 리뷰EP 생성(createReviewFile)
[2021-04-20 00:10:07] - 입점마켓팅 네이버EP 3.0 생성(createNaverThirdFile)
[2021-04-20 00:10:07] - 입점마켓팅 네이버EP 2.0 생성(createNaverFile)
[2021-04-20 00:10:07] - 입점마켓팅 다음EP 생성(createDaumFile)
[2021-04-21 00:10:07] - 구글 피드 생성(createGoogleFile)
[2021-04-21 00:10:07] - 페이스북 피드 생성(createFacebookFile)
[2021-04-21 00:10:07] - 입점마켓팅 네이버 판매지수EP 생성(createNaverSalesEpFile)
[2021-04-21 00:10:07] - 입점마켓팅 리뷰EP 생성(createReviewFile)
[2021-04-21 00:10:07] - 입점마켓팅 네이버EP 3.0 생성(createNaverThirdFile)
[2021-04-21 00:10:07] - 입점마켓팅 네이버EP 2.0 생성(createNaverFile)
[2021-04-21 00:10:07] - 입점마켓팅 다음EP 생성(createDaumFile)
[2021-04-22 00:10:07] - 구글 피드 생성(createGoogleFile)
[2021-04-22 00:10:07] - 페이스북 피드 생성(createFacebookFile)
[2021-04-22 00:10:07] - 입점마켓팅 네이버 판매지수EP 생성(createNaverSalesEpFile)
[2021-04-22 00:10:07] - 입점마켓팅 리뷰EP 생성(createReviewFile)
[2021-04-22 00:10:07] - 입점마켓팅 네이버EP 3.0 생성(createNaverThirdFile)
[2021-04-22 00:10:07] - 입점마켓팅 네이버EP 2.0 생성(createNaverFile)
[2021-04-22 00:10:07] - 입점마켓팅 다음EP 생성(createDaumFile)
[2021-04-23 00:10:07] - 구글 피드 생성(createGoogleFile)
[2021-04-23 00:10:07] - 페이스북 피드 생성(createFacebookFile)
[2021-04-23 00:10:07] - 입점마켓팅 네이버 판매지수EP 생성(createNaverSalesEpFile)
[2021-04-23 00:10:07] - 입점마켓팅 리뷰EP 생성(createReviewFile)
[2021-04-23 00:10:07] - 입점마켓팅 네이버EP 3.0 생성(createNaverThirdFile)
[2021-04-23 00:10:07] - 입점마켓팅 네이버EP 2.0 생성(createNaverFile)
[2021-04-23 00:10:07] - 입점마켓팅 다음EP 생성(createDaumFile)
[2021-04-24 00:10:07] - 구글 피드 생성(createGoogleFile)
[2021-04-24 00:10:07] - 페이스북 피드 생성(createFacebookFile)
[2021-04-24 00:10:07] - 입점마켓팅 네이버 판매지수EP 생성(createNaverSalesEpFile)
[2021-04-24 00:10:07] - 입점마켓팅 리뷰EP 생성(createReviewFile)
[2021-04-24 00:10:07] - 입점마켓팅 네이버EP 3.0 생성(createNaverThirdFile)
[2021-04-24 00:10:07] - 입점마켓팅 네이버EP 2.0 생성(createNaverFile)
[2021-04-24 00:10:07] - 입점마켓팅 다음EP 생성(createDaumFile)
[2021-04-25 00:10:07] - 구글 피드 생성(createGoogleFile)
[2021-04-25 00:10:07] - 페이스북 피드 생성(createFacebookFile)
[2021-04-25 00:10:07] - 입점마켓팅 네이버 판매지수EP 생성(createNaverSalesEpFile)
[2021-04-25 00:10:07] - 입점마켓팅 리뷰EP 생성(createReviewFile)
[2021-04-25 00:10:07] - 입점마켓팅 네이버EP 3.0 생성(createNaverThirdFile)
[2021-04-25 00:10:07] - 입점마켓팅 네이버EP 2.0 생성(createNaverFile)
[2021-04-25 00:10:07] - 입점마켓팅 다음EP 생성(createDaumFile)
[2021-04-26 00:10:07] - 구글 피드 생성(createGoogleFile)
[2021-04-26 00:10:07] - 페이스북 피드 생성(createFacebookFile)
[2021-04-26 00:10:07] - 입점마켓팅 네이버 판매지수EP 생성(createNaverSalesEpFile)
[2021-04-26 00:10:07] - 입점마켓팅 리뷰EP 생성(createReviewFile)
[2021-04-26 00:10:07] - 입점마켓팅 네이버EP 3.0 생성(createNaverThirdFile)
[2021-04-26 00:10:07] - 입점마켓팅 네이버EP 2.0 생성(createNaverFile)
[2021-04-26 00:10:07] - 입점마켓팅 다음EP 생성(createDaumFile)
[2021-04-27 00:10:07] - 구글 피드 생성(createGoogleFile)
[2021-04-27 00:10:07] - 페이스북 피드 생성(createFacebookFile)
[2021-04-27 00:10:07] - 입점마켓팅 네이버 판매지수EP 생성(createNaverSalesEpFile)
[2021-04-27 00:10:07] - 입점마켓팅 리뷰EP 생성(createReviewFile)
[2021-04-27 00:10:07] - 입점마켓팅 네이버EP 3.0 생성(createNaverThirdFile)
[2021-04-27 00:10:07] - 입점마켓팅 네이버EP 2.0 생성(createNaverFile)
[2021-04-27 00:10:07] - 입점마켓팅 다음EP 생성(createDaumFile)
[2021-04-28 00:10:07] - 구글 피드 생성(createGoogleFile)
[2021-04-28 00:10:07] - 페이스북 피드 생성(createFacebookFile)
[2021-04-28 00:10:07] - 입점마켓팅 네이버 판매지수EP 생성(createNaverSalesEpFile)
[2021-04-28 00:10:07] - 입점마켓팅 리뷰EP 생성(createReviewFile)
[2021-04-28 00:10:07] - 입점마켓팅 네이버EP 3.0 생성(createNaverThirdFile)
[2021-04-28 00:10:07] - 입점마켓팅 네이버EP 2.0 생성(createNaverFile)
[2021-04-28 00:10:07] - 입점마켓팅 다음EP 생성(createDaumFile)
[2021-04-29 00:10:07] - 구글 피드 생성(createGoogleFile)
[2021-04-29 00:10:07] - 페이스북 피드 생성(createFacebookFile)
[2021-04-29 00:10:07] - 입점마켓팅 네이버 판매지수EP 생성(createNaverSalesEpFile)
[2021-04-29 00:10:07] - 입점마켓팅 리뷰EP 생성(createReviewFile)
[2021-04-29 00:10:07] - 입점마켓팅 네이버EP 3.0 생성(createNaverThirdFile)
[2021-04-29 00:10:07] - 입점마켓팅 네이버EP 2.0 생성(createNaverFile)
[2021-04-29 00:10:07] - 입점마켓팅 다음EP 생성(createDaumFile)
[2021-04-30 00:10:07] - 구글 피드 생성(createGoogleFile)
[2021-04-30 00:10:07] - 페이스북 피드 생성(createFacebookFile)
[2021-04-30 00:10:07] - 입점마켓팅 네이버 판매지수EP 생성(createNaverSalesEpFile)
[2021-04-30 00:10:07] - 입점마켓팅 리뷰EP 생성(createReviewFile)
[2021-04-30 00:10:07] - 입점마켓팅 네이버EP 3.0 생성(createNaverThirdFile)
[2021-04-30 00:10:07] - 입점마켓팅 네이버EP 2.0 생성(createNaverFile)
[2021-04-30 00:10:07] - 입점마켓팅 다음EP 생성(createDaumFile)
