[2021-01-01 01:00:17] - 티켓 상품 자동 배송 완료(batch_social_goods_confirm) - batch_social_goods_confirm  no data
[2021-01-01 01:00:17] - 미입금 통보 확인(deposit_request)
[2021-01-01 01:00:17] - 굿스플로 배송정보(receiveTrackingResults) - OK
[2021-01-01 01:00:17] - 티켓 상품 자동 배송 완료(batch_social_goods_confirm)
[2021-01-01 01:00:17] - 자동 구매 확정(batch_buy_confirm)
[2021-01-01 01:00:17] - 자동 주문 취소(order_cancel)
[2021-01-02 01:00:16] - 티켓 상품 자동 배송 완료(batch_social_goods_confirm) - batch_social_goods_confirm  no data
[2021-01-02 01:00:16] - 미입금 통보 확인(deposit_request)
[2021-01-02 01:00:16] - 굿스플로 배송정보(receiveTrackingResults) - OK
[2021-01-02 01:00:16] - 티켓 상품 자동 배송 완료(batch_social_goods_confirm)
[2021-01-02 01:00:16] - 자동 구매 확정(batch_buy_confirm)
[2021-01-02 01:00:16] - 자동 주문 취소(order_cancel)
[2021-01-03 01:00:17] - 티켓 상품 자동 배송 완료(batch_social_goods_confirm) - batch_social_goods_confirm  no data
[2021-01-03 01:00:17] - 미입금 통보 확인(deposit_request)
[2021-01-03 01:00:17] - 굿스플로 배송정보(receiveTrackingResults) - OK
[2021-01-03 01:00:17] - 티켓 상품 자동 배송 완료(batch_social_goods_confirm)
[2021-01-03 01:00:17] - 자동 구매 확정(batch_buy_confirm)
[2021-01-03 01:00:17] - 자동 주문 취소(order_cancel)
[2021-01-04 01:00:16] - 티켓 상품 자동 배송 완료(batch_social_goods_confirm) - batch_social_goods_confirm  no data
[2021-01-04 01:00:16] - 미입금 통보 확인(deposit_request)
[2021-01-04 01:00:16] - 굿스플로 배송정보(receiveTrackingResults) - OK
[2021-01-04 01:00:16] - 티켓 상품 자동 배송 완료(batch_social_goods_confirm)
[2021-01-04 01:00:16] - 자동 구매 확정(batch_buy_confirm)
[2021-01-04 01:00:16] - 자동 주문 취소(order_cancel)
[2021-01-05 01:00:17] - 티켓 상품 자동 배송 완료(batch_social_goods_confirm) - batch_social_goods_confirm  no data
[2021-01-05 01:00:17] - 미입금 통보 확인(deposit_request)
[2021-01-05 01:00:17] - 굿스플로 배송정보(receiveTrackingResults) - OK
[2021-01-05 01:00:17] - 티켓 상품 자동 배송 완료(batch_social_goods_confirm)
[2021-01-05 01:00:17] - 자동 구매 확정(batch_buy_confirm)
[2021-01-05 01:00:17] - 자동 주문 취소(order_cancel)
[2021-01-06 01:00:16] - 티켓 상품 자동 배송 완료(batch_social_goods_confirm) - batch_social_goods_confirm  no data
[2021-01-06 01:00:16] - 미입금 통보 확인(deposit_request)
[2021-01-06 01:00:16] - 굿스플로 배송정보(receiveTrackingResults) - OK
[2021-01-06 01:00:16] - 티켓 상품 자동 배송 완료(batch_social_goods_confirm)
[2021-01-06 01:00:16] - 자동 구매 확정(batch_buy_confirm)
[2021-01-06 01:00:16] - 자동 주문 취소(order_cancel)
[2021-01-07 01:00:17] - 티켓 상품 자동 배송 완료(batch_social_goods_confirm) - batch_social_goods_confirm  no data
[2021-01-07 01:00:17] - 미입금 통보 확인(deposit_request)
[2021-01-07 01:00:17] - 굿스플로 배송정보(receiveTrackingResults) - OK
[2021-01-07 01:00:17] - 티켓 상품 자동 배송 완료(batch_social_goods_confirm)
[2021-01-07 01:00:17] - 자동 구매 확정(batch_buy_confirm)
[2021-01-07 01:00:17] - 자동 주문 취소(order_cancel)
[2021-01-08 01:00:17] - 티켓 상품 자동 배송 완료(batch_social_goods_confirm) - batch_social_goods_confirm  no data
[2021-01-08 01:00:17] - 미입금 통보 확인(deposit_request)
[2021-01-08 01:00:17] - 굿스플로 배송정보(receiveTrackingResults) - OK
[2021-01-08 01:00:17] - 티켓 상품 자동 배송 완료(batch_social_goods_confirm)
[2021-01-08 01:00:17] - 자동 구매 확정(batch_buy_confirm)
[2021-01-08 01:00:17] - 자동 주문 취소(order_cancel)
[2021-01-09 01:00:17] - 티켓 상품 자동 배송 완료(batch_social_goods_confirm) - batch_social_goods_confirm  no data
[2021-01-09 01:00:17] - 미입금 통보 확인(deposit_request)
[2021-01-09 01:00:17] - 굿스플로 배송정보(receiveTrackingResults) - OK
[2021-01-09 01:00:17] - 티켓 상품 자동 배송 완료(batch_social_goods_confirm)
[2021-01-09 01:00:17] - 자동 구매 확정(batch_buy_confirm)
[2021-01-09 01:00:17] - 자동 주문 취소(order_cancel)
[2021-01-10 01:00:17] - 티켓 상품 자동 배송 완료(batch_social_goods_confirm) - batch_social_goods_confirm  no data
[2021-01-10 01:00:17] - 미입금 통보 확인(deposit_request)
[2021-01-10 01:00:17] - 굿스플로 배송정보(receiveTrackingResults) - OK
[2021-01-10 01:00:17] - 티켓 상품 자동 배송 완료(batch_social_goods_confirm)
[2021-01-10 01:00:17] - 자동 구매 확정(batch_buy_confirm)
[2021-01-10 01:00:17] - 자동 주문 취소(order_cancel)
[2021-01-11 01:00:17] - 티켓 상품 자동 배송 완료(batch_social_goods_confirm) - batch_social_goods_confirm  no data
[2021-01-11 01:00:17] - 미입금 통보 확인(deposit_request)
[2021-01-11 01:00:17] - 굿스플로 배송정보(receiveTrackingResults) - OK
[2021-01-11 01:00:17] - 티켓 상품 자동 배송 완료(batch_social_goods_confirm)
[2021-01-11 01:00:17] - 자동 구매 확정(batch_buy_confirm)
[2021-01-11 01:00:17] - 자동 주문 취소(order_cancel)
[2021-01-12 01:00:17] - 티켓 상품 자동 배송 완료(batch_social_goods_confirm) - batch_social_goods_confirm  no data
[2021-01-12 01:00:17] - 미입금 통보 확인(deposit_request)
[2021-01-12 01:00:17] - 굿스플로 배송정보(receiveTrackingResults) - OK
[2021-01-12 01:00:17] - 티켓 상품 자동 배송 완료(batch_social_goods_confirm)
[2021-01-12 01:00:17] - 자동 구매 확정(batch_buy_confirm)
[2021-01-12 01:00:17] - 자동 주문 취소(order_cancel)
[2021-01-13 01:00:19] - 티켓 상품 자동 배송 완료(batch_social_goods_confirm) - batch_social_goods_confirm  no data
[2021-01-13 01:00:19] - 미입금 통보 확인(deposit_request)
[2021-01-13 01:00:19] - 굿스플로 배송정보(receiveTrackingResults) - OK
[2021-01-13 01:00:19] - 티켓 상품 자동 배송 완료(batch_social_goods_confirm)
[2021-01-13 01:00:19] - 자동 구매 확정(batch_buy_confirm)
[2021-01-13 01:00:19] - 자동 주문 취소(order_cancel)
[2021-01-14 01:00:19] - 티켓 상품 자동 배송 완료(batch_social_goods_confirm) - batch_social_goods_confirm  no data
[2021-01-14 01:00:19] - 미입금 통보 확인(deposit_request)
[2021-01-14 01:00:19] - 굿스플로 배송정보(receiveTrackingResults) - OK
[2021-01-14 01:00:19] - 티켓 상품 자동 배송 완료(batch_social_goods_confirm)
[2021-01-14 01:00:19] - 자동 구매 확정(batch_buy_confirm)
[2021-01-14 01:00:19] - 자동 주문 취소(order_cancel)
[2021-01-15 01:00:20] - 티켓 상품 자동 배송 완료(batch_social_goods_confirm) - batch_social_goods_confirm  no data
[2021-01-15 01:00:20] - 미입금 통보 확인(deposit_request)
[2021-01-15 01:00:20] - 굿스플로 배송정보(receiveTrackingResults) - OK
[2021-01-15 01:00:20] - 티켓 상품 자동 배송 완료(batch_social_goods_confirm)
[2021-01-15 01:00:20] - 자동 구매 확정(batch_buy_confirm)
[2021-01-15 01:00:20] - 자동 주문 취소(order_cancel)
[2021-01-16 01:00:19] - 티켓 상품 자동 배송 완료(batch_social_goods_confirm) - batch_social_goods_confirm  no data
[2021-01-16 01:00:19] - 미입금 통보 확인(deposit_request)
[2021-01-16 01:00:19] - 굿스플로 배송정보(receiveTrackingResults) - OK
[2021-01-16 01:00:19] - 티켓 상품 자동 배송 완료(batch_social_goods_confirm)
[2021-01-16 01:00:19] - 자동 구매 확정(batch_buy_confirm)
[2021-01-16 01:00:19] - 자동 주문 취소(order_cancel)
[2021-01-17 01:00:17] - 티켓 상품 자동 배송 완료(batch_social_goods_confirm) - batch_social_goods_confirm  no data
[2021-01-17 01:00:17] - 미입금 통보 확인(deposit_request)
[2021-01-17 01:00:17] - 굿스플로 배송정보(receiveTrackingResults) - OK
[2021-01-17 01:00:17] - 티켓 상품 자동 배송 완료(batch_social_goods_confirm)
[2021-01-17 01:00:17] - 자동 구매 확정(batch_buy_confirm)
[2021-01-17 01:00:17] - 자동 주문 취소(order_cancel)
[2021-01-18 01:00:19] - 티켓 상품 자동 배송 완료(batch_social_goods_confirm) - batch_social_goods_confirm  no data
[2021-01-18 01:00:19] - 미입금 통보 확인(deposit_request)
[2021-01-18 01:00:19] - 굿스플로 배송정보(receiveTrackingResults) - OK
[2021-01-18 01:00:19] - 티켓 상품 자동 배송 완료(batch_social_goods_confirm)
[2021-01-18 01:00:19] - 자동 구매 확정(batch_buy_confirm)
[2021-01-18 01:00:19] - 자동 주문 취소(order_cancel)
[2021-01-19 01:00:18] - 티켓 상품 자동 배송 완료(batch_social_goods_confirm) - batch_social_goods_confirm  no data
[2021-01-19 01:00:18] - 미입금 통보 확인(deposit_request)
[2021-01-19 01:00:18] - 굿스플로 배송정보(receiveTrackingResults) - OK
[2021-01-19 01:00:18] - 티켓 상품 자동 배송 완료(batch_social_goods_confirm)
[2021-01-19 01:00:18] - 자동 구매 확정(batch_buy_confirm)
[2021-01-19 01:00:18] - 자동 주문 취소(order_cancel)
[2021-01-20 01:00:19] - 티켓 상품 자동 배송 완료(batch_social_goods_confirm) - batch_social_goods_confirm  no data
[2021-01-20 01:00:19] - 미입금 통보 확인(deposit_request)
[2021-01-20 01:00:19] - 굿스플로 배송정보(receiveTrackingResults) - OK
[2021-01-20 01:00:19] - 티켓 상품 자동 배송 완료(batch_social_goods_confirm)
[2021-01-20 01:00:19] - 자동 구매 확정(batch_buy_confirm)
[2021-01-20 01:00:19] - 자동 주문 취소(order_cancel)
[2021-01-21 01:00:17] - 티켓 상품 자동 배송 완료(batch_social_goods_confirm) - batch_social_goods_confirm  no data
[2021-01-21 01:00:17] - 미입금 통보 확인(deposit_request)
[2021-01-21 01:00:17] - 굿스플로 배송정보(receiveTrackingResults) - OK
[2021-01-21 01:00:17] - 티켓 상품 자동 배송 완료(batch_social_goods_confirm)
[2021-01-21 01:00:17] - 자동 구매 확정(batch_buy_confirm)
[2021-01-21 01:00:17] - 자동 주문 취소(order_cancel)
[2021-01-22 01:00:17] - 티켓 상품 자동 배송 완료(batch_social_goods_confirm) - batch_social_goods_confirm  no data
[2021-01-22 01:00:17] - 미입금 통보 확인(deposit_request)
[2021-01-22 01:00:17] - 굿스플로 배송정보(receiveTrackingResults) - OK
[2021-01-22 01:00:17] - 티켓 상품 자동 배송 완료(batch_social_goods_confirm)
[2021-01-22 01:00:17] - 자동 구매 확정(batch_buy_confirm)
[2021-01-22 01:00:17] - 자동 주문 취소(order_cancel)
[2021-01-23 01:00:17] - 티켓 상품 자동 배송 완료(batch_social_goods_confirm) - batch_social_goods_confirm  no data
[2021-01-23 01:00:17] - 미입금 통보 확인(deposit_request)
[2021-01-23 01:00:17] - 굿스플로 배송정보(receiveTrackingResults) - OK
[2021-01-23 01:00:17] - 티켓 상품 자동 배송 완료(batch_social_goods_confirm)
[2021-01-23 01:00:17] - 자동 구매 확정(batch_buy_confirm)
[2021-01-23 01:00:17] - 자동 주문 취소(order_cancel)
[2021-01-24 01:00:19] - 티켓 상품 자동 배송 완료(batch_social_goods_confirm) - batch_social_goods_confirm  no data
[2021-01-24 01:00:19] - 미입금 통보 확인(deposit_request)
[2021-01-24 01:00:19] - 굿스플로 배송정보(receiveTrackingResults) - OK
[2021-01-24 01:00:19] - 티켓 상품 자동 배송 완료(batch_social_goods_confirm)
[2021-01-24 01:00:19] - 자동 구매 확정(batch_buy_confirm)
[2021-01-24 01:00:19] - 자동 주문 취소(order_cancel)
[2021-01-25 01:00:19] - 티켓 상품 자동 배송 완료(batch_social_goods_confirm) - batch_social_goods_confirm  no data
[2021-01-25 01:00:19] - 미입금 통보 확인(deposit_request)
[2021-01-25 01:00:19] - 굿스플로 배송정보(receiveTrackingResults) - OK
[2021-01-25 01:00:19] - 티켓 상품 자동 배송 완료(batch_social_goods_confirm)
[2021-01-25 01:00:19] - 자동 구매 확정(batch_buy_confirm)
[2021-01-25 01:00:19] - 자동 주문 취소(order_cancel)
[2021-01-26 01:00:19] - 티켓 상품 자동 배송 완료(batch_social_goods_confirm) - batch_social_goods_confirm  no data
[2021-01-26 01:00:19] - 미입금 통보 확인(deposit_request)
[2021-01-26 01:00:19] - 굿스플로 배송정보(receiveTrackingResults) - OK
[2021-01-26 01:00:19] - 티켓 상품 자동 배송 완료(batch_social_goods_confirm)
[2021-01-26 01:00:19] - 자동 구매 확정(batch_buy_confirm)
[2021-01-26 01:00:19] - 자동 주문 취소(order_cancel)
[2021-01-27 01:00:18] - 티켓 상품 자동 배송 완료(batch_social_goods_confirm) - batch_social_goods_confirm  no data
[2021-01-27 01:00:18] - 미입금 통보 확인(deposit_request)
[2021-01-27 01:00:18] - 굿스플로 배송정보(receiveTrackingResults) - OK
[2021-01-27 01:00:18] - 티켓 상품 자동 배송 완료(batch_social_goods_confirm)
[2021-01-27 01:00:18] - 자동 구매 확정(batch_buy_confirm)
[2021-01-27 01:00:18] - 자동 주문 취소(order_cancel)
[2021-01-28 01:00:19] - 티켓 상품 자동 배송 완료(batch_social_goods_confirm) - batch_social_goods_confirm  no data
[2021-01-28 01:00:19] - 미입금 통보 확인(deposit_request)
[2021-01-28 01:00:19] - 굿스플로 배송정보(receiveTrackingResults) - OK
[2021-01-28 01:00:19] - 티켓 상품 자동 배송 완료(batch_social_goods_confirm)
[2021-01-28 01:00:19] - 자동 구매 확정(batch_buy_confirm)
[2021-01-28 01:00:19] - 자동 주문 취소(order_cancel)
[2021-01-29 01:00:19] - 티켓 상품 자동 배송 완료(batch_social_goods_confirm) - batch_social_goods_confirm  no data
[2021-01-29 01:00:19] - 미입금 통보 확인(deposit_request)
[2021-01-29 01:00:19] - 굿스플로 배송정보(receiveTrackingResults) - OK
[2021-01-29 01:00:19] - 티켓 상품 자동 배송 완료(batch_social_goods_confirm)
[2021-01-29 01:00:19] - 자동 구매 확정(batch_buy_confirm)
[2021-01-29 01:00:19] - 자동 주문 취소(order_cancel)
[2021-01-30 01:00:19] - 티켓 상품 자동 배송 완료(batch_social_goods_confirm) - batch_social_goods_confirm  no data
[2021-01-30 01:00:19] - 미입금 통보 확인(deposit_request)
[2021-01-30 01:00:19] - 굿스플로 배송정보(receiveTrackingResults) - OK
[2021-01-30 01:00:19] - 티켓 상품 자동 배송 완료(batch_social_goods_confirm)
[2021-01-30 01:00:19] - 자동 구매 확정(batch_buy_confirm)
[2021-01-30 01:00:19] - 자동 주문 취소(order_cancel)
[2021-01-31 01:00:20] - 티켓 상품 자동 배송 완료(batch_social_goods_confirm) - batch_social_goods_confirm  no data
[2021-01-31 01:00:20] - 미입금 통보 확인(deposit_request)
[2021-01-31 01:00:20] - 굿스플로 배송정보(receiveTrackingResults) - OK
[2021-01-31 01:00:20] - 티켓 상품 자동 배송 완료(batch_social_goods_confirm)
[2021-01-31 01:00:20] - 자동 구매 확정(batch_buy_confirm)
[2021-01-31 01:00:20] - 자동 주문 취소(order_cancel)
