[2021-12-01 01:00:27] - 만료 할인쿠폰 알림(remind_coupon) - Err(Today is not monday)
[2021-12-01 01:00:28] - 기념일 축하 안내(remind_anniversary)
[2021-12-01 01:00:28] - 생일 축하 안내(remind_birthday)
[2021-12-01 01:00:28] - 상품 리뷰 작성 안내(remind_review)
[2021-12-01 01:00:28] - 타임세일 종료 상품 안내(remind_timesale)
[2021-12-01 01:00:28] - 회원등급 혜택 안내(remind_membership)
[2021-12-01 01:00:28] - 장바구니/위시리스트 상품 안내(remind_cart)
[2021-12-01 01:00:28] - 소멸 마일리지 안내(remind_emoney)
[2021-12-01 01:00:28] - 만료 할인쿠폰 알림(remind_coupon)
[2021-12-02 01:00:26] - 만료 할인쿠폰 알림(remind_coupon) - Err(Today is not monday)
[2021-12-02 01:00:26] - 소멸 마일리지 안내(remind_emoney) - Err(Today is not monday)
[2021-12-02 01:00:27] - 기념일 축하 안내(remind_anniversary)
[2021-12-02 01:00:27] - 생일 축하 안내(remind_birthday)
[2021-12-02 01:00:27] - 상품 리뷰 작성 안내(remind_review)
[2021-12-02 01:00:27] - 타임세일 종료 상품 안내(remind_timesale)
[2021-12-02 01:00:27] - 회원등급 혜택 안내(remind_membership)
[2021-12-02 01:00:27] - 장바구니/위시리스트 상품 안내(remind_cart)
[2021-12-02 01:00:27] - 소멸 마일리지 안내(remind_emoney)
[2021-12-02 01:00:27] - 만료 할인쿠폰 알림(remind_coupon)
[2021-12-03 01:00:26] - 만료 할인쿠폰 알림(remind_coupon) - Err(Today is not monday)
[2021-12-03 01:00:26] - 소멸 마일리지 안내(remind_emoney) - Err(Today is not monday)
[2021-12-03 01:00:27] - 기념일 축하 안내(remind_anniversary)
[2021-12-03 01:00:27] - 생일 축하 안내(remind_birthday)
[2021-12-03 01:00:27] - 상품 리뷰 작성 안내(remind_review)
[2021-12-03 01:00:27] - 타임세일 종료 상품 안내(remind_timesale)
[2021-12-03 01:00:27] - 회원등급 혜택 안내(remind_membership)
[2021-12-03 01:00:27] - 장바구니/위시리스트 상품 안내(remind_cart)
[2021-12-03 01:00:27] - 소멸 마일리지 안내(remind_emoney)
[2021-12-03 01:00:27] - 만료 할인쿠폰 알림(remind_coupon)
[2021-12-04 01:00:28] - 만료 할인쿠폰 알림(remind_coupon) - Err(Today is not monday)
[2021-12-04 01:00:28] - 소멸 마일리지 안내(remind_emoney) - Err(Today is not monday)
[2021-12-04 01:00:28] - 기념일 축하 안내(remind_anniversary)
[2021-12-04 01:00:28] - 생일 축하 안내(remind_birthday)
[2021-12-04 01:00:28] - 상품 리뷰 작성 안내(remind_review)
[2021-12-04 01:00:28] - 타임세일 종료 상품 안내(remind_timesale)
[2021-12-04 01:00:28] - 회원등급 혜택 안내(remind_membership)
[2021-12-04 01:00:28] - 장바구니/위시리스트 상품 안내(remind_cart)
[2021-12-04 01:00:28] - 소멸 마일리지 안내(remind_emoney)
[2021-12-04 01:00:28] - 만료 할인쿠폰 알림(remind_coupon)
[2021-12-05 01:00:28] - 만료 할인쿠폰 알림(remind_coupon) - Err(Today is not monday)
[2021-12-05 01:00:28] - 소멸 마일리지 안내(remind_emoney) - Err(Today is not monday)
[2021-12-05 01:00:29] - 기념일 축하 안내(remind_anniversary)
[2021-12-05 01:00:29] - 생일 축하 안내(remind_birthday)
[2021-12-05 01:00:29] - 상품 리뷰 작성 안내(remind_review)
[2021-12-05 01:00:29] - 타임세일 종료 상품 안내(remind_timesale)
[2021-12-05 01:00:29] - 회원등급 혜택 안내(remind_membership)
[2021-12-05 01:00:29] - 장바구니/위시리스트 상품 안내(remind_cart)
[2021-12-05 01:00:29] - 소멸 마일리지 안내(remind_emoney)
[2021-12-05 01:00:29] - 만료 할인쿠폰 알림(remind_coupon)
[2021-12-06 01:00:33] - 소멸 마일리지 안내(remind_emoney) - Err(Today is not monday)
[2021-12-06 01:00:34] - 기념일 축하 안내(remind_anniversary)
[2021-12-06 01:00:34] - 생일 축하 안내(remind_birthday)
[2021-12-06 01:00:34] - 상품 리뷰 작성 안내(remind_review)
[2021-12-06 01:00:34] - 타임세일 종료 상품 안내(remind_timesale)
[2021-12-06 01:00:34] - 회원등급 혜택 안내(remind_membership)
[2021-12-06 01:00:34] - 장바구니/위시리스트 상품 안내(remind_cart)
[2021-12-06 01:00:34] - 소멸 마일리지 안내(remind_emoney)
[2021-12-06 01:00:34] - 만료 할인쿠폰 알림(remind_coupon)
[2021-12-07 01:00:26] - 만료 할인쿠폰 알림(remind_coupon) - Err(Today is not monday)
[2021-12-07 01:00:26] - 소멸 마일리지 안내(remind_emoney) - Err(Today is not monday)
[2021-12-07 01:00:26] - 기념일 축하 안내(remind_anniversary)
[2021-12-07 01:00:26] - 생일 축하 안내(remind_birthday)
[2021-12-07 01:00:26] - 상품 리뷰 작성 안내(remind_review)
[2021-12-07 01:00:26] - 타임세일 종료 상품 안내(remind_timesale)
[2021-12-07 01:00:26] - 회원등급 혜택 안내(remind_membership)
[2021-12-07 01:00:26] - 장바구니/위시리스트 상품 안내(remind_cart)
[2021-12-07 01:00:26] - 소멸 마일리지 안내(remind_emoney)
[2021-12-07 01:00:26] - 만료 할인쿠폰 알림(remind_coupon)
[2021-12-08 01:00:26] - 만료 할인쿠폰 알림(remind_coupon) - Err(Today is not monday)
[2021-12-08 01:00:26] - 소멸 마일리지 안내(remind_emoney) - Err(Today is not monday)
[2021-12-08 01:00:26] - 기념일 축하 안내(remind_anniversary)
[2021-12-08 01:00:26] - 생일 축하 안내(remind_birthday)
[2021-12-08 01:00:26] - 상품 리뷰 작성 안내(remind_review)
[2021-12-08 01:00:26] - 타임세일 종료 상품 안내(remind_timesale)
[2021-12-08 01:00:26] - 회원등급 혜택 안내(remind_membership)
[2021-12-08 01:00:26] - 장바구니/위시리스트 상품 안내(remind_cart)
[2021-12-08 01:00:26] - 소멸 마일리지 안내(remind_emoney)
[2021-12-08 01:00:26] - 만료 할인쿠폰 알림(remind_coupon)
[2021-12-09 01:00:36] - 만료 할인쿠폰 알림(remind_coupon) - Err(Today is not monday)
[2021-12-09 01:00:36] - 소멸 마일리지 안내(remind_emoney) - Err(Today is not monday)
[2021-12-09 01:00:36] - 기념일 축하 안내(remind_anniversary)
[2021-12-09 01:00:36] - 생일 축하 안내(remind_birthday)
[2021-12-09 01:00:36] - 상품 리뷰 작성 안내(remind_review)
[2021-12-09 01:00:36] - 타임세일 종료 상품 안내(remind_timesale)
[2021-12-09 01:00:36] - 회원등급 혜택 안내(remind_membership)
[2021-12-09 01:00:36] - 장바구니/위시리스트 상품 안내(remind_cart)
[2021-12-09 01:00:36] - 소멸 마일리지 안내(remind_emoney)
[2021-12-09 01:00:36] - 만료 할인쿠폰 알림(remind_coupon)
[2021-12-10 01:00:28] - 만료 할인쿠폰 알림(remind_coupon) - Err(Today is not monday)
[2021-12-10 01:00:28] - 소멸 마일리지 안내(remind_emoney) - Err(Today is not monday)
[2021-12-10 01:00:28] - 기념일 축하 안내(remind_anniversary)
[2021-12-10 01:00:28] - 생일 축하 안내(remind_birthday)
[2021-12-10 01:00:28] - 상품 리뷰 작성 안내(remind_review)
[2021-12-10 01:00:28] - 타임세일 종료 상품 안내(remind_timesale)
[2021-12-10 01:00:28] - 회원등급 혜택 안내(remind_membership)
[2021-12-10 01:00:28] - 장바구니/위시리스트 상품 안내(remind_cart)
[2021-12-10 01:00:28] - 소멸 마일리지 안내(remind_emoney)
[2021-12-10 01:00:28] - 만료 할인쿠폰 알림(remind_coupon)
[2021-12-11 01:00:25] - 만료 할인쿠폰 알림(remind_coupon) - Err(Today is not monday)
[2021-12-11 01:00:25] - 소멸 마일리지 안내(remind_emoney) - Err(Today is not monday)
[2021-12-11 01:00:25] - 기념일 축하 안내(remind_anniversary)
[2021-12-11 01:00:25] - 생일 축하 안내(remind_birthday)
[2021-12-11 01:00:25] - 상품 리뷰 작성 안내(remind_review)
[2021-12-11 01:00:25] - 타임세일 종료 상품 안내(remind_timesale)
[2021-12-11 01:00:25] - 회원등급 혜택 안내(remind_membership)
[2021-12-11 01:00:25] - 장바구니/위시리스트 상품 안내(remind_cart)
[2021-12-11 01:00:25] - 소멸 마일리지 안내(remind_emoney)
[2021-12-11 01:00:25] - 만료 할인쿠폰 알림(remind_coupon)
[2021-12-12 01:00:26] - 만료 할인쿠폰 알림(remind_coupon) - Err(Today is not monday)
[2021-12-12 01:00:26] - 소멸 마일리지 안내(remind_emoney) - Err(Today is not monday)
[2021-12-12 01:00:26] - 기념일 축하 안내(remind_anniversary)
[2021-12-12 01:00:26] - 생일 축하 안내(remind_birthday)
[2021-12-12 01:00:26] - 상품 리뷰 작성 안내(remind_review)
[2021-12-12 01:00:26] - 타임세일 종료 상품 안내(remind_timesale)
[2021-12-12 01:00:26] - 회원등급 혜택 안내(remind_membership)
[2021-12-12 01:00:26] - 장바구니/위시리스트 상품 안내(remind_cart)
[2021-12-12 01:00:26] - 소멸 마일리지 안내(remind_emoney)
[2021-12-12 01:00:26] - 만료 할인쿠폰 알림(remind_coupon)
[2021-12-13 01:00:28] - 소멸 마일리지 안내(remind_emoney) - Err(Today is not monday)
[2021-12-13 01:00:28] - 기념일 축하 안내(remind_anniversary)
[2021-12-13 01:00:28] - 생일 축하 안내(remind_birthday)
[2021-12-13 01:00:28] - 상품 리뷰 작성 안내(remind_review)
[2021-12-13 01:00:28] - 타임세일 종료 상품 안내(remind_timesale)
[2021-12-13 01:00:28] - 회원등급 혜택 안내(remind_membership)
[2021-12-13 01:00:28] - 장바구니/위시리스트 상품 안내(remind_cart)
[2021-12-13 01:00:28] - 소멸 마일리지 안내(remind_emoney)
[2021-12-13 01:00:28] - 만료 할인쿠폰 알림(remind_coupon)
[2021-12-14 01:00:25] - 만료 할인쿠폰 알림(remind_coupon) - Err(Today is not monday)
[2021-12-14 01:00:25] - 소멸 마일리지 안내(remind_emoney) - Err(Today is not monday)
[2021-12-14 01:00:25] - 기념일 축하 안내(remind_anniversary)
[2021-12-14 01:00:25] - 생일 축하 안내(remind_birthday)
[2021-12-14 01:00:25] - 상품 리뷰 작성 안내(remind_review)
[2021-12-14 01:00:25] - 타임세일 종료 상품 안내(remind_timesale)
[2021-12-14 01:00:25] - 회원등급 혜택 안내(remind_membership)
[2021-12-14 01:00:25] - 장바구니/위시리스트 상품 안내(remind_cart)
[2021-12-14 01:00:25] - 소멸 마일리지 안내(remind_emoney)
[2021-12-14 01:00:25] - 만료 할인쿠폰 알림(remind_coupon)
[2021-12-15 01:00:28] - 만료 할인쿠폰 알림(remind_coupon) - Err(Today is not monday)
[2021-12-15 01:00:28] - 소멸 마일리지 안내(remind_emoney) - Err(Today is not monday)
[2021-12-15 01:00:28] - 기념일 축하 안내(remind_anniversary)
[2021-12-15 01:00:28] - 생일 축하 안내(remind_birthday)
[2021-12-15 01:00:28] - 상품 리뷰 작성 안내(remind_review)
[2021-12-15 01:00:28] - 타임세일 종료 상품 안내(remind_timesale)
[2021-12-15 01:00:28] - 회원등급 혜택 안내(remind_membership)
[2021-12-15 01:00:28] - 장바구니/위시리스트 상품 안내(remind_cart)
[2021-12-15 01:00:28] - 소멸 마일리지 안내(remind_emoney)
[2021-12-15 01:00:28] - 만료 할인쿠폰 알림(remind_coupon)
[2021-12-16 01:00:26] - 만료 할인쿠폰 알림(remind_coupon) - Err(Today is not monday)
[2021-12-16 01:00:26] - 소멸 마일리지 안내(remind_emoney) - Err(Today is not monday)
[2021-12-16 01:00:26] - 기념일 축하 안내(remind_anniversary)
[2021-12-16 01:00:26] - 생일 축하 안내(remind_birthday)
[2021-12-16 01:00:26] - 상품 리뷰 작성 안내(remind_review)
[2021-12-16 01:00:26] - 타임세일 종료 상품 안내(remind_timesale)
[2021-12-16 01:00:26] - 회원등급 혜택 안내(remind_membership)
[2021-12-16 01:00:26] - 장바구니/위시리스트 상품 안내(remind_cart)
[2021-12-16 01:00:26] - 소멸 마일리지 안내(remind_emoney)
[2021-12-16 01:00:26] - 만료 할인쿠폰 알림(remind_coupon)
[2021-12-17 01:00:26] - 만료 할인쿠폰 알림(remind_coupon) - Err(Today is not monday)
[2021-12-17 01:00:26] - 소멸 마일리지 안내(remind_emoney) - Err(Today is not monday)
[2021-12-17 01:00:26] - 기념일 축하 안내(remind_anniversary)
[2021-12-17 01:00:26] - 생일 축하 안내(remind_birthday)
[2021-12-17 01:00:26] - 상품 리뷰 작성 안내(remind_review)
[2021-12-17 01:00:26] - 타임세일 종료 상품 안내(remind_timesale)
[2021-12-17 01:00:26] - 회원등급 혜택 안내(remind_membership)
[2021-12-17 01:00:26] - 장바구니/위시리스트 상품 안내(remind_cart)
[2021-12-17 01:00:26] - 소멸 마일리지 안내(remind_emoney)
[2021-12-17 01:00:26] - 만료 할인쿠폰 알림(remind_coupon)
[2021-12-18 01:00:27] - 만료 할인쿠폰 알림(remind_coupon) - Err(Today is not monday)
[2021-12-18 01:00:27] - 소멸 마일리지 안내(remind_emoney) - Err(Today is not monday)
[2021-12-18 01:00:27] - 기념일 축하 안내(remind_anniversary)
[2021-12-18 01:00:27] - 생일 축하 안내(remind_birthday)
[2021-12-18 01:00:27] - 상품 리뷰 작성 안내(remind_review)
[2021-12-18 01:00:27] - 타임세일 종료 상품 안내(remind_timesale)
[2021-12-18 01:00:27] - 회원등급 혜택 안내(remind_membership)
[2021-12-18 01:00:27] - 장바구니/위시리스트 상품 안내(remind_cart)
[2021-12-18 01:00:27] - 소멸 마일리지 안내(remind_emoney)
[2021-12-18 01:00:27] - 만료 할인쿠폰 알림(remind_coupon)
[2021-12-19 01:00:29] - 만료 할인쿠폰 알림(remind_coupon) - Err(Today is not monday)
[2021-12-19 01:00:29] - 소멸 마일리지 안내(remind_emoney) - Err(Today is not monday)
[2021-12-19 01:00:29] - 기념일 축하 안내(remind_anniversary)
[2021-12-19 01:00:29] - 생일 축하 안내(remind_birthday)
[2021-12-19 01:00:29] - 상품 리뷰 작성 안내(remind_review)
[2021-12-19 01:00:29] - 타임세일 종료 상품 안내(remind_timesale)
[2021-12-19 01:00:29] - 회원등급 혜택 안내(remind_membership)
[2021-12-19 01:00:29] - 장바구니/위시리스트 상품 안내(remind_cart)
[2021-12-19 01:00:29] - 소멸 마일리지 안내(remind_emoney)
[2021-12-19 01:00:29] - 만료 할인쿠폰 알림(remind_coupon)
[2021-12-20 01:00:39] - 소멸 마일리지 안내(remind_emoney) - Err(Today is not monday)
[2021-12-20 01:00:39] - 기념일 축하 안내(remind_anniversary)
[2021-12-20 01:00:39] - 생일 축하 안내(remind_birthday)
[2021-12-20 01:00:39] - 상품 리뷰 작성 안내(remind_review)
[2021-12-20 01:00:39] - 타임세일 종료 상품 안내(remind_timesale)
[2021-12-20 01:00:39] - 회원등급 혜택 안내(remind_membership)
[2021-12-20 01:00:39] - 장바구니/위시리스트 상품 안내(remind_cart)
[2021-12-20 01:00:39] - 소멸 마일리지 안내(remind_emoney)
[2021-12-20 01:00:39] - 만료 할인쿠폰 알림(remind_coupon)
[2021-12-21 01:00:27] - 만료 할인쿠폰 알림(remind_coupon) - Err(Today is not monday)
[2021-12-21 01:00:27] - 소멸 마일리지 안내(remind_emoney) - Err(Today is not monday)
[2021-12-21 01:00:28] - 기념일 축하 안내(remind_anniversary)
[2021-12-21 01:00:28] - 생일 축하 안내(remind_birthday)
[2021-12-21 01:00:28] - 상품 리뷰 작성 안내(remind_review)
[2021-12-21 01:00:28] - 타임세일 종료 상품 안내(remind_timesale)
[2021-12-21 01:00:28] - 회원등급 혜택 안내(remind_membership)
[2021-12-21 01:00:28] - 장바구니/위시리스트 상품 안내(remind_cart)
[2021-12-21 01:00:28] - 소멸 마일리지 안내(remind_emoney)
[2021-12-21 01:00:28] - 만료 할인쿠폰 알림(remind_coupon)
[2021-12-22 01:00:27] - 만료 할인쿠폰 알림(remind_coupon) - Err(Today is not monday)
[2021-12-22 01:00:27] - 소멸 마일리지 안내(remind_emoney) - Err(Today is not monday)
[2021-12-22 01:00:28] - 기념일 축하 안내(remind_anniversary)
[2021-12-22 01:00:28] - 생일 축하 안내(remind_birthday)
[2021-12-22 01:00:28] - 상품 리뷰 작성 안내(remind_review)
[2021-12-22 01:00:28] - 타임세일 종료 상품 안내(remind_timesale)
[2021-12-22 01:00:28] - 회원등급 혜택 안내(remind_membership)
[2021-12-22 01:00:28] - 장바구니/위시리스트 상품 안내(remind_cart)
[2021-12-22 01:00:28] - 소멸 마일리지 안내(remind_emoney)
[2021-12-22 01:00:28] - 만료 할인쿠폰 알림(remind_coupon)
[2021-12-23 01:00:26] - 만료 할인쿠폰 알림(remind_coupon) - Err(Today is not monday)
[2021-12-23 01:00:26] - 소멸 마일리지 안내(remind_emoney) - Err(Today is not monday)
[2021-12-23 01:00:27] - 기념일 축하 안내(remind_anniversary)
[2021-12-23 01:00:27] - 생일 축하 안내(remind_birthday)
[2021-12-23 01:00:27] - 상품 리뷰 작성 안내(remind_review)
[2021-12-23 01:00:27] - 타임세일 종료 상품 안내(remind_timesale)
[2021-12-23 01:00:27] - 회원등급 혜택 안내(remind_membership)
[2021-12-23 01:00:27] - 장바구니/위시리스트 상품 안내(remind_cart)
[2021-12-23 01:00:27] - 소멸 마일리지 안내(remind_emoney)
[2021-12-23 01:00:27] - 만료 할인쿠폰 알림(remind_coupon)
[2021-12-24 01:00:27] - 만료 할인쿠폰 알림(remind_coupon) - Err(Today is not monday)
[2021-12-24 01:00:27] - 소멸 마일리지 안내(remind_emoney) - Err(Today is not monday)
[2021-12-24 01:00:28] - 기념일 축하 안내(remind_anniversary)
[2021-12-24 01:00:28] - 생일 축하 안내(remind_birthday)
[2021-12-24 01:00:28] - 상품 리뷰 작성 안내(remind_review)
[2021-12-24 01:00:28] - 타임세일 종료 상품 안내(remind_timesale)
[2021-12-24 01:00:28] - 회원등급 혜택 안내(remind_membership)
[2021-12-24 01:00:28] - 장바구니/위시리스트 상품 안내(remind_cart)
[2021-12-24 01:00:28] - 소멸 마일리지 안내(remind_emoney)
[2021-12-24 01:00:28] - 만료 할인쿠폰 알림(remind_coupon)
[2021-12-25 01:00:30] - 만료 할인쿠폰 알림(remind_coupon) - Err(Today is not monday)
[2021-12-25 01:00:30] - 소멸 마일리지 안내(remind_emoney) - Err(Today is not monday)
[2021-12-25 01:00:30] - 기념일 축하 안내(remind_anniversary)
[2021-12-25 01:00:30] - 생일 축하 안내(remind_birthday)
[2021-12-25 01:00:30] - 상품 리뷰 작성 안내(remind_review)
[2021-12-25 01:00:30] - 타임세일 종료 상품 안내(remind_timesale)
[2021-12-25 01:00:30] - 회원등급 혜택 안내(remind_membership)
[2021-12-25 01:00:30] - 장바구니/위시리스트 상품 안내(remind_cart)
[2021-12-25 01:00:30] - 소멸 마일리지 안내(remind_emoney)
[2021-12-25 01:00:30] - 만료 할인쿠폰 알림(remind_coupon)
[2021-12-26 01:00:27] - 만료 할인쿠폰 알림(remind_coupon) - Err(Today is not monday)
[2021-12-26 01:00:27] - 소멸 마일리지 안내(remind_emoney) - Err(Today is not monday)
[2021-12-26 01:00:27] - 기념일 축하 안내(remind_anniversary)
[2021-12-26 01:00:27] - 생일 축하 안내(remind_birthday)
[2021-12-26 01:00:27] - 상품 리뷰 작성 안내(remind_review)
[2021-12-26 01:00:27] - 타임세일 종료 상품 안내(remind_timesale)
[2021-12-26 01:00:27] - 회원등급 혜택 안내(remind_membership)
[2021-12-26 01:00:27] - 장바구니/위시리스트 상품 안내(remind_cart)
[2021-12-26 01:00:27] - 소멸 마일리지 안내(remind_emoney)
[2021-12-26 01:00:27] - 만료 할인쿠폰 알림(remind_coupon)
[2021-12-27 01:00:35] - 소멸 마일리지 안내(remind_emoney) - Err(Today is not monday)
[2021-12-27 01:00:36] - 기념일 축하 안내(remind_anniversary)
[2021-12-27 01:00:36] - 생일 축하 안내(remind_birthday)
[2021-12-27 01:00:36] - 상품 리뷰 작성 안내(remind_review)
[2021-12-27 01:00:36] - 타임세일 종료 상품 안내(remind_timesale)
[2021-12-27 01:00:36] - 회원등급 혜택 안내(remind_membership)
[2021-12-27 01:00:36] - 장바구니/위시리스트 상품 안내(remind_cart)
[2021-12-27 01:00:36] - 소멸 마일리지 안내(remind_emoney)
[2021-12-27 01:00:36] - 만료 할인쿠폰 알림(remind_coupon)
[2021-12-28 01:00:31] - 만료 할인쿠폰 알림(remind_coupon) - Err(Today is not monday)
[2021-12-28 01:00:31] - 소멸 마일리지 안내(remind_emoney) - Err(Today is not monday)
[2021-12-28 01:00:31] - 기념일 축하 안내(remind_anniversary)
[2021-12-28 01:00:31] - 생일 축하 안내(remind_birthday)
[2021-12-28 01:00:31] - 상품 리뷰 작성 안내(remind_review)
[2021-12-28 01:00:31] - 타임세일 종료 상품 안내(remind_timesale)
[2021-12-28 01:00:31] - 회원등급 혜택 안내(remind_membership)
[2021-12-28 01:00:31] - 장바구니/위시리스트 상품 안내(remind_cart)
[2021-12-28 01:00:31] - 소멸 마일리지 안내(remind_emoney)
[2021-12-28 01:00:31] - 만료 할인쿠폰 알림(remind_coupon)
[2021-12-29 01:00:30] - 만료 할인쿠폰 알림(remind_coupon) - Err(Today is not monday)
[2021-12-29 01:00:30] - 소멸 마일리지 안내(remind_emoney) - Err(Today is not monday)
[2021-12-29 01:00:30] - 기념일 축하 안내(remind_anniversary)
[2021-12-29 01:00:30] - 생일 축하 안내(remind_birthday)
[2021-12-29 01:00:30] - 상품 리뷰 작성 안내(remind_review)
[2021-12-29 01:00:30] - 타임세일 종료 상품 안내(remind_timesale)
[2021-12-29 01:00:30] - 회원등급 혜택 안내(remind_membership)
[2021-12-29 01:00:30] - 장바구니/위시리스트 상품 안내(remind_cart)
[2021-12-29 01:00:30] - 소멸 마일리지 안내(remind_emoney)
[2021-12-29 01:00:30] - 만료 할인쿠폰 알림(remind_coupon)
[2021-12-30 01:00:30] - 만료 할인쿠폰 알림(remind_coupon) - Err(Today is not monday)
[2021-12-30 01:00:30] - 소멸 마일리지 안내(remind_emoney) - Err(Today is not monday)
[2021-12-30 01:00:30] - 기념일 축하 안내(remind_anniversary)
[2021-12-30 01:00:30] - 생일 축하 안내(remind_birthday)
[2021-12-30 01:00:30] - 상품 리뷰 작성 안내(remind_review)
[2021-12-30 01:00:30] - 타임세일 종료 상품 안내(remind_timesale)
[2021-12-30 01:00:30] - 회원등급 혜택 안내(remind_membership)
[2021-12-30 01:00:30] - 장바구니/위시리스트 상품 안내(remind_cart)
[2021-12-30 01:00:30] - 소멸 마일리지 안내(remind_emoney)
[2021-12-30 01:00:30] - 만료 할인쿠폰 알림(remind_coupon)
[2021-12-31 01:00:30] - 만료 할인쿠폰 알림(remind_coupon) - Err(Today is not monday)
[2021-12-31 01:00:30] - 소멸 마일리지 안내(remind_emoney) - Err(Today is not monday)
[2021-12-31 01:00:30] - 기념일 축하 안내(remind_anniversary)
[2021-12-31 01:00:30] - 생일 축하 안내(remind_birthday)
[2021-12-31 01:00:30] - 상품 리뷰 작성 안내(remind_review)
[2021-12-31 01:00:30] - 타임세일 종료 상품 안내(remind_timesale)
[2021-12-31 01:00:30] - 회원등급 혜택 안내(remind_membership)
[2021-12-31 01:00:30] - 장바구니/위시리스트 상품 안내(remind_cart)
[2021-12-31 01:00:30] - 소멸 마일리지 안내(remind_emoney)
[2021-12-31 01:00:30] - 만료 할인쿠폰 알림(remind_coupon)
