[2022-01-01 00:10:04] - 구글 피드 생성(createGoogleFile)
[2022-01-01 00:10:04] - 페이스북 피드 생성(createFacebookFile)
[2022-01-01 00:10:04] - 입점마켓팅 네이버 판매지수EP 생성(createNaverSalesEpFile)
[2022-01-01 00:10:04] - 입점마켓팅 리뷰EP 생성(createReviewFile)
[2022-01-01 00:10:04] - 입점마켓팅 네이버EP 3.0 생성(createNaverThirdFile)
[2022-01-01 00:10:04] - 입점마켓팅 네이버EP 2.0 생성(createNaverFile)
[2022-01-01 00:10:04] - 입점마켓팅 다음EP 생성(createDaumFile)
[2022-01-02 00:10:03] - 구글 피드 생성(createGoogleFile)
[2022-01-02 00:10:03] - 페이스북 피드 생성(createFacebookFile)
[2022-01-02 00:10:03] - 입점마켓팅 네이버 판매지수EP 생성(createNaverSalesEpFile)
[2022-01-02 00:10:03] - 입점마켓팅 리뷰EP 생성(createReviewFile)
[2022-01-02 00:10:03] - 입점마켓팅 네이버EP 3.0 생성(createNaverThirdFile)
[2022-01-02 00:10:03] - 입점마켓팅 네이버EP 2.0 생성(createNaverFile)
[2022-01-02 00:10:03] - 입점마켓팅 다음EP 생성(createDaumFile)
[2022-01-03 00:10:03] - 구글 피드 생성(createGoogleFile)
[2022-01-03 00:10:03] - 페이스북 피드 생성(createFacebookFile)
[2022-01-03 00:10:03] - 입점마켓팅 네이버 판매지수EP 생성(createNaverSalesEpFile)
[2022-01-03 00:10:03] - 입점마켓팅 리뷰EP 생성(createReviewFile)
[2022-01-03 00:10:03] - 입점마켓팅 네이버EP 3.0 생성(createNaverThirdFile)
[2022-01-03 00:10:03] - 입점마켓팅 네이버EP 2.0 생성(createNaverFile)
[2022-01-03 00:10:03] - 입점마켓팅 다음EP 생성(createDaumFile)
[2022-01-04 00:10:03] - 구글 피드 생성(createGoogleFile)
[2022-01-04 00:10:03] - 페이스북 피드 생성(createFacebookFile)
[2022-01-04 00:10:03] - 입점마켓팅 네이버 판매지수EP 생성(createNaverSalesEpFile)
[2022-01-04 00:10:03] - 입점마켓팅 리뷰EP 생성(createReviewFile)
[2022-01-04 00:10:03] - 입점마켓팅 네이버EP 3.0 생성(createNaverThirdFile)
[2022-01-04 00:10:03] - 입점마켓팅 네이버EP 2.0 생성(createNaverFile)
[2022-01-04 00:10:03] - 입점마켓팅 다음EP 생성(createDaumFile)
[2022-01-05 00:10:03] - 구글 피드 생성(createGoogleFile)
[2022-01-05 00:10:03] - 페이스북 피드 생성(createFacebookFile)
[2022-01-05 00:10:03] - 입점마켓팅 네이버 판매지수EP 생성(createNaverSalesEpFile)
[2022-01-05 00:10:03] - 입점마켓팅 리뷰EP 생성(createReviewFile)
[2022-01-05 00:10:03] - 입점마켓팅 네이버EP 3.0 생성(createNaverThirdFile)
[2022-01-05 00:10:03] - 입점마켓팅 네이버EP 2.0 생성(createNaverFile)
[2022-01-05 00:10:03] - 입점마켓팅 다음EP 생성(createDaumFile)
[2022-01-06 00:10:03] - 구글 피드 생성(createGoogleFile)
[2022-01-06 00:10:03] - 페이스북 피드 생성(createFacebookFile)
[2022-01-06 00:10:03] - 입점마켓팅 네이버 판매지수EP 생성(createNaverSalesEpFile)
[2022-01-06 00:10:03] - 입점마켓팅 리뷰EP 생성(createReviewFile)
[2022-01-06 00:10:03] - 입점마켓팅 네이버EP 3.0 생성(createNaverThirdFile)
[2022-01-06 00:10:03] - 입점마켓팅 네이버EP 2.0 생성(createNaverFile)
[2022-01-06 00:10:03] - 입점마켓팅 다음EP 생성(createDaumFile)
[2022-01-07 00:10:03] - 구글 피드 생성(createGoogleFile)
[2022-01-07 00:10:03] - 페이스북 피드 생성(createFacebookFile)
[2022-01-07 00:10:03] - 입점마켓팅 네이버 판매지수EP 생성(createNaverSalesEpFile)
[2022-01-07 00:10:03] - 입점마켓팅 리뷰EP 생성(createReviewFile)
[2022-01-07 00:10:03] - 입점마켓팅 네이버EP 3.0 생성(createNaverThirdFile)
[2022-01-07 00:10:03] - 입점마켓팅 네이버EP 2.0 생성(createNaverFile)
[2022-01-07 00:10:03] - 입점마켓팅 다음EP 생성(createDaumFile)
[2022-01-08 00:10:03] - 구글 피드 생성(createGoogleFile)
[2022-01-08 00:10:03] - 페이스북 피드 생성(createFacebookFile)
[2022-01-08 00:10:03] - 입점마켓팅 네이버 판매지수EP 생성(createNaverSalesEpFile)
[2022-01-08 00:10:03] - 입점마켓팅 리뷰EP 생성(createReviewFile)
[2022-01-08 00:10:03] - 입점마켓팅 네이버EP 3.0 생성(createNaverThirdFile)
[2022-01-08 00:10:03] - 입점마켓팅 네이버EP 2.0 생성(createNaverFile)
[2022-01-08 00:10:03] - 입점마켓팅 다음EP 생성(createDaumFile)
[2022-01-09 00:10:03] - 구글 피드 생성(createGoogleFile)
[2022-01-09 00:10:03] - 페이스북 피드 생성(createFacebookFile)
[2022-01-09 00:10:03] - 입점마켓팅 네이버 판매지수EP 생성(createNaverSalesEpFile)
[2022-01-09 00:10:03] - 입점마켓팅 리뷰EP 생성(createReviewFile)
[2022-01-09 00:10:03] - 입점마켓팅 네이버EP 3.0 생성(createNaverThirdFile)
[2022-01-09 00:10:03] - 입점마켓팅 네이버EP 2.0 생성(createNaverFile)
[2022-01-09 00:10:03] - 입점마켓팅 다음EP 생성(createDaumFile)
[2022-01-10 00:10:03] - 구글 피드 생성(createGoogleFile)
[2022-01-10 00:10:03] - 페이스북 피드 생성(createFacebookFile)
[2022-01-10 00:10:03] - 입점마켓팅 네이버 판매지수EP 생성(createNaverSalesEpFile)
[2022-01-10 00:10:03] - 입점마켓팅 리뷰EP 생성(createReviewFile)
[2022-01-10 00:10:03] - 입점마켓팅 네이버EP 3.0 생성(createNaverThirdFile)
[2022-01-10 00:10:03] - 입점마켓팅 네이버EP 2.0 생성(createNaverFile)
[2022-01-10 00:10:03] - 입점마켓팅 다음EP 생성(createDaumFile)
[2022-01-11 00:10:03] - 구글 피드 생성(createGoogleFile)
[2022-01-11 00:10:03] - 페이스북 피드 생성(createFacebookFile)
[2022-01-11 00:10:03] - 입점마켓팅 네이버 판매지수EP 생성(createNaverSalesEpFile)
[2022-01-11 00:10:03] - 입점마켓팅 리뷰EP 생성(createReviewFile)
[2022-01-11 00:10:03] - 입점마켓팅 네이버EP 3.0 생성(createNaverThirdFile)
[2022-01-11 00:10:03] - 입점마켓팅 네이버EP 2.0 생성(createNaverFile)
[2022-01-11 00:10:03] - 입점마켓팅 다음EP 생성(createDaumFile)
[2022-01-12 00:10:03] - 구글 피드 생성(createGoogleFile)
[2022-01-12 00:10:03] - 페이스북 피드 생성(createFacebookFile)
[2022-01-12 00:10:03] - 입점마켓팅 네이버 판매지수EP 생성(createNaverSalesEpFile)
[2022-01-12 00:10:03] - 입점마켓팅 리뷰EP 생성(createReviewFile)
[2022-01-12 00:10:03] - 입점마켓팅 네이버EP 3.0 생성(createNaverThirdFile)
[2022-01-12 00:10:03] - 입점마켓팅 네이버EP 2.0 생성(createNaverFile)
[2022-01-12 00:10:03] - 입점마켓팅 다음EP 생성(createDaumFile)
[2022-01-13 00:10:03] - 구글 피드 생성(createGoogleFile)
[2022-01-13 00:10:03] - 페이스북 피드 생성(createFacebookFile)
[2022-01-13 00:10:03] - 입점마켓팅 네이버 판매지수EP 생성(createNaverSalesEpFile)
[2022-01-13 00:10:03] - 입점마켓팅 리뷰EP 생성(createReviewFile)
[2022-01-13 00:10:03] - 입점마켓팅 네이버EP 3.0 생성(createNaverThirdFile)
[2022-01-13 00:10:03] - 입점마켓팅 네이버EP 2.0 생성(createNaverFile)
[2022-01-13 00:10:03] - 입점마켓팅 다음EP 생성(createDaumFile)
[2022-01-14 00:10:03] - 구글 피드 생성(createGoogleFile)
[2022-01-14 00:10:03] - 페이스북 피드 생성(createFacebookFile)
[2022-01-14 00:10:03] - 입점마켓팅 네이버 판매지수EP 생성(createNaverSalesEpFile)
[2022-01-14 00:10:03] - 입점마켓팅 리뷰EP 생성(createReviewFile)
[2022-01-14 00:10:03] - 입점마켓팅 네이버EP 3.0 생성(createNaverThirdFile)
[2022-01-14 00:10:03] - 입점마켓팅 네이버EP 2.0 생성(createNaverFile)
[2022-01-14 00:10:03] - 입점마켓팅 다음EP 생성(createDaumFile)
[2022-01-15 00:10:04] - 구글 피드 생성(createGoogleFile)
[2022-01-15 00:10:04] - 페이스북 피드 생성(createFacebookFile)
[2022-01-15 00:10:04] - 입점마켓팅 네이버 판매지수EP 생성(createNaverSalesEpFile)
[2022-01-15 00:10:04] - 입점마켓팅 리뷰EP 생성(createReviewFile)
[2022-01-15 00:10:04] - 입점마켓팅 네이버EP 3.0 생성(createNaverThirdFile)
[2022-01-15 00:10:04] - 입점마켓팅 네이버EP 2.0 생성(createNaverFile)
[2022-01-15 00:10:04] - 입점마켓팅 다음EP 생성(createDaumFile)
[2022-01-16 00:10:04] - 구글 피드 생성(createGoogleFile)
[2022-01-16 00:10:04] - 페이스북 피드 생성(createFacebookFile)
[2022-01-16 00:10:04] - 입점마켓팅 네이버 판매지수EP 생성(createNaverSalesEpFile)
[2022-01-16 00:10:04] - 입점마켓팅 리뷰EP 생성(createReviewFile)
[2022-01-16 00:10:04] - 입점마켓팅 네이버EP 3.0 생성(createNaverThirdFile)
[2022-01-16 00:10:04] - 입점마켓팅 네이버EP 2.0 생성(createNaverFile)
[2022-01-16 00:10:04] - 입점마켓팅 다음EP 생성(createDaumFile)
[2022-01-17 00:10:04] - 구글 피드 생성(createGoogleFile)
[2022-01-17 00:10:04] - 페이스북 피드 생성(createFacebookFile)
[2022-01-17 00:10:04] - 입점마켓팅 네이버 판매지수EP 생성(createNaverSalesEpFile)
[2022-01-17 00:10:04] - 입점마켓팅 리뷰EP 생성(createReviewFile)
[2022-01-17 00:10:04] - 입점마켓팅 네이버EP 3.0 생성(createNaverThirdFile)
[2022-01-17 00:10:04] - 입점마켓팅 네이버EP 2.0 생성(createNaverFile)
[2022-01-17 00:10:04] - 입점마켓팅 다음EP 생성(createDaumFile)
[2022-01-18 00:10:03] - 구글 피드 생성(createGoogleFile)
[2022-01-18 00:10:03] - 페이스북 피드 생성(createFacebookFile)
[2022-01-18 00:10:03] - 입점마켓팅 네이버 판매지수EP 생성(createNaverSalesEpFile)
[2022-01-18 00:10:03] - 입점마켓팅 리뷰EP 생성(createReviewFile)
[2022-01-18 00:10:03] - 입점마켓팅 네이버EP 3.0 생성(createNaverThirdFile)
[2022-01-18 00:10:03] - 입점마켓팅 네이버EP 2.0 생성(createNaverFile)
[2022-01-18 00:10:03] - 입점마켓팅 다음EP 생성(createDaumFile)
[2022-01-19 00:10:03] - 구글 피드 생성(createGoogleFile)
[2022-01-19 00:10:03] - 페이스북 피드 생성(createFacebookFile)
[2022-01-19 00:10:03] - 입점마켓팅 네이버 판매지수EP 생성(createNaverSalesEpFile)
[2022-01-19 00:10:03] - 입점마켓팅 리뷰EP 생성(createReviewFile)
[2022-01-19 00:10:03] - 입점마켓팅 네이버EP 3.0 생성(createNaverThirdFile)
[2022-01-19 00:10:03] - 입점마켓팅 네이버EP 2.0 생성(createNaverFile)
[2022-01-19 00:10:03] - 입점마켓팅 다음EP 생성(createDaumFile)
[2022-01-20 00:10:03] - 구글 피드 생성(createGoogleFile)
[2022-01-20 00:10:03] - 페이스북 피드 생성(createFacebookFile)
[2022-01-20 00:10:03] - 입점마켓팅 네이버 판매지수EP 생성(createNaverSalesEpFile)
[2022-01-20 00:10:03] - 입점마켓팅 리뷰EP 생성(createReviewFile)
[2022-01-20 00:10:03] - 입점마켓팅 네이버EP 3.0 생성(createNaverThirdFile)
[2022-01-20 00:10:03] - 입점마켓팅 네이버EP 2.0 생성(createNaverFile)
[2022-01-20 00:10:03] - 입점마켓팅 다음EP 생성(createDaumFile)
[2022-01-21 00:10:03] - 구글 피드 생성(createGoogleFile)
[2022-01-21 00:10:03] - 페이스북 피드 생성(createFacebookFile)
[2022-01-21 00:10:03] - 입점마켓팅 네이버 판매지수EP 생성(createNaverSalesEpFile)
[2022-01-21 00:10:03] - 입점마켓팅 리뷰EP 생성(createReviewFile)
[2022-01-21 00:10:03] - 입점마켓팅 네이버EP 3.0 생성(createNaverThirdFile)
[2022-01-21 00:10:03] - 입점마켓팅 네이버EP 2.0 생성(createNaverFile)
[2022-01-21 00:10:03] - 입점마켓팅 다음EP 생성(createDaumFile)
[2022-01-22 00:10:03] - 구글 피드 생성(createGoogleFile)
[2022-01-22 00:10:03] - 페이스북 피드 생성(createFacebookFile)
[2022-01-22 00:10:03] - 입점마켓팅 네이버 판매지수EP 생성(createNaverSalesEpFile)
[2022-01-22 00:10:03] - 입점마켓팅 리뷰EP 생성(createReviewFile)
[2022-01-22 00:10:03] - 입점마켓팅 네이버EP 3.0 생성(createNaverThirdFile)
[2022-01-22 00:10:03] - 입점마켓팅 네이버EP 2.0 생성(createNaverFile)
[2022-01-22 00:10:03] - 입점마켓팅 다음EP 생성(createDaumFile)
[2022-01-23 00:10:03] - 구글 피드 생성(createGoogleFile)
[2022-01-23 00:10:03] - 페이스북 피드 생성(createFacebookFile)
[2022-01-23 00:10:03] - 입점마켓팅 네이버 판매지수EP 생성(createNaverSalesEpFile)
[2022-01-23 00:10:03] - 입점마켓팅 리뷰EP 생성(createReviewFile)
[2022-01-23 00:10:03] - 입점마켓팅 네이버EP 3.0 생성(createNaverThirdFile)
[2022-01-23 00:10:03] - 입점마켓팅 네이버EP 2.0 생성(createNaverFile)
[2022-01-23 00:10:03] - 입점마켓팅 다음EP 생성(createDaumFile)
[2022-01-24 00:10:04] - 구글 피드 생성(createGoogleFile)
[2022-01-24 00:10:04] - 페이스북 피드 생성(createFacebookFile)
[2022-01-24 00:10:04] - 입점마켓팅 네이버 판매지수EP 생성(createNaverSalesEpFile)
[2022-01-24 00:10:04] - 입점마켓팅 리뷰EP 생성(createReviewFile)
[2022-01-24 00:10:04] - 입점마켓팅 네이버EP 3.0 생성(createNaverThirdFile)
[2022-01-24 00:10:04] - 입점마켓팅 네이버EP 2.0 생성(createNaverFile)
[2022-01-24 00:10:04] - 입점마켓팅 다음EP 생성(createDaumFile)
[2022-01-25 00:10:03] - 구글 피드 생성(createGoogleFile)
[2022-01-25 00:10:03] - 페이스북 피드 생성(createFacebookFile)
[2022-01-25 00:10:03] - 입점마켓팅 네이버 판매지수EP 생성(createNaverSalesEpFile)
[2022-01-25 00:10:03] - 입점마켓팅 리뷰EP 생성(createReviewFile)
[2022-01-25 00:10:03] - 입점마켓팅 네이버EP 3.0 생성(createNaverThirdFile)
[2022-01-25 00:10:03] - 입점마켓팅 네이버EP 2.0 생성(createNaverFile)
[2022-01-25 00:10:03] - 입점마켓팅 다음EP 생성(createDaumFile)
[2022-01-26 00:10:03] - 구글 피드 생성(createGoogleFile)
[2022-01-26 00:10:03] - 페이스북 피드 생성(createFacebookFile)
[2022-01-26 00:10:03] - 입점마켓팅 네이버 판매지수EP 생성(createNaverSalesEpFile)
[2022-01-26 00:10:03] - 입점마켓팅 리뷰EP 생성(createReviewFile)
[2022-01-26 00:10:03] - 입점마켓팅 네이버EP 3.0 생성(createNaverThirdFile)
[2022-01-26 00:10:03] - 입점마켓팅 네이버EP 2.0 생성(createNaverFile)
[2022-01-26 00:10:03] - 입점마켓팅 다음EP 생성(createDaumFile)
[2022-01-27 00:10:04] - 구글 피드 생성(createGoogleFile)
[2022-01-27 00:10:04] - 페이스북 피드 생성(createFacebookFile)
[2022-01-27 00:10:04] - 입점마켓팅 네이버 판매지수EP 생성(createNaverSalesEpFile)
[2022-01-27 00:10:04] - 입점마켓팅 리뷰EP 생성(createReviewFile)
[2022-01-27 00:10:04] - 입점마켓팅 네이버EP 3.0 생성(createNaverThirdFile)
[2022-01-27 00:10:04] - 입점마켓팅 네이버EP 2.0 생성(createNaverFile)
[2022-01-27 00:10:04] - 입점마켓팅 다음EP 생성(createDaumFile)
[2022-01-28 00:10:04] - 구글 피드 생성(createGoogleFile)
[2022-01-28 00:10:04] - 페이스북 피드 생성(createFacebookFile)
[2022-01-28 00:10:04] - 입점마켓팅 네이버 판매지수EP 생성(createNaverSalesEpFile)
[2022-01-28 00:10:04] - 입점마켓팅 리뷰EP 생성(createReviewFile)
[2022-01-28 00:10:04] - 입점마켓팅 네이버EP 3.0 생성(createNaverThirdFile)
[2022-01-28 00:10:04] - 입점마켓팅 네이버EP 2.0 생성(createNaverFile)
[2022-01-28 00:10:04] - 입점마켓팅 다음EP 생성(createDaumFile)
[2022-01-29 00:10:04] - 구글 피드 생성(createGoogleFile)
[2022-01-29 00:10:04] - 페이스북 피드 생성(createFacebookFile)
[2022-01-29 00:10:04] - 입점마켓팅 네이버 판매지수EP 생성(createNaverSalesEpFile)
[2022-01-29 00:10:04] - 입점마켓팅 리뷰EP 생성(createReviewFile)
[2022-01-29 00:10:04] - 입점마켓팅 네이버EP 3.0 생성(createNaverThirdFile)
[2022-01-29 00:10:04] - 입점마켓팅 네이버EP 2.0 생성(createNaverFile)
[2022-01-29 00:10:04] - 입점마켓팅 다음EP 생성(createDaumFile)
[2022-01-30 00:10:04] - 구글 피드 생성(createGoogleFile)
[2022-01-30 00:10:04] - 페이스북 피드 생성(createFacebookFile)
[2022-01-30 00:10:04] - 입점마켓팅 네이버 판매지수EP 생성(createNaverSalesEpFile)
[2022-01-30 00:10:04] - 입점마켓팅 리뷰EP 생성(createReviewFile)
[2022-01-30 00:10:04] - 입점마켓팅 네이버EP 3.0 생성(createNaverThirdFile)
[2022-01-30 00:10:04] - 입점마켓팅 네이버EP 2.0 생성(createNaverFile)
[2022-01-30 00:10:04] - 입점마켓팅 다음EP 생성(createDaumFile)
[2022-01-31 00:10:04] - 구글 피드 생성(createGoogleFile)
[2022-01-31 00:10:04] - 페이스북 피드 생성(createFacebookFile)
[2022-01-31 00:10:04] - 입점마켓팅 네이버 판매지수EP 생성(createNaverSalesEpFile)
[2022-01-31 00:10:04] - 입점마켓팅 리뷰EP 생성(createReviewFile)
[2022-01-31 00:10:04] - 입점마켓팅 네이버EP 3.0 생성(createNaverThirdFile)
[2022-01-31 00:10:04] - 입점마켓팅 네이버EP 2.0 생성(createNaverFile)
[2022-01-31 00:10:04] - 입점마켓팅 다음EP 생성(createDaumFile)
