[2021-04-01 01:00:37] - 티켓 상품 자동 배송 완료(batch_social_goods_confirm) - batch_social_goods_confirm  no data
[2021-04-01 01:00:37] - 미입금 통보 확인(deposit_request)
[2021-04-01 01:00:37] - 굿스플로 배송정보(receiveTrackingResults) - OK
[2021-04-01 01:00:37] - 티켓 상품 자동 배송 완료(batch_social_goods_confirm)
[2021-04-01 01:00:37] - 자동 구매 확정(batch_buy_confirm)
[2021-04-01 01:00:37] - 자동 주문 취소(order_cancel)
[2021-04-02 01:00:24] - 티켓 상품 자동 배송 완료(batch_social_goods_confirm) - batch_social_goods_confirm  no data
[2021-04-02 01:00:24] - 미입금 통보 확인(deposit_request)
[2021-04-02 01:00:24] - 굿스플로 배송정보(receiveTrackingResults) - OK
[2021-04-02 01:00:24] - 티켓 상품 자동 배송 완료(batch_social_goods_confirm)
[2021-04-02 01:00:24] - 자동 구매 확정(batch_buy_confirm)
[2021-04-02 01:00:24] - 자동 주문 취소(order_cancel)
[2021-04-03 01:00:25] - 티켓 상품 자동 배송 완료(batch_social_goods_confirm) - batch_social_goods_confirm  no data
[2021-04-03 01:00:25] - 미입금 통보 확인(deposit_request)
[2021-04-03 01:00:25] - 굿스플로 배송정보(receiveTrackingResults) - OK
[2021-04-03 01:00:25] - 티켓 상품 자동 배송 완료(batch_social_goods_confirm)
[2021-04-03 01:00:25] - 자동 구매 확정(batch_buy_confirm)
[2021-04-03 01:00:25] - 자동 주문 취소(order_cancel)
[2021-04-04 01:00:34] - 티켓 상품 자동 배송 완료(batch_social_goods_confirm) - batch_social_goods_confirm  no data
[2021-04-04 01:00:34] - 미입금 통보 확인(deposit_request)
[2021-04-04 01:00:34] - 굿스플로 배송정보(receiveTrackingResults) - OK
[2021-04-04 01:00:34] - 티켓 상품 자동 배송 완료(batch_social_goods_confirm)
[2021-04-04 01:00:34] - 자동 구매 확정(batch_buy_confirm)
[2021-04-04 01:00:34] - 자동 주문 취소(order_cancel)
[2021-04-05 01:00:33] - 티켓 상품 자동 배송 완료(batch_social_goods_confirm) - batch_social_goods_confirm  no data
[2021-04-05 01:00:33] - 미입금 통보 확인(deposit_request)
[2021-04-05 01:00:33] - 굿스플로 배송정보(receiveTrackingResults) - OK
[2021-04-05 01:00:33] - 티켓 상품 자동 배송 완료(batch_social_goods_confirm)
[2021-04-05 01:00:33] - 자동 구매 확정(batch_buy_confirm)
[2021-04-05 01:00:33] - 자동 주문 취소(order_cancel)
[2021-04-06 01:00:27] - 티켓 상품 자동 배송 완료(batch_social_goods_confirm) - batch_social_goods_confirm  no data
[2021-04-06 01:00:27] - 미입금 통보 확인(deposit_request)
[2021-04-06 01:00:27] - 굿스플로 배송정보(receiveTrackingResults) - OK
[2021-04-06 01:00:27] - 티켓 상품 자동 배송 완료(batch_social_goods_confirm)
[2021-04-06 01:00:27] - 자동 구매 확정(batch_buy_confirm)
[2021-04-06 01:00:27] - 자동 주문 취소(order_cancel)
[2021-04-07 01:00:25] - 티켓 상품 자동 배송 완료(batch_social_goods_confirm) - batch_social_goods_confirm  no data
[2021-04-07 01:00:25] - 미입금 통보 확인(deposit_request)
[2021-04-07 01:00:25] - 굿스플로 배송정보(receiveTrackingResults) - OK
[2021-04-07 01:00:25] - 티켓 상품 자동 배송 완료(batch_social_goods_confirm)
[2021-04-07 01:00:25] - 자동 구매 확정(batch_buy_confirm)
[2021-04-07 01:00:25] - 자동 주문 취소(order_cancel)
[2021-04-08 01:00:28] - 티켓 상품 자동 배송 완료(batch_social_goods_confirm) - batch_social_goods_confirm  no data
[2021-04-08 01:00:28] - 미입금 통보 확인(deposit_request)
[2021-04-08 01:00:28] - 굿스플로 배송정보(receiveTrackingResults) - OK
[2021-04-08 01:00:28] - 티켓 상품 자동 배송 완료(batch_social_goods_confirm)
[2021-04-08 01:00:28] - 자동 구매 확정(batch_buy_confirm)
[2021-04-08 01:00:28] - 자동 주문 취소(order_cancel)
[2021-04-09 01:00:23] - 티켓 상품 자동 배송 완료(batch_social_goods_confirm) - batch_social_goods_confirm  no data
[2021-04-09 01:00:23] - 미입금 통보 확인(deposit_request)
[2021-04-09 01:00:23] - 굿스플로 배송정보(receiveTrackingResults) - OK
[2021-04-09 01:00:23] - 티켓 상품 자동 배송 완료(batch_social_goods_confirm)
[2021-04-09 01:00:23] - 자동 구매 확정(batch_buy_confirm)
[2021-04-09 01:00:23] - 자동 주문 취소(order_cancel)
[2021-04-10 01:00:24] - 티켓 상품 자동 배송 완료(batch_social_goods_confirm) - batch_social_goods_confirm  no data
[2021-04-10 01:00:24] - 미입금 통보 확인(deposit_request)
[2021-04-10 01:00:24] - 굿스플로 배송정보(receiveTrackingResults) - OK
[2021-04-10 01:00:24] - 티켓 상품 자동 배송 완료(batch_social_goods_confirm)
[2021-04-10 01:00:24] - 자동 구매 확정(batch_buy_confirm)
[2021-04-10 01:00:24] - 자동 주문 취소(order_cancel)
[2021-04-11 01:00:25] - 티켓 상품 자동 배송 완료(batch_social_goods_confirm) - batch_social_goods_confirm  no data
[2021-04-11 01:00:25] - 미입금 통보 확인(deposit_request)
[2021-04-11 01:00:25] - 굿스플로 배송정보(receiveTrackingResults) - OK
[2021-04-11 01:00:25] - 티켓 상품 자동 배송 완료(batch_social_goods_confirm)
[2021-04-11 01:00:25] - 자동 구매 확정(batch_buy_confirm)
[2021-04-11 01:00:25] - 자동 주문 취소(order_cancel)
[2021-04-12 01:00:29] - 티켓 상품 자동 배송 완료(batch_social_goods_confirm) - batch_social_goods_confirm  no data
[2021-04-12 01:00:29] - 미입금 통보 확인(deposit_request)
[2021-04-12 01:00:29] - 굿스플로 배송정보(receiveTrackingResults) - OK
[2021-04-12 01:00:29] - 티켓 상품 자동 배송 완료(batch_social_goods_confirm)
[2021-04-12 01:00:29] - 자동 구매 확정(batch_buy_confirm)
[2021-04-12 01:00:29] - 자동 주문 취소(order_cancel)
[2021-04-13 01:00:27] - 티켓 상품 자동 배송 완료(batch_social_goods_confirm) - batch_social_goods_confirm  no data
[2021-04-13 01:00:27] - 미입금 통보 확인(deposit_request)
[2021-04-13 01:00:27] - 굿스플로 배송정보(receiveTrackingResults) - OK
[2021-04-13 01:00:27] - 티켓 상품 자동 배송 완료(batch_social_goods_confirm)
[2021-04-13 01:00:27] - 자동 구매 확정(batch_buy_confirm)
[2021-04-13 01:00:27] - 자동 주문 취소(order_cancel)
[2021-04-14 01:00:29] - 티켓 상품 자동 배송 완료(batch_social_goods_confirm) - batch_social_goods_confirm  no data
[2021-04-14 01:00:29] - 미입금 통보 확인(deposit_request)
[2021-04-14 01:00:29] - 굿스플로 배송정보(receiveTrackingResults) - OK
[2021-04-14 01:00:29] - 티켓 상품 자동 배송 완료(batch_social_goods_confirm)
[2021-04-14 01:00:29] - 자동 구매 확정(batch_buy_confirm)
[2021-04-14 01:00:29] - 자동 주문 취소(order_cancel)
[2021-04-15 01:00:29] - 티켓 상품 자동 배송 완료(batch_social_goods_confirm) - batch_social_goods_confirm  no data
[2021-04-15 01:00:29] - 미입금 통보 확인(deposit_request)
[2021-04-15 01:00:29] - 굿스플로 배송정보(receiveTrackingResults) - OK
[2021-04-15 01:00:29] - 티켓 상품 자동 배송 완료(batch_social_goods_confirm)
[2021-04-15 01:00:29] - 자동 구매 확정(batch_buy_confirm)
[2021-04-15 01:00:29] - 자동 주문 취소(order_cancel)
[2021-04-16 01:00:25] - 티켓 상품 자동 배송 완료(batch_social_goods_confirm) - batch_social_goods_confirm  no data
[2021-04-16 01:00:25] - 미입금 통보 확인(deposit_request)
[2021-04-16 01:00:25] - 굿스플로 배송정보(receiveTrackingResults) - OK
[2021-04-16 01:00:25] - 티켓 상품 자동 배송 완료(batch_social_goods_confirm)
[2021-04-16 01:00:25] - 자동 구매 확정(batch_buy_confirm)
[2021-04-16 01:00:25] - 자동 주문 취소(order_cancel)
[2021-04-17 01:00:28] - 티켓 상품 자동 배송 완료(batch_social_goods_confirm) - batch_social_goods_confirm  no data
[2021-04-17 01:00:28] - 미입금 통보 확인(deposit_request)
[2021-04-17 01:00:28] - 굿스플로 배송정보(receiveTrackingResults) - OK
[2021-04-17 01:00:28] - 티켓 상품 자동 배송 완료(batch_social_goods_confirm)
[2021-04-17 01:00:28] - 자동 구매 확정(batch_buy_confirm)
[2021-04-17 01:00:28] - 자동 주문 취소(order_cancel)
[2021-04-18 01:00:27] - 티켓 상품 자동 배송 완료(batch_social_goods_confirm) - batch_social_goods_confirm  no data
[2021-04-18 01:00:27] - 미입금 통보 확인(deposit_request)
[2021-04-18 01:00:27] - 굿스플로 배송정보(receiveTrackingResults) - OK
[2021-04-18 01:00:27] - 티켓 상품 자동 배송 완료(batch_social_goods_confirm)
[2021-04-18 01:00:27] - 자동 구매 확정(batch_buy_confirm)
[2021-04-18 01:00:27] - 자동 주문 취소(order_cancel)
[2021-04-19 01:00:29] - 티켓 상품 자동 배송 완료(batch_social_goods_confirm) - batch_social_goods_confirm  no data
[2021-04-19 01:00:29] - 미입금 통보 확인(deposit_request)
[2021-04-19 01:00:29] - 굿스플로 배송정보(receiveTrackingResults) - OK
[2021-04-19 01:00:29] - 티켓 상품 자동 배송 완료(batch_social_goods_confirm)
[2021-04-19 01:00:29] - 자동 구매 확정(batch_buy_confirm)
[2021-04-19 01:00:29] - 자동 주문 취소(order_cancel)
[2021-04-20 01:00:27] - 티켓 상품 자동 배송 완료(batch_social_goods_confirm) - batch_social_goods_confirm  no data
[2021-04-20 01:00:27] - 미입금 통보 확인(deposit_request)
[2021-04-20 01:00:27] - 굿스플로 배송정보(receiveTrackingResults) - OK
[2021-04-20 01:00:27] - 티켓 상품 자동 배송 완료(batch_social_goods_confirm)
[2021-04-20 01:00:27] - 자동 구매 확정(batch_buy_confirm)
[2021-04-20 01:00:27] - 자동 주문 취소(order_cancel)
[2021-04-21 01:00:30] - 티켓 상품 자동 배송 완료(batch_social_goods_confirm) - batch_social_goods_confirm  no data
[2021-04-21 01:00:30] - 미입금 통보 확인(deposit_request)
[2021-04-21 01:00:30] - 굿스플로 배송정보(receiveTrackingResults) - OK
[2021-04-21 01:00:30] - 티켓 상품 자동 배송 완료(batch_social_goods_confirm)
[2021-04-21 01:00:30] - 자동 구매 확정(batch_buy_confirm)
[2021-04-21 01:00:30] - 자동 주문 취소(order_cancel)
[2021-04-22 01:00:32] - 티켓 상품 자동 배송 완료(batch_social_goods_confirm) - batch_social_goods_confirm  no data
[2021-04-22 01:00:32] - 미입금 통보 확인(deposit_request)
[2021-04-22 01:00:32] - 굿스플로 배송정보(receiveTrackingResults) - OK
[2021-04-22 01:00:32] - 티켓 상품 자동 배송 완료(batch_social_goods_confirm)
[2021-04-22 01:00:32] - 자동 구매 확정(batch_buy_confirm)
[2021-04-22 01:00:32] - 자동 주문 취소(order_cancel)
[2021-04-23 01:00:31] - 티켓 상품 자동 배송 완료(batch_social_goods_confirm) - batch_social_goods_confirm  no data
[2021-04-23 01:00:31] - 미입금 통보 확인(deposit_request)
[2021-04-23 01:00:31] - 굿스플로 배송정보(receiveTrackingResults) - OK
[2021-04-23 01:00:31] - 티켓 상품 자동 배송 완료(batch_social_goods_confirm)
[2021-04-23 01:00:31] - 자동 구매 확정(batch_buy_confirm)
[2021-04-23 01:00:31] - 자동 주문 취소(order_cancel)
[2021-04-24 01:00:26] - 티켓 상품 자동 배송 완료(batch_social_goods_confirm) - batch_social_goods_confirm  no data
[2021-04-24 01:00:26] - 미입금 통보 확인(deposit_request)
[2021-04-24 01:00:26] - 굿스플로 배송정보(receiveTrackingResults) - OK
[2021-04-24 01:00:26] - 티켓 상품 자동 배송 완료(batch_social_goods_confirm)
[2021-04-24 01:00:26] - 자동 구매 확정(batch_buy_confirm)
[2021-04-24 01:00:26] - 자동 주문 취소(order_cancel)
[2021-04-25 01:00:27] - 티켓 상품 자동 배송 완료(batch_social_goods_confirm) - batch_social_goods_confirm  no data
[2021-04-25 01:00:27] - 미입금 통보 확인(deposit_request)
[2021-04-25 01:00:27] - 굿스플로 배송정보(receiveTrackingResults) - OK
[2021-04-25 01:00:27] - 티켓 상품 자동 배송 완료(batch_social_goods_confirm)
[2021-04-25 01:00:27] - 자동 구매 확정(batch_buy_confirm)
[2021-04-25 01:00:27] - 자동 주문 취소(order_cancel)
[2021-04-26 01:00:29] - 티켓 상품 자동 배송 완료(batch_social_goods_confirm) - batch_social_goods_confirm  no data
[2021-04-26 01:00:29] - 미입금 통보 확인(deposit_request)
[2021-04-26 01:00:29] - 굿스플로 배송정보(receiveTrackingResults) - OK
[2021-04-26 01:00:29] - 티켓 상품 자동 배송 완료(batch_social_goods_confirm)
[2021-04-26 01:00:29] - 자동 구매 확정(batch_buy_confirm)
[2021-04-26 01:00:29] - 자동 주문 취소(order_cancel)
[2021-04-27 01:00:26] - 티켓 상품 자동 배송 완료(batch_social_goods_confirm) - batch_social_goods_confirm  no data
[2021-04-27 01:00:26] - 미입금 통보 확인(deposit_request)
[2021-04-27 01:00:26] - 굿스플로 배송정보(receiveTrackingResults) - OK
[2021-04-27 01:00:26] - 티켓 상품 자동 배송 완료(batch_social_goods_confirm)
[2021-04-27 01:00:26] - 자동 구매 확정(batch_buy_confirm)
[2021-04-27 01:00:26] - 자동 주문 취소(order_cancel)
[2021-04-28 01:00:29] - 티켓 상품 자동 배송 완료(batch_social_goods_confirm) - batch_social_goods_confirm  no data
[2021-04-28 01:00:29] - 미입금 통보 확인(deposit_request)
[2021-04-28 01:00:29] - 굿스플로 배송정보(receiveTrackingResults) - OK
[2021-04-28 01:00:29] - 티켓 상품 자동 배송 완료(batch_social_goods_confirm)
[2021-04-28 01:00:29] - 자동 구매 확정(batch_buy_confirm)
[2021-04-28 01:00:29] - 자동 주문 취소(order_cancel)
[2021-04-29 01:00:30] - 티켓 상품 자동 배송 완료(batch_social_goods_confirm) - batch_social_goods_confirm  no data
[2021-04-29 01:00:30] - 미입금 통보 확인(deposit_request)
[2021-04-29 01:00:30] - 굿스플로 배송정보(receiveTrackingResults) - OK
[2021-04-29 01:00:30] - 티켓 상품 자동 배송 완료(batch_social_goods_confirm)
[2021-04-29 01:00:30] - 자동 구매 확정(batch_buy_confirm)
[2021-04-29 01:00:30] - 자동 주문 취소(order_cancel)
[2021-04-30 01:00:27] - 티켓 상품 자동 배송 완료(batch_social_goods_confirm) - batch_social_goods_confirm  no data
[2021-04-30 01:00:27] - 미입금 통보 확인(deposit_request)
[2021-04-30 01:00:27] - 굿스플로 배송정보(receiveTrackingResults) - OK
[2021-04-30 01:00:27] - 티켓 상품 자동 배송 완료(batch_social_goods_confirm)
[2021-04-30 01:00:27] - 자동 구매 확정(batch_buy_confirm)
[2021-04-30 01:00:27] - 자동 주문 취소(order_cancel)
