[2021-03-01 00:10:06] - 구글 피드 생성(createGoogleFile)
[2021-03-01 00:10:06] - 페이스북 피드 생성(createFacebookFile)
[2021-03-01 00:10:06] - 입점마켓팅 네이버 판매지수EP 생성(createNaverSalesEpFile)
[2021-03-01 00:10:06] - 입점마켓팅 리뷰EP 생성(createReviewFile)
[2021-03-01 00:10:06] - 입점마켓팅 네이버EP 3.0 생성(createNaverThirdFile)
[2021-03-01 00:10:06] - 입점마켓팅 네이버EP 2.0 생성(createNaverFile)
[2021-03-01 00:10:06] - 입점마켓팅 다음EP 생성(createDaumFile)
[2021-03-02 00:10:05] - 구글 피드 생성(createGoogleFile)
[2021-03-02 00:10:05] - 페이스북 피드 생성(createFacebookFile)
[2021-03-02 00:10:05] - 입점마켓팅 네이버 판매지수EP 생성(createNaverSalesEpFile)
[2021-03-02 00:10:05] - 입점마켓팅 리뷰EP 생성(createReviewFile)
[2021-03-02 00:10:05] - 입점마켓팅 네이버EP 3.0 생성(createNaverThirdFile)
[2021-03-02 00:10:05] - 입점마켓팅 네이버EP 2.0 생성(createNaverFile)
[2021-03-02 00:10:05] - 입점마켓팅 다음EP 생성(createDaumFile)
[2021-03-03 00:10:04] - 구글 피드 생성(createGoogleFile)
[2021-03-03 00:10:04] - 페이스북 피드 생성(createFacebookFile)
[2021-03-03 00:10:04] - 입점마켓팅 네이버 판매지수EP 생성(createNaverSalesEpFile)
[2021-03-03 00:10:04] - 입점마켓팅 리뷰EP 생성(createReviewFile)
[2021-03-03 00:10:04] - 입점마켓팅 네이버EP 3.0 생성(createNaverThirdFile)
[2021-03-03 00:10:04] - 입점마켓팅 네이버EP 2.0 생성(createNaverFile)
[2021-03-03 00:10:04] - 입점마켓팅 다음EP 생성(createDaumFile)
[2021-03-04 00:10:04] - 구글 피드 생성(createGoogleFile)
[2021-03-04 00:10:04] - 페이스북 피드 생성(createFacebookFile)
[2021-03-04 00:10:04] - 입점마켓팅 네이버 판매지수EP 생성(createNaverSalesEpFile)
[2021-03-04 00:10:04] - 입점마켓팅 리뷰EP 생성(createReviewFile)
[2021-03-04 00:10:04] - 입점마켓팅 네이버EP 3.0 생성(createNaverThirdFile)
[2021-03-04 00:10:04] - 입점마켓팅 네이버EP 2.0 생성(createNaverFile)
[2021-03-04 00:10:04] - 입점마켓팅 다음EP 생성(createDaumFile)
[2021-03-05 00:10:05] - 구글 피드 생성(createGoogleFile)
[2021-03-05 00:10:05] - 페이스북 피드 생성(createFacebookFile)
[2021-03-05 00:10:05] - 입점마켓팅 네이버 판매지수EP 생성(createNaverSalesEpFile)
[2021-03-05 00:10:05] - 입점마켓팅 리뷰EP 생성(createReviewFile)
[2021-03-05 00:10:05] - 입점마켓팅 네이버EP 3.0 생성(createNaverThirdFile)
[2021-03-05 00:10:05] - 입점마켓팅 네이버EP 2.0 생성(createNaverFile)
[2021-03-05 00:10:05] - 입점마켓팅 다음EP 생성(createDaumFile)
[2021-03-06 00:10:05] - 구글 피드 생성(createGoogleFile)
[2021-03-06 00:10:05] - 페이스북 피드 생성(createFacebookFile)
[2021-03-06 00:10:05] - 입점마켓팅 네이버 판매지수EP 생성(createNaverSalesEpFile)
[2021-03-06 00:10:05] - 입점마켓팅 리뷰EP 생성(createReviewFile)
[2021-03-06 00:10:05] - 입점마켓팅 네이버EP 3.0 생성(createNaverThirdFile)
[2021-03-06 00:10:05] - 입점마켓팅 네이버EP 2.0 생성(createNaverFile)
[2021-03-06 00:10:05] - 입점마켓팅 다음EP 생성(createDaumFile)
[2021-03-07 00:10:05] - 구글 피드 생성(createGoogleFile)
[2021-03-07 00:10:05] - 페이스북 피드 생성(createFacebookFile)
[2021-03-07 00:10:05] - 입점마켓팅 네이버 판매지수EP 생성(createNaverSalesEpFile)
[2021-03-07 00:10:05] - 입점마켓팅 리뷰EP 생성(createReviewFile)
[2021-03-07 00:10:05] - 입점마켓팅 네이버EP 3.0 생성(createNaverThirdFile)
[2021-03-07 00:10:05] - 입점마켓팅 네이버EP 2.0 생성(createNaverFile)
[2021-03-07 00:10:05] - 입점마켓팅 다음EP 생성(createDaumFile)
[2021-03-08 00:10:04] - 구글 피드 생성(createGoogleFile)
[2021-03-08 00:10:04] - 페이스북 피드 생성(createFacebookFile)
[2021-03-08 00:10:04] - 입점마켓팅 네이버 판매지수EP 생성(createNaverSalesEpFile)
[2021-03-08 00:10:04] - 입점마켓팅 리뷰EP 생성(createReviewFile)
[2021-03-08 00:10:04] - 입점마켓팅 네이버EP 3.0 생성(createNaverThirdFile)
[2021-03-08 00:10:04] - 입점마켓팅 네이버EP 2.0 생성(createNaverFile)
[2021-03-08 00:10:04] - 입점마켓팅 다음EP 생성(createDaumFile)
[2021-03-09 00:10:05] - 구글 피드 생성(createGoogleFile)
[2021-03-09 00:10:05] - 페이스북 피드 생성(createFacebookFile)
[2021-03-09 00:10:05] - 입점마켓팅 네이버 판매지수EP 생성(createNaverSalesEpFile)
[2021-03-09 00:10:05] - 입점마켓팅 리뷰EP 생성(createReviewFile)
[2021-03-09 00:10:05] - 입점마켓팅 네이버EP 3.0 생성(createNaverThirdFile)
[2021-03-09 00:10:05] - 입점마켓팅 네이버EP 2.0 생성(createNaverFile)
[2021-03-09 00:10:05] - 입점마켓팅 다음EP 생성(createDaumFile)
[2021-03-10 00:10:05] - 구글 피드 생성(createGoogleFile)
[2021-03-10 00:10:05] - 페이스북 피드 생성(createFacebookFile)
[2021-03-10 00:10:05] - 입점마켓팅 네이버 판매지수EP 생성(createNaverSalesEpFile)
[2021-03-10 00:10:05] - 입점마켓팅 리뷰EP 생성(createReviewFile)
[2021-03-10 00:10:05] - 입점마켓팅 네이버EP 3.0 생성(createNaverThirdFile)
[2021-03-10 00:10:05] - 입점마켓팅 네이버EP 2.0 생성(createNaverFile)
[2021-03-10 00:10:05] - 입점마켓팅 다음EP 생성(createDaumFile)
[2021-03-11 00:10:05] - 구글 피드 생성(createGoogleFile)
[2021-03-11 00:10:05] - 페이스북 피드 생성(createFacebookFile)
[2021-03-11 00:10:05] - 입점마켓팅 네이버 판매지수EP 생성(createNaverSalesEpFile)
[2021-03-11 00:10:05] - 입점마켓팅 리뷰EP 생성(createReviewFile)
[2021-03-11 00:10:05] - 입점마켓팅 네이버EP 3.0 생성(createNaverThirdFile)
[2021-03-11 00:10:05] - 입점마켓팅 네이버EP 2.0 생성(createNaverFile)
[2021-03-11 00:10:05] - 입점마켓팅 다음EP 생성(createDaumFile)
[2021-03-12 00:10:05] - 구글 피드 생성(createGoogleFile)
[2021-03-12 00:10:05] - 페이스북 피드 생성(createFacebookFile)
[2021-03-12 00:10:05] - 입점마켓팅 네이버 판매지수EP 생성(createNaverSalesEpFile)
[2021-03-12 00:10:05] - 입점마켓팅 리뷰EP 생성(createReviewFile)
[2021-03-12 00:10:05] - 입점마켓팅 네이버EP 3.0 생성(createNaverThirdFile)
[2021-03-12 00:10:05] - 입점마켓팅 네이버EP 2.0 생성(createNaverFile)
[2021-03-12 00:10:05] - 입점마켓팅 다음EP 생성(createDaumFile)
[2021-03-13 00:10:05] - 구글 피드 생성(createGoogleFile)
[2021-03-13 00:10:05] - 페이스북 피드 생성(createFacebookFile)
[2021-03-13 00:10:05] - 입점마켓팅 네이버 판매지수EP 생성(createNaverSalesEpFile)
[2021-03-13 00:10:05] - 입점마켓팅 리뷰EP 생성(createReviewFile)
[2021-03-13 00:10:05] - 입점마켓팅 네이버EP 3.0 생성(createNaverThirdFile)
[2021-03-13 00:10:05] - 입점마켓팅 네이버EP 2.0 생성(createNaverFile)
[2021-03-13 00:10:05] - 입점마켓팅 다음EP 생성(createDaumFile)
[2021-03-14 00:10:05] - 구글 피드 생성(createGoogleFile)
[2021-03-14 00:10:05] - 페이스북 피드 생성(createFacebookFile)
[2021-03-14 00:10:05] - 입점마켓팅 네이버 판매지수EP 생성(createNaverSalesEpFile)
[2021-03-14 00:10:05] - 입점마켓팅 리뷰EP 생성(createReviewFile)
[2021-03-14 00:10:05] - 입점마켓팅 네이버EP 3.0 생성(createNaverThirdFile)
[2021-03-14 00:10:05] - 입점마켓팅 네이버EP 2.0 생성(createNaverFile)
[2021-03-14 00:10:05] - 입점마켓팅 다음EP 생성(createDaumFile)
[2021-03-15 00:10:05] - 구글 피드 생성(createGoogleFile)
[2021-03-15 00:10:05] - 페이스북 피드 생성(createFacebookFile)
[2021-03-15 00:10:05] - 입점마켓팅 네이버 판매지수EP 생성(createNaverSalesEpFile)
[2021-03-15 00:10:05] - 입점마켓팅 리뷰EP 생성(createReviewFile)
[2021-03-15 00:10:05] - 입점마켓팅 네이버EP 3.0 생성(createNaverThirdFile)
[2021-03-15 00:10:05] - 입점마켓팅 네이버EP 2.0 생성(createNaverFile)
[2021-03-15 00:10:05] - 입점마켓팅 다음EP 생성(createDaumFile)
[2021-03-16 00:10:05] - 구글 피드 생성(createGoogleFile)
[2021-03-16 00:10:05] - 페이스북 피드 생성(createFacebookFile)
[2021-03-16 00:10:05] - 입점마켓팅 네이버 판매지수EP 생성(createNaverSalesEpFile)
[2021-03-16 00:10:05] - 입점마켓팅 리뷰EP 생성(createReviewFile)
[2021-03-16 00:10:05] - 입점마켓팅 네이버EP 3.0 생성(createNaverThirdFile)
[2021-03-16 00:10:05] - 입점마켓팅 네이버EP 2.0 생성(createNaverFile)
[2021-03-16 00:10:05] - 입점마켓팅 다음EP 생성(createDaumFile)
[2021-03-17 00:10:06] - 구글 피드 생성(createGoogleFile)
[2021-03-17 00:10:06] - 페이스북 피드 생성(createFacebookFile)
[2021-03-17 00:10:06] - 입점마켓팅 네이버 판매지수EP 생성(createNaverSalesEpFile)
[2021-03-17 00:10:06] - 입점마켓팅 리뷰EP 생성(createReviewFile)
[2021-03-17 00:10:06] - 입점마켓팅 네이버EP 3.0 생성(createNaverThirdFile)
[2021-03-17 00:10:06] - 입점마켓팅 네이버EP 2.0 생성(createNaverFile)
[2021-03-17 00:10:06] - 입점마켓팅 다음EP 생성(createDaumFile)
[2021-03-18 00:10:06] - 구글 피드 생성(createGoogleFile)
[2021-03-18 00:10:06] - 페이스북 피드 생성(createFacebookFile)
[2021-03-18 00:10:06] - 입점마켓팅 네이버 판매지수EP 생성(createNaverSalesEpFile)
[2021-03-18 00:10:06] - 입점마켓팅 리뷰EP 생성(createReviewFile)
[2021-03-18 00:10:06] - 입점마켓팅 네이버EP 3.0 생성(createNaverThirdFile)
[2021-03-18 00:10:06] - 입점마켓팅 네이버EP 2.0 생성(createNaverFile)
[2021-03-18 00:10:06] - 입점마켓팅 다음EP 생성(createDaumFile)
[2021-03-19 00:10:06] - 구글 피드 생성(createGoogleFile)
[2021-03-19 00:10:06] - 페이스북 피드 생성(createFacebookFile)
[2021-03-19 00:10:06] - 입점마켓팅 네이버 판매지수EP 생성(createNaverSalesEpFile)
[2021-03-19 00:10:06] - 입점마켓팅 리뷰EP 생성(createReviewFile)
[2021-03-19 00:10:06] - 입점마켓팅 네이버EP 3.0 생성(createNaverThirdFile)
[2021-03-19 00:10:06] - 입점마켓팅 네이버EP 2.0 생성(createNaverFile)
[2021-03-19 00:10:06] - 입점마켓팅 다음EP 생성(createDaumFile)
[2021-03-20 00:10:05] - 구글 피드 생성(createGoogleFile)
[2021-03-20 00:10:05] - 페이스북 피드 생성(createFacebookFile)
[2021-03-20 00:10:05] - 입점마켓팅 네이버 판매지수EP 생성(createNaverSalesEpFile)
[2021-03-20 00:10:05] - 입점마켓팅 리뷰EP 생성(createReviewFile)
[2021-03-20 00:10:05] - 입점마켓팅 네이버EP 3.0 생성(createNaverThirdFile)
[2021-03-20 00:10:05] - 입점마켓팅 네이버EP 2.0 생성(createNaverFile)
[2021-03-20 00:10:05] - 입점마켓팅 다음EP 생성(createDaumFile)
[2021-03-21 00:10:05] - 구글 피드 생성(createGoogleFile)
[2021-03-21 00:10:05] - 페이스북 피드 생성(createFacebookFile)
[2021-03-21 00:10:05] - 입점마켓팅 네이버 판매지수EP 생성(createNaverSalesEpFile)
[2021-03-21 00:10:05] - 입점마켓팅 리뷰EP 생성(createReviewFile)
[2021-03-21 00:10:05] - 입점마켓팅 네이버EP 3.0 생성(createNaverThirdFile)
[2021-03-21 00:10:05] - 입점마켓팅 네이버EP 2.0 생성(createNaverFile)
[2021-03-21 00:10:05] - 입점마켓팅 다음EP 생성(createDaumFile)
[2021-03-22 00:10:05] - 구글 피드 생성(createGoogleFile)
[2021-03-22 00:10:05] - 페이스북 피드 생성(createFacebookFile)
[2021-03-22 00:10:05] - 입점마켓팅 네이버 판매지수EP 생성(createNaverSalesEpFile)
[2021-03-22 00:10:05] - 입점마켓팅 리뷰EP 생성(createReviewFile)
[2021-03-22 00:10:05] - 입점마켓팅 네이버EP 3.0 생성(createNaverThirdFile)
[2021-03-22 00:10:05] - 입점마켓팅 네이버EP 2.0 생성(createNaverFile)
[2021-03-22 00:10:05] - 입점마켓팅 다음EP 생성(createDaumFile)
[2021-03-24 00:10:08] - 구글 피드 생성(createGoogleFile)
[2021-03-24 00:10:08] - 페이스북 피드 생성(createFacebookFile)
[2021-03-24 00:10:08] - 입점마켓팅 네이버 판매지수EP 생성(createNaverSalesEpFile)
[2021-03-24 00:10:08] - 입점마켓팅 리뷰EP 생성(createReviewFile)
[2021-03-24 00:10:08] - 입점마켓팅 네이버EP 3.0 생성(createNaverThirdFile)
[2021-03-24 00:10:08] - 입점마켓팅 네이버EP 2.0 생성(createNaverFile)
[2021-03-24 00:10:08] - 입점마켓팅 다음EP 생성(createDaumFile)
[2021-03-25 00:10:08] - 구글 피드 생성(createGoogleFile)
[2021-03-25 00:10:08] - 페이스북 피드 생성(createFacebookFile)
[2021-03-25 00:10:08] - 입점마켓팅 네이버 판매지수EP 생성(createNaverSalesEpFile)
[2021-03-25 00:10:08] - 입점마켓팅 리뷰EP 생성(createReviewFile)
[2021-03-25 00:10:08] - 입점마켓팅 네이버EP 3.0 생성(createNaverThirdFile)
[2021-03-25 00:10:08] - 입점마켓팅 네이버EP 2.0 생성(createNaverFile)
[2021-03-25 00:10:08] - 입점마켓팅 다음EP 생성(createDaumFile)
[2021-03-26 00:10:08] - 구글 피드 생성(createGoogleFile)
[2021-03-26 00:10:08] - 페이스북 피드 생성(createFacebookFile)
[2021-03-26 00:10:08] - 입점마켓팅 네이버 판매지수EP 생성(createNaverSalesEpFile)
[2021-03-26 00:10:08] - 입점마켓팅 리뷰EP 생성(createReviewFile)
[2021-03-26 00:10:08] - 입점마켓팅 네이버EP 3.0 생성(createNaverThirdFile)
[2021-03-26 00:10:08] - 입점마켓팅 네이버EP 2.0 생성(createNaverFile)
[2021-03-26 00:10:08] - 입점마켓팅 다음EP 생성(createDaumFile)
[2021-03-27 00:10:08] - 구글 피드 생성(createGoogleFile)
[2021-03-27 00:10:08] - 페이스북 피드 생성(createFacebookFile)
[2021-03-27 00:10:08] - 입점마켓팅 네이버 판매지수EP 생성(createNaverSalesEpFile)
[2021-03-27 00:10:08] - 입점마켓팅 리뷰EP 생성(createReviewFile)
[2021-03-27 00:10:08] - 입점마켓팅 네이버EP 3.0 생성(createNaverThirdFile)
[2021-03-27 00:10:08] - 입점마켓팅 네이버EP 2.0 생성(createNaverFile)
[2021-03-27 00:10:08] - 입점마켓팅 다음EP 생성(createDaumFile)
[2021-03-28 00:10:08] - 구글 피드 생성(createGoogleFile)
[2021-03-28 00:10:08] - 페이스북 피드 생성(createFacebookFile)
[2021-03-28 00:10:08] - 입점마켓팅 네이버 판매지수EP 생성(createNaverSalesEpFile)
[2021-03-28 00:10:08] - 입점마켓팅 리뷰EP 생성(createReviewFile)
[2021-03-28 00:10:08] - 입점마켓팅 네이버EP 3.0 생성(createNaverThirdFile)
[2021-03-28 00:10:08] - 입점마켓팅 네이버EP 2.0 생성(createNaverFile)
[2021-03-28 00:10:08] - 입점마켓팅 다음EP 생성(createDaumFile)
[2021-03-29 00:10:08] - 구글 피드 생성(createGoogleFile)
[2021-03-29 00:10:08] - 페이스북 피드 생성(createFacebookFile)
[2021-03-29 00:10:08] - 입점마켓팅 네이버 판매지수EP 생성(createNaverSalesEpFile)
[2021-03-29 00:10:08] - 입점마켓팅 리뷰EP 생성(createReviewFile)
[2021-03-29 00:10:08] - 입점마켓팅 네이버EP 3.0 생성(createNaverThirdFile)
[2021-03-29 00:10:08] - 입점마켓팅 네이버EP 2.0 생성(createNaverFile)
[2021-03-29 00:10:08] - 입점마켓팅 다음EP 생성(createDaumFile)
[2021-03-30 00:10:08] - 구글 피드 생성(createGoogleFile)
[2021-03-30 00:10:08] - 페이스북 피드 생성(createFacebookFile)
[2021-03-30 00:10:08] - 입점마켓팅 네이버 판매지수EP 생성(createNaverSalesEpFile)
[2021-03-30 00:10:08] - 입점마켓팅 리뷰EP 생성(createReviewFile)
[2021-03-30 00:10:08] - 입점마켓팅 네이버EP 3.0 생성(createNaverThirdFile)
[2021-03-30 00:10:08] - 입점마켓팅 네이버EP 2.0 생성(createNaverFile)
[2021-03-30 00:10:08] - 입점마켓팅 다음EP 생성(createDaumFile)
[2021-03-31 00:10:08] - 구글 피드 생성(createGoogleFile)
[2021-03-31 00:10:08] - 페이스북 피드 생성(createFacebookFile)
[2021-03-31 00:10:08] - 입점마켓팅 네이버 판매지수EP 생성(createNaverSalesEpFile)
[2021-03-31 00:10:08] - 입점마켓팅 리뷰EP 생성(createReviewFile)
[2021-03-31 00:10:08] - 입점마켓팅 네이버EP 3.0 생성(createNaverThirdFile)
[2021-03-31 00:10:08] - 입점마켓팅 네이버EP 2.0 생성(createNaverFile)
[2021-03-31 00:10:08] - 입점마켓팅 다음EP 생성(createDaumFile)
