[2021-06-01 01:00:23] - KICC 코드 동기화(kicc_code)
[2021-06-01 01:00:23] - SMS 국가 코드(sms_national_code)
[2021-06-01 01:00:23] - 서버 캐시파일 삭제(delete_caches)
[2021-06-01 01:00:23] - 엑셀 파일 삭제(delete_excel_file)
[2021-06-01 01:00:23] - 언어별 js메시지 파일 생성(create_alert_file)
[2021-06-01 01:00:23] - 부가서비스 이슈 알림(addservice_notify)
[2021-06-01 01:00:23] - 관리자 중요행위 알림 캐시파일 생성(makeCacheActionAert)
[2021-06-01 01:00:23] - 사용 용량 업데이트(du_check)
[2021-06-01 01:00:23] - 플래시 캐시 파일 삭제(delete_flash_cach)
[2021-06-01 01:00:23] - 캡차 파일 삭제(captcha_file_delete)
[2021-06-01 01:00:23] - 오래된 파일 삭제(tmp_file_delete)
[2021-06-01 01:00:23] - 카카오알림톡 템플릿 동기화(kakaotalk_template)
[2021-06-01 01:00:23] - 엑셀다운로드데이터 삭제(delete_excel_temp)
[2021-06-01 01:00:23] - naverpay 삭제(log_naverpay_delete)
[2021-06-01 01:00:23] - captcha 삭제(log_captcha_delete)
[2021-06-01 01:00:23] - email log 삭제(log_email_delete)
[2021-06-01 01:00:23] - 장바구니 비우기(empty_cart)
[2021-06-01 01:00:23] - 엑심베이 코드 동기화(eximbay)
[2021-06-01 01:00:23] - NPay 택배사 매핑 동기화(npay_delivery_company_code)
[2021-06-01 01:00:23] - 코드 동기화(code_sync)
[2021-06-01 01:00:23] - config 동기화(config_sync)
[2021-06-01 01:00:23] - 택배사 동기화(delivery_url)
[2021-06-01 01:00:23] - 쇼핑몰 분류 동기화(shop_branch)
[2021-06-02 01:00:20] - KICC 코드 동기화(kicc_code)
[2021-06-02 01:00:20] - SMS 국가 코드(sms_national_code)
[2021-06-02 01:00:20] - 서버 캐시파일 삭제(delete_caches)
[2021-06-02 01:00:20] - 엑셀 파일 삭제(delete_excel_file)
[2021-06-02 01:00:20] - 언어별 js메시지 파일 생성(create_alert_file)
[2021-06-02 01:00:20] - 부가서비스 이슈 알림(addservice_notify)
[2021-06-02 01:00:20] - 관리자 중요행위 알림 캐시파일 생성(makeCacheActionAert)
[2021-06-02 01:00:20] - 사용 용량 업데이트(du_check)
[2021-06-02 01:00:20] - 플래시 캐시 파일 삭제(delete_flash_cach)
[2021-06-02 01:00:20] - 캡차 파일 삭제(captcha_file_delete)
[2021-06-02 01:00:20] - 오래된 파일 삭제(tmp_file_delete)
[2021-06-02 01:00:20] - 카카오알림톡 템플릿 동기화(kakaotalk_template)
[2021-06-02 01:00:20] - 엑셀다운로드데이터 삭제(delete_excel_temp)
[2021-06-02 01:00:20] - naverpay 삭제(log_naverpay_delete)
[2021-06-02 01:00:20] - captcha 삭제(log_captcha_delete)
[2021-06-02 01:00:20] - email log 삭제(log_email_delete)
[2021-06-02 01:00:20] - 장바구니 비우기(empty_cart)
[2021-06-02 01:00:20] - 엑심베이 코드 동기화(eximbay)
[2021-06-02 01:00:20] - NPay 택배사 매핑 동기화(npay_delivery_company_code)
[2021-06-02 01:00:20] - 코드 동기화(code_sync)
[2021-06-02 01:00:20] - config 동기화(config_sync)
[2021-06-02 01:00:20] - 택배사 동기화(delivery_url)
[2021-06-02 01:00:20] - 쇼핑몰 분류 동기화(shop_branch)
[2021-06-03 01:00:21] - KICC 코드 동기화(kicc_code)
[2021-06-03 01:00:21] - SMS 국가 코드(sms_national_code)
[2021-06-03 01:00:21] - 서버 캐시파일 삭제(delete_caches)
[2021-06-03 01:00:21] - 엑셀 파일 삭제(delete_excel_file)
[2021-06-03 01:00:21] - 언어별 js메시지 파일 생성(create_alert_file)
[2021-06-03 01:00:21] - 부가서비스 이슈 알림(addservice_notify)
[2021-06-03 01:00:21] - 관리자 중요행위 알림 캐시파일 생성(makeCacheActionAert)
[2021-06-03 01:00:21] - 사용 용량 업데이트(du_check)
[2021-06-03 01:00:21] - 플래시 캐시 파일 삭제(delete_flash_cach)
[2021-06-03 01:00:21] - 캡차 파일 삭제(captcha_file_delete)
[2021-06-03 01:00:21] - 오래된 파일 삭제(tmp_file_delete)
[2021-06-03 01:00:21] - 카카오알림톡 템플릿 동기화(kakaotalk_template)
[2021-06-03 01:00:21] - 엑셀다운로드데이터 삭제(delete_excel_temp)
[2021-06-03 01:00:21] - naverpay 삭제(log_naverpay_delete)
[2021-06-03 01:00:21] - captcha 삭제(log_captcha_delete)
[2021-06-03 01:00:21] - email log 삭제(log_email_delete)
[2021-06-03 01:00:21] - 장바구니 비우기(empty_cart)
[2021-06-03 01:00:21] - 엑심베이 코드 동기화(eximbay)
[2021-06-03 01:00:21] - NPay 택배사 매핑 동기화(npay_delivery_company_code)
[2021-06-03 01:00:21] - 코드 동기화(code_sync)
[2021-06-03 01:00:21] - config 동기화(config_sync)
[2021-06-03 01:00:21] - 택배사 동기화(delivery_url)
[2021-06-03 01:00:21] - 쇼핑몰 분류 동기화(shop_branch)
[2021-06-04 01:00:20] - KICC 코드 동기화(kicc_code)
[2021-06-04 01:00:20] - SMS 국가 코드(sms_national_code)
[2021-06-04 01:00:20] - 서버 캐시파일 삭제(delete_caches)
[2021-06-04 01:00:20] - 엑셀 파일 삭제(delete_excel_file)
[2021-06-04 01:00:20] - 언어별 js메시지 파일 생성(create_alert_file)
[2021-06-04 01:00:20] - 부가서비스 이슈 알림(addservice_notify)
[2021-06-04 01:00:20] - 관리자 중요행위 알림 캐시파일 생성(makeCacheActionAert)
[2021-06-04 01:00:20] - 사용 용량 업데이트(du_check)
[2021-06-04 01:00:20] - 플래시 캐시 파일 삭제(delete_flash_cach)
[2021-06-04 01:00:20] - 캡차 파일 삭제(captcha_file_delete)
[2021-06-04 01:00:20] - 오래된 파일 삭제(tmp_file_delete)
[2021-06-04 01:00:20] - 카카오알림톡 템플릿 동기화(kakaotalk_template)
[2021-06-04 01:00:20] - 엑셀다운로드데이터 삭제(delete_excel_temp)
[2021-06-04 01:00:20] - naverpay 삭제(log_naverpay_delete)
[2021-06-04 01:00:20] - captcha 삭제(log_captcha_delete)
[2021-06-04 01:00:20] - email log 삭제(log_email_delete)
[2021-06-04 01:00:20] - 장바구니 비우기(empty_cart)
[2021-06-04 01:00:20] - 엑심베이 코드 동기화(eximbay)
[2021-06-04 01:00:20] - NPay 택배사 매핑 동기화(npay_delivery_company_code)
[2021-06-04 01:00:20] - 코드 동기화(code_sync)
[2021-06-04 01:00:20] - config 동기화(config_sync)
[2021-06-04 01:00:20] - 택배사 동기화(delivery_url)
[2021-06-04 01:00:20] - 쇼핑몰 분류 동기화(shop_branch)
[2021-06-05 01:00:20] - KICC 코드 동기화(kicc_code)
[2021-06-05 01:00:20] - SMS 국가 코드(sms_national_code)
[2021-06-05 01:00:20] - 서버 캐시파일 삭제(delete_caches)
[2021-06-05 01:00:20] - 엑셀 파일 삭제(delete_excel_file)
[2021-06-05 01:00:20] - 언어별 js메시지 파일 생성(create_alert_file)
[2021-06-05 01:00:20] - 부가서비스 이슈 알림(addservice_notify)
[2021-06-05 01:00:20] - 관리자 중요행위 알림 캐시파일 생성(makeCacheActionAert)
[2021-06-05 01:00:20] - 사용 용량 업데이트(du_check)
[2021-06-05 01:00:20] - 플래시 캐시 파일 삭제(delete_flash_cach)
[2021-06-05 01:00:20] - 캡차 파일 삭제(captcha_file_delete)
[2021-06-05 01:00:20] - 오래된 파일 삭제(tmp_file_delete)
[2021-06-05 01:00:20] - 카카오알림톡 템플릿 동기화(kakaotalk_template)
[2021-06-05 01:00:20] - 엑셀다운로드데이터 삭제(delete_excel_temp)
[2021-06-05 01:00:20] - naverpay 삭제(log_naverpay_delete)
[2021-06-05 01:00:20] - captcha 삭제(log_captcha_delete)
[2021-06-05 01:00:20] - email log 삭제(log_email_delete)
[2021-06-05 01:00:20] - 장바구니 비우기(empty_cart)
[2021-06-05 01:00:20] - 엑심베이 코드 동기화(eximbay)
[2021-06-05 01:00:20] - NPay 택배사 매핑 동기화(npay_delivery_company_code)
[2021-06-05 01:00:20] - 코드 동기화(code_sync)
[2021-06-05 01:00:20] - config 동기화(config_sync)
[2021-06-05 01:00:20] - 택배사 동기화(delivery_url)
[2021-06-05 01:00:20] - 쇼핑몰 분류 동기화(shop_branch)
[2021-06-06 01:00:23] - KICC 코드 동기화(kicc_code)
[2021-06-06 01:00:23] - SMS 국가 코드(sms_national_code)
[2021-06-06 01:00:23] - 서버 캐시파일 삭제(delete_caches)
[2021-06-06 01:00:23] - 엑셀 파일 삭제(delete_excel_file)
[2021-06-06 01:00:23] - 언어별 js메시지 파일 생성(create_alert_file)
[2021-06-06 01:00:23] - 부가서비스 이슈 알림(addservice_notify)
[2021-06-06 01:00:23] - 관리자 중요행위 알림 캐시파일 생성(makeCacheActionAert)
[2021-06-06 01:00:23] - 사용 용량 업데이트(du_check)
[2021-06-06 01:00:23] - 플래시 캐시 파일 삭제(delete_flash_cach)
[2021-06-06 01:00:23] - 캡차 파일 삭제(captcha_file_delete)
[2021-06-06 01:00:23] - 오래된 파일 삭제(tmp_file_delete)
[2021-06-06 01:00:23] - 카카오알림톡 템플릿 동기화(kakaotalk_template)
[2021-06-06 01:00:23] - 엑셀다운로드데이터 삭제(delete_excel_temp)
[2021-06-06 01:00:23] - naverpay 삭제(log_naverpay_delete)
[2021-06-06 01:00:23] - captcha 삭제(log_captcha_delete)
[2021-06-06 01:00:23] - email log 삭제(log_email_delete)
[2021-06-06 01:00:23] - 장바구니 비우기(empty_cart)
[2021-06-06 01:00:23] - 엑심베이 코드 동기화(eximbay)
[2021-06-06 01:00:23] - NPay 택배사 매핑 동기화(npay_delivery_company_code)
[2021-06-06 01:00:23] - 코드 동기화(code_sync)
[2021-06-06 01:00:23] - config 동기화(config_sync)
[2021-06-06 01:00:23] - 택배사 동기화(delivery_url)
[2021-06-06 01:00:23] - 쇼핑몰 분류 동기화(shop_branch)
[2021-06-07 01:00:22] - KICC 코드 동기화(kicc_code)
[2021-06-07 01:00:22] - SMS 국가 코드(sms_national_code)
[2021-06-07 01:00:22] - 서버 캐시파일 삭제(delete_caches)
[2021-06-07 01:00:22] - 엑셀 파일 삭제(delete_excel_file)
[2021-06-07 01:00:22] - 언어별 js메시지 파일 생성(create_alert_file)
[2021-06-07 01:00:22] - 부가서비스 이슈 알림(addservice_notify)
[2021-06-07 01:00:22] - 관리자 중요행위 알림 캐시파일 생성(makeCacheActionAert)
[2021-06-07 01:00:22] - 사용 용량 업데이트(du_check)
[2021-06-07 01:00:22] - 플래시 캐시 파일 삭제(delete_flash_cach)
[2021-06-07 01:00:22] - 캡차 파일 삭제(captcha_file_delete)
[2021-06-07 01:00:22] - 오래된 파일 삭제(tmp_file_delete)
[2021-06-07 01:00:22] - 카카오알림톡 템플릿 동기화(kakaotalk_template)
[2021-06-07 01:00:22] - 엑셀다운로드데이터 삭제(delete_excel_temp)
[2021-06-07 01:00:22] - naverpay 삭제(log_naverpay_delete)
[2021-06-07 01:00:22] - captcha 삭제(log_captcha_delete)
[2021-06-07 01:00:22] - email log 삭제(log_email_delete)
[2021-06-07 01:00:22] - 장바구니 비우기(empty_cart)
[2021-06-07 01:00:22] - 엑심베이 코드 동기화(eximbay)
[2021-06-07 01:00:22] - NPay 택배사 매핑 동기화(npay_delivery_company_code)
[2021-06-07 01:00:22] - 코드 동기화(code_sync)
[2021-06-07 01:00:22] - config 동기화(config_sync)
[2021-06-07 01:00:22] - 택배사 동기화(delivery_url)
[2021-06-07 01:00:22] - 쇼핑몰 분류 동기화(shop_branch)
[2021-06-08 01:00:21] - KICC 코드 동기화(kicc_code)
[2021-06-08 01:00:21] - SMS 국가 코드(sms_national_code)
[2021-06-08 01:00:21] - 서버 캐시파일 삭제(delete_caches)
[2021-06-08 01:00:21] - 엑셀 파일 삭제(delete_excel_file)
[2021-06-08 01:00:21] - 언어별 js메시지 파일 생성(create_alert_file)
[2021-06-08 01:00:21] - 부가서비스 이슈 알림(addservice_notify)
[2021-06-08 01:00:21] - 관리자 중요행위 알림 캐시파일 생성(makeCacheActionAert)
[2021-06-08 01:00:21] - 사용 용량 업데이트(du_check)
[2021-06-08 01:00:21] - 플래시 캐시 파일 삭제(delete_flash_cach)
[2021-06-08 01:00:21] - 캡차 파일 삭제(captcha_file_delete)
[2021-06-08 01:00:21] - 오래된 파일 삭제(tmp_file_delete)
[2021-06-08 01:00:21] - 카카오알림톡 템플릿 동기화(kakaotalk_template)
[2021-06-08 01:00:21] - 엑셀다운로드데이터 삭제(delete_excel_temp)
[2021-06-08 01:00:21] - naverpay 삭제(log_naverpay_delete)
[2021-06-08 01:00:21] - captcha 삭제(log_captcha_delete)
[2021-06-08 01:00:21] - email log 삭제(log_email_delete)
[2021-06-08 01:00:21] - 장바구니 비우기(empty_cart)
[2021-06-08 01:00:21] - 엑심베이 코드 동기화(eximbay)
[2021-06-08 01:00:21] - NPay 택배사 매핑 동기화(npay_delivery_company_code)
[2021-06-08 01:00:21] - 코드 동기화(code_sync)
[2021-06-08 01:00:21] - config 동기화(config_sync)
[2021-06-08 01:00:21] - 택배사 동기화(delivery_url)
[2021-06-08 01:00:21] - 쇼핑몰 분류 동기화(shop_branch)
[2021-06-09 01:00:20] - KICC 코드 동기화(kicc_code)
[2021-06-09 01:00:20] - SMS 국가 코드(sms_national_code)
[2021-06-09 01:00:20] - 서버 캐시파일 삭제(delete_caches)
[2021-06-09 01:00:20] - 엑셀 파일 삭제(delete_excel_file)
[2021-06-09 01:00:20] - 언어별 js메시지 파일 생성(create_alert_file)
[2021-06-09 01:00:20] - 부가서비스 이슈 알림(addservice_notify)
[2021-06-09 01:00:20] - 관리자 중요행위 알림 캐시파일 생성(makeCacheActionAert)
[2021-06-09 01:00:20] - 사용 용량 업데이트(du_check)
[2021-06-09 01:00:20] - 플래시 캐시 파일 삭제(delete_flash_cach)
[2021-06-09 01:00:20] - 캡차 파일 삭제(captcha_file_delete)
[2021-06-09 01:00:20] - 오래된 파일 삭제(tmp_file_delete)
[2021-06-09 01:00:20] - 카카오알림톡 템플릿 동기화(kakaotalk_template)
[2021-06-09 01:00:20] - 엑셀다운로드데이터 삭제(delete_excel_temp)
[2021-06-09 01:00:20] - naverpay 삭제(log_naverpay_delete)
[2021-06-09 01:00:20] - captcha 삭제(log_captcha_delete)
[2021-06-09 01:00:20] - email log 삭제(log_email_delete)
[2021-06-09 01:00:20] - 장바구니 비우기(empty_cart)
[2021-06-09 01:00:20] - 엑심베이 코드 동기화(eximbay)
[2021-06-09 01:00:20] - NPay 택배사 매핑 동기화(npay_delivery_company_code)
[2021-06-09 01:00:20] - 코드 동기화(code_sync)
[2021-06-09 01:00:20] - config 동기화(config_sync)
[2021-06-09 01:00:21] - 택배사 동기화(delivery_url)
[2021-06-09 01:00:21] - 쇼핑몰 분류 동기화(shop_branch)
[2021-06-10 01:00:22] - KICC 코드 동기화(kicc_code)
[2021-06-10 01:00:22] - SMS 국가 코드(sms_national_code)
[2021-06-10 01:00:22] - 서버 캐시파일 삭제(delete_caches)
[2021-06-10 01:00:22] - 엑셀 파일 삭제(delete_excel_file)
[2021-06-10 01:00:22] - 언어별 js메시지 파일 생성(create_alert_file)
[2021-06-10 01:00:22] - 부가서비스 이슈 알림(addservice_notify)
[2021-06-10 01:00:22] - 관리자 중요행위 알림 캐시파일 생성(makeCacheActionAert)
[2021-06-10 01:00:22] - 사용 용량 업데이트(du_check)
[2021-06-10 01:00:22] - 플래시 캐시 파일 삭제(delete_flash_cach)
[2021-06-10 01:00:22] - 캡차 파일 삭제(captcha_file_delete)
[2021-06-10 01:00:22] - 오래된 파일 삭제(tmp_file_delete)
[2021-06-10 01:00:22] - 카카오알림톡 템플릿 동기화(kakaotalk_template)
[2021-06-10 01:00:22] - 엑셀다운로드데이터 삭제(delete_excel_temp)
[2021-06-10 01:00:22] - naverpay 삭제(log_naverpay_delete)
[2021-06-10 01:00:22] - captcha 삭제(log_captcha_delete)
[2021-06-10 01:00:22] - email log 삭제(log_email_delete)
[2021-06-10 01:00:22] - 장바구니 비우기(empty_cart)
[2021-06-10 01:00:22] - 엑심베이 코드 동기화(eximbay)
[2021-06-10 01:00:22] - NPay 택배사 매핑 동기화(npay_delivery_company_code)
[2021-06-10 01:00:22] - 코드 동기화(code_sync)
[2021-06-10 01:00:22] - config 동기화(config_sync)
[2021-06-10 01:00:22] - 택배사 동기화(delivery_url)
[2021-06-10 01:00:22] - 쇼핑몰 분류 동기화(shop_branch)
[2021-06-11 01:00:21] - KICC 코드 동기화(kicc_code)
[2021-06-11 01:00:21] - SMS 국가 코드(sms_national_code)
[2021-06-11 01:00:21] - 서버 캐시파일 삭제(delete_caches)
[2021-06-11 01:00:21] - 엑셀 파일 삭제(delete_excel_file)
[2021-06-11 01:00:21] - 언어별 js메시지 파일 생성(create_alert_file)
[2021-06-11 01:00:21] - 부가서비스 이슈 알림(addservice_notify)
[2021-06-11 01:00:21] - 관리자 중요행위 알림 캐시파일 생성(makeCacheActionAert)
[2021-06-11 01:00:21] - 사용 용량 업데이트(du_check)
[2021-06-11 01:00:21] - 플래시 캐시 파일 삭제(delete_flash_cach)
[2021-06-11 01:00:21] - 캡차 파일 삭제(captcha_file_delete)
[2021-06-11 01:00:21] - 오래된 파일 삭제(tmp_file_delete)
[2021-06-11 01:00:21] - 카카오알림톡 템플릿 동기화(kakaotalk_template)
[2021-06-11 01:00:21] - 엑셀다운로드데이터 삭제(delete_excel_temp)
[2021-06-11 01:00:21] - naverpay 삭제(log_naverpay_delete)
[2021-06-11 01:00:21] - captcha 삭제(log_captcha_delete)
[2021-06-11 01:00:21] - email log 삭제(log_email_delete)
[2021-06-11 01:00:21] - 장바구니 비우기(empty_cart)
[2021-06-11 01:00:21] - 엑심베이 코드 동기화(eximbay)
[2021-06-11 01:00:21] - NPay 택배사 매핑 동기화(npay_delivery_company_code)
[2021-06-11 01:00:21] - 코드 동기화(code_sync)
[2021-06-11 01:00:21] - config 동기화(config_sync)
[2021-06-11 01:00:21] - 택배사 동기화(delivery_url)
[2021-06-11 01:00:21] - 쇼핑몰 분류 동기화(shop_branch)
[2021-06-12 01:00:22] - KICC 코드 동기화(kicc_code)
[2021-06-12 01:00:22] - SMS 국가 코드(sms_national_code)
[2021-06-12 01:00:22] - 서버 캐시파일 삭제(delete_caches)
[2021-06-12 01:00:22] - 엑셀 파일 삭제(delete_excel_file)
[2021-06-12 01:00:22] - 언어별 js메시지 파일 생성(create_alert_file)
[2021-06-12 01:00:22] - 부가서비스 이슈 알림(addservice_notify)
[2021-06-12 01:00:22] - 관리자 중요행위 알림 캐시파일 생성(makeCacheActionAert)
[2021-06-12 01:00:22] - 사용 용량 업데이트(du_check)
[2021-06-12 01:00:22] - 플래시 캐시 파일 삭제(delete_flash_cach)
[2021-06-12 01:00:22] - 캡차 파일 삭제(captcha_file_delete)
[2021-06-12 01:00:22] - 오래된 파일 삭제(tmp_file_delete)
[2021-06-12 01:00:22] - 카카오알림톡 템플릿 동기화(kakaotalk_template)
[2021-06-12 01:00:22] - 엑셀다운로드데이터 삭제(delete_excel_temp)
[2021-06-12 01:00:22] - naverpay 삭제(log_naverpay_delete)
[2021-06-12 01:00:22] - captcha 삭제(log_captcha_delete)
[2021-06-12 01:00:22] - email log 삭제(log_email_delete)
[2021-06-12 01:00:22] - 장바구니 비우기(empty_cart)
[2021-06-12 01:00:22] - 엑심베이 코드 동기화(eximbay)
[2021-06-12 01:00:22] - NPay 택배사 매핑 동기화(npay_delivery_company_code)
[2021-06-12 01:00:22] - 코드 동기화(code_sync)
[2021-06-12 01:00:22] - config 동기화(config_sync)
[2021-06-12 01:00:22] - 택배사 동기화(delivery_url)
[2021-06-12 01:00:22] - 쇼핑몰 분류 동기화(shop_branch)
[2021-06-13 01:00:21] - KICC 코드 동기화(kicc_code)
[2021-06-13 01:00:21] - SMS 국가 코드(sms_national_code)
[2021-06-13 01:00:21] - 서버 캐시파일 삭제(delete_caches)
[2021-06-13 01:00:21] - 엑셀 파일 삭제(delete_excel_file)
[2021-06-13 01:00:21] - 언어별 js메시지 파일 생성(create_alert_file)
[2021-06-13 01:00:21] - 부가서비스 이슈 알림(addservice_notify)
[2021-06-13 01:00:21] - 관리자 중요행위 알림 캐시파일 생성(makeCacheActionAert)
[2021-06-13 01:00:21] - 사용 용량 업데이트(du_check)
[2021-06-13 01:00:21] - 플래시 캐시 파일 삭제(delete_flash_cach)
[2021-06-13 01:00:21] - 캡차 파일 삭제(captcha_file_delete)
[2021-06-13 01:00:21] - 오래된 파일 삭제(tmp_file_delete)
[2021-06-13 01:00:21] - 카카오알림톡 템플릿 동기화(kakaotalk_template)
[2021-06-13 01:00:21] - 엑셀다운로드데이터 삭제(delete_excel_temp)
[2021-06-13 01:00:21] - naverpay 삭제(log_naverpay_delete)
[2021-06-13 01:00:21] - captcha 삭제(log_captcha_delete)
[2021-06-13 01:00:21] - email log 삭제(log_email_delete)
[2021-06-13 01:00:21] - 장바구니 비우기(empty_cart)
[2021-06-13 01:00:21] - 엑심베이 코드 동기화(eximbay)
[2021-06-13 01:00:21] - NPay 택배사 매핑 동기화(npay_delivery_company_code)
[2021-06-13 01:00:21] - 코드 동기화(code_sync)
[2021-06-13 01:00:21] - config 동기화(config_sync)
[2021-06-13 01:00:21] - 택배사 동기화(delivery_url)
[2021-06-13 01:00:21] - 쇼핑몰 분류 동기화(shop_branch)
[2021-06-14 01:00:26] - KICC 코드 동기화(kicc_code)
[2021-06-14 01:00:26] - SMS 국가 코드(sms_national_code)
[2021-06-14 01:00:26] - 서버 캐시파일 삭제(delete_caches)
[2021-06-14 01:00:26] - 엑셀 파일 삭제(delete_excel_file)
[2021-06-14 01:00:26] - 언어별 js메시지 파일 생성(create_alert_file)
[2021-06-14 01:00:26] - 부가서비스 이슈 알림(addservice_notify)
[2021-06-14 01:00:26] - 관리자 중요행위 알림 캐시파일 생성(makeCacheActionAert)
[2021-06-14 01:00:26] - 사용 용량 업데이트(du_check)
[2021-06-14 01:00:26] - 플래시 캐시 파일 삭제(delete_flash_cach)
[2021-06-14 01:00:26] - 캡차 파일 삭제(captcha_file_delete)
[2021-06-14 01:00:26] - 오래된 파일 삭제(tmp_file_delete)
[2021-06-14 01:00:26] - 카카오알림톡 템플릿 동기화(kakaotalk_template)
[2021-06-14 01:00:26] - 엑셀다운로드데이터 삭제(delete_excel_temp)
[2021-06-14 01:00:26] - naverpay 삭제(log_naverpay_delete)
[2021-06-14 01:00:26] - captcha 삭제(log_captcha_delete)
[2021-06-14 01:00:26] - email log 삭제(log_email_delete)
[2021-06-14 01:00:26] - 장바구니 비우기(empty_cart)
[2021-06-14 01:00:26] - 엑심베이 코드 동기화(eximbay)
[2021-06-14 01:00:26] - NPay 택배사 매핑 동기화(npay_delivery_company_code)
[2021-06-14 01:00:26] - 코드 동기화(code_sync)
[2021-06-14 01:00:26] - config 동기화(config_sync)
[2021-06-14 01:00:26] - 택배사 동기화(delivery_url)
[2021-06-14 01:00:26] - 쇼핑몰 분류 동기화(shop_branch)
[2021-06-15 01:00:22] - KICC 코드 동기화(kicc_code)
[2021-06-15 01:00:22] - SMS 국가 코드(sms_national_code)
[2021-06-15 01:00:22] - 서버 캐시파일 삭제(delete_caches)
[2021-06-15 01:00:22] - 엑셀 파일 삭제(delete_excel_file)
[2021-06-15 01:00:22] - 언어별 js메시지 파일 생성(create_alert_file)
[2021-06-15 01:00:22] - 부가서비스 이슈 알림(addservice_notify)
[2021-06-15 01:00:22] - 관리자 중요행위 알림 캐시파일 생성(makeCacheActionAert)
[2021-06-15 01:00:22] - 사용 용량 업데이트(du_check)
[2021-06-15 01:00:22] - 플래시 캐시 파일 삭제(delete_flash_cach)
[2021-06-15 01:00:22] - 캡차 파일 삭제(captcha_file_delete)
[2021-06-15 01:00:22] - 오래된 파일 삭제(tmp_file_delete)
[2021-06-15 01:00:22] - 카카오알림톡 템플릿 동기화(kakaotalk_template)
[2021-06-15 01:00:22] - 엑셀다운로드데이터 삭제(delete_excel_temp)
[2021-06-15 01:00:22] - naverpay 삭제(log_naverpay_delete)
[2021-06-15 01:00:22] - captcha 삭제(log_captcha_delete)
[2021-06-15 01:00:22] - email log 삭제(log_email_delete)
[2021-06-15 01:00:22] - 장바구니 비우기(empty_cart)
[2021-06-15 01:00:22] - 엑심베이 코드 동기화(eximbay)
[2021-06-15 01:00:22] - NPay 택배사 매핑 동기화(npay_delivery_company_code)
[2021-06-15 01:00:22] - 코드 동기화(code_sync)
[2021-06-15 01:00:22] - config 동기화(config_sync)
[2021-06-15 01:00:22] - 택배사 동기화(delivery_url)
[2021-06-15 01:00:22] - 쇼핑몰 분류 동기화(shop_branch)
[2021-06-16 01:00:21] - KICC 코드 동기화(kicc_code)
[2021-06-16 01:00:21] - SMS 국가 코드(sms_national_code)
[2021-06-16 01:00:21] - 서버 캐시파일 삭제(delete_caches)
[2021-06-16 01:00:21] - 엑셀 파일 삭제(delete_excel_file)
[2021-06-16 01:00:21] - 언어별 js메시지 파일 생성(create_alert_file)
[2021-06-16 01:00:21] - 부가서비스 이슈 알림(addservice_notify)
[2021-06-16 01:00:21] - 관리자 중요행위 알림 캐시파일 생성(makeCacheActionAert)
[2021-06-16 01:00:21] - 사용 용량 업데이트(du_check)
[2021-06-16 01:00:21] - 플래시 캐시 파일 삭제(delete_flash_cach)
[2021-06-16 01:00:21] - 캡차 파일 삭제(captcha_file_delete)
[2021-06-16 01:00:21] - 오래된 파일 삭제(tmp_file_delete)
[2021-06-16 01:00:21] - 카카오알림톡 템플릿 동기화(kakaotalk_template)
[2021-06-16 01:00:21] - 엑셀다운로드데이터 삭제(delete_excel_temp)
[2021-06-16 01:00:21] - naverpay 삭제(log_naverpay_delete)
[2021-06-16 01:00:21] - captcha 삭제(log_captcha_delete)
[2021-06-16 01:00:21] - email log 삭제(log_email_delete)
[2021-06-16 01:00:21] - 장바구니 비우기(empty_cart)
[2021-06-16 01:00:21] - 엑심베이 코드 동기화(eximbay)
[2021-06-16 01:00:21] - NPay 택배사 매핑 동기화(npay_delivery_company_code)
[2021-06-16 01:00:21] - 코드 동기화(code_sync)
[2021-06-16 01:00:21] - config 동기화(config_sync)
[2021-06-16 01:00:21] - 택배사 동기화(delivery_url)
[2021-06-16 01:00:21] - 쇼핑몰 분류 동기화(shop_branch)
[2021-06-17 01:00:22] - KICC 코드 동기화(kicc_code)
[2021-06-17 01:00:22] - SMS 국가 코드(sms_national_code)
[2021-06-17 01:00:22] - 서버 캐시파일 삭제(delete_caches)
[2021-06-17 01:00:22] - 엑셀 파일 삭제(delete_excel_file)
[2021-06-17 01:00:22] - 언어별 js메시지 파일 생성(create_alert_file)
[2021-06-17 01:00:22] - 부가서비스 이슈 알림(addservice_notify)
[2021-06-17 01:00:22] - 관리자 중요행위 알림 캐시파일 생성(makeCacheActionAert)
[2021-06-17 01:00:22] - 사용 용량 업데이트(du_check)
[2021-06-17 01:00:22] - 플래시 캐시 파일 삭제(delete_flash_cach)
[2021-06-17 01:00:22] - 캡차 파일 삭제(captcha_file_delete)
[2021-06-17 01:00:22] - 오래된 파일 삭제(tmp_file_delete)
[2021-06-17 01:00:22] - 카카오알림톡 템플릿 동기화(kakaotalk_template)
[2021-06-17 01:00:22] - 엑셀다운로드데이터 삭제(delete_excel_temp)
[2021-06-17 01:00:22] - naverpay 삭제(log_naverpay_delete)
[2021-06-17 01:00:22] - captcha 삭제(log_captcha_delete)
[2021-06-17 01:00:22] - email log 삭제(log_email_delete)
[2021-06-17 01:00:22] - 장바구니 비우기(empty_cart)
[2021-06-17 01:00:22] - 엑심베이 코드 동기화(eximbay)
[2021-06-17 01:00:22] - NPay 택배사 매핑 동기화(npay_delivery_company_code)
[2021-06-17 01:00:22] - 코드 동기화(code_sync)
[2021-06-17 01:00:22] - config 동기화(config_sync)
[2021-06-17 01:00:22] - 택배사 동기화(delivery_url)
[2021-06-17 01:00:22] - 쇼핑몰 분류 동기화(shop_branch)
[2021-06-18 01:00:22] - KICC 코드 동기화(kicc_code)
[2021-06-18 01:00:22] - SMS 국가 코드(sms_national_code)
[2021-06-18 01:00:22] - 서버 캐시파일 삭제(delete_caches)
[2021-06-18 01:00:22] - 엑셀 파일 삭제(delete_excel_file)
[2021-06-18 01:00:22] - 언어별 js메시지 파일 생성(create_alert_file)
[2021-06-18 01:00:22] - 부가서비스 이슈 알림(addservice_notify)
[2021-06-18 01:00:22] - 관리자 중요행위 알림 캐시파일 생성(makeCacheActionAert)
[2021-06-18 01:00:22] - 사용 용량 업데이트(du_check)
[2021-06-18 01:00:22] - 플래시 캐시 파일 삭제(delete_flash_cach)
[2021-06-18 01:00:22] - 캡차 파일 삭제(captcha_file_delete)
[2021-06-18 01:00:22] - 오래된 파일 삭제(tmp_file_delete)
[2021-06-18 01:00:22] - 카카오알림톡 템플릿 동기화(kakaotalk_template)
[2021-06-18 01:00:22] - 엑셀다운로드데이터 삭제(delete_excel_temp)
[2021-06-18 01:00:22] - naverpay 삭제(log_naverpay_delete)
[2021-06-18 01:00:22] - captcha 삭제(log_captcha_delete)
[2021-06-18 01:00:22] - email log 삭제(log_email_delete)
[2021-06-18 01:00:22] - 장바구니 비우기(empty_cart)
[2021-06-18 01:00:22] - 엑심베이 코드 동기화(eximbay)
[2021-06-18 01:00:22] - NPay 택배사 매핑 동기화(npay_delivery_company_code)
[2021-06-18 01:00:22] - 코드 동기화(code_sync)
[2021-06-18 01:00:22] - config 동기화(config_sync)
[2021-06-18 01:00:22] - 택배사 동기화(delivery_url)
[2021-06-18 01:00:22] - 쇼핑몰 분류 동기화(shop_branch)
[2021-06-19 01:00:22] - KICC 코드 동기화(kicc_code)
[2021-06-19 01:00:22] - SMS 국가 코드(sms_national_code)
[2021-06-19 01:00:22] - 서버 캐시파일 삭제(delete_caches)
[2021-06-19 01:00:22] - 엑셀 파일 삭제(delete_excel_file)
[2021-06-19 01:00:22] - 언어별 js메시지 파일 생성(create_alert_file)
[2021-06-19 01:00:22] - 부가서비스 이슈 알림(addservice_notify)
[2021-06-19 01:00:22] - 관리자 중요행위 알림 캐시파일 생성(makeCacheActionAert)
[2021-06-19 01:00:22] - 사용 용량 업데이트(du_check)
[2021-06-19 01:00:22] - 플래시 캐시 파일 삭제(delete_flash_cach)
[2021-06-19 01:00:22] - 캡차 파일 삭제(captcha_file_delete)
[2021-06-19 01:00:22] - 오래된 파일 삭제(tmp_file_delete)
[2021-06-19 01:00:22] - 카카오알림톡 템플릿 동기화(kakaotalk_template)
[2021-06-19 01:00:22] - 엑셀다운로드데이터 삭제(delete_excel_temp)
[2021-06-19 01:00:22] - naverpay 삭제(log_naverpay_delete)
[2021-06-19 01:00:22] - captcha 삭제(log_captcha_delete)
[2021-06-19 01:00:22] - email log 삭제(log_email_delete)
[2021-06-19 01:00:22] - 장바구니 비우기(empty_cart)
[2021-06-19 01:00:22] - 엑심베이 코드 동기화(eximbay)
[2021-06-19 01:00:22] - NPay 택배사 매핑 동기화(npay_delivery_company_code)
[2021-06-19 01:00:22] - 코드 동기화(code_sync)
[2021-06-19 01:00:22] - config 동기화(config_sync)
[2021-06-19 01:00:22] - 택배사 동기화(delivery_url)
[2021-06-19 01:00:22] - 쇼핑몰 분류 동기화(shop_branch)
[2021-06-20 01:00:25] - KICC 코드 동기화(kicc_code)
[2021-06-20 01:00:25] - SMS 국가 코드(sms_national_code)
[2021-06-20 01:00:25] - 서버 캐시파일 삭제(delete_caches)
[2021-06-20 01:00:25] - 엑셀 파일 삭제(delete_excel_file)
[2021-06-20 01:00:25] - 언어별 js메시지 파일 생성(create_alert_file)
[2021-06-20 01:00:25] - 부가서비스 이슈 알림(addservice_notify)
[2021-06-20 01:00:25] - 관리자 중요행위 알림 캐시파일 생성(makeCacheActionAert)
[2021-06-20 01:00:25] - 사용 용량 업데이트(du_check)
[2021-06-20 01:00:25] - 플래시 캐시 파일 삭제(delete_flash_cach)
[2021-06-20 01:00:25] - 캡차 파일 삭제(captcha_file_delete)
[2021-06-20 01:00:25] - 오래된 파일 삭제(tmp_file_delete)
[2021-06-20 01:00:25] - 카카오알림톡 템플릿 동기화(kakaotalk_template)
[2021-06-20 01:00:25] - 엑셀다운로드데이터 삭제(delete_excel_temp)
[2021-06-20 01:00:25] - naverpay 삭제(log_naverpay_delete)
[2021-06-20 01:00:25] - captcha 삭제(log_captcha_delete)
[2021-06-20 01:00:25] - email log 삭제(log_email_delete)
[2021-06-20 01:00:25] - 장바구니 비우기(empty_cart)
[2021-06-20 01:00:25] - 엑심베이 코드 동기화(eximbay)
[2021-06-20 01:00:25] - NPay 택배사 매핑 동기화(npay_delivery_company_code)
[2021-06-20 01:00:25] - 코드 동기화(code_sync)
[2021-06-20 01:00:25] - config 동기화(config_sync)
[2021-06-20 01:00:25] - 택배사 동기화(delivery_url)
[2021-06-20 01:00:25] - 쇼핑몰 분류 동기화(shop_branch)
[2021-06-21 01:00:21] - KICC 코드 동기화(kicc_code)
[2021-06-21 01:00:21] - SMS 국가 코드(sms_national_code)
[2021-06-21 01:00:21] - 서버 캐시파일 삭제(delete_caches)
[2021-06-21 01:00:21] - 엑셀 파일 삭제(delete_excel_file)
[2021-06-21 01:00:21] - 언어별 js메시지 파일 생성(create_alert_file)
[2021-06-21 01:00:21] - 부가서비스 이슈 알림(addservice_notify)
[2021-06-21 01:00:21] - 관리자 중요행위 알림 캐시파일 생성(makeCacheActionAert)
[2021-06-21 01:00:21] - 사용 용량 업데이트(du_check)
[2021-06-21 01:00:21] - 플래시 캐시 파일 삭제(delete_flash_cach)
[2021-06-21 01:00:21] - 캡차 파일 삭제(captcha_file_delete)
[2021-06-21 01:00:21] - 오래된 파일 삭제(tmp_file_delete)
[2021-06-21 01:00:21] - 카카오알림톡 템플릿 동기화(kakaotalk_template)
[2021-06-21 01:00:21] - 엑셀다운로드데이터 삭제(delete_excel_temp)
[2021-06-21 01:00:21] - naverpay 삭제(log_naverpay_delete)
[2021-06-21 01:00:21] - captcha 삭제(log_captcha_delete)
[2021-06-21 01:00:21] - email log 삭제(log_email_delete)
[2021-06-21 01:00:21] - 장바구니 비우기(empty_cart)
[2021-06-21 01:00:21] - 엑심베이 코드 동기화(eximbay)
[2021-06-21 01:00:21] - NPay 택배사 매핑 동기화(npay_delivery_company_code)
[2021-06-21 01:00:21] - 코드 동기화(code_sync)
[2021-06-21 01:00:21] - config 동기화(config_sync)
[2021-06-21 01:00:21] - 택배사 동기화(delivery_url)
[2021-06-21 01:00:21] - 쇼핑몰 분류 동기화(shop_branch)
[2021-06-22 01:00:22] - KICC 코드 동기화(kicc_code)
[2021-06-22 01:00:22] - SMS 국가 코드(sms_national_code)
[2021-06-22 01:00:22] - 서버 캐시파일 삭제(delete_caches)
[2021-06-22 01:00:22] - 엑셀 파일 삭제(delete_excel_file)
[2021-06-22 01:00:22] - 언어별 js메시지 파일 생성(create_alert_file)
[2021-06-22 01:00:22] - 부가서비스 이슈 알림(addservice_notify)
[2021-06-22 01:00:22] - 관리자 중요행위 알림 캐시파일 생성(makeCacheActionAert)
[2021-06-22 01:00:22] - 사용 용량 업데이트(du_check)
[2021-06-22 01:00:22] - 플래시 캐시 파일 삭제(delete_flash_cach)
[2021-06-22 01:00:22] - 캡차 파일 삭제(captcha_file_delete)
[2021-06-22 01:00:22] - 오래된 파일 삭제(tmp_file_delete)
[2021-06-22 01:00:22] - 카카오알림톡 템플릿 동기화(kakaotalk_template)
[2021-06-22 01:00:22] - 엑셀다운로드데이터 삭제(delete_excel_temp)
[2021-06-22 01:00:22] - naverpay 삭제(log_naverpay_delete)
[2021-06-22 01:00:22] - captcha 삭제(log_captcha_delete)
[2021-06-22 01:00:22] - email log 삭제(log_email_delete)
[2021-06-22 01:00:22] - 장바구니 비우기(empty_cart)
[2021-06-22 01:00:22] - 엑심베이 코드 동기화(eximbay)
[2021-06-22 01:00:22] - NPay 택배사 매핑 동기화(npay_delivery_company_code)
[2021-06-22 01:00:22] - 코드 동기화(code_sync)
[2021-06-22 01:00:22] - config 동기화(config_sync)
[2021-06-22 01:00:22] - 택배사 동기화(delivery_url)
[2021-06-22 01:00:22] - 쇼핑몰 분류 동기화(shop_branch)
[2021-06-23 01:00:23] - KICC 코드 동기화(kicc_code)
[2021-06-23 01:00:23] - SMS 국가 코드(sms_national_code)
[2021-06-23 01:00:23] - 서버 캐시파일 삭제(delete_caches)
[2021-06-23 01:00:23] - 엑셀 파일 삭제(delete_excel_file)
[2021-06-23 01:00:23] - 언어별 js메시지 파일 생성(create_alert_file)
[2021-06-23 01:00:23] - 부가서비스 이슈 알림(addservice_notify)
[2021-06-23 01:00:23] - 관리자 중요행위 알림 캐시파일 생성(makeCacheActionAert)
[2021-06-23 01:00:23] - 사용 용량 업데이트(du_check)
[2021-06-23 01:00:23] - 플래시 캐시 파일 삭제(delete_flash_cach)
[2021-06-23 01:00:23] - 캡차 파일 삭제(captcha_file_delete)
[2021-06-23 01:00:23] - 오래된 파일 삭제(tmp_file_delete)
[2021-06-23 01:00:23] - 카카오알림톡 템플릿 동기화(kakaotalk_template)
[2021-06-23 01:00:23] - 엑셀다운로드데이터 삭제(delete_excel_temp)
[2021-06-23 01:00:23] - naverpay 삭제(log_naverpay_delete)
[2021-06-23 01:00:23] - captcha 삭제(log_captcha_delete)
[2021-06-23 01:00:23] - email log 삭제(log_email_delete)
[2021-06-23 01:00:23] - 장바구니 비우기(empty_cart)
[2021-06-23 01:00:23] - 엑심베이 코드 동기화(eximbay)
[2021-06-23 01:00:23] - NPay 택배사 매핑 동기화(npay_delivery_company_code)
[2021-06-23 01:00:23] - 코드 동기화(code_sync)
[2021-06-23 01:00:23] - config 동기화(config_sync)
[2021-06-23 01:00:23] - 택배사 동기화(delivery_url)
[2021-06-23 01:00:23] - 쇼핑몰 분류 동기화(shop_branch)
[2021-06-24 01:00:22] - KICC 코드 동기화(kicc_code)
[2021-06-24 01:00:22] - SMS 국가 코드(sms_national_code)
[2021-06-24 01:00:22] - 서버 캐시파일 삭제(delete_caches)
[2021-06-24 01:00:22] - 엑셀 파일 삭제(delete_excel_file)
[2021-06-24 01:00:22] - 언어별 js메시지 파일 생성(create_alert_file)
[2021-06-24 01:00:22] - 부가서비스 이슈 알림(addservice_notify)
[2021-06-24 01:00:22] - 관리자 중요행위 알림 캐시파일 생성(makeCacheActionAert)
[2021-06-24 01:00:22] - 사용 용량 업데이트(du_check)
[2021-06-24 01:00:22] - 플래시 캐시 파일 삭제(delete_flash_cach)
[2021-06-24 01:00:22] - 캡차 파일 삭제(captcha_file_delete)
[2021-06-24 01:00:22] - 오래된 파일 삭제(tmp_file_delete)
[2021-06-24 01:00:22] - 카카오알림톡 템플릿 동기화(kakaotalk_template)
[2021-06-24 01:00:22] - 엑셀다운로드데이터 삭제(delete_excel_temp)
[2021-06-24 01:00:22] - naverpay 삭제(log_naverpay_delete)
[2021-06-24 01:00:22] - captcha 삭제(log_captcha_delete)
[2021-06-24 01:00:22] - email log 삭제(log_email_delete)
[2021-06-24 01:00:22] - 장바구니 비우기(empty_cart)
[2021-06-24 01:00:22] - 엑심베이 코드 동기화(eximbay)
[2021-06-24 01:00:22] - NPay 택배사 매핑 동기화(npay_delivery_company_code)
[2021-06-24 01:00:22] - 코드 동기화(code_sync)
[2021-06-24 01:00:22] - config 동기화(config_sync)
[2021-06-24 01:00:22] - 택배사 동기화(delivery_url)
[2021-06-24 01:00:22] - 쇼핑몰 분류 동기화(shop_branch)
[2021-06-25 01:00:22] - KICC 코드 동기화(kicc_code)
[2021-06-25 01:00:22] - SMS 국가 코드(sms_national_code)
[2021-06-25 01:00:22] - 서버 캐시파일 삭제(delete_caches)
[2021-06-25 01:00:22] - 엑셀 파일 삭제(delete_excel_file)
[2021-06-25 01:00:22] - 언어별 js메시지 파일 생성(create_alert_file)
[2021-06-25 01:00:22] - 부가서비스 이슈 알림(addservice_notify)
[2021-06-25 01:00:22] - 관리자 중요행위 알림 캐시파일 생성(makeCacheActionAert)
[2021-06-25 01:00:22] - 사용 용량 업데이트(du_check)
[2021-06-25 01:00:22] - 플래시 캐시 파일 삭제(delete_flash_cach)
[2021-06-25 01:00:22] - 캡차 파일 삭제(captcha_file_delete)
[2021-06-25 01:00:22] - 오래된 파일 삭제(tmp_file_delete)
[2021-06-25 01:00:22] - 카카오알림톡 템플릿 동기화(kakaotalk_template)
[2021-06-25 01:00:22] - 엑셀다운로드데이터 삭제(delete_excel_temp)
[2021-06-25 01:00:22] - naverpay 삭제(log_naverpay_delete)
[2021-06-25 01:00:22] - captcha 삭제(log_captcha_delete)
[2021-06-25 01:00:22] - email log 삭제(log_email_delete)
[2021-06-25 01:00:22] - 장바구니 비우기(empty_cart)
[2021-06-25 01:00:22] - 엑심베이 코드 동기화(eximbay)
[2021-06-25 01:00:22] - NPay 택배사 매핑 동기화(npay_delivery_company_code)
[2021-06-25 01:00:22] - 코드 동기화(code_sync)
[2021-06-25 01:00:22] - config 동기화(config_sync)
[2021-06-25 01:00:22] - 택배사 동기화(delivery_url)
[2021-06-25 01:00:22] - 쇼핑몰 분류 동기화(shop_branch)
[2021-06-26 01:00:23] - KICC 코드 동기화(kicc_code)
[2021-06-26 01:00:23] - SMS 국가 코드(sms_national_code)
[2021-06-26 01:00:23] - 서버 캐시파일 삭제(delete_caches)
[2021-06-26 01:00:23] - 엑셀 파일 삭제(delete_excel_file)
[2021-06-26 01:00:23] - 언어별 js메시지 파일 생성(create_alert_file)
[2021-06-26 01:00:23] - 부가서비스 이슈 알림(addservice_notify)
[2021-06-26 01:00:23] - 관리자 중요행위 알림 캐시파일 생성(makeCacheActionAert)
[2021-06-26 01:00:23] - 사용 용량 업데이트(du_check)
[2021-06-26 01:00:23] - 플래시 캐시 파일 삭제(delete_flash_cach)
[2021-06-26 01:00:23] - 캡차 파일 삭제(captcha_file_delete)
[2021-06-26 01:00:23] - 오래된 파일 삭제(tmp_file_delete)
[2021-06-26 01:00:23] - 카카오알림톡 템플릿 동기화(kakaotalk_template)
[2021-06-26 01:00:23] - 엑셀다운로드데이터 삭제(delete_excel_temp)
[2021-06-26 01:00:23] - naverpay 삭제(log_naverpay_delete)
[2021-06-26 01:00:23] - captcha 삭제(log_captcha_delete)
[2021-06-26 01:00:23] - email log 삭제(log_email_delete)
[2021-06-26 01:00:23] - 장바구니 비우기(empty_cart)
[2021-06-26 01:00:23] - 엑심베이 코드 동기화(eximbay)
[2021-06-26 01:00:23] - NPay 택배사 매핑 동기화(npay_delivery_company_code)
[2021-06-26 01:00:23] - 코드 동기화(code_sync)
[2021-06-26 01:00:23] - config 동기화(config_sync)
[2021-06-26 01:00:23] - 택배사 동기화(delivery_url)
[2021-06-26 01:00:23] - 쇼핑몰 분류 동기화(shop_branch)
[2021-06-27 01:00:22] - KICC 코드 동기화(kicc_code)
[2021-06-27 01:00:22] - SMS 국가 코드(sms_national_code)
[2021-06-27 01:00:22] - 서버 캐시파일 삭제(delete_caches)
[2021-06-27 01:00:22] - 엑셀 파일 삭제(delete_excel_file)
[2021-06-27 01:00:22] - 언어별 js메시지 파일 생성(create_alert_file)
[2021-06-27 01:00:22] - 부가서비스 이슈 알림(addservice_notify)
[2021-06-27 01:00:22] - 관리자 중요행위 알림 캐시파일 생성(makeCacheActionAert)
[2021-06-27 01:00:22] - 사용 용량 업데이트(du_check)
[2021-06-27 01:00:22] - 플래시 캐시 파일 삭제(delete_flash_cach)
[2021-06-27 01:00:22] - 캡차 파일 삭제(captcha_file_delete)
[2021-06-27 01:00:22] - 오래된 파일 삭제(tmp_file_delete)
[2021-06-27 01:00:22] - 카카오알림톡 템플릿 동기화(kakaotalk_template)
[2021-06-27 01:00:22] - 엑셀다운로드데이터 삭제(delete_excel_temp)
[2021-06-27 01:00:22] - naverpay 삭제(log_naverpay_delete)
[2021-06-27 01:00:22] - captcha 삭제(log_captcha_delete)
[2021-06-27 01:00:22] - email log 삭제(log_email_delete)
[2021-06-27 01:00:22] - 장바구니 비우기(empty_cart)
[2021-06-27 01:00:22] - 엑심베이 코드 동기화(eximbay)
[2021-06-27 01:00:22] - NPay 택배사 매핑 동기화(npay_delivery_company_code)
[2021-06-27 01:00:22] - 코드 동기화(code_sync)
[2021-06-27 01:00:22] - config 동기화(config_sync)
[2021-06-27 01:00:22] - 택배사 동기화(delivery_url)
[2021-06-27 01:00:22] - 쇼핑몰 분류 동기화(shop_branch)
[2021-06-28 01:00:23] - KICC 코드 동기화(kicc_code)
[2021-06-28 01:00:23] - SMS 국가 코드(sms_national_code)
[2021-06-28 01:00:23] - 서버 캐시파일 삭제(delete_caches)
[2021-06-28 01:00:23] - 엑셀 파일 삭제(delete_excel_file)
[2021-06-28 01:00:23] - 언어별 js메시지 파일 생성(create_alert_file)
[2021-06-28 01:00:23] - 부가서비스 이슈 알림(addservice_notify)
[2021-06-28 01:00:23] - 관리자 중요행위 알림 캐시파일 생성(makeCacheActionAert)
[2021-06-28 01:00:23] - 사용 용량 업데이트(du_check)
[2021-06-28 01:00:23] - 플래시 캐시 파일 삭제(delete_flash_cach)
[2021-06-28 01:00:23] - 캡차 파일 삭제(captcha_file_delete)
[2021-06-28 01:00:23] - 오래된 파일 삭제(tmp_file_delete)
[2021-06-28 01:00:23] - 카카오알림톡 템플릿 동기화(kakaotalk_template)
[2021-06-28 01:00:23] - 엑셀다운로드데이터 삭제(delete_excel_temp)
[2021-06-28 01:00:23] - naverpay 삭제(log_naverpay_delete)
[2021-06-28 01:00:23] - captcha 삭제(log_captcha_delete)
[2021-06-28 01:00:23] - email log 삭제(log_email_delete)
[2021-06-28 01:00:23] - 장바구니 비우기(empty_cart)
[2021-06-28 01:00:23] - 엑심베이 코드 동기화(eximbay)
[2021-06-28 01:00:23] - NPay 택배사 매핑 동기화(npay_delivery_company_code)
[2021-06-28 01:00:23] - 코드 동기화(code_sync)
[2021-06-28 01:00:23] - config 동기화(config_sync)
[2021-06-28 01:00:23] - 택배사 동기화(delivery_url)
[2021-06-28 01:00:23] - 쇼핑몰 분류 동기화(shop_branch)
[2021-06-29 01:00:22] - KICC 코드 동기화(kicc_code)
[2021-06-29 01:00:22] - SMS 국가 코드(sms_national_code)
[2021-06-29 01:00:22] - 서버 캐시파일 삭제(delete_caches)
[2021-06-29 01:00:22] - 엑셀 파일 삭제(delete_excel_file)
[2021-06-29 01:00:22] - 언어별 js메시지 파일 생성(create_alert_file)
[2021-06-29 01:00:22] - 부가서비스 이슈 알림(addservice_notify)
[2021-06-29 01:00:22] - 관리자 중요행위 알림 캐시파일 생성(makeCacheActionAert)
[2021-06-29 01:00:22] - 사용 용량 업데이트(du_check)
[2021-06-29 01:00:22] - 플래시 캐시 파일 삭제(delete_flash_cach)
[2021-06-29 01:00:22] - 캡차 파일 삭제(captcha_file_delete)
[2021-06-29 01:00:22] - 오래된 파일 삭제(tmp_file_delete)
[2021-06-29 01:00:22] - 카카오알림톡 템플릿 동기화(kakaotalk_template)
[2021-06-29 01:00:22] - 엑셀다운로드데이터 삭제(delete_excel_temp)
[2021-06-29 01:00:22] - naverpay 삭제(log_naverpay_delete)
[2021-06-29 01:00:22] - captcha 삭제(log_captcha_delete)
[2021-06-29 01:00:22] - email log 삭제(log_email_delete)
[2021-06-29 01:00:22] - 장바구니 비우기(empty_cart)
[2021-06-29 01:00:22] - 엑심베이 코드 동기화(eximbay)
[2021-06-29 01:00:22] - NPay 택배사 매핑 동기화(npay_delivery_company_code)
[2021-06-29 01:00:22] - 코드 동기화(code_sync)
[2021-06-29 01:00:22] - config 동기화(config_sync)
[2021-06-29 01:00:22] - 택배사 동기화(delivery_url)
[2021-06-29 01:00:22] - 쇼핑몰 분류 동기화(shop_branch)
[2021-06-30 01:00:23] - KICC 코드 동기화(kicc_code)
[2021-06-30 01:00:23] - SMS 국가 코드(sms_national_code)
[2021-06-30 01:00:23] - 서버 캐시파일 삭제(delete_caches)
[2021-06-30 01:00:23] - 엑셀 파일 삭제(delete_excel_file)
[2021-06-30 01:00:23] - 언어별 js메시지 파일 생성(create_alert_file)
[2021-06-30 01:00:23] - 부가서비스 이슈 알림(addservice_notify)
[2021-06-30 01:00:23] - 관리자 중요행위 알림 캐시파일 생성(makeCacheActionAert)
[2021-06-30 01:00:23] - 사용 용량 업데이트(du_check)
[2021-06-30 01:00:23] - 플래시 캐시 파일 삭제(delete_flash_cach)
[2021-06-30 01:00:23] - 캡차 파일 삭제(captcha_file_delete)
[2021-06-30 01:00:23] - 오래된 파일 삭제(tmp_file_delete)
[2021-06-30 01:00:23] - 카카오알림톡 템플릿 동기화(kakaotalk_template)
[2021-06-30 01:00:23] - 엑셀다운로드데이터 삭제(delete_excel_temp)
[2021-06-30 01:00:23] - naverpay 삭제(log_naverpay_delete)
[2021-06-30 01:00:23] - captcha 삭제(log_captcha_delete)
[2021-06-30 01:00:23] - email log 삭제(log_email_delete)
[2021-06-30 01:00:23] - 장바구니 비우기(empty_cart)
[2021-06-30 01:00:23] - 엑심베이 코드 동기화(eximbay)
[2021-06-30 01:00:23] - NPay 택배사 매핑 동기화(npay_delivery_company_code)
[2021-06-30 01:00:23] - 코드 동기화(code_sync)
[2021-06-30 01:00:23] - config 동기화(config_sync)
[2021-06-30 01:00:23] - 택배사 동기화(delivery_url)
[2021-06-30 01:00:23] - 쇼핑몰 분류 동기화(shop_branch)
