[2021-10-01 00:10:06] - 구글 피드 생성(createGoogleFile)
[2021-10-01 00:10:06] - 페이스북 피드 생성(createFacebookFile)
[2021-10-01 00:10:06] - 입점마켓팅 네이버 판매지수EP 생성(createNaverSalesEpFile)
[2021-10-01 00:10:06] - 입점마켓팅 리뷰EP 생성(createReviewFile)
[2021-10-01 00:10:06] - 입점마켓팅 네이버EP 3.0 생성(createNaverThirdFile)
[2021-10-01 00:10:06] - 입점마켓팅 네이버EP 2.0 생성(createNaverFile)
[2021-10-01 00:10:06] - 입점마켓팅 다음EP 생성(createDaumFile)
[2021-10-02 00:10:06] - 구글 피드 생성(createGoogleFile)
[2021-10-02 00:10:06] - 페이스북 피드 생성(createFacebookFile)
[2021-10-02 00:10:06] - 입점마켓팅 네이버 판매지수EP 생성(createNaverSalesEpFile)
[2021-10-02 00:10:06] - 입점마켓팅 리뷰EP 생성(createReviewFile)
[2021-10-02 00:10:06] - 입점마켓팅 네이버EP 3.0 생성(createNaverThirdFile)
[2021-10-02 00:10:06] - 입점마켓팅 네이버EP 2.0 생성(createNaverFile)
[2021-10-02 00:10:06] - 입점마켓팅 다음EP 생성(createDaumFile)
[2021-10-03 00:10:05] - 구글 피드 생성(createGoogleFile)
[2021-10-03 00:10:05] - 페이스북 피드 생성(createFacebookFile)
[2021-10-03 00:10:05] - 입점마켓팅 네이버 판매지수EP 생성(createNaverSalesEpFile)
[2021-10-03 00:10:05] - 입점마켓팅 리뷰EP 생성(createReviewFile)
[2021-10-03 00:10:05] - 입점마켓팅 네이버EP 3.0 생성(createNaverThirdFile)
[2021-10-03 00:10:05] - 입점마켓팅 네이버EP 2.0 생성(createNaverFile)
[2021-10-03 00:10:05] - 입점마켓팅 다음EP 생성(createDaumFile)
[2021-10-04 00:10:05] - 구글 피드 생성(createGoogleFile)
[2021-10-04 00:10:05] - 페이스북 피드 생성(createFacebookFile)
[2021-10-04 00:10:05] - 입점마켓팅 네이버 판매지수EP 생성(createNaverSalesEpFile)
[2021-10-04 00:10:05] - 입점마켓팅 리뷰EP 생성(createReviewFile)
[2021-10-04 00:10:05] - 입점마켓팅 네이버EP 3.0 생성(createNaverThirdFile)
[2021-10-04 00:10:05] - 입점마켓팅 네이버EP 2.0 생성(createNaverFile)
[2021-10-04 00:10:05] - 입점마켓팅 다음EP 생성(createDaumFile)
[2021-10-05 00:10:06] - 구글 피드 생성(createGoogleFile)
[2021-10-05 00:10:06] - 페이스북 피드 생성(createFacebookFile)
[2021-10-05 00:10:06] - 입점마켓팅 네이버 판매지수EP 생성(createNaverSalesEpFile)
[2021-10-05 00:10:06] - 입점마켓팅 리뷰EP 생성(createReviewFile)
[2021-10-05 00:10:06] - 입점마켓팅 네이버EP 3.0 생성(createNaverThirdFile)
[2021-10-05 00:10:06] - 입점마켓팅 네이버EP 2.0 생성(createNaverFile)
[2021-10-05 00:10:06] - 입점마켓팅 다음EP 생성(createDaumFile)
[2021-10-06 00:10:06] - 구글 피드 생성(createGoogleFile)
[2021-10-06 00:10:06] - 페이스북 피드 생성(createFacebookFile)
[2021-10-06 00:10:06] - 입점마켓팅 네이버 판매지수EP 생성(createNaverSalesEpFile)
[2021-10-06 00:10:06] - 입점마켓팅 리뷰EP 생성(createReviewFile)
[2021-10-06 00:10:06] - 입점마켓팅 네이버EP 3.0 생성(createNaverThirdFile)
[2021-10-06 00:10:06] - 입점마켓팅 네이버EP 2.0 생성(createNaverFile)
[2021-10-06 00:10:06] - 입점마켓팅 다음EP 생성(createDaumFile)
[2021-10-07 00:10:06] - 구글 피드 생성(createGoogleFile)
[2021-10-07 00:10:06] - 페이스북 피드 생성(createFacebookFile)
[2021-10-07 00:10:06] - 입점마켓팅 네이버 판매지수EP 생성(createNaverSalesEpFile)
[2021-10-07 00:10:06] - 입점마켓팅 리뷰EP 생성(createReviewFile)
[2021-10-07 00:10:06] - 입점마켓팅 네이버EP 3.0 생성(createNaverThirdFile)
[2021-10-07 00:10:06] - 입점마켓팅 네이버EP 2.0 생성(createNaverFile)
[2021-10-07 00:10:06] - 입점마켓팅 다음EP 생성(createDaumFile)
[2021-10-08 00:10:05] - 구글 피드 생성(createGoogleFile)
[2021-10-08 00:10:05] - 페이스북 피드 생성(createFacebookFile)
[2021-10-08 00:10:05] - 입점마켓팅 네이버 판매지수EP 생성(createNaverSalesEpFile)
[2021-10-08 00:10:05] - 입점마켓팅 리뷰EP 생성(createReviewFile)
[2021-10-08 00:10:05] - 입점마켓팅 네이버EP 3.0 생성(createNaverThirdFile)
[2021-10-08 00:10:05] - 입점마켓팅 네이버EP 2.0 생성(createNaverFile)
[2021-10-08 00:10:05] - 입점마켓팅 다음EP 생성(createDaumFile)
[2021-10-09 00:10:06] - 구글 피드 생성(createGoogleFile)
[2021-10-09 00:10:06] - 페이스북 피드 생성(createFacebookFile)
[2021-10-09 00:10:06] - 입점마켓팅 네이버 판매지수EP 생성(createNaverSalesEpFile)
[2021-10-09 00:10:06] - 입점마켓팅 리뷰EP 생성(createReviewFile)
[2021-10-09 00:10:06] - 입점마켓팅 네이버EP 3.0 생성(createNaverThirdFile)
[2021-10-09 00:10:06] - 입점마켓팅 네이버EP 2.0 생성(createNaverFile)
[2021-10-09 00:10:06] - 입점마켓팅 다음EP 생성(createDaumFile)
[2021-10-10 00:10:06] - 구글 피드 생성(createGoogleFile)
[2021-10-10 00:10:06] - 페이스북 피드 생성(createFacebookFile)
[2021-10-10 00:10:06] - 입점마켓팅 네이버 판매지수EP 생성(createNaverSalesEpFile)
[2021-10-10 00:10:06] - 입점마켓팅 리뷰EP 생성(createReviewFile)
[2021-10-10 00:10:06] - 입점마켓팅 네이버EP 3.0 생성(createNaverThirdFile)
[2021-10-10 00:10:06] - 입점마켓팅 네이버EP 2.0 생성(createNaverFile)
[2021-10-10 00:10:06] - 입점마켓팅 다음EP 생성(createDaumFile)
[2021-10-11 00:10:06] - 구글 피드 생성(createGoogleFile)
[2021-10-11 00:10:06] - 페이스북 피드 생성(createFacebookFile)
[2021-10-11 00:10:06] - 입점마켓팅 네이버 판매지수EP 생성(createNaverSalesEpFile)
[2021-10-11 00:10:06] - 입점마켓팅 리뷰EP 생성(createReviewFile)
[2021-10-11 00:10:06] - 입점마켓팅 네이버EP 3.0 생성(createNaverThirdFile)
[2021-10-11 00:10:06] - 입점마켓팅 네이버EP 2.0 생성(createNaverFile)
[2021-10-11 00:10:06] - 입점마켓팅 다음EP 생성(createDaumFile)
[2021-10-12 00:10:06] - 구글 피드 생성(createGoogleFile)
[2021-10-12 00:10:06] - 페이스북 피드 생성(createFacebookFile)
[2021-10-12 00:10:06] - 입점마켓팅 네이버 판매지수EP 생성(createNaverSalesEpFile)
[2021-10-12 00:10:06] - 입점마켓팅 리뷰EP 생성(createReviewFile)
[2021-10-12 00:10:06] - 입점마켓팅 네이버EP 3.0 생성(createNaverThirdFile)
[2021-10-12 00:10:06] - 입점마켓팅 네이버EP 2.0 생성(createNaverFile)
[2021-10-12 00:10:06] - 입점마켓팅 다음EP 생성(createDaumFile)
[2021-10-13 00:10:06] - 구글 피드 생성(createGoogleFile)
[2021-10-13 00:10:06] - 페이스북 피드 생성(createFacebookFile)
[2021-10-13 00:10:06] - 입점마켓팅 네이버 판매지수EP 생성(createNaverSalesEpFile)
[2021-10-13 00:10:06] - 입점마켓팅 리뷰EP 생성(createReviewFile)
[2021-10-13 00:10:06] - 입점마켓팅 네이버EP 3.0 생성(createNaverThirdFile)
[2021-10-13 00:10:06] - 입점마켓팅 네이버EP 2.0 생성(createNaverFile)
[2021-10-13 00:10:06] - 입점마켓팅 다음EP 생성(createDaumFile)
[2021-10-14 00:10:06] - 구글 피드 생성(createGoogleFile)
[2021-10-14 00:10:06] - 페이스북 피드 생성(createFacebookFile)
[2021-10-14 00:10:06] - 입점마켓팅 네이버 판매지수EP 생성(createNaverSalesEpFile)
[2021-10-14 00:10:06] - 입점마켓팅 리뷰EP 생성(createReviewFile)
[2021-10-14 00:10:06] - 입점마켓팅 네이버EP 3.0 생성(createNaverThirdFile)
[2021-10-14 00:10:06] - 입점마켓팅 네이버EP 2.0 생성(createNaverFile)
[2021-10-14 00:10:06] - 입점마켓팅 다음EP 생성(createDaumFile)
[2021-10-15 00:10:05] - 구글 피드 생성(createGoogleFile)
[2021-10-15 00:10:05] - 페이스북 피드 생성(createFacebookFile)
[2021-10-15 00:10:05] - 입점마켓팅 네이버 판매지수EP 생성(createNaverSalesEpFile)
[2021-10-15 00:10:05] - 입점마켓팅 리뷰EP 생성(createReviewFile)
[2021-10-15 00:10:05] - 입점마켓팅 네이버EP 3.0 생성(createNaverThirdFile)
[2021-10-15 00:10:05] - 입점마켓팅 네이버EP 2.0 생성(createNaverFile)
[2021-10-15 00:10:05] - 입점마켓팅 다음EP 생성(createDaumFile)
[2021-10-16 00:10:06] - 구글 피드 생성(createGoogleFile)
[2021-10-16 00:10:06] - 페이스북 피드 생성(createFacebookFile)
[2021-10-16 00:10:06] - 입점마켓팅 네이버 판매지수EP 생성(createNaverSalesEpFile)
[2021-10-16 00:10:06] - 입점마켓팅 리뷰EP 생성(createReviewFile)
[2021-10-16 00:10:06] - 입점마켓팅 네이버EP 3.0 생성(createNaverThirdFile)
[2021-10-16 00:10:06] - 입점마켓팅 네이버EP 2.0 생성(createNaverFile)
[2021-10-16 00:10:06] - 입점마켓팅 다음EP 생성(createDaumFile)
[2021-10-17 00:10:07] - 구글 피드 생성(createGoogleFile)
[2021-10-17 00:10:07] - 페이스북 피드 생성(createFacebookFile)
[2021-10-17 00:10:07] - 입점마켓팅 네이버 판매지수EP 생성(createNaverSalesEpFile)
[2021-10-17 00:10:07] - 입점마켓팅 리뷰EP 생성(createReviewFile)
[2021-10-17 00:10:07] - 입점마켓팅 네이버EP 3.0 생성(createNaverThirdFile)
[2021-10-17 00:10:07] - 입점마켓팅 네이버EP 2.0 생성(createNaverFile)
[2021-10-17 00:10:07] - 입점마켓팅 다음EP 생성(createDaumFile)
[2021-10-18 00:10:06] - 구글 피드 생성(createGoogleFile)
[2021-10-18 00:10:06] - 페이스북 피드 생성(createFacebookFile)
[2021-10-18 00:10:06] - 입점마켓팅 네이버 판매지수EP 생성(createNaverSalesEpFile)
[2021-10-18 00:10:06] - 입점마켓팅 리뷰EP 생성(createReviewFile)
[2021-10-18 00:10:06] - 입점마켓팅 네이버EP 3.0 생성(createNaverThirdFile)
[2021-10-18 00:10:06] - 입점마켓팅 네이버EP 2.0 생성(createNaverFile)
[2021-10-18 00:10:06] - 입점마켓팅 다음EP 생성(createDaumFile)
[2021-10-19 00:10:06] - 구글 피드 생성(createGoogleFile)
[2021-10-19 00:10:06] - 페이스북 피드 생성(createFacebookFile)
[2021-10-19 00:10:06] - 입점마켓팅 네이버 판매지수EP 생성(createNaverSalesEpFile)
[2021-10-19 00:10:06] - 입점마켓팅 리뷰EP 생성(createReviewFile)
[2021-10-19 00:10:06] - 입점마켓팅 네이버EP 3.0 생성(createNaverThirdFile)
[2021-10-19 00:10:06] - 입점마켓팅 네이버EP 2.0 생성(createNaverFile)
[2021-10-19 00:10:06] - 입점마켓팅 다음EP 생성(createDaumFile)
[2021-10-20 00:10:06] - 구글 피드 생성(createGoogleFile)
[2021-10-20 00:10:06] - 페이스북 피드 생성(createFacebookFile)
[2021-10-20 00:10:06] - 입점마켓팅 네이버 판매지수EP 생성(createNaverSalesEpFile)
[2021-10-20 00:10:06] - 입점마켓팅 리뷰EP 생성(createReviewFile)
[2021-10-20 00:10:06] - 입점마켓팅 네이버EP 3.0 생성(createNaverThirdFile)
[2021-10-20 00:10:06] - 입점마켓팅 네이버EP 2.0 생성(createNaverFile)
[2021-10-20 00:10:06] - 입점마켓팅 다음EP 생성(createDaumFile)
[2021-10-21 00:10:06] - 구글 피드 생성(createGoogleFile)
[2021-10-21 00:10:06] - 페이스북 피드 생성(createFacebookFile)
[2021-10-21 00:10:06] - 입점마켓팅 네이버 판매지수EP 생성(createNaverSalesEpFile)
[2021-10-21 00:10:06] - 입점마켓팅 리뷰EP 생성(createReviewFile)
[2021-10-21 00:10:06] - 입점마켓팅 네이버EP 3.0 생성(createNaverThirdFile)
[2021-10-21 00:10:06] - 입점마켓팅 네이버EP 2.0 생성(createNaverFile)
[2021-10-21 00:10:06] - 입점마켓팅 다음EP 생성(createDaumFile)
[2021-10-22 00:10:06] - 구글 피드 생성(createGoogleFile)
[2021-10-22 00:10:06] - 페이스북 피드 생성(createFacebookFile)
[2021-10-22 00:10:06] - 입점마켓팅 네이버 판매지수EP 생성(createNaverSalesEpFile)
[2021-10-22 00:10:06] - 입점마켓팅 리뷰EP 생성(createReviewFile)
[2021-10-22 00:10:06] - 입점마켓팅 네이버EP 3.0 생성(createNaverThirdFile)
[2021-10-22 00:10:06] - 입점마켓팅 네이버EP 2.0 생성(createNaverFile)
[2021-10-22 00:10:06] - 입점마켓팅 다음EP 생성(createDaumFile)
[2021-10-23 00:10:06] - 구글 피드 생성(createGoogleFile)
[2021-10-23 00:10:06] - 페이스북 피드 생성(createFacebookFile)
[2021-10-23 00:10:06] - 입점마켓팅 네이버 판매지수EP 생성(createNaverSalesEpFile)
[2021-10-23 00:10:06] - 입점마켓팅 리뷰EP 생성(createReviewFile)
[2021-10-23 00:10:06] - 입점마켓팅 네이버EP 3.0 생성(createNaverThirdFile)
[2021-10-23 00:10:06] - 입점마켓팅 네이버EP 2.0 생성(createNaverFile)
[2021-10-23 00:10:06] - 입점마켓팅 다음EP 생성(createDaumFile)
[2021-10-24 00:10:06] - 구글 피드 생성(createGoogleFile)
[2021-10-24 00:10:06] - 페이스북 피드 생성(createFacebookFile)
[2021-10-24 00:10:06] - 입점마켓팅 네이버 판매지수EP 생성(createNaverSalesEpFile)
[2021-10-24 00:10:06] - 입점마켓팅 리뷰EP 생성(createReviewFile)
[2021-10-24 00:10:06] - 입점마켓팅 네이버EP 3.0 생성(createNaverThirdFile)
[2021-10-24 00:10:06] - 입점마켓팅 네이버EP 2.0 생성(createNaverFile)
[2021-10-24 00:10:06] - 입점마켓팅 다음EP 생성(createDaumFile)
[2021-10-25 00:10:06] - 구글 피드 생성(createGoogleFile)
[2021-10-25 00:10:06] - 페이스북 피드 생성(createFacebookFile)
[2021-10-25 00:10:06] - 입점마켓팅 네이버 판매지수EP 생성(createNaverSalesEpFile)
[2021-10-25 00:10:06] - 입점마켓팅 리뷰EP 생성(createReviewFile)
[2021-10-25 00:10:06] - 입점마켓팅 네이버EP 3.0 생성(createNaverThirdFile)
[2021-10-25 00:10:06] - 입점마켓팅 네이버EP 2.0 생성(createNaverFile)
[2021-10-25 00:10:06] - 입점마켓팅 다음EP 생성(createDaumFile)
[2021-10-26 00:10:06] - 구글 피드 생성(createGoogleFile)
[2021-10-26 00:10:06] - 페이스북 피드 생성(createFacebookFile)
[2021-10-26 00:10:06] - 입점마켓팅 네이버 판매지수EP 생성(createNaverSalesEpFile)
[2021-10-26 00:10:06] - 입점마켓팅 리뷰EP 생성(createReviewFile)
[2021-10-26 00:10:06] - 입점마켓팅 네이버EP 3.0 생성(createNaverThirdFile)
[2021-10-26 00:10:06] - 입점마켓팅 네이버EP 2.0 생성(createNaverFile)
[2021-10-26 00:10:06] - 입점마켓팅 다음EP 생성(createDaumFile)
[2021-10-27 00:10:06] - 구글 피드 생성(createGoogleFile)
[2021-10-27 00:10:06] - 페이스북 피드 생성(createFacebookFile)
[2021-10-27 00:10:06] - 입점마켓팅 네이버 판매지수EP 생성(createNaverSalesEpFile)
[2021-10-27 00:10:06] - 입점마켓팅 리뷰EP 생성(createReviewFile)
[2021-10-27 00:10:06] - 입점마켓팅 네이버EP 3.0 생성(createNaverThirdFile)
[2021-10-27 00:10:06] - 입점마켓팅 네이버EP 2.0 생성(createNaverFile)
[2021-10-27 00:10:06] - 입점마켓팅 다음EP 생성(createDaumFile)
[2021-10-28 00:10:06] - 구글 피드 생성(createGoogleFile)
[2021-10-28 00:10:06] - 페이스북 피드 생성(createFacebookFile)
[2021-10-28 00:10:06] - 입점마켓팅 네이버 판매지수EP 생성(createNaverSalesEpFile)
[2021-10-28 00:10:06] - 입점마켓팅 리뷰EP 생성(createReviewFile)
[2021-10-28 00:10:06] - 입점마켓팅 네이버EP 3.0 생성(createNaverThirdFile)
[2021-10-28 00:10:06] - 입점마켓팅 네이버EP 2.0 생성(createNaverFile)
[2021-10-28 00:10:06] - 입점마켓팅 다음EP 생성(createDaumFile)
[2021-10-29 00:10:06] - 구글 피드 생성(createGoogleFile)
[2021-10-29 00:10:06] - 페이스북 피드 생성(createFacebookFile)
[2021-10-29 00:10:06] - 입점마켓팅 네이버 판매지수EP 생성(createNaverSalesEpFile)
[2021-10-29 00:10:06] - 입점마켓팅 리뷰EP 생성(createReviewFile)
[2021-10-29 00:10:06] - 입점마켓팅 네이버EP 3.0 생성(createNaverThirdFile)
[2021-10-29 00:10:06] - 입점마켓팅 네이버EP 2.0 생성(createNaverFile)
[2021-10-29 00:10:06] - 입점마켓팅 다음EP 생성(createDaumFile)
[2021-10-30 00:10:06] - 구글 피드 생성(createGoogleFile)
[2021-10-30 00:10:06] - 페이스북 피드 생성(createFacebookFile)
[2021-10-30 00:10:06] - 입점마켓팅 네이버 판매지수EP 생성(createNaverSalesEpFile)
[2021-10-30 00:10:06] - 입점마켓팅 리뷰EP 생성(createReviewFile)
[2021-10-30 00:10:06] - 입점마켓팅 네이버EP 3.0 생성(createNaverThirdFile)
[2021-10-30 00:10:06] - 입점마켓팅 네이버EP 2.0 생성(createNaverFile)
[2021-10-30 00:10:06] - 입점마켓팅 다음EP 생성(createDaumFile)
[2021-10-31 00:10:06] - 구글 피드 생성(createGoogleFile)
[2021-10-31 00:10:06] - 페이스북 피드 생성(createFacebookFile)
[2021-10-31 00:10:06] - 입점마켓팅 네이버 판매지수EP 생성(createNaverSalesEpFile)
[2021-10-31 00:10:06] - 입점마켓팅 리뷰EP 생성(createReviewFile)
[2021-10-31 00:10:06] - 입점마켓팅 네이버EP 3.0 생성(createNaverThirdFile)
[2021-10-31 00:10:06] - 입점마켓팅 네이버EP 2.0 생성(createNaverFile)
[2021-10-31 00:10:06] - 입점마켓팅 다음EP 생성(createDaumFile)
