[2021-11-17 01:00:46] - 만료 할인쿠폰 알림(remind_coupon) - Err(Today is not monday)
[2021-11-17 01:00:46] - 소멸 마일리지 안내(remind_emoney) - Err(Today is not monday)
[2021-11-17 01:00:46] - 기념일 축하 안내(remind_anniversary)
[2021-11-17 01:00:46] - 생일 축하 안내(remind_birthday)
[2021-11-17 01:00:46] - 상품 리뷰 작성 안내(remind_review)
[2021-11-17 01:00:46] - 타임세일 종료 상품 안내(remind_timesale)
[2021-11-17 01:00:46] - 회원등급 혜택 안내(remind_membership)
[2021-11-17 01:00:46] - 장바구니/위시리스트 상품 안내(remind_cart)
[2021-11-17 01:00:46] - 소멸 마일리지 안내(remind_emoney)
[2021-11-17 01:00:46] - 만료 할인쿠폰 알림(remind_coupon)
[2021-11-18 01:00:28] - 만료 할인쿠폰 알림(remind_coupon) - Err(Today is not monday)
[2021-11-18 01:00:28] - 소멸 마일리지 안내(remind_emoney) - Err(Today is not monday)
[2021-11-18 01:00:29] - 기념일 축하 안내(remind_anniversary)
[2021-11-18 01:00:29] - 생일 축하 안내(remind_birthday)
[2021-11-18 01:00:29] - 상품 리뷰 작성 안내(remind_review)
[2021-11-18 01:00:29] - 타임세일 종료 상품 안내(remind_timesale)
[2021-11-18 01:00:29] - 회원등급 혜택 안내(remind_membership)
[2021-11-18 01:00:29] - 장바구니/위시리스트 상품 안내(remind_cart)
[2021-11-18 01:00:29] - 소멸 마일리지 안내(remind_emoney)
[2021-11-18 01:00:29] - 만료 할인쿠폰 알림(remind_coupon)
[2021-11-19 01:00:27] - 만료 할인쿠폰 알림(remind_coupon) - Err(Today is not monday)
[2021-11-19 01:00:27] - 소멸 마일리지 안내(remind_emoney) - Err(Today is not monday)
[2021-11-19 01:00:27] - 기념일 축하 안내(remind_anniversary)
[2021-11-19 01:00:27] - 생일 축하 안내(remind_birthday)
[2021-11-19 01:00:27] - 상품 리뷰 작성 안내(remind_review)
[2021-11-19 01:00:27] - 타임세일 종료 상품 안내(remind_timesale)
[2021-11-19 01:00:27] - 회원등급 혜택 안내(remind_membership)
[2021-11-19 01:00:27] - 장바구니/위시리스트 상품 안내(remind_cart)
[2021-11-19 01:00:27] - 소멸 마일리지 안내(remind_emoney)
[2021-11-19 01:00:27] - 만료 할인쿠폰 알림(remind_coupon)
[2021-11-20 01:00:27] - 만료 할인쿠폰 알림(remind_coupon) - Err(Today is not monday)
[2021-11-20 01:00:27] - 소멸 마일리지 안내(remind_emoney) - Err(Today is not monday)
[2021-11-20 01:00:28] - 기념일 축하 안내(remind_anniversary)
[2021-11-20 01:00:28] - 생일 축하 안내(remind_birthday)
[2021-11-20 01:00:28] - 상품 리뷰 작성 안내(remind_review)
[2021-11-20 01:00:28] - 타임세일 종료 상품 안내(remind_timesale)
[2021-11-20 01:00:28] - 회원등급 혜택 안내(remind_membership)
[2021-11-20 01:00:28] - 장바구니/위시리스트 상품 안내(remind_cart)
[2021-11-20 01:00:28] - 소멸 마일리지 안내(remind_emoney)
[2021-11-20 01:00:28] - 만료 할인쿠폰 알림(remind_coupon)
[2021-11-21 01:00:27] - 만료 할인쿠폰 알림(remind_coupon) - Err(Today is not monday)
[2021-11-21 01:00:27] - 소멸 마일리지 안내(remind_emoney) - Err(Today is not monday)
[2021-11-21 01:00:28] - 기념일 축하 안내(remind_anniversary)
[2021-11-21 01:00:28] - 생일 축하 안내(remind_birthday)
[2021-11-21 01:00:28] - 상품 리뷰 작성 안내(remind_review)
[2021-11-21 01:00:28] - 타임세일 종료 상품 안내(remind_timesale)
[2021-11-21 01:00:28] - 회원등급 혜택 안내(remind_membership)
[2021-11-21 01:00:28] - 장바구니/위시리스트 상품 안내(remind_cart)
[2021-11-21 01:00:28] - 소멸 마일리지 안내(remind_emoney)
[2021-11-21 01:00:28] - 만료 할인쿠폰 알림(remind_coupon)
[2021-11-22 01:00:36] - 소멸 마일리지 안내(remind_emoney) - Err(Today is not monday)
[2021-11-22 01:00:36] - 기념일 축하 안내(remind_anniversary)
[2021-11-22 01:00:36] - 생일 축하 안내(remind_birthday)
[2021-11-22 01:00:36] - 상품 리뷰 작성 안내(remind_review)
[2021-11-22 01:00:36] - 타임세일 종료 상품 안내(remind_timesale)
[2021-11-22 01:00:36] - 회원등급 혜택 안내(remind_membership)
[2021-11-22 01:00:36] - 장바구니/위시리스트 상품 안내(remind_cart)
[2021-11-22 01:00:36] - 소멸 마일리지 안내(remind_emoney)
[2021-11-22 01:00:36] - 만료 할인쿠폰 알림(remind_coupon)
[2021-11-23 01:00:27] - 만료 할인쿠폰 알림(remind_coupon) - Err(Today is not monday)
[2021-11-23 01:00:27] - 소멸 마일리지 안내(remind_emoney) - Err(Today is not monday)
[2021-11-23 01:00:27] - 기념일 축하 안내(remind_anniversary)
[2021-11-23 01:00:27] - 생일 축하 안내(remind_birthday)
[2021-11-23 01:00:27] - 상품 리뷰 작성 안내(remind_review)
[2021-11-23 01:00:27] - 타임세일 종료 상품 안내(remind_timesale)
[2021-11-23 01:00:27] - 회원등급 혜택 안내(remind_membership)
[2021-11-23 01:00:27] - 장바구니/위시리스트 상품 안내(remind_cart)
[2021-11-23 01:00:27] - 소멸 마일리지 안내(remind_emoney)
[2021-11-23 01:00:27] - 만료 할인쿠폰 알림(remind_coupon)
[2021-11-24 01:00:26] - 만료 할인쿠폰 알림(remind_coupon) - Err(Today is not monday)
[2021-11-24 01:00:26] - 소멸 마일리지 안내(remind_emoney) - Err(Today is not monday)
[2021-11-24 01:00:27] - 기념일 축하 안내(remind_anniversary)
[2021-11-24 01:00:27] - 생일 축하 안내(remind_birthday)
[2021-11-24 01:00:27] - 상품 리뷰 작성 안내(remind_review)
[2021-11-24 01:00:27] - 타임세일 종료 상품 안내(remind_timesale)
[2021-11-24 01:00:27] - 회원등급 혜택 안내(remind_membership)
[2021-11-24 01:00:27] - 장바구니/위시리스트 상품 안내(remind_cart)
[2021-11-24 01:00:27] - 소멸 마일리지 안내(remind_emoney)
[2021-11-24 01:00:27] - 만료 할인쿠폰 알림(remind_coupon)
[2021-11-25 01:00:26] - 만료 할인쿠폰 알림(remind_coupon) - Err(Today is not monday)
[2021-11-25 01:00:26] - 소멸 마일리지 안내(remind_emoney) - Err(Today is not monday)
[2021-11-25 01:00:26] - 기념일 축하 안내(remind_anniversary)
[2021-11-25 01:00:26] - 생일 축하 안내(remind_birthday)
[2021-11-25 01:00:26] - 상품 리뷰 작성 안내(remind_review)
[2021-11-25 01:00:26] - 타임세일 종료 상품 안내(remind_timesale)
[2021-11-25 01:00:26] - 회원등급 혜택 안내(remind_membership)
[2021-11-25 01:00:26] - 장바구니/위시리스트 상품 안내(remind_cart)
[2021-11-25 01:00:26] - 소멸 마일리지 안내(remind_emoney)
[2021-11-25 01:00:26] - 만료 할인쿠폰 알림(remind_coupon)
[2021-11-26 01:00:26] - 만료 할인쿠폰 알림(remind_coupon) - Err(Today is not monday)
[2021-11-26 01:00:26] - 소멸 마일리지 안내(remind_emoney) - Err(Today is not monday)
[2021-11-26 01:00:26] - 기념일 축하 안내(remind_anniversary)
[2021-11-26 01:00:26] - 생일 축하 안내(remind_birthday)
[2021-11-26 01:00:26] - 상품 리뷰 작성 안내(remind_review)
[2021-11-26 01:00:26] - 타임세일 종료 상품 안내(remind_timesale)
[2021-11-26 01:00:26] - 회원등급 혜택 안내(remind_membership)
[2021-11-26 01:00:26] - 장바구니/위시리스트 상품 안내(remind_cart)
[2021-11-26 01:00:26] - 소멸 마일리지 안내(remind_emoney)
[2021-11-26 01:00:26] - 만료 할인쿠폰 알림(remind_coupon)
[2021-11-27 01:00:27] - 만료 할인쿠폰 알림(remind_coupon) - Err(Today is not monday)
[2021-11-27 01:00:27] - 소멸 마일리지 안내(remind_emoney) - Err(Today is not monday)
[2021-11-27 01:00:27] - 기념일 축하 안내(remind_anniversary)
[2021-11-27 01:00:27] - 생일 축하 안내(remind_birthday)
[2021-11-27 01:00:27] - 상품 리뷰 작성 안내(remind_review)
[2021-11-27 01:00:27] - 타임세일 종료 상품 안내(remind_timesale)
[2021-11-27 01:00:27] - 회원등급 혜택 안내(remind_membership)
[2021-11-27 01:00:27] - 장바구니/위시리스트 상품 안내(remind_cart)
[2021-11-27 01:00:27] - 소멸 마일리지 안내(remind_emoney)
[2021-11-27 01:00:27] - 만료 할인쿠폰 알림(remind_coupon)
[2021-11-28 01:00:27] - 만료 할인쿠폰 알림(remind_coupon) - Err(Today is not monday)
[2021-11-28 01:00:27] - 소멸 마일리지 안내(remind_emoney) - Err(Today is not monday)
[2021-11-28 01:00:28] - 기념일 축하 안내(remind_anniversary)
[2021-11-28 01:00:28] - 생일 축하 안내(remind_birthday)
[2021-11-28 01:00:28] - 상품 리뷰 작성 안내(remind_review)
[2021-11-28 01:00:28] - 타임세일 종료 상품 안내(remind_timesale)
[2021-11-28 01:00:28] - 회원등급 혜택 안내(remind_membership)
[2021-11-28 01:00:28] - 장바구니/위시리스트 상품 안내(remind_cart)
[2021-11-28 01:00:28] - 소멸 마일리지 안내(remind_emoney)
[2021-11-28 01:00:28] - 만료 할인쿠폰 알림(remind_coupon)
[2021-11-29 01:00:33] - 소멸 마일리지 안내(remind_emoney) - Err(Today is not monday)
[2021-11-29 01:00:33] - 기념일 축하 안내(remind_anniversary)
[2021-11-29 01:00:33] - 생일 축하 안내(remind_birthday)
[2021-11-29 01:00:33] - 상품 리뷰 작성 안내(remind_review)
[2021-11-29 01:00:33] - 타임세일 종료 상품 안내(remind_timesale)
[2021-11-29 01:00:33] - 회원등급 혜택 안내(remind_membership)
[2021-11-29 01:00:33] - 장바구니/위시리스트 상품 안내(remind_cart)
[2021-11-29 01:00:33] - 소멸 마일리지 안내(remind_emoney)
[2021-11-29 01:00:33] - 만료 할인쿠폰 알림(remind_coupon)
[2021-11-30 01:00:28] - 만료 할인쿠폰 알림(remind_coupon) - Err(Today is not monday)
[2021-11-30 01:00:28] - 소멸 마일리지 안내(remind_emoney) - Err(Today is not monday)
[2021-11-30 01:00:28] - 기념일 축하 안내(remind_anniversary)
[2021-11-30 01:00:28] - 생일 축하 안내(remind_birthday)
[2021-11-30 01:00:28] - 상품 리뷰 작성 안내(remind_review)
[2021-11-30 01:00:28] - 타임세일 종료 상품 안내(remind_timesale)
[2021-11-30 01:00:28] - 회원등급 혜택 안내(remind_membership)
[2021-11-30 01:00:28] - 장바구니/위시리스트 상품 안내(remind_cart)
[2021-11-30 01:00:28] - 소멸 마일리지 안내(remind_emoney)
[2021-11-30 01:00:28] - 만료 할인쿠폰 알림(remind_coupon)
