[2021-03-01 01:00:13] - 회원등급 업그레이드(update_member_grade) - update_member_grade unused
[2021-03-01 01:00:13] - 광고수신동의 메일 발송 대상 수집(send_marketing_agree)
[2021-03-01 01:00:13] - 광고수신동의 메일 발송 일자 수정(update_marketing_agree_date)
[2021-03-01 01:00:13] - 미접속자 휴면처리(dormancy_request)
[2021-03-01 01:00:13] - 회원등급 업그레이드(update_member_grade)
[2021-03-01 01:00:13] - 입점사 등급 자동 갱신(exec_update_provider_group)
[2021-03-01 01:00:13] - 회원정보 다운로드 로그 기록 삭제(log_member_excel_delete)
[2021-03-01 01:00:13] - 만료된 포인트 차감(member_point_deduction)
[2021-03-01 01:00:13] - 만료된 캐시 차감(member_emoney_deduction)
[2021-03-02 01:00:12] - 광고수신동의 메일 발송 대상 수집(send_marketing_agree)
[2021-03-02 01:00:12] - 광고수신동의 메일 발송 일자 수정(update_marketing_agree_date)
[2021-03-02 01:00:12] - 미접속자 휴면처리(dormancy_request)
[2021-03-02 01:00:12] - 회원등급 업그레이드(update_member_grade)
[2021-03-02 01:00:12] - 입점사 등급 자동 갱신(exec_update_provider_group)
[2021-03-02 01:00:12] - 회원정보 다운로드 로그 기록 삭제(log_member_excel_delete)
[2021-03-02 01:00:12] - 만료된 포인트 차감(member_point_deduction)
[2021-03-02 01:00:12] - 만료된 캐시 차감(member_emoney_deduction)
[2021-03-03 01:00:11] - 광고수신동의 메일 발송 대상 수집(send_marketing_agree)
[2021-03-03 01:00:11] - 광고수신동의 메일 발송 일자 수정(update_marketing_agree_date)
[2021-03-03 01:00:11] - 미접속자 휴면처리(dormancy_request)
[2021-03-03 01:00:11] - 회원등급 업그레이드(update_member_grade)
[2021-03-03 01:00:11] - 입점사 등급 자동 갱신(exec_update_provider_group)
[2021-03-03 01:00:11] - 회원정보 다운로드 로그 기록 삭제(log_member_excel_delete)
[2021-03-03 01:00:11] - 만료된 포인트 차감(member_point_deduction)
[2021-03-03 01:00:11] - 만료된 캐시 차감(member_emoney_deduction)
[2021-03-04 01:00:11] - 광고수신동의 메일 발송 대상 수집(send_marketing_agree)
[2021-03-04 01:00:11] - 광고수신동의 메일 발송 일자 수정(update_marketing_agree_date)
[2021-03-04 01:00:11] - 미접속자 휴면처리(dormancy_request)
[2021-03-04 01:00:11] - 회원등급 업그레이드(update_member_grade)
[2021-03-04 01:00:11] - 입점사 등급 자동 갱신(exec_update_provider_group)
[2021-03-04 01:00:11] - 회원정보 다운로드 로그 기록 삭제(log_member_excel_delete)
[2021-03-04 01:00:11] - 만료된 포인트 차감(member_point_deduction)
[2021-03-04 01:00:11] - 만료된 캐시 차감(member_emoney_deduction)
[2021-03-05 01:00:12] - 광고수신동의 메일 발송 대상 수집(send_marketing_agree)
[2021-03-05 01:00:12] - 광고수신동의 메일 발송 일자 수정(update_marketing_agree_date)
[2021-03-05 01:00:12] - 미접속자 휴면처리(dormancy_request)
[2021-03-05 01:00:12] - 회원등급 업그레이드(update_member_grade)
[2021-03-05 01:00:12] - 입점사 등급 자동 갱신(exec_update_provider_group)
[2021-03-05 01:00:12] - 회원정보 다운로드 로그 기록 삭제(log_member_excel_delete)
[2021-03-05 01:00:12] - 만료된 포인트 차감(member_point_deduction)
[2021-03-05 01:00:12] - 만료된 캐시 차감(member_emoney_deduction)
[2021-03-06 01:00:12] - 광고수신동의 메일 발송 대상 수집(send_marketing_agree)
[2021-03-06 01:00:12] - 광고수신동의 메일 발송 일자 수정(update_marketing_agree_date)
[2021-03-06 01:00:12] - 미접속자 휴면처리(dormancy_request)
[2021-03-06 01:00:12] - 회원등급 업그레이드(update_member_grade)
[2021-03-06 01:00:12] - 입점사 등급 자동 갱신(exec_update_provider_group)
[2021-03-06 01:00:12] - 회원정보 다운로드 로그 기록 삭제(log_member_excel_delete)
[2021-03-06 01:00:12] - 만료된 포인트 차감(member_point_deduction)
[2021-03-06 01:00:12] - 만료된 캐시 차감(member_emoney_deduction)
[2021-03-07 01:00:12] - 광고수신동의 메일 발송 대상 수집(send_marketing_agree)
[2021-03-07 01:00:12] - 광고수신동의 메일 발송 일자 수정(update_marketing_agree_date)
[2021-03-07 01:00:12] - 미접속자 휴면처리(dormancy_request)
[2021-03-07 01:00:12] - 회원등급 업그레이드(update_member_grade)
[2021-03-07 01:00:12] - 입점사 등급 자동 갱신(exec_update_provider_group)
[2021-03-07 01:00:12] - 회원정보 다운로드 로그 기록 삭제(log_member_excel_delete)
[2021-03-07 01:00:12] - 만료된 포인트 차감(member_point_deduction)
[2021-03-07 01:00:12] - 만료된 캐시 차감(member_emoney_deduction)
[2021-03-08 01:00:12] - 광고수신동의 메일 발송 대상 수집(send_marketing_agree)
[2021-03-08 01:00:12] - 광고수신동의 메일 발송 일자 수정(update_marketing_agree_date)
[2021-03-08 01:00:12] - 미접속자 휴면처리(dormancy_request)
[2021-03-08 01:00:12] - 회원등급 업그레이드(update_member_grade)
[2021-03-08 01:00:12] - 입점사 등급 자동 갱신(exec_update_provider_group)
[2021-03-08 01:00:12] - 회원정보 다운로드 로그 기록 삭제(log_member_excel_delete)
[2021-03-08 01:00:12] - 만료된 포인트 차감(member_point_deduction)
[2021-03-08 01:00:12] - 만료된 캐시 차감(member_emoney_deduction)
[2021-03-09 01:00:12] - 광고수신동의 메일 발송 대상 수집(send_marketing_agree)
[2021-03-09 01:00:12] - 광고수신동의 메일 발송 일자 수정(update_marketing_agree_date)
[2021-03-09 01:00:12] - 미접속자 휴면처리(dormancy_request)
[2021-03-09 01:00:12] - 회원등급 업그레이드(update_member_grade)
[2021-03-09 01:00:12] - 입점사 등급 자동 갱신(exec_update_provider_group)
[2021-03-09 01:00:12] - 회원정보 다운로드 로그 기록 삭제(log_member_excel_delete)
[2021-03-09 01:00:12] - 만료된 포인트 차감(member_point_deduction)
[2021-03-09 01:00:12] - 만료된 캐시 차감(member_emoney_deduction)
[2021-03-10 01:00:12] - 광고수신동의 메일 발송 대상 수집(send_marketing_agree)
[2021-03-10 01:00:12] - 광고수신동의 메일 발송 일자 수정(update_marketing_agree_date)
[2021-03-10 01:00:12] - 미접속자 휴면처리(dormancy_request)
[2021-03-10 01:00:12] - 회원등급 업그레이드(update_member_grade)
[2021-03-10 01:00:12] - 입점사 등급 자동 갱신(exec_update_provider_group)
[2021-03-10 01:00:12] - 회원정보 다운로드 로그 기록 삭제(log_member_excel_delete)
[2021-03-10 01:00:12] - 만료된 포인트 차감(member_point_deduction)
[2021-03-10 01:00:12] - 만료된 캐시 차감(member_emoney_deduction)
[2021-03-11 01:00:11] - 광고수신동의 메일 발송 대상 수집(send_marketing_agree)
[2021-03-11 01:00:11] - 광고수신동의 메일 발송 일자 수정(update_marketing_agree_date)
[2021-03-11 01:00:11] - 미접속자 휴면처리(dormancy_request)
[2021-03-11 01:00:11] - 회원등급 업그레이드(update_member_grade)
[2021-03-11 01:00:11] - 입점사 등급 자동 갱신(exec_update_provider_group)
[2021-03-11 01:00:11] - 회원정보 다운로드 로그 기록 삭제(log_member_excel_delete)
[2021-03-11 01:00:11] - 만료된 포인트 차감(member_point_deduction)
[2021-03-11 01:00:11] - 만료된 캐시 차감(member_emoney_deduction)
[2021-03-12 01:00:10] - 광고수신동의 메일 발송 대상 수집(send_marketing_agree)
[2021-03-12 01:00:10] - 광고수신동의 메일 발송 일자 수정(update_marketing_agree_date)
[2021-03-12 01:00:10] - 미접속자 휴면처리(dormancy_request)
[2021-03-12 01:00:10] - 회원등급 업그레이드(update_member_grade)
[2021-03-12 01:00:10] - 입점사 등급 자동 갱신(exec_update_provider_group)
[2021-03-12 01:00:10] - 회원정보 다운로드 로그 기록 삭제(log_member_excel_delete)
[2021-03-12 01:00:10] - 만료된 포인트 차감(member_point_deduction)
[2021-03-12 01:00:10] - 만료된 캐시 차감(member_emoney_deduction)
[2021-03-13 01:00:13] - 광고수신동의 메일 발송 대상 수집(send_marketing_agree)
[2021-03-13 01:00:13] - 광고수신동의 메일 발송 일자 수정(update_marketing_agree_date)
[2021-03-13 01:00:13] - 미접속자 휴면처리(dormancy_request)
[2021-03-13 01:00:13] - 회원등급 업그레이드(update_member_grade)
[2021-03-13 01:00:13] - 입점사 등급 자동 갱신(exec_update_provider_group)
[2021-03-13 01:00:13] - 회원정보 다운로드 로그 기록 삭제(log_member_excel_delete)
[2021-03-13 01:00:13] - 만료된 포인트 차감(member_point_deduction)
[2021-03-13 01:00:13] - 만료된 캐시 차감(member_emoney_deduction)
[2021-03-14 01:00:11] - 광고수신동의 메일 발송 대상 수집(send_marketing_agree)
[2021-03-14 01:00:11] - 광고수신동의 메일 발송 일자 수정(update_marketing_agree_date)
[2021-03-14 01:00:11] - 미접속자 휴면처리(dormancy_request)
[2021-03-14 01:00:11] - 회원등급 업그레이드(update_member_grade)
[2021-03-14 01:00:11] - 입점사 등급 자동 갱신(exec_update_provider_group)
[2021-03-14 01:00:11] - 회원정보 다운로드 로그 기록 삭제(log_member_excel_delete)
[2021-03-14 01:00:11] - 만료된 포인트 차감(member_point_deduction)
[2021-03-14 01:00:11] - 만료된 캐시 차감(member_emoney_deduction)
[2021-03-15 01:00:12] - 회원등급 업그레이드(update_member_grade) - update_member_grade unused
[2021-03-15 01:00:12] - 광고수신동의 메일 발송 대상 수집(send_marketing_agree)
[2021-03-15 01:00:12] - 광고수신동의 메일 발송 일자 수정(update_marketing_agree_date)
[2021-03-15 01:00:12] - 미접속자 휴면처리(dormancy_request)
[2021-03-15 01:00:12] - 회원등급 업그레이드(update_member_grade)
[2021-03-15 01:00:12] - 입점사 등급 자동 갱신(exec_update_provider_group)
[2021-03-15 01:00:12] - 회원정보 다운로드 로그 기록 삭제(log_member_excel_delete)
[2021-03-15 01:00:12] - 만료된 포인트 차감(member_point_deduction)
[2021-03-15 01:00:12] - 만료된 캐시 차감(member_emoney_deduction)
[2021-03-16 01:00:13] - 광고수신동의 메일 발송 대상 수집(send_marketing_agree)
[2021-03-16 01:00:13] - 광고수신동의 메일 발송 일자 수정(update_marketing_agree_date)
[2021-03-16 01:00:13] - 미접속자 휴면처리(dormancy_request)
[2021-03-16 01:00:13] - 회원등급 업그레이드(update_member_grade)
[2021-03-16 01:00:13] - 입점사 등급 자동 갱신(exec_update_provider_group)
[2021-03-16 01:00:13] - 회원정보 다운로드 로그 기록 삭제(log_member_excel_delete)
[2021-03-16 01:00:13] - 만료된 포인트 차감(member_point_deduction)
[2021-03-16 01:00:13] - 만료된 캐시 차감(member_emoney_deduction)
[2021-03-17 01:00:13] - 광고수신동의 메일 발송 대상 수집(send_marketing_agree)
[2021-03-17 01:00:13] - 광고수신동의 메일 발송 일자 수정(update_marketing_agree_date)
[2021-03-17 01:00:13] - 미접속자 휴면처리(dormancy_request)
[2021-03-17 01:00:13] - 회원등급 업그레이드(update_member_grade)
[2021-03-17 01:00:13] - 입점사 등급 자동 갱신(exec_update_provider_group)
[2021-03-17 01:00:13] - 회원정보 다운로드 로그 기록 삭제(log_member_excel_delete)
[2021-03-17 01:00:13] - 만료된 포인트 차감(member_point_deduction)
[2021-03-17 01:00:13] - 만료된 캐시 차감(member_emoney_deduction)
[2021-03-18 01:00:11] - 광고수신동의 메일 발송 대상 수집(send_marketing_agree)
[2021-03-18 01:00:11] - 광고수신동의 메일 발송 일자 수정(update_marketing_agree_date)
[2021-03-18 01:00:11] - 미접속자 휴면처리(dormancy_request)
[2021-03-18 01:00:11] - 회원등급 업그레이드(update_member_grade)
[2021-03-18 01:00:11] - 입점사 등급 자동 갱신(exec_update_provider_group)
[2021-03-18 01:00:11] - 회원정보 다운로드 로그 기록 삭제(log_member_excel_delete)
[2021-03-18 01:00:11] - 만료된 포인트 차감(member_point_deduction)
[2021-03-18 01:00:11] - 만료된 캐시 차감(member_emoney_deduction)
[2021-03-19 01:00:12] - 광고수신동의 메일 발송 대상 수집(send_marketing_agree)
[2021-03-19 01:00:12] - 광고수신동의 메일 발송 일자 수정(update_marketing_agree_date)
[2021-03-19 01:00:12] - 미접속자 휴면처리(dormancy_request)
[2021-03-19 01:00:12] - 회원등급 업그레이드(update_member_grade)
[2021-03-19 01:00:12] - 입점사 등급 자동 갱신(exec_update_provider_group)
[2021-03-19 01:00:12] - 회원정보 다운로드 로그 기록 삭제(log_member_excel_delete)
[2021-03-19 01:00:12] - 만료된 포인트 차감(member_point_deduction)
[2021-03-19 01:00:12] - 만료된 캐시 차감(member_emoney_deduction)
[2021-03-20 01:00:12] - 광고수신동의 메일 발송 대상 수집(send_marketing_agree)
[2021-03-20 01:00:12] - 광고수신동의 메일 발송 일자 수정(update_marketing_agree_date)
[2021-03-20 01:00:12] - 미접속자 휴면처리(dormancy_request)
[2021-03-20 01:00:12] - 회원등급 업그레이드(update_member_grade)
[2021-03-20 01:00:12] - 입점사 등급 자동 갱신(exec_update_provider_group)
[2021-03-20 01:00:12] - 회원정보 다운로드 로그 기록 삭제(log_member_excel_delete)
[2021-03-20 01:00:12] - 만료된 포인트 차감(member_point_deduction)
[2021-03-20 01:00:12] - 만료된 캐시 차감(member_emoney_deduction)
[2021-03-21 01:00:12] - 광고수신동의 메일 발송 대상 수집(send_marketing_agree)
[2021-03-21 01:00:12] - 광고수신동의 메일 발송 일자 수정(update_marketing_agree_date)
[2021-03-21 01:00:12] - 미접속자 휴면처리(dormancy_request)
[2021-03-21 01:00:12] - 회원등급 업그레이드(update_member_grade)
[2021-03-21 01:00:12] - 입점사 등급 자동 갱신(exec_update_provider_group)
[2021-03-21 01:00:12] - 회원정보 다운로드 로그 기록 삭제(log_member_excel_delete)
[2021-03-21 01:00:12] - 만료된 포인트 차감(member_point_deduction)
[2021-03-21 01:00:12] - 만료된 캐시 차감(member_emoney_deduction)
[2021-03-22 01:00:13] - 광고수신동의 메일 발송 대상 수집(send_marketing_agree)
[2021-03-22 01:00:13] - 광고수신동의 메일 발송 일자 수정(update_marketing_agree_date)
[2021-03-22 01:00:13] - 미접속자 휴면처리(dormancy_request)
[2021-03-22 01:00:13] - 회원등급 업그레이드(update_member_grade)
[2021-03-22 01:00:13] - 입점사 등급 자동 갱신(exec_update_provider_group)
[2021-03-22 01:00:13] - 회원정보 다운로드 로그 기록 삭제(log_member_excel_delete)
[2021-03-22 01:00:13] - 만료된 포인트 차감(member_point_deduction)
[2021-03-22 01:00:13] - 만료된 캐시 차감(member_emoney_deduction)
[2021-03-24 01:00:29] - 광고수신동의 메일 발송 대상 수집(send_marketing_agree)
[2021-03-24 01:00:29] - 광고수신동의 메일 발송 일자 수정(update_marketing_agree_date)
[2021-03-24 01:00:29] - 미접속자 휴면처리(dormancy_request)
[2021-03-24 01:00:29] - 회원등급 업그레이드(update_member_grade)
[2021-03-24 01:00:29] - 입점사 등급 자동 갱신(exec_update_provider_group)
[2021-03-24 01:00:29] - 회원정보 다운로드 로그 기록 삭제(log_member_excel_delete)
[2021-03-24 01:00:29] - 만료된 포인트 차감(member_point_deduction)
[2021-03-24 01:00:29] - 만료된 캐시 차감(member_emoney_deduction)
[2021-03-25 01:00:24] - 광고수신동의 메일 발송 대상 수집(send_marketing_agree)
[2021-03-25 01:00:24] - 광고수신동의 메일 발송 일자 수정(update_marketing_agree_date)
[2021-03-25 01:00:24] - 미접속자 휴면처리(dormancy_request)
[2021-03-25 01:00:24] - 회원등급 업그레이드(update_member_grade)
[2021-03-25 01:00:24] - 입점사 등급 자동 갱신(exec_update_provider_group)
[2021-03-25 01:00:24] - 회원정보 다운로드 로그 기록 삭제(log_member_excel_delete)
[2021-03-25 01:00:24] - 만료된 포인트 차감(member_point_deduction)
[2021-03-25 01:00:24] - 만료된 캐시 차감(member_emoney_deduction)
[2021-03-26 01:00:24] - 광고수신동의 메일 발송 대상 수집(send_marketing_agree)
[2021-03-26 01:00:24] - 광고수신동의 메일 발송 일자 수정(update_marketing_agree_date)
[2021-03-26 01:00:24] - 미접속자 휴면처리(dormancy_request)
[2021-03-26 01:00:24] - 회원등급 업그레이드(update_member_grade)
[2021-03-26 01:00:24] - 입점사 등급 자동 갱신(exec_update_provider_group)
[2021-03-26 01:00:24] - 회원정보 다운로드 로그 기록 삭제(log_member_excel_delete)
[2021-03-26 01:00:24] - 만료된 포인트 차감(member_point_deduction)
[2021-03-26 01:00:24] - 만료된 캐시 차감(member_emoney_deduction)
[2021-03-27 01:00:22] - 광고수신동의 메일 발송 대상 수집(send_marketing_agree)
[2021-03-27 01:00:22] - 광고수신동의 메일 발송 일자 수정(update_marketing_agree_date)
[2021-03-27 01:00:22] - 미접속자 휴면처리(dormancy_request)
[2021-03-27 01:00:22] - 회원등급 업그레이드(update_member_grade)
[2021-03-27 01:00:22] - 입점사 등급 자동 갱신(exec_update_provider_group)
[2021-03-27 01:00:22] - 회원정보 다운로드 로그 기록 삭제(log_member_excel_delete)
[2021-03-27 01:00:22] - 만료된 포인트 차감(member_point_deduction)
[2021-03-27 01:00:22] - 만료된 캐시 차감(member_emoney_deduction)
[2021-03-28 01:00:24] - 광고수신동의 메일 발송 대상 수집(send_marketing_agree)
[2021-03-28 01:00:24] - 광고수신동의 메일 발송 일자 수정(update_marketing_agree_date)
[2021-03-28 01:00:24] - 미접속자 휴면처리(dormancy_request)
[2021-03-28 01:00:24] - 회원등급 업그레이드(update_member_grade)
[2021-03-28 01:00:24] - 입점사 등급 자동 갱신(exec_update_provider_group)
[2021-03-28 01:00:24] - 회원정보 다운로드 로그 기록 삭제(log_member_excel_delete)
[2021-03-28 01:00:24] - 만료된 포인트 차감(member_point_deduction)
[2021-03-28 01:00:24] - 만료된 캐시 차감(member_emoney_deduction)
[2021-03-29 01:00:24] - 광고수신동의 메일 발송 대상 수집(send_marketing_agree)
[2021-03-29 01:00:24] - 광고수신동의 메일 발송 일자 수정(update_marketing_agree_date)
[2021-03-29 01:00:24] - 미접속자 휴면처리(dormancy_request)
[2021-03-29 01:00:24] - 회원등급 업그레이드(update_member_grade)
[2021-03-29 01:00:24] - 입점사 등급 자동 갱신(exec_update_provider_group)
[2021-03-29 01:00:24] - 회원정보 다운로드 로그 기록 삭제(log_member_excel_delete)
[2021-03-29 01:00:24] - 만료된 포인트 차감(member_point_deduction)
[2021-03-29 01:00:24] - 만료된 캐시 차감(member_emoney_deduction)
[2021-03-30 01:00:23] - 광고수신동의 메일 발송 대상 수집(send_marketing_agree)
[2021-03-30 01:00:23] - 광고수신동의 메일 발송 일자 수정(update_marketing_agree_date)
[2021-03-30 01:00:23] - 미접속자 휴면처리(dormancy_request)
[2021-03-30 01:00:23] - 회원등급 업그레이드(update_member_grade)
[2021-03-30 01:00:23] - 입점사 등급 자동 갱신(exec_update_provider_group)
[2021-03-30 01:00:23] - 회원정보 다운로드 로그 기록 삭제(log_member_excel_delete)
[2021-03-30 01:00:23] - 만료된 포인트 차감(member_point_deduction)
[2021-03-30 01:00:23] - 만료된 캐시 차감(member_emoney_deduction)
[2021-03-31 01:00:25] - 광고수신동의 메일 발송 대상 수집(send_marketing_agree)
[2021-03-31 01:00:25] - 광고수신동의 메일 발송 일자 수정(update_marketing_agree_date)
[2021-03-31 01:00:25] - 미접속자 휴면처리(dormancy_request)
[2021-03-31 01:00:25] - 회원등급 업그레이드(update_member_grade)
[2021-03-31 01:00:25] - 입점사 등급 자동 갱신(exec_update_provider_group)
[2021-03-31 01:00:25] - 회원정보 다운로드 로그 기록 삭제(log_member_excel_delete)
[2021-03-31 01:00:25] - 만료된 포인트 차감(member_point_deduction)
[2021-03-31 01:00:25] - 만료된 캐시 차감(member_emoney_deduction)
