[2022-01-01 01:00:23] - 방송 취소 처리(broadcast_cancel) - Unable to locate the model you have specified: broadcastmodel
[2022-01-01 01:00:23] - 개인정보 관리자 로그 삭제(delete_manager_log)
[2022-01-01 01:00:23] - 방송 취소 처리(broadcast_cancel)
[2022-01-01 01:00:23] - 로그 폴더 삭제(delete_log_files)
[2022-01-01 01:00:23] - KICC 코드 동기화(kicc_code)
[2022-01-01 01:00:23] - SMS 국가 코드(sms_national_code)
[2022-01-01 01:00:23] - 서버 캐시파일 삭제(delete_caches)
[2022-01-01 01:00:23] - 엑셀 파일 삭제(delete_excel_file)
[2022-01-01 01:00:23] - 언어별 js메시지 파일 생성(create_alert_file)
[2022-01-01 01:00:23] - 부가서비스 이슈 알림(addservice_notify)
[2022-01-01 01:00:23] - 관리자 중요행위 알림 캐시파일 생성(makeCacheActionAert)
[2022-01-01 01:00:23] - 사용 용량 업데이트(du_check)
[2022-01-01 01:00:23] - 플래시 캐시 파일 삭제(delete_flash_cach)
[2022-01-01 01:00:23] - 캡차 파일 삭제(captcha_file_delete)
[2022-01-01 01:00:23] - 오래된 파일 삭제(tmp_file_delete)
[2022-01-01 01:00:23] - 카카오알림톡 템플릿 동기화(kakaotalk_template)
[2022-01-01 01:00:23] - 엑셀다운로드데이터 삭제(delete_excel_temp)
[2022-01-01 01:00:23] - naverpay 삭제(log_naverpay_delete)
[2022-01-01 01:00:23] - captcha 삭제(log_captcha_delete)
[2022-01-01 01:00:23] - email log 삭제(log_email_delete)
[2022-01-01 01:00:23] - 장바구니 비우기(empty_cart)
[2022-01-01 01:00:23] - 엑심베이 코드 동기화(eximbay)
[2022-01-01 01:00:23] - 코드 동기화(code_sync)
[2022-01-01 01:00:23] - config 동기화(config_sync)
[2022-01-01 01:00:23] - 택배사 동기화(delivery_url)
[2022-01-01 01:00:23] - 쇼핑몰 분류 동기화(shop_branch)
[2022-01-02 01:00:20] - 방송 취소 처리(broadcast_cancel) - Unable to locate the model you have specified: broadcastmodel
[2022-01-02 01:00:20] - 개인정보 관리자 로그 삭제(delete_manager_log)
[2022-01-02 01:00:20] - 방송 취소 처리(broadcast_cancel)
[2022-01-02 01:00:20] - 로그 폴더 삭제(delete_log_files)
[2022-01-02 01:00:20] - KICC 코드 동기화(kicc_code)
[2022-01-02 01:00:20] - SMS 국가 코드(sms_national_code)
[2022-01-02 01:00:20] - 서버 캐시파일 삭제(delete_caches)
[2022-01-02 01:00:20] - 엑셀 파일 삭제(delete_excel_file)
[2022-01-02 01:00:20] - 언어별 js메시지 파일 생성(create_alert_file)
[2022-01-02 01:00:20] - 부가서비스 이슈 알림(addservice_notify)
[2022-01-02 01:00:20] - 관리자 중요행위 알림 캐시파일 생성(makeCacheActionAert)
[2022-01-02 01:00:20] - 사용 용량 업데이트(du_check)
[2022-01-02 01:00:20] - 플래시 캐시 파일 삭제(delete_flash_cach)
[2022-01-02 01:00:20] - 캡차 파일 삭제(captcha_file_delete)
[2022-01-02 01:00:20] - 오래된 파일 삭제(tmp_file_delete)
[2022-01-02 01:00:20] - 카카오알림톡 템플릿 동기화(kakaotalk_template)
[2022-01-02 01:00:20] - 엑셀다운로드데이터 삭제(delete_excel_temp)
[2022-01-02 01:00:20] - naverpay 삭제(log_naverpay_delete)
[2022-01-02 01:00:20] - captcha 삭제(log_captcha_delete)
[2022-01-02 01:00:20] - email log 삭제(log_email_delete)
[2022-01-02 01:00:20] - 장바구니 비우기(empty_cart)
[2022-01-02 01:00:20] - 엑심베이 코드 동기화(eximbay)
[2022-01-02 01:00:20] - 코드 동기화(code_sync)
[2022-01-02 01:00:20] - config 동기화(config_sync)
[2022-01-02 01:00:20] - 택배사 동기화(delivery_url)
[2022-01-02 01:00:20] - 쇼핑몰 분류 동기화(shop_branch)
[2022-01-03 01:00:28] - 방송 취소 처리(broadcast_cancel) - Unable to locate the model you have specified: broadcastmodel
[2022-01-03 01:00:28] - 개인정보 관리자 로그 삭제(delete_manager_log)
[2022-01-03 01:00:28] - 방송 취소 처리(broadcast_cancel)
[2022-01-03 01:00:28] - 로그 폴더 삭제(delete_log_files)
[2022-01-03 01:00:28] - KICC 코드 동기화(kicc_code)
[2022-01-03 01:00:28] - SMS 국가 코드(sms_national_code)
[2022-01-03 01:00:28] - 서버 캐시파일 삭제(delete_caches)
[2022-01-03 01:00:28] - 엑셀 파일 삭제(delete_excel_file)
[2022-01-03 01:00:28] - 언어별 js메시지 파일 생성(create_alert_file)
[2022-01-03 01:00:28] - 부가서비스 이슈 알림(addservice_notify)
[2022-01-03 01:00:28] - 관리자 중요행위 알림 캐시파일 생성(makeCacheActionAert)
[2022-01-03 01:00:28] - 사용 용량 업데이트(du_check)
[2022-01-03 01:00:28] - 플래시 캐시 파일 삭제(delete_flash_cach)
[2022-01-03 01:00:28] - 캡차 파일 삭제(captcha_file_delete)
[2022-01-03 01:00:28] - 오래된 파일 삭제(tmp_file_delete)
[2022-01-03 01:00:28] - 카카오알림톡 템플릿 동기화(kakaotalk_template)
[2022-01-03 01:00:28] - 엑셀다운로드데이터 삭제(delete_excel_temp)
[2022-01-03 01:00:28] - naverpay 삭제(log_naverpay_delete)
[2022-01-03 01:00:28] - captcha 삭제(log_captcha_delete)
[2022-01-03 01:00:28] - email log 삭제(log_email_delete)
[2022-01-03 01:00:28] - 장바구니 비우기(empty_cart)
[2022-01-03 01:00:28] - 엑심베이 코드 동기화(eximbay)
[2022-01-03 01:00:28] - 코드 동기화(code_sync)
[2022-01-03 01:00:28] - config 동기화(config_sync)
[2022-01-03 01:00:28] - 택배사 동기화(delivery_url)
[2022-01-03 01:00:28] - 쇼핑몰 분류 동기화(shop_branch)
[2022-01-04 01:00:21] - 방송 취소 처리(broadcast_cancel) - Unable to locate the model you have specified: broadcastmodel
[2022-01-04 01:00:21] - 개인정보 관리자 로그 삭제(delete_manager_log)
[2022-01-04 01:00:21] - 방송 취소 처리(broadcast_cancel)
[2022-01-04 01:00:21] - 로그 폴더 삭제(delete_log_files)
[2022-01-04 01:00:21] - KICC 코드 동기화(kicc_code)
[2022-01-04 01:00:21] - SMS 국가 코드(sms_national_code)
[2022-01-04 01:00:21] - 서버 캐시파일 삭제(delete_caches)
[2022-01-04 01:00:21] - 엑셀 파일 삭제(delete_excel_file)
[2022-01-04 01:00:21] - 언어별 js메시지 파일 생성(create_alert_file)
[2022-01-04 01:00:21] - 부가서비스 이슈 알림(addservice_notify)
[2022-01-04 01:00:21] - 관리자 중요행위 알림 캐시파일 생성(makeCacheActionAert)
[2022-01-04 01:00:21] - 사용 용량 업데이트(du_check)
[2022-01-04 01:00:21] - 플래시 캐시 파일 삭제(delete_flash_cach)
[2022-01-04 01:00:21] - 캡차 파일 삭제(captcha_file_delete)
[2022-01-04 01:00:21] - 오래된 파일 삭제(tmp_file_delete)
[2022-01-04 01:00:21] - 카카오알림톡 템플릿 동기화(kakaotalk_template)
[2022-01-04 01:00:21] - 엑셀다운로드데이터 삭제(delete_excel_temp)
[2022-01-04 01:00:21] - naverpay 삭제(log_naverpay_delete)
[2022-01-04 01:00:21] - captcha 삭제(log_captcha_delete)
[2022-01-04 01:00:21] - email log 삭제(log_email_delete)
[2022-01-04 01:00:21] - 장바구니 비우기(empty_cart)
[2022-01-04 01:00:21] - 엑심베이 코드 동기화(eximbay)
[2022-01-04 01:00:21] - 코드 동기화(code_sync)
[2022-01-04 01:00:21] - config 동기화(config_sync)
[2022-01-04 01:00:21] - 택배사 동기화(delivery_url)
[2022-01-04 01:00:21] - 쇼핑몰 분류 동기화(shop_branch)
[2022-01-05 01:00:21] - 방송 취소 처리(broadcast_cancel) - Unable to locate the model you have specified: broadcastmodel
[2022-01-05 01:00:21] - 개인정보 관리자 로그 삭제(delete_manager_log)
[2022-01-05 01:00:21] - 방송 취소 처리(broadcast_cancel)
[2022-01-05 01:00:21] - 로그 폴더 삭제(delete_log_files)
[2022-01-05 01:00:21] - KICC 코드 동기화(kicc_code)
[2022-01-05 01:00:21] - SMS 국가 코드(sms_national_code)
[2022-01-05 01:00:21] - 서버 캐시파일 삭제(delete_caches)
[2022-01-05 01:00:21] - 엑셀 파일 삭제(delete_excel_file)
[2022-01-05 01:00:21] - 언어별 js메시지 파일 생성(create_alert_file)
[2022-01-05 01:00:21] - 부가서비스 이슈 알림(addservice_notify)
[2022-01-05 01:00:21] - 관리자 중요행위 알림 캐시파일 생성(makeCacheActionAert)
[2022-01-05 01:00:21] - 사용 용량 업데이트(du_check)
[2022-01-05 01:00:21] - 플래시 캐시 파일 삭제(delete_flash_cach)
[2022-01-05 01:00:21] - 캡차 파일 삭제(captcha_file_delete)
[2022-01-05 01:00:21] - 오래된 파일 삭제(tmp_file_delete)
[2022-01-05 01:00:21] - 카카오알림톡 템플릿 동기화(kakaotalk_template)
[2022-01-05 01:00:21] - 엑셀다운로드데이터 삭제(delete_excel_temp)
[2022-01-05 01:00:21] - naverpay 삭제(log_naverpay_delete)
[2022-01-05 01:00:21] - captcha 삭제(log_captcha_delete)
[2022-01-05 01:00:21] - email log 삭제(log_email_delete)
[2022-01-05 01:00:21] - 장바구니 비우기(empty_cart)
[2022-01-05 01:00:21] - 엑심베이 코드 동기화(eximbay)
[2022-01-05 01:00:21] - 코드 동기화(code_sync)
[2022-01-05 01:00:21] - config 동기화(config_sync)
[2022-01-05 01:00:21] - 택배사 동기화(delivery_url)
[2022-01-05 01:00:21] - 쇼핑몰 분류 동기화(shop_branch)
[2022-01-06 01:00:23] - 방송 취소 처리(broadcast_cancel) - Unable to locate the model you have specified: broadcastmodel
[2022-01-06 01:00:23] - 개인정보 관리자 로그 삭제(delete_manager_log)
[2022-01-06 01:00:23] - 방송 취소 처리(broadcast_cancel)
[2022-01-06 01:00:23] - 로그 폴더 삭제(delete_log_files)
[2022-01-06 01:00:23] - KICC 코드 동기화(kicc_code)
[2022-01-06 01:00:23] - SMS 국가 코드(sms_national_code)
[2022-01-06 01:00:23] - 서버 캐시파일 삭제(delete_caches)
[2022-01-06 01:00:23] - 엑셀 파일 삭제(delete_excel_file)
[2022-01-06 01:00:23] - 언어별 js메시지 파일 생성(create_alert_file)
[2022-01-06 01:00:23] - 부가서비스 이슈 알림(addservice_notify)
[2022-01-06 01:00:23] - 관리자 중요행위 알림 캐시파일 생성(makeCacheActionAert)
[2022-01-06 01:00:23] - 사용 용량 업데이트(du_check)
[2022-01-06 01:00:23] - 플래시 캐시 파일 삭제(delete_flash_cach)
[2022-01-06 01:00:23] - 캡차 파일 삭제(captcha_file_delete)
[2022-01-06 01:00:23] - 오래된 파일 삭제(tmp_file_delete)
[2022-01-06 01:00:23] - 카카오알림톡 템플릿 동기화(kakaotalk_template)
[2022-01-06 01:00:23] - 엑셀다운로드데이터 삭제(delete_excel_temp)
[2022-01-06 01:00:23] - naverpay 삭제(log_naverpay_delete)
[2022-01-06 01:00:23] - captcha 삭제(log_captcha_delete)
[2022-01-06 01:00:23] - email log 삭제(log_email_delete)
[2022-01-06 01:00:23] - 장바구니 비우기(empty_cart)
[2022-01-06 01:00:23] - 엑심베이 코드 동기화(eximbay)
[2022-01-06 01:00:23] - 코드 동기화(code_sync)
[2022-01-06 01:00:23] - config 동기화(config_sync)
[2022-01-06 01:00:23] - 택배사 동기화(delivery_url)
[2022-01-06 01:00:23] - 쇼핑몰 분류 동기화(shop_branch)
[2022-01-07 01:00:24] - 방송 취소 처리(broadcast_cancel) - Unable to locate the model you have specified: broadcastmodel
[2022-01-07 01:00:24] - 개인정보 관리자 로그 삭제(delete_manager_log)
[2022-01-07 01:00:24] - 방송 취소 처리(broadcast_cancel)
[2022-01-07 01:00:24] - 로그 폴더 삭제(delete_log_files)
[2022-01-07 01:00:24] - KICC 코드 동기화(kicc_code)
[2022-01-07 01:00:24] - SMS 국가 코드(sms_national_code)
[2022-01-07 01:00:24] - 서버 캐시파일 삭제(delete_caches)
[2022-01-07 01:00:24] - 엑셀 파일 삭제(delete_excel_file)
[2022-01-07 01:00:24] - 언어별 js메시지 파일 생성(create_alert_file)
[2022-01-07 01:00:24] - 부가서비스 이슈 알림(addservice_notify)
[2022-01-07 01:00:24] - 관리자 중요행위 알림 캐시파일 생성(makeCacheActionAert)
[2022-01-07 01:00:24] - 사용 용량 업데이트(du_check)
[2022-01-07 01:00:24] - 플래시 캐시 파일 삭제(delete_flash_cach)
[2022-01-07 01:00:24] - 캡차 파일 삭제(captcha_file_delete)
[2022-01-07 01:00:24] - 오래된 파일 삭제(tmp_file_delete)
[2022-01-07 01:00:24] - 카카오알림톡 템플릿 동기화(kakaotalk_template)
[2022-01-07 01:00:24] - 엑셀다운로드데이터 삭제(delete_excel_temp)
[2022-01-07 01:00:24] - naverpay 삭제(log_naverpay_delete)
[2022-01-07 01:00:24] - captcha 삭제(log_captcha_delete)
[2022-01-07 01:00:24] - email log 삭제(log_email_delete)
[2022-01-07 01:00:24] - 장바구니 비우기(empty_cart)
[2022-01-07 01:00:24] - 엑심베이 코드 동기화(eximbay)
[2022-01-07 01:00:24] - 코드 동기화(code_sync)
[2022-01-07 01:00:24] - config 동기화(config_sync)
[2022-01-07 01:00:24] - 택배사 동기화(delivery_url)
[2022-01-07 01:00:24] - 쇼핑몰 분류 동기화(shop_branch)
[2022-01-08 01:00:25] - 방송 취소 처리(broadcast_cancel) - Unable to locate the model you have specified: broadcastmodel
[2022-01-08 01:00:25] - 개인정보 관리자 로그 삭제(delete_manager_log)
[2022-01-08 01:00:25] - 방송 취소 처리(broadcast_cancel)
[2022-01-08 01:00:25] - 로그 폴더 삭제(delete_log_files)
[2022-01-08 01:00:25] - KICC 코드 동기화(kicc_code)
[2022-01-08 01:00:25] - SMS 국가 코드(sms_national_code)
[2022-01-08 01:00:25] - 서버 캐시파일 삭제(delete_caches)
[2022-01-08 01:00:25] - 엑셀 파일 삭제(delete_excel_file)
[2022-01-08 01:00:25] - 언어별 js메시지 파일 생성(create_alert_file)
[2022-01-08 01:00:25] - 부가서비스 이슈 알림(addservice_notify)
[2022-01-08 01:00:25] - 관리자 중요행위 알림 캐시파일 생성(makeCacheActionAert)
[2022-01-08 01:00:25] - 사용 용량 업데이트(du_check)
[2022-01-08 01:00:25] - 플래시 캐시 파일 삭제(delete_flash_cach)
[2022-01-08 01:00:25] - 캡차 파일 삭제(captcha_file_delete)
[2022-01-08 01:00:25] - 오래된 파일 삭제(tmp_file_delete)
[2022-01-08 01:00:25] - 카카오알림톡 템플릿 동기화(kakaotalk_template)
[2022-01-08 01:00:25] - 엑셀다운로드데이터 삭제(delete_excel_temp)
[2022-01-08 01:00:25] - naverpay 삭제(log_naverpay_delete)
[2022-01-08 01:00:25] - captcha 삭제(log_captcha_delete)
[2022-01-08 01:00:25] - email log 삭제(log_email_delete)
[2022-01-08 01:00:25] - 장바구니 비우기(empty_cart)
[2022-01-08 01:00:25] - 엑심베이 코드 동기화(eximbay)
[2022-01-08 01:00:25] - 코드 동기화(code_sync)
[2022-01-08 01:00:25] - config 동기화(config_sync)
[2022-01-08 01:00:25] - 택배사 동기화(delivery_url)
[2022-01-08 01:00:25] - 쇼핑몰 분류 동기화(shop_branch)
[2022-01-09 01:00:23] - 방송 취소 처리(broadcast_cancel) - Unable to locate the model you have specified: broadcastmodel
[2022-01-09 01:00:23] - 개인정보 관리자 로그 삭제(delete_manager_log)
[2022-01-09 01:00:23] - 방송 취소 처리(broadcast_cancel)
[2022-01-09 01:00:23] - 로그 폴더 삭제(delete_log_files)
[2022-01-09 01:00:23] - KICC 코드 동기화(kicc_code)
[2022-01-09 01:00:23] - SMS 국가 코드(sms_national_code)
[2022-01-09 01:00:23] - 서버 캐시파일 삭제(delete_caches)
[2022-01-09 01:00:23] - 엑셀 파일 삭제(delete_excel_file)
[2022-01-09 01:00:23] - 언어별 js메시지 파일 생성(create_alert_file)
[2022-01-09 01:00:23] - 부가서비스 이슈 알림(addservice_notify)
[2022-01-09 01:00:23] - 관리자 중요행위 알림 캐시파일 생성(makeCacheActionAert)
[2022-01-09 01:00:23] - 사용 용량 업데이트(du_check)
[2022-01-09 01:00:23] - 플래시 캐시 파일 삭제(delete_flash_cach)
[2022-01-09 01:00:23] - 캡차 파일 삭제(captcha_file_delete)
[2022-01-09 01:00:23] - 오래된 파일 삭제(tmp_file_delete)
[2022-01-09 01:00:23] - 카카오알림톡 템플릿 동기화(kakaotalk_template)
[2022-01-09 01:00:23] - 엑셀다운로드데이터 삭제(delete_excel_temp)
[2022-01-09 01:00:23] - naverpay 삭제(log_naverpay_delete)
[2022-01-09 01:00:23] - captcha 삭제(log_captcha_delete)
[2022-01-09 01:00:23] - email log 삭제(log_email_delete)
[2022-01-09 01:00:23] - 장바구니 비우기(empty_cart)
[2022-01-09 01:00:23] - 엑심베이 코드 동기화(eximbay)
[2022-01-09 01:00:23] - 코드 동기화(code_sync)
[2022-01-09 01:00:23] - config 동기화(config_sync)
[2022-01-09 01:00:23] - 택배사 동기화(delivery_url)
[2022-01-09 01:00:23] - 쇼핑몰 분류 동기화(shop_branch)
[2022-01-10 01:00:28] - 방송 취소 처리(broadcast_cancel) - Unable to locate the model you have specified: broadcastmodel
[2022-01-10 01:00:28] - 개인정보 관리자 로그 삭제(delete_manager_log)
[2022-01-10 01:00:28] - 방송 취소 처리(broadcast_cancel)
[2022-01-10 01:00:28] - 로그 폴더 삭제(delete_log_files)
[2022-01-10 01:00:28] - KICC 코드 동기화(kicc_code)
[2022-01-10 01:00:28] - SMS 국가 코드(sms_national_code)
[2022-01-10 01:00:28] - 서버 캐시파일 삭제(delete_caches)
[2022-01-10 01:00:28] - 엑셀 파일 삭제(delete_excel_file)
[2022-01-10 01:00:28] - 언어별 js메시지 파일 생성(create_alert_file)
[2022-01-10 01:00:28] - 부가서비스 이슈 알림(addservice_notify)
[2022-01-10 01:00:28] - 관리자 중요행위 알림 캐시파일 생성(makeCacheActionAert)
[2022-01-10 01:00:28] - 사용 용량 업데이트(du_check)
[2022-01-10 01:00:28] - 플래시 캐시 파일 삭제(delete_flash_cach)
[2022-01-10 01:00:28] - 캡차 파일 삭제(captcha_file_delete)
[2022-01-10 01:00:28] - 오래된 파일 삭제(tmp_file_delete)
[2022-01-10 01:00:28] - 카카오알림톡 템플릿 동기화(kakaotalk_template)
[2022-01-10 01:00:28] - 엑셀다운로드데이터 삭제(delete_excel_temp)
[2022-01-10 01:00:28] - naverpay 삭제(log_naverpay_delete)
[2022-01-10 01:00:28] - captcha 삭제(log_captcha_delete)
[2022-01-10 01:00:28] - email log 삭제(log_email_delete)
[2022-01-10 01:00:28] - 장바구니 비우기(empty_cart)
[2022-01-10 01:00:28] - 엑심베이 코드 동기화(eximbay)
[2022-01-10 01:00:28] - 코드 동기화(code_sync)
[2022-01-10 01:00:28] - config 동기화(config_sync)
[2022-01-10 01:00:28] - 택배사 동기화(delivery_url)
[2022-01-10 01:00:28] - 쇼핑몰 분류 동기화(shop_branch)
[2022-01-11 01:00:25] - 방송 취소 처리(broadcast_cancel) - Unable to locate the model you have specified: broadcastmodel
[2022-01-11 01:00:25] - 개인정보 관리자 로그 삭제(delete_manager_log)
[2022-01-11 01:00:25] - 방송 취소 처리(broadcast_cancel)
[2022-01-11 01:00:25] - 로그 폴더 삭제(delete_log_files)
[2022-01-11 01:00:25] - KICC 코드 동기화(kicc_code)
[2022-01-11 01:00:25] - SMS 국가 코드(sms_national_code)
[2022-01-11 01:00:25] - 서버 캐시파일 삭제(delete_caches)
[2022-01-11 01:00:25] - 엑셀 파일 삭제(delete_excel_file)
[2022-01-11 01:00:25] - 언어별 js메시지 파일 생성(create_alert_file)
[2022-01-11 01:00:25] - 부가서비스 이슈 알림(addservice_notify)
[2022-01-11 01:00:25] - 관리자 중요행위 알림 캐시파일 생성(makeCacheActionAert)
[2022-01-11 01:00:25] - 사용 용량 업데이트(du_check)
[2022-01-11 01:00:25] - 플래시 캐시 파일 삭제(delete_flash_cach)
[2022-01-11 01:00:25] - 캡차 파일 삭제(captcha_file_delete)
[2022-01-11 01:00:25] - 오래된 파일 삭제(tmp_file_delete)
[2022-01-11 01:00:25] - 카카오알림톡 템플릿 동기화(kakaotalk_template)
[2022-01-11 01:00:25] - 엑셀다운로드데이터 삭제(delete_excel_temp)
[2022-01-11 01:00:25] - naverpay 삭제(log_naverpay_delete)
[2022-01-11 01:00:25] - captcha 삭제(log_captcha_delete)
[2022-01-11 01:00:25] - email log 삭제(log_email_delete)
[2022-01-11 01:00:25] - 장바구니 비우기(empty_cart)
[2022-01-11 01:00:25] - 엑심베이 코드 동기화(eximbay)
[2022-01-11 01:00:25] - 코드 동기화(code_sync)
[2022-01-11 01:00:25] - config 동기화(config_sync)
[2022-01-11 01:00:25] - 택배사 동기화(delivery_url)
[2022-01-11 01:00:25] - 쇼핑몰 분류 동기화(shop_branch)
[2022-01-12 01:00:26] - 방송 취소 처리(broadcast_cancel) - Unable to locate the model you have specified: broadcastmodel
[2022-01-12 01:00:26] - 개인정보 관리자 로그 삭제(delete_manager_log)
[2022-01-12 01:00:26] - 방송 취소 처리(broadcast_cancel)
[2022-01-12 01:00:26] - 로그 폴더 삭제(delete_log_files)
[2022-01-12 01:00:26] - KICC 코드 동기화(kicc_code)
[2022-01-12 01:00:26] - SMS 국가 코드(sms_national_code)
[2022-01-12 01:00:26] - 서버 캐시파일 삭제(delete_caches)
[2022-01-12 01:00:26] - 엑셀 파일 삭제(delete_excel_file)
[2022-01-12 01:00:26] - 언어별 js메시지 파일 생성(create_alert_file)
[2022-01-12 01:00:26] - 부가서비스 이슈 알림(addservice_notify)
[2022-01-12 01:00:26] - 관리자 중요행위 알림 캐시파일 생성(makeCacheActionAert)
[2022-01-12 01:00:26] - 사용 용량 업데이트(du_check)
[2022-01-12 01:00:26] - 플래시 캐시 파일 삭제(delete_flash_cach)
[2022-01-12 01:00:26] - 캡차 파일 삭제(captcha_file_delete)
[2022-01-12 01:00:26] - 오래된 파일 삭제(tmp_file_delete)
[2022-01-12 01:00:26] - 카카오알림톡 템플릿 동기화(kakaotalk_template)
[2022-01-12 01:00:26] - 엑셀다운로드데이터 삭제(delete_excel_temp)
[2022-01-12 01:00:26] - naverpay 삭제(log_naverpay_delete)
[2022-01-12 01:00:26] - captcha 삭제(log_captcha_delete)
[2022-01-12 01:00:26] - email log 삭제(log_email_delete)
[2022-01-12 01:00:26] - 장바구니 비우기(empty_cart)
[2022-01-12 01:00:26] - 엑심베이 코드 동기화(eximbay)
[2022-01-12 01:00:26] - 코드 동기화(code_sync)
[2022-01-12 01:00:26] - config 동기화(config_sync)
[2022-01-12 01:00:26] - 택배사 동기화(delivery_url)
[2022-01-12 01:00:26] - 쇼핑몰 분류 동기화(shop_branch)
[2022-01-13 01:00:24] - 방송 취소 처리(broadcast_cancel) - Unable to locate the model you have specified: broadcastmodel
[2022-01-13 01:00:24] - 개인정보 관리자 로그 삭제(delete_manager_log)
[2022-01-13 01:00:24] - 방송 취소 처리(broadcast_cancel)
[2022-01-13 01:00:24] - 로그 폴더 삭제(delete_log_files)
[2022-01-13 01:00:24] - KICC 코드 동기화(kicc_code)
[2022-01-13 01:00:24] - SMS 국가 코드(sms_national_code)
[2022-01-13 01:00:24] - 서버 캐시파일 삭제(delete_caches)
[2022-01-13 01:00:24] - 엑셀 파일 삭제(delete_excel_file)
[2022-01-13 01:00:24] - 언어별 js메시지 파일 생성(create_alert_file)
[2022-01-13 01:00:24] - 부가서비스 이슈 알림(addservice_notify)
[2022-01-13 01:00:24] - 관리자 중요행위 알림 캐시파일 생성(makeCacheActionAert)
[2022-01-13 01:00:24] - 사용 용량 업데이트(du_check)
[2022-01-13 01:00:24] - 플래시 캐시 파일 삭제(delete_flash_cach)
[2022-01-13 01:00:24] - 캡차 파일 삭제(captcha_file_delete)
[2022-01-13 01:00:24] - 오래된 파일 삭제(tmp_file_delete)
[2022-01-13 01:00:24] - 카카오알림톡 템플릿 동기화(kakaotalk_template)
[2022-01-13 01:00:24] - 엑셀다운로드데이터 삭제(delete_excel_temp)
[2022-01-13 01:00:24] - naverpay 삭제(log_naverpay_delete)
[2022-01-13 01:00:24] - captcha 삭제(log_captcha_delete)
[2022-01-13 01:00:24] - email log 삭제(log_email_delete)
[2022-01-13 01:00:24] - 장바구니 비우기(empty_cart)
[2022-01-13 01:00:24] - 엑심베이 코드 동기화(eximbay)
[2022-01-13 01:00:24] - 코드 동기화(code_sync)
[2022-01-13 01:00:24] - config 동기화(config_sync)
[2022-01-13 01:00:24] - 택배사 동기화(delivery_url)
[2022-01-13 01:00:24] - 쇼핑몰 분류 동기화(shop_branch)
[2022-01-14 01:00:24] - 방송 취소 처리(broadcast_cancel) - Unable to locate the model you have specified: broadcastmodel
[2022-01-14 01:00:24] - 개인정보 관리자 로그 삭제(delete_manager_log)
[2022-01-14 01:00:24] - 방송 취소 처리(broadcast_cancel)
[2022-01-14 01:00:24] - 로그 폴더 삭제(delete_log_files)
[2022-01-14 01:00:24] - KICC 코드 동기화(kicc_code)
[2022-01-14 01:00:24] - SMS 국가 코드(sms_national_code)
[2022-01-14 01:00:24] - 서버 캐시파일 삭제(delete_caches)
[2022-01-14 01:00:24] - 엑셀 파일 삭제(delete_excel_file)
[2022-01-14 01:00:24] - 언어별 js메시지 파일 생성(create_alert_file)
[2022-01-14 01:00:24] - 부가서비스 이슈 알림(addservice_notify)
[2022-01-14 01:00:24] - 관리자 중요행위 알림 캐시파일 생성(makeCacheActionAert)
[2022-01-14 01:00:24] - 사용 용량 업데이트(du_check)
[2022-01-14 01:00:24] - 플래시 캐시 파일 삭제(delete_flash_cach)
[2022-01-14 01:00:24] - 캡차 파일 삭제(captcha_file_delete)
[2022-01-14 01:00:24] - 오래된 파일 삭제(tmp_file_delete)
[2022-01-14 01:00:24] - 카카오알림톡 템플릿 동기화(kakaotalk_template)
[2022-01-14 01:00:24] - 엑셀다운로드데이터 삭제(delete_excel_temp)
[2022-01-14 01:00:24] - naverpay 삭제(log_naverpay_delete)
[2022-01-14 01:00:24] - captcha 삭제(log_captcha_delete)
[2022-01-14 01:00:24] - email log 삭제(log_email_delete)
[2022-01-14 01:00:24] - 장바구니 비우기(empty_cart)
[2022-01-14 01:00:24] - 엑심베이 코드 동기화(eximbay)
[2022-01-14 01:00:24] - 코드 동기화(code_sync)
[2022-01-14 01:00:24] - config 동기화(config_sync)
[2022-01-14 01:00:24] - 택배사 동기화(delivery_url)
[2022-01-14 01:00:24] - 쇼핑몰 분류 동기화(shop_branch)
[2022-01-15 01:00:29] - 방송 취소 처리(broadcast_cancel) - Unable to locate the model you have specified: broadcastmodel
[2022-01-15 01:00:29] - 개인정보 관리자 로그 삭제(delete_manager_log)
[2022-01-15 01:00:29] - 방송 취소 처리(broadcast_cancel)
[2022-01-15 01:00:29] - 로그 폴더 삭제(delete_log_files)
[2022-01-15 01:00:29] - KICC 코드 동기화(kicc_code)
[2022-01-15 01:00:29] - SMS 국가 코드(sms_national_code)
[2022-01-15 01:00:29] - 서버 캐시파일 삭제(delete_caches)
[2022-01-15 01:00:29] - 엑셀 파일 삭제(delete_excel_file)
[2022-01-15 01:00:29] - 언어별 js메시지 파일 생성(create_alert_file)
[2022-01-15 01:00:29] - 부가서비스 이슈 알림(addservice_notify)
[2022-01-15 01:00:29] - 관리자 중요행위 알림 캐시파일 생성(makeCacheActionAert)
[2022-01-15 01:00:29] - 사용 용량 업데이트(du_check)
[2022-01-15 01:00:29] - 플래시 캐시 파일 삭제(delete_flash_cach)
[2022-01-15 01:00:29] - 캡차 파일 삭제(captcha_file_delete)
[2022-01-15 01:00:29] - 오래된 파일 삭제(tmp_file_delete)
[2022-01-15 01:00:29] - 카카오알림톡 템플릿 동기화(kakaotalk_template)
[2022-01-15 01:00:29] - 엑셀다운로드데이터 삭제(delete_excel_temp)
[2022-01-15 01:00:29] - naverpay 삭제(log_naverpay_delete)
[2022-01-15 01:00:29] - captcha 삭제(log_captcha_delete)
[2022-01-15 01:00:29] - email log 삭제(log_email_delete)
[2022-01-15 01:00:29] - 장바구니 비우기(empty_cart)
[2022-01-15 01:00:29] - 엑심베이 코드 동기화(eximbay)
[2022-01-15 01:00:29] - 코드 동기화(code_sync)
[2022-01-15 01:00:29] - config 동기화(config_sync)
[2022-01-15 01:00:29] - 택배사 동기화(delivery_url)
[2022-01-15 01:00:29] - 쇼핑몰 분류 동기화(shop_branch)
[2022-01-16 01:00:21] - 방송 취소 처리(broadcast_cancel) - Unable to locate the model you have specified: broadcastmodel
[2022-01-16 01:00:22] - 개인정보 관리자 로그 삭제(delete_manager_log)
[2022-01-16 01:00:22] - 방송 취소 처리(broadcast_cancel)
[2022-01-16 01:00:22] - 로그 폴더 삭제(delete_log_files)
[2022-01-16 01:00:22] - KICC 코드 동기화(kicc_code)
[2022-01-16 01:00:22] - SMS 국가 코드(sms_national_code)
[2022-01-16 01:00:22] - 서버 캐시파일 삭제(delete_caches)
[2022-01-16 01:00:22] - 엑셀 파일 삭제(delete_excel_file)
[2022-01-16 01:00:22] - 언어별 js메시지 파일 생성(create_alert_file)
[2022-01-16 01:00:22] - 부가서비스 이슈 알림(addservice_notify)
[2022-01-16 01:00:22] - 관리자 중요행위 알림 캐시파일 생성(makeCacheActionAert)
[2022-01-16 01:00:22] - 사용 용량 업데이트(du_check)
[2022-01-16 01:00:22] - 플래시 캐시 파일 삭제(delete_flash_cach)
[2022-01-16 01:00:22] - 캡차 파일 삭제(captcha_file_delete)
[2022-01-16 01:00:22] - 오래된 파일 삭제(tmp_file_delete)
[2022-01-16 01:00:22] - 카카오알림톡 템플릿 동기화(kakaotalk_template)
[2022-01-16 01:00:22] - 엑셀다운로드데이터 삭제(delete_excel_temp)
[2022-01-16 01:00:22] - naverpay 삭제(log_naverpay_delete)
[2022-01-16 01:00:22] - captcha 삭제(log_captcha_delete)
[2022-01-16 01:00:22] - email log 삭제(log_email_delete)
[2022-01-16 01:00:22] - 장바구니 비우기(empty_cart)
[2022-01-16 01:00:22] - 엑심베이 코드 동기화(eximbay)
[2022-01-16 01:00:22] - 코드 동기화(code_sync)
[2022-01-16 01:00:22] - config 동기화(config_sync)
[2022-01-16 01:00:22] - 택배사 동기화(delivery_url)
[2022-01-16 01:00:22] - 쇼핑몰 분류 동기화(shop_branch)
[2022-01-17 01:00:29] - 방송 취소 처리(broadcast_cancel) - Unable to locate the model you have specified: broadcastmodel
[2022-01-17 01:00:29] - 개인정보 관리자 로그 삭제(delete_manager_log)
[2022-01-17 01:00:29] - 방송 취소 처리(broadcast_cancel)
[2022-01-17 01:00:29] - 로그 폴더 삭제(delete_log_files)
[2022-01-17 01:00:29] - KICC 코드 동기화(kicc_code)
[2022-01-17 01:00:29] - SMS 국가 코드(sms_national_code)
[2022-01-17 01:00:29] - 서버 캐시파일 삭제(delete_caches)
[2022-01-17 01:00:29] - 엑셀 파일 삭제(delete_excel_file)
[2022-01-17 01:00:29] - 언어별 js메시지 파일 생성(create_alert_file)
[2022-01-17 01:00:29] - 부가서비스 이슈 알림(addservice_notify)
[2022-01-17 01:00:29] - 관리자 중요행위 알림 캐시파일 생성(makeCacheActionAert)
[2022-01-17 01:00:29] - 사용 용량 업데이트(du_check)
[2022-01-17 01:00:29] - 플래시 캐시 파일 삭제(delete_flash_cach)
[2022-01-17 01:00:29] - 캡차 파일 삭제(captcha_file_delete)
[2022-01-17 01:00:29] - 오래된 파일 삭제(tmp_file_delete)
[2022-01-17 01:00:29] - 카카오알림톡 템플릿 동기화(kakaotalk_template)
[2022-01-17 01:00:29] - 엑셀다운로드데이터 삭제(delete_excel_temp)
[2022-01-17 01:00:29] - naverpay 삭제(log_naverpay_delete)
[2022-01-17 01:00:29] - captcha 삭제(log_captcha_delete)
[2022-01-17 01:00:29] - email log 삭제(log_email_delete)
[2022-01-17 01:00:29] - 장바구니 비우기(empty_cart)
[2022-01-17 01:00:29] - 엑심베이 코드 동기화(eximbay)
[2022-01-17 01:00:29] - 코드 동기화(code_sync)
[2022-01-17 01:00:29] - config 동기화(config_sync)
[2022-01-17 01:00:29] - 택배사 동기화(delivery_url)
[2022-01-17 01:00:29] - 쇼핑몰 분류 동기화(shop_branch)
[2022-01-18 01:00:24] - 방송 취소 처리(broadcast_cancel) - Unable to locate the model you have specified: broadcastmodel
[2022-01-18 01:00:24] - 개인정보 관리자 로그 삭제(delete_manager_log)
[2022-01-18 01:00:24] - 방송 취소 처리(broadcast_cancel)
[2022-01-18 01:00:24] - 로그 폴더 삭제(delete_log_files)
[2022-01-18 01:00:24] - KICC 코드 동기화(kicc_code)
[2022-01-18 01:00:24] - SMS 국가 코드(sms_national_code)
[2022-01-18 01:00:24] - 서버 캐시파일 삭제(delete_caches)
[2022-01-18 01:00:24] - 엑셀 파일 삭제(delete_excel_file)
[2022-01-18 01:00:24] - 언어별 js메시지 파일 생성(create_alert_file)
[2022-01-18 01:00:24] - 부가서비스 이슈 알림(addservice_notify)
[2022-01-18 01:00:24] - 관리자 중요행위 알림 캐시파일 생성(makeCacheActionAert)
[2022-01-18 01:00:24] - 사용 용량 업데이트(du_check)
[2022-01-18 01:00:24] - 플래시 캐시 파일 삭제(delete_flash_cach)
[2022-01-18 01:00:24] - 캡차 파일 삭제(captcha_file_delete)
[2022-01-18 01:00:24] - 오래된 파일 삭제(tmp_file_delete)
[2022-01-18 01:00:24] - 카카오알림톡 템플릿 동기화(kakaotalk_template)
[2022-01-18 01:00:24] - 엑셀다운로드데이터 삭제(delete_excel_temp)
[2022-01-18 01:00:24] - naverpay 삭제(log_naverpay_delete)
[2022-01-18 01:00:24] - captcha 삭제(log_captcha_delete)
[2022-01-18 01:00:24] - email log 삭제(log_email_delete)
[2022-01-18 01:00:24] - 장바구니 비우기(empty_cart)
[2022-01-18 01:00:24] - 엑심베이 코드 동기화(eximbay)
[2022-01-18 01:00:24] - 코드 동기화(code_sync)
[2022-01-18 01:00:24] - config 동기화(config_sync)
[2022-01-18 01:00:24] - 택배사 동기화(delivery_url)
[2022-01-18 01:00:24] - 쇼핑몰 분류 동기화(shop_branch)
[2022-01-19 01:00:24] - 방송 취소 처리(broadcast_cancel) - Unable to locate the model you have specified: broadcastmodel
[2022-01-19 01:00:24] - 개인정보 관리자 로그 삭제(delete_manager_log)
[2022-01-19 01:00:24] - 방송 취소 처리(broadcast_cancel)
[2022-01-19 01:00:24] - 로그 폴더 삭제(delete_log_files)
[2022-01-19 01:00:24] - KICC 코드 동기화(kicc_code)
[2022-01-19 01:00:24] - SMS 국가 코드(sms_national_code)
[2022-01-19 01:00:24] - 서버 캐시파일 삭제(delete_caches)
[2022-01-19 01:00:24] - 엑셀 파일 삭제(delete_excel_file)
[2022-01-19 01:00:24] - 언어별 js메시지 파일 생성(create_alert_file)
[2022-01-19 01:00:24] - 부가서비스 이슈 알림(addservice_notify)
[2022-01-19 01:00:24] - 관리자 중요행위 알림 캐시파일 생성(makeCacheActionAert)
[2022-01-19 01:00:24] - 사용 용량 업데이트(du_check)
[2022-01-19 01:00:24] - 플래시 캐시 파일 삭제(delete_flash_cach)
[2022-01-19 01:00:24] - 캡차 파일 삭제(captcha_file_delete)
[2022-01-19 01:00:24] - 오래된 파일 삭제(tmp_file_delete)
[2022-01-19 01:00:24] - 카카오알림톡 템플릿 동기화(kakaotalk_template)
[2022-01-19 01:00:24] - 엑셀다운로드데이터 삭제(delete_excel_temp)
[2022-01-19 01:00:24] - naverpay 삭제(log_naverpay_delete)
[2022-01-19 01:00:24] - captcha 삭제(log_captcha_delete)
[2022-01-19 01:00:24] - email log 삭제(log_email_delete)
[2022-01-19 01:00:24] - 장바구니 비우기(empty_cart)
[2022-01-19 01:00:24] - 엑심베이 코드 동기화(eximbay)
[2022-01-19 01:00:24] - 코드 동기화(code_sync)
[2022-01-19 01:00:24] - config 동기화(config_sync)
[2022-01-19 01:00:24] - 택배사 동기화(delivery_url)
[2022-01-19 01:00:24] - 쇼핑몰 분류 동기화(shop_branch)
[2022-01-20 01:00:22] - 방송 취소 처리(broadcast_cancel) - Unable to locate the model you have specified: broadcastmodel
[2022-01-20 01:00:22] - 개인정보 관리자 로그 삭제(delete_manager_log)
[2022-01-20 01:00:22] - 방송 취소 처리(broadcast_cancel)
[2022-01-20 01:00:22] - 로그 폴더 삭제(delete_log_files)
[2022-01-20 01:00:22] - KICC 코드 동기화(kicc_code)
[2022-01-20 01:00:22] - SMS 국가 코드(sms_national_code)
[2022-01-20 01:00:22] - 서버 캐시파일 삭제(delete_caches)
[2022-01-20 01:00:22] - 엑셀 파일 삭제(delete_excel_file)
[2022-01-20 01:00:22] - 언어별 js메시지 파일 생성(create_alert_file)
[2022-01-20 01:00:22] - 부가서비스 이슈 알림(addservice_notify)
[2022-01-20 01:00:22] - 관리자 중요행위 알림 캐시파일 생성(makeCacheActionAert)
[2022-01-20 01:00:22] - 사용 용량 업데이트(du_check)
[2022-01-20 01:00:22] - 플래시 캐시 파일 삭제(delete_flash_cach)
[2022-01-20 01:00:22] - 캡차 파일 삭제(captcha_file_delete)
[2022-01-20 01:00:22] - 오래된 파일 삭제(tmp_file_delete)
[2022-01-20 01:00:22] - 카카오알림톡 템플릿 동기화(kakaotalk_template)
[2022-01-20 01:00:22] - 엑셀다운로드데이터 삭제(delete_excel_temp)
[2022-01-20 01:00:22] - naverpay 삭제(log_naverpay_delete)
[2022-01-20 01:00:22] - captcha 삭제(log_captcha_delete)
[2022-01-20 01:00:22] - email log 삭제(log_email_delete)
[2022-01-20 01:00:22] - 장바구니 비우기(empty_cart)
[2022-01-20 01:00:22] - 엑심베이 코드 동기화(eximbay)
[2022-01-20 01:00:22] - 코드 동기화(code_sync)
[2022-01-20 01:00:22] - config 동기화(config_sync)
[2022-01-20 01:00:22] - 택배사 동기화(delivery_url)
[2022-01-20 01:00:22] - 쇼핑몰 분류 동기화(shop_branch)
[2022-01-21 01:00:24] - 방송 취소 처리(broadcast_cancel) - Unable to locate the model you have specified: broadcastmodel
[2022-01-21 01:00:24] - 개인정보 관리자 로그 삭제(delete_manager_log)
[2022-01-21 01:00:24] - 방송 취소 처리(broadcast_cancel)
[2022-01-21 01:00:24] - 로그 폴더 삭제(delete_log_files)
[2022-01-21 01:00:24] - KICC 코드 동기화(kicc_code)
[2022-01-21 01:00:24] - SMS 국가 코드(sms_national_code)
[2022-01-21 01:00:24] - 서버 캐시파일 삭제(delete_caches)
[2022-01-21 01:00:24] - 엑셀 파일 삭제(delete_excel_file)
[2022-01-21 01:00:24] - 언어별 js메시지 파일 생성(create_alert_file)
[2022-01-21 01:00:24] - 부가서비스 이슈 알림(addservice_notify)
[2022-01-21 01:00:24] - 관리자 중요행위 알림 캐시파일 생성(makeCacheActionAert)
[2022-01-21 01:00:24] - 사용 용량 업데이트(du_check)
[2022-01-21 01:00:24] - 플래시 캐시 파일 삭제(delete_flash_cach)
[2022-01-21 01:00:24] - 캡차 파일 삭제(captcha_file_delete)
[2022-01-21 01:00:24] - 오래된 파일 삭제(tmp_file_delete)
[2022-01-21 01:00:24] - 카카오알림톡 템플릿 동기화(kakaotalk_template)
[2022-01-21 01:00:24] - 엑셀다운로드데이터 삭제(delete_excel_temp)
[2022-01-21 01:00:24] - naverpay 삭제(log_naverpay_delete)
[2022-01-21 01:00:24] - captcha 삭제(log_captcha_delete)
[2022-01-21 01:00:24] - email log 삭제(log_email_delete)
[2022-01-21 01:00:24] - 장바구니 비우기(empty_cart)
[2022-01-21 01:00:24] - 엑심베이 코드 동기화(eximbay)
[2022-01-21 01:00:24] - 코드 동기화(code_sync)
[2022-01-21 01:00:24] - config 동기화(config_sync)
[2022-01-21 01:00:24] - 택배사 동기화(delivery_url)
[2022-01-21 01:00:24] - 쇼핑몰 분류 동기화(shop_branch)
[2022-01-22 01:00:23] - 개인정보 관리자 로그 삭제(delete_manager_log)
[2022-01-22 01:00:23] - 방송 취소 처리(broadcast_cancel)
[2022-01-22 01:00:23] - 로그 폴더 삭제(delete_log_files)
[2022-01-22 01:00:23] - KICC 코드 동기화(kicc_code)
[2022-01-22 01:00:23] - SMS 국가 코드(sms_national_code)
[2022-01-22 01:00:23] - 서버 캐시파일 삭제(delete_caches)
[2022-01-22 01:00:23] - 엑셀 파일 삭제(delete_excel_file)
[2022-01-22 01:00:23] - 언어별 js메시지 파일 생성(create_alert_file)
[2022-01-22 01:00:23] - 부가서비스 이슈 알림(addservice_notify)
[2022-01-22 01:00:23] - 관리자 중요행위 알림 캐시파일 생성(makeCacheActionAert)
[2022-01-22 01:00:23] - 사용 용량 업데이트(du_check)
[2022-01-22 01:00:23] - 플래시 캐시 파일 삭제(delete_flash_cach)
[2022-01-22 01:00:23] - 캡차 파일 삭제(captcha_file_delete)
[2022-01-22 01:00:23] - 오래된 파일 삭제(tmp_file_delete)
[2022-01-22 01:00:23] - 카카오알림톡 템플릿 동기화(kakaotalk_template)
[2022-01-22 01:00:23] - 엑셀다운로드데이터 삭제(delete_excel_temp)
[2022-01-22 01:00:23] - naverpay 삭제(log_naverpay_delete)
[2022-01-22 01:00:23] - captcha 삭제(log_captcha_delete)
[2022-01-22 01:00:23] - email log 삭제(log_email_delete)
[2022-01-22 01:00:23] - 장바구니 비우기(empty_cart)
[2022-01-22 01:00:23] - 엑심베이 코드 동기화(eximbay)
[2022-01-22 01:00:23] - 코드 동기화(code_sync)
[2022-01-22 01:00:23] - config 동기화(config_sync)
[2022-01-22 01:00:23] - 택배사 동기화(delivery_url)
[2022-01-22 01:00:23] - 쇼핑몰 분류 동기화(shop_branch)
[2022-01-23 01:00:23] - 개인정보 관리자 로그 삭제(delete_manager_log)
[2022-01-23 01:00:23] - 방송 취소 처리(broadcast_cancel)
[2022-01-23 01:00:23] - 로그 폴더 삭제(delete_log_files)
[2022-01-23 01:00:23] - KICC 코드 동기화(kicc_code)
[2022-01-23 01:00:23] - SMS 국가 코드(sms_national_code)
[2022-01-23 01:00:23] - 서버 캐시파일 삭제(delete_caches)
[2022-01-23 01:00:23] - 엑셀 파일 삭제(delete_excel_file)
[2022-01-23 01:00:23] - 언어별 js메시지 파일 생성(create_alert_file)
[2022-01-23 01:00:23] - 부가서비스 이슈 알림(addservice_notify)
[2022-01-23 01:00:23] - 관리자 중요행위 알림 캐시파일 생성(makeCacheActionAert)
[2022-01-23 01:00:23] - 사용 용량 업데이트(du_check)
[2022-01-23 01:00:23] - 플래시 캐시 파일 삭제(delete_flash_cach)
[2022-01-23 01:00:23] - 캡차 파일 삭제(captcha_file_delete)
[2022-01-23 01:00:23] - 오래된 파일 삭제(tmp_file_delete)
[2022-01-23 01:00:23] - 카카오알림톡 템플릿 동기화(kakaotalk_template)
[2022-01-23 01:00:23] - 엑셀다운로드데이터 삭제(delete_excel_temp)
[2022-01-23 01:00:23] - naverpay 삭제(log_naverpay_delete)
[2022-01-23 01:00:23] - captcha 삭제(log_captcha_delete)
[2022-01-23 01:00:23] - email log 삭제(log_email_delete)
[2022-01-23 01:00:23] - 장바구니 비우기(empty_cart)
[2022-01-23 01:00:23] - 엑심베이 코드 동기화(eximbay)
[2022-01-23 01:00:23] - 코드 동기화(code_sync)
[2022-01-23 01:00:23] - config 동기화(config_sync)
[2022-01-23 01:00:23] - 택배사 동기화(delivery_url)
[2022-01-23 01:00:23] - 쇼핑몰 분류 동기화(shop_branch)
[2022-01-24 01:00:31] - 개인정보 관리자 로그 삭제(delete_manager_log)
[2022-01-24 01:00:31] - 방송 취소 처리(broadcast_cancel)
[2022-01-24 01:00:31] - 로그 폴더 삭제(delete_log_files)
[2022-01-24 01:00:31] - KICC 코드 동기화(kicc_code)
[2022-01-24 01:00:31] - SMS 국가 코드(sms_national_code)
[2022-01-24 01:00:31] - 서버 캐시파일 삭제(delete_caches)
[2022-01-24 01:00:31] - 엑셀 파일 삭제(delete_excel_file)
[2022-01-24 01:00:31] - 언어별 js메시지 파일 생성(create_alert_file)
[2022-01-24 01:00:31] - 부가서비스 이슈 알림(addservice_notify)
[2022-01-24 01:00:31] - 관리자 중요행위 알림 캐시파일 생성(makeCacheActionAert)
[2022-01-24 01:00:31] - 사용 용량 업데이트(du_check)
[2022-01-24 01:00:31] - 플래시 캐시 파일 삭제(delete_flash_cach)
[2022-01-24 01:00:31] - 캡차 파일 삭제(captcha_file_delete)
[2022-01-24 01:00:31] - 오래된 파일 삭제(tmp_file_delete)
[2022-01-24 01:00:31] - 카카오알림톡 템플릿 동기화(kakaotalk_template)
[2022-01-24 01:00:31] - 엑셀다운로드데이터 삭제(delete_excel_temp)
[2022-01-24 01:00:31] - naverpay 삭제(log_naverpay_delete)
[2022-01-24 01:00:31] - captcha 삭제(log_captcha_delete)
[2022-01-24 01:00:31] - email log 삭제(log_email_delete)
[2022-01-24 01:00:31] - 장바구니 비우기(empty_cart)
[2022-01-24 01:00:31] - 엑심베이 코드 동기화(eximbay)
[2022-01-24 01:00:31] - 코드 동기화(code_sync)
[2022-01-24 01:00:31] - config 동기화(config_sync)
[2022-01-24 01:00:31] - 택배사 동기화(delivery_url)
[2022-01-24 01:00:31] - 쇼핑몰 분류 동기화(shop_branch)
[2022-01-25 01:00:23] - 개인정보 관리자 로그 삭제(delete_manager_log)
[2022-01-25 01:00:23] - 방송 취소 처리(broadcast_cancel)
[2022-01-25 01:00:23] - 로그 폴더 삭제(delete_log_files)
[2022-01-25 01:00:23] - KICC 코드 동기화(kicc_code)
[2022-01-25 01:00:23] - SMS 국가 코드(sms_national_code)
[2022-01-25 01:00:23] - 서버 캐시파일 삭제(delete_caches)
[2022-01-25 01:00:23] - 엑셀 파일 삭제(delete_excel_file)
[2022-01-25 01:00:23] - 언어별 js메시지 파일 생성(create_alert_file)
[2022-01-25 01:00:23] - 부가서비스 이슈 알림(addservice_notify)
[2022-01-25 01:00:23] - 관리자 중요행위 알림 캐시파일 생성(makeCacheActionAert)
[2022-01-25 01:00:23] - 사용 용량 업데이트(du_check)
[2022-01-25 01:00:23] - 플래시 캐시 파일 삭제(delete_flash_cach)
[2022-01-25 01:00:23] - 캡차 파일 삭제(captcha_file_delete)
[2022-01-25 01:00:23] - 오래된 파일 삭제(tmp_file_delete)
[2022-01-25 01:00:23] - 카카오알림톡 템플릿 동기화(kakaotalk_template)
[2022-01-25 01:00:23] - 엑셀다운로드데이터 삭제(delete_excel_temp)
[2022-01-25 01:00:23] - naverpay 삭제(log_naverpay_delete)
[2022-01-25 01:00:23] - captcha 삭제(log_captcha_delete)
[2022-01-25 01:00:23] - email log 삭제(log_email_delete)
[2022-01-25 01:00:23] - 장바구니 비우기(empty_cart)
[2022-01-25 01:00:23] - 엑심베이 코드 동기화(eximbay)
[2022-01-25 01:00:23] - 코드 동기화(code_sync)
[2022-01-25 01:00:23] - config 동기화(config_sync)
[2022-01-25 01:00:23] - 택배사 동기화(delivery_url)
[2022-01-25 01:00:23] - 쇼핑몰 분류 동기화(shop_branch)
[2022-01-26 01:00:26] - 개인정보 관리자 로그 삭제(delete_manager_log)
[2022-01-26 01:00:26] - 방송 취소 처리(broadcast_cancel)
[2022-01-26 01:00:26] - 로그 폴더 삭제(delete_log_files)
[2022-01-26 01:00:26] - KICC 코드 동기화(kicc_code)
[2022-01-26 01:00:26] - SMS 국가 코드(sms_national_code)
[2022-01-26 01:00:26] - 서버 캐시파일 삭제(delete_caches)
[2022-01-26 01:00:26] - 엑셀 파일 삭제(delete_excel_file)
[2022-01-26 01:00:26] - 언어별 js메시지 파일 생성(create_alert_file)
[2022-01-26 01:00:26] - 부가서비스 이슈 알림(addservice_notify)
[2022-01-26 01:00:26] - 관리자 중요행위 알림 캐시파일 생성(makeCacheActionAert)
[2022-01-26 01:00:26] - 사용 용량 업데이트(du_check)
[2022-01-26 01:00:26] - 플래시 캐시 파일 삭제(delete_flash_cach)
[2022-01-26 01:00:26] - 캡차 파일 삭제(captcha_file_delete)
[2022-01-26 01:00:26] - 오래된 파일 삭제(tmp_file_delete)
[2022-01-26 01:00:26] - 카카오알림톡 템플릿 동기화(kakaotalk_template)
[2022-01-26 01:00:26] - 엑셀다운로드데이터 삭제(delete_excel_temp)
[2022-01-26 01:00:26] - naverpay 삭제(log_naverpay_delete)
[2022-01-26 01:00:26] - captcha 삭제(log_captcha_delete)
[2022-01-26 01:00:26] - email log 삭제(log_email_delete)
[2022-01-26 01:00:26] - 장바구니 비우기(empty_cart)
[2022-01-26 01:00:26] - 엑심베이 코드 동기화(eximbay)
[2022-01-26 01:00:26] - 코드 동기화(code_sync)
[2022-01-26 01:00:26] - config 동기화(config_sync)
[2022-01-26 01:00:26] - 택배사 동기화(delivery_url)
[2022-01-26 01:00:26] - 쇼핑몰 분류 동기화(shop_branch)
[2022-01-27 01:00:25] - 개인정보 관리자 로그 삭제(delete_manager_log)
[2022-01-27 01:00:25] - 방송 취소 처리(broadcast_cancel)
[2022-01-27 01:00:25] - 로그 폴더 삭제(delete_log_files)
[2022-01-27 01:00:25] - KICC 코드 동기화(kicc_code)
[2022-01-27 01:00:25] - SMS 국가 코드(sms_national_code)
[2022-01-27 01:00:25] - 서버 캐시파일 삭제(delete_caches)
[2022-01-27 01:00:25] - 엑셀 파일 삭제(delete_excel_file)
[2022-01-27 01:00:25] - 언어별 js메시지 파일 생성(create_alert_file)
[2022-01-27 01:00:25] - 부가서비스 이슈 알림(addservice_notify)
[2022-01-27 01:00:25] - 관리자 중요행위 알림 캐시파일 생성(makeCacheActionAert)
[2022-01-27 01:00:25] - 사용 용량 업데이트(du_check)
[2022-01-27 01:00:25] - 플래시 캐시 파일 삭제(delete_flash_cach)
[2022-01-27 01:00:25] - 캡차 파일 삭제(captcha_file_delete)
[2022-01-27 01:00:25] - 오래된 파일 삭제(tmp_file_delete)
[2022-01-27 01:00:25] - 카카오알림톡 템플릿 동기화(kakaotalk_template)
[2022-01-27 01:00:25] - 엑셀다운로드데이터 삭제(delete_excel_temp)
[2022-01-27 01:00:25] - naverpay 삭제(log_naverpay_delete)
[2022-01-27 01:00:25] - captcha 삭제(log_captcha_delete)
[2022-01-27 01:00:25] - email log 삭제(log_email_delete)
[2022-01-27 01:00:25] - 장바구니 비우기(empty_cart)
[2022-01-27 01:00:25] - 엑심베이 코드 동기화(eximbay)
[2022-01-27 01:00:25] - 코드 동기화(code_sync)
[2022-01-27 01:00:25] - config 동기화(config_sync)
[2022-01-27 01:00:25] - 택배사 동기화(delivery_url)
[2022-01-27 01:00:25] - 쇼핑몰 분류 동기화(shop_branch)
[2022-01-28 01:00:32] - 개인정보 관리자 로그 삭제(delete_manager_log)
[2022-01-28 01:00:32] - 방송 취소 처리(broadcast_cancel)
[2022-01-28 01:00:32] - 로그 폴더 삭제(delete_log_files)
[2022-01-28 01:00:32] - KICC 코드 동기화(kicc_code)
[2022-01-28 01:00:32] - SMS 국가 코드(sms_national_code)
[2022-01-28 01:00:32] - 서버 캐시파일 삭제(delete_caches)
[2022-01-28 01:00:32] - 엑셀 파일 삭제(delete_excel_file)
[2022-01-28 01:00:32] - 언어별 js메시지 파일 생성(create_alert_file)
[2022-01-28 01:00:32] - 부가서비스 이슈 알림(addservice_notify)
[2022-01-28 01:00:32] - 관리자 중요행위 알림 캐시파일 생성(makeCacheActionAert)
[2022-01-28 01:00:32] - 사용 용량 업데이트(du_check)
[2022-01-28 01:00:32] - 플래시 캐시 파일 삭제(delete_flash_cach)
[2022-01-28 01:00:32] - 캡차 파일 삭제(captcha_file_delete)
[2022-01-28 01:00:32] - 오래된 파일 삭제(tmp_file_delete)
[2022-01-28 01:00:32] - 카카오알림톡 템플릿 동기화(kakaotalk_template)
[2022-01-28 01:00:32] - 엑셀다운로드데이터 삭제(delete_excel_temp)
[2022-01-28 01:00:32] - naverpay 삭제(log_naverpay_delete)
[2022-01-28 01:00:32] - captcha 삭제(log_captcha_delete)
[2022-01-28 01:00:32] - email log 삭제(log_email_delete)
[2022-01-28 01:00:32] - 장바구니 비우기(empty_cart)
[2022-01-28 01:00:32] - 엑심베이 코드 동기화(eximbay)
[2022-01-28 01:00:32] - 코드 동기화(code_sync)
[2022-01-28 01:00:32] - config 동기화(config_sync)
[2022-01-28 01:00:32] - 택배사 동기화(delivery_url)
[2022-01-28 01:00:32] - 쇼핑몰 분류 동기화(shop_branch)
[2022-01-29 01:00:24] - 개인정보 관리자 로그 삭제(delete_manager_log)
[2022-01-29 01:00:24] - 방송 취소 처리(broadcast_cancel)
[2022-01-29 01:00:24] - 로그 폴더 삭제(delete_log_files)
[2022-01-29 01:00:24] - KICC 코드 동기화(kicc_code)
[2022-01-29 01:00:24] - SMS 국가 코드(sms_national_code)
[2022-01-29 01:00:24] - 서버 캐시파일 삭제(delete_caches)
[2022-01-29 01:00:24] - 엑셀 파일 삭제(delete_excel_file)
[2022-01-29 01:00:24] - 언어별 js메시지 파일 생성(create_alert_file)
[2022-01-29 01:00:24] - 부가서비스 이슈 알림(addservice_notify)
[2022-01-29 01:00:24] - 관리자 중요행위 알림 캐시파일 생성(makeCacheActionAert)
[2022-01-29 01:00:24] - 사용 용량 업데이트(du_check)
[2022-01-29 01:00:24] - 플래시 캐시 파일 삭제(delete_flash_cach)
[2022-01-29 01:00:24] - 캡차 파일 삭제(captcha_file_delete)
[2022-01-29 01:00:24] - 오래된 파일 삭제(tmp_file_delete)
[2022-01-29 01:00:24] - 카카오알림톡 템플릿 동기화(kakaotalk_template)
[2022-01-29 01:00:24] - 엑셀다운로드데이터 삭제(delete_excel_temp)
[2022-01-29 01:00:24] - naverpay 삭제(log_naverpay_delete)
[2022-01-29 01:00:24] - captcha 삭제(log_captcha_delete)
[2022-01-29 01:00:24] - email log 삭제(log_email_delete)
[2022-01-29 01:00:24] - 장바구니 비우기(empty_cart)
[2022-01-29 01:00:24] - 엑심베이 코드 동기화(eximbay)
[2022-01-29 01:00:24] - 코드 동기화(code_sync)
[2022-01-29 01:00:24] - config 동기화(config_sync)
[2022-01-29 01:00:24] - 택배사 동기화(delivery_url)
[2022-01-29 01:00:24] - 쇼핑몰 분류 동기화(shop_branch)
[2022-01-30 01:00:25] - 개인정보 관리자 로그 삭제(delete_manager_log)
[2022-01-30 01:00:25] - 방송 취소 처리(broadcast_cancel)
[2022-01-30 01:00:25] - 로그 폴더 삭제(delete_log_files)
[2022-01-30 01:00:25] - KICC 코드 동기화(kicc_code)
[2022-01-30 01:00:25] - SMS 국가 코드(sms_national_code)
[2022-01-30 01:00:25] - 서버 캐시파일 삭제(delete_caches)
[2022-01-30 01:00:25] - 엑셀 파일 삭제(delete_excel_file)
[2022-01-30 01:00:25] - 언어별 js메시지 파일 생성(create_alert_file)
[2022-01-30 01:00:25] - 부가서비스 이슈 알림(addservice_notify)
[2022-01-30 01:00:25] - 관리자 중요행위 알림 캐시파일 생성(makeCacheActionAert)
[2022-01-30 01:00:25] - 사용 용량 업데이트(du_check)
[2022-01-30 01:00:25] - 플래시 캐시 파일 삭제(delete_flash_cach)
[2022-01-30 01:00:25] - 캡차 파일 삭제(captcha_file_delete)
[2022-01-30 01:00:25] - 오래된 파일 삭제(tmp_file_delete)
[2022-01-30 01:00:25] - 카카오알림톡 템플릿 동기화(kakaotalk_template)
[2022-01-30 01:00:25] - 엑셀다운로드데이터 삭제(delete_excel_temp)
[2022-01-30 01:00:25] - naverpay 삭제(log_naverpay_delete)
[2022-01-30 01:00:25] - captcha 삭제(log_captcha_delete)
[2022-01-30 01:00:25] - email log 삭제(log_email_delete)
[2022-01-30 01:00:25] - 장바구니 비우기(empty_cart)
[2022-01-30 01:00:25] - 엑심베이 코드 동기화(eximbay)
[2022-01-30 01:00:25] - 코드 동기화(code_sync)
[2022-01-30 01:00:25] - config 동기화(config_sync)
[2022-01-30 01:00:25] - 택배사 동기화(delivery_url)
[2022-01-30 01:00:25] - 쇼핑몰 분류 동기화(shop_branch)
[2022-01-31 01:00:29] - 개인정보 관리자 로그 삭제(delete_manager_log)
[2022-01-31 01:00:29] - 방송 취소 처리(broadcast_cancel)
[2022-01-31 01:00:29] - 로그 폴더 삭제(delete_log_files)
[2022-01-31 01:00:29] - KICC 코드 동기화(kicc_code)
[2022-01-31 01:00:29] - SMS 국가 코드(sms_national_code)
[2022-01-31 01:00:29] - 서버 캐시파일 삭제(delete_caches)
[2022-01-31 01:00:29] - 엑셀 파일 삭제(delete_excel_file)
[2022-01-31 01:00:29] - 언어별 js메시지 파일 생성(create_alert_file)
[2022-01-31 01:00:29] - 부가서비스 이슈 알림(addservice_notify)
[2022-01-31 01:00:29] - 관리자 중요행위 알림 캐시파일 생성(makeCacheActionAert)
[2022-01-31 01:00:29] - 사용 용량 업데이트(du_check)
[2022-01-31 01:00:29] - 플래시 캐시 파일 삭제(delete_flash_cach)
[2022-01-31 01:00:29] - 캡차 파일 삭제(captcha_file_delete)
[2022-01-31 01:00:29] - 오래된 파일 삭제(tmp_file_delete)
[2022-01-31 01:00:29] - 카카오알림톡 템플릿 동기화(kakaotalk_template)
[2022-01-31 01:00:29] - 엑셀다운로드데이터 삭제(delete_excel_temp)
[2022-01-31 01:00:29] - naverpay 삭제(log_naverpay_delete)
[2022-01-31 01:00:29] - captcha 삭제(log_captcha_delete)
[2022-01-31 01:00:29] - email log 삭제(log_email_delete)
[2022-01-31 01:00:29] - 장바구니 비우기(empty_cart)
[2022-01-31 01:00:29] - 엑심베이 코드 동기화(eximbay)
[2022-01-31 01:00:29] - 코드 동기화(code_sync)
[2022-01-31 01:00:29] - config 동기화(config_sync)
[2022-01-31 01:00:29] - 택배사 동기화(delivery_url)
[2022-01-31 01:00:29] - 쇼핑몰 분류 동기화(shop_branch)
