[2021-02-01 01:00:18] - 카테고리 상품 정렬 맞춤(sort_category_goods) - Already Category Sort
[2021-02-01 01:00:18] - 브랜드 상품 정렬 맞춤(sort_brand_goods) - Already Brand Sort
[2021-02-01 01:00:18] - 지역 상품 정렬 맞춤(sort_location_goods) - Already Location Sort
[2021-02-01 01:00:18] - 지역 상품 정렬 맞춤(sort_location_goods)
[2021-02-01 01:00:18] - 브랜드 상품 정렬 맞춤(sort_brand_goods)
[2021-02-01 01:00:18] - 카테고리 상품 정렬 맞춤(sort_category_goods)
[2021-02-01 01:00:18] - 브랜드 연결 수 저장(all_brand_count)
[2021-02-01 01:00:18] - 카테고리 연결 수 저장(all_category_count)
[2021-02-01 01:00:18] - 빠른상품등록 임시 데이터 삭제(truncate_tmp_goods_data)
[2021-02-01 01:00:18] - 수불부 월별 집계(save_scm_ledger_month)
[2021-02-01 01:00:18] - 자동노출 종료상품 수동 전환(endOfAutoDisplay)
[2021-02-01 01:00:18] - 시간대별 이벤트가 추가(set_goods_event_price)
[2021-02-01 01:00:18] - 옵션 임시 데이터 삭제(delete_tmp_option_data)
[2021-02-01 01:00:18] - 티켓상품의 모든옵션의 유효기간이 만기시 판매중지(social_goods_validate)
[2021-02-02 01:00:18] - 카테고리 상품 정렬 맞춤(sort_category_goods) - Already Category Sort
[2021-02-02 01:00:18] - 브랜드 상품 정렬 맞춤(sort_brand_goods) - Already Brand Sort
[2021-02-02 01:00:18] - 지역 상품 정렬 맞춤(sort_location_goods) - Already Location Sort
[2021-02-02 01:00:18] - 지역 상품 정렬 맞춤(sort_location_goods)
[2021-02-02 01:00:18] - 브랜드 상품 정렬 맞춤(sort_brand_goods)
[2021-02-02 01:00:18] - 카테고리 상품 정렬 맞춤(sort_category_goods)
[2021-02-02 01:00:18] - 브랜드 연결 수 저장(all_brand_count)
[2021-02-02 01:00:18] - 카테고리 연결 수 저장(all_category_count)
[2021-02-02 01:00:18] - 빠른상품등록 임시 데이터 삭제(truncate_tmp_goods_data)
[2021-02-02 01:00:18] - 수불부 월별 집계(save_scm_ledger_month)
[2021-02-02 01:00:18] - 자동노출 종료상품 수동 전환(endOfAutoDisplay)
[2021-02-02 01:00:18] - 시간대별 이벤트가 추가(set_goods_event_price)
[2021-02-02 01:00:18] - 옵션 임시 데이터 삭제(delete_tmp_option_data)
[2021-02-02 01:00:18] - 티켓상품의 모든옵션의 유효기간이 만기시 판매중지(social_goods_validate)
[2021-02-03 01:00:18] - 카테고리 상품 정렬 맞춤(sort_category_goods) - Already Category Sort
[2021-02-03 01:00:18] - 브랜드 상품 정렬 맞춤(sort_brand_goods) - Already Brand Sort
[2021-02-03 01:00:18] - 지역 상품 정렬 맞춤(sort_location_goods) - Already Location Sort
[2021-02-03 01:00:18] - 지역 상품 정렬 맞춤(sort_location_goods)
[2021-02-03 01:00:18] - 브랜드 상품 정렬 맞춤(sort_brand_goods)
[2021-02-03 01:00:18] - 카테고리 상품 정렬 맞춤(sort_category_goods)
[2021-02-03 01:00:18] - 브랜드 연결 수 저장(all_brand_count)
[2021-02-03 01:00:18] - 카테고리 연결 수 저장(all_category_count)
[2021-02-03 01:00:18] - 빠른상품등록 임시 데이터 삭제(truncate_tmp_goods_data)
[2021-02-03 01:00:18] - 수불부 월별 집계(save_scm_ledger_month)
[2021-02-03 01:00:18] - 자동노출 종료상품 수동 전환(endOfAutoDisplay)
[2021-02-03 01:00:18] - 시간대별 이벤트가 추가(set_goods_event_price)
[2021-02-03 01:00:18] - 옵션 임시 데이터 삭제(delete_tmp_option_data)
[2021-02-03 01:00:18] - 티켓상품의 모든옵션의 유효기간이 만기시 판매중지(social_goods_validate)
[2021-02-04 01:00:16] - 카테고리 상품 정렬 맞춤(sort_category_goods) - Already Category Sort
[2021-02-04 01:00:16] - 브랜드 상품 정렬 맞춤(sort_brand_goods) - Already Brand Sort
[2021-02-04 01:00:16] - 지역 상품 정렬 맞춤(sort_location_goods) - Already Location Sort
[2021-02-04 01:00:16] - 지역 상품 정렬 맞춤(sort_location_goods)
[2021-02-04 01:00:16] - 브랜드 상품 정렬 맞춤(sort_brand_goods)
[2021-02-04 01:00:16] - 카테고리 상품 정렬 맞춤(sort_category_goods)
[2021-02-04 01:00:16] - 브랜드 연결 수 저장(all_brand_count)
[2021-02-04 01:00:16] - 카테고리 연결 수 저장(all_category_count)
[2021-02-04 01:00:16] - 빠른상품등록 임시 데이터 삭제(truncate_tmp_goods_data)
[2021-02-04 01:00:16] - 수불부 월별 집계(save_scm_ledger_month)
[2021-02-04 01:00:16] - 자동노출 종료상품 수동 전환(endOfAutoDisplay)
[2021-02-04 01:00:16] - 시간대별 이벤트가 추가(set_goods_event_price)
[2021-02-04 01:00:16] - 옵션 임시 데이터 삭제(delete_tmp_option_data)
[2021-02-04 01:00:16] - 티켓상품의 모든옵션의 유효기간이 만기시 판매중지(social_goods_validate)
[2021-02-05 01:00:16] - 카테고리 상품 정렬 맞춤(sort_category_goods) - Already Category Sort
[2021-02-05 01:00:16] - 브랜드 상품 정렬 맞춤(sort_brand_goods) - Already Brand Sort
[2021-02-05 01:00:16] - 지역 상품 정렬 맞춤(sort_location_goods) - Already Location Sort
[2021-02-05 01:00:16] - 지역 상품 정렬 맞춤(sort_location_goods)
[2021-02-05 01:00:16] - 브랜드 상품 정렬 맞춤(sort_brand_goods)
[2021-02-05 01:00:16] - 카테고리 상품 정렬 맞춤(sort_category_goods)
[2021-02-05 01:00:16] - 브랜드 연결 수 저장(all_brand_count)
[2021-02-05 01:00:16] - 카테고리 연결 수 저장(all_category_count)
[2021-02-05 01:00:16] - 빠른상품등록 임시 데이터 삭제(truncate_tmp_goods_data)
[2021-02-05 01:00:16] - 수불부 월별 집계(save_scm_ledger_month)
[2021-02-05 01:00:16] - 자동노출 종료상품 수동 전환(endOfAutoDisplay)
[2021-02-05 01:00:16] - 시간대별 이벤트가 추가(set_goods_event_price)
[2021-02-05 01:00:16] - 옵션 임시 데이터 삭제(delete_tmp_option_data)
[2021-02-05 01:00:16] - 티켓상품의 모든옵션의 유효기간이 만기시 판매중지(social_goods_validate)
[2021-02-06 01:00:15] - 카테고리 상품 정렬 맞춤(sort_category_goods) - Already Category Sort
[2021-02-06 01:00:15] - 브랜드 상품 정렬 맞춤(sort_brand_goods) - Already Brand Sort
[2021-02-06 01:00:15] - 지역 상품 정렬 맞춤(sort_location_goods) - Already Location Sort
[2021-02-06 01:00:15] - 지역 상품 정렬 맞춤(sort_location_goods)
[2021-02-06 01:00:15] - 브랜드 상품 정렬 맞춤(sort_brand_goods)
[2021-02-06 01:00:15] - 카테고리 상품 정렬 맞춤(sort_category_goods)
[2021-02-06 01:00:15] - 브랜드 연결 수 저장(all_brand_count)
[2021-02-06 01:00:15] - 카테고리 연결 수 저장(all_category_count)
[2021-02-06 01:00:15] - 빠른상품등록 임시 데이터 삭제(truncate_tmp_goods_data)
[2021-02-06 01:00:15] - 수불부 월별 집계(save_scm_ledger_month)
[2021-02-06 01:00:15] - 자동노출 종료상품 수동 전환(endOfAutoDisplay)
[2021-02-06 01:00:15] - 시간대별 이벤트가 추가(set_goods_event_price)
[2021-02-06 01:00:15] - 옵션 임시 데이터 삭제(delete_tmp_option_data)
[2021-02-06 01:00:15] - 티켓상품의 모든옵션의 유효기간이 만기시 판매중지(social_goods_validate)
[2021-02-07 01:00:16] - 카테고리 상품 정렬 맞춤(sort_category_goods) - Already Category Sort
[2021-02-07 01:00:16] - 브랜드 상품 정렬 맞춤(sort_brand_goods) - Already Brand Sort
[2021-02-07 01:00:16] - 지역 상품 정렬 맞춤(sort_location_goods) - Already Location Sort
[2021-02-07 01:00:16] - 지역 상품 정렬 맞춤(sort_location_goods)
[2021-02-07 01:00:16] - 브랜드 상품 정렬 맞춤(sort_brand_goods)
[2021-02-07 01:00:16] - 카테고리 상품 정렬 맞춤(sort_category_goods)
[2021-02-07 01:00:16] - 브랜드 연결 수 저장(all_brand_count)
[2021-02-07 01:00:16] - 카테고리 연결 수 저장(all_category_count)
[2021-02-07 01:00:16] - 빠른상품등록 임시 데이터 삭제(truncate_tmp_goods_data)
[2021-02-07 01:00:16] - 수불부 월별 집계(save_scm_ledger_month)
[2021-02-07 01:00:16] - 자동노출 종료상품 수동 전환(endOfAutoDisplay)
[2021-02-07 01:00:16] - 시간대별 이벤트가 추가(set_goods_event_price)
[2021-02-07 01:00:16] - 옵션 임시 데이터 삭제(delete_tmp_option_data)
[2021-02-07 01:00:16] - 티켓상품의 모든옵션의 유효기간이 만기시 판매중지(social_goods_validate)
[2021-02-08 01:00:16] - 카테고리 상품 정렬 맞춤(sort_category_goods) - Already Category Sort
[2021-02-08 01:00:16] - 브랜드 상품 정렬 맞춤(sort_brand_goods) - Already Brand Sort
[2021-02-08 01:00:16] - 지역 상품 정렬 맞춤(sort_location_goods) - Already Location Sort
[2021-02-08 01:00:16] - 지역 상품 정렬 맞춤(sort_location_goods)
[2021-02-08 01:00:16] - 브랜드 상품 정렬 맞춤(sort_brand_goods)
[2021-02-08 01:00:16] - 카테고리 상품 정렬 맞춤(sort_category_goods)
[2021-02-08 01:00:16] - 브랜드 연결 수 저장(all_brand_count)
[2021-02-08 01:00:16] - 카테고리 연결 수 저장(all_category_count)
[2021-02-08 01:00:16] - 빠른상품등록 임시 데이터 삭제(truncate_tmp_goods_data)
[2021-02-08 01:00:16] - 수불부 월별 집계(save_scm_ledger_month)
[2021-02-08 01:00:16] - 자동노출 종료상품 수동 전환(endOfAutoDisplay)
[2021-02-08 01:00:16] - 시간대별 이벤트가 추가(set_goods_event_price)
[2021-02-08 01:00:16] - 옵션 임시 데이터 삭제(delete_tmp_option_data)
[2021-02-08 01:00:16] - 티켓상품의 모든옵션의 유효기간이 만기시 판매중지(social_goods_validate)
[2021-02-09 01:00:14] - 카테고리 상품 정렬 맞춤(sort_category_goods) - Already Category Sort
[2021-02-09 01:00:14] - 브랜드 상품 정렬 맞춤(sort_brand_goods) - Already Brand Sort
[2021-02-09 01:00:14] - 지역 상품 정렬 맞춤(sort_location_goods) - Already Location Sort
[2021-02-09 01:00:14] - 지역 상품 정렬 맞춤(sort_location_goods)
[2021-02-09 01:00:14] - 브랜드 상품 정렬 맞춤(sort_brand_goods)
[2021-02-09 01:00:14] - 카테고리 상품 정렬 맞춤(sort_category_goods)
[2021-02-09 01:00:14] - 브랜드 연결 수 저장(all_brand_count)
[2021-02-09 01:00:14] - 카테고리 연결 수 저장(all_category_count)
[2021-02-09 01:00:14] - 빠른상품등록 임시 데이터 삭제(truncate_tmp_goods_data)
[2021-02-09 01:00:14] - 수불부 월별 집계(save_scm_ledger_month)
[2021-02-09 01:00:14] - 자동노출 종료상품 수동 전환(endOfAutoDisplay)
[2021-02-09 01:00:14] - 시간대별 이벤트가 추가(set_goods_event_price)
[2021-02-09 01:00:14] - 옵션 임시 데이터 삭제(delete_tmp_option_data)
[2021-02-09 01:00:14] - 티켓상품의 모든옵션의 유효기간이 만기시 판매중지(social_goods_validate)
[2021-02-10 01:00:17] - 카테고리 상품 정렬 맞춤(sort_category_goods) - Already Category Sort
[2021-02-10 01:00:17] - 브랜드 상품 정렬 맞춤(sort_brand_goods) - Already Brand Sort
[2021-02-10 01:00:17] - 지역 상품 정렬 맞춤(sort_location_goods) - Already Location Sort
[2021-02-10 01:00:17] - 지역 상품 정렬 맞춤(sort_location_goods)
[2021-02-10 01:00:17] - 브랜드 상품 정렬 맞춤(sort_brand_goods)
[2021-02-10 01:00:17] - 카테고리 상품 정렬 맞춤(sort_category_goods)
[2021-02-10 01:00:17] - 브랜드 연결 수 저장(all_brand_count)
[2021-02-10 01:00:17] - 카테고리 연결 수 저장(all_category_count)
[2021-02-10 01:00:17] - 빠른상품등록 임시 데이터 삭제(truncate_tmp_goods_data)
[2021-02-10 01:00:17] - 수불부 월별 집계(save_scm_ledger_month)
[2021-02-10 01:00:17] - 자동노출 종료상품 수동 전환(endOfAutoDisplay)
[2021-02-10 01:00:17] - 시간대별 이벤트가 추가(set_goods_event_price)
[2021-02-10 01:00:17] - 옵션 임시 데이터 삭제(delete_tmp_option_data)
[2021-02-10 01:00:17] - 티켓상품의 모든옵션의 유효기간이 만기시 판매중지(social_goods_validate)
[2021-02-11 01:00:17] - 카테고리 상품 정렬 맞춤(sort_category_goods) - Already Category Sort
[2021-02-11 01:00:17] - 브랜드 상품 정렬 맞춤(sort_brand_goods) - Already Brand Sort
[2021-02-11 01:00:17] - 지역 상품 정렬 맞춤(sort_location_goods) - Already Location Sort
[2021-02-11 01:00:17] - 지역 상품 정렬 맞춤(sort_location_goods)
[2021-02-11 01:00:17] - 브랜드 상품 정렬 맞춤(sort_brand_goods)
[2021-02-11 01:00:17] - 카테고리 상품 정렬 맞춤(sort_category_goods)
[2021-02-11 01:00:17] - 브랜드 연결 수 저장(all_brand_count)
[2021-02-11 01:00:17] - 카테고리 연결 수 저장(all_category_count)
[2021-02-11 01:00:17] - 빠른상품등록 임시 데이터 삭제(truncate_tmp_goods_data)
[2021-02-11 01:00:17] - 수불부 월별 집계(save_scm_ledger_month)
[2021-02-11 01:00:17] - 자동노출 종료상품 수동 전환(endOfAutoDisplay)
[2021-02-11 01:00:17] - 시간대별 이벤트가 추가(set_goods_event_price)
[2021-02-11 01:00:17] - 옵션 임시 데이터 삭제(delete_tmp_option_data)
[2021-02-11 01:00:17] - 티켓상품의 모든옵션의 유효기간이 만기시 판매중지(social_goods_validate)
[2021-02-12 01:00:16] - 카테고리 상품 정렬 맞춤(sort_category_goods) - Already Category Sort
[2021-02-12 01:00:16] - 브랜드 상품 정렬 맞춤(sort_brand_goods) - Already Brand Sort
[2021-02-12 01:00:16] - 지역 상품 정렬 맞춤(sort_location_goods) - Already Location Sort
[2021-02-12 01:00:16] - 지역 상품 정렬 맞춤(sort_location_goods)
[2021-02-12 01:00:16] - 브랜드 상품 정렬 맞춤(sort_brand_goods)
[2021-02-12 01:00:16] - 카테고리 상품 정렬 맞춤(sort_category_goods)
[2021-02-12 01:00:16] - 브랜드 연결 수 저장(all_brand_count)
[2021-02-12 01:00:16] - 카테고리 연결 수 저장(all_category_count)
[2021-02-12 01:00:16] - 빠른상품등록 임시 데이터 삭제(truncate_tmp_goods_data)
[2021-02-12 01:00:16] - 수불부 월별 집계(save_scm_ledger_month)
[2021-02-12 01:00:16] - 자동노출 종료상품 수동 전환(endOfAutoDisplay)
[2021-02-12 01:00:16] - 시간대별 이벤트가 추가(set_goods_event_price)
[2021-02-12 01:00:16] - 옵션 임시 데이터 삭제(delete_tmp_option_data)
[2021-02-12 01:00:16] - 티켓상품의 모든옵션의 유효기간이 만기시 판매중지(social_goods_validate)
[2021-02-13 01:00:15] - 카테고리 상품 정렬 맞춤(sort_category_goods) - Already Category Sort
[2021-02-13 01:00:15] - 브랜드 상품 정렬 맞춤(sort_brand_goods) - Already Brand Sort
[2021-02-13 01:00:15] - 지역 상품 정렬 맞춤(sort_location_goods) - Already Location Sort
[2021-02-13 01:00:15] - 지역 상품 정렬 맞춤(sort_location_goods)
[2021-02-13 01:00:15] - 브랜드 상품 정렬 맞춤(sort_brand_goods)
[2021-02-13 01:00:15] - 카테고리 상품 정렬 맞춤(sort_category_goods)
[2021-02-13 01:00:15] - 브랜드 연결 수 저장(all_brand_count)
[2021-02-13 01:00:15] - 카테고리 연결 수 저장(all_category_count)
[2021-02-13 01:00:15] - 빠른상품등록 임시 데이터 삭제(truncate_tmp_goods_data)
[2021-02-13 01:00:15] - 수불부 월별 집계(save_scm_ledger_month)
[2021-02-13 01:00:15] - 자동노출 종료상품 수동 전환(endOfAutoDisplay)
[2021-02-13 01:00:15] - 시간대별 이벤트가 추가(set_goods_event_price)
[2021-02-13 01:00:15] - 옵션 임시 데이터 삭제(delete_tmp_option_data)
[2021-02-13 01:00:15] - 티켓상품의 모든옵션의 유효기간이 만기시 판매중지(social_goods_validate)
[2021-02-14 01:00:16] - 카테고리 상품 정렬 맞춤(sort_category_goods) - Already Category Sort
[2021-02-14 01:00:16] - 브랜드 상품 정렬 맞춤(sort_brand_goods) - Already Brand Sort
[2021-02-14 01:00:16] - 지역 상품 정렬 맞춤(sort_location_goods) - Already Location Sort
[2021-02-14 01:00:16] - 지역 상품 정렬 맞춤(sort_location_goods)
[2021-02-14 01:00:16] - 브랜드 상품 정렬 맞춤(sort_brand_goods)
[2021-02-14 01:00:16] - 카테고리 상품 정렬 맞춤(sort_category_goods)
[2021-02-14 01:00:16] - 브랜드 연결 수 저장(all_brand_count)
[2021-02-14 01:00:16] - 카테고리 연결 수 저장(all_category_count)
[2021-02-14 01:00:16] - 빠른상품등록 임시 데이터 삭제(truncate_tmp_goods_data)
[2021-02-14 01:00:16] - 수불부 월별 집계(save_scm_ledger_month)
[2021-02-14 01:00:16] - 자동노출 종료상품 수동 전환(endOfAutoDisplay)
[2021-02-14 01:00:16] - 시간대별 이벤트가 추가(set_goods_event_price)
[2021-02-14 01:00:16] - 옵션 임시 데이터 삭제(delete_tmp_option_data)
[2021-02-14 01:00:16] - 티켓상품의 모든옵션의 유효기간이 만기시 판매중지(social_goods_validate)
[2021-02-15 01:00:17] - 카테고리 상품 정렬 맞춤(sort_category_goods) - Already Category Sort
[2021-02-15 01:00:17] - 브랜드 상품 정렬 맞춤(sort_brand_goods) - Already Brand Sort
[2021-02-15 01:00:17] - 지역 상품 정렬 맞춤(sort_location_goods) - Already Location Sort
[2021-02-15 01:00:17] - 지역 상품 정렬 맞춤(sort_location_goods)
[2021-02-15 01:00:17] - 브랜드 상품 정렬 맞춤(sort_brand_goods)
[2021-02-15 01:00:17] - 카테고리 상품 정렬 맞춤(sort_category_goods)
[2021-02-15 01:00:17] - 브랜드 연결 수 저장(all_brand_count)
[2021-02-15 01:00:17] - 카테고리 연결 수 저장(all_category_count)
[2021-02-15 01:00:17] - 빠른상품등록 임시 데이터 삭제(truncate_tmp_goods_data)
[2021-02-15 01:00:17] - 수불부 월별 집계(save_scm_ledger_month)
[2021-02-15 01:00:17] - 자동노출 종료상품 수동 전환(endOfAutoDisplay)
[2021-02-15 01:00:17] - 시간대별 이벤트가 추가(set_goods_event_price)
[2021-02-15 01:00:17] - 옵션 임시 데이터 삭제(delete_tmp_option_data)
[2021-02-15 01:00:17] - 티켓상품의 모든옵션의 유효기간이 만기시 판매중지(social_goods_validate)
[2021-02-16 01:00:16] - 카테고리 상품 정렬 맞춤(sort_category_goods) - Already Category Sort
[2021-02-16 01:00:16] - 브랜드 상품 정렬 맞춤(sort_brand_goods) - Already Brand Sort
[2021-02-16 01:00:16] - 지역 상품 정렬 맞춤(sort_location_goods) - Already Location Sort
[2021-02-16 01:00:16] - 지역 상품 정렬 맞춤(sort_location_goods)
[2021-02-16 01:00:16] - 브랜드 상품 정렬 맞춤(sort_brand_goods)
[2021-02-16 01:00:16] - 카테고리 상품 정렬 맞춤(sort_category_goods)
[2021-02-16 01:00:16] - 브랜드 연결 수 저장(all_brand_count)
[2021-02-16 01:00:16] - 카테고리 연결 수 저장(all_category_count)
[2021-02-16 01:00:16] - 빠른상품등록 임시 데이터 삭제(truncate_tmp_goods_data)
[2021-02-16 01:00:16] - 수불부 월별 집계(save_scm_ledger_month)
[2021-02-16 01:00:16] - 자동노출 종료상품 수동 전환(endOfAutoDisplay)
[2021-02-16 01:00:16] - 시간대별 이벤트가 추가(set_goods_event_price)
[2021-02-16 01:00:16] - 옵션 임시 데이터 삭제(delete_tmp_option_data)
[2021-02-16 01:00:16] - 티켓상품의 모든옵션의 유효기간이 만기시 판매중지(social_goods_validate)
[2021-02-17 01:00:15] - 카테고리 상품 정렬 맞춤(sort_category_goods) - Already Category Sort
[2021-02-17 01:00:15] - 브랜드 상품 정렬 맞춤(sort_brand_goods) - Already Brand Sort
[2021-02-17 01:00:15] - 지역 상품 정렬 맞춤(sort_location_goods) - Already Location Sort
[2021-02-17 01:00:15] - 지역 상품 정렬 맞춤(sort_location_goods)
[2021-02-17 01:00:15] - 브랜드 상품 정렬 맞춤(sort_brand_goods)
[2021-02-17 01:00:15] - 카테고리 상품 정렬 맞춤(sort_category_goods)
[2021-02-17 01:00:15] - 브랜드 연결 수 저장(all_brand_count)
[2021-02-17 01:00:15] - 카테고리 연결 수 저장(all_category_count)
[2021-02-17 01:00:15] - 빠른상품등록 임시 데이터 삭제(truncate_tmp_goods_data)
[2021-02-17 01:00:15] - 수불부 월별 집계(save_scm_ledger_month)
[2021-02-17 01:00:15] - 자동노출 종료상품 수동 전환(endOfAutoDisplay)
[2021-02-17 01:00:15] - 시간대별 이벤트가 추가(set_goods_event_price)
[2021-02-17 01:00:15] - 옵션 임시 데이터 삭제(delete_tmp_option_data)
[2021-02-17 01:00:15] - 티켓상품의 모든옵션의 유효기간이 만기시 판매중지(social_goods_validate)
[2021-02-18 01:00:16] - 카테고리 상품 정렬 맞춤(sort_category_goods) - Already Category Sort
[2021-02-18 01:00:16] - 브랜드 상품 정렬 맞춤(sort_brand_goods) - Already Brand Sort
[2021-02-18 01:00:16] - 지역 상품 정렬 맞춤(sort_location_goods) - Already Location Sort
[2021-02-18 01:00:16] - 지역 상품 정렬 맞춤(sort_location_goods)
[2021-02-18 01:00:16] - 브랜드 상품 정렬 맞춤(sort_brand_goods)
[2021-02-18 01:00:16] - 카테고리 상품 정렬 맞춤(sort_category_goods)
[2021-02-18 01:00:16] - 브랜드 연결 수 저장(all_brand_count)
[2021-02-18 01:00:16] - 카테고리 연결 수 저장(all_category_count)
[2021-02-18 01:00:16] - 빠른상품등록 임시 데이터 삭제(truncate_tmp_goods_data)
[2021-02-18 01:00:16] - 수불부 월별 집계(save_scm_ledger_month)
[2021-02-18 01:00:16] - 자동노출 종료상품 수동 전환(endOfAutoDisplay)
[2021-02-18 01:00:16] - 시간대별 이벤트가 추가(set_goods_event_price)
[2021-02-18 01:00:16] - 옵션 임시 데이터 삭제(delete_tmp_option_data)
[2021-02-18 01:00:16] - 티켓상품의 모든옵션의 유효기간이 만기시 판매중지(social_goods_validate)
[2021-02-19 01:00:17] - 카테고리 상품 정렬 맞춤(sort_category_goods) - Already Category Sort
[2021-02-19 01:00:17] - 브랜드 상품 정렬 맞춤(sort_brand_goods) - Already Brand Sort
[2021-02-19 01:00:17] - 지역 상품 정렬 맞춤(sort_location_goods) - Already Location Sort
[2021-02-19 01:00:17] - 지역 상품 정렬 맞춤(sort_location_goods)
[2021-02-19 01:00:17] - 브랜드 상품 정렬 맞춤(sort_brand_goods)
[2021-02-19 01:00:17] - 카테고리 상품 정렬 맞춤(sort_category_goods)
[2021-02-19 01:00:17] - 브랜드 연결 수 저장(all_brand_count)
[2021-02-19 01:00:17] - 카테고리 연결 수 저장(all_category_count)
[2021-02-19 01:00:17] - 빠른상품등록 임시 데이터 삭제(truncate_tmp_goods_data)
[2021-02-19 01:00:17] - 수불부 월별 집계(save_scm_ledger_month)
[2021-02-19 01:00:17] - 자동노출 종료상품 수동 전환(endOfAutoDisplay)
[2021-02-19 01:00:17] - 시간대별 이벤트가 추가(set_goods_event_price)
[2021-02-19 01:00:17] - 옵션 임시 데이터 삭제(delete_tmp_option_data)
[2021-02-19 01:00:17] - 티켓상품의 모든옵션의 유효기간이 만기시 판매중지(social_goods_validate)
[2021-02-20 01:00:17] - 카테고리 상품 정렬 맞춤(sort_category_goods) - Already Category Sort
[2021-02-20 01:00:17] - 브랜드 상품 정렬 맞춤(sort_brand_goods) - Already Brand Sort
[2021-02-20 01:00:17] - 지역 상품 정렬 맞춤(sort_location_goods) - Already Location Sort
[2021-02-20 01:00:17] - 지역 상품 정렬 맞춤(sort_location_goods)
[2021-02-20 01:00:17] - 브랜드 상품 정렬 맞춤(sort_brand_goods)
[2021-02-20 01:00:17] - 카테고리 상품 정렬 맞춤(sort_category_goods)
[2021-02-20 01:00:17] - 브랜드 연결 수 저장(all_brand_count)
[2021-02-20 01:00:17] - 카테고리 연결 수 저장(all_category_count)
[2021-02-20 01:00:17] - 빠른상품등록 임시 데이터 삭제(truncate_tmp_goods_data)
[2021-02-20 01:00:17] - 수불부 월별 집계(save_scm_ledger_month)
[2021-02-20 01:00:17] - 자동노출 종료상품 수동 전환(endOfAutoDisplay)
[2021-02-20 01:00:17] - 시간대별 이벤트가 추가(set_goods_event_price)
[2021-02-20 01:00:17] - 옵션 임시 데이터 삭제(delete_tmp_option_data)
[2021-02-20 01:00:17] - 티켓상품의 모든옵션의 유효기간이 만기시 판매중지(social_goods_validate)
[2021-02-21 01:00:16] - 카테고리 상품 정렬 맞춤(sort_category_goods) - Already Category Sort
[2021-02-21 01:00:16] - 브랜드 상품 정렬 맞춤(sort_brand_goods) - Already Brand Sort
[2021-02-21 01:00:16] - 지역 상품 정렬 맞춤(sort_location_goods) - Already Location Sort
[2021-02-21 01:00:16] - 지역 상품 정렬 맞춤(sort_location_goods)
[2021-02-21 01:00:16] - 브랜드 상품 정렬 맞춤(sort_brand_goods)
[2021-02-21 01:00:16] - 카테고리 상품 정렬 맞춤(sort_category_goods)
[2021-02-21 01:00:16] - 브랜드 연결 수 저장(all_brand_count)
[2021-02-21 01:00:16] - 카테고리 연결 수 저장(all_category_count)
[2021-02-21 01:00:16] - 빠른상품등록 임시 데이터 삭제(truncate_tmp_goods_data)
[2021-02-21 01:00:16] - 수불부 월별 집계(save_scm_ledger_month)
[2021-02-21 01:00:16] - 자동노출 종료상품 수동 전환(endOfAutoDisplay)
[2021-02-21 01:00:16] - 시간대별 이벤트가 추가(set_goods_event_price)
[2021-02-21 01:00:16] - 옵션 임시 데이터 삭제(delete_tmp_option_data)
[2021-02-21 01:00:16] - 티켓상품의 모든옵션의 유효기간이 만기시 판매중지(social_goods_validate)
[2021-02-22 01:00:16] - 카테고리 상품 정렬 맞춤(sort_category_goods) - Already Category Sort
[2021-02-22 01:00:16] - 브랜드 상품 정렬 맞춤(sort_brand_goods) - Already Brand Sort
[2021-02-22 01:00:16] - 지역 상품 정렬 맞춤(sort_location_goods) - Already Location Sort
[2021-02-22 01:00:16] - 지역 상품 정렬 맞춤(sort_location_goods)
[2021-02-22 01:00:16] - 브랜드 상품 정렬 맞춤(sort_brand_goods)
[2021-02-22 01:00:16] - 카테고리 상품 정렬 맞춤(sort_category_goods)
[2021-02-22 01:00:16] - 브랜드 연결 수 저장(all_brand_count)
[2021-02-22 01:00:16] - 카테고리 연결 수 저장(all_category_count)
[2021-02-22 01:00:16] - 빠른상품등록 임시 데이터 삭제(truncate_tmp_goods_data)
[2021-02-22 01:00:16] - 수불부 월별 집계(save_scm_ledger_month)
[2021-02-22 01:00:16] - 자동노출 종료상품 수동 전환(endOfAutoDisplay)
[2021-02-22 01:00:16] - 시간대별 이벤트가 추가(set_goods_event_price)
[2021-02-22 01:00:16] - 옵션 임시 데이터 삭제(delete_tmp_option_data)
[2021-02-22 01:00:16] - 티켓상품의 모든옵션의 유효기간이 만기시 판매중지(social_goods_validate)
[2021-02-23 01:00:16] - 카테고리 상품 정렬 맞춤(sort_category_goods) - Already Category Sort
[2021-02-23 01:00:16] - 브랜드 상품 정렬 맞춤(sort_brand_goods) - Already Brand Sort
[2021-02-23 01:00:16] - 지역 상품 정렬 맞춤(sort_location_goods) - Already Location Sort
[2021-02-23 01:00:16] - 지역 상품 정렬 맞춤(sort_location_goods)
[2021-02-23 01:00:16] - 브랜드 상품 정렬 맞춤(sort_brand_goods)
[2021-02-23 01:00:16] - 카테고리 상품 정렬 맞춤(sort_category_goods)
[2021-02-23 01:00:16] - 브랜드 연결 수 저장(all_brand_count)
[2021-02-23 01:00:16] - 카테고리 연결 수 저장(all_category_count)
[2021-02-23 01:00:16] - 빠른상품등록 임시 데이터 삭제(truncate_tmp_goods_data)
[2021-02-23 01:00:16] - 수불부 월별 집계(save_scm_ledger_month)
[2021-02-23 01:00:16] - 자동노출 종료상품 수동 전환(endOfAutoDisplay)
[2021-02-23 01:00:16] - 시간대별 이벤트가 추가(set_goods_event_price)
[2021-02-23 01:00:16] - 옵션 임시 데이터 삭제(delete_tmp_option_data)
[2021-02-23 01:00:16] - 티켓상품의 모든옵션의 유효기간이 만기시 판매중지(social_goods_validate)
[2021-02-24 01:00:17] - 카테고리 상품 정렬 맞춤(sort_category_goods) - Already Category Sort
[2021-02-24 01:00:17] - 브랜드 상품 정렬 맞춤(sort_brand_goods) - Already Brand Sort
[2021-02-24 01:00:17] - 지역 상품 정렬 맞춤(sort_location_goods) - Already Location Sort
[2021-02-24 01:00:17] - 지역 상품 정렬 맞춤(sort_location_goods)
[2021-02-24 01:00:17] - 브랜드 상품 정렬 맞춤(sort_brand_goods)
[2021-02-24 01:00:17] - 카테고리 상품 정렬 맞춤(sort_category_goods)
[2021-02-24 01:00:17] - 브랜드 연결 수 저장(all_brand_count)
[2021-02-24 01:00:17] - 카테고리 연결 수 저장(all_category_count)
[2021-02-24 01:00:17] - 빠른상품등록 임시 데이터 삭제(truncate_tmp_goods_data)
[2021-02-24 01:00:17] - 수불부 월별 집계(save_scm_ledger_month)
[2021-02-24 01:00:17] - 자동노출 종료상품 수동 전환(endOfAutoDisplay)
[2021-02-24 01:00:17] - 시간대별 이벤트가 추가(set_goods_event_price)
[2021-02-24 01:00:17] - 옵션 임시 데이터 삭제(delete_tmp_option_data)
[2021-02-24 01:00:17] - 티켓상품의 모든옵션의 유효기간이 만기시 판매중지(social_goods_validate)
[2021-02-25 01:00:17] - 카테고리 상품 정렬 맞춤(sort_category_goods) - Already Category Sort
[2021-02-25 01:00:17] - 브랜드 상품 정렬 맞춤(sort_brand_goods) - Already Brand Sort
[2021-02-25 01:00:17] - 지역 상품 정렬 맞춤(sort_location_goods) - Already Location Sort
[2021-02-25 01:00:17] - 지역 상품 정렬 맞춤(sort_location_goods)
[2021-02-25 01:00:17] - 브랜드 상품 정렬 맞춤(sort_brand_goods)
[2021-02-25 01:00:17] - 카테고리 상품 정렬 맞춤(sort_category_goods)
[2021-02-25 01:00:17] - 브랜드 연결 수 저장(all_brand_count)
[2021-02-25 01:00:17] - 카테고리 연결 수 저장(all_category_count)
[2021-02-25 01:00:17] - 빠른상품등록 임시 데이터 삭제(truncate_tmp_goods_data)
[2021-02-25 01:00:17] - 수불부 월별 집계(save_scm_ledger_month)
[2021-02-25 01:00:17] - 자동노출 종료상품 수동 전환(endOfAutoDisplay)
[2021-02-25 01:00:17] - 시간대별 이벤트가 추가(set_goods_event_price)
[2021-02-25 01:00:17] - 옵션 임시 데이터 삭제(delete_tmp_option_data)
[2021-02-25 01:00:17] - 티켓상품의 모든옵션의 유효기간이 만기시 판매중지(social_goods_validate)
[2021-02-26 01:00:17] - 카테고리 상품 정렬 맞춤(sort_category_goods) - Already Category Sort
[2021-02-26 01:00:17] - 브랜드 상품 정렬 맞춤(sort_brand_goods) - Already Brand Sort
[2021-02-26 01:00:17] - 지역 상품 정렬 맞춤(sort_location_goods) - Already Location Sort
[2021-02-26 01:00:17] - 지역 상품 정렬 맞춤(sort_location_goods)
[2021-02-26 01:00:17] - 브랜드 상품 정렬 맞춤(sort_brand_goods)
[2021-02-26 01:00:17] - 카테고리 상품 정렬 맞춤(sort_category_goods)
[2021-02-26 01:00:17] - 브랜드 연결 수 저장(all_brand_count)
[2021-02-26 01:00:17] - 카테고리 연결 수 저장(all_category_count)
[2021-02-26 01:00:17] - 빠른상품등록 임시 데이터 삭제(truncate_tmp_goods_data)
[2021-02-26 01:00:17] - 수불부 월별 집계(save_scm_ledger_month)
[2021-02-26 01:00:17] - 자동노출 종료상품 수동 전환(endOfAutoDisplay)
[2021-02-26 01:00:17] - 시간대별 이벤트가 추가(set_goods_event_price)
[2021-02-26 01:00:17] - 옵션 임시 데이터 삭제(delete_tmp_option_data)
[2021-02-26 01:00:17] - 티켓상품의 모든옵션의 유효기간이 만기시 판매중지(social_goods_validate)
[2021-02-27 01:00:18] - 카테고리 상품 정렬 맞춤(sort_category_goods) - Already Category Sort
[2021-02-27 01:00:18] - 브랜드 상품 정렬 맞춤(sort_brand_goods) - Already Brand Sort
[2021-02-27 01:00:18] - 지역 상품 정렬 맞춤(sort_location_goods) - Already Location Sort
[2021-02-27 01:00:18] - 지역 상품 정렬 맞춤(sort_location_goods)
[2021-02-27 01:00:18] - 브랜드 상품 정렬 맞춤(sort_brand_goods)
[2021-02-27 01:00:18] - 카테고리 상품 정렬 맞춤(sort_category_goods)
[2021-02-27 01:00:18] - 브랜드 연결 수 저장(all_brand_count)
[2021-02-27 01:00:18] - 카테고리 연결 수 저장(all_category_count)
[2021-02-27 01:00:18] - 빠른상품등록 임시 데이터 삭제(truncate_tmp_goods_data)
[2021-02-27 01:00:18] - 수불부 월별 집계(save_scm_ledger_month)
[2021-02-27 01:00:18] - 자동노출 종료상품 수동 전환(endOfAutoDisplay)
[2021-02-27 01:00:18] - 시간대별 이벤트가 추가(set_goods_event_price)
[2021-02-27 01:00:18] - 옵션 임시 데이터 삭제(delete_tmp_option_data)
[2021-02-27 01:00:18] - 티켓상품의 모든옵션의 유효기간이 만기시 판매중지(social_goods_validate)
[2021-02-28 01:00:17] - 카테고리 상품 정렬 맞춤(sort_category_goods) - Already Category Sort
[2021-02-28 01:00:17] - 브랜드 상품 정렬 맞춤(sort_brand_goods) - Already Brand Sort
[2021-02-28 01:00:17] - 지역 상품 정렬 맞춤(sort_location_goods) - Already Location Sort
[2021-02-28 01:00:17] - 지역 상품 정렬 맞춤(sort_location_goods)
[2021-02-28 01:00:17] - 브랜드 상품 정렬 맞춤(sort_brand_goods)
[2021-02-28 01:00:17] - 카테고리 상품 정렬 맞춤(sort_category_goods)
[2021-02-28 01:00:17] - 브랜드 연결 수 저장(all_brand_count)
[2021-02-28 01:00:17] - 카테고리 연결 수 저장(all_category_count)
[2021-02-28 01:00:17] - 빠른상품등록 임시 데이터 삭제(truncate_tmp_goods_data)
[2021-02-28 01:00:17] - 수불부 월별 집계(save_scm_ledger_month)
[2021-02-28 01:00:17] - 자동노출 종료상품 수동 전환(endOfAutoDisplay)
[2021-02-28 01:00:17] - 시간대별 이벤트가 추가(set_goods_event_price)
[2021-02-28 01:00:17] - 옵션 임시 데이터 삭제(delete_tmp_option_data)
[2021-02-28 01:00:17] - 티켓상품의 모든옵션의 유효기간이 만기시 판매중지(social_goods_validate)
