[2022-08-01 00:10:07] - 구글 피드 생성(createGoogleFile)
[2022-08-01 00:10:07] - 페이스북 피드 생성(createFacebookFile)
[2022-08-01 00:10:07] - 입점마켓팅 네이버 판매지수EP 생성(createNaverSalesEpFile)
[2022-08-01 00:10:07] - 입점마켓팅 리뷰EP 생성(createReviewFile)
[2022-08-01 00:10:07] - 입점마켓팅 네이버EP 3.0 생성(createNaverThirdFile)
[2022-08-01 00:10:07] - 입점마켓팅 네이버EP 2.0 생성(createNaverFile)
[2022-08-01 00:10:07] - 입점마켓팅 다음EP 생성(createDaumFile)
[2022-08-02 00:10:07] - 구글 피드 생성(createGoogleFile)
[2022-08-02 00:10:07] - 페이스북 피드 생성(createFacebookFile)
[2022-08-02 00:10:07] - 입점마켓팅 네이버 판매지수EP 생성(createNaverSalesEpFile)
[2022-08-02 00:10:07] - 입점마켓팅 리뷰EP 생성(createReviewFile)
[2022-08-02 00:10:07] - 입점마켓팅 네이버EP 3.0 생성(createNaverThirdFile)
[2022-08-02 00:10:07] - 입점마켓팅 네이버EP 2.0 생성(createNaverFile)
[2022-08-02 00:10:07] - 입점마켓팅 다음EP 생성(createDaumFile)
[2022-08-03 00:10:07] - 구글 피드 생성(createGoogleFile)
[2022-08-03 00:10:07] - 페이스북 피드 생성(createFacebookFile)
[2022-08-03 00:10:07] - 입점마켓팅 네이버 판매지수EP 생성(createNaverSalesEpFile)
[2022-08-03 00:10:07] - 입점마켓팅 리뷰EP 생성(createReviewFile)
[2022-08-03 00:10:07] - 입점마켓팅 네이버EP 3.0 생성(createNaverThirdFile)
[2022-08-03 00:10:07] - 입점마켓팅 네이버EP 2.0 생성(createNaverFile)
[2022-08-03 00:10:07] - 입점마켓팅 다음EP 생성(createDaumFile)
[2022-08-04 00:10:07] - 구글 피드 생성(createGoogleFile)
[2022-08-04 00:10:07] - 페이스북 피드 생성(createFacebookFile)
[2022-08-04 00:10:07] - 입점마켓팅 네이버 판매지수EP 생성(createNaverSalesEpFile)
[2022-08-04 00:10:07] - 입점마켓팅 리뷰EP 생성(createReviewFile)
[2022-08-04 00:10:07] - 입점마켓팅 네이버EP 3.0 생성(createNaverThirdFile)
[2022-08-04 00:10:07] - 입점마켓팅 네이버EP 2.0 생성(createNaverFile)
[2022-08-04 00:10:07] - 입점마켓팅 다음EP 생성(createDaumFile)
[2022-08-05 00:10:07] - 구글 피드 생성(createGoogleFile)
[2022-08-05 00:10:07] - 페이스북 피드 생성(createFacebookFile)
[2022-08-05 00:10:07] - 입점마켓팅 네이버 판매지수EP 생성(createNaverSalesEpFile)
[2022-08-05 00:10:07] - 입점마켓팅 리뷰EP 생성(createReviewFile)
[2022-08-05 00:10:07] - 입점마켓팅 네이버EP 3.0 생성(createNaverThirdFile)
[2022-08-05 00:10:07] - 입점마켓팅 네이버EP 2.0 생성(createNaverFile)
[2022-08-05 00:10:07] - 입점마켓팅 다음EP 생성(createDaumFile)
[2022-08-06 00:10:07] - 구글 피드 생성(createGoogleFile)
[2022-08-06 00:10:07] - 페이스북 피드 생성(createFacebookFile)
[2022-08-06 00:10:07] - 입점마켓팅 네이버 판매지수EP 생성(createNaverSalesEpFile)
[2022-08-06 00:10:07] - 입점마켓팅 리뷰EP 생성(createReviewFile)
[2022-08-06 00:10:07] - 입점마켓팅 네이버EP 3.0 생성(createNaverThirdFile)
[2022-08-06 00:10:07] - 입점마켓팅 네이버EP 2.0 생성(createNaverFile)
[2022-08-06 00:10:07] - 입점마켓팅 다음EP 생성(createDaumFile)
[2022-08-07 00:10:07] - 구글 피드 생성(createGoogleFile)
[2022-08-07 00:10:07] - 페이스북 피드 생성(createFacebookFile)
[2022-08-07 00:10:07] - 입점마켓팅 네이버 판매지수EP 생성(createNaverSalesEpFile)
[2022-08-07 00:10:07] - 입점마켓팅 리뷰EP 생성(createReviewFile)
[2022-08-07 00:10:07] - 입점마켓팅 네이버EP 3.0 생성(createNaverThirdFile)
[2022-08-07 00:10:07] - 입점마켓팅 네이버EP 2.0 생성(createNaverFile)
[2022-08-07 00:10:07] - 입점마켓팅 다음EP 생성(createDaumFile)
[2022-08-08 00:10:07] - 구글 피드 생성(createGoogleFile)
[2022-08-08 00:10:07] - 페이스북 피드 생성(createFacebookFile)
[2022-08-08 00:10:07] - 입점마켓팅 네이버 판매지수EP 생성(createNaverSalesEpFile)
[2022-08-08 00:10:07] - 입점마켓팅 리뷰EP 생성(createReviewFile)
[2022-08-08 00:10:07] - 입점마켓팅 네이버EP 3.0 생성(createNaverThirdFile)
[2022-08-08 00:10:07] - 입점마켓팅 네이버EP 2.0 생성(createNaverFile)
[2022-08-08 00:10:07] - 입점마켓팅 다음EP 생성(createDaumFile)
[2022-08-09 00:10:06] - 구글 피드 생성(createGoogleFile)
[2022-08-09 00:10:06] - 페이스북 피드 생성(createFacebookFile)
[2022-08-09 00:10:06] - 입점마켓팅 네이버 판매지수EP 생성(createNaverSalesEpFile)
[2022-08-09 00:10:06] - 입점마켓팅 리뷰EP 생성(createReviewFile)
[2022-08-09 00:10:06] - 입점마켓팅 네이버EP 3.0 생성(createNaverThirdFile)
[2022-08-09 00:10:06] - 입점마켓팅 네이버EP 2.0 생성(createNaverFile)
[2022-08-09 00:10:06] - 입점마켓팅 다음EP 생성(createDaumFile)
[2022-08-10 00:10:07] - 구글 피드 생성(createGoogleFile)
[2022-08-10 00:10:07] - 페이스북 피드 생성(createFacebookFile)
[2022-08-10 00:10:07] - 입점마켓팅 네이버 판매지수EP 생성(createNaverSalesEpFile)
[2022-08-10 00:10:07] - 입점마켓팅 리뷰EP 생성(createReviewFile)
[2022-08-10 00:10:07] - 입점마켓팅 네이버EP 3.0 생성(createNaverThirdFile)
[2022-08-10 00:10:07] - 입점마켓팅 네이버EP 2.0 생성(createNaverFile)
[2022-08-10 00:10:07] - 입점마켓팅 다음EP 생성(createDaumFile)
[2022-08-11 00:10:06] - 구글 피드 생성(createGoogleFile)
[2022-08-11 00:10:06] - 페이스북 피드 생성(createFacebookFile)
[2022-08-11 00:10:06] - 입점마켓팅 네이버 판매지수EP 생성(createNaverSalesEpFile)
[2022-08-11 00:10:06] - 입점마켓팅 리뷰EP 생성(createReviewFile)
[2022-08-11 00:10:06] - 입점마켓팅 네이버EP 3.0 생성(createNaverThirdFile)
[2022-08-11 00:10:06] - 입점마켓팅 네이버EP 2.0 생성(createNaverFile)
[2022-08-11 00:10:06] - 입점마켓팅 다음EP 생성(createDaumFile)
[2022-08-12 00:10:06] - 구글 피드 생성(createGoogleFile)
[2022-08-12 00:10:06] - 페이스북 피드 생성(createFacebookFile)
[2022-08-12 00:10:06] - 입점마켓팅 네이버 판매지수EP 생성(createNaverSalesEpFile)
[2022-08-12 00:10:06] - 입점마켓팅 리뷰EP 생성(createReviewFile)
[2022-08-12 00:10:06] - 입점마켓팅 네이버EP 3.0 생성(createNaverThirdFile)
[2022-08-12 00:10:06] - 입점마켓팅 네이버EP 2.0 생성(createNaverFile)
[2022-08-12 00:10:06] - 입점마켓팅 다음EP 생성(createDaumFile)
[2022-08-13 00:10:06] - 구글 피드 생성(createGoogleFile)
[2022-08-13 00:10:06] - 페이스북 피드 생성(createFacebookFile)
[2022-08-13 00:10:06] - 입점마켓팅 네이버 판매지수EP 생성(createNaverSalesEpFile)
[2022-08-13 00:10:06] - 입점마켓팅 리뷰EP 생성(createReviewFile)
[2022-08-13 00:10:06] - 입점마켓팅 네이버EP 3.0 생성(createNaverThirdFile)
[2022-08-13 00:10:06] - 입점마켓팅 네이버EP 2.0 생성(createNaverFile)
[2022-08-13 00:10:06] - 입점마켓팅 다음EP 생성(createDaumFile)
[2022-08-14 00:10:06] - 구글 피드 생성(createGoogleFile)
[2022-08-14 00:10:06] - 페이스북 피드 생성(createFacebookFile)
[2022-08-14 00:10:06] - 입점마켓팅 네이버 판매지수EP 생성(createNaverSalesEpFile)
[2022-08-14 00:10:06] - 입점마켓팅 리뷰EP 생성(createReviewFile)
[2022-08-14 00:10:06] - 입점마켓팅 네이버EP 3.0 생성(createNaverThirdFile)
[2022-08-14 00:10:06] - 입점마켓팅 네이버EP 2.0 생성(createNaverFile)
[2022-08-14 00:10:06] - 입점마켓팅 다음EP 생성(createDaumFile)
[2022-08-15 00:10:06] - 구글 피드 생성(createGoogleFile)
[2022-08-15 00:10:06] - 페이스북 피드 생성(createFacebookFile)
[2022-08-15 00:10:06] - 입점마켓팅 네이버 판매지수EP 생성(createNaverSalesEpFile)
[2022-08-15 00:10:06] - 입점마켓팅 리뷰EP 생성(createReviewFile)
[2022-08-15 00:10:06] - 입점마켓팅 네이버EP 3.0 생성(createNaverThirdFile)
[2022-08-15 00:10:06] - 입점마켓팅 네이버EP 2.0 생성(createNaverFile)
[2022-08-15 00:10:06] - 입점마켓팅 다음EP 생성(createDaumFile)
[2022-08-16 00:10:06] - 구글 피드 생성(createGoogleFile)
[2022-08-16 00:10:06] - 페이스북 피드 생성(createFacebookFile)
[2022-08-16 00:10:06] - 입점마켓팅 네이버 판매지수EP 생성(createNaverSalesEpFile)
[2022-08-16 00:10:06] - 입점마켓팅 리뷰EP 생성(createReviewFile)
[2022-08-16 00:10:06] - 입점마켓팅 네이버EP 3.0 생성(createNaverThirdFile)
[2022-08-16 00:10:06] - 입점마켓팅 네이버EP 2.0 생성(createNaverFile)
[2022-08-16 00:10:06] - 입점마켓팅 다음EP 생성(createDaumFile)
[2022-08-17 00:10:06] - 구글 피드 생성(createGoogleFile)
[2022-08-17 00:10:06] - 페이스북 피드 생성(createFacebookFile)
[2022-08-17 00:10:06] - 입점마켓팅 네이버 판매지수EP 생성(createNaverSalesEpFile)
[2022-08-17 00:10:06] - 입점마켓팅 리뷰EP 생성(createReviewFile)
[2022-08-17 00:10:06] - 입점마켓팅 네이버EP 3.0 생성(createNaverThirdFile)
[2022-08-17 00:10:06] - 입점마켓팅 네이버EP 2.0 생성(createNaverFile)
[2022-08-17 00:10:06] - 입점마켓팅 다음EP 생성(createDaumFile)
[2022-08-18 00:10:07] - 구글 피드 생성(createGoogleFile)
[2022-08-18 00:10:07] - 페이스북 피드 생성(createFacebookFile)
[2022-08-18 00:10:07] - 입점마켓팅 네이버 판매지수EP 생성(createNaverSalesEpFile)
[2022-08-18 00:10:07] - 입점마켓팅 리뷰EP 생성(createReviewFile)
[2022-08-18 00:10:07] - 입점마켓팅 네이버EP 3.0 생성(createNaverThirdFile)
[2022-08-18 00:10:07] - 입점마켓팅 네이버EP 2.0 생성(createNaverFile)
[2022-08-18 00:10:07] - 입점마켓팅 다음EP 생성(createDaumFile)
[2022-08-19 00:10:06] - 구글 피드 생성(createGoogleFile)
[2022-08-19 00:10:06] - 페이스북 피드 생성(createFacebookFile)
[2022-08-19 00:10:06] - 입점마켓팅 네이버 판매지수EP 생성(createNaverSalesEpFile)
[2022-08-19 00:10:06] - 입점마켓팅 리뷰EP 생성(createReviewFile)
[2022-08-19 00:10:06] - 입점마켓팅 네이버EP 3.0 생성(createNaverThirdFile)
[2022-08-19 00:10:06] - 입점마켓팅 네이버EP 2.0 생성(createNaverFile)
[2022-08-19 00:10:06] - 입점마켓팅 다음EP 생성(createDaumFile)
[2022-08-20 00:10:07] - 구글 피드 생성(createGoogleFile)
[2022-08-20 00:10:07] - 페이스북 피드 생성(createFacebookFile)
[2022-08-20 00:10:07] - 입점마켓팅 네이버 판매지수EP 생성(createNaverSalesEpFile)
[2022-08-20 00:10:07] - 입점마켓팅 리뷰EP 생성(createReviewFile)
[2022-08-20 00:10:07] - 입점마켓팅 네이버EP 3.0 생성(createNaverThirdFile)
[2022-08-20 00:10:07] - 입점마켓팅 네이버EP 2.0 생성(createNaverFile)
[2022-08-20 00:10:07] - 입점마켓팅 다음EP 생성(createDaumFile)
[2022-08-21 00:10:06] - 구글 피드 생성(createGoogleFile)
[2022-08-21 00:10:06] - 페이스북 피드 생성(createFacebookFile)
[2022-08-21 00:10:06] - 입점마켓팅 네이버 판매지수EP 생성(createNaverSalesEpFile)
[2022-08-21 00:10:06] - 입점마켓팅 리뷰EP 생성(createReviewFile)
[2022-08-21 00:10:06] - 입점마켓팅 네이버EP 3.0 생성(createNaverThirdFile)
[2022-08-21 00:10:06] - 입점마켓팅 네이버EP 2.0 생성(createNaverFile)
[2022-08-21 00:10:06] - 입점마켓팅 다음EP 생성(createDaumFile)
[2022-08-22 00:10:07] - 구글 피드 생성(createGoogleFile)
[2022-08-22 00:10:07] - 페이스북 피드 생성(createFacebookFile)
[2022-08-22 00:10:07] - 입점마켓팅 네이버 판매지수EP 생성(createNaverSalesEpFile)
[2022-08-22 00:10:07] - 입점마켓팅 리뷰EP 생성(createReviewFile)
[2022-08-22 00:10:07] - 입점마켓팅 네이버EP 3.0 생성(createNaverThirdFile)
[2022-08-22 00:10:07] - 입점마켓팅 네이버EP 2.0 생성(createNaverFile)
[2022-08-22 00:10:07] - 입점마켓팅 다음EP 생성(createDaumFile)
[2022-08-23 00:10:07] - 구글 피드 생성(createGoogleFile)
[2022-08-23 00:10:07] - 페이스북 피드 생성(createFacebookFile)
[2022-08-23 00:10:07] - 입점마켓팅 네이버 판매지수EP 생성(createNaverSalesEpFile)
[2022-08-23 00:10:07] - 입점마켓팅 리뷰EP 생성(createReviewFile)
[2022-08-23 00:10:07] - 입점마켓팅 네이버EP 3.0 생성(createNaverThirdFile)
[2022-08-23 00:10:07] - 입점마켓팅 네이버EP 2.0 생성(createNaverFile)
[2022-08-23 00:10:07] - 입점마켓팅 다음EP 생성(createDaumFile)
[2022-08-24 00:10:07] - 구글 피드 생성(createGoogleFile)
[2022-08-24 00:10:07] - 페이스북 피드 생성(createFacebookFile)
[2022-08-24 00:10:07] - 입점마켓팅 네이버 판매지수EP 생성(createNaverSalesEpFile)
[2022-08-24 00:10:07] - 입점마켓팅 리뷰EP 생성(createReviewFile)
[2022-08-24 00:10:07] - 입점마켓팅 네이버EP 3.0 생성(createNaverThirdFile)
[2022-08-24 00:10:07] - 입점마켓팅 네이버EP 2.0 생성(createNaverFile)
[2022-08-24 00:10:07] - 입점마켓팅 다음EP 생성(createDaumFile)
[2022-08-25 00:10:06] - 구글 피드 생성(createGoogleFile)
[2022-08-25 00:10:06] - 페이스북 피드 생성(createFacebookFile)
[2022-08-25 00:10:06] - 입점마켓팅 네이버 판매지수EP 생성(createNaverSalesEpFile)
[2022-08-25 00:10:06] - 입점마켓팅 리뷰EP 생성(createReviewFile)
[2022-08-25 00:10:06] - 입점마켓팅 네이버EP 3.0 생성(createNaverThirdFile)
[2022-08-25 00:10:06] - 입점마켓팅 네이버EP 2.0 생성(createNaverFile)
[2022-08-25 00:10:06] - 입점마켓팅 다음EP 생성(createDaumFile)
[2022-08-26 00:10:06] - 구글 피드 생성(createGoogleFile)
[2022-08-26 00:10:06] - 페이스북 피드 생성(createFacebookFile)
[2022-08-26 00:10:06] - 입점마켓팅 네이버 판매지수EP 생성(createNaverSalesEpFile)
[2022-08-26 00:10:06] - 입점마켓팅 리뷰EP 생성(createReviewFile)
[2022-08-26 00:10:06] - 입점마켓팅 네이버EP 3.0 생성(createNaverThirdFile)
[2022-08-26 00:10:06] - 입점마켓팅 네이버EP 2.0 생성(createNaverFile)
[2022-08-26 00:10:06] - 입점마켓팅 다음EP 생성(createDaumFile)
[2022-08-27 00:10:06] - 구글 피드 생성(createGoogleFile)
[2022-08-27 00:10:06] - 페이스북 피드 생성(createFacebookFile)
[2022-08-27 00:10:06] - 입점마켓팅 네이버 판매지수EP 생성(createNaverSalesEpFile)
[2022-08-27 00:10:06] - 입점마켓팅 리뷰EP 생성(createReviewFile)
[2022-08-27 00:10:06] - 입점마켓팅 네이버EP 3.0 생성(createNaverThirdFile)
[2022-08-27 00:10:06] - 입점마켓팅 네이버EP 2.0 생성(createNaverFile)
[2022-08-27 00:10:06] - 입점마켓팅 다음EP 생성(createDaumFile)
[2022-08-28 00:10:06] - 구글 피드 생성(createGoogleFile)
[2022-08-28 00:10:06] - 페이스북 피드 생성(createFacebookFile)
[2022-08-28 00:10:06] - 입점마켓팅 네이버 판매지수EP 생성(createNaverSalesEpFile)
[2022-08-28 00:10:06] - 입점마켓팅 리뷰EP 생성(createReviewFile)
[2022-08-28 00:10:06] - 입점마켓팅 네이버EP 3.0 생성(createNaverThirdFile)
[2022-08-28 00:10:06] - 입점마켓팅 네이버EP 2.0 생성(createNaverFile)
[2022-08-28 00:10:06] - 입점마켓팅 다음EP 생성(createDaumFile)
[2022-08-29 00:10:07] - 구글 피드 생성(createGoogleFile)
[2022-08-29 00:10:07] - 페이스북 피드 생성(createFacebookFile)
[2022-08-29 00:10:07] - 입점마켓팅 네이버 판매지수EP 생성(createNaverSalesEpFile)
[2022-08-29 00:10:07] - 입점마켓팅 리뷰EP 생성(createReviewFile)
[2022-08-29 00:10:07] - 입점마켓팅 네이버EP 3.0 생성(createNaverThirdFile)
[2022-08-29 00:10:07] - 입점마켓팅 네이버EP 2.0 생성(createNaverFile)
[2022-08-29 00:10:07] - 입점마켓팅 다음EP 생성(createDaumFile)
[2022-08-30 00:10:06] - 구글 피드 생성(createGoogleFile)
[2022-08-30 00:10:06] - 페이스북 피드 생성(createFacebookFile)
[2022-08-30 00:10:06] - 입점마켓팅 네이버 판매지수EP 생성(createNaverSalesEpFile)
[2022-08-30 00:10:06] - 입점마켓팅 리뷰EP 생성(createReviewFile)
[2022-08-30 00:10:06] - 입점마켓팅 네이버EP 3.0 생성(createNaverThirdFile)
[2022-08-30 00:10:06] - 입점마켓팅 네이버EP 2.0 생성(createNaverFile)
[2022-08-30 00:10:06] - 입점마켓팅 다음EP 생성(createDaumFile)
[2022-08-31 00:10:06] - 구글 피드 생성(createGoogleFile)
[2022-08-31 00:10:06] - 페이스북 피드 생성(createFacebookFile)
[2022-08-31 00:10:06] - 입점마켓팅 네이버 판매지수EP 생성(createNaverSalesEpFile)
[2022-08-31 00:10:06] - 입점마켓팅 리뷰EP 생성(createReviewFile)
[2022-08-31 00:10:06] - 입점마켓팅 네이버EP 3.0 생성(createNaverThirdFile)
[2022-08-31 00:10:06] - 입점마켓팅 네이버EP 2.0 생성(createNaverFile)
[2022-08-31 00:10:06] - 입점마켓팅 다음EP 생성(createDaumFile)
