[2021-01-01 01:00:12] - 회원등급 업그레이드(update_member_grade) - update_member_grade unused
[2021-01-01 01:00:12] - 광고수신동의 메일 발송 대상 수집(send_marketing_agree)
[2021-01-01 01:00:12] - 광고수신동의 메일 발송 일자 수정(update_marketing_agree_date)
[2021-01-01 01:00:12] - 미접속자 휴면처리(dormancy_request)
[2021-01-01 01:00:12] - 회원등급 업그레이드(update_member_grade)
[2021-01-01 01:00:12] - 입점사 등급 자동 갱신(exec_update_provider_group)
[2021-01-01 01:00:12] - 회원정보 다운로드 로그 기록 삭제(log_member_excel_delete)
[2021-01-01 01:00:12] - 만료된 포인트 차감(member_point_deduction)
[2021-01-01 01:00:12] - 만료된 캐시 차감(member_emoney_deduction)
[2021-01-02 01:00:12] - 광고수신동의 메일 발송 대상 수집(send_marketing_agree)
[2021-01-02 01:00:12] - 광고수신동의 메일 발송 일자 수정(update_marketing_agree_date)
[2021-01-02 01:00:12] - 미접속자 휴면처리(dormancy_request)
[2021-01-02 01:00:12] - 회원등급 업그레이드(update_member_grade)
[2021-01-02 01:00:12] - 입점사 등급 자동 갱신(exec_update_provider_group)
[2021-01-02 01:00:12] - 회원정보 다운로드 로그 기록 삭제(log_member_excel_delete)
[2021-01-02 01:00:12] - 만료된 포인트 차감(member_point_deduction)
[2021-01-02 01:00:12] - 만료된 캐시 차감(member_emoney_deduction)
[2021-01-03 01:00:12] - 광고수신동의 메일 발송 대상 수집(send_marketing_agree)
[2021-01-03 01:00:12] - 광고수신동의 메일 발송 일자 수정(update_marketing_agree_date)
[2021-01-03 01:00:12] - 미접속자 휴면처리(dormancy_request)
[2021-01-03 01:00:12] - 회원등급 업그레이드(update_member_grade)
[2021-01-03 01:00:12] - 입점사 등급 자동 갱신(exec_update_provider_group)
[2021-01-03 01:00:12] - 회원정보 다운로드 로그 기록 삭제(log_member_excel_delete)
[2021-01-03 01:00:12] - 만료된 포인트 차감(member_point_deduction)
[2021-01-03 01:00:12] - 만료된 캐시 차감(member_emoney_deduction)
[2021-01-04 01:00:12] - 광고수신동의 메일 발송 대상 수집(send_marketing_agree)
[2021-01-04 01:00:12] - 광고수신동의 메일 발송 일자 수정(update_marketing_agree_date)
[2021-01-04 01:00:12] - 미접속자 휴면처리(dormancy_request)
[2021-01-04 01:00:12] - 회원등급 업그레이드(update_member_grade)
[2021-01-04 01:00:12] - 입점사 등급 자동 갱신(exec_update_provider_group)
[2021-01-04 01:00:12] - 회원정보 다운로드 로그 기록 삭제(log_member_excel_delete)
[2021-01-04 01:00:12] - 만료된 포인트 차감(member_point_deduction)
[2021-01-04 01:00:12] - 만료된 캐시 차감(member_emoney_deduction)
[2021-01-05 01:00:12] - 광고수신동의 메일 발송 대상 수집(send_marketing_agree)
[2021-01-05 01:00:12] - 광고수신동의 메일 발송 일자 수정(update_marketing_agree_date)
[2021-01-05 01:00:12] - 미접속자 휴면처리(dormancy_request)
[2021-01-05 01:00:12] - 회원등급 업그레이드(update_member_grade)
[2021-01-05 01:00:12] - 입점사 등급 자동 갱신(exec_update_provider_group)
[2021-01-05 01:00:12] - 회원정보 다운로드 로그 기록 삭제(log_member_excel_delete)
[2021-01-05 01:00:12] - 만료된 포인트 차감(member_point_deduction)
[2021-01-05 01:00:12] - 만료된 캐시 차감(member_emoney_deduction)
[2021-01-06 01:00:12] - 광고수신동의 메일 발송 대상 수집(send_marketing_agree)
[2021-01-06 01:00:12] - 광고수신동의 메일 발송 일자 수정(update_marketing_agree_date)
[2021-01-06 01:00:12] - 미접속자 휴면처리(dormancy_request)
[2021-01-06 01:00:12] - 회원등급 업그레이드(update_member_grade)
[2021-01-06 01:00:12] - 입점사 등급 자동 갱신(exec_update_provider_group)
[2021-01-06 01:00:12] - 회원정보 다운로드 로그 기록 삭제(log_member_excel_delete)
[2021-01-06 01:00:12] - 만료된 포인트 차감(member_point_deduction)
[2021-01-06 01:00:12] - 만료된 캐시 차감(member_emoney_deduction)
[2021-01-07 01:00:13] - 광고수신동의 메일 발송 대상 수집(send_marketing_agree)
[2021-01-07 01:00:13] - 광고수신동의 메일 발송 일자 수정(update_marketing_agree_date)
[2021-01-07 01:00:13] - 미접속자 휴면처리(dormancy_request)
[2021-01-07 01:00:13] - 회원등급 업그레이드(update_member_grade)
[2021-01-07 01:00:13] - 입점사 등급 자동 갱신(exec_update_provider_group)
[2021-01-07 01:00:13] - 회원정보 다운로드 로그 기록 삭제(log_member_excel_delete)
[2021-01-07 01:00:13] - 만료된 포인트 차감(member_point_deduction)
[2021-01-07 01:00:13] - 만료된 캐시 차감(member_emoney_deduction)
[2021-01-08 01:00:12] - 광고수신동의 메일 발송 대상 수집(send_marketing_agree)
[2021-01-08 01:00:12] - 광고수신동의 메일 발송 일자 수정(update_marketing_agree_date)
[2021-01-08 01:00:12] - 미접속자 휴면처리(dormancy_request)
[2021-01-08 01:00:12] - 회원등급 업그레이드(update_member_grade)
[2021-01-08 01:00:12] - 입점사 등급 자동 갱신(exec_update_provider_group)
[2021-01-08 01:00:12] - 회원정보 다운로드 로그 기록 삭제(log_member_excel_delete)
[2021-01-08 01:00:12] - 만료된 포인트 차감(member_point_deduction)
[2021-01-08 01:00:12] - 만료된 캐시 차감(member_emoney_deduction)
[2021-01-09 01:00:13] - 광고수신동의 메일 발송 대상 수집(send_marketing_agree)
[2021-01-09 01:00:13] - 광고수신동의 메일 발송 일자 수정(update_marketing_agree_date)
[2021-01-09 01:00:13] - 미접속자 휴면처리(dormancy_request)
[2021-01-09 01:00:13] - 회원등급 업그레이드(update_member_grade)
[2021-01-09 01:00:13] - 입점사 등급 자동 갱신(exec_update_provider_group)
[2021-01-09 01:00:13] - 회원정보 다운로드 로그 기록 삭제(log_member_excel_delete)
[2021-01-09 01:00:13] - 만료된 포인트 차감(member_point_deduction)
[2021-01-09 01:00:13] - 만료된 캐시 차감(member_emoney_deduction)
[2021-01-10 01:00:12] - 광고수신동의 메일 발송 대상 수집(send_marketing_agree)
[2021-01-10 01:00:12] - 광고수신동의 메일 발송 일자 수정(update_marketing_agree_date)
[2021-01-10 01:00:12] - 미접속자 휴면처리(dormancy_request)
[2021-01-10 01:00:12] - 회원등급 업그레이드(update_member_grade)
[2021-01-10 01:00:12] - 입점사 등급 자동 갱신(exec_update_provider_group)
[2021-01-10 01:00:12] - 회원정보 다운로드 로그 기록 삭제(log_member_excel_delete)
[2021-01-10 01:00:12] - 만료된 포인트 차감(member_point_deduction)
[2021-01-10 01:00:12] - 만료된 캐시 차감(member_emoney_deduction)
[2021-01-11 01:00:13] - 광고수신동의 메일 발송 대상 수집(send_marketing_agree)
[2021-01-11 01:00:13] - 광고수신동의 메일 발송 일자 수정(update_marketing_agree_date)
[2021-01-11 01:00:13] - 미접속자 휴면처리(dormancy_request)
[2021-01-11 01:00:13] - 회원등급 업그레이드(update_member_grade)
[2021-01-11 01:00:13] - 입점사 등급 자동 갱신(exec_update_provider_group)
[2021-01-11 01:00:13] - 회원정보 다운로드 로그 기록 삭제(log_member_excel_delete)
[2021-01-11 01:00:13] - 만료된 포인트 차감(member_point_deduction)
[2021-01-11 01:00:13] - 만료된 캐시 차감(member_emoney_deduction)
[2021-01-12 01:00:12] - 광고수신동의 메일 발송 대상 수집(send_marketing_agree)
[2021-01-12 01:00:12] - 광고수신동의 메일 발송 일자 수정(update_marketing_agree_date)
[2021-01-12 01:00:12] - 미접속자 휴면처리(dormancy_request)
[2021-01-12 01:00:12] - 회원등급 업그레이드(update_member_grade)
[2021-01-12 01:00:12] - 입점사 등급 자동 갱신(exec_update_provider_group)
[2021-01-12 01:00:12] - 회원정보 다운로드 로그 기록 삭제(log_member_excel_delete)
[2021-01-12 01:00:12] - 만료된 포인트 차감(member_point_deduction)
[2021-01-12 01:00:12] - 만료된 캐시 차감(member_emoney_deduction)
[2021-01-13 01:00:14] - 광고수신동의 메일 발송 대상 수집(send_marketing_agree)
[2021-01-13 01:00:14] - 광고수신동의 메일 발송 일자 수정(update_marketing_agree_date)
[2021-01-13 01:00:14] - 미접속자 휴면처리(dormancy_request)
[2021-01-13 01:00:14] - 회원등급 업그레이드(update_member_grade)
[2021-01-13 01:00:14] - 입점사 등급 자동 갱신(exec_update_provider_group)
[2021-01-13 01:00:14] - 회원정보 다운로드 로그 기록 삭제(log_member_excel_delete)
[2021-01-13 01:00:14] - 만료된 포인트 차감(member_point_deduction)
[2021-01-13 01:00:14] - 만료된 캐시 차감(member_emoney_deduction)
[2021-01-14 01:00:14] - 광고수신동의 메일 발송 대상 수집(send_marketing_agree)
[2021-01-14 01:00:14] - 광고수신동의 메일 발송 일자 수정(update_marketing_agree_date)
[2021-01-14 01:00:14] - 미접속자 휴면처리(dormancy_request)
[2021-01-14 01:00:14] - 회원등급 업그레이드(update_member_grade)
[2021-01-14 01:00:14] - 입점사 등급 자동 갱신(exec_update_provider_group)
[2021-01-14 01:00:14] - 회원정보 다운로드 로그 기록 삭제(log_member_excel_delete)
[2021-01-14 01:00:14] - 만료된 포인트 차감(member_point_deduction)
[2021-01-14 01:00:14] - 만료된 캐시 차감(member_emoney_deduction)
[2021-01-15 01:00:15] - 회원등급 업그레이드(update_member_grade) - update_member_grade unused
[2021-01-15 01:00:15] - 광고수신동의 메일 발송 대상 수집(send_marketing_agree)
[2021-01-15 01:00:15] - 광고수신동의 메일 발송 일자 수정(update_marketing_agree_date)
[2021-01-15 01:00:15] - 미접속자 휴면처리(dormancy_request)
[2021-01-15 01:00:15] - 회원등급 업그레이드(update_member_grade)
[2021-01-15 01:00:15] - 입점사 등급 자동 갱신(exec_update_provider_group)
[2021-01-15 01:00:15] - 회원정보 다운로드 로그 기록 삭제(log_member_excel_delete)
[2021-01-15 01:00:15] - 만료된 포인트 차감(member_point_deduction)
[2021-01-15 01:00:15] - 만료된 캐시 차감(member_emoney_deduction)
[2021-01-16 01:00:14] - 광고수신동의 메일 발송 대상 수집(send_marketing_agree)
[2021-01-16 01:00:14] - 광고수신동의 메일 발송 일자 수정(update_marketing_agree_date)
[2021-01-16 01:00:14] - 미접속자 휴면처리(dormancy_request)
[2021-01-16 01:00:14] - 회원등급 업그레이드(update_member_grade)
[2021-01-16 01:00:14] - 입점사 등급 자동 갱신(exec_update_provider_group)
[2021-01-16 01:00:14] - 회원정보 다운로드 로그 기록 삭제(log_member_excel_delete)
[2021-01-16 01:00:14] - 만료된 포인트 차감(member_point_deduction)
[2021-01-16 01:00:14] - 만료된 캐시 차감(member_emoney_deduction)
[2021-01-17 01:00:13] - 광고수신동의 메일 발송 대상 수집(send_marketing_agree)
[2021-01-17 01:00:13] - 광고수신동의 메일 발송 일자 수정(update_marketing_agree_date)
[2021-01-17 01:00:13] - 미접속자 휴면처리(dormancy_request)
[2021-01-17 01:00:13] - 회원등급 업그레이드(update_member_grade)
[2021-01-17 01:00:13] - 입점사 등급 자동 갱신(exec_update_provider_group)
[2021-01-17 01:00:13] - 회원정보 다운로드 로그 기록 삭제(log_member_excel_delete)
[2021-01-17 01:00:13] - 만료된 포인트 차감(member_point_deduction)
[2021-01-17 01:00:13] - 만료된 캐시 차감(member_emoney_deduction)
[2021-01-18 01:00:14] - 광고수신동의 메일 발송 대상 수집(send_marketing_agree)
[2021-01-18 01:00:14] - 광고수신동의 메일 발송 일자 수정(update_marketing_agree_date)
[2021-01-18 01:00:14] - 미접속자 휴면처리(dormancy_request)
[2021-01-18 01:00:14] - 회원등급 업그레이드(update_member_grade)
[2021-01-18 01:00:14] - 입점사 등급 자동 갱신(exec_update_provider_group)
[2021-01-18 01:00:14] - 회원정보 다운로드 로그 기록 삭제(log_member_excel_delete)
[2021-01-18 01:00:14] - 만료된 포인트 차감(member_point_deduction)
[2021-01-18 01:00:14] - 만료된 캐시 차감(member_emoney_deduction)
[2021-01-19 01:00:14] - 광고수신동의 메일 발송 대상 수집(send_marketing_agree)
[2021-01-19 01:00:14] - 광고수신동의 메일 발송 일자 수정(update_marketing_agree_date)
[2021-01-19 01:00:14] - 미접속자 휴면처리(dormancy_request)
[2021-01-19 01:00:14] - 회원등급 업그레이드(update_member_grade)
[2021-01-19 01:00:14] - 입점사 등급 자동 갱신(exec_update_provider_group)
[2021-01-19 01:00:14] - 회원정보 다운로드 로그 기록 삭제(log_member_excel_delete)
[2021-01-19 01:00:14] - 만료된 포인트 차감(member_point_deduction)
[2021-01-19 01:00:14] - 만료된 캐시 차감(member_emoney_deduction)
[2021-01-20 01:00:14] - 광고수신동의 메일 발송 대상 수집(send_marketing_agree)
[2021-01-20 01:00:14] - 광고수신동의 메일 발송 일자 수정(update_marketing_agree_date)
[2021-01-20 01:00:14] - 미접속자 휴면처리(dormancy_request)
[2021-01-20 01:00:14] - 회원등급 업그레이드(update_member_grade)
[2021-01-20 01:00:14] - 입점사 등급 자동 갱신(exec_update_provider_group)
[2021-01-20 01:00:14] - 회원정보 다운로드 로그 기록 삭제(log_member_excel_delete)
[2021-01-20 01:00:14] - 만료된 포인트 차감(member_point_deduction)
[2021-01-20 01:00:14] - 만료된 캐시 차감(member_emoney_deduction)
[2021-01-21 01:00:13] - 광고수신동의 메일 발송 대상 수집(send_marketing_agree)
[2021-01-21 01:00:13] - 광고수신동의 메일 발송 일자 수정(update_marketing_agree_date)
[2021-01-21 01:00:13] - 미접속자 휴면처리(dormancy_request)
[2021-01-21 01:00:13] - 회원등급 업그레이드(update_member_grade)
[2021-01-21 01:00:13] - 입점사 등급 자동 갱신(exec_update_provider_group)
[2021-01-21 01:00:13] - 회원정보 다운로드 로그 기록 삭제(log_member_excel_delete)
[2021-01-21 01:00:13] - 만료된 포인트 차감(member_point_deduction)
[2021-01-21 01:00:13] - 만료된 캐시 차감(member_emoney_deduction)
[2021-01-22 01:00:12] - 광고수신동의 메일 발송 대상 수집(send_marketing_agree)
[2021-01-22 01:00:12] - 광고수신동의 메일 발송 일자 수정(update_marketing_agree_date)
[2021-01-22 01:00:12] - 미접속자 휴면처리(dormancy_request)
[2021-01-22 01:00:12] - 회원등급 업그레이드(update_member_grade)
[2021-01-22 01:00:12] - 입점사 등급 자동 갱신(exec_update_provider_group)
[2021-01-22 01:00:12] - 회원정보 다운로드 로그 기록 삭제(log_member_excel_delete)
[2021-01-22 01:00:12] - 만료된 포인트 차감(member_point_deduction)
[2021-01-22 01:00:12] - 만료된 캐시 차감(member_emoney_deduction)
[2021-01-23 01:00:13] - 광고수신동의 메일 발송 대상 수집(send_marketing_agree)
[2021-01-23 01:00:13] - 광고수신동의 메일 발송 일자 수정(update_marketing_agree_date)
[2021-01-23 01:00:13] - 미접속자 휴면처리(dormancy_request)
[2021-01-23 01:00:13] - 회원등급 업그레이드(update_member_grade)
[2021-01-23 01:00:13] - 입점사 등급 자동 갱신(exec_update_provider_group)
[2021-01-23 01:00:13] - 회원정보 다운로드 로그 기록 삭제(log_member_excel_delete)
[2021-01-23 01:00:13] - 만료된 포인트 차감(member_point_deduction)
[2021-01-23 01:00:13] - 만료된 캐시 차감(member_emoney_deduction)
[2021-01-24 01:00:14] - 광고수신동의 메일 발송 대상 수집(send_marketing_agree)
[2021-01-24 01:00:14] - 광고수신동의 메일 발송 일자 수정(update_marketing_agree_date)
[2021-01-24 01:00:14] - 미접속자 휴면처리(dormancy_request)
[2021-01-24 01:00:14] - 회원등급 업그레이드(update_member_grade)
[2021-01-24 01:00:14] - 입점사 등급 자동 갱신(exec_update_provider_group)
[2021-01-24 01:00:14] - 회원정보 다운로드 로그 기록 삭제(log_member_excel_delete)
[2021-01-24 01:00:14] - 만료된 포인트 차감(member_point_deduction)
[2021-01-24 01:00:14] - 만료된 캐시 차감(member_emoney_deduction)
[2021-01-25 01:00:15] - 광고수신동의 메일 발송 대상 수집(send_marketing_agree)
[2021-01-25 01:00:15] - 광고수신동의 메일 발송 일자 수정(update_marketing_agree_date)
[2021-01-25 01:00:15] - 미접속자 휴면처리(dormancy_request)
[2021-01-25 01:00:15] - 회원등급 업그레이드(update_member_grade)
[2021-01-25 01:00:15] - 입점사 등급 자동 갱신(exec_update_provider_group)
[2021-01-25 01:00:15] - 회원정보 다운로드 로그 기록 삭제(log_member_excel_delete)
[2021-01-25 01:00:15] - 만료된 포인트 차감(member_point_deduction)
[2021-01-25 01:00:15] - 만료된 캐시 차감(member_emoney_deduction)
[2021-01-26 01:00:15] - 광고수신동의 메일 발송 대상 수집(send_marketing_agree)
[2021-01-26 01:00:15] - 광고수신동의 메일 발송 일자 수정(update_marketing_agree_date)
[2021-01-26 01:00:15] - 미접속자 휴면처리(dormancy_request)
[2021-01-26 01:00:15] - 회원등급 업그레이드(update_member_grade)
[2021-01-26 01:00:15] - 입점사 등급 자동 갱신(exec_update_provider_group)
[2021-01-26 01:00:15] - 회원정보 다운로드 로그 기록 삭제(log_member_excel_delete)
[2021-01-26 01:00:15] - 만료된 포인트 차감(member_point_deduction)
[2021-01-26 01:00:15] - 만료된 캐시 차감(member_emoney_deduction)
[2021-01-27 01:00:14] - 광고수신동의 메일 발송 대상 수집(send_marketing_agree)
[2021-01-27 01:00:14] - 광고수신동의 메일 발송 일자 수정(update_marketing_agree_date)
[2021-01-27 01:00:14] - 미접속자 휴면처리(dormancy_request)
[2021-01-27 01:00:14] - 회원등급 업그레이드(update_member_grade)
[2021-01-27 01:00:14] - 입점사 등급 자동 갱신(exec_update_provider_group)
[2021-01-27 01:00:14] - 회원정보 다운로드 로그 기록 삭제(log_member_excel_delete)
[2021-01-27 01:00:14] - 만료된 포인트 차감(member_point_deduction)
[2021-01-27 01:00:14] - 만료된 캐시 차감(member_emoney_deduction)
[2021-01-28 01:00:14] - 광고수신동의 메일 발송 대상 수집(send_marketing_agree)
[2021-01-28 01:00:14] - 광고수신동의 메일 발송 일자 수정(update_marketing_agree_date)
[2021-01-28 01:00:14] - 미접속자 휴면처리(dormancy_request)
[2021-01-28 01:00:14] - 회원등급 업그레이드(update_member_grade)
[2021-01-28 01:00:14] - 입점사 등급 자동 갱신(exec_update_provider_group)
[2021-01-28 01:00:14] - 회원정보 다운로드 로그 기록 삭제(log_member_excel_delete)
[2021-01-28 01:00:14] - 만료된 포인트 차감(member_point_deduction)
[2021-01-28 01:00:14] - 만료된 캐시 차감(member_emoney_deduction)
[2021-01-29 01:00:15] - 광고수신동의 메일 발송 대상 수집(send_marketing_agree)
[2021-01-29 01:00:15] - 광고수신동의 메일 발송 일자 수정(update_marketing_agree_date)
[2021-01-29 01:00:15] - 미접속자 휴면처리(dormancy_request)
[2021-01-29 01:00:15] - 회원등급 업그레이드(update_member_grade)
[2021-01-29 01:00:15] - 입점사 등급 자동 갱신(exec_update_provider_group)
[2021-01-29 01:00:15] - 회원정보 다운로드 로그 기록 삭제(log_member_excel_delete)
[2021-01-29 01:00:15] - 만료된 포인트 차감(member_point_deduction)
[2021-01-29 01:00:15] - 만료된 캐시 차감(member_emoney_deduction)
[2021-01-30 01:00:15] - 광고수신동의 메일 발송 대상 수집(send_marketing_agree)
[2021-01-30 01:00:15] - 광고수신동의 메일 발송 일자 수정(update_marketing_agree_date)
[2021-01-30 01:00:15] - 미접속자 휴면처리(dormancy_request)
[2021-01-30 01:00:15] - 회원등급 업그레이드(update_member_grade)
[2021-01-30 01:00:15] - 입점사 등급 자동 갱신(exec_update_provider_group)
[2021-01-30 01:00:15] - 회원정보 다운로드 로그 기록 삭제(log_member_excel_delete)
[2021-01-30 01:00:15] - 만료된 포인트 차감(member_point_deduction)
[2021-01-30 01:00:15] - 만료된 캐시 차감(member_emoney_deduction)
[2021-01-31 01:00:16] - 광고수신동의 메일 발송 대상 수집(send_marketing_agree)
[2021-01-31 01:00:16] - 광고수신동의 메일 발송 일자 수정(update_marketing_agree_date)
[2021-01-31 01:00:16] - 미접속자 휴면처리(dormancy_request)
[2021-01-31 01:00:16] - 회원등급 업그레이드(update_member_grade)
[2021-01-31 01:00:16] - 입점사 등급 자동 갱신(exec_update_provider_group)
[2021-01-31 01:00:16] - 회원정보 다운로드 로그 기록 삭제(log_member_excel_delete)
[2021-01-31 01:00:16] - 만료된 포인트 차감(member_point_deduction)
[2021-01-31 01:00:16] - 만료된 캐시 차감(member_emoney_deduction)
