[2021-03-01 01:00:17] - 기념일 축하 안내(remind_anniversary)
[2021-03-01 01:00:17] - 생일 축하 안내(remind_birthday)
[2021-03-01 01:00:17] - 상품 리뷰 작성 안내(remind_review)
[2021-03-01 01:00:17] - 타임세일 종료 상품 안내(remind_timesale)
[2021-03-01 01:00:17] - 회원등급 혜택 안내(remind_membership)
[2021-03-01 01:00:17] - 장바구니/위시리스트 상품 안내(remind_cart)
[2021-03-01 01:00:17] - 소멸 마일리지 안내(remind_emoney)
[2021-03-01 01:00:17] - 만료 할인쿠폰 알림(remind_coupon)
[2021-03-02 01:00:16] - 만료 할인쿠폰 알림(remind_coupon) - Err(Today is not monday)
[2021-03-02 01:00:16] - 소멸 마일리지 안내(remind_emoney) - Err(Today is not monday)
[2021-03-02 01:00:16] - 기념일 축하 안내(remind_anniversary)
[2021-03-02 01:00:16] - 생일 축하 안내(remind_birthday)
[2021-03-02 01:00:16] - 상품 리뷰 작성 안내(remind_review)
[2021-03-02 01:00:16] - 타임세일 종료 상품 안내(remind_timesale)
[2021-03-02 01:00:16] - 회원등급 혜택 안내(remind_membership)
[2021-03-02 01:00:16] - 장바구니/위시리스트 상품 안내(remind_cart)
[2021-03-02 01:00:16] - 소멸 마일리지 안내(remind_emoney)
[2021-03-02 01:00:16] - 만료 할인쿠폰 알림(remind_coupon)
[2021-03-03 01:00:16] - 만료 할인쿠폰 알림(remind_coupon) - Err(Today is not monday)
[2021-03-03 01:00:16] - 소멸 마일리지 안내(remind_emoney) - Err(Today is not monday)
[2021-03-03 01:00:16] - 기념일 축하 안내(remind_anniversary)
[2021-03-03 01:00:16] - 생일 축하 안내(remind_birthday)
[2021-03-03 01:00:16] - 상품 리뷰 작성 안내(remind_review)
[2021-03-03 01:00:16] - 타임세일 종료 상품 안내(remind_timesale)
[2021-03-03 01:00:16] - 회원등급 혜택 안내(remind_membership)
[2021-03-03 01:00:16] - 장바구니/위시리스트 상품 안내(remind_cart)
[2021-03-03 01:00:16] - 소멸 마일리지 안내(remind_emoney)
[2021-03-03 01:00:16] - 만료 할인쿠폰 알림(remind_coupon)
[2021-03-04 01:00:16] - 만료 할인쿠폰 알림(remind_coupon) - Err(Today is not monday)
[2021-03-04 01:00:16] - 소멸 마일리지 안내(remind_emoney) - Err(Today is not monday)
[2021-03-04 01:00:16] - 기념일 축하 안내(remind_anniversary)
[2021-03-04 01:00:16] - 생일 축하 안내(remind_birthday)
[2021-03-04 01:00:16] - 상품 리뷰 작성 안내(remind_review)
[2021-03-04 01:00:16] - 타임세일 종료 상품 안내(remind_timesale)
[2021-03-04 01:00:16] - 회원등급 혜택 안내(remind_membership)
[2021-03-04 01:00:16] - 장바구니/위시리스트 상품 안내(remind_cart)
[2021-03-04 01:00:16] - 소멸 마일리지 안내(remind_emoney)
[2021-03-04 01:00:16] - 만료 할인쿠폰 알림(remind_coupon)
[2021-03-05 01:00:16] - 만료 할인쿠폰 알림(remind_coupon) - Err(Today is not monday)
[2021-03-05 01:00:16] - 소멸 마일리지 안내(remind_emoney) - Err(Today is not monday)
[2021-03-05 01:00:16] - 기념일 축하 안내(remind_anniversary)
[2021-03-05 01:00:16] - 생일 축하 안내(remind_birthday)
[2021-03-05 01:00:16] - 상품 리뷰 작성 안내(remind_review)
[2021-03-05 01:00:16] - 타임세일 종료 상품 안내(remind_timesale)
[2021-03-05 01:00:16] - 회원등급 혜택 안내(remind_membership)
[2021-03-05 01:00:16] - 장바구니/위시리스트 상품 안내(remind_cart)
[2021-03-05 01:00:16] - 소멸 마일리지 안내(remind_emoney)
[2021-03-05 01:00:16] - 만료 할인쿠폰 알림(remind_coupon)
[2021-03-06 01:00:16] - 만료 할인쿠폰 알림(remind_coupon) - Err(Today is not monday)
[2021-03-06 01:00:16] - 소멸 마일리지 안내(remind_emoney) - Err(Today is not monday)
[2021-03-06 01:00:16] - 기념일 축하 안내(remind_anniversary)
[2021-03-06 01:00:16] - 생일 축하 안내(remind_birthday)
[2021-03-06 01:00:16] - 상품 리뷰 작성 안내(remind_review)
[2021-03-06 01:00:16] - 타임세일 종료 상품 안내(remind_timesale)
[2021-03-06 01:00:16] - 회원등급 혜택 안내(remind_membership)
[2021-03-06 01:00:16] - 장바구니/위시리스트 상품 안내(remind_cart)
[2021-03-06 01:00:16] - 소멸 마일리지 안내(remind_emoney)
[2021-03-06 01:00:16] - 만료 할인쿠폰 알림(remind_coupon)
[2021-03-07 01:00:17] - 만료 할인쿠폰 알림(remind_coupon) - Err(Today is not monday)
[2021-03-07 01:00:17] - 소멸 마일리지 안내(remind_emoney) - Err(Today is not monday)
[2021-03-07 01:00:17] - 기념일 축하 안내(remind_anniversary)
[2021-03-07 01:00:17] - 생일 축하 안내(remind_birthday)
[2021-03-07 01:00:17] - 상품 리뷰 작성 안내(remind_review)
[2021-03-07 01:00:17] - 타임세일 종료 상품 안내(remind_timesale)
[2021-03-07 01:00:17] - 회원등급 혜택 안내(remind_membership)
[2021-03-07 01:00:17] - 장바구니/위시리스트 상품 안내(remind_cart)
[2021-03-07 01:00:17] - 소멸 마일리지 안내(remind_emoney)
[2021-03-07 01:00:17] - 만료 할인쿠폰 알림(remind_coupon)
[2021-03-08 01:00:17] - 소멸 마일리지 안내(remind_emoney) - Err(Today is not monday)
[2021-03-08 01:00:17] - 기념일 축하 안내(remind_anniversary)
[2021-03-08 01:00:17] - 생일 축하 안내(remind_birthday)
[2021-03-08 01:00:17] - 상품 리뷰 작성 안내(remind_review)
[2021-03-08 01:00:17] - 타임세일 종료 상품 안내(remind_timesale)
[2021-03-08 01:00:17] - 회원등급 혜택 안내(remind_membership)
[2021-03-08 01:00:17] - 장바구니/위시리스트 상품 안내(remind_cart)
[2021-03-08 01:00:17] - 소멸 마일리지 안내(remind_emoney)
[2021-03-08 01:00:17] - 만료 할인쿠폰 알림(remind_coupon)
[2021-03-09 01:00:17] - 만료 할인쿠폰 알림(remind_coupon) - Err(Today is not monday)
[2021-03-09 01:00:17] - 소멸 마일리지 안내(remind_emoney) - Err(Today is not monday)
[2021-03-09 01:00:17] - 기념일 축하 안내(remind_anniversary)
[2021-03-09 01:00:17] - 생일 축하 안내(remind_birthday)
[2021-03-09 01:00:17] - 상품 리뷰 작성 안내(remind_review)
[2021-03-09 01:00:17] - 타임세일 종료 상품 안내(remind_timesale)
[2021-03-09 01:00:17] - 회원등급 혜택 안내(remind_membership)
[2021-03-09 01:00:17] - 장바구니/위시리스트 상품 안내(remind_cart)
[2021-03-09 01:00:17] - 소멸 마일리지 안내(remind_emoney)
[2021-03-09 01:00:17] - 만료 할인쿠폰 알림(remind_coupon)
[2021-03-10 01:00:16] - 만료 할인쿠폰 알림(remind_coupon) - Err(Today is not monday)
[2021-03-10 01:00:16] - 소멸 마일리지 안내(remind_emoney) - Err(Today is not monday)
[2021-03-10 01:00:16] - 기념일 축하 안내(remind_anniversary)
[2021-03-10 01:00:16] - 생일 축하 안내(remind_birthday)
[2021-03-10 01:00:16] - 상품 리뷰 작성 안내(remind_review)
[2021-03-10 01:00:16] - 타임세일 종료 상품 안내(remind_timesale)
[2021-03-10 01:00:16] - 회원등급 혜택 안내(remind_membership)
[2021-03-10 01:00:16] - 장바구니/위시리스트 상품 안내(remind_cart)
[2021-03-10 01:00:16] - 소멸 마일리지 안내(remind_emoney)
[2021-03-10 01:00:16] - 만료 할인쿠폰 알림(remind_coupon)
[2021-03-11 01:00:16] - 만료 할인쿠폰 알림(remind_coupon) - Err(Today is not monday)
[2021-03-11 01:00:16] - 소멸 마일리지 안내(remind_emoney) - Err(Today is not monday)
[2021-03-11 01:00:16] - 기념일 축하 안내(remind_anniversary)
[2021-03-11 01:00:16] - 생일 축하 안내(remind_birthday)
[2021-03-11 01:00:16] - 상품 리뷰 작성 안내(remind_review)
[2021-03-11 01:00:16] - 타임세일 종료 상품 안내(remind_timesale)
[2021-03-11 01:00:16] - 회원등급 혜택 안내(remind_membership)
[2021-03-11 01:00:16] - 장바구니/위시리스트 상품 안내(remind_cart)
[2021-03-11 01:00:16] - 소멸 마일리지 안내(remind_emoney)
[2021-03-11 01:00:16] - 만료 할인쿠폰 알림(remind_coupon)
[2021-03-12 01:00:15] - 만료 할인쿠폰 알림(remind_coupon) - Err(Today is not monday)
[2021-03-12 01:00:15] - 소멸 마일리지 안내(remind_emoney) - Err(Today is not monday)
[2021-03-12 01:00:15] - 기념일 축하 안내(remind_anniversary)
[2021-03-12 01:00:15] - 생일 축하 안내(remind_birthday)
[2021-03-12 01:00:15] - 상품 리뷰 작성 안내(remind_review)
[2021-03-12 01:00:15] - 타임세일 종료 상품 안내(remind_timesale)
[2021-03-12 01:00:15] - 회원등급 혜택 안내(remind_membership)
[2021-03-12 01:00:15] - 장바구니/위시리스트 상품 안내(remind_cart)
[2021-03-12 01:00:15] - 소멸 마일리지 안내(remind_emoney)
[2021-03-12 01:00:15] - 만료 할인쿠폰 알림(remind_coupon)
[2021-03-13 01:00:17] - 만료 할인쿠폰 알림(remind_coupon) - Err(Today is not monday)
[2021-03-13 01:00:17] - 소멸 마일리지 안내(remind_emoney) - Err(Today is not monday)
[2021-03-13 01:00:17] - 기념일 축하 안내(remind_anniversary)
[2021-03-13 01:00:17] - 생일 축하 안내(remind_birthday)
[2021-03-13 01:00:17] - 상품 리뷰 작성 안내(remind_review)
[2021-03-13 01:00:17] - 타임세일 종료 상품 안내(remind_timesale)
[2021-03-13 01:00:17] - 회원등급 혜택 안내(remind_membership)
[2021-03-13 01:00:17] - 장바구니/위시리스트 상품 안내(remind_cart)
[2021-03-13 01:00:17] - 소멸 마일리지 안내(remind_emoney)
[2021-03-13 01:00:17] - 만료 할인쿠폰 알림(remind_coupon)
[2021-03-14 01:00:16] - 만료 할인쿠폰 알림(remind_coupon) - Err(Today is not monday)
[2021-03-14 01:00:16] - 소멸 마일리지 안내(remind_emoney) - Err(Today is not monday)
[2021-03-14 01:00:16] - 기념일 축하 안내(remind_anniversary)
[2021-03-14 01:00:16] - 생일 축하 안내(remind_birthday)
[2021-03-14 01:00:16] - 상품 리뷰 작성 안내(remind_review)
[2021-03-14 01:00:16] - 타임세일 종료 상품 안내(remind_timesale)
[2021-03-14 01:00:16] - 회원등급 혜택 안내(remind_membership)
[2021-03-14 01:00:16] - 장바구니/위시리스트 상품 안내(remind_cart)
[2021-03-14 01:00:16] - 소멸 마일리지 안내(remind_emoney)
[2021-03-14 01:00:16] - 만료 할인쿠폰 알림(remind_coupon)
[2021-03-15 01:00:16] - 소멸 마일리지 안내(remind_emoney) - Err(Today is not monday)
[2021-03-15 01:00:16] - 기념일 축하 안내(remind_anniversary)
[2021-03-15 01:00:16] - 생일 축하 안내(remind_birthday)
[2021-03-15 01:00:16] - 상품 리뷰 작성 안내(remind_review)
[2021-03-15 01:00:16] - 타임세일 종료 상품 안내(remind_timesale)
[2021-03-15 01:00:16] - 회원등급 혜택 안내(remind_membership)
[2021-03-15 01:00:16] - 장바구니/위시리스트 상품 안내(remind_cart)
[2021-03-15 01:00:16] - 소멸 마일리지 안내(remind_emoney)
[2021-03-15 01:00:16] - 만료 할인쿠폰 알림(remind_coupon)
[2021-03-16 01:00:17] - 만료 할인쿠폰 알림(remind_coupon) - Err(Today is not monday)
[2021-03-16 01:00:17] - 소멸 마일리지 안내(remind_emoney) - Err(Today is not monday)
[2021-03-16 01:00:17] - 기념일 축하 안내(remind_anniversary)
[2021-03-16 01:00:17] - 생일 축하 안내(remind_birthday)
[2021-03-16 01:00:17] - 상품 리뷰 작성 안내(remind_review)
[2021-03-16 01:00:17] - 타임세일 종료 상품 안내(remind_timesale)
[2021-03-16 01:00:17] - 회원등급 혜택 안내(remind_membership)
[2021-03-16 01:00:17] - 장바구니/위시리스트 상품 안내(remind_cart)
[2021-03-16 01:00:17] - 소멸 마일리지 안내(remind_emoney)
[2021-03-16 01:00:17] - 만료 할인쿠폰 알림(remind_coupon)
[2021-03-17 01:00:17] - 만료 할인쿠폰 알림(remind_coupon) - Err(Today is not monday)
[2021-03-17 01:00:17] - 소멸 마일리지 안내(remind_emoney) - Err(Today is not monday)
[2021-03-17 01:00:17] - 기념일 축하 안내(remind_anniversary)
[2021-03-17 01:00:17] - 생일 축하 안내(remind_birthday)
[2021-03-17 01:00:17] - 상품 리뷰 작성 안내(remind_review)
[2021-03-17 01:00:17] - 타임세일 종료 상품 안내(remind_timesale)
[2021-03-17 01:00:17] - 회원등급 혜택 안내(remind_membership)
[2021-03-17 01:00:17] - 장바구니/위시리스트 상품 안내(remind_cart)
[2021-03-17 01:00:17] - 소멸 마일리지 안내(remind_emoney)
[2021-03-17 01:00:17] - 만료 할인쿠폰 알림(remind_coupon)
[2021-03-18 01:00:16] - 만료 할인쿠폰 알림(remind_coupon) - Err(Today is not monday)
[2021-03-18 01:00:16] - 소멸 마일리지 안내(remind_emoney) - Err(Today is not monday)
[2021-03-18 01:00:16] - 기념일 축하 안내(remind_anniversary)
[2021-03-18 01:00:16] - 생일 축하 안내(remind_birthday)
[2021-03-18 01:00:16] - 상품 리뷰 작성 안내(remind_review)
[2021-03-18 01:00:16] - 타임세일 종료 상품 안내(remind_timesale)
[2021-03-18 01:00:16] - 회원등급 혜택 안내(remind_membership)
[2021-03-18 01:00:16] - 장바구니/위시리스트 상품 안내(remind_cart)
[2021-03-18 01:00:16] - 소멸 마일리지 안내(remind_emoney)
[2021-03-18 01:00:16] - 만료 할인쿠폰 알림(remind_coupon)
[2021-03-19 01:00:17] - 만료 할인쿠폰 알림(remind_coupon) - Err(Today is not monday)
[2021-03-19 01:00:17] - 소멸 마일리지 안내(remind_emoney) - Err(Today is not monday)
[2021-03-19 01:00:17] - 기념일 축하 안내(remind_anniversary)
[2021-03-19 01:00:17] - 생일 축하 안내(remind_birthday)
[2021-03-19 01:00:17] - 상품 리뷰 작성 안내(remind_review)
[2021-03-19 01:00:17] - 타임세일 종료 상품 안내(remind_timesale)
[2021-03-19 01:00:17] - 회원등급 혜택 안내(remind_membership)
[2021-03-19 01:00:17] - 장바구니/위시리스트 상품 안내(remind_cart)
[2021-03-19 01:00:17] - 소멸 마일리지 안내(remind_emoney)
[2021-03-19 01:00:17] - 만료 할인쿠폰 알림(remind_coupon)
[2021-03-20 01:00:16] - 만료 할인쿠폰 알림(remind_coupon) - Err(Today is not monday)
[2021-03-20 01:00:16] - 소멸 마일리지 안내(remind_emoney) - Err(Today is not monday)
[2021-03-20 01:00:16] - 기념일 축하 안내(remind_anniversary)
[2021-03-20 01:00:16] - 생일 축하 안내(remind_birthday)
[2021-03-20 01:00:16] - 상품 리뷰 작성 안내(remind_review)
[2021-03-20 01:00:16] - 타임세일 종료 상품 안내(remind_timesale)
[2021-03-20 01:00:16] - 회원등급 혜택 안내(remind_membership)
[2021-03-20 01:00:16] - 장바구니/위시리스트 상품 안내(remind_cart)
[2021-03-20 01:00:16] - 소멸 마일리지 안내(remind_emoney)
[2021-03-20 01:00:16] - 만료 할인쿠폰 알림(remind_coupon)
[2021-03-21 01:00:16] - 만료 할인쿠폰 알림(remind_coupon) - Err(Today is not monday)
[2021-03-21 01:00:16] - 소멸 마일리지 안내(remind_emoney) - Err(Today is not monday)
[2021-03-21 01:00:16] - 기념일 축하 안내(remind_anniversary)
[2021-03-21 01:00:16] - 생일 축하 안내(remind_birthday)
[2021-03-21 01:00:16] - 상품 리뷰 작성 안내(remind_review)
[2021-03-21 01:00:16] - 타임세일 종료 상품 안내(remind_timesale)
[2021-03-21 01:00:16] - 회원등급 혜택 안내(remind_membership)
[2021-03-21 01:00:16] - 장바구니/위시리스트 상품 안내(remind_cart)
[2021-03-21 01:00:16] - 소멸 마일리지 안내(remind_emoney)
[2021-03-21 01:00:16] - 만료 할인쿠폰 알림(remind_coupon)
[2021-03-22 01:00:17] - 소멸 마일리지 안내(remind_emoney) - Err(Today is not monday)
[2021-03-22 01:00:17] - 기념일 축하 안내(remind_anniversary)
[2021-03-22 01:00:17] - 생일 축하 안내(remind_birthday)
[2021-03-22 01:00:17] - 상품 리뷰 작성 안내(remind_review)
[2021-03-22 01:00:17] - 타임세일 종료 상품 안내(remind_timesale)
[2021-03-22 01:00:17] - 회원등급 혜택 안내(remind_membership)
[2021-03-22 01:00:17] - 장바구니/위시리스트 상품 안내(remind_cart)
[2021-03-22 01:00:17] - 소멸 마일리지 안내(remind_emoney)
[2021-03-22 01:00:17] - 만료 할인쿠폰 알림(remind_coupon)
[2021-03-24 01:00:32] - 만료 할인쿠폰 알림(remind_coupon) - Err(Today is not monday)
[2021-03-24 01:00:32] - 소멸 마일리지 안내(remind_emoney) - Err(Today is not monday)
[2021-03-24 01:00:32] - 기념일 축하 안내(remind_anniversary)
[2021-03-24 01:00:32] - 생일 축하 안내(remind_birthday)
[2021-03-24 01:00:32] - 상품 리뷰 작성 안내(remind_review)
[2021-03-24 01:00:32] - 타임세일 종료 상품 안내(remind_timesale)
[2021-03-24 01:00:32] - 회원등급 혜택 안내(remind_membership)
[2021-03-24 01:00:32] - 장바구니/위시리스트 상품 안내(remind_cart)
[2021-03-24 01:00:32] - 소멸 마일리지 안내(remind_emoney)
[2021-03-24 01:00:32] - 만료 할인쿠폰 알림(remind_coupon)
[2021-03-25 01:00:27] - 만료 할인쿠폰 알림(remind_coupon) - Err(Today is not monday)
[2021-03-25 01:00:27] - 소멸 마일리지 안내(remind_emoney) - Err(Today is not monday)
[2021-03-25 01:00:27] - 기념일 축하 안내(remind_anniversary)
[2021-03-25 01:00:27] - 생일 축하 안내(remind_birthday)
[2021-03-25 01:00:27] - 상품 리뷰 작성 안내(remind_review)
[2021-03-25 01:00:27] - 타임세일 종료 상품 안내(remind_timesale)
[2021-03-25 01:00:27] - 회원등급 혜택 안내(remind_membership)
[2021-03-25 01:00:27] - 장바구니/위시리스트 상품 안내(remind_cart)
[2021-03-25 01:00:27] - 소멸 마일리지 안내(remind_emoney)
[2021-03-25 01:00:27] - 만료 할인쿠폰 알림(remind_coupon)
[2021-03-26 01:00:27] - 만료 할인쿠폰 알림(remind_coupon) - Err(Today is not monday)
[2021-03-26 01:00:27] - 소멸 마일리지 안내(remind_emoney) - Err(Today is not monday)
[2021-03-26 01:00:28] - 기념일 축하 안내(remind_anniversary)
[2021-03-26 01:00:28] - 생일 축하 안내(remind_birthday)
[2021-03-26 01:00:28] - 상품 리뷰 작성 안내(remind_review)
[2021-03-26 01:00:28] - 타임세일 종료 상품 안내(remind_timesale)
[2021-03-26 01:00:28] - 회원등급 혜택 안내(remind_membership)
[2021-03-26 01:00:28] - 장바구니/위시리스트 상품 안내(remind_cart)
[2021-03-26 01:00:28] - 소멸 마일리지 안내(remind_emoney)
[2021-03-26 01:00:28] - 만료 할인쿠폰 알림(remind_coupon)
[2021-03-27 01:00:24] - 만료 할인쿠폰 알림(remind_coupon) - Err(Today is not monday)
[2021-03-27 01:00:24] - 소멸 마일리지 안내(remind_emoney) - Err(Today is not monday)
[2021-03-27 01:00:25] - 기념일 축하 안내(remind_anniversary)
[2021-03-27 01:00:25] - 생일 축하 안내(remind_birthday)
[2021-03-27 01:00:25] - 상품 리뷰 작성 안내(remind_review)
[2021-03-27 01:00:25] - 타임세일 종료 상품 안내(remind_timesale)
[2021-03-27 01:00:25] - 회원등급 혜택 안내(remind_membership)
[2021-03-27 01:00:25] - 장바구니/위시리스트 상품 안내(remind_cart)
[2021-03-27 01:00:25] - 소멸 마일리지 안내(remind_emoney)
[2021-03-27 01:00:25] - 만료 할인쿠폰 알림(remind_coupon)
[2021-03-28 01:00:27] - 만료 할인쿠폰 알림(remind_coupon) - Err(Today is not monday)
[2021-03-28 01:00:27] - 소멸 마일리지 안내(remind_emoney) - Err(Today is not monday)
[2021-03-28 01:00:27] - 기념일 축하 안내(remind_anniversary)
[2021-03-28 01:00:27] - 생일 축하 안내(remind_birthday)
[2021-03-28 01:00:27] - 상품 리뷰 작성 안내(remind_review)
[2021-03-28 01:00:27] - 타임세일 종료 상품 안내(remind_timesale)
[2021-03-28 01:00:27] - 회원등급 혜택 안내(remind_membership)
[2021-03-28 01:00:27] - 장바구니/위시리스트 상품 안내(remind_cart)
[2021-03-28 01:00:27] - 소멸 마일리지 안내(remind_emoney)
[2021-03-28 01:00:27] - 만료 할인쿠폰 알림(remind_coupon)
[2021-03-29 01:00:27] - 소멸 마일리지 안내(remind_emoney) - Err(Today is not monday)
[2021-03-29 01:00:28] - 기념일 축하 안내(remind_anniversary)
[2021-03-29 01:00:28] - 생일 축하 안내(remind_birthday)
[2021-03-29 01:00:28] - 상품 리뷰 작성 안내(remind_review)
[2021-03-29 01:00:28] - 타임세일 종료 상품 안내(remind_timesale)
[2021-03-29 01:00:28] - 회원등급 혜택 안내(remind_membership)
[2021-03-29 01:00:28] - 장바구니/위시리스트 상품 안내(remind_cart)
[2021-03-29 01:00:28] - 소멸 마일리지 안내(remind_emoney)
[2021-03-29 01:00:28] - 만료 할인쿠폰 알림(remind_coupon)
[2021-03-30 01:01:07] - 만료 할인쿠폰 알림(remind_coupon) - Err(Today is not monday)
[2021-03-30 01:01:07] - 소멸 마일리지 안내(remind_emoney) - Err(Today is not monday)
[2021-03-30 01:01:07] - 기념일 축하 안내(remind_anniversary)
[2021-03-30 01:01:07] - 생일 축하 안내(remind_birthday)
[2021-03-30 01:01:07] - 상품 리뷰 작성 안내(remind_review)
[2021-03-30 01:01:07] - 타임세일 종료 상품 안내(remind_timesale)
[2021-03-30 01:01:07] - 회원등급 혜택 안내(remind_membership)
[2021-03-30 01:01:07] - 장바구니/위시리스트 상품 안내(remind_cart)
[2021-03-30 01:01:07] - 소멸 마일리지 안내(remind_emoney)
[2021-03-30 01:01:07] - 만료 할인쿠폰 알림(remind_coupon)
[2021-03-31 01:00:48] - 만료 할인쿠폰 알림(remind_coupon) - Err(Today is not monday)
[2021-03-31 01:00:48] - 소멸 마일리지 안내(remind_emoney) - Err(Today is not monday)
[2021-03-31 01:00:51] - 기념일 축하 안내(remind_anniversary)
[2021-03-31 01:00:51] - 생일 축하 안내(remind_birthday)
[2021-03-31 01:00:51] - 상품 리뷰 작성 안내(remind_review)
[2021-03-31 01:00:51] - 타임세일 종료 상품 안내(remind_timesale)
[2021-03-31 01:00:51] - 회원등급 혜택 안내(remind_membership)
[2021-03-31 01:00:51] - 장바구니/위시리스트 상품 안내(remind_cart)
[2021-03-31 01:00:51] - 소멸 마일리지 안내(remind_emoney)
[2021-03-31 01:00:51] - 만료 할인쿠폰 알림(remind_coupon)
