[2021-01-01 01:00:12] - KICC 코드 동기화(kicc_code)
[2021-01-01 01:00:12] - SMS 국가 코드(sms_national_code)
[2021-01-01 01:00:12] - 서버 캐시파일 삭제(delete_caches)
[2021-01-01 01:00:12] - 엑셀 파일 삭제(delete_excel_file)
[2021-01-01 01:00:12] - 언어별 js메시지 파일 생성(create_alert_file)
[2021-01-01 01:00:12] - 부가서비스 이슈 알림(addservice_notify)
[2021-01-01 01:00:12] - 관리자 중요행위 알림 캐시파일 생성(makeCacheActionAert)
[2021-01-01 01:00:12] - 사용 용량 업데이트(du_check)
[2021-01-01 01:00:12] - 플래시 캐시 파일 삭제(delete_flash_cach)
[2021-01-01 01:00:12] - 캡차 파일 삭제(captcha_file_delete)
[2021-01-01 01:00:12] - 오래된 파일 삭제(tmp_file_delete)
[2021-01-01 01:00:12] - 카카오알림톡 템플릿 동기화(kakaotalk_template)
[2021-01-01 01:00:12] - 엑셀다운로드데이터 삭제(delete_excel_temp)
[2021-01-01 01:00:12] - naverpay 삭제(log_naverpay_delete)
[2021-01-01 01:00:12] - captcha 삭제(log_captcha_delete)
[2021-01-01 01:00:12] - email log 삭제(log_email_delete)
[2021-01-01 01:00:12] - 장바구니 비우기(empty_cart)
[2021-01-01 01:00:12] - 엑심베이 코드 동기화(eximbay)
[2021-01-01 01:00:12] - NPay 택배사 매핑 동기화(npay_delivery_company_code)
[2021-01-01 01:00:12] - 코드 동기화(code_sync)
[2021-01-01 01:00:12] - config 동기화(config_sync)
[2021-01-01 01:00:12] - 택배사 동기화(delivery_url)
[2021-01-01 01:00:12] - 쇼핑몰 분류 동기화(shop_branch)
[2021-01-02 01:00:11] - KICC 코드 동기화(kicc_code)
[2021-01-02 01:00:11] - SMS 국가 코드(sms_national_code)
[2021-01-02 01:00:11] - 서버 캐시파일 삭제(delete_caches)
[2021-01-02 01:00:11] - 엑셀 파일 삭제(delete_excel_file)
[2021-01-02 01:00:11] - 언어별 js메시지 파일 생성(create_alert_file)
[2021-01-02 01:00:11] - 부가서비스 이슈 알림(addservice_notify)
[2021-01-02 01:00:11] - 관리자 중요행위 알림 캐시파일 생성(makeCacheActionAert)
[2021-01-02 01:00:11] - 사용 용량 업데이트(du_check)
[2021-01-02 01:00:11] - 플래시 캐시 파일 삭제(delete_flash_cach)
[2021-01-02 01:00:11] - 캡차 파일 삭제(captcha_file_delete)
[2021-01-02 01:00:11] - 오래된 파일 삭제(tmp_file_delete)
[2021-01-02 01:00:11] - 카카오알림톡 템플릿 동기화(kakaotalk_template)
[2021-01-02 01:00:11] - 엑셀다운로드데이터 삭제(delete_excel_temp)
[2021-01-02 01:00:11] - naverpay 삭제(log_naverpay_delete)
[2021-01-02 01:00:11] - captcha 삭제(log_captcha_delete)
[2021-01-02 01:00:11] - email log 삭제(log_email_delete)
[2021-01-02 01:00:11] - 장바구니 비우기(empty_cart)
[2021-01-02 01:00:11] - 엑심베이 코드 동기화(eximbay)
[2021-01-02 01:00:11] - NPay 택배사 매핑 동기화(npay_delivery_company_code)
[2021-01-02 01:00:11] - 코드 동기화(code_sync)
[2021-01-02 01:00:11] - config 동기화(config_sync)
[2021-01-02 01:00:11] - 택배사 동기화(delivery_url)
[2021-01-02 01:00:11] - 쇼핑몰 분류 동기화(shop_branch)
[2021-01-03 01:00:12] - KICC 코드 동기화(kicc_code)
[2021-01-03 01:00:12] - SMS 국가 코드(sms_national_code)
[2021-01-03 01:00:12] - 서버 캐시파일 삭제(delete_caches)
[2021-01-03 01:00:12] - 엑셀 파일 삭제(delete_excel_file)
[2021-01-03 01:00:12] - 언어별 js메시지 파일 생성(create_alert_file)
[2021-01-03 01:00:12] - 부가서비스 이슈 알림(addservice_notify)
[2021-01-03 01:00:12] - 관리자 중요행위 알림 캐시파일 생성(makeCacheActionAert)
[2021-01-03 01:00:12] - 사용 용량 업데이트(du_check)
[2021-01-03 01:00:12] - 플래시 캐시 파일 삭제(delete_flash_cach)
[2021-01-03 01:00:12] - 캡차 파일 삭제(captcha_file_delete)
[2021-01-03 01:00:12] - 오래된 파일 삭제(tmp_file_delete)
[2021-01-03 01:00:12] - 카카오알림톡 템플릿 동기화(kakaotalk_template)
[2021-01-03 01:00:12] - 엑셀다운로드데이터 삭제(delete_excel_temp)
[2021-01-03 01:00:12] - naverpay 삭제(log_naverpay_delete)
[2021-01-03 01:00:12] - captcha 삭제(log_captcha_delete)
[2021-01-03 01:00:12] - email log 삭제(log_email_delete)
[2021-01-03 01:00:12] - 장바구니 비우기(empty_cart)
[2021-01-03 01:00:12] - 엑심베이 코드 동기화(eximbay)
[2021-01-03 01:00:12] - NPay 택배사 매핑 동기화(npay_delivery_company_code)
[2021-01-03 01:00:12] - 코드 동기화(code_sync)
[2021-01-03 01:00:12] - config 동기화(config_sync)
[2021-01-03 01:00:12] - 택배사 동기화(delivery_url)
[2021-01-03 01:00:12] - 쇼핑몰 분류 동기화(shop_branch)
[2021-01-04 01:00:12] - KICC 코드 동기화(kicc_code)
[2021-01-04 01:00:12] - SMS 국가 코드(sms_national_code)
[2021-01-04 01:00:12] - 서버 캐시파일 삭제(delete_caches)
[2021-01-04 01:00:12] - 엑셀 파일 삭제(delete_excel_file)
[2021-01-04 01:00:12] - 언어별 js메시지 파일 생성(create_alert_file)
[2021-01-04 01:00:12] - 부가서비스 이슈 알림(addservice_notify)
[2021-01-04 01:00:12] - 관리자 중요행위 알림 캐시파일 생성(makeCacheActionAert)
[2021-01-04 01:00:12] - 사용 용량 업데이트(du_check)
[2021-01-04 01:00:12] - 플래시 캐시 파일 삭제(delete_flash_cach)
[2021-01-04 01:00:12] - 캡차 파일 삭제(captcha_file_delete)
[2021-01-04 01:00:12] - 오래된 파일 삭제(tmp_file_delete)
[2021-01-04 01:00:12] - 카카오알림톡 템플릿 동기화(kakaotalk_template)
[2021-01-04 01:00:12] - 엑셀다운로드데이터 삭제(delete_excel_temp)
[2021-01-04 01:00:12] - naverpay 삭제(log_naverpay_delete)
[2021-01-04 01:00:12] - captcha 삭제(log_captcha_delete)
[2021-01-04 01:00:12] - email log 삭제(log_email_delete)
[2021-01-04 01:00:12] - 장바구니 비우기(empty_cart)
[2021-01-04 01:00:12] - 엑심베이 코드 동기화(eximbay)
[2021-01-04 01:00:12] - NPay 택배사 매핑 동기화(npay_delivery_company_code)
[2021-01-04 01:00:12] - 코드 동기화(code_sync)
[2021-01-04 01:00:12] - config 동기화(config_sync)
[2021-01-04 01:00:12] - 택배사 동기화(delivery_url)
[2021-01-04 01:00:12] - 쇼핑몰 분류 동기화(shop_branch)
[2021-01-05 01:00:12] - KICC 코드 동기화(kicc_code)
[2021-01-05 01:00:12] - SMS 국가 코드(sms_national_code)
[2021-01-05 01:00:12] - 서버 캐시파일 삭제(delete_caches)
[2021-01-05 01:00:12] - 엑셀 파일 삭제(delete_excel_file)
[2021-01-05 01:00:12] - 언어별 js메시지 파일 생성(create_alert_file)
[2021-01-05 01:00:12] - 부가서비스 이슈 알림(addservice_notify)
[2021-01-05 01:00:12] - 관리자 중요행위 알림 캐시파일 생성(makeCacheActionAert)
[2021-01-05 01:00:12] - 사용 용량 업데이트(du_check)
[2021-01-05 01:00:12] - 플래시 캐시 파일 삭제(delete_flash_cach)
[2021-01-05 01:00:12] - 캡차 파일 삭제(captcha_file_delete)
[2021-01-05 01:00:12] - 오래된 파일 삭제(tmp_file_delete)
[2021-01-05 01:00:12] - 카카오알림톡 템플릿 동기화(kakaotalk_template)
[2021-01-05 01:00:12] - 엑셀다운로드데이터 삭제(delete_excel_temp)
[2021-01-05 01:00:12] - naverpay 삭제(log_naverpay_delete)
[2021-01-05 01:00:12] - captcha 삭제(log_captcha_delete)
[2021-01-05 01:00:12] - email log 삭제(log_email_delete)
[2021-01-05 01:00:12] - 장바구니 비우기(empty_cart)
[2021-01-05 01:00:12] - 엑심베이 코드 동기화(eximbay)
[2021-01-05 01:00:12] - NPay 택배사 매핑 동기화(npay_delivery_company_code)
[2021-01-05 01:00:12] - 코드 동기화(code_sync)
[2021-01-05 01:00:12] - config 동기화(config_sync)
[2021-01-05 01:00:12] - 택배사 동기화(delivery_url)
[2021-01-05 01:00:12] - 쇼핑몰 분류 동기화(shop_branch)
[2021-01-06 01:00:12] - KICC 코드 동기화(kicc_code)
[2021-01-06 01:00:12] - SMS 국가 코드(sms_national_code)
[2021-01-06 01:00:12] - 서버 캐시파일 삭제(delete_caches)
[2021-01-06 01:00:12] - 엑셀 파일 삭제(delete_excel_file)
[2021-01-06 01:00:12] - 언어별 js메시지 파일 생성(create_alert_file)
[2021-01-06 01:00:12] - 부가서비스 이슈 알림(addservice_notify)
[2021-01-06 01:00:12] - 관리자 중요행위 알림 캐시파일 생성(makeCacheActionAert)
[2021-01-06 01:00:12] - 사용 용량 업데이트(du_check)
[2021-01-06 01:00:12] - 플래시 캐시 파일 삭제(delete_flash_cach)
[2021-01-06 01:00:12] - 캡차 파일 삭제(captcha_file_delete)
[2021-01-06 01:00:12] - 오래된 파일 삭제(tmp_file_delete)
[2021-01-06 01:00:12] - 카카오알림톡 템플릿 동기화(kakaotalk_template)
[2021-01-06 01:00:12] - 엑셀다운로드데이터 삭제(delete_excel_temp)
[2021-01-06 01:00:12] - naverpay 삭제(log_naverpay_delete)
[2021-01-06 01:00:12] - captcha 삭제(log_captcha_delete)
[2021-01-06 01:00:12] - email log 삭제(log_email_delete)
[2021-01-06 01:00:12] - 장바구니 비우기(empty_cart)
[2021-01-06 01:00:12] - 엑심베이 코드 동기화(eximbay)
[2021-01-06 01:00:12] - NPay 택배사 매핑 동기화(npay_delivery_company_code)
[2021-01-06 01:00:12] - 코드 동기화(code_sync)
[2021-01-06 01:00:12] - config 동기화(config_sync)
[2021-01-06 01:00:12] - 택배사 동기화(delivery_url)
[2021-01-06 01:00:12] - 쇼핑몰 분류 동기화(shop_branch)
[2021-01-07 01:00:13] - KICC 코드 동기화(kicc_code)
[2021-01-07 01:00:13] - SMS 국가 코드(sms_national_code)
[2021-01-07 01:00:13] - 서버 캐시파일 삭제(delete_caches)
[2021-01-07 01:00:13] - 엑셀 파일 삭제(delete_excel_file)
[2021-01-07 01:00:13] - 언어별 js메시지 파일 생성(create_alert_file)
[2021-01-07 01:00:13] - 부가서비스 이슈 알림(addservice_notify)
[2021-01-07 01:00:13] - 관리자 중요행위 알림 캐시파일 생성(makeCacheActionAert)
[2021-01-07 01:00:13] - 사용 용량 업데이트(du_check)
[2021-01-07 01:00:13] - 플래시 캐시 파일 삭제(delete_flash_cach)
[2021-01-07 01:00:13] - 캡차 파일 삭제(captcha_file_delete)
[2021-01-07 01:00:13] - 오래된 파일 삭제(tmp_file_delete)
[2021-01-07 01:00:13] - 카카오알림톡 템플릿 동기화(kakaotalk_template)
[2021-01-07 01:00:13] - 엑셀다운로드데이터 삭제(delete_excel_temp)
[2021-01-07 01:00:13] - naverpay 삭제(log_naverpay_delete)
[2021-01-07 01:00:13] - captcha 삭제(log_captcha_delete)
[2021-01-07 01:00:13] - email log 삭제(log_email_delete)
[2021-01-07 01:00:13] - 장바구니 비우기(empty_cart)
[2021-01-07 01:00:13] - 엑심베이 코드 동기화(eximbay)
[2021-01-07 01:00:13] - NPay 택배사 매핑 동기화(npay_delivery_company_code)
[2021-01-07 01:00:13] - 코드 동기화(code_sync)
[2021-01-07 01:00:13] - config 동기화(config_sync)
[2021-01-07 01:00:13] - 택배사 동기화(delivery_url)
[2021-01-07 01:00:13] - 쇼핑몰 분류 동기화(shop_branch)
[2021-01-08 01:00:12] - KICC 코드 동기화(kicc_code)
[2021-01-08 01:00:12] - SMS 국가 코드(sms_national_code)
[2021-01-08 01:00:12] - 서버 캐시파일 삭제(delete_caches)
[2021-01-08 01:00:12] - 엑셀 파일 삭제(delete_excel_file)
[2021-01-08 01:00:12] - 언어별 js메시지 파일 생성(create_alert_file)
[2021-01-08 01:00:12] - 부가서비스 이슈 알림(addservice_notify)
[2021-01-08 01:00:12] - 관리자 중요행위 알림 캐시파일 생성(makeCacheActionAert)
[2021-01-08 01:00:12] - 사용 용량 업데이트(du_check)
[2021-01-08 01:00:12] - 플래시 캐시 파일 삭제(delete_flash_cach)
[2021-01-08 01:00:12] - 캡차 파일 삭제(captcha_file_delete)
[2021-01-08 01:00:12] - 오래된 파일 삭제(tmp_file_delete)
[2021-01-08 01:00:12] - 카카오알림톡 템플릿 동기화(kakaotalk_template)
[2021-01-08 01:00:12] - 엑셀다운로드데이터 삭제(delete_excel_temp)
[2021-01-08 01:00:12] - naverpay 삭제(log_naverpay_delete)
[2021-01-08 01:00:12] - captcha 삭제(log_captcha_delete)
[2021-01-08 01:00:12] - email log 삭제(log_email_delete)
[2021-01-08 01:00:12] - 장바구니 비우기(empty_cart)
[2021-01-08 01:00:12] - 엑심베이 코드 동기화(eximbay)
[2021-01-08 01:00:12] - NPay 택배사 매핑 동기화(npay_delivery_company_code)
[2021-01-08 01:00:12] - 코드 동기화(code_sync)
[2021-01-08 01:00:12] - config 동기화(config_sync)
[2021-01-08 01:00:12] - 택배사 동기화(delivery_url)
[2021-01-08 01:00:12] - 쇼핑몰 분류 동기화(shop_branch)
[2021-01-09 01:00:13] - KICC 코드 동기화(kicc_code)
[2021-01-09 01:00:13] - SMS 국가 코드(sms_national_code)
[2021-01-09 01:00:13] - 서버 캐시파일 삭제(delete_caches)
[2021-01-09 01:00:13] - 엑셀 파일 삭제(delete_excel_file)
[2021-01-09 01:00:13] - 언어별 js메시지 파일 생성(create_alert_file)
[2021-01-09 01:00:13] - 부가서비스 이슈 알림(addservice_notify)
[2021-01-09 01:00:13] - 관리자 중요행위 알림 캐시파일 생성(makeCacheActionAert)
[2021-01-09 01:00:13] - 사용 용량 업데이트(du_check)
[2021-01-09 01:00:13] - 플래시 캐시 파일 삭제(delete_flash_cach)
[2021-01-09 01:00:13] - 캡차 파일 삭제(captcha_file_delete)
[2021-01-09 01:00:13] - 오래된 파일 삭제(tmp_file_delete)
[2021-01-09 01:00:13] - 카카오알림톡 템플릿 동기화(kakaotalk_template)
[2021-01-09 01:00:13] - 엑셀다운로드데이터 삭제(delete_excel_temp)
[2021-01-09 01:00:13] - naverpay 삭제(log_naverpay_delete)
[2021-01-09 01:00:13] - captcha 삭제(log_captcha_delete)
[2021-01-09 01:00:13] - email log 삭제(log_email_delete)
[2021-01-09 01:00:13] - 장바구니 비우기(empty_cart)
[2021-01-09 01:00:13] - 엑심베이 코드 동기화(eximbay)
[2021-01-09 01:00:13] - NPay 택배사 매핑 동기화(npay_delivery_company_code)
[2021-01-09 01:00:13] - 코드 동기화(code_sync)
[2021-01-09 01:00:13] - config 동기화(config_sync)
[2021-01-09 01:00:13] - 택배사 동기화(delivery_url)
[2021-01-09 01:00:13] - 쇼핑몰 분류 동기화(shop_branch)
[2021-01-10 01:00:12] - KICC 코드 동기화(kicc_code)
[2021-01-10 01:00:12] - SMS 국가 코드(sms_national_code)
[2021-01-10 01:00:12] - 서버 캐시파일 삭제(delete_caches)
[2021-01-10 01:00:12] - 엑셀 파일 삭제(delete_excel_file)
[2021-01-10 01:00:12] - 언어별 js메시지 파일 생성(create_alert_file)
[2021-01-10 01:00:12] - 부가서비스 이슈 알림(addservice_notify)
[2021-01-10 01:00:12] - 관리자 중요행위 알림 캐시파일 생성(makeCacheActionAert)
[2021-01-10 01:00:12] - 사용 용량 업데이트(du_check)
[2021-01-10 01:00:12] - 플래시 캐시 파일 삭제(delete_flash_cach)
[2021-01-10 01:00:12] - 캡차 파일 삭제(captcha_file_delete)
[2021-01-10 01:00:12] - 오래된 파일 삭제(tmp_file_delete)
[2021-01-10 01:00:12] - 카카오알림톡 템플릿 동기화(kakaotalk_template)
[2021-01-10 01:00:12] - 엑셀다운로드데이터 삭제(delete_excel_temp)
[2021-01-10 01:00:12] - naverpay 삭제(log_naverpay_delete)
[2021-01-10 01:00:12] - captcha 삭제(log_captcha_delete)
[2021-01-10 01:00:12] - email log 삭제(log_email_delete)
[2021-01-10 01:00:12] - 장바구니 비우기(empty_cart)
[2021-01-10 01:00:12] - 엑심베이 코드 동기화(eximbay)
[2021-01-10 01:00:12] - NPay 택배사 매핑 동기화(npay_delivery_company_code)
[2021-01-10 01:00:12] - 코드 동기화(code_sync)
[2021-01-10 01:00:12] - config 동기화(config_sync)
[2021-01-10 01:00:12] - 택배사 동기화(delivery_url)
[2021-01-10 01:00:12] - 쇼핑몰 분류 동기화(shop_branch)
[2021-01-11 01:00:13] - KICC 코드 동기화(kicc_code)
[2021-01-11 01:00:13] - SMS 국가 코드(sms_national_code)
[2021-01-11 01:00:13] - 서버 캐시파일 삭제(delete_caches)
[2021-01-11 01:00:13] - 엑셀 파일 삭제(delete_excel_file)
[2021-01-11 01:00:13] - 언어별 js메시지 파일 생성(create_alert_file)
[2021-01-11 01:00:13] - 부가서비스 이슈 알림(addservice_notify)
[2021-01-11 01:00:13] - 관리자 중요행위 알림 캐시파일 생성(makeCacheActionAert)
[2021-01-11 01:00:13] - 사용 용량 업데이트(du_check)
[2021-01-11 01:00:13] - 플래시 캐시 파일 삭제(delete_flash_cach)
[2021-01-11 01:00:13] - 캡차 파일 삭제(captcha_file_delete)
[2021-01-11 01:00:13] - 오래된 파일 삭제(tmp_file_delete)
[2021-01-11 01:00:13] - 카카오알림톡 템플릿 동기화(kakaotalk_template)
[2021-01-11 01:00:13] - 엑셀다운로드데이터 삭제(delete_excel_temp)
[2021-01-11 01:00:13] - naverpay 삭제(log_naverpay_delete)
[2021-01-11 01:00:13] - captcha 삭제(log_captcha_delete)
[2021-01-11 01:00:13] - email log 삭제(log_email_delete)
[2021-01-11 01:00:13] - 장바구니 비우기(empty_cart)
[2021-01-11 01:00:13] - 엑심베이 코드 동기화(eximbay)
[2021-01-11 01:00:13] - NPay 택배사 매핑 동기화(npay_delivery_company_code)
[2021-01-11 01:00:13] - 코드 동기화(code_sync)
[2021-01-11 01:00:13] - config 동기화(config_sync)
[2021-01-11 01:00:13] - 택배사 동기화(delivery_url)
[2021-01-11 01:00:13] - 쇼핑몰 분류 동기화(shop_branch)
[2021-01-12 01:00:12] - KICC 코드 동기화(kicc_code)
[2021-01-12 01:00:12] - SMS 국가 코드(sms_national_code)
[2021-01-12 01:00:12] - 서버 캐시파일 삭제(delete_caches)
[2021-01-12 01:00:12] - 엑셀 파일 삭제(delete_excel_file)
[2021-01-12 01:00:12] - 언어별 js메시지 파일 생성(create_alert_file)
[2021-01-12 01:00:12] - 부가서비스 이슈 알림(addservice_notify)
[2021-01-12 01:00:12] - 관리자 중요행위 알림 캐시파일 생성(makeCacheActionAert)
[2021-01-12 01:00:12] - 사용 용량 업데이트(du_check)
[2021-01-12 01:00:12] - 플래시 캐시 파일 삭제(delete_flash_cach)
[2021-01-12 01:00:12] - 캡차 파일 삭제(captcha_file_delete)
[2021-01-12 01:00:12] - 오래된 파일 삭제(tmp_file_delete)
[2021-01-12 01:00:12] - 카카오알림톡 템플릿 동기화(kakaotalk_template)
[2021-01-12 01:00:12] - 엑셀다운로드데이터 삭제(delete_excel_temp)
[2021-01-12 01:00:12] - naverpay 삭제(log_naverpay_delete)
[2021-01-12 01:00:12] - captcha 삭제(log_captcha_delete)
[2021-01-12 01:00:12] - email log 삭제(log_email_delete)
[2021-01-12 01:00:12] - 장바구니 비우기(empty_cart)
[2021-01-12 01:00:12] - 엑심베이 코드 동기화(eximbay)
[2021-01-12 01:00:12] - NPay 택배사 매핑 동기화(npay_delivery_company_code)
[2021-01-12 01:00:12] - 코드 동기화(code_sync)
[2021-01-12 01:00:12] - config 동기화(config_sync)
[2021-01-12 01:00:12] - 택배사 동기화(delivery_url)
[2021-01-12 01:00:12] - 쇼핑몰 분류 동기화(shop_branch)
[2021-01-13 01:00:14] - KICC 코드 동기화(kicc_code)
[2021-01-13 01:00:14] - SMS 국가 코드(sms_national_code)
[2021-01-13 01:00:14] - 서버 캐시파일 삭제(delete_caches)
[2021-01-13 01:00:14] - 엑셀 파일 삭제(delete_excel_file)
[2021-01-13 01:00:14] - 언어별 js메시지 파일 생성(create_alert_file)
[2021-01-13 01:00:14] - 부가서비스 이슈 알림(addservice_notify)
[2021-01-13 01:00:14] - 관리자 중요행위 알림 캐시파일 생성(makeCacheActionAert)
[2021-01-13 01:00:14] - 사용 용량 업데이트(du_check)
[2021-01-13 01:00:14] - 플래시 캐시 파일 삭제(delete_flash_cach)
[2021-01-13 01:00:14] - 캡차 파일 삭제(captcha_file_delete)
[2021-01-13 01:00:14] - 오래된 파일 삭제(tmp_file_delete)
[2021-01-13 01:00:14] - 카카오알림톡 템플릿 동기화(kakaotalk_template)
[2021-01-13 01:00:14] - 엑셀다운로드데이터 삭제(delete_excel_temp)
[2021-01-13 01:00:14] - naverpay 삭제(log_naverpay_delete)
[2021-01-13 01:00:14] - captcha 삭제(log_captcha_delete)
[2021-01-13 01:00:14] - email log 삭제(log_email_delete)
[2021-01-13 01:00:14] - 장바구니 비우기(empty_cart)
[2021-01-13 01:00:14] - 엑심베이 코드 동기화(eximbay)
[2021-01-13 01:00:14] - NPay 택배사 매핑 동기화(npay_delivery_company_code)
[2021-01-13 01:00:14] - 코드 동기화(code_sync)
[2021-01-13 01:00:14] - config 동기화(config_sync)
[2021-01-13 01:00:14] - 택배사 동기화(delivery_url)
[2021-01-13 01:00:14] - 쇼핑몰 분류 동기화(shop_branch)
[2021-01-14 01:00:14] - KICC 코드 동기화(kicc_code)
[2021-01-14 01:00:14] - SMS 국가 코드(sms_national_code)
[2021-01-14 01:00:14] - 서버 캐시파일 삭제(delete_caches)
[2021-01-14 01:00:14] - 엑셀 파일 삭제(delete_excel_file)
[2021-01-14 01:00:14] - 언어별 js메시지 파일 생성(create_alert_file)
[2021-01-14 01:00:14] - 부가서비스 이슈 알림(addservice_notify)
[2021-01-14 01:00:14] - 관리자 중요행위 알림 캐시파일 생성(makeCacheActionAert)
[2021-01-14 01:00:14] - 사용 용량 업데이트(du_check)
[2021-01-14 01:00:14] - 플래시 캐시 파일 삭제(delete_flash_cach)
[2021-01-14 01:00:14] - 캡차 파일 삭제(captcha_file_delete)
[2021-01-14 01:00:14] - 오래된 파일 삭제(tmp_file_delete)
[2021-01-14 01:00:14] - 카카오알림톡 템플릿 동기화(kakaotalk_template)
[2021-01-14 01:00:14] - 엑셀다운로드데이터 삭제(delete_excel_temp)
[2021-01-14 01:00:14] - naverpay 삭제(log_naverpay_delete)
[2021-01-14 01:00:14] - captcha 삭제(log_captcha_delete)
[2021-01-14 01:00:14] - email log 삭제(log_email_delete)
[2021-01-14 01:00:14] - 장바구니 비우기(empty_cart)
[2021-01-14 01:00:14] - 엑심베이 코드 동기화(eximbay)
[2021-01-14 01:00:14] - NPay 택배사 매핑 동기화(npay_delivery_company_code)
[2021-01-14 01:00:14] - 코드 동기화(code_sync)
[2021-01-14 01:00:14] - config 동기화(config_sync)
[2021-01-14 01:00:14] - 택배사 동기화(delivery_url)
[2021-01-14 01:00:14] - 쇼핑몰 분류 동기화(shop_branch)
[2021-01-15 01:00:15] - KICC 코드 동기화(kicc_code)
[2021-01-15 01:00:15] - SMS 국가 코드(sms_national_code)
[2021-01-15 01:00:15] - 서버 캐시파일 삭제(delete_caches)
[2021-01-15 01:00:15] - 엑셀 파일 삭제(delete_excel_file)
[2021-01-15 01:00:15] - 언어별 js메시지 파일 생성(create_alert_file)
[2021-01-15 01:00:15] - 부가서비스 이슈 알림(addservice_notify)
[2021-01-15 01:00:15] - 관리자 중요행위 알림 캐시파일 생성(makeCacheActionAert)
[2021-01-15 01:00:15] - 사용 용량 업데이트(du_check)
[2021-01-15 01:00:15] - 플래시 캐시 파일 삭제(delete_flash_cach)
[2021-01-15 01:00:15] - 캡차 파일 삭제(captcha_file_delete)
[2021-01-15 01:00:15] - 오래된 파일 삭제(tmp_file_delete)
[2021-01-15 01:00:15] - 카카오알림톡 템플릿 동기화(kakaotalk_template)
[2021-01-15 01:00:15] - 엑셀다운로드데이터 삭제(delete_excel_temp)
[2021-01-15 01:00:15] - naverpay 삭제(log_naverpay_delete)
[2021-01-15 01:00:15] - captcha 삭제(log_captcha_delete)
[2021-01-15 01:00:15] - email log 삭제(log_email_delete)
[2021-01-15 01:00:15] - 장바구니 비우기(empty_cart)
[2021-01-15 01:00:15] - 엑심베이 코드 동기화(eximbay)
[2021-01-15 01:00:15] - NPay 택배사 매핑 동기화(npay_delivery_company_code)
[2021-01-15 01:00:15] - 코드 동기화(code_sync)
[2021-01-15 01:00:15] - config 동기화(config_sync)
[2021-01-15 01:00:15] - 택배사 동기화(delivery_url)
[2021-01-15 01:00:15] - 쇼핑몰 분류 동기화(shop_branch)
[2021-01-16 01:00:14] - KICC 코드 동기화(kicc_code)
[2021-01-16 01:00:14] - SMS 국가 코드(sms_national_code)
[2021-01-16 01:00:14] - 서버 캐시파일 삭제(delete_caches)
[2021-01-16 01:00:14] - 엑셀 파일 삭제(delete_excel_file)
[2021-01-16 01:00:14] - 언어별 js메시지 파일 생성(create_alert_file)
[2021-01-16 01:00:14] - 부가서비스 이슈 알림(addservice_notify)
[2021-01-16 01:00:14] - 관리자 중요행위 알림 캐시파일 생성(makeCacheActionAert)
[2021-01-16 01:00:14] - 사용 용량 업데이트(du_check)
[2021-01-16 01:00:14] - 플래시 캐시 파일 삭제(delete_flash_cach)
[2021-01-16 01:00:14] - 캡차 파일 삭제(captcha_file_delete)
[2021-01-16 01:00:14] - 오래된 파일 삭제(tmp_file_delete)
[2021-01-16 01:00:14] - 카카오알림톡 템플릿 동기화(kakaotalk_template)
[2021-01-16 01:00:14] - 엑셀다운로드데이터 삭제(delete_excel_temp)
[2021-01-16 01:00:14] - naverpay 삭제(log_naverpay_delete)
[2021-01-16 01:00:14] - captcha 삭제(log_captcha_delete)
[2021-01-16 01:00:14] - email log 삭제(log_email_delete)
[2021-01-16 01:00:14] - 장바구니 비우기(empty_cart)
[2021-01-16 01:00:14] - 엑심베이 코드 동기화(eximbay)
[2021-01-16 01:00:14] - NPay 택배사 매핑 동기화(npay_delivery_company_code)
[2021-01-16 01:00:14] - 코드 동기화(code_sync)
[2021-01-16 01:00:14] - config 동기화(config_sync)
[2021-01-16 01:00:14] - 택배사 동기화(delivery_url)
[2021-01-16 01:00:14] - 쇼핑몰 분류 동기화(shop_branch)
[2021-01-17 01:00:13] - KICC 코드 동기화(kicc_code)
[2021-01-17 01:00:13] - SMS 국가 코드(sms_national_code)
[2021-01-17 01:00:13] - 서버 캐시파일 삭제(delete_caches)
[2021-01-17 01:00:13] - 엑셀 파일 삭제(delete_excel_file)
[2021-01-17 01:00:13] - 언어별 js메시지 파일 생성(create_alert_file)
[2021-01-17 01:00:13] - 부가서비스 이슈 알림(addservice_notify)
[2021-01-17 01:00:13] - 관리자 중요행위 알림 캐시파일 생성(makeCacheActionAert)
[2021-01-17 01:00:13] - 사용 용량 업데이트(du_check)
[2021-01-17 01:00:13] - 플래시 캐시 파일 삭제(delete_flash_cach)
[2021-01-17 01:00:13] - 캡차 파일 삭제(captcha_file_delete)
[2021-01-17 01:00:13] - 오래된 파일 삭제(tmp_file_delete)
[2021-01-17 01:00:13] - 카카오알림톡 템플릿 동기화(kakaotalk_template)
[2021-01-17 01:00:13] - 엑셀다운로드데이터 삭제(delete_excel_temp)
[2021-01-17 01:00:13] - naverpay 삭제(log_naverpay_delete)
[2021-01-17 01:00:13] - captcha 삭제(log_captcha_delete)
[2021-01-17 01:00:13] - email log 삭제(log_email_delete)
[2021-01-17 01:00:13] - 장바구니 비우기(empty_cart)
[2021-01-17 01:00:13] - 엑심베이 코드 동기화(eximbay)
[2021-01-17 01:00:13] - NPay 택배사 매핑 동기화(npay_delivery_company_code)
[2021-01-17 01:00:13] - 코드 동기화(code_sync)
[2021-01-17 01:00:13] - config 동기화(config_sync)
[2021-01-17 01:00:13] - 택배사 동기화(delivery_url)
[2021-01-17 01:00:13] - 쇼핑몰 분류 동기화(shop_branch)
[2021-01-18 01:00:14] - KICC 코드 동기화(kicc_code)
[2021-01-18 01:00:14] - SMS 국가 코드(sms_national_code)
[2021-01-18 01:00:14] - 서버 캐시파일 삭제(delete_caches)
[2021-01-18 01:00:14] - 엑셀 파일 삭제(delete_excel_file)
[2021-01-18 01:00:14] - 언어별 js메시지 파일 생성(create_alert_file)
[2021-01-18 01:00:14] - 부가서비스 이슈 알림(addservice_notify)
[2021-01-18 01:00:14] - 관리자 중요행위 알림 캐시파일 생성(makeCacheActionAert)
[2021-01-18 01:00:14] - 사용 용량 업데이트(du_check)
[2021-01-18 01:00:14] - 플래시 캐시 파일 삭제(delete_flash_cach)
[2021-01-18 01:00:14] - 캡차 파일 삭제(captcha_file_delete)
[2021-01-18 01:00:14] - 오래된 파일 삭제(tmp_file_delete)
[2021-01-18 01:00:14] - 카카오알림톡 템플릿 동기화(kakaotalk_template)
[2021-01-18 01:00:14] - 엑셀다운로드데이터 삭제(delete_excel_temp)
[2021-01-18 01:00:14] - naverpay 삭제(log_naverpay_delete)
[2021-01-18 01:00:14] - captcha 삭제(log_captcha_delete)
[2021-01-18 01:00:14] - email log 삭제(log_email_delete)
[2021-01-18 01:00:14] - 장바구니 비우기(empty_cart)
[2021-01-18 01:00:14] - 엑심베이 코드 동기화(eximbay)
[2021-01-18 01:00:14] - NPay 택배사 매핑 동기화(npay_delivery_company_code)
[2021-01-18 01:00:14] - 코드 동기화(code_sync)
[2021-01-18 01:00:14] - config 동기화(config_sync)
[2021-01-18 01:00:14] - 택배사 동기화(delivery_url)
[2021-01-18 01:00:14] - 쇼핑몰 분류 동기화(shop_branch)
[2021-01-19 01:00:14] - KICC 코드 동기화(kicc_code)
[2021-01-19 01:00:14] - SMS 국가 코드(sms_national_code)
[2021-01-19 01:00:14] - 서버 캐시파일 삭제(delete_caches)
[2021-01-19 01:00:14] - 엑셀 파일 삭제(delete_excel_file)
[2021-01-19 01:00:14] - 언어별 js메시지 파일 생성(create_alert_file)
[2021-01-19 01:00:14] - 부가서비스 이슈 알림(addservice_notify)
[2021-01-19 01:00:14] - 관리자 중요행위 알림 캐시파일 생성(makeCacheActionAert)
[2021-01-19 01:00:14] - 사용 용량 업데이트(du_check)
[2021-01-19 01:00:14] - 플래시 캐시 파일 삭제(delete_flash_cach)
[2021-01-19 01:00:14] - 캡차 파일 삭제(captcha_file_delete)
[2021-01-19 01:00:14] - 오래된 파일 삭제(tmp_file_delete)
[2021-01-19 01:00:14] - 카카오알림톡 템플릿 동기화(kakaotalk_template)
[2021-01-19 01:00:14] - 엑셀다운로드데이터 삭제(delete_excel_temp)
[2021-01-19 01:00:14] - naverpay 삭제(log_naverpay_delete)
[2021-01-19 01:00:14] - captcha 삭제(log_captcha_delete)
[2021-01-19 01:00:14] - email log 삭제(log_email_delete)
[2021-01-19 01:00:14] - 장바구니 비우기(empty_cart)
[2021-01-19 01:00:14] - 엑심베이 코드 동기화(eximbay)
[2021-01-19 01:00:14] - NPay 택배사 매핑 동기화(npay_delivery_company_code)
[2021-01-19 01:00:14] - 코드 동기화(code_sync)
[2021-01-19 01:00:14] - config 동기화(config_sync)
[2021-01-19 01:00:14] - 택배사 동기화(delivery_url)
[2021-01-19 01:00:14] - 쇼핑몰 분류 동기화(shop_branch)
[2021-01-20 01:00:14] - KICC 코드 동기화(kicc_code)
[2021-01-20 01:00:14] - SMS 국가 코드(sms_national_code)
[2021-01-20 01:00:14] - 서버 캐시파일 삭제(delete_caches)
[2021-01-20 01:00:14] - 엑셀 파일 삭제(delete_excel_file)
[2021-01-20 01:00:14] - 언어별 js메시지 파일 생성(create_alert_file)
[2021-01-20 01:00:14] - 부가서비스 이슈 알림(addservice_notify)
[2021-01-20 01:00:14] - 관리자 중요행위 알림 캐시파일 생성(makeCacheActionAert)
[2021-01-20 01:00:14] - 사용 용량 업데이트(du_check)
[2021-01-20 01:00:14] - 플래시 캐시 파일 삭제(delete_flash_cach)
[2021-01-20 01:00:14] - 캡차 파일 삭제(captcha_file_delete)
[2021-01-20 01:00:14] - 오래된 파일 삭제(tmp_file_delete)
[2021-01-20 01:00:14] - 카카오알림톡 템플릿 동기화(kakaotalk_template)
[2021-01-20 01:00:14] - 엑셀다운로드데이터 삭제(delete_excel_temp)
[2021-01-20 01:00:14] - naverpay 삭제(log_naverpay_delete)
[2021-01-20 01:00:14] - captcha 삭제(log_captcha_delete)
[2021-01-20 01:00:14] - email log 삭제(log_email_delete)
[2021-01-20 01:00:14] - 장바구니 비우기(empty_cart)
[2021-01-20 01:00:14] - 엑심베이 코드 동기화(eximbay)
[2021-01-20 01:00:14] - NPay 택배사 매핑 동기화(npay_delivery_company_code)
[2021-01-20 01:00:14] - 코드 동기화(code_sync)
[2021-01-20 01:00:14] - config 동기화(config_sync)
[2021-01-20 01:00:14] - 택배사 동기화(delivery_url)
[2021-01-20 01:00:14] - 쇼핑몰 분류 동기화(shop_branch)
[2021-01-21 01:00:13] - KICC 코드 동기화(kicc_code)
[2021-01-21 01:00:13] - SMS 국가 코드(sms_national_code)
[2021-01-21 01:00:13] - 서버 캐시파일 삭제(delete_caches)
[2021-01-21 01:00:13] - 엑셀 파일 삭제(delete_excel_file)
[2021-01-21 01:00:13] - 언어별 js메시지 파일 생성(create_alert_file)
[2021-01-21 01:00:13] - 부가서비스 이슈 알림(addservice_notify)
[2021-01-21 01:00:13] - 관리자 중요행위 알림 캐시파일 생성(makeCacheActionAert)
[2021-01-21 01:00:13] - 사용 용량 업데이트(du_check)
[2021-01-21 01:00:13] - 플래시 캐시 파일 삭제(delete_flash_cach)
[2021-01-21 01:00:13] - 캡차 파일 삭제(captcha_file_delete)
[2021-01-21 01:00:13] - 오래된 파일 삭제(tmp_file_delete)
[2021-01-21 01:00:13] - 카카오알림톡 템플릿 동기화(kakaotalk_template)
[2021-01-21 01:00:13] - 엑셀다운로드데이터 삭제(delete_excel_temp)
[2021-01-21 01:00:13] - naverpay 삭제(log_naverpay_delete)
[2021-01-21 01:00:13] - captcha 삭제(log_captcha_delete)
[2021-01-21 01:00:13] - email log 삭제(log_email_delete)
[2021-01-21 01:00:13] - 장바구니 비우기(empty_cart)
[2021-01-21 01:00:13] - 엑심베이 코드 동기화(eximbay)
[2021-01-21 01:00:13] - NPay 택배사 매핑 동기화(npay_delivery_company_code)
[2021-01-21 01:00:13] - 코드 동기화(code_sync)
[2021-01-21 01:00:13] - config 동기화(config_sync)
[2021-01-21 01:00:13] - 택배사 동기화(delivery_url)
[2021-01-21 01:00:13] - 쇼핑몰 분류 동기화(shop_branch)
[2021-01-22 01:00:12] - KICC 코드 동기화(kicc_code)
[2021-01-22 01:00:12] - SMS 국가 코드(sms_national_code)
[2021-01-22 01:00:12] - 서버 캐시파일 삭제(delete_caches)
[2021-01-22 01:00:12] - 엑셀 파일 삭제(delete_excel_file)
[2021-01-22 01:00:12] - 언어별 js메시지 파일 생성(create_alert_file)
[2021-01-22 01:00:12] - 부가서비스 이슈 알림(addservice_notify)
[2021-01-22 01:00:12] - 관리자 중요행위 알림 캐시파일 생성(makeCacheActionAert)
[2021-01-22 01:00:12] - 사용 용량 업데이트(du_check)
[2021-01-22 01:00:12] - 플래시 캐시 파일 삭제(delete_flash_cach)
[2021-01-22 01:00:12] - 캡차 파일 삭제(captcha_file_delete)
[2021-01-22 01:00:12] - 오래된 파일 삭제(tmp_file_delete)
[2021-01-22 01:00:12] - 카카오알림톡 템플릿 동기화(kakaotalk_template)
[2021-01-22 01:00:12] - 엑셀다운로드데이터 삭제(delete_excel_temp)
[2021-01-22 01:00:12] - naverpay 삭제(log_naverpay_delete)
[2021-01-22 01:00:12] - captcha 삭제(log_captcha_delete)
[2021-01-22 01:00:12] - email log 삭제(log_email_delete)
[2021-01-22 01:00:12] - 장바구니 비우기(empty_cart)
[2021-01-22 01:00:12] - 엑심베이 코드 동기화(eximbay)
[2021-01-22 01:00:12] - NPay 택배사 매핑 동기화(npay_delivery_company_code)
[2021-01-22 01:00:12] - 코드 동기화(code_sync)
[2021-01-22 01:00:12] - config 동기화(config_sync)
[2021-01-22 01:00:12] - 택배사 동기화(delivery_url)
[2021-01-22 01:00:12] - 쇼핑몰 분류 동기화(shop_branch)
[2021-01-23 01:00:13] - KICC 코드 동기화(kicc_code)
[2021-01-23 01:00:13] - SMS 국가 코드(sms_national_code)
[2021-01-23 01:00:13] - 서버 캐시파일 삭제(delete_caches)
[2021-01-23 01:00:13] - 엑셀 파일 삭제(delete_excel_file)
[2021-01-23 01:00:13] - 언어별 js메시지 파일 생성(create_alert_file)
[2021-01-23 01:00:13] - 부가서비스 이슈 알림(addservice_notify)
[2021-01-23 01:00:13] - 관리자 중요행위 알림 캐시파일 생성(makeCacheActionAert)
[2021-01-23 01:00:13] - 사용 용량 업데이트(du_check)
[2021-01-23 01:00:13] - 플래시 캐시 파일 삭제(delete_flash_cach)
[2021-01-23 01:00:13] - 캡차 파일 삭제(captcha_file_delete)
[2021-01-23 01:00:13] - 오래된 파일 삭제(tmp_file_delete)
[2021-01-23 01:00:13] - 카카오알림톡 템플릿 동기화(kakaotalk_template)
[2021-01-23 01:00:13] - 엑셀다운로드데이터 삭제(delete_excel_temp)
[2021-01-23 01:00:13] - naverpay 삭제(log_naverpay_delete)
[2021-01-23 01:00:13] - captcha 삭제(log_captcha_delete)
[2021-01-23 01:00:13] - email log 삭제(log_email_delete)
[2021-01-23 01:00:13] - 장바구니 비우기(empty_cart)
[2021-01-23 01:00:13] - 엑심베이 코드 동기화(eximbay)
[2021-01-23 01:00:13] - NPay 택배사 매핑 동기화(npay_delivery_company_code)
[2021-01-23 01:00:13] - 코드 동기화(code_sync)
[2021-01-23 01:00:13] - config 동기화(config_sync)
[2021-01-23 01:00:13] - 택배사 동기화(delivery_url)
[2021-01-23 01:00:13] - 쇼핑몰 분류 동기화(shop_branch)
[2021-01-24 01:00:14] - KICC 코드 동기화(kicc_code)
[2021-01-24 01:00:14] - SMS 국가 코드(sms_national_code)
[2021-01-24 01:00:14] - 서버 캐시파일 삭제(delete_caches)
[2021-01-24 01:00:14] - 엑셀 파일 삭제(delete_excel_file)
[2021-01-24 01:00:14] - 언어별 js메시지 파일 생성(create_alert_file)
[2021-01-24 01:00:14] - 부가서비스 이슈 알림(addservice_notify)
[2021-01-24 01:00:14] - 관리자 중요행위 알림 캐시파일 생성(makeCacheActionAert)
[2021-01-24 01:00:14] - 사용 용량 업데이트(du_check)
[2021-01-24 01:00:14] - 플래시 캐시 파일 삭제(delete_flash_cach)
[2021-01-24 01:00:14] - 캡차 파일 삭제(captcha_file_delete)
[2021-01-24 01:00:14] - 오래된 파일 삭제(tmp_file_delete)
[2021-01-24 01:00:14] - 카카오알림톡 템플릿 동기화(kakaotalk_template)
[2021-01-24 01:00:14] - 엑셀다운로드데이터 삭제(delete_excel_temp)
[2021-01-24 01:00:14] - naverpay 삭제(log_naverpay_delete)
[2021-01-24 01:00:14] - captcha 삭제(log_captcha_delete)
[2021-01-24 01:00:14] - email log 삭제(log_email_delete)
[2021-01-24 01:00:14] - 장바구니 비우기(empty_cart)
[2021-01-24 01:00:14] - 엑심베이 코드 동기화(eximbay)
[2021-01-24 01:00:14] - NPay 택배사 매핑 동기화(npay_delivery_company_code)
[2021-01-24 01:00:14] - 코드 동기화(code_sync)
[2021-01-24 01:00:14] - config 동기화(config_sync)
[2021-01-24 01:00:14] - 택배사 동기화(delivery_url)
[2021-01-24 01:00:14] - 쇼핑몰 분류 동기화(shop_branch)
[2021-01-25 01:00:15] - KICC 코드 동기화(kicc_code)
[2021-01-25 01:00:15] - SMS 국가 코드(sms_national_code)
[2021-01-25 01:00:15] - 서버 캐시파일 삭제(delete_caches)
[2021-01-25 01:00:15] - 엑셀 파일 삭제(delete_excel_file)
[2021-01-25 01:00:15] - 언어별 js메시지 파일 생성(create_alert_file)
[2021-01-25 01:00:15] - 부가서비스 이슈 알림(addservice_notify)
[2021-01-25 01:00:15] - 관리자 중요행위 알림 캐시파일 생성(makeCacheActionAert)
[2021-01-25 01:00:15] - 사용 용량 업데이트(du_check)
[2021-01-25 01:00:15] - 플래시 캐시 파일 삭제(delete_flash_cach)
[2021-01-25 01:00:15] - 캡차 파일 삭제(captcha_file_delete)
[2021-01-25 01:00:15] - 오래된 파일 삭제(tmp_file_delete)
[2021-01-25 01:00:15] - 카카오알림톡 템플릿 동기화(kakaotalk_template)
[2021-01-25 01:00:15] - 엑셀다운로드데이터 삭제(delete_excel_temp)
[2021-01-25 01:00:15] - naverpay 삭제(log_naverpay_delete)
[2021-01-25 01:00:15] - captcha 삭제(log_captcha_delete)
[2021-01-25 01:00:15] - email log 삭제(log_email_delete)
[2021-01-25 01:00:15] - 장바구니 비우기(empty_cart)
[2021-01-25 01:00:15] - 엑심베이 코드 동기화(eximbay)
[2021-01-25 01:00:15] - NPay 택배사 매핑 동기화(npay_delivery_company_code)
[2021-01-25 01:00:15] - 코드 동기화(code_sync)
[2021-01-25 01:00:15] - config 동기화(config_sync)
[2021-01-25 01:00:15] - 택배사 동기화(delivery_url)
[2021-01-25 01:00:15] - 쇼핑몰 분류 동기화(shop_branch)
[2021-01-26 01:00:15] - KICC 코드 동기화(kicc_code)
[2021-01-26 01:00:15] - SMS 국가 코드(sms_national_code)
[2021-01-26 01:00:15] - 서버 캐시파일 삭제(delete_caches)
[2021-01-26 01:00:15] - 엑셀 파일 삭제(delete_excel_file)
[2021-01-26 01:00:15] - 언어별 js메시지 파일 생성(create_alert_file)
[2021-01-26 01:00:15] - 부가서비스 이슈 알림(addservice_notify)
[2021-01-26 01:00:15] - 관리자 중요행위 알림 캐시파일 생성(makeCacheActionAert)
[2021-01-26 01:00:15] - 사용 용량 업데이트(du_check)
[2021-01-26 01:00:15] - 플래시 캐시 파일 삭제(delete_flash_cach)
[2021-01-26 01:00:15] - 캡차 파일 삭제(captcha_file_delete)
[2021-01-26 01:00:15] - 오래된 파일 삭제(tmp_file_delete)
[2021-01-26 01:00:15] - 카카오알림톡 템플릿 동기화(kakaotalk_template)
[2021-01-26 01:00:15] - 엑셀다운로드데이터 삭제(delete_excel_temp)
[2021-01-26 01:00:15] - naverpay 삭제(log_naverpay_delete)
[2021-01-26 01:00:15] - captcha 삭제(log_captcha_delete)
[2021-01-26 01:00:15] - email log 삭제(log_email_delete)
[2021-01-26 01:00:15] - 장바구니 비우기(empty_cart)
[2021-01-26 01:00:15] - 엑심베이 코드 동기화(eximbay)
[2021-01-26 01:00:15] - NPay 택배사 매핑 동기화(npay_delivery_company_code)
[2021-01-26 01:00:15] - 코드 동기화(code_sync)
[2021-01-26 01:00:15] - config 동기화(config_sync)
[2021-01-26 01:00:15] - 택배사 동기화(delivery_url)
[2021-01-26 01:00:15] - 쇼핑몰 분류 동기화(shop_branch)
[2021-01-27 01:00:14] - KICC 코드 동기화(kicc_code)
[2021-01-27 01:00:14] - SMS 국가 코드(sms_national_code)
[2021-01-27 01:00:14] - 서버 캐시파일 삭제(delete_caches)
[2021-01-27 01:00:14] - 엑셀 파일 삭제(delete_excel_file)
[2021-01-27 01:00:14] - 언어별 js메시지 파일 생성(create_alert_file)
[2021-01-27 01:00:14] - 부가서비스 이슈 알림(addservice_notify)
[2021-01-27 01:00:14] - 관리자 중요행위 알림 캐시파일 생성(makeCacheActionAert)
[2021-01-27 01:00:14] - 사용 용량 업데이트(du_check)
[2021-01-27 01:00:14] - 플래시 캐시 파일 삭제(delete_flash_cach)
[2021-01-27 01:00:14] - 캡차 파일 삭제(captcha_file_delete)
[2021-01-27 01:00:14] - 오래된 파일 삭제(tmp_file_delete)
[2021-01-27 01:00:14] - 카카오알림톡 템플릿 동기화(kakaotalk_template)
[2021-01-27 01:00:14] - 엑셀다운로드데이터 삭제(delete_excel_temp)
[2021-01-27 01:00:14] - naverpay 삭제(log_naverpay_delete)
[2021-01-27 01:00:14] - captcha 삭제(log_captcha_delete)
[2021-01-27 01:00:14] - email log 삭제(log_email_delete)
[2021-01-27 01:00:14] - 장바구니 비우기(empty_cart)
[2021-01-27 01:00:14] - 엑심베이 코드 동기화(eximbay)
[2021-01-27 01:00:14] - NPay 택배사 매핑 동기화(npay_delivery_company_code)
[2021-01-27 01:00:14] - 코드 동기화(code_sync)
[2021-01-27 01:00:14] - config 동기화(config_sync)
[2021-01-27 01:00:14] - 택배사 동기화(delivery_url)
[2021-01-27 01:00:14] - 쇼핑몰 분류 동기화(shop_branch)
[2021-01-28 01:00:14] - KICC 코드 동기화(kicc_code)
[2021-01-28 01:00:14] - SMS 국가 코드(sms_national_code)
[2021-01-28 01:00:14] - 서버 캐시파일 삭제(delete_caches)
[2021-01-28 01:00:14] - 엑셀 파일 삭제(delete_excel_file)
[2021-01-28 01:00:14] - 언어별 js메시지 파일 생성(create_alert_file)
[2021-01-28 01:00:14] - 부가서비스 이슈 알림(addservice_notify)
[2021-01-28 01:00:14] - 관리자 중요행위 알림 캐시파일 생성(makeCacheActionAert)
[2021-01-28 01:00:14] - 사용 용량 업데이트(du_check)
[2021-01-28 01:00:14] - 플래시 캐시 파일 삭제(delete_flash_cach)
[2021-01-28 01:00:14] - 캡차 파일 삭제(captcha_file_delete)
[2021-01-28 01:00:14] - 오래된 파일 삭제(tmp_file_delete)
[2021-01-28 01:00:14] - 카카오알림톡 템플릿 동기화(kakaotalk_template)
[2021-01-28 01:00:14] - 엑셀다운로드데이터 삭제(delete_excel_temp)
[2021-01-28 01:00:14] - naverpay 삭제(log_naverpay_delete)
[2021-01-28 01:00:14] - captcha 삭제(log_captcha_delete)
[2021-01-28 01:00:14] - email log 삭제(log_email_delete)
[2021-01-28 01:00:14] - 장바구니 비우기(empty_cart)
[2021-01-28 01:00:14] - 엑심베이 코드 동기화(eximbay)
[2021-01-28 01:00:14] - NPay 택배사 매핑 동기화(npay_delivery_company_code)
[2021-01-28 01:00:14] - 코드 동기화(code_sync)
[2021-01-28 01:00:14] - config 동기화(config_sync)
[2021-01-28 01:00:14] - 택배사 동기화(delivery_url)
[2021-01-28 01:00:14] - 쇼핑몰 분류 동기화(shop_branch)
[2021-01-29 01:00:15] - KICC 코드 동기화(kicc_code)
[2021-01-29 01:00:15] - SMS 국가 코드(sms_national_code)
[2021-01-29 01:00:15] - 서버 캐시파일 삭제(delete_caches)
[2021-01-29 01:00:15] - 엑셀 파일 삭제(delete_excel_file)
[2021-01-29 01:00:15] - 언어별 js메시지 파일 생성(create_alert_file)
[2021-01-29 01:00:15] - 부가서비스 이슈 알림(addservice_notify)
[2021-01-29 01:00:15] - 관리자 중요행위 알림 캐시파일 생성(makeCacheActionAert)
[2021-01-29 01:00:15] - 사용 용량 업데이트(du_check)
[2021-01-29 01:00:15] - 플래시 캐시 파일 삭제(delete_flash_cach)
[2021-01-29 01:00:15] - 캡차 파일 삭제(captcha_file_delete)
[2021-01-29 01:00:15] - 오래된 파일 삭제(tmp_file_delete)
[2021-01-29 01:00:15] - 카카오알림톡 템플릿 동기화(kakaotalk_template)
[2021-01-29 01:00:15] - 엑셀다운로드데이터 삭제(delete_excel_temp)
[2021-01-29 01:00:15] - naverpay 삭제(log_naverpay_delete)
[2021-01-29 01:00:15] - captcha 삭제(log_captcha_delete)
[2021-01-29 01:00:15] - email log 삭제(log_email_delete)
[2021-01-29 01:00:15] - 장바구니 비우기(empty_cart)
[2021-01-29 01:00:15] - 엑심베이 코드 동기화(eximbay)
[2021-01-29 01:00:15] - NPay 택배사 매핑 동기화(npay_delivery_company_code)
[2021-01-29 01:00:15] - 코드 동기화(code_sync)
[2021-01-29 01:00:15] - config 동기화(config_sync)
[2021-01-29 01:00:15] - 택배사 동기화(delivery_url)
[2021-01-29 01:00:15] - 쇼핑몰 분류 동기화(shop_branch)
[2021-01-30 01:00:15] - KICC 코드 동기화(kicc_code)
[2021-01-30 01:00:15] - SMS 국가 코드(sms_national_code)
[2021-01-30 01:00:15] - 서버 캐시파일 삭제(delete_caches)
[2021-01-30 01:00:15] - 엑셀 파일 삭제(delete_excel_file)
[2021-01-30 01:00:15] - 언어별 js메시지 파일 생성(create_alert_file)
[2021-01-30 01:00:15] - 부가서비스 이슈 알림(addservice_notify)
[2021-01-30 01:00:15] - 관리자 중요행위 알림 캐시파일 생성(makeCacheActionAert)
[2021-01-30 01:00:15] - 사용 용량 업데이트(du_check)
[2021-01-30 01:00:15] - 플래시 캐시 파일 삭제(delete_flash_cach)
[2021-01-30 01:00:15] - 캡차 파일 삭제(captcha_file_delete)
[2021-01-30 01:00:15] - 오래된 파일 삭제(tmp_file_delete)
[2021-01-30 01:00:15] - 카카오알림톡 템플릿 동기화(kakaotalk_template)
[2021-01-30 01:00:15] - 엑셀다운로드데이터 삭제(delete_excel_temp)
[2021-01-30 01:00:15] - naverpay 삭제(log_naverpay_delete)
[2021-01-30 01:00:15] - captcha 삭제(log_captcha_delete)
[2021-01-30 01:00:15] - email log 삭제(log_email_delete)
[2021-01-30 01:00:15] - 장바구니 비우기(empty_cart)
[2021-01-30 01:00:15] - 엑심베이 코드 동기화(eximbay)
[2021-01-30 01:00:15] - NPay 택배사 매핑 동기화(npay_delivery_company_code)
[2021-01-30 01:00:15] - 코드 동기화(code_sync)
[2021-01-30 01:00:15] - config 동기화(config_sync)
[2021-01-30 01:00:15] - 택배사 동기화(delivery_url)
[2021-01-30 01:00:15] - 쇼핑몰 분류 동기화(shop_branch)
[2021-01-31 01:00:15] - KICC 코드 동기화(kicc_code)
[2021-01-31 01:00:15] - SMS 국가 코드(sms_national_code)
[2021-01-31 01:00:15] - 서버 캐시파일 삭제(delete_caches)
[2021-01-31 01:00:15] - 엑셀 파일 삭제(delete_excel_file)
[2021-01-31 01:00:15] - 언어별 js메시지 파일 생성(create_alert_file)
[2021-01-31 01:00:15] - 부가서비스 이슈 알림(addservice_notify)
[2021-01-31 01:00:15] - 관리자 중요행위 알림 캐시파일 생성(makeCacheActionAert)
[2021-01-31 01:00:15] - 사용 용량 업데이트(du_check)
[2021-01-31 01:00:15] - 플래시 캐시 파일 삭제(delete_flash_cach)
[2021-01-31 01:00:15] - 캡차 파일 삭제(captcha_file_delete)
[2021-01-31 01:00:15] - 오래된 파일 삭제(tmp_file_delete)
[2021-01-31 01:00:15] - 카카오알림톡 템플릿 동기화(kakaotalk_template)
[2021-01-31 01:00:15] - 엑셀다운로드데이터 삭제(delete_excel_temp)
[2021-01-31 01:00:15] - naverpay 삭제(log_naverpay_delete)
[2021-01-31 01:00:15] - captcha 삭제(log_captcha_delete)
[2021-01-31 01:00:15] - email log 삭제(log_email_delete)
[2021-01-31 01:00:15] - 장바구니 비우기(empty_cart)
[2021-01-31 01:00:15] - 엑심베이 코드 동기화(eximbay)
[2021-01-31 01:00:15] - NPay 택배사 매핑 동기화(npay_delivery_company_code)
[2021-01-31 01:00:15] - 코드 동기화(code_sync)
[2021-01-31 01:00:15] - config 동기화(config_sync)
[2021-01-31 01:00:15] - 택배사 동기화(delivery_url)
[2021-01-31 01:00:15] - 쇼핑몰 분류 동기화(shop_branch)
