[2022-10-01 00:10:06] - 구글 피드 생성(createGoogleFile)
[2022-10-01 00:10:06] - 페이스북 피드 생성(createFacebookFile)
[2022-10-01 00:10:06] - 입점마켓팅 네이버 판매지수EP 생성(createNaverSalesEpFile)
[2022-10-01 00:10:06] - 입점마켓팅 리뷰EP 생성(createReviewFile)
[2022-10-01 00:10:06] - 입점마켓팅 네이버EP 3.0 생성(createNaverThirdFile)
[2022-10-01 00:10:06] - 입점마켓팅 네이버EP 2.0 생성(createNaverFile)
[2022-10-01 00:10:06] - 입점마켓팅 다음EP 생성(createDaumFile)
[2022-10-02 00:10:06] - 구글 피드 생성(createGoogleFile)
[2022-10-02 00:10:06] - 페이스북 피드 생성(createFacebookFile)
[2022-10-02 00:10:06] - 입점마켓팅 네이버 판매지수EP 생성(createNaverSalesEpFile)
[2022-10-02 00:10:06] - 입점마켓팅 리뷰EP 생성(createReviewFile)
[2022-10-02 00:10:06] - 입점마켓팅 네이버EP 3.0 생성(createNaverThirdFile)
[2022-10-02 00:10:06] - 입점마켓팅 네이버EP 2.0 생성(createNaverFile)
[2022-10-02 00:10:06] - 입점마켓팅 다음EP 생성(createDaumFile)
[2022-10-03 00:10:05] - 구글 피드 생성(createGoogleFile)
[2022-10-03 00:10:05] - 페이스북 피드 생성(createFacebookFile)
[2022-10-03 00:10:05] - 입점마켓팅 네이버 판매지수EP 생성(createNaverSalesEpFile)
[2022-10-03 00:10:05] - 입점마켓팅 리뷰EP 생성(createReviewFile)
[2022-10-03 00:10:05] - 입점마켓팅 네이버EP 3.0 생성(createNaverThirdFile)
[2022-10-03 00:10:05] - 입점마켓팅 네이버EP 2.0 생성(createNaverFile)
[2022-10-03 00:10:05] - 입점마켓팅 다음EP 생성(createDaumFile)
[2022-10-04 00:10:05] - 구글 피드 생성(createGoogleFile)
[2022-10-04 00:10:05] - 페이스북 피드 생성(createFacebookFile)
[2022-10-04 00:10:05] - 입점마켓팅 네이버 판매지수EP 생성(createNaverSalesEpFile)
[2022-10-04 00:10:05] - 입점마켓팅 리뷰EP 생성(createReviewFile)
[2022-10-04 00:10:05] - 입점마켓팅 네이버EP 3.0 생성(createNaverThirdFile)
[2022-10-04 00:10:05] - 입점마켓팅 네이버EP 2.0 생성(createNaverFile)
[2022-10-04 00:10:05] - 입점마켓팅 다음EP 생성(createDaumFile)
[2022-10-05 00:10:05] - 구글 피드 생성(createGoogleFile)
[2022-10-05 00:10:05] - 페이스북 피드 생성(createFacebookFile)
[2022-10-05 00:10:05] - 입점마켓팅 네이버 판매지수EP 생성(createNaverSalesEpFile)
[2022-10-05 00:10:05] - 입점마켓팅 리뷰EP 생성(createReviewFile)
[2022-10-05 00:10:05] - 입점마켓팅 네이버EP 3.0 생성(createNaverThirdFile)
[2022-10-05 00:10:05] - 입점마켓팅 네이버EP 2.0 생성(createNaverFile)
[2022-10-05 00:10:05] - 입점마켓팅 다음EP 생성(createDaumFile)
