[2022-02-01 00:10:04] - 구글 피드 생성(createGoogleFile)
[2022-02-01 00:10:04] - 페이스북 피드 생성(createFacebookFile)
[2022-02-01 00:10:04] - 입점마켓팅 네이버 판매지수EP 생성(createNaverSalesEpFile)
[2022-02-01 00:10:04] - 입점마켓팅 리뷰EP 생성(createReviewFile)
[2022-02-01 00:10:04] - 입점마켓팅 네이버EP 3.0 생성(createNaverThirdFile)
[2022-02-01 00:10:04] - 입점마켓팅 네이버EP 2.0 생성(createNaverFile)
[2022-02-01 00:10:04] - 입점마켓팅 다음EP 생성(createDaumFile)
[2022-02-02 00:10:03] - 구글 피드 생성(createGoogleFile)
[2022-02-02 00:10:03] - 페이스북 피드 생성(createFacebookFile)
[2022-02-02 00:10:03] - 입점마켓팅 네이버 판매지수EP 생성(createNaverSalesEpFile)
[2022-02-02 00:10:03] - 입점마켓팅 리뷰EP 생성(createReviewFile)
[2022-02-02 00:10:03] - 입점마켓팅 네이버EP 3.0 생성(createNaverThirdFile)
[2022-02-02 00:10:03] - 입점마켓팅 네이버EP 2.0 생성(createNaverFile)
[2022-02-02 00:10:03] - 입점마켓팅 다음EP 생성(createDaumFile)
[2022-02-03 00:10:03] - 구글 피드 생성(createGoogleFile)
[2022-02-03 00:10:03] - 페이스북 피드 생성(createFacebookFile)
[2022-02-03 00:10:03] - 입점마켓팅 네이버 판매지수EP 생성(createNaverSalesEpFile)
[2022-02-03 00:10:03] - 입점마켓팅 리뷰EP 생성(createReviewFile)
[2022-02-03 00:10:03] - 입점마켓팅 네이버EP 3.0 생성(createNaverThirdFile)
[2022-02-03 00:10:03] - 입점마켓팅 네이버EP 2.0 생성(createNaverFile)
[2022-02-03 00:10:03] - 입점마켓팅 다음EP 생성(createDaumFile)
[2022-02-04 00:10:03] - 구글 피드 생성(createGoogleFile)
[2022-02-04 00:10:03] - 페이스북 피드 생성(createFacebookFile)
[2022-02-04 00:10:03] - 입점마켓팅 네이버 판매지수EP 생성(createNaverSalesEpFile)
[2022-02-04 00:10:03] - 입점마켓팅 리뷰EP 생성(createReviewFile)
[2022-02-04 00:10:03] - 입점마켓팅 네이버EP 3.0 생성(createNaverThirdFile)
[2022-02-04 00:10:03] - 입점마켓팅 네이버EP 2.0 생성(createNaverFile)
[2022-02-04 00:10:03] - 입점마켓팅 다음EP 생성(createDaumFile)
[2022-02-05 00:10:03] - 구글 피드 생성(createGoogleFile)
[2022-02-05 00:10:03] - 페이스북 피드 생성(createFacebookFile)
[2022-02-05 00:10:03] - 입점마켓팅 네이버 판매지수EP 생성(createNaverSalesEpFile)
[2022-02-05 00:10:03] - 입점마켓팅 리뷰EP 생성(createReviewFile)
[2022-02-05 00:10:03] - 입점마켓팅 네이버EP 3.0 생성(createNaverThirdFile)
[2022-02-05 00:10:03] - 입점마켓팅 네이버EP 2.0 생성(createNaverFile)
[2022-02-05 00:10:03] - 입점마켓팅 다음EP 생성(createDaumFile)
[2022-02-06 00:10:03] - 구글 피드 생성(createGoogleFile)
[2022-02-06 00:10:03] - 페이스북 피드 생성(createFacebookFile)
[2022-02-06 00:10:03] - 입점마켓팅 네이버 판매지수EP 생성(createNaverSalesEpFile)
[2022-02-06 00:10:03] - 입점마켓팅 리뷰EP 생성(createReviewFile)
[2022-02-06 00:10:03] - 입점마켓팅 네이버EP 3.0 생성(createNaverThirdFile)
[2022-02-06 00:10:03] - 입점마켓팅 네이버EP 2.0 생성(createNaverFile)
[2022-02-06 00:10:03] - 입점마켓팅 다음EP 생성(createDaumFile)
[2022-02-07 00:10:03] - 구글 피드 생성(createGoogleFile)
[2022-02-07 00:10:03] - 페이스북 피드 생성(createFacebookFile)
[2022-02-07 00:10:03] - 입점마켓팅 네이버 판매지수EP 생성(createNaverSalesEpFile)
[2022-02-07 00:10:03] - 입점마켓팅 리뷰EP 생성(createReviewFile)
[2022-02-07 00:10:03] - 입점마켓팅 네이버EP 3.0 생성(createNaverThirdFile)
[2022-02-07 00:10:03] - 입점마켓팅 네이버EP 2.0 생성(createNaverFile)
[2022-02-07 00:10:03] - 입점마켓팅 다음EP 생성(createDaumFile)
[2022-02-08 00:10:03] - 구글 피드 생성(createGoogleFile)
[2022-02-08 00:10:03] - 페이스북 피드 생성(createFacebookFile)
[2022-02-08 00:10:03] - 입점마켓팅 네이버 판매지수EP 생성(createNaverSalesEpFile)
[2022-02-08 00:10:03] - 입점마켓팅 리뷰EP 생성(createReviewFile)
[2022-02-08 00:10:03] - 입점마켓팅 네이버EP 3.0 생성(createNaverThirdFile)
[2022-02-08 00:10:03] - 입점마켓팅 네이버EP 2.0 생성(createNaverFile)
[2022-02-08 00:10:03] - 입점마켓팅 다음EP 생성(createDaumFile)
[2022-02-09 00:10:04] - 구글 피드 생성(createGoogleFile)
[2022-02-09 00:10:04] - 페이스북 피드 생성(createFacebookFile)
[2022-02-09 00:10:04] - 입점마켓팅 네이버 판매지수EP 생성(createNaverSalesEpFile)
[2022-02-09 00:10:04] - 입점마켓팅 리뷰EP 생성(createReviewFile)
[2022-02-09 00:10:04] - 입점마켓팅 네이버EP 3.0 생성(createNaverThirdFile)
[2022-02-09 00:10:04] - 입점마켓팅 네이버EP 2.0 생성(createNaverFile)
[2022-02-09 00:10:04] - 입점마켓팅 다음EP 생성(createDaumFile)
[2022-02-10 00:10:03] - 구글 피드 생성(createGoogleFile)
[2022-02-10 00:10:03] - 페이스북 피드 생성(createFacebookFile)
[2022-02-10 00:10:03] - 입점마켓팅 네이버 판매지수EP 생성(createNaverSalesEpFile)
[2022-02-10 00:10:03] - 입점마켓팅 리뷰EP 생성(createReviewFile)
[2022-02-10 00:10:03] - 입점마켓팅 네이버EP 3.0 생성(createNaverThirdFile)
[2022-02-10 00:10:03] - 입점마켓팅 네이버EP 2.0 생성(createNaverFile)
[2022-02-10 00:10:03] - 입점마켓팅 다음EP 생성(createDaumFile)
[2022-02-11 00:10:03] - 구글 피드 생성(createGoogleFile)
[2022-02-11 00:10:03] - 페이스북 피드 생성(createFacebookFile)
[2022-02-11 00:10:03] - 입점마켓팅 네이버 판매지수EP 생성(createNaverSalesEpFile)
[2022-02-11 00:10:03] - 입점마켓팅 리뷰EP 생성(createReviewFile)
[2022-02-11 00:10:03] - 입점마켓팅 네이버EP 3.0 생성(createNaverThirdFile)
[2022-02-11 00:10:03] - 입점마켓팅 네이버EP 2.0 생성(createNaverFile)
[2022-02-11 00:10:03] - 입점마켓팅 다음EP 생성(createDaumFile)
[2022-02-12 00:10:03] - 구글 피드 생성(createGoogleFile)
[2022-02-12 00:10:03] - 페이스북 피드 생성(createFacebookFile)
[2022-02-12 00:10:03] - 입점마켓팅 네이버 판매지수EP 생성(createNaverSalesEpFile)
[2022-02-12 00:10:03] - 입점마켓팅 리뷰EP 생성(createReviewFile)
[2022-02-12 00:10:03] - 입점마켓팅 네이버EP 3.0 생성(createNaverThirdFile)
[2022-02-12 00:10:03] - 입점마켓팅 네이버EP 2.0 생성(createNaverFile)
[2022-02-12 00:10:03] - 입점마켓팅 다음EP 생성(createDaumFile)
[2022-02-13 00:10:03] - 구글 피드 생성(createGoogleFile)
[2022-02-13 00:10:03] - 페이스북 피드 생성(createFacebookFile)
[2022-02-13 00:10:03] - 입점마켓팅 네이버 판매지수EP 생성(createNaverSalesEpFile)
[2022-02-13 00:10:03] - 입점마켓팅 리뷰EP 생성(createReviewFile)
[2022-02-13 00:10:03] - 입점마켓팅 네이버EP 3.0 생성(createNaverThirdFile)
[2022-02-13 00:10:03] - 입점마켓팅 네이버EP 2.0 생성(createNaverFile)
[2022-02-13 00:10:03] - 입점마켓팅 다음EP 생성(createDaumFile)
[2022-02-14 00:10:03] - 구글 피드 생성(createGoogleFile)
[2022-02-14 00:10:03] - 페이스북 피드 생성(createFacebookFile)
[2022-02-14 00:10:03] - 입점마켓팅 네이버 판매지수EP 생성(createNaverSalesEpFile)
[2022-02-14 00:10:03] - 입점마켓팅 리뷰EP 생성(createReviewFile)
[2022-02-14 00:10:03] - 입점마켓팅 네이버EP 3.0 생성(createNaverThirdFile)
[2022-02-14 00:10:03] - 입점마켓팅 네이버EP 2.0 생성(createNaverFile)
[2022-02-14 00:10:03] - 입점마켓팅 다음EP 생성(createDaumFile)
[2022-02-15 00:10:03] - 구글 피드 생성(createGoogleFile)
[2022-02-15 00:10:03] - 페이스북 피드 생성(createFacebookFile)
[2022-02-15 00:10:03] - 입점마켓팅 네이버 판매지수EP 생성(createNaverSalesEpFile)
[2022-02-15 00:10:03] - 입점마켓팅 리뷰EP 생성(createReviewFile)
[2022-02-15 00:10:03] - 입점마켓팅 네이버EP 3.0 생성(createNaverThirdFile)
[2022-02-15 00:10:03] - 입점마켓팅 네이버EP 2.0 생성(createNaverFile)
[2022-02-15 00:10:03] - 입점마켓팅 다음EP 생성(createDaumFile)
[2022-02-16 00:10:04] - 구글 피드 생성(createGoogleFile)
[2022-02-16 00:10:04] - 페이스북 피드 생성(createFacebookFile)
[2022-02-16 00:10:04] - 입점마켓팅 네이버 판매지수EP 생성(createNaverSalesEpFile)
[2022-02-16 00:10:04] - 입점마켓팅 리뷰EP 생성(createReviewFile)
[2022-02-16 00:10:04] - 입점마켓팅 네이버EP 3.0 생성(createNaverThirdFile)
[2022-02-16 00:10:04] - 입점마켓팅 네이버EP 2.0 생성(createNaverFile)
[2022-02-16 00:10:04] - 입점마켓팅 다음EP 생성(createDaumFile)
[2022-02-17 00:10:03] - 구글 피드 생성(createGoogleFile)
[2022-02-17 00:10:03] - 페이스북 피드 생성(createFacebookFile)
[2022-02-17 00:10:03] - 입점마켓팅 네이버 판매지수EP 생성(createNaverSalesEpFile)
[2022-02-17 00:10:03] - 입점마켓팅 리뷰EP 생성(createReviewFile)
[2022-02-17 00:10:03] - 입점마켓팅 네이버EP 3.0 생성(createNaverThirdFile)
[2022-02-17 00:10:03] - 입점마켓팅 네이버EP 2.0 생성(createNaverFile)
[2022-02-17 00:10:03] - 입점마켓팅 다음EP 생성(createDaumFile)
[2022-02-18 00:10:04] - 구글 피드 생성(createGoogleFile)
[2022-02-18 00:10:04] - 페이스북 피드 생성(createFacebookFile)
[2022-02-18 00:10:04] - 입점마켓팅 네이버 판매지수EP 생성(createNaverSalesEpFile)
[2022-02-18 00:10:04] - 입점마켓팅 리뷰EP 생성(createReviewFile)
[2022-02-18 00:10:04] - 입점마켓팅 네이버EP 3.0 생성(createNaverThirdFile)
[2022-02-18 00:10:04] - 입점마켓팅 네이버EP 2.0 생성(createNaverFile)
[2022-02-18 00:10:04] - 입점마켓팅 다음EP 생성(createDaumFile)
[2022-02-19 00:10:03] - 구글 피드 생성(createGoogleFile)
[2022-02-19 00:10:03] - 페이스북 피드 생성(createFacebookFile)
[2022-02-19 00:10:03] - 입점마켓팅 네이버 판매지수EP 생성(createNaverSalesEpFile)
[2022-02-19 00:10:03] - 입점마켓팅 리뷰EP 생성(createReviewFile)
[2022-02-19 00:10:03] - 입점마켓팅 네이버EP 3.0 생성(createNaverThirdFile)
[2022-02-19 00:10:03] - 입점마켓팅 네이버EP 2.0 생성(createNaverFile)
[2022-02-19 00:10:03] - 입점마켓팅 다음EP 생성(createDaumFile)
[2022-02-20 00:10:04] - 구글 피드 생성(createGoogleFile)
[2022-02-20 00:10:04] - 페이스북 피드 생성(createFacebookFile)
[2022-02-20 00:10:04] - 입점마켓팅 네이버 판매지수EP 생성(createNaverSalesEpFile)
[2022-02-20 00:10:04] - 입점마켓팅 리뷰EP 생성(createReviewFile)
[2022-02-20 00:10:04] - 입점마켓팅 네이버EP 3.0 생성(createNaverThirdFile)
[2022-02-20 00:10:04] - 입점마켓팅 네이버EP 2.0 생성(createNaverFile)
[2022-02-20 00:10:04] - 입점마켓팅 다음EP 생성(createDaumFile)
[2022-02-21 00:10:03] - 구글 피드 생성(createGoogleFile)
[2022-02-21 00:10:03] - 페이스북 피드 생성(createFacebookFile)
[2022-02-21 00:10:03] - 입점마켓팅 네이버 판매지수EP 생성(createNaverSalesEpFile)
[2022-02-21 00:10:03] - 입점마켓팅 리뷰EP 생성(createReviewFile)
[2022-02-21 00:10:03] - 입점마켓팅 네이버EP 3.0 생성(createNaverThirdFile)
[2022-02-21 00:10:03] - 입점마켓팅 네이버EP 2.0 생성(createNaverFile)
[2022-02-21 00:10:03] - 입점마켓팅 다음EP 생성(createDaumFile)
[2022-02-22 00:10:03] - 구글 피드 생성(createGoogleFile)
[2022-02-22 00:10:03] - 페이스북 피드 생성(createFacebookFile)
[2022-02-22 00:10:03] - 입점마켓팅 네이버 판매지수EP 생성(createNaverSalesEpFile)
[2022-02-22 00:10:03] - 입점마켓팅 리뷰EP 생성(createReviewFile)
[2022-02-22 00:10:03] - 입점마켓팅 네이버EP 3.0 생성(createNaverThirdFile)
[2022-02-22 00:10:03] - 입점마켓팅 네이버EP 2.0 생성(createNaverFile)
[2022-02-22 00:10:03] - 입점마켓팅 다음EP 생성(createDaumFile)
[2022-02-23 00:10:04] - 구글 피드 생성(createGoogleFile)
[2022-02-23 00:10:04] - 페이스북 피드 생성(createFacebookFile)
[2022-02-23 00:10:04] - 입점마켓팅 네이버 판매지수EP 생성(createNaverSalesEpFile)
[2022-02-23 00:10:04] - 입점마켓팅 리뷰EP 생성(createReviewFile)
[2022-02-23 00:10:04] - 입점마켓팅 네이버EP 3.0 생성(createNaverThirdFile)
[2022-02-23 00:10:04] - 입점마켓팅 네이버EP 2.0 생성(createNaverFile)
[2022-02-23 00:10:04] - 입점마켓팅 다음EP 생성(createDaumFile)
[2022-02-24 00:10:04] - 구글 피드 생성(createGoogleFile)
[2022-02-24 00:10:04] - 페이스북 피드 생성(createFacebookFile)
[2022-02-24 00:10:04] - 입점마켓팅 네이버 판매지수EP 생성(createNaverSalesEpFile)
[2022-02-24 00:10:04] - 입점마켓팅 리뷰EP 생성(createReviewFile)
[2022-02-24 00:10:04] - 입점마켓팅 네이버EP 3.0 생성(createNaverThirdFile)
[2022-02-24 00:10:04] - 입점마켓팅 네이버EP 2.0 생성(createNaverFile)
[2022-02-24 00:10:04] - 입점마켓팅 다음EP 생성(createDaumFile)
[2022-02-25 00:10:03] - 구글 피드 생성(createGoogleFile)
[2022-02-25 00:10:03] - 페이스북 피드 생성(createFacebookFile)
[2022-02-25 00:10:03] - 입점마켓팅 네이버 판매지수EP 생성(createNaverSalesEpFile)
[2022-02-25 00:10:03] - 입점마켓팅 리뷰EP 생성(createReviewFile)
[2022-02-25 00:10:03] - 입점마켓팅 네이버EP 3.0 생성(createNaverThirdFile)
[2022-02-25 00:10:03] - 입점마켓팅 네이버EP 2.0 생성(createNaverFile)
[2022-02-25 00:10:03] - 입점마켓팅 다음EP 생성(createDaumFile)
[2022-02-26 00:10:04] - 구글 피드 생성(createGoogleFile)
[2022-02-26 00:10:04] - 페이스북 피드 생성(createFacebookFile)
[2022-02-26 00:10:04] - 입점마켓팅 네이버 판매지수EP 생성(createNaverSalesEpFile)
[2022-02-26 00:10:04] - 입점마켓팅 리뷰EP 생성(createReviewFile)
[2022-02-26 00:10:04] - 입점마켓팅 네이버EP 3.0 생성(createNaverThirdFile)
[2022-02-26 00:10:04] - 입점마켓팅 네이버EP 2.0 생성(createNaverFile)
[2022-02-26 00:10:04] - 입점마켓팅 다음EP 생성(createDaumFile)
[2022-02-27 00:10:04] - 구글 피드 생성(createGoogleFile)
[2022-02-27 00:10:04] - 페이스북 피드 생성(createFacebookFile)
[2022-02-27 00:10:04] - 입점마켓팅 네이버 판매지수EP 생성(createNaverSalesEpFile)
[2022-02-27 00:10:04] - 입점마켓팅 리뷰EP 생성(createReviewFile)
[2022-02-27 00:10:04] - 입점마켓팅 네이버EP 3.0 생성(createNaverThirdFile)
[2022-02-27 00:10:04] - 입점마켓팅 네이버EP 2.0 생성(createNaverFile)
[2022-02-27 00:10:04] - 입점마켓팅 다음EP 생성(createDaumFile)
[2022-02-28 00:10:04] - 구글 피드 생성(createGoogleFile)
[2022-02-28 00:10:04] - 페이스북 피드 생성(createFacebookFile)
[2022-02-28 00:10:04] - 입점마켓팅 네이버 판매지수EP 생성(createNaverSalesEpFile)
[2022-02-28 00:10:04] - 입점마켓팅 리뷰EP 생성(createReviewFile)
[2022-02-28 00:10:04] - 입점마켓팅 네이버EP 3.0 생성(createNaverThirdFile)
[2022-02-28 00:10:04] - 입점마켓팅 네이버EP 2.0 생성(createNaverFile)
[2022-02-28 00:10:04] - 입점마켓팅 다음EP 생성(createDaumFile)
