[2021-11-17 01:00:46] - 티켓 상품 자동 배송 완료(batch_social_goods_confirm) - batch_social_goods_confirm  no data
[2021-11-17 01:00:46] - 미입금 통보 확인(deposit_request)
[2021-11-17 01:00:46] - 굿스플로 배송정보(receiveTrackingResults) - OK
[2021-11-17 01:00:46] - 티켓 상품 자동 배송 완료(batch_social_goods_confirm)
[2021-11-17 01:00:46] - 자동 구매 확정(batch_buy_confirm)
[2021-11-17 01:00:46] - 자동 주문 취소(order_cancel)
[2021-11-18 01:00:28] - 티켓 상품 자동 배송 완료(batch_social_goods_confirm) - batch_social_goods_confirm  no data
[2021-11-18 01:00:28] - 미입금 통보 확인(deposit_request)
[2021-11-18 01:00:28] - 굿스플로 배송정보(receiveTrackingResults) - OK
[2021-11-18 01:00:28] - 티켓 상품 자동 배송 완료(batch_social_goods_confirm)
[2021-11-18 01:00:28] - 자동 구매 확정(batch_buy_confirm)
[2021-11-18 01:00:28] - 자동 주문 취소(order_cancel)
[2021-11-19 01:00:27] - 티켓 상품 자동 배송 완료(batch_social_goods_confirm) - batch_social_goods_confirm  no data
[2021-11-19 01:00:27] - 미입금 통보 확인(deposit_request)
[2021-11-19 01:00:27] - 굿스플로 배송정보(receiveTrackingResults) - OK
[2021-11-19 01:00:27] - 티켓 상품 자동 배송 완료(batch_social_goods_confirm)
[2021-11-19 01:00:27] - 자동 구매 확정(batch_buy_confirm)
[2021-11-19 01:00:27] - 자동 주문 취소(order_cancel)
[2021-11-20 01:00:27] - 티켓 상품 자동 배송 완료(batch_social_goods_confirm) - batch_social_goods_confirm  no data
[2021-11-20 01:00:27] - 미입금 통보 확인(deposit_request)
[2021-11-20 01:00:27] - 굿스플로 배송정보(receiveTrackingResults) - OK
[2021-11-20 01:00:27] - 티켓 상품 자동 배송 완료(batch_social_goods_confirm)
[2021-11-20 01:00:27] - 자동 구매 확정(batch_buy_confirm)
[2021-11-20 01:00:27] - 자동 주문 취소(order_cancel)
[2021-11-21 01:00:27] - 티켓 상품 자동 배송 완료(batch_social_goods_confirm) - batch_social_goods_confirm  no data
[2021-11-21 01:00:27] - 미입금 통보 확인(deposit_request)
[2021-11-21 01:00:27] - 굿스플로 배송정보(receiveTrackingResults) - OK
[2021-11-21 01:00:27] - 티켓 상품 자동 배송 완료(batch_social_goods_confirm)
[2021-11-21 01:00:27] - 자동 구매 확정(batch_buy_confirm)
[2021-11-21 01:00:27] - 자동 주문 취소(order_cancel)
[2021-11-22 01:00:36] - 티켓 상품 자동 배송 완료(batch_social_goods_confirm) - batch_social_goods_confirm  no data
[2021-11-22 01:00:36] - 미입금 통보 확인(deposit_request)
[2021-11-22 01:00:36] - 굿스플로 배송정보(receiveTrackingResults) - OK
[2021-11-22 01:00:36] - 티켓 상품 자동 배송 완료(batch_social_goods_confirm)
[2021-11-22 01:00:36] - 자동 구매 확정(batch_buy_confirm)
[2021-11-22 01:00:36] - 자동 주문 취소(order_cancel)
[2021-11-23 01:00:27] - 티켓 상품 자동 배송 완료(batch_social_goods_confirm) - batch_social_goods_confirm  no data
[2021-11-23 01:00:27] - 미입금 통보 확인(deposit_request)
[2021-11-23 01:00:27] - 굿스플로 배송정보(receiveTrackingResults) - OK
[2021-11-23 01:00:27] - 티켓 상품 자동 배송 완료(batch_social_goods_confirm)
[2021-11-23 01:00:27] - 자동 구매 확정(batch_buy_confirm)
[2021-11-23 01:00:27] - 자동 주문 취소(order_cancel)
[2021-11-24 01:00:26] - 티켓 상품 자동 배송 완료(batch_social_goods_confirm) - batch_social_goods_confirm  no data
[2021-11-24 01:00:26] - 미입금 통보 확인(deposit_request)
[2021-11-24 01:00:26] - 굿스플로 배송정보(receiveTrackingResults) - OK
[2021-11-24 01:00:26] - 티켓 상품 자동 배송 완료(batch_social_goods_confirm)
[2021-11-24 01:00:26] - 자동 구매 확정(batch_buy_confirm)
[2021-11-24 01:00:26] - 자동 주문 취소(order_cancel)
[2021-11-25 01:00:26] - 티켓 상품 자동 배송 완료(batch_social_goods_confirm) - batch_social_goods_confirm  no data
[2021-11-25 01:00:26] - 미입금 통보 확인(deposit_request)
[2021-11-25 01:00:26] - 굿스플로 배송정보(receiveTrackingResults) - OK
[2021-11-25 01:00:26] - 티켓 상품 자동 배송 완료(batch_social_goods_confirm)
[2021-11-25 01:00:26] - 자동 구매 확정(batch_buy_confirm)
[2021-11-25 01:00:26] - 자동 주문 취소(order_cancel)
[2021-11-26 01:00:26] - 티켓 상품 자동 배송 완료(batch_social_goods_confirm) - batch_social_goods_confirm  no data
[2021-11-26 01:00:26] - 미입금 통보 확인(deposit_request)
[2021-11-26 01:00:26] - 굿스플로 배송정보(receiveTrackingResults) - OK
[2021-11-26 01:00:26] - 티켓 상품 자동 배송 완료(batch_social_goods_confirm)
[2021-11-26 01:00:26] - 자동 구매 확정(batch_buy_confirm)
[2021-11-26 01:00:26] - 자동 주문 취소(order_cancel)
[2021-11-27 01:00:26] - 티켓 상품 자동 배송 완료(batch_social_goods_confirm) - batch_social_goods_confirm  no data
[2021-11-27 01:00:26] - 미입금 통보 확인(deposit_request)
[2021-11-27 01:00:26] - 굿스플로 배송정보(receiveTrackingResults) - OK
[2021-11-27 01:00:26] - 티켓 상품 자동 배송 완료(batch_social_goods_confirm)
[2021-11-27 01:00:26] - 자동 구매 확정(batch_buy_confirm)
[2021-11-27 01:00:26] - 자동 주문 취소(order_cancel)
[2021-11-28 01:00:27] - 티켓 상품 자동 배송 완료(batch_social_goods_confirm) - batch_social_goods_confirm  no data
[2021-11-28 01:00:27] - 미입금 통보 확인(deposit_request)
[2021-11-28 01:00:27] - 굿스플로 배송정보(receiveTrackingResults) - OK
[2021-11-28 01:00:27] - 티켓 상품 자동 배송 완료(batch_social_goods_confirm)
[2021-11-28 01:00:27] - 자동 구매 확정(batch_buy_confirm)
[2021-11-28 01:00:27] - 자동 주문 취소(order_cancel)
[2021-11-29 01:00:32] - 티켓 상품 자동 배송 완료(batch_social_goods_confirm) - batch_social_goods_confirm  no data
[2021-11-29 01:00:32] - 미입금 통보 확인(deposit_request)
[2021-11-29 01:00:32] - 굿스플로 배송정보(receiveTrackingResults) - OK
[2021-11-29 01:00:32] - 티켓 상품 자동 배송 완료(batch_social_goods_confirm)
[2021-11-29 01:00:32] - 자동 구매 확정(batch_buy_confirm)
[2021-11-29 01:00:32] - 자동 주문 취소(order_cancel)
[2021-11-30 01:00:28] - 티켓 상품 자동 배송 완료(batch_social_goods_confirm) - batch_social_goods_confirm  no data
[2021-11-30 01:00:28] - 미입금 통보 확인(deposit_request)
[2021-11-30 01:00:28] - 굿스플로 배송정보(receiveTrackingResults) - OK
[2021-11-30 01:00:28] - 티켓 상품 자동 배송 완료(batch_social_goods_confirm)
[2021-11-30 01:00:28] - 자동 구매 확정(batch_buy_confirm)
[2021-11-30 01:00:28] - 자동 주문 취소(order_cancel)
