[2021-07-01 01:00:23] - 회원등급 업그레이드(update_member_grade) - update_member_grade unused
[2021-07-01 01:00:23] - 광고수신동의 메일 발송 대상 수집(send_marketing_agree)
[2021-07-01 01:00:23] - 광고수신동의 메일 발송 일자 수정(update_marketing_agree_date)
[2021-07-01 01:00:23] - 미접속자 휴면처리(dormancy_request)
[2021-07-01 01:00:23] - 회원등급 업그레이드(update_member_grade)
[2021-07-01 01:00:23] - 입점사 등급 자동 갱신(exec_update_provider_group)
[2021-07-01 01:00:23] - 회원정보 다운로드 로그 기록 삭제(log_member_excel_delete)
[2021-07-01 01:00:23] - 만료된 포인트 차감(member_point_deduction)
[2021-07-01 01:00:23] - 만료된 캐시 차감(member_emoney_deduction)
[2021-07-02 01:00:21] - 광고수신동의 메일 발송 대상 수집(send_marketing_agree)
[2021-07-02 01:00:21] - 광고수신동의 메일 발송 일자 수정(update_marketing_agree_date)
[2021-07-02 01:00:21] - 미접속자 휴면처리(dormancy_request)
[2021-07-02 01:00:21] - 회원등급 업그레이드(update_member_grade)
[2021-07-02 01:00:21] - 입점사 등급 자동 갱신(exec_update_provider_group)
[2021-07-02 01:00:21] - 회원정보 다운로드 로그 기록 삭제(log_member_excel_delete)
[2021-07-02 01:00:21] - 만료된 포인트 차감(member_point_deduction)
[2021-07-02 01:00:21] - 만료된 캐시 차감(member_emoney_deduction)
[2021-07-03 01:00:21] - 광고수신동의 메일 발송 대상 수집(send_marketing_agree)
[2021-07-03 01:00:21] - 광고수신동의 메일 발송 일자 수정(update_marketing_agree_date)
[2021-07-03 01:00:21] - 미접속자 휴면처리(dormancy_request)
[2021-07-03 01:00:21] - 회원등급 업그레이드(update_member_grade)
[2021-07-03 01:00:21] - 입점사 등급 자동 갱신(exec_update_provider_group)
[2021-07-03 01:00:21] - 회원정보 다운로드 로그 기록 삭제(log_member_excel_delete)
[2021-07-03 01:00:21] - 만료된 포인트 차감(member_point_deduction)
[2021-07-03 01:00:21] - 만료된 캐시 차감(member_emoney_deduction)
[2021-07-04 01:00:26] - 광고수신동의 메일 발송 대상 수집(send_marketing_agree)
[2021-07-04 01:00:26] - 광고수신동의 메일 발송 일자 수정(update_marketing_agree_date)
[2021-07-04 01:00:26] - 미접속자 휴면처리(dormancy_request)
[2021-07-04 01:00:26] - 회원등급 업그레이드(update_member_grade)
[2021-07-04 01:00:26] - 입점사 등급 자동 갱신(exec_update_provider_group)
[2021-07-04 01:00:26] - 회원정보 다운로드 로그 기록 삭제(log_member_excel_delete)
[2021-07-04 01:00:26] - 만료된 포인트 차감(member_point_deduction)
[2021-07-04 01:00:26] - 만료된 캐시 차감(member_emoney_deduction)
[2021-07-05 01:00:20] - 광고수신동의 메일 발송 대상 수집(send_marketing_agree)
[2021-07-05 01:00:20] - 광고수신동의 메일 발송 일자 수정(update_marketing_agree_date)
[2021-07-05 01:00:20] - 미접속자 휴면처리(dormancy_request)
[2021-07-05 01:00:20] - 회원등급 업그레이드(update_member_grade)
[2021-07-05 01:00:20] - 입점사 등급 자동 갱신(exec_update_provider_group)
[2021-07-05 01:00:20] - 회원정보 다운로드 로그 기록 삭제(log_member_excel_delete)
[2021-07-05 01:00:20] - 만료된 포인트 차감(member_point_deduction)
[2021-07-05 01:00:20] - 만료된 캐시 차감(member_emoney_deduction)
[2021-07-06 01:00:21] - 광고수신동의 메일 발송 대상 수집(send_marketing_agree)
[2021-07-06 01:00:21] - 광고수신동의 메일 발송 일자 수정(update_marketing_agree_date)
[2021-07-06 01:00:21] - 미접속자 휴면처리(dormancy_request)
[2021-07-06 01:00:21] - 회원등급 업그레이드(update_member_grade)
[2021-07-06 01:00:21] - 입점사 등급 자동 갱신(exec_update_provider_group)
[2021-07-06 01:00:21] - 회원정보 다운로드 로그 기록 삭제(log_member_excel_delete)
[2021-07-06 01:00:21] - 만료된 포인트 차감(member_point_deduction)
[2021-07-06 01:00:21] - 만료된 캐시 차감(member_emoney_deduction)
[2021-07-07 01:00:21] - 광고수신동의 메일 발송 대상 수집(send_marketing_agree)
[2021-07-07 01:00:21] - 광고수신동의 메일 발송 일자 수정(update_marketing_agree_date)
[2021-07-07 01:00:21] - 미접속자 휴면처리(dormancy_request)
[2021-07-07 01:00:21] - 회원등급 업그레이드(update_member_grade)
[2021-07-07 01:00:21] - 입점사 등급 자동 갱신(exec_update_provider_group)
[2021-07-07 01:00:21] - 회원정보 다운로드 로그 기록 삭제(log_member_excel_delete)
[2021-07-07 01:00:21] - 만료된 포인트 차감(member_point_deduction)
[2021-07-07 01:00:21] - 만료된 캐시 차감(member_emoney_deduction)
[2021-07-08 01:00:21] - 광고수신동의 메일 발송 대상 수집(send_marketing_agree)
[2021-07-08 01:00:21] - 광고수신동의 메일 발송 일자 수정(update_marketing_agree_date)
[2021-07-08 01:00:21] - 미접속자 휴면처리(dormancy_request)
[2021-07-08 01:00:21] - 회원등급 업그레이드(update_member_grade)
[2021-07-08 01:00:21] - 입점사 등급 자동 갱신(exec_update_provider_group)
[2021-07-08 01:00:21] - 회원정보 다운로드 로그 기록 삭제(log_member_excel_delete)
[2021-07-08 01:00:21] - 만료된 포인트 차감(member_point_deduction)
[2021-07-08 01:00:21] - 만료된 캐시 차감(member_emoney_deduction)
[2021-07-09 01:00:21] - 광고수신동의 메일 발송 대상 수집(send_marketing_agree)
[2021-07-09 01:00:21] - 광고수신동의 메일 발송 일자 수정(update_marketing_agree_date)
[2021-07-09 01:00:21] - 미접속자 휴면처리(dormancy_request)
[2021-07-09 01:00:21] - 회원등급 업그레이드(update_member_grade)
[2021-07-09 01:00:21] - 입점사 등급 자동 갱신(exec_update_provider_group)
[2021-07-09 01:00:21] - 회원정보 다운로드 로그 기록 삭제(log_member_excel_delete)
[2021-07-09 01:00:21] - 만료된 포인트 차감(member_point_deduction)
[2021-07-09 01:00:21] - 만료된 캐시 차감(member_emoney_deduction)
[2021-07-10 01:00:23] - 광고수신동의 메일 발송 대상 수집(send_marketing_agree)
[2021-07-10 01:00:23] - 광고수신동의 메일 발송 일자 수정(update_marketing_agree_date)
[2021-07-10 01:00:23] - 미접속자 휴면처리(dormancy_request)
[2021-07-10 01:00:23] - 회원등급 업그레이드(update_member_grade)
[2021-07-10 01:00:23] - 입점사 등급 자동 갱신(exec_update_provider_group)
[2021-07-10 01:00:23] - 회원정보 다운로드 로그 기록 삭제(log_member_excel_delete)
[2021-07-10 01:00:23] - 만료된 포인트 차감(member_point_deduction)
[2021-07-10 01:00:23] - 만료된 캐시 차감(member_emoney_deduction)
[2021-07-11 01:00:21] - 광고수신동의 메일 발송 대상 수집(send_marketing_agree)
[2021-07-11 01:00:21] - 광고수신동의 메일 발송 일자 수정(update_marketing_agree_date)
[2021-07-11 01:00:21] - 미접속자 휴면처리(dormancy_request)
[2021-07-11 01:00:21] - 회원등급 업그레이드(update_member_grade)
[2021-07-11 01:00:21] - 입점사 등급 자동 갱신(exec_update_provider_group)
[2021-07-11 01:00:21] - 회원정보 다운로드 로그 기록 삭제(log_member_excel_delete)
[2021-07-11 01:00:21] - 만료된 포인트 차감(member_point_deduction)
[2021-07-11 01:00:21] - 만료된 캐시 차감(member_emoney_deduction)
[2021-07-12 01:00:22] - 광고수신동의 메일 발송 대상 수집(send_marketing_agree)
[2021-07-12 01:00:22] - 광고수신동의 메일 발송 일자 수정(update_marketing_agree_date)
[2021-07-12 01:00:22] - 미접속자 휴면처리(dormancy_request)
[2021-07-12 01:00:22] - 회원등급 업그레이드(update_member_grade)
[2021-07-12 01:00:22] - 입점사 등급 자동 갱신(exec_update_provider_group)
[2021-07-12 01:00:22] - 회원정보 다운로드 로그 기록 삭제(log_member_excel_delete)
[2021-07-12 01:00:22] - 만료된 포인트 차감(member_point_deduction)
[2021-07-12 01:00:22] - 만료된 캐시 차감(member_emoney_deduction)
[2021-07-13 01:00:19] - 광고수신동의 메일 발송 대상 수집(send_marketing_agree)
[2021-07-13 01:00:19] - 광고수신동의 메일 발송 일자 수정(update_marketing_agree_date)
[2021-07-13 01:00:19] - 미접속자 휴면처리(dormancy_request)
[2021-07-13 01:00:19] - 회원등급 업그레이드(update_member_grade)
[2021-07-13 01:00:19] - 입점사 등급 자동 갱신(exec_update_provider_group)
[2021-07-13 01:00:19] - 회원정보 다운로드 로그 기록 삭제(log_member_excel_delete)
[2021-07-13 01:00:19] - 만료된 포인트 차감(member_point_deduction)
[2021-07-13 01:00:19] - 만료된 캐시 차감(member_emoney_deduction)
[2021-07-14 01:00:22] - 광고수신동의 메일 발송 대상 수집(send_marketing_agree)
[2021-07-14 01:00:22] - 광고수신동의 메일 발송 일자 수정(update_marketing_agree_date)
[2021-07-14 01:00:22] - 미접속자 휴면처리(dormancy_request)
[2021-07-14 01:00:22] - 회원등급 업그레이드(update_member_grade)
[2021-07-14 01:00:22] - 입점사 등급 자동 갱신(exec_update_provider_group)
[2021-07-14 01:00:22] - 회원정보 다운로드 로그 기록 삭제(log_member_excel_delete)
[2021-07-14 01:00:22] - 만료된 포인트 차감(member_point_deduction)
[2021-07-14 01:00:22] - 만료된 캐시 차감(member_emoney_deduction)
[2021-07-15 01:00:22] - 회원등급 업그레이드(update_member_grade) - update_member_grade unused
[2021-07-15 01:00:22] - 광고수신동의 메일 발송 대상 수집(send_marketing_agree)
[2021-07-15 01:00:22] - 광고수신동의 메일 발송 일자 수정(update_marketing_agree_date)
[2021-07-15 01:00:22] - 미접속자 휴면처리(dormancy_request)
[2021-07-15 01:00:22] - 회원등급 업그레이드(update_member_grade)
[2021-07-15 01:00:22] - 입점사 등급 자동 갱신(exec_update_provider_group)
[2021-07-15 01:00:22] - 회원정보 다운로드 로그 기록 삭제(log_member_excel_delete)
[2021-07-15 01:00:22] - 만료된 포인트 차감(member_point_deduction)
[2021-07-15 01:00:22] - 만료된 캐시 차감(member_emoney_deduction)
[2021-07-16 01:00:21] - 광고수신동의 메일 발송 대상 수집(send_marketing_agree)
[2021-07-16 01:00:21] - 광고수신동의 메일 발송 일자 수정(update_marketing_agree_date)
[2021-07-16 01:00:21] - 미접속자 휴면처리(dormancy_request)
[2021-07-16 01:00:21] - 회원등급 업그레이드(update_member_grade)
[2021-07-16 01:00:21] - 입점사 등급 자동 갱신(exec_update_provider_group)
[2021-07-16 01:00:21] - 회원정보 다운로드 로그 기록 삭제(log_member_excel_delete)
[2021-07-16 01:00:21] - 만료된 포인트 차감(member_point_deduction)
[2021-07-16 01:00:21] - 만료된 캐시 차감(member_emoney_deduction)
[2021-07-17 01:00:22] - 광고수신동의 메일 발송 대상 수집(send_marketing_agree)
[2021-07-17 01:00:22] - 광고수신동의 메일 발송 일자 수정(update_marketing_agree_date)
[2021-07-17 01:00:22] - 미접속자 휴면처리(dormancy_request)
[2021-07-17 01:00:22] - 회원등급 업그레이드(update_member_grade)
[2021-07-17 01:00:22] - 입점사 등급 자동 갱신(exec_update_provider_group)
[2021-07-17 01:00:22] - 회원정보 다운로드 로그 기록 삭제(log_member_excel_delete)
[2021-07-17 01:00:22] - 만료된 포인트 차감(member_point_deduction)
[2021-07-17 01:00:22] - 만료된 캐시 차감(member_emoney_deduction)
[2021-07-18 01:00:24] - 광고수신동의 메일 발송 대상 수집(send_marketing_agree)
[2021-07-18 01:00:24] - 광고수신동의 메일 발송 일자 수정(update_marketing_agree_date)
[2021-07-18 01:00:24] - 미접속자 휴면처리(dormancy_request)
[2021-07-18 01:00:24] - 회원등급 업그레이드(update_member_grade)
[2021-07-18 01:00:24] - 입점사 등급 자동 갱신(exec_update_provider_group)
[2021-07-18 01:00:24] - 회원정보 다운로드 로그 기록 삭제(log_member_excel_delete)
[2021-07-18 01:00:24] - 만료된 포인트 차감(member_point_deduction)
[2021-07-18 01:00:24] - 만료된 캐시 차감(member_emoney_deduction)
[2021-07-19 01:00:21] - 광고수신동의 메일 발송 대상 수집(send_marketing_agree)
[2021-07-19 01:00:21] - 광고수신동의 메일 발송 일자 수정(update_marketing_agree_date)
[2021-07-19 01:00:21] - 미접속자 휴면처리(dormancy_request)
[2021-07-19 01:00:21] - 회원등급 업그레이드(update_member_grade)
[2021-07-19 01:00:21] - 입점사 등급 자동 갱신(exec_update_provider_group)
[2021-07-19 01:00:21] - 회원정보 다운로드 로그 기록 삭제(log_member_excel_delete)
[2021-07-19 01:00:21] - 만료된 포인트 차감(member_point_deduction)
[2021-07-19 01:00:21] - 만료된 캐시 차감(member_emoney_deduction)
[2021-07-20 01:00:22] - 광고수신동의 메일 발송 대상 수집(send_marketing_agree)
[2021-07-20 01:00:22] - 광고수신동의 메일 발송 일자 수정(update_marketing_agree_date)
[2021-07-20 01:00:22] - 미접속자 휴면처리(dormancy_request)
[2021-07-20 01:00:22] - 회원등급 업그레이드(update_member_grade)
[2021-07-20 01:00:22] - 입점사 등급 자동 갱신(exec_update_provider_group)
[2021-07-20 01:00:22] - 회원정보 다운로드 로그 기록 삭제(log_member_excel_delete)
[2021-07-20 01:00:22] - 만료된 포인트 차감(member_point_deduction)
[2021-07-20 01:00:22] - 만료된 캐시 차감(member_emoney_deduction)
[2021-07-21 01:00:23] - 광고수신동의 메일 발송 대상 수집(send_marketing_agree)
[2021-07-21 01:00:23] - 광고수신동의 메일 발송 일자 수정(update_marketing_agree_date)
[2021-07-21 01:00:23] - 미접속자 휴면처리(dormancy_request)
[2021-07-21 01:00:23] - 회원등급 업그레이드(update_member_grade)
[2021-07-21 01:00:23] - 입점사 등급 자동 갱신(exec_update_provider_group)
[2021-07-21 01:00:23] - 회원정보 다운로드 로그 기록 삭제(log_member_excel_delete)
[2021-07-21 01:00:23] - 만료된 포인트 차감(member_point_deduction)
[2021-07-21 01:00:23] - 만료된 캐시 차감(member_emoney_deduction)
[2021-07-22 01:00:26] - 광고수신동의 메일 발송 대상 수집(send_marketing_agree)
[2021-07-22 01:00:26] - 광고수신동의 메일 발송 일자 수정(update_marketing_agree_date)
[2021-07-22 01:00:26] - 미접속자 휴면처리(dormancy_request)
[2021-07-22 01:00:26] - 회원등급 업그레이드(update_member_grade)
[2021-07-22 01:00:26] - 입점사 등급 자동 갱신(exec_update_provider_group)
[2021-07-22 01:00:26] - 회원정보 다운로드 로그 기록 삭제(log_member_excel_delete)
[2021-07-22 01:00:26] - 만료된 포인트 차감(member_point_deduction)
[2021-07-22 01:00:26] - 만료된 캐시 차감(member_emoney_deduction)
[2021-07-23 01:00:24] - 광고수신동의 메일 발송 대상 수집(send_marketing_agree)
[2021-07-23 01:00:24] - 광고수신동의 메일 발송 일자 수정(update_marketing_agree_date)
[2021-07-23 01:00:24] - 미접속자 휴면처리(dormancy_request)
[2021-07-23 01:00:24] - 회원등급 업그레이드(update_member_grade)
[2021-07-23 01:00:24] - 입점사 등급 자동 갱신(exec_update_provider_group)
[2021-07-23 01:00:24] - 회원정보 다운로드 로그 기록 삭제(log_member_excel_delete)
[2021-07-23 01:00:24] - 만료된 포인트 차감(member_point_deduction)
[2021-07-23 01:00:24] - 만료된 캐시 차감(member_emoney_deduction)
[2021-07-24 01:00:23] - 광고수신동의 메일 발송 대상 수집(send_marketing_agree)
[2021-07-24 01:00:23] - 광고수신동의 메일 발송 일자 수정(update_marketing_agree_date)
[2021-07-24 01:00:23] - 미접속자 휴면처리(dormancy_request)
[2021-07-24 01:00:23] - 회원등급 업그레이드(update_member_grade)
[2021-07-24 01:00:23] - 입점사 등급 자동 갱신(exec_update_provider_group)
[2021-07-24 01:00:23] - 회원정보 다운로드 로그 기록 삭제(log_member_excel_delete)
[2021-07-24 01:00:23] - 만료된 포인트 차감(member_point_deduction)
[2021-07-24 01:00:23] - 만료된 캐시 차감(member_emoney_deduction)
[2021-07-25 01:00:23] - 광고수신동의 메일 발송 대상 수집(send_marketing_agree)
[2021-07-25 01:00:23] - 광고수신동의 메일 발송 일자 수정(update_marketing_agree_date)
[2021-07-25 01:00:23] - 미접속자 휴면처리(dormancy_request)
[2021-07-25 01:00:23] - 회원등급 업그레이드(update_member_grade)
[2021-07-25 01:00:23] - 입점사 등급 자동 갱신(exec_update_provider_group)
[2021-07-25 01:00:23] - 회원정보 다운로드 로그 기록 삭제(log_member_excel_delete)
[2021-07-25 01:00:23] - 만료된 포인트 차감(member_point_deduction)
[2021-07-25 01:00:23] - 만료된 캐시 차감(member_emoney_deduction)
[2021-07-26 01:00:22] - 광고수신동의 메일 발송 대상 수집(send_marketing_agree)
[2021-07-26 01:00:22] - 광고수신동의 메일 발송 일자 수정(update_marketing_agree_date)
[2021-07-26 01:00:22] - 미접속자 휴면처리(dormancy_request)
[2021-07-26 01:00:22] - 회원등급 업그레이드(update_member_grade)
[2021-07-26 01:00:22] - 입점사 등급 자동 갱신(exec_update_provider_group)
[2021-07-26 01:00:22] - 회원정보 다운로드 로그 기록 삭제(log_member_excel_delete)
[2021-07-26 01:00:22] - 만료된 포인트 차감(member_point_deduction)
[2021-07-26 01:00:22] - 만료된 캐시 차감(member_emoney_deduction)
[2021-07-27 01:00:23] - 광고수신동의 메일 발송 대상 수집(send_marketing_agree)
[2021-07-27 01:00:23] - 광고수신동의 메일 발송 일자 수정(update_marketing_agree_date)
[2021-07-27 01:00:23] - 미접속자 휴면처리(dormancy_request)
[2021-07-27 01:00:23] - 회원등급 업그레이드(update_member_grade)
[2021-07-27 01:00:23] - 입점사 등급 자동 갱신(exec_update_provider_group)
[2021-07-27 01:00:23] - 회원정보 다운로드 로그 기록 삭제(log_member_excel_delete)
[2021-07-27 01:00:23] - 만료된 포인트 차감(member_point_deduction)
[2021-07-27 01:00:23] - 만료된 캐시 차감(member_emoney_deduction)
[2021-07-28 01:00:24] - 광고수신동의 메일 발송 대상 수집(send_marketing_agree)
[2021-07-28 01:00:24] - 광고수신동의 메일 발송 일자 수정(update_marketing_agree_date)
[2021-07-28 01:00:24] - 미접속자 휴면처리(dormancy_request)
[2021-07-28 01:00:24] - 회원등급 업그레이드(update_member_grade)
[2021-07-28 01:00:24] - 입점사 등급 자동 갱신(exec_update_provider_group)
[2021-07-28 01:00:24] - 회원정보 다운로드 로그 기록 삭제(log_member_excel_delete)
[2021-07-28 01:00:24] - 만료된 포인트 차감(member_point_deduction)
[2021-07-28 01:00:24] - 만료된 캐시 차감(member_emoney_deduction)
[2021-07-29 01:00:23] - 광고수신동의 메일 발송 대상 수집(send_marketing_agree)
[2021-07-29 01:00:23] - 광고수신동의 메일 발송 일자 수정(update_marketing_agree_date)
[2021-07-29 01:00:23] - 미접속자 휴면처리(dormancy_request)
[2021-07-29 01:00:23] - 회원등급 업그레이드(update_member_grade)
[2021-07-29 01:00:23] - 입점사 등급 자동 갱신(exec_update_provider_group)
[2021-07-29 01:00:23] - 회원정보 다운로드 로그 기록 삭제(log_member_excel_delete)
[2021-07-29 01:00:23] - 만료된 포인트 차감(member_point_deduction)
[2021-07-29 01:00:23] - 만료된 캐시 차감(member_emoney_deduction)
[2021-07-30 01:00:23] - 광고수신동의 메일 발송 대상 수집(send_marketing_agree)
[2021-07-30 01:00:23] - 광고수신동의 메일 발송 일자 수정(update_marketing_agree_date)
[2021-07-30 01:00:23] - 미접속자 휴면처리(dormancy_request)
[2021-07-30 01:00:23] - 회원등급 업그레이드(update_member_grade)
[2021-07-30 01:00:23] - 입점사 등급 자동 갱신(exec_update_provider_group)
[2021-07-30 01:00:23] - 회원정보 다운로드 로그 기록 삭제(log_member_excel_delete)
[2021-07-30 01:00:23] - 만료된 포인트 차감(member_point_deduction)
[2021-07-30 01:00:23] - 만료된 캐시 차감(member_emoney_deduction)
[2021-07-31 01:00:24] - 광고수신동의 메일 발송 대상 수집(send_marketing_agree)
[2021-07-31 01:00:24] - 광고수신동의 메일 발송 일자 수정(update_marketing_agree_date)
[2021-07-31 01:00:24] - 미접속자 휴면처리(dormancy_request)
[2021-07-31 01:00:24] - 회원등급 업그레이드(update_member_grade)
[2021-07-31 01:00:24] - 입점사 등급 자동 갱신(exec_update_provider_group)
[2021-07-31 01:00:24] - 회원정보 다운로드 로그 기록 삭제(log_member_excel_delete)
[2021-07-31 01:00:24] - 만료된 포인트 차감(member_point_deduction)
[2021-07-31 01:00:24] - 만료된 캐시 차감(member_emoney_deduction)
