[2021-04-01 01:00:39] - 2021-03-31 - daily_order start
[2021-04-01 01:00:39] - 2021-03-31 - daily_order success
[2021-04-01 01:00:39] - 2021-03-31 - daily_fblike start
[2021-04-01 01:00:39] - 2021-03-31 - daily_fblike success
[2021-04-01 01:00:39] - 2021-03-31 - daily_review start
[2021-04-01 01:00:39] - 2021-03-31 - daily_review success
[2021-04-01 01:00:39] - 2021-03-31 - daily_restock_notify start
[2021-04-01 01:00:39] - 2021-03-31 - daily_restock_notify success
[2021-04-01 01:00:39] - 2021-03-31 - daily_wish start
[2021-04-01 01:00:39] - 2021-03-31 - daily_wish success
[2021-04-01 01:00:39] - 2021-03-31 - daily_cart start
[2021-04-01 01:00:39] - 2021-03-31 - daily_cart success
[2021-04-01 01:00:39] - 2021-03-31 - daily_view start
[2021-04-01 01:00:41] - 2021-03-31 - daily_view success
[2021-04-01 01:00:41] - 2021-03-31 - daily_sales_price start
[2021-04-01 01:00:41] - 2021-03-31 - daily_sales_price success
[2021-04-01 01:00:41] - 2021-03-31 - case1 start
[2021-04-01 01:00:41] - 2021-03-31 - case1 success
[2021-04-01 01:00:41] - 2021-03-31 - case2 start
[2021-04-01 01:00:44] - 2021-03-31 - case2 success
[2021-04-01 01:00:44] - 2021-03-31 - delete start
[2021-04-01 01:00:44] - 2021-03-31 - fm_daily_stats_fblike_vw start
[2021-04-01 01:00:44] - 2021-03-31 - fm_daily_stats_fblike_vw success
[2021-04-01 01:00:44] - 2021-03-31 - fm_daily_stats_review_vw start
[2021-04-01 01:00:44] - 2021-03-31 - fm_daily_stats_review_vw success
[2021-04-01 01:00:44] - 2021-03-31 - fm_daily_stats_restock_notify_vw start
[2021-04-01 01:00:44] - 2021-03-31 - fm_daily_stats_restock_notify_vw success
[2021-04-01 01:00:44] - 2021-03-31 - fm_daily_stats_wish_vw start
[2021-04-01 01:00:44] - 2021-03-31 - fm_daily_stats_wish_vw success
[2021-04-01 01:00:44] - 2021-03-31 - fm_daily_stats_cart_vw start
[2021-04-01 01:00:44] - 2021-03-31 - fm_daily_stats_cart_vw success
[2021-04-01 01:00:44] - 2021-03-31 - fm_daily_stats_order_vw start
[2021-04-01 01:00:44] - 2021-03-31 - fm_daily_stats_order_vw success
[2021-04-01 01:00:44] - 2021-03-31 - fm_daily_stats_view_vw start
[2021-04-01 01:00:44] - 2021-03-31 - fm_daily_stats_view_vw success
[2021-04-01 01:00:44] - 2021-03-31 - delete success
[2021-04-01 01:00:44] - 상품별 3개월 구매수량 등록(goods_purchase_ea)
[2021-04-01 01:00:44] - 입점사 정산 주기 변경(account_seller_period_update)
[2021-04-01 01:00:44] - 입점사별 정산 집계(account_seller_stats)
[2021-04-01 01:00:44] - 불필요한 이월데이터 삭제(account_seller_del_sales)
[2021-04-01 01:00:44] - 일일통계 (주문,좋아요,리뷰,재입고알림,찜,장바구니,보기) 집계(daily_stats)
[2021-04-01 01:00:44] - 마일리지, 포인트,캐쉬 통계 집계(statistic_epc)
[2021-04-01 01:00:44] - referer 도메인 업데이트(set_referer_domain)
[2021-04-01 01:00:44] - 일일통계 데이터 삭제(stats_delete)
[2021-04-02 01:00:25] - 2021-04-01 - daily_order start
[2021-04-02 01:00:25] - 2021-04-01 - daily_order success
[2021-04-02 01:00:25] - 2021-04-01 - daily_fblike start
[2021-04-02 01:00:25] - 2021-04-01 - daily_fblike success
[2021-04-02 01:00:25] - 2021-04-01 - daily_review start
[2021-04-02 01:00:25] - 2021-04-01 - daily_review success
[2021-04-02 01:00:25] - 2021-04-01 - daily_restock_notify start
[2021-04-02 01:00:25] - 2021-04-01 - daily_restock_notify success
[2021-04-02 01:00:25] - 2021-04-01 - daily_wish start
[2021-04-02 01:00:25] - 2021-04-01 - daily_wish success
[2021-04-02 01:00:25] - 2021-04-01 - daily_cart start
[2021-04-02 01:00:25] - 2021-04-01 - daily_cart success
[2021-04-02 01:00:25] - 2021-04-01 - daily_view start
[2021-04-02 01:00:26] - 2021-04-01 - daily_view success
[2021-04-02 01:00:26] - 2021-04-01 - daily_sales_price start
[2021-04-02 01:00:26] - 2021-04-01 - daily_sales_price success
[2021-04-02 01:00:26] - 2021-04-01 - case1 start
[2021-04-02 01:00:27] - 2021-04-01 - case1 success
[2021-04-02 01:00:27] - 2021-04-01 - case2 start
[2021-04-02 01:00:30] - 2021-04-01 - case2 success
[2021-04-02 01:00:30] - 2021-04-01 - delete start
[2021-04-02 01:00:30] - 2021-04-01 - fm_daily_stats_fblike_vw start
[2021-04-02 01:00:30] - 2021-04-01 - fm_daily_stats_fblike_vw success
[2021-04-02 01:00:30] - 2021-04-01 - fm_daily_stats_review_vw start
[2021-04-02 01:00:30] - 2021-04-01 - fm_daily_stats_review_vw success
[2021-04-02 01:00:30] - 2021-04-01 - fm_daily_stats_restock_notify_vw start
[2021-04-02 01:00:30] - 2021-04-01 - fm_daily_stats_restock_notify_vw success
[2021-04-02 01:00:30] - 2021-04-01 - fm_daily_stats_wish_vw start
[2021-04-02 01:00:30] - 2021-04-01 - fm_daily_stats_wish_vw success
[2021-04-02 01:00:30] - 2021-04-01 - fm_daily_stats_cart_vw start
[2021-04-02 01:00:30] - 2021-04-01 - fm_daily_stats_cart_vw success
[2021-04-02 01:00:30] - 2021-04-01 - fm_daily_stats_order_vw start
[2021-04-02 01:00:30] - 2021-04-01 - fm_daily_stats_order_vw success
[2021-04-02 01:00:30] - 2021-04-01 - fm_daily_stats_view_vw start
[2021-04-02 01:00:30] - 2021-04-01 - fm_daily_stats_view_vw success
[2021-04-02 01:00:30] - 2021-04-01 - delete success
[2021-04-02 01:00:30] - 상품별 3개월 구매수량 등록(goods_purchase_ea)
[2021-04-02 01:00:30] - 입점사 정산 주기 변경(account_seller_period_update)
[2021-04-02 01:00:30] - 입점사별 정산 집계(account_seller_stats)
[2021-04-02 01:00:30] - 불필요한 이월데이터 삭제(account_seller_del_sales)
[2021-04-02 01:00:30] - 일일통계 (주문,좋아요,리뷰,재입고알림,찜,장바구니,보기) 집계(daily_stats)
[2021-04-02 01:00:30] - 마일리지, 포인트,캐쉬 통계 집계(statistic_epc)
[2021-04-02 01:00:30] - referer 도메인 업데이트(set_referer_domain)
[2021-04-02 01:00:30] - 일일통계 데이터 삭제(stats_delete)
[2021-04-03 01:00:25] - 2021-04-02 - daily_order start
[2021-04-03 01:00:25] - 2021-04-02 - daily_order success
[2021-04-03 01:00:25] - 2021-04-02 - daily_fblike start
[2021-04-03 01:00:25] - 2021-04-02 - daily_fblike success
[2021-04-03 01:00:25] - 2021-04-02 - daily_review start
[2021-04-03 01:00:26] - 2021-04-02 - daily_review success
[2021-04-03 01:00:26] - 2021-04-02 - daily_restock_notify start
[2021-04-03 01:00:26] - 2021-04-02 - daily_restock_notify success
[2021-04-03 01:00:26] - 2021-04-02 - daily_wish start
[2021-04-03 01:00:26] - 2021-04-02 - daily_wish success
[2021-04-03 01:00:26] - 2021-04-02 - daily_cart start
[2021-04-03 01:00:26] - 2021-04-02 - daily_cart success
[2021-04-03 01:00:26] - 2021-04-02 - daily_view start
[2021-04-03 01:00:27] - 2021-04-02 - daily_view success
[2021-04-03 01:00:27] - 2021-04-02 - daily_sales_price start
[2021-04-03 01:00:27] - 2021-04-02 - daily_sales_price success
[2021-04-03 01:00:27] - 2021-04-02 - case1 start
[2021-04-03 01:00:28] - 2021-04-02 - case1 success
[2021-04-03 01:00:28] - 2021-04-02 - case2 start
[2021-04-03 01:00:31] - 2021-04-02 - case2 success
[2021-04-03 01:00:31] - 2021-04-02 - delete start
[2021-04-03 01:00:31] - 2021-04-02 - fm_daily_stats_fblike_vw start
[2021-04-03 01:00:31] - 2021-04-02 - fm_daily_stats_fblike_vw success
[2021-04-03 01:00:31] - 2021-04-02 - fm_daily_stats_review_vw start
[2021-04-03 01:00:31] - 2021-04-02 - fm_daily_stats_review_vw success
[2021-04-03 01:00:31] - 2021-04-02 - fm_daily_stats_restock_notify_vw start
[2021-04-03 01:00:31] - 2021-04-02 - fm_daily_stats_restock_notify_vw success
[2021-04-03 01:00:31] - 2021-04-02 - fm_daily_stats_wish_vw start
[2021-04-03 01:00:31] - 2021-04-02 - fm_daily_stats_wish_vw success
[2021-04-03 01:00:31] - 2021-04-02 - fm_daily_stats_cart_vw start
[2021-04-03 01:00:31] - 2021-04-02 - fm_daily_stats_cart_vw success
[2021-04-03 01:00:31] - 2021-04-02 - fm_daily_stats_order_vw start
[2021-04-03 01:00:31] - 2021-04-02 - fm_daily_stats_order_vw success
[2021-04-03 01:00:31] - 2021-04-02 - fm_daily_stats_view_vw start
[2021-04-03 01:00:31] - 2021-04-02 - fm_daily_stats_view_vw success
[2021-04-03 01:00:31] - 2021-04-02 - delete success
[2021-04-03 01:00:31] - 상품별 3개월 구매수량 등록(goods_purchase_ea)
[2021-04-03 01:00:31] - 입점사 정산 주기 변경(account_seller_period_update)
[2021-04-03 01:00:31] - 입점사별 정산 집계(account_seller_stats)
[2021-04-03 01:00:31] - 불필요한 이월데이터 삭제(account_seller_del_sales)
[2021-04-03 01:00:31] - 일일통계 (주문,좋아요,리뷰,재입고알림,찜,장바구니,보기) 집계(daily_stats)
[2021-04-03 01:00:31] - 마일리지, 포인트,캐쉬 통계 집계(statistic_epc)
[2021-04-03 01:00:31] - referer 도메인 업데이트(set_referer_domain)
[2021-04-03 01:00:31] - 일일통계 데이터 삭제(stats_delete)
[2021-04-04 01:00:35] - 2021-04-03 - daily_order start
[2021-04-04 01:00:35] - 2021-04-03 - daily_order success
[2021-04-04 01:00:35] - 2021-04-03 - daily_fblike start
[2021-04-04 01:00:35] - 2021-04-03 - daily_fblike success
[2021-04-04 01:00:35] - 2021-04-03 - daily_review start
[2021-04-04 01:00:35] - 2021-04-03 - daily_review success
[2021-04-04 01:00:35] - 2021-04-03 - daily_restock_notify start
[2021-04-04 01:00:35] - 2021-04-03 - daily_restock_notify success
[2021-04-04 01:00:35] - 2021-04-03 - daily_wish start
[2021-04-04 01:00:35] - 2021-04-03 - daily_wish success
[2021-04-04 01:00:35] - 2021-04-03 - daily_cart start
[2021-04-04 01:00:35] - 2021-04-03 - daily_cart success
[2021-04-04 01:00:35] - 2021-04-03 - daily_view start
[2021-04-04 01:00:36] - 2021-04-03 - daily_view success
[2021-04-04 01:00:36] - 2021-04-03 - daily_sales_price start
[2021-04-04 01:00:36] - 2021-04-03 - daily_sales_price success
[2021-04-04 01:00:36] - 2021-04-03 - case1 start
[2021-04-04 01:00:36] - 2021-04-03 - case1 success
[2021-04-04 01:00:36] - 2021-04-03 - case2 start
[2021-04-04 01:00:40] - 2021-04-03 - case2 success
[2021-04-04 01:00:40] - 2021-04-03 - delete start
[2021-04-04 01:00:40] - 2021-04-03 - fm_daily_stats_fblike_vw start
[2021-04-04 01:00:40] - 2021-04-03 - fm_daily_stats_fblike_vw success
[2021-04-04 01:00:40] - 2021-04-03 - fm_daily_stats_review_vw start
[2021-04-04 01:00:40] - 2021-04-03 - fm_daily_stats_review_vw success
[2021-04-04 01:00:40] - 2021-04-03 - fm_daily_stats_restock_notify_vw start
[2021-04-04 01:00:40] - 2021-04-03 - fm_daily_stats_restock_notify_vw success
[2021-04-04 01:00:40] - 2021-04-03 - fm_daily_stats_wish_vw start
[2021-04-04 01:00:40] - 2021-04-03 - fm_daily_stats_wish_vw success
[2021-04-04 01:00:40] - 2021-04-03 - fm_daily_stats_cart_vw start
[2021-04-04 01:00:40] - 2021-04-03 - fm_daily_stats_cart_vw success
[2021-04-04 01:00:40] - 2021-04-03 - fm_daily_stats_order_vw start
[2021-04-04 01:00:40] - 2021-04-03 - fm_daily_stats_order_vw success
[2021-04-04 01:00:40] - 2021-04-03 - fm_daily_stats_view_vw start
[2021-04-04 01:00:40] - 2021-04-03 - fm_daily_stats_view_vw success
[2021-04-04 01:00:40] - 2021-04-03 - delete success
[2021-04-04 01:00:40] - 상품별 3개월 구매수량 등록(goods_purchase_ea)
[2021-04-04 01:00:40] - 입점사 정산 주기 변경(account_seller_period_update)
[2021-04-04 01:00:40] - 입점사별 정산 집계(account_seller_stats)
[2021-04-04 01:00:40] - 불필요한 이월데이터 삭제(account_seller_del_sales)
[2021-04-04 01:00:40] - 일일통계 (주문,좋아요,리뷰,재입고알림,찜,장바구니,보기) 집계(daily_stats)
[2021-04-04 01:00:40] - 마일리지, 포인트,캐쉬 통계 집계(statistic_epc)
[2021-04-04 01:00:40] - referer 도메인 업데이트(set_referer_domain)
[2021-04-04 01:00:40] - 일일통계 데이터 삭제(stats_delete)
[2021-04-05 01:00:34] - 2021-04-04 - daily_order start
[2021-04-05 01:00:34] - 2021-04-04 - daily_order success
[2021-04-05 01:00:34] - 2021-04-04 - daily_fblike start
[2021-04-05 01:00:34] - 2021-04-04 - daily_fblike success
[2021-04-05 01:00:34] - 2021-04-04 - daily_review start
[2021-04-05 01:00:34] - 2021-04-04 - daily_review success
[2021-04-05 01:00:34] - 2021-04-04 - daily_restock_notify start
[2021-04-05 01:00:34] - 2021-04-04 - daily_restock_notify success
[2021-04-05 01:00:34] - 2021-04-04 - daily_wish start
[2021-04-05 01:00:34] - 2021-04-04 - daily_wish success
[2021-04-05 01:00:34] - 2021-04-04 - daily_cart start
[2021-04-05 01:00:34] - 2021-04-04 - daily_cart success
[2021-04-05 01:00:34] - 2021-04-04 - daily_view start
[2021-04-05 01:00:36] - 2021-04-04 - daily_view success
[2021-04-05 01:00:36] - 2021-04-04 - daily_sales_price start
[2021-04-05 01:00:36] - 2021-04-04 - daily_sales_price success
[2021-04-05 01:00:36] - 2021-04-04 - case1 start
[2021-04-05 01:00:36] - 2021-04-04 - case1 success
[2021-04-05 01:00:36] - 2021-04-04 - case2 start
[2021-04-05 01:00:39] - 2021-04-04 - case2 success
[2021-04-05 01:00:39] - 2021-04-04 - delete start
[2021-04-05 01:00:39] - 2021-04-04 - fm_daily_stats_fblike_vw start
[2021-04-05 01:00:39] - 2021-04-04 - fm_daily_stats_fblike_vw success
[2021-04-05 01:00:39] - 2021-04-04 - fm_daily_stats_review_vw start
[2021-04-05 01:00:39] - 2021-04-04 - fm_daily_stats_review_vw success
[2021-04-05 01:00:39] - 2021-04-04 - fm_daily_stats_restock_notify_vw start
[2021-04-05 01:00:39] - 2021-04-04 - fm_daily_stats_restock_notify_vw success
[2021-04-05 01:00:39] - 2021-04-04 - fm_daily_stats_wish_vw start
[2021-04-05 01:00:39] - 2021-04-04 - fm_daily_stats_wish_vw success
[2021-04-05 01:00:39] - 2021-04-04 - fm_daily_stats_cart_vw start
[2021-04-05 01:00:39] - 2021-04-04 - fm_daily_stats_cart_vw success
[2021-04-05 01:00:39] - 2021-04-04 - fm_daily_stats_order_vw start
[2021-04-05 01:00:39] - 2021-04-04 - fm_daily_stats_order_vw success
[2021-04-05 01:00:39] - 2021-04-04 - fm_daily_stats_view_vw start
[2021-04-05 01:00:39] - 2021-04-04 - fm_daily_stats_view_vw success
[2021-04-05 01:00:39] - 2021-04-04 - delete success
[2021-04-05 01:00:39] - 상품별 3개월 구매수량 등록(goods_purchase_ea)
[2021-04-05 01:00:39] - 입점사 정산 주기 변경(account_seller_period_update)
[2021-04-05 01:00:39] - 입점사별 정산 집계(account_seller_stats)
[2021-04-05 01:00:39] - 불필요한 이월데이터 삭제(account_seller_del_sales)
[2021-04-05 01:00:39] - 일일통계 (주문,좋아요,리뷰,재입고알림,찜,장바구니,보기) 집계(daily_stats)
[2021-04-05 01:00:39] - 마일리지, 포인트,캐쉬 통계 집계(statistic_epc)
[2021-04-05 01:00:39] - referer 도메인 업데이트(set_referer_domain)
[2021-04-05 01:00:39] - 일일통계 데이터 삭제(stats_delete)
[2021-04-06 01:00:28] - 2021-04-05 - daily_order start
[2021-04-06 01:00:28] - 2021-04-05 - daily_order success
[2021-04-06 01:00:28] - 2021-04-05 - daily_fblike start
[2021-04-06 01:00:28] - 2021-04-05 - daily_fblike success
[2021-04-06 01:00:28] - 2021-04-05 - daily_review start
[2021-04-06 01:00:28] - 2021-04-05 - daily_review success
[2021-04-06 01:00:28] - 2021-04-05 - daily_restock_notify start
[2021-04-06 01:00:28] - 2021-04-05 - daily_restock_notify success
[2021-04-06 01:00:28] - 2021-04-05 - daily_wish start
[2021-04-06 01:00:28] - 2021-04-05 - daily_wish success
[2021-04-06 01:00:28] - 2021-04-05 - daily_cart start
[2021-04-06 01:00:28] - 2021-04-05 - daily_cart success
[2021-04-06 01:00:28] - 2021-04-05 - daily_view start
[2021-04-06 01:00:30] - 2021-04-05 - daily_view success
[2021-04-06 01:00:30] - 2021-04-05 - daily_sales_price start
[2021-04-06 01:00:30] - 2021-04-05 - daily_sales_price success
[2021-04-06 01:00:30] - 2021-04-05 - case1 start
[2021-04-06 01:00:31] - 2021-04-05 - case1 success
[2021-04-06 01:00:31] - 2021-04-05 - case2 start
[2021-04-06 01:00:34] - 2021-04-05 - case2 success
[2021-04-06 01:00:34] - 2021-04-05 - delete start
[2021-04-06 01:00:34] - 2021-04-05 - fm_daily_stats_fblike_vw start
[2021-04-06 01:00:34] - 2021-04-05 - fm_daily_stats_fblike_vw success
[2021-04-06 01:00:34] - 2021-04-05 - fm_daily_stats_review_vw start
[2021-04-06 01:00:34] - 2021-04-05 - fm_daily_stats_review_vw success
[2021-04-06 01:00:34] - 2021-04-05 - fm_daily_stats_restock_notify_vw start
[2021-04-06 01:00:34] - 2021-04-05 - fm_daily_stats_restock_notify_vw success
[2021-04-06 01:00:34] - 2021-04-05 - fm_daily_stats_wish_vw start
[2021-04-06 01:00:34] - 2021-04-05 - fm_daily_stats_wish_vw success
[2021-04-06 01:00:34] - 2021-04-05 - fm_daily_stats_cart_vw start
[2021-04-06 01:00:34] - 2021-04-05 - fm_daily_stats_cart_vw success
[2021-04-06 01:00:34] - 2021-04-05 - fm_daily_stats_order_vw start
[2021-04-06 01:00:34] - 2021-04-05 - fm_daily_stats_order_vw success
[2021-04-06 01:00:34] - 2021-04-05 - fm_daily_stats_view_vw start
[2021-04-06 01:00:34] - 2021-04-05 - fm_daily_stats_view_vw success
[2021-04-06 01:00:34] - 2021-04-05 - delete success
[2021-04-06 01:00:34] - 상품별 3개월 구매수량 등록(goods_purchase_ea)
[2021-04-06 01:00:34] - 입점사 정산 주기 변경(account_seller_period_update)
[2021-04-06 01:00:34] - 입점사별 정산 집계(account_seller_stats)
[2021-04-06 01:00:34] - 불필요한 이월데이터 삭제(account_seller_del_sales)
[2021-04-06 01:00:34] - 일일통계 (주문,좋아요,리뷰,재입고알림,찜,장바구니,보기) 집계(daily_stats)
[2021-04-06 01:00:34] - 마일리지, 포인트,캐쉬 통계 집계(statistic_epc)
[2021-04-06 01:00:34] - referer 도메인 업데이트(set_referer_domain)
[2021-04-06 01:00:34] - 일일통계 데이터 삭제(stats_delete)
[2021-04-07 01:00:25] - 2021-04-06 - daily_order start
[2021-04-07 01:00:25] - 2021-04-06 - daily_order success
[2021-04-07 01:00:25] - 2021-04-06 - daily_fblike start
[2021-04-07 01:00:25] - 2021-04-06 - daily_fblike success
[2021-04-07 01:00:25] - 2021-04-06 - daily_review start
[2021-04-07 01:00:25] - 2021-04-06 - daily_review success
[2021-04-07 01:00:25] - 2021-04-06 - daily_restock_notify start
[2021-04-07 01:00:25] - 2021-04-06 - daily_restock_notify success
[2021-04-07 01:00:25] - 2021-04-06 - daily_wish start
[2021-04-07 01:00:25] - 2021-04-06 - daily_wish success
[2021-04-07 01:00:25] - 2021-04-06 - daily_cart start
[2021-04-07 01:00:25] - 2021-04-06 - daily_cart success
[2021-04-07 01:00:25] - 2021-04-06 - daily_view start
[2021-04-07 01:00:27] - 2021-04-06 - daily_view success
[2021-04-07 01:00:27] - 2021-04-06 - daily_sales_price start
[2021-04-07 01:00:27] - 2021-04-06 - daily_sales_price success
[2021-04-07 01:00:27] - 2021-04-06 - case1 start
[2021-04-07 01:00:27] - 2021-04-06 - case1 success
[2021-04-07 01:00:27] - 2021-04-06 - case2 start
[2021-04-07 01:00:30] - 2021-04-06 - case2 success
[2021-04-07 01:00:30] - 2021-04-06 - delete start
[2021-04-07 01:00:30] - 2021-04-06 - fm_daily_stats_fblike_vw start
[2021-04-07 01:00:30] - 2021-04-06 - fm_daily_stats_fblike_vw success
[2021-04-07 01:00:30] - 2021-04-06 - fm_daily_stats_review_vw start
[2021-04-07 01:00:30] - 2021-04-06 - fm_daily_stats_review_vw success
[2021-04-07 01:00:30] - 2021-04-06 - fm_daily_stats_restock_notify_vw start
[2021-04-07 01:00:30] - 2021-04-06 - fm_daily_stats_restock_notify_vw success
[2021-04-07 01:00:30] - 2021-04-06 - fm_daily_stats_wish_vw start
[2021-04-07 01:00:30] - 2021-04-06 - fm_daily_stats_wish_vw success
[2021-04-07 01:00:30] - 2021-04-06 - fm_daily_stats_cart_vw start
[2021-04-07 01:00:30] - 2021-04-06 - fm_daily_stats_cart_vw success
[2021-04-07 01:00:30] - 2021-04-06 - fm_daily_stats_order_vw start
[2021-04-07 01:00:30] - 2021-04-06 - fm_daily_stats_order_vw success
[2021-04-07 01:00:30] - 2021-04-06 - fm_daily_stats_view_vw start
[2021-04-07 01:00:30] - 2021-04-06 - fm_daily_stats_view_vw success
[2021-04-07 01:00:30] - 2021-04-06 - delete success
[2021-04-07 01:00:31] - 상품별 3개월 구매수량 등록(goods_purchase_ea)
[2021-04-07 01:00:31] - 입점사 정산 주기 변경(account_seller_period_update)
[2021-04-07 01:00:31] - 입점사별 정산 집계(account_seller_stats)
[2021-04-07 01:00:31] - 불필요한 이월데이터 삭제(account_seller_del_sales)
[2021-04-07 01:00:31] - 일일통계 (주문,좋아요,리뷰,재입고알림,찜,장바구니,보기) 집계(daily_stats)
[2021-04-07 01:00:31] - 마일리지, 포인트,캐쉬 통계 집계(statistic_epc)
[2021-04-07 01:00:31] - referer 도메인 업데이트(set_referer_domain)
[2021-04-07 01:00:31] - 일일통계 데이터 삭제(stats_delete)
[2021-04-08 01:00:28] - 2021-04-07 - daily_order start
[2021-04-08 01:00:28] - 2021-04-07 - daily_order success
[2021-04-08 01:00:28] - 2021-04-07 - daily_fblike start
[2021-04-08 01:00:28] - 2021-04-07 - daily_fblike success
[2021-04-08 01:00:28] - 2021-04-07 - daily_review start
[2021-04-08 01:00:28] - 2021-04-07 - daily_review success
[2021-04-08 01:00:28] - 2021-04-07 - daily_restock_notify start
[2021-04-08 01:00:28] - 2021-04-07 - daily_restock_notify success
[2021-04-08 01:00:28] - 2021-04-07 - daily_wish start
[2021-04-08 01:00:28] - 2021-04-07 - daily_wish success
[2021-04-08 01:00:28] - 2021-04-07 - daily_cart start
[2021-04-08 01:00:28] - 2021-04-07 - daily_cart success
[2021-04-08 01:00:28] - 2021-04-07 - daily_view start
[2021-04-08 01:00:30] - 2021-04-07 - daily_view success
[2021-04-08 01:00:30] - 2021-04-07 - daily_sales_price start
[2021-04-08 01:00:30] - 2021-04-07 - daily_sales_price success
[2021-04-08 01:00:30] - 2021-04-07 - case1 start
[2021-04-08 01:00:31] - 2021-04-07 - case1 success
[2021-04-08 01:00:31] - 2021-04-07 - case2 start
[2021-04-08 01:00:34] - 2021-04-07 - case2 success
[2021-04-08 01:00:34] - 2021-04-07 - delete start
[2021-04-08 01:00:34] - 2021-04-07 - fm_daily_stats_fblike_vw start
[2021-04-08 01:00:34] - 2021-04-07 - fm_daily_stats_fblike_vw success
[2021-04-08 01:00:34] - 2021-04-07 - fm_daily_stats_review_vw start
[2021-04-08 01:00:34] - 2021-04-07 - fm_daily_stats_review_vw success
[2021-04-08 01:00:34] - 2021-04-07 - fm_daily_stats_restock_notify_vw start
[2021-04-08 01:00:34] - 2021-04-07 - fm_daily_stats_restock_notify_vw success
[2021-04-08 01:00:34] - 2021-04-07 - fm_daily_stats_wish_vw start
[2021-04-08 01:00:34] - 2021-04-07 - fm_daily_stats_wish_vw success
[2021-04-08 01:00:34] - 2021-04-07 - fm_daily_stats_cart_vw start
[2021-04-08 01:00:34] - 2021-04-07 - fm_daily_stats_cart_vw success
[2021-04-08 01:00:34] - 2021-04-07 - fm_daily_stats_order_vw start
[2021-04-08 01:00:34] - 2021-04-07 - fm_daily_stats_order_vw success
[2021-04-08 01:00:34] - 2021-04-07 - fm_daily_stats_view_vw start
[2021-04-08 01:00:34] - 2021-04-07 - fm_daily_stats_view_vw success
[2021-04-08 01:00:34] - 2021-04-07 - delete success
[2021-04-08 01:00:34] - 상품별 3개월 구매수량 등록(goods_purchase_ea)
[2021-04-08 01:00:34] - 입점사 정산 주기 변경(account_seller_period_update)
[2021-04-08 01:00:34] - 입점사별 정산 집계(account_seller_stats)
[2021-04-08 01:00:34] - 불필요한 이월데이터 삭제(account_seller_del_sales)
[2021-04-08 01:00:34] - 일일통계 (주문,좋아요,리뷰,재입고알림,찜,장바구니,보기) 집계(daily_stats)
[2021-04-08 01:00:34] - 마일리지, 포인트,캐쉬 통계 집계(statistic_epc)
[2021-04-08 01:00:34] - referer 도메인 업데이트(set_referer_domain)
[2021-04-08 01:00:34] - 일일통계 데이터 삭제(stats_delete)
[2021-04-09 01:00:23] - 2021-04-08 - daily_order start
[2021-04-09 01:00:23] - 2021-04-08 - daily_order success
[2021-04-09 01:00:23] - 2021-04-08 - daily_fblike start
[2021-04-09 01:00:23] - 2021-04-08 - daily_fblike success
[2021-04-09 01:00:23] - 2021-04-08 - daily_review start
[2021-04-09 01:00:23] - 2021-04-08 - daily_review success
[2021-04-09 01:00:23] - 2021-04-08 - daily_restock_notify start
[2021-04-09 01:00:23] - 2021-04-08 - daily_restock_notify success
[2021-04-09 01:00:23] - 2021-04-08 - daily_wish start
[2021-04-09 01:00:23] - 2021-04-08 - daily_wish success
[2021-04-09 01:00:23] - 2021-04-08 - daily_cart start
[2021-04-09 01:00:23] - 2021-04-08 - daily_cart success
[2021-04-09 01:00:23] - 2021-04-08 - daily_view start
[2021-04-09 01:00:25] - 2021-04-08 - daily_view success
[2021-04-09 01:00:25] - 2021-04-08 - daily_sales_price start
[2021-04-09 01:00:25] - 2021-04-08 - daily_sales_price success
[2021-04-09 01:00:25] - 2021-04-08 - case1 start
[2021-04-09 01:00:26] - 2021-04-08 - case1 success
[2021-04-09 01:00:26] - 2021-04-08 - case2 start
[2021-04-09 01:00:29] - 2021-04-08 - case2 success
[2021-04-09 01:00:29] - 2021-04-08 - delete start
[2021-04-09 01:00:29] - 2021-04-08 - fm_daily_stats_fblike_vw start
[2021-04-09 01:00:29] - 2021-04-08 - fm_daily_stats_fblike_vw success
[2021-04-09 01:00:29] - 2021-04-08 - fm_daily_stats_review_vw start
[2021-04-09 01:00:29] - 2021-04-08 - fm_daily_stats_review_vw success
[2021-04-09 01:00:29] - 2021-04-08 - fm_daily_stats_restock_notify_vw start
[2021-04-09 01:00:29] - 2021-04-08 - fm_daily_stats_restock_notify_vw success
[2021-04-09 01:00:29] - 2021-04-08 - fm_daily_stats_wish_vw start
[2021-04-09 01:00:29] - 2021-04-08 - fm_daily_stats_wish_vw success
[2021-04-09 01:00:29] - 2021-04-08 - fm_daily_stats_cart_vw start
[2021-04-09 01:00:29] - 2021-04-08 - fm_daily_stats_cart_vw success
[2021-04-09 01:00:29] - 2021-04-08 - fm_daily_stats_order_vw start
[2021-04-09 01:00:29] - 2021-04-08 - fm_daily_stats_order_vw success
[2021-04-09 01:00:29] - 2021-04-08 - fm_daily_stats_view_vw start
[2021-04-09 01:00:29] - 2021-04-08 - fm_daily_stats_view_vw success
[2021-04-09 01:00:29] - 2021-04-08 - delete success
[2021-04-09 01:00:30] - 상품별 3개월 구매수량 등록(goods_purchase_ea)
[2021-04-09 01:00:30] - 입점사 정산 주기 변경(account_seller_period_update)
[2021-04-09 01:00:30] - 입점사별 정산 집계(account_seller_stats)
[2021-04-09 01:00:30] - 불필요한 이월데이터 삭제(account_seller_del_sales)
[2021-04-09 01:00:30] - 일일통계 (주문,좋아요,리뷰,재입고알림,찜,장바구니,보기) 집계(daily_stats)
[2021-04-09 01:00:30] - 마일리지, 포인트,캐쉬 통계 집계(statistic_epc)
[2021-04-09 01:00:30] - referer 도메인 업데이트(set_referer_domain)
[2021-04-09 01:00:30] - 일일통계 데이터 삭제(stats_delete)
[2021-04-10 01:00:24] - 2021-04-09 - daily_order start
[2021-04-10 01:00:24] - 2021-04-09 - daily_order success
[2021-04-10 01:00:24] - 2021-04-09 - daily_fblike start
[2021-04-10 01:00:24] - 2021-04-09 - daily_fblike success
[2021-04-10 01:00:24] - 2021-04-09 - daily_review start
[2021-04-10 01:00:24] - 2021-04-09 - daily_review success
[2021-04-10 01:00:24] - 2021-04-09 - daily_restock_notify start
[2021-04-10 01:00:24] - 2021-04-09 - daily_restock_notify success
[2021-04-10 01:00:24] - 2021-04-09 - daily_wish start
[2021-04-10 01:00:24] - 2021-04-09 - daily_wish success
[2021-04-10 01:00:24] - 2021-04-09 - daily_cart start
[2021-04-10 01:00:24] - 2021-04-09 - daily_cart success
[2021-04-10 01:00:24] - 2021-04-09 - daily_view start
[2021-04-10 01:00:26] - 2021-04-09 - daily_view success
[2021-04-10 01:00:26] - 2021-04-09 - daily_sales_price start
[2021-04-10 01:00:26] - 2021-04-09 - daily_sales_price success
[2021-04-10 01:00:26] - 2021-04-09 - case1 start
[2021-04-10 01:00:26] - 2021-04-09 - case1 success
[2021-04-10 01:00:26] - 2021-04-09 - case2 start
[2021-04-10 01:00:30] - 2021-04-09 - case2 success
[2021-04-10 01:00:30] - 2021-04-09 - delete start
[2021-04-10 01:00:30] - 2021-04-09 - fm_daily_stats_fblike_vw start
[2021-04-10 01:00:30] - 2021-04-09 - fm_daily_stats_fblike_vw success
[2021-04-10 01:00:30] - 2021-04-09 - fm_daily_stats_review_vw start
[2021-04-10 01:00:30] - 2021-04-09 - fm_daily_stats_review_vw success
[2021-04-10 01:00:30] - 2021-04-09 - fm_daily_stats_restock_notify_vw start
[2021-04-10 01:00:30] - 2021-04-09 - fm_daily_stats_restock_notify_vw success
[2021-04-10 01:00:30] - 2021-04-09 - fm_daily_stats_wish_vw start
[2021-04-10 01:00:30] - 2021-04-09 - fm_daily_stats_wish_vw success
[2021-04-10 01:00:30] - 2021-04-09 - fm_daily_stats_cart_vw start
[2021-04-10 01:00:30] - 2021-04-09 - fm_daily_stats_cart_vw success
[2021-04-10 01:00:30] - 2021-04-09 - fm_daily_stats_order_vw start
[2021-04-10 01:00:30] - 2021-04-09 - fm_daily_stats_order_vw success
[2021-04-10 01:00:30] - 2021-04-09 - fm_daily_stats_view_vw start
[2021-04-10 01:00:30] - 2021-04-09 - fm_daily_stats_view_vw success
[2021-04-10 01:00:30] - 2021-04-09 - delete success
[2021-04-10 01:00:30] - 상품별 3개월 구매수량 등록(goods_purchase_ea)
[2021-04-10 01:00:30] - 입점사 정산 주기 변경(account_seller_period_update)
[2021-04-10 01:00:30] - 입점사별 정산 집계(account_seller_stats)
[2021-04-10 01:00:30] - 불필요한 이월데이터 삭제(account_seller_del_sales)
[2021-04-10 01:00:30] - 일일통계 (주문,좋아요,리뷰,재입고알림,찜,장바구니,보기) 집계(daily_stats)
[2021-04-10 01:00:30] - 마일리지, 포인트,캐쉬 통계 집계(statistic_epc)
[2021-04-10 01:00:30] - referer 도메인 업데이트(set_referer_domain)
[2021-04-10 01:00:30] - 일일통계 데이터 삭제(stats_delete)
[2021-04-11 01:00:25] - 2021-04-10 - daily_order start
[2021-04-11 01:00:25] - 2021-04-10 - daily_order success
[2021-04-11 01:00:25] - 2021-04-10 - daily_fblike start
[2021-04-11 01:00:25] - 2021-04-10 - daily_fblike success
[2021-04-11 01:00:25] - 2021-04-10 - daily_review start
[2021-04-11 01:00:25] - 2021-04-10 - daily_review success
[2021-04-11 01:00:25] - 2021-04-10 - daily_restock_notify start
[2021-04-11 01:00:25] - 2021-04-10 - daily_restock_notify success
[2021-04-11 01:00:25] - 2021-04-10 - daily_wish start
[2021-04-11 01:00:25] - 2021-04-10 - daily_wish success
[2021-04-11 01:00:25] - 2021-04-10 - daily_cart start
[2021-04-11 01:00:25] - 2021-04-10 - daily_cart success
[2021-04-11 01:00:25] - 2021-04-10 - daily_view start
[2021-04-11 01:00:26] - 2021-04-10 - daily_view success
[2021-04-11 01:00:26] - 2021-04-10 - daily_sales_price start
[2021-04-11 01:00:26] - 2021-04-10 - daily_sales_price success
[2021-04-11 01:00:26] - 2021-04-10 - case1 start
[2021-04-11 01:00:27] - 2021-04-10 - case1 success
[2021-04-11 01:00:27] - 2021-04-10 - case2 start
[2021-04-11 01:00:30] - 2021-04-10 - case2 success
[2021-04-11 01:00:30] - 2021-04-10 - delete start
[2021-04-11 01:00:30] - 2021-04-10 - fm_daily_stats_fblike_vw start
[2021-04-11 01:00:30] - 2021-04-10 - fm_daily_stats_fblike_vw success
[2021-04-11 01:00:30] - 2021-04-10 - fm_daily_stats_review_vw start
[2021-04-11 01:00:30] - 2021-04-10 - fm_daily_stats_review_vw success
[2021-04-11 01:00:30] - 2021-04-10 - fm_daily_stats_restock_notify_vw start
[2021-04-11 01:00:30] - 2021-04-10 - fm_daily_stats_restock_notify_vw success
[2021-04-11 01:00:30] - 2021-04-10 - fm_daily_stats_wish_vw start
[2021-04-11 01:00:30] - 2021-04-10 - fm_daily_stats_wish_vw success
[2021-04-11 01:00:30] - 2021-04-10 - fm_daily_stats_cart_vw start
[2021-04-11 01:00:30] - 2021-04-10 - fm_daily_stats_cart_vw success
[2021-04-11 01:00:30] - 2021-04-10 - fm_daily_stats_order_vw start
[2021-04-11 01:00:30] - 2021-04-10 - fm_daily_stats_order_vw success
[2021-04-11 01:00:30] - 2021-04-10 - fm_daily_stats_view_vw start
[2021-04-11 01:00:30] - 2021-04-10 - fm_daily_stats_view_vw success
[2021-04-11 01:00:30] - 2021-04-10 - delete success
[2021-04-11 01:00:31] - 상품별 3개월 구매수량 등록(goods_purchase_ea)
[2021-04-11 01:00:31] - 입점사 정산 주기 변경(account_seller_period_update)
[2021-04-11 01:00:31] - 입점사별 정산 집계(account_seller_stats)
[2021-04-11 01:00:31] - 불필요한 이월데이터 삭제(account_seller_del_sales)
[2021-04-11 01:00:31] - 일일통계 (주문,좋아요,리뷰,재입고알림,찜,장바구니,보기) 집계(daily_stats)
[2021-04-11 01:00:31] - 마일리지, 포인트,캐쉬 통계 집계(statistic_epc)
[2021-04-11 01:00:31] - referer 도메인 업데이트(set_referer_domain)
[2021-04-11 01:00:31] - 일일통계 데이터 삭제(stats_delete)
[2021-04-12 01:00:30] - 2021-04-11 - daily_order start
[2021-04-12 01:00:30] - 2021-04-11 - daily_order success
[2021-04-12 01:00:30] - 2021-04-11 - daily_fblike start
[2021-04-12 01:00:30] - 2021-04-11 - daily_fblike success
[2021-04-12 01:00:30] - 2021-04-11 - daily_review start
[2021-04-12 01:00:30] - 2021-04-11 - daily_review success
[2021-04-12 01:00:30] - 2021-04-11 - daily_restock_notify start
[2021-04-12 01:00:30] - 2021-04-11 - daily_restock_notify success
[2021-04-12 01:00:30] - 2021-04-11 - daily_wish start
[2021-04-12 01:00:30] - 2021-04-11 - daily_wish success
[2021-04-12 01:00:30] - 2021-04-11 - daily_cart start
[2021-04-12 01:00:30] - 2021-04-11 - daily_cart success
[2021-04-12 01:00:30] - 2021-04-11 - daily_view start
[2021-04-12 01:00:31] - 2021-04-11 - daily_view success
[2021-04-12 01:00:31] - 2021-04-11 - daily_sales_price start
[2021-04-12 01:00:31] - 2021-04-11 - daily_sales_price success
[2021-04-12 01:00:31] - 2021-04-11 - case1 start
[2021-04-12 01:00:31] - 2021-04-11 - case1 success
[2021-04-12 01:00:31] - 2021-04-11 - case2 start
[2021-04-12 01:00:35] - 2021-04-11 - case2 success
[2021-04-12 01:00:35] - 2021-04-11 - delete start
[2021-04-12 01:00:35] - 2021-04-11 - fm_daily_stats_fblike_vw start
[2021-04-12 01:00:35] - 2021-04-11 - fm_daily_stats_fblike_vw success
[2021-04-12 01:00:35] - 2021-04-11 - fm_daily_stats_review_vw start
[2021-04-12 01:00:35] - 2021-04-11 - fm_daily_stats_review_vw success
[2021-04-12 01:00:35] - 2021-04-11 - fm_daily_stats_restock_notify_vw start
[2021-04-12 01:00:35] - 2021-04-11 - fm_daily_stats_restock_notify_vw success
[2021-04-12 01:00:35] - 2021-04-11 - fm_daily_stats_wish_vw start
[2021-04-12 01:00:35] - 2021-04-11 - fm_daily_stats_wish_vw success
[2021-04-12 01:00:35] - 2021-04-11 - fm_daily_stats_cart_vw start
[2021-04-12 01:00:35] - 2021-04-11 - fm_daily_stats_cart_vw success
[2021-04-12 01:00:35] - 2021-04-11 - fm_daily_stats_order_vw start
[2021-04-12 01:00:35] - 2021-04-11 - fm_daily_stats_order_vw success
[2021-04-12 01:00:35] - 2021-04-11 - fm_daily_stats_view_vw start
[2021-04-12 01:00:35] - 2021-04-11 - fm_daily_stats_view_vw success
[2021-04-12 01:00:35] - 2021-04-11 - delete success
[2021-04-12 01:00:35] - 상품별 3개월 구매수량 등록(goods_purchase_ea)
[2021-04-12 01:00:35] - 입점사 정산 주기 변경(account_seller_period_update)
[2021-04-12 01:00:35] - 입점사별 정산 집계(account_seller_stats)
[2021-04-12 01:00:35] - 불필요한 이월데이터 삭제(account_seller_del_sales)
[2021-04-12 01:00:35] - 일일통계 (주문,좋아요,리뷰,재입고알림,찜,장바구니,보기) 집계(daily_stats)
[2021-04-12 01:00:35] - 마일리지, 포인트,캐쉬 통계 집계(statistic_epc)
[2021-04-12 01:00:35] - referer 도메인 업데이트(set_referer_domain)
[2021-04-12 01:00:35] - 일일통계 데이터 삭제(stats_delete)
[2021-04-13 01:00:28] - 2021-04-12 - daily_order start
[2021-04-13 01:00:28] - 2021-04-12 - daily_order success
[2021-04-13 01:00:28] - 2021-04-12 - daily_fblike start
[2021-04-13 01:00:28] - 2021-04-12 - daily_fblike success
[2021-04-13 01:00:28] - 2021-04-12 - daily_review start
[2021-04-13 01:00:28] - 2021-04-12 - daily_review success
[2021-04-13 01:00:28] - 2021-04-12 - daily_restock_notify start
[2021-04-13 01:00:28] - 2021-04-12 - daily_restock_notify success
[2021-04-13 01:00:28] - 2021-04-12 - daily_wish start
[2021-04-13 01:00:28] - 2021-04-12 - daily_wish success
[2021-04-13 01:00:28] - 2021-04-12 - daily_cart start
[2021-04-13 01:00:28] - 2021-04-12 - daily_cart success
[2021-04-13 01:00:28] - 2021-04-12 - daily_view start
[2021-04-13 01:00:29] - 2021-04-12 - daily_view success
[2021-04-13 01:00:29] - 2021-04-12 - daily_sales_price start
[2021-04-13 01:00:29] - 2021-04-12 - daily_sales_price success
[2021-04-13 01:00:29] - 2021-04-12 - case1 start
[2021-04-13 01:00:29] - 2021-04-12 - case1 success
[2021-04-13 01:00:29] - 2021-04-12 - case2 start
[2021-04-13 01:00:33] - 2021-04-12 - case2 success
[2021-04-13 01:00:33] - 2021-04-12 - delete start
[2021-04-13 01:00:33] - 2021-04-12 - fm_daily_stats_fblike_vw start
[2021-04-13 01:00:33] - 2021-04-12 - fm_daily_stats_fblike_vw success
[2021-04-13 01:00:33] - 2021-04-12 - fm_daily_stats_review_vw start
[2021-04-13 01:00:33] - 2021-04-12 - fm_daily_stats_review_vw success
[2021-04-13 01:00:33] - 2021-04-12 - fm_daily_stats_restock_notify_vw start
[2021-04-13 01:00:33] - 2021-04-12 - fm_daily_stats_restock_notify_vw success
[2021-04-13 01:00:33] - 2021-04-12 - fm_daily_stats_wish_vw start
[2021-04-13 01:00:33] - 2021-04-12 - fm_daily_stats_wish_vw success
[2021-04-13 01:00:33] - 2021-04-12 - fm_daily_stats_cart_vw start
[2021-04-13 01:00:33] - 2021-04-12 - fm_daily_stats_cart_vw success
[2021-04-13 01:00:33] - 2021-04-12 - fm_daily_stats_order_vw start
[2021-04-13 01:00:33] - 2021-04-12 - fm_daily_stats_order_vw success
[2021-04-13 01:00:33] - 2021-04-12 - fm_daily_stats_view_vw start
[2021-04-13 01:00:33] - 2021-04-12 - fm_daily_stats_view_vw success
[2021-04-13 01:00:33] - 2021-04-12 - delete success
[2021-04-13 01:00:33] - 상품별 3개월 구매수량 등록(goods_purchase_ea)
[2021-04-13 01:00:33] - 입점사 정산 주기 변경(account_seller_period_update)
[2021-04-13 01:00:33] - 입점사별 정산 집계(account_seller_stats)
[2021-04-13 01:00:33] - 불필요한 이월데이터 삭제(account_seller_del_sales)
[2021-04-13 01:00:33] - 일일통계 (주문,좋아요,리뷰,재입고알림,찜,장바구니,보기) 집계(daily_stats)
[2021-04-13 01:00:33] - 마일리지, 포인트,캐쉬 통계 집계(statistic_epc)
[2021-04-13 01:00:33] - referer 도메인 업데이트(set_referer_domain)
[2021-04-13 01:00:33] - 일일통계 데이터 삭제(stats_delete)
[2021-04-14 01:00:29] - 2021-04-13 - daily_order start
[2021-04-14 01:00:29] - 2021-04-13 - daily_order success
[2021-04-14 01:00:29] - 2021-04-13 - daily_fblike start
[2021-04-14 01:00:29] - 2021-04-13 - daily_fblike success
[2021-04-14 01:00:29] - 2021-04-13 - daily_review start
[2021-04-14 01:00:29] - 2021-04-13 - daily_review success
[2021-04-14 01:00:29] - 2021-04-13 - daily_restock_notify start
[2021-04-14 01:00:29] - 2021-04-13 - daily_restock_notify success
[2021-04-14 01:00:29] - 2021-04-13 - daily_wish start
[2021-04-14 01:00:29] - 2021-04-13 - daily_wish success
[2021-04-14 01:00:29] - 2021-04-13 - daily_cart start
[2021-04-14 01:00:29] - 2021-04-13 - daily_cart success
[2021-04-14 01:00:29] - 2021-04-13 - daily_view start
[2021-04-14 01:00:31] - 2021-04-13 - daily_view success
[2021-04-14 01:00:31] - 2021-04-13 - daily_sales_price start
[2021-04-14 01:00:31] - 2021-04-13 - daily_sales_price success
[2021-04-14 01:00:31] - 2021-04-13 - case1 start
[2021-04-14 01:00:31] - 2021-04-13 - case1 success
[2021-04-14 01:00:31] - 2021-04-13 - case2 start
[2021-04-14 01:00:35] - 2021-04-13 - case2 success
[2021-04-14 01:00:35] - 2021-04-13 - delete start
[2021-04-14 01:00:35] - 2021-04-13 - fm_daily_stats_fblike_vw start
[2021-04-14 01:00:35] - 2021-04-13 - fm_daily_stats_fblike_vw success
[2021-04-14 01:00:35] - 2021-04-13 - fm_daily_stats_review_vw start
[2021-04-14 01:00:35] - 2021-04-13 - fm_daily_stats_review_vw success
[2021-04-14 01:00:35] - 2021-04-13 - fm_daily_stats_restock_notify_vw start
[2021-04-14 01:00:35] - 2021-04-13 - fm_daily_stats_restock_notify_vw success
[2021-04-14 01:00:35] - 2021-04-13 - fm_daily_stats_wish_vw start
[2021-04-14 01:00:35] - 2021-04-13 - fm_daily_stats_wish_vw success
[2021-04-14 01:00:35] - 2021-04-13 - fm_daily_stats_cart_vw start
[2021-04-14 01:00:35] - 2021-04-13 - fm_daily_stats_cart_vw success
[2021-04-14 01:00:35] - 2021-04-13 - fm_daily_stats_order_vw start
[2021-04-14 01:00:35] - 2021-04-13 - fm_daily_stats_order_vw success
[2021-04-14 01:00:35] - 2021-04-13 - fm_daily_stats_view_vw start
[2021-04-14 01:00:35] - 2021-04-13 - fm_daily_stats_view_vw success
[2021-04-14 01:00:35] - 2021-04-13 - delete success
[2021-04-14 01:00:35] - 상품별 3개월 구매수량 등록(goods_purchase_ea)
[2021-04-14 01:00:35] - 입점사 정산 주기 변경(account_seller_period_update)
[2021-04-14 01:00:35] - 입점사별 정산 집계(account_seller_stats)
[2021-04-14 01:00:35] - 불필요한 이월데이터 삭제(account_seller_del_sales)
[2021-04-14 01:00:35] - 일일통계 (주문,좋아요,리뷰,재입고알림,찜,장바구니,보기) 집계(daily_stats)
[2021-04-14 01:00:35] - 마일리지, 포인트,캐쉬 통계 집계(statistic_epc)
[2021-04-14 01:00:35] - referer 도메인 업데이트(set_referer_domain)
[2021-04-14 01:00:35] - 일일통계 데이터 삭제(stats_delete)
[2021-04-15 01:00:29] - 2021-04-14 - daily_order start
[2021-04-15 01:00:29] - 2021-04-14 - daily_order success
[2021-04-15 01:00:29] - 2021-04-14 - daily_fblike start
[2021-04-15 01:00:29] - 2021-04-14 - daily_fblike success
[2021-04-15 01:00:29] - 2021-04-14 - daily_review start
[2021-04-15 01:00:29] - 2021-04-14 - daily_review success
[2021-04-15 01:00:29] - 2021-04-14 - daily_restock_notify start
[2021-04-15 01:00:29] - 2021-04-14 - daily_restock_notify success
[2021-04-15 01:00:29] - 2021-04-14 - daily_wish start
[2021-04-15 01:00:29] - 2021-04-14 - daily_wish success
[2021-04-15 01:00:29] - 2021-04-14 - daily_cart start
[2021-04-15 01:00:29] - 2021-04-14 - daily_cart success
[2021-04-15 01:00:29] - 2021-04-14 - daily_view start
[2021-04-15 01:00:31] - 2021-04-14 - daily_view success
[2021-04-15 01:00:31] - 2021-04-14 - daily_sales_price start
[2021-04-15 01:00:31] - 2021-04-14 - daily_sales_price success
[2021-04-15 01:00:31] - 2021-04-14 - case1 start
[2021-04-15 01:00:32] - 2021-04-14 - case1 success
[2021-04-15 01:00:32] - 2021-04-14 - case2 start
[2021-04-15 01:00:35] - 2021-04-14 - case2 success
[2021-04-15 01:00:35] - 2021-04-14 - delete start
[2021-04-15 01:00:35] - 2021-04-14 - fm_daily_stats_fblike_vw start
[2021-04-15 01:00:35] - 2021-04-14 - fm_daily_stats_fblike_vw success
[2021-04-15 01:00:35] - 2021-04-14 - fm_daily_stats_review_vw start
[2021-04-15 01:00:35] - 2021-04-14 - fm_daily_stats_review_vw success
[2021-04-15 01:00:35] - 2021-04-14 - fm_daily_stats_restock_notify_vw start
[2021-04-15 01:00:35] - 2021-04-14 - fm_daily_stats_restock_notify_vw success
[2021-04-15 01:00:35] - 2021-04-14 - fm_daily_stats_wish_vw start
[2021-04-15 01:00:35] - 2021-04-14 - fm_daily_stats_wish_vw success
[2021-04-15 01:00:35] - 2021-04-14 - fm_daily_stats_cart_vw start
[2021-04-15 01:00:35] - 2021-04-14 - fm_daily_stats_cart_vw success
[2021-04-15 01:00:35] - 2021-04-14 - fm_daily_stats_order_vw start
[2021-04-15 01:00:35] - 2021-04-14 - fm_daily_stats_order_vw success
[2021-04-15 01:00:35] - 2021-04-14 - fm_daily_stats_view_vw start
[2021-04-15 01:00:35] - 2021-04-14 - fm_daily_stats_view_vw success
[2021-04-15 01:00:35] - 2021-04-14 - delete success
[2021-04-15 01:00:36] - 상품별 3개월 구매수량 등록(goods_purchase_ea)
[2021-04-15 01:00:36] - 입점사 정산 주기 변경(account_seller_period_update)
[2021-04-15 01:00:36] - 입점사별 정산 집계(account_seller_stats)
[2021-04-15 01:00:36] - 불필요한 이월데이터 삭제(account_seller_del_sales)
[2021-04-15 01:00:36] - 일일통계 (주문,좋아요,리뷰,재입고알림,찜,장바구니,보기) 집계(daily_stats)
[2021-04-15 01:00:36] - 마일리지, 포인트,캐쉬 통계 집계(statistic_epc)
[2021-04-15 01:00:36] - referer 도메인 업데이트(set_referer_domain)
[2021-04-15 01:00:36] - 일일통계 데이터 삭제(stats_delete)
[2021-04-16 01:00:25] - 2021-04-15 - daily_order start
[2021-04-16 01:00:26] - 2021-04-15 - daily_order success
[2021-04-16 01:00:26] - 2021-04-15 - daily_fblike start
[2021-04-16 01:00:26] - 2021-04-15 - daily_fblike success
[2021-04-16 01:00:26] - 2021-04-15 - daily_review start
[2021-04-16 01:00:26] - 2021-04-15 - daily_review success
[2021-04-16 01:00:26] - 2021-04-15 - daily_restock_notify start
[2021-04-16 01:00:26] - 2021-04-15 - daily_restock_notify success
[2021-04-16 01:00:26] - 2021-04-15 - daily_wish start
[2021-04-16 01:00:26] - 2021-04-15 - daily_wish success
[2021-04-16 01:00:26] - 2021-04-15 - daily_cart start
[2021-04-16 01:00:26] - 2021-04-15 - daily_cart success
[2021-04-16 01:00:26] - 2021-04-15 - daily_view start
[2021-04-16 01:00:28] - 2021-04-15 - daily_view success
[2021-04-16 01:00:28] - 2021-04-15 - daily_sales_price start
[2021-04-16 01:00:28] - 2021-04-15 - daily_sales_price success
[2021-04-16 01:00:28] - 2021-04-15 - case1 start
[2021-04-16 01:00:28] - 2021-04-15 - case1 success
[2021-04-16 01:00:28] - 2021-04-15 - case2 start
[2021-04-16 01:00:32] - 2021-04-15 - case2 success
[2021-04-16 01:00:32] - 2021-04-15 - delete start
[2021-04-16 01:00:32] - 2021-04-15 - fm_daily_stats_fblike_vw start
[2021-04-16 01:00:32] - 2021-04-15 - fm_daily_stats_fblike_vw success
[2021-04-16 01:00:32] - 2021-04-15 - fm_daily_stats_review_vw start
[2021-04-16 01:00:32] - 2021-04-15 - fm_daily_stats_review_vw success
[2021-04-16 01:00:32] - 2021-04-15 - fm_daily_stats_restock_notify_vw start
[2021-04-16 01:00:32] - 2021-04-15 - fm_daily_stats_restock_notify_vw success
[2021-04-16 01:00:32] - 2021-04-15 - fm_daily_stats_wish_vw start
[2021-04-16 01:00:32] - 2021-04-15 - fm_daily_stats_wish_vw success
[2021-04-16 01:00:32] - 2021-04-15 - fm_daily_stats_cart_vw start
[2021-04-16 01:00:32] - 2021-04-15 - fm_daily_stats_cart_vw success
[2021-04-16 01:00:32] - 2021-04-15 - fm_daily_stats_order_vw start
[2021-04-16 01:00:32] - 2021-04-15 - fm_daily_stats_order_vw success
[2021-04-16 01:00:32] - 2021-04-15 - fm_daily_stats_view_vw start
[2021-04-16 01:00:32] - 2021-04-15 - fm_daily_stats_view_vw success
[2021-04-16 01:00:32] - 2021-04-15 - delete success
[2021-04-16 01:00:32] - 상품별 3개월 구매수량 등록(goods_purchase_ea)
[2021-04-16 01:00:32] - 입점사 정산 주기 변경(account_seller_period_update)
[2021-04-16 01:00:32] - 입점사별 정산 집계(account_seller_stats)
[2021-04-16 01:00:32] - 불필요한 이월데이터 삭제(account_seller_del_sales)
[2021-04-16 01:00:32] - 일일통계 (주문,좋아요,리뷰,재입고알림,찜,장바구니,보기) 집계(daily_stats)
[2021-04-16 01:00:32] - 마일리지, 포인트,캐쉬 통계 집계(statistic_epc)
[2021-04-16 01:00:32] - referer 도메인 업데이트(set_referer_domain)
[2021-04-16 01:00:32] - 일일통계 데이터 삭제(stats_delete)
[2021-04-17 01:00:29] - 2021-04-16 - daily_order start
[2021-04-17 01:00:29] - 2021-04-16 - daily_order success
[2021-04-17 01:00:29] - 2021-04-16 - daily_fblike start
[2021-04-17 01:00:29] - 2021-04-16 - daily_fblike success
[2021-04-17 01:00:29] - 2021-04-16 - daily_review start
[2021-04-17 01:00:29] - 2021-04-16 - daily_review success
[2021-04-17 01:00:29] - 2021-04-16 - daily_restock_notify start
[2021-04-17 01:00:29] - 2021-04-16 - daily_restock_notify success
[2021-04-17 01:00:29] - 2021-04-16 - daily_wish start
[2021-04-17 01:00:29] - 2021-04-16 - daily_wish success
[2021-04-17 01:00:29] - 2021-04-16 - daily_cart start
[2021-04-17 01:00:29] - 2021-04-16 - daily_cart success
[2021-04-17 01:00:29] - 2021-04-16 - daily_view start
[2021-04-17 01:00:31] - 2021-04-16 - daily_view success
[2021-04-17 01:00:31] - 2021-04-16 - daily_sales_price start
[2021-04-17 01:00:31] - 2021-04-16 - daily_sales_price success
[2021-04-17 01:00:31] - 2021-04-16 - case1 start
[2021-04-17 01:00:31] - 2021-04-16 - case1 success
[2021-04-17 01:00:31] - 2021-04-16 - case2 start
[2021-04-17 01:00:35] - 2021-04-16 - case2 success
[2021-04-17 01:00:35] - 2021-04-16 - delete start
[2021-04-17 01:00:35] - 2021-04-16 - fm_daily_stats_fblike_vw start
[2021-04-17 01:00:35] - 2021-04-16 - fm_daily_stats_fblike_vw success
[2021-04-17 01:00:35] - 2021-04-16 - fm_daily_stats_review_vw start
[2021-04-17 01:00:35] - 2021-04-16 - fm_daily_stats_review_vw success
[2021-04-17 01:00:35] - 2021-04-16 - fm_daily_stats_restock_notify_vw start
[2021-04-17 01:00:35] - 2021-04-16 - fm_daily_stats_restock_notify_vw success
[2021-04-17 01:00:35] - 2021-04-16 - fm_daily_stats_wish_vw start
[2021-04-17 01:00:35] - 2021-04-16 - fm_daily_stats_wish_vw success
[2021-04-17 01:00:35] - 2021-04-16 - fm_daily_stats_cart_vw start
[2021-04-17 01:00:35] - 2021-04-16 - fm_daily_stats_cart_vw success
[2021-04-17 01:00:35] - 2021-04-16 - fm_daily_stats_order_vw start
[2021-04-17 01:00:35] - 2021-04-16 - fm_daily_stats_order_vw success
[2021-04-17 01:00:35] - 2021-04-16 - fm_daily_stats_view_vw start
[2021-04-17 01:00:35] - 2021-04-16 - fm_daily_stats_view_vw success
[2021-04-17 01:00:35] - 2021-04-16 - delete success
[2021-04-17 01:00:35] - 상품별 3개월 구매수량 등록(goods_purchase_ea)
[2021-04-17 01:00:35] - 입점사 정산 주기 변경(account_seller_period_update)
[2021-04-17 01:00:35] - 입점사별 정산 집계(account_seller_stats)
[2021-04-17 01:00:35] - 불필요한 이월데이터 삭제(account_seller_del_sales)
[2021-04-17 01:00:35] - 일일통계 (주문,좋아요,리뷰,재입고알림,찜,장바구니,보기) 집계(daily_stats)
[2021-04-17 01:00:35] - 마일리지, 포인트,캐쉬 통계 집계(statistic_epc)
[2021-04-17 01:00:35] - referer 도메인 업데이트(set_referer_domain)
[2021-04-17 01:00:35] - 일일통계 데이터 삭제(stats_delete)
[2021-04-18 01:00:27] - 2021-04-17 - daily_order start
[2021-04-18 01:00:27] - 2021-04-17 - daily_order success
[2021-04-18 01:00:27] - 2021-04-17 - daily_fblike start
[2021-04-18 01:00:27] - 2021-04-17 - daily_fblike success
[2021-04-18 01:00:27] - 2021-04-17 - daily_review start
[2021-04-18 01:00:27] - 2021-04-17 - daily_review success
[2021-04-18 01:00:27] - 2021-04-17 - daily_restock_notify start
[2021-04-18 01:00:27] - 2021-04-17 - daily_restock_notify success
[2021-04-18 01:00:27] - 2021-04-17 - daily_wish start
[2021-04-18 01:00:27] - 2021-04-17 - daily_wish success
[2021-04-18 01:00:27] - 2021-04-17 - daily_cart start
[2021-04-18 01:00:27] - 2021-04-17 - daily_cart success
[2021-04-18 01:00:27] - 2021-04-17 - daily_view start
[2021-04-18 01:00:29] - 2021-04-17 - daily_view success
[2021-04-18 01:00:29] - 2021-04-17 - daily_sales_price start
[2021-04-18 01:00:29] - 2021-04-17 - daily_sales_price success
[2021-04-18 01:00:29] - 2021-04-17 - case1 start
[2021-04-18 01:00:30] - 2021-04-17 - case1 success
[2021-04-18 01:00:30] - 2021-04-17 - case2 start
[2021-04-18 01:00:34] - 2021-04-17 - case2 success
[2021-04-18 01:00:34] - 2021-04-17 - delete start
[2021-04-18 01:00:34] - 2021-04-17 - fm_daily_stats_fblike_vw start
[2021-04-18 01:00:34] - 2021-04-17 - fm_daily_stats_fblike_vw success
[2021-04-18 01:00:34] - 2021-04-17 - fm_daily_stats_review_vw start
[2021-04-18 01:00:34] - 2021-04-17 - fm_daily_stats_review_vw success
[2021-04-18 01:00:34] - 2021-04-17 - fm_daily_stats_restock_notify_vw start
[2021-04-18 01:00:34] - 2021-04-17 - fm_daily_stats_restock_notify_vw success
[2021-04-18 01:00:34] - 2021-04-17 - fm_daily_stats_wish_vw start
[2021-04-18 01:00:34] - 2021-04-17 - fm_daily_stats_wish_vw success
[2021-04-18 01:00:34] - 2021-04-17 - fm_daily_stats_cart_vw start
[2021-04-18 01:00:34] - 2021-04-17 - fm_daily_stats_cart_vw success
[2021-04-18 01:00:34] - 2021-04-17 - fm_daily_stats_order_vw start
[2021-04-18 01:00:34] - 2021-04-17 - fm_daily_stats_order_vw success
[2021-04-18 01:00:34] - 2021-04-17 - fm_daily_stats_view_vw start
[2021-04-18 01:00:34] - 2021-04-17 - fm_daily_stats_view_vw success
[2021-04-18 01:00:34] - 2021-04-17 - delete success
[2021-04-18 01:00:34] - 상품별 3개월 구매수량 등록(goods_purchase_ea)
[2021-04-18 01:00:34] - 입점사 정산 주기 변경(account_seller_period_update)
[2021-04-18 01:00:34] - 입점사별 정산 집계(account_seller_stats)
[2021-04-18 01:00:34] - 불필요한 이월데이터 삭제(account_seller_del_sales)
[2021-04-18 01:00:34] - 일일통계 (주문,좋아요,리뷰,재입고알림,찜,장바구니,보기) 집계(daily_stats)
[2021-04-18 01:00:34] - 마일리지, 포인트,캐쉬 통계 집계(statistic_epc)
[2021-04-18 01:00:34] - referer 도메인 업데이트(set_referer_domain)
[2021-04-18 01:00:34] - 일일통계 데이터 삭제(stats_delete)
[2021-04-19 01:00:29] - 2021-04-18 - daily_order start
[2021-04-19 01:00:29] - 2021-04-18 - daily_order success
[2021-04-19 01:00:29] - 2021-04-18 - daily_fblike start
[2021-04-19 01:00:29] - 2021-04-18 - daily_fblike success
[2021-04-19 01:00:29] - 2021-04-18 - daily_review start
[2021-04-19 01:00:29] - 2021-04-18 - daily_review success
[2021-04-19 01:00:29] - 2021-04-18 - daily_restock_notify start
[2021-04-19 01:00:29] - 2021-04-18 - daily_restock_notify success
[2021-04-19 01:00:29] - 2021-04-18 - daily_wish start
[2021-04-19 01:00:29] - 2021-04-18 - daily_wish success
[2021-04-19 01:00:29] - 2021-04-18 - daily_cart start
[2021-04-19 01:00:29] - 2021-04-18 - daily_cart success
[2021-04-19 01:00:29] - 2021-04-18 - daily_view start
[2021-04-19 01:00:31] - 2021-04-18 - daily_view success
[2021-04-19 01:00:31] - 2021-04-18 - daily_sales_price start
[2021-04-19 01:00:31] - 2021-04-18 - daily_sales_price success
[2021-04-19 01:00:31] - 2021-04-18 - case1 start
[2021-04-19 01:00:31] - 2021-04-18 - case1 success
[2021-04-19 01:00:31] - 2021-04-18 - case2 start
[2021-04-19 01:00:35] - 2021-04-18 - case2 success
[2021-04-19 01:00:35] - 2021-04-18 - delete start
[2021-04-19 01:00:35] - 2021-04-18 - fm_daily_stats_fblike_vw start
[2021-04-19 01:00:35] - 2021-04-18 - fm_daily_stats_fblike_vw success
[2021-04-19 01:00:35] - 2021-04-18 - fm_daily_stats_review_vw start
[2021-04-19 01:00:35] - 2021-04-18 - fm_daily_stats_review_vw success
[2021-04-19 01:00:35] - 2021-04-18 - fm_daily_stats_restock_notify_vw start
[2021-04-19 01:00:35] - 2021-04-18 - fm_daily_stats_restock_notify_vw success
[2021-04-19 01:00:35] - 2021-04-18 - fm_daily_stats_wish_vw start
[2021-04-19 01:00:35] - 2021-04-18 - fm_daily_stats_wish_vw success
[2021-04-19 01:00:35] - 2021-04-18 - fm_daily_stats_cart_vw start
[2021-04-19 01:00:35] - 2021-04-18 - fm_daily_stats_cart_vw success
[2021-04-19 01:00:35] - 2021-04-18 - fm_daily_stats_order_vw start
[2021-04-19 01:00:35] - 2021-04-18 - fm_daily_stats_order_vw success
[2021-04-19 01:00:35] - 2021-04-18 - fm_daily_stats_view_vw start
[2021-04-19 01:00:35] - 2021-04-18 - fm_daily_stats_view_vw success
[2021-04-19 01:00:35] - 2021-04-18 - delete success
[2021-04-19 01:00:35] - 상품별 3개월 구매수량 등록(goods_purchase_ea)
[2021-04-19 01:00:35] - 입점사 정산 주기 변경(account_seller_period_update)
[2021-04-19 01:00:35] - 입점사별 정산 집계(account_seller_stats)
[2021-04-19 01:00:35] - 불필요한 이월데이터 삭제(account_seller_del_sales)
[2021-04-19 01:00:35] - 일일통계 (주문,좋아요,리뷰,재입고알림,찜,장바구니,보기) 집계(daily_stats)
[2021-04-19 01:00:35] - 마일리지, 포인트,캐쉬 통계 집계(statistic_epc)
[2021-04-19 01:00:35] - referer 도메인 업데이트(set_referer_domain)
[2021-04-19 01:00:35] - 일일통계 데이터 삭제(stats_delete)
[2021-04-20 01:00:28] - 2021-04-19 - daily_order start
[2021-04-20 01:00:28] - 2021-04-19 - daily_order success
[2021-04-20 01:00:28] - 2021-04-19 - daily_fblike start
[2021-04-20 01:00:28] - 2021-04-19 - daily_fblike success
[2021-04-20 01:00:28] - 2021-04-19 - daily_review start
[2021-04-20 01:00:28] - 2021-04-19 - daily_review success
[2021-04-20 01:00:28] - 2021-04-19 - daily_restock_notify start
[2021-04-20 01:00:28] - 2021-04-19 - daily_restock_notify success
[2021-04-20 01:00:28] - 2021-04-19 - daily_wish start
[2021-04-20 01:00:28] - 2021-04-19 - daily_wish success
[2021-04-20 01:00:28] - 2021-04-19 - daily_cart start
[2021-04-20 01:00:28] - 2021-04-19 - daily_cart success
[2021-04-20 01:00:28] - 2021-04-19 - daily_view start
[2021-04-20 01:00:30] - 2021-04-19 - daily_view success
[2021-04-20 01:00:30] - 2021-04-19 - daily_sales_price start
[2021-04-20 01:00:30] - 2021-04-19 - daily_sales_price success
[2021-04-20 01:00:30] - 2021-04-19 - case1 start
[2021-04-20 01:00:31] - 2021-04-19 - case1 success
[2021-04-20 01:00:31] - 2021-04-19 - case2 start
[2021-04-20 01:00:39] - 2021-04-19 - case2 success
[2021-04-20 01:00:39] - 2021-04-19 - delete start
[2021-04-20 01:00:39] - 2021-04-19 - fm_daily_stats_fblike_vw start
[2021-04-20 01:00:39] - 2021-04-19 - fm_daily_stats_fblike_vw success
[2021-04-20 01:00:39] - 2021-04-19 - fm_daily_stats_review_vw start
[2021-04-20 01:00:39] - 2021-04-19 - fm_daily_stats_review_vw success
[2021-04-20 01:00:39] - 2021-04-19 - fm_daily_stats_restock_notify_vw start
[2021-04-20 01:00:39] - 2021-04-19 - fm_daily_stats_restock_notify_vw success
[2021-04-20 01:00:39] - 2021-04-19 - fm_daily_stats_wish_vw start
[2021-04-20 01:00:39] - 2021-04-19 - fm_daily_stats_wish_vw success
[2021-04-20 01:00:39] - 2021-04-19 - fm_daily_stats_cart_vw start
[2021-04-20 01:00:39] - 2021-04-19 - fm_daily_stats_cart_vw success
[2021-04-20 01:00:39] - 2021-04-19 - fm_daily_stats_order_vw start
[2021-04-20 01:00:39] - 2021-04-19 - fm_daily_stats_order_vw success
[2021-04-20 01:00:39] - 2021-04-19 - fm_daily_stats_view_vw start
[2021-04-20 01:00:39] - 2021-04-19 - fm_daily_stats_view_vw success
[2021-04-20 01:00:39] - 2021-04-19 - delete success
[2021-04-20 01:00:39] - 상품별 3개월 구매수량 등록(goods_purchase_ea)
[2021-04-20 01:00:39] - 입점사 정산 주기 변경(account_seller_period_update)
[2021-04-20 01:00:39] - 입점사별 정산 집계(account_seller_stats)
[2021-04-20 01:00:39] - 불필요한 이월데이터 삭제(account_seller_del_sales)
[2021-04-20 01:00:39] - 일일통계 (주문,좋아요,리뷰,재입고알림,찜,장바구니,보기) 집계(daily_stats)
[2021-04-20 01:00:39] - 마일리지, 포인트,캐쉬 통계 집계(statistic_epc)
[2021-04-20 01:00:39] - referer 도메인 업데이트(set_referer_domain)
[2021-04-20 01:00:39] - 일일통계 데이터 삭제(stats_delete)
[2021-04-21 01:00:31] - 2021-04-20 - daily_order start
[2021-04-21 01:00:31] - 2021-04-20 - daily_order success
[2021-04-21 01:00:31] - 2021-04-20 - daily_fblike start
[2021-04-21 01:00:31] - 2021-04-20 - daily_fblike success
[2021-04-21 01:00:31] - 2021-04-20 - daily_review start
[2021-04-21 01:00:31] - 2021-04-20 - daily_review success
[2021-04-21 01:00:31] - 2021-04-20 - daily_restock_notify start
[2021-04-21 01:00:31] - 2021-04-20 - daily_restock_notify success
[2021-04-21 01:00:31] - 2021-04-20 - daily_wish start
[2021-04-21 01:00:31] - 2021-04-20 - daily_wish success
[2021-04-21 01:00:31] - 2021-04-20 - daily_cart start
[2021-04-21 01:00:31] - 2021-04-20 - daily_cart success
[2021-04-21 01:00:31] - 2021-04-20 - daily_view start
[2021-04-21 01:00:33] - 2021-04-20 - daily_view success
[2021-04-21 01:00:33] - 2021-04-20 - daily_sales_price start
[2021-04-21 01:00:33] - 2021-04-20 - daily_sales_price success
[2021-04-21 01:00:33] - 2021-04-20 - case1 start
[2021-04-21 01:00:34] - 2021-04-20 - case1 success
[2021-04-21 01:00:34] - 2021-04-20 - case2 start
[2021-04-21 01:00:41] - 2021-04-20 - case2 success
[2021-04-21 01:00:41] - 2021-04-20 - delete start
[2021-04-21 01:00:41] - 2021-04-20 - fm_daily_stats_fblike_vw start
[2021-04-21 01:00:41] - 2021-04-20 - fm_daily_stats_fblike_vw success
[2021-04-21 01:00:41] - 2021-04-20 - fm_daily_stats_review_vw start
[2021-04-21 01:00:41] - 2021-04-20 - fm_daily_stats_review_vw success
[2021-04-21 01:00:41] - 2021-04-20 - fm_daily_stats_restock_notify_vw start
[2021-04-21 01:00:41] - 2021-04-20 - fm_daily_stats_restock_notify_vw success
[2021-04-21 01:00:41] - 2021-04-20 - fm_daily_stats_wish_vw start
[2021-04-21 01:00:41] - 2021-04-20 - fm_daily_stats_wish_vw success
[2021-04-21 01:00:41] - 2021-04-20 - fm_daily_stats_cart_vw start
[2021-04-21 01:00:41] - 2021-04-20 - fm_daily_stats_cart_vw success
[2021-04-21 01:00:41] - 2021-04-20 - fm_daily_stats_order_vw start
[2021-04-21 01:00:41] - 2021-04-20 - fm_daily_stats_order_vw success
[2021-04-21 01:00:41] - 2021-04-20 - fm_daily_stats_view_vw start
[2021-04-21 01:00:41] - 2021-04-20 - fm_daily_stats_view_vw success
[2021-04-21 01:00:41] - 2021-04-20 - delete success
[2021-04-21 01:00:42] - 상품별 3개월 구매수량 등록(goods_purchase_ea)
[2021-04-21 01:00:42] - 입점사 정산 주기 변경(account_seller_period_update)
[2021-04-21 01:00:42] - 입점사별 정산 집계(account_seller_stats)
[2021-04-21 01:00:42] - 불필요한 이월데이터 삭제(account_seller_del_sales)
[2021-04-21 01:00:42] - 일일통계 (주문,좋아요,리뷰,재입고알림,찜,장바구니,보기) 집계(daily_stats)
[2021-04-21 01:00:42] - 마일리지, 포인트,캐쉬 통계 집계(statistic_epc)
[2021-04-21 01:00:42] - referer 도메인 업데이트(set_referer_domain)
[2021-04-21 01:00:42] - 일일통계 데이터 삭제(stats_delete)
[2021-04-22 01:00:32] - 2021-04-21 - daily_order start
[2021-04-22 01:00:32] - 2021-04-21 - daily_order success
[2021-04-22 01:00:32] - 2021-04-21 - daily_fblike start
[2021-04-22 01:00:32] - 2021-04-21 - daily_fblike success
[2021-04-22 01:00:32] - 2021-04-21 - daily_review start
[2021-04-22 01:00:32] - 2021-04-21 - daily_review success
[2021-04-22 01:00:32] - 2021-04-21 - daily_restock_notify start
[2021-04-22 01:00:32] - 2021-04-21 - daily_restock_notify success
[2021-04-22 01:00:32] - 2021-04-21 - daily_wish start
[2021-04-22 01:00:32] - 2021-04-21 - daily_wish success
[2021-04-22 01:00:32] - 2021-04-21 - daily_cart start
[2021-04-22 01:00:32] - 2021-04-21 - daily_cart success
[2021-04-22 01:00:32] - 2021-04-21 - daily_view start
[2021-04-22 01:00:34] - 2021-04-21 - daily_view success
[2021-04-22 01:00:34] - 2021-04-21 - daily_sales_price start
[2021-04-22 01:00:34] - 2021-04-21 - daily_sales_price success
[2021-04-22 01:00:34] - 2021-04-21 - case1 start
[2021-04-22 01:00:35] - 2021-04-21 - case1 success
[2021-04-22 01:00:35] - 2021-04-21 - case2 start
[2021-04-22 01:00:43] - 2021-04-21 - case2 success
[2021-04-22 01:00:43] - 2021-04-21 - delete start
[2021-04-22 01:00:43] - 2021-04-21 - fm_daily_stats_fblike_vw start
[2021-04-22 01:00:43] - 2021-04-21 - fm_daily_stats_fblike_vw success
[2021-04-22 01:00:43] - 2021-04-21 - fm_daily_stats_review_vw start
[2021-04-22 01:00:43] - 2021-04-21 - fm_daily_stats_review_vw success
[2021-04-22 01:00:43] - 2021-04-21 - fm_daily_stats_restock_notify_vw start
[2021-04-22 01:00:43] - 2021-04-21 - fm_daily_stats_restock_notify_vw success
[2021-04-22 01:00:43] - 2021-04-21 - fm_daily_stats_wish_vw start
[2021-04-22 01:00:43] - 2021-04-21 - fm_daily_stats_wish_vw success
[2021-04-22 01:00:43] - 2021-04-21 - fm_daily_stats_cart_vw start
[2021-04-22 01:00:43] - 2021-04-21 - fm_daily_stats_cart_vw success
[2021-04-22 01:00:43] - 2021-04-21 - fm_daily_stats_order_vw start
[2021-04-22 01:00:43] - 2021-04-21 - fm_daily_stats_order_vw success
[2021-04-22 01:00:43] - 2021-04-21 - fm_daily_stats_view_vw start
[2021-04-22 01:00:43] - 2021-04-21 - fm_daily_stats_view_vw success
[2021-04-22 01:00:43] - 2021-04-21 - delete success
[2021-04-22 01:00:44] - 상품별 3개월 구매수량 등록(goods_purchase_ea)
[2021-04-22 01:00:44] - 입점사 정산 주기 변경(account_seller_period_update)
[2021-04-22 01:00:44] - 입점사별 정산 집계(account_seller_stats)
[2021-04-22 01:00:44] - 불필요한 이월데이터 삭제(account_seller_del_sales)
[2021-04-22 01:00:44] - 일일통계 (주문,좋아요,리뷰,재입고알림,찜,장바구니,보기) 집계(daily_stats)
[2021-04-22 01:00:44] - 마일리지, 포인트,캐쉬 통계 집계(statistic_epc)
[2021-04-22 01:00:44] - referer 도메인 업데이트(set_referer_domain)
[2021-04-22 01:00:44] - 일일통계 데이터 삭제(stats_delete)
[2021-04-23 01:00:32] - 2021-04-22 - daily_order start
[2021-04-23 01:00:32] - 2021-04-22 - daily_order success
[2021-04-23 01:00:32] - 2021-04-22 - daily_fblike start
[2021-04-23 01:00:32] - 2021-04-22 - daily_fblike success
[2021-04-23 01:00:32] - 2021-04-22 - daily_review start
[2021-04-23 01:00:32] - 2021-04-22 - daily_review success
[2021-04-23 01:00:32] - 2021-04-22 - daily_restock_notify start
[2021-04-23 01:00:32] - 2021-04-22 - daily_restock_notify success
[2021-04-23 01:00:32] - 2021-04-22 - daily_wish start
[2021-04-23 01:00:32] - 2021-04-22 - daily_wish success
[2021-04-23 01:00:32] - 2021-04-22 - daily_cart start
[2021-04-23 01:00:32] - 2021-04-22 - daily_cart success
[2021-04-23 01:00:32] - 2021-04-22 - daily_view start
[2021-04-23 01:00:35] - 2021-04-22 - daily_view success
[2021-04-23 01:00:35] - 2021-04-22 - daily_sales_price start
[2021-04-23 01:00:35] - 2021-04-22 - daily_sales_price success
[2021-04-23 01:00:35] - 2021-04-22 - case1 start
[2021-04-23 01:00:36] - 2021-04-22 - case1 success
[2021-04-23 01:00:36] - 2021-04-22 - case2 start
[2021-04-23 01:00:44] - 2021-04-22 - case2 success
[2021-04-23 01:00:44] - 2021-04-22 - delete start
[2021-04-23 01:00:44] - 2021-04-22 - fm_daily_stats_fblike_vw start
[2021-04-23 01:00:44] - 2021-04-22 - fm_daily_stats_fblike_vw success
[2021-04-23 01:00:44] - 2021-04-22 - fm_daily_stats_review_vw start
[2021-04-23 01:00:44] - 2021-04-22 - fm_daily_stats_review_vw success
[2021-04-23 01:00:44] - 2021-04-22 - fm_daily_stats_restock_notify_vw start
[2021-04-23 01:00:44] - 2021-04-22 - fm_daily_stats_restock_notify_vw success
[2021-04-23 01:00:44] - 2021-04-22 - fm_daily_stats_wish_vw start
[2021-04-23 01:00:44] - 2021-04-22 - fm_daily_stats_wish_vw success
[2021-04-23 01:00:44] - 2021-04-22 - fm_daily_stats_cart_vw start
[2021-04-23 01:00:44] - 2021-04-22 - fm_daily_stats_cart_vw success
[2021-04-23 01:00:44] - 2021-04-22 - fm_daily_stats_order_vw start
[2021-04-23 01:00:44] - 2021-04-22 - fm_daily_stats_order_vw success
[2021-04-23 01:00:44] - 2021-04-22 - fm_daily_stats_view_vw start
[2021-04-23 01:00:44] - 2021-04-22 - fm_daily_stats_view_vw success
[2021-04-23 01:00:44] - 2021-04-22 - delete success
[2021-04-23 01:00:44] - 상품별 3개월 구매수량 등록(goods_purchase_ea)
[2021-04-23 01:00:44] - 입점사 정산 주기 변경(account_seller_period_update)
[2021-04-23 01:00:44] - 입점사별 정산 집계(account_seller_stats)
[2021-04-23 01:00:44] - 불필요한 이월데이터 삭제(account_seller_del_sales)
[2021-04-23 01:00:44] - 일일통계 (주문,좋아요,리뷰,재입고알림,찜,장바구니,보기) 집계(daily_stats)
[2021-04-23 01:00:44] - 마일리지, 포인트,캐쉬 통계 집계(statistic_epc)
[2021-04-23 01:00:44] - referer 도메인 업데이트(set_referer_domain)
[2021-04-23 01:00:44] - 일일통계 데이터 삭제(stats_delete)
[2021-04-24 01:00:27] - 2021-04-23 - daily_order start
[2021-04-24 01:00:27] - 2021-04-23 - daily_order success
[2021-04-24 01:00:27] - 2021-04-23 - daily_fblike start
[2021-04-24 01:00:27] - 2021-04-23 - daily_fblike success
[2021-04-24 01:00:27] - 2021-04-23 - daily_review start
[2021-04-24 01:00:27] - 2021-04-23 - daily_review success
[2021-04-24 01:00:27] - 2021-04-23 - daily_restock_notify start
[2021-04-24 01:00:27] - 2021-04-23 - daily_restock_notify success
[2021-04-24 01:00:27] - 2021-04-23 - daily_wish start
[2021-04-24 01:00:27] - 2021-04-23 - daily_wish success
[2021-04-24 01:00:27] - 2021-04-23 - daily_cart start
[2021-04-24 01:00:27] - 2021-04-23 - daily_cart success
[2021-04-24 01:00:27] - 2021-04-23 - daily_view start
[2021-04-24 01:00:29] - 2021-04-23 - daily_view success
[2021-04-24 01:00:29] - 2021-04-23 - daily_sales_price start
[2021-04-24 01:00:29] - 2021-04-23 - daily_sales_price success
[2021-04-24 01:00:29] - 2021-04-23 - case1 start
[2021-04-24 01:00:30] - 2021-04-23 - case1 success
[2021-04-24 01:00:30] - 2021-04-23 - case2 start
[2021-04-24 01:00:38] - 2021-04-23 - case2 success
[2021-04-24 01:00:38] - 2021-04-23 - delete start
[2021-04-24 01:00:38] - 2021-04-23 - fm_daily_stats_fblike_vw start
[2021-04-24 01:00:38] - 2021-04-23 - fm_daily_stats_fblike_vw success
[2021-04-24 01:00:38] - 2021-04-23 - fm_daily_stats_review_vw start
[2021-04-24 01:00:38] - 2021-04-23 - fm_daily_stats_review_vw success
[2021-04-24 01:00:38] - 2021-04-23 - fm_daily_stats_restock_notify_vw start
[2021-04-24 01:00:38] - 2021-04-23 - fm_daily_stats_restock_notify_vw success
[2021-04-24 01:00:38] - 2021-04-23 - fm_daily_stats_wish_vw start
[2021-04-24 01:00:38] - 2021-04-23 - fm_daily_stats_wish_vw success
[2021-04-24 01:00:38] - 2021-04-23 - fm_daily_stats_cart_vw start
[2021-04-24 01:00:38] - 2021-04-23 - fm_daily_stats_cart_vw success
[2021-04-24 01:00:38] - 2021-04-23 - fm_daily_stats_order_vw start
[2021-04-24 01:00:38] - 2021-04-23 - fm_daily_stats_order_vw success
[2021-04-24 01:00:38] - 2021-04-23 - fm_daily_stats_view_vw start
[2021-04-24 01:00:38] - 2021-04-23 - fm_daily_stats_view_vw success
[2021-04-24 01:00:38] - 2021-04-23 - delete success
[2021-04-24 01:00:38] - 상품별 3개월 구매수량 등록(goods_purchase_ea)
[2021-04-24 01:00:38] - 입점사 정산 주기 변경(account_seller_period_update)
[2021-04-24 01:00:38] - 입점사별 정산 집계(account_seller_stats)
[2021-04-24 01:00:38] - 불필요한 이월데이터 삭제(account_seller_del_sales)
[2021-04-24 01:00:38] - 일일통계 (주문,좋아요,리뷰,재입고알림,찜,장바구니,보기) 집계(daily_stats)
[2021-04-24 01:00:38] - 마일리지, 포인트,캐쉬 통계 집계(statistic_epc)
[2021-04-24 01:00:38] - referer 도메인 업데이트(set_referer_domain)
[2021-04-24 01:00:38] - 일일통계 데이터 삭제(stats_delete)
[2021-04-25 01:00:28] - 2021-04-24 - daily_order start
[2021-04-25 01:00:28] - 2021-04-24 - daily_order success
[2021-04-25 01:00:28] - 2021-04-24 - daily_fblike start
[2021-04-25 01:00:28] - 2021-04-24 - daily_fblike success
[2021-04-25 01:00:28] - 2021-04-24 - daily_review start
[2021-04-25 01:00:28] - 2021-04-24 - daily_review success
[2021-04-25 01:00:28] - 2021-04-24 - daily_restock_notify start
[2021-04-25 01:00:28] - 2021-04-24 - daily_restock_notify success
[2021-04-25 01:00:28] - 2021-04-24 - daily_wish start
[2021-04-25 01:00:28] - 2021-04-24 - daily_wish success
[2021-04-25 01:00:28] - 2021-04-24 - daily_cart start
[2021-04-25 01:00:28] - 2021-04-24 - daily_cart success
[2021-04-25 01:00:28] - 2021-04-24 - daily_view start
[2021-04-25 01:00:29] - 2021-04-24 - daily_view success
[2021-04-25 01:00:29] - 2021-04-24 - daily_sales_price start
[2021-04-25 01:00:29] - 2021-04-24 - daily_sales_price success
[2021-04-25 01:00:29] - 2021-04-24 - case1 start
[2021-04-25 01:00:31] - 2021-04-24 - case1 success
[2021-04-25 01:00:31] - 2021-04-24 - case2 start
[2021-04-25 01:00:38] - 2021-04-24 - case2 success
[2021-04-25 01:00:38] - 2021-04-24 - delete start
[2021-04-25 01:00:38] - 2021-04-24 - fm_daily_stats_fblike_vw start
[2021-04-25 01:00:38] - 2021-04-24 - fm_daily_stats_fblike_vw success
[2021-04-25 01:00:38] - 2021-04-24 - fm_daily_stats_review_vw start
[2021-04-25 01:00:38] - 2021-04-24 - fm_daily_stats_review_vw success
[2021-04-25 01:00:38] - 2021-04-24 - fm_daily_stats_restock_notify_vw start
[2021-04-25 01:00:38] - 2021-04-24 - fm_daily_stats_restock_notify_vw success
[2021-04-25 01:00:38] - 2021-04-24 - fm_daily_stats_wish_vw start
[2021-04-25 01:00:38] - 2021-04-24 - fm_daily_stats_wish_vw success
[2021-04-25 01:00:38] - 2021-04-24 - fm_daily_stats_cart_vw start
[2021-04-25 01:00:38] - 2021-04-24 - fm_daily_stats_cart_vw success
[2021-04-25 01:00:38] - 2021-04-24 - fm_daily_stats_order_vw start
[2021-04-25 01:00:38] - 2021-04-24 - fm_daily_stats_order_vw success
[2021-04-25 01:00:38] - 2021-04-24 - fm_daily_stats_view_vw start
[2021-04-25 01:00:38] - 2021-04-24 - fm_daily_stats_view_vw success
[2021-04-25 01:00:38] - 2021-04-24 - delete success
[2021-04-25 01:00:39] - 상품별 3개월 구매수량 등록(goods_purchase_ea)
[2021-04-25 01:00:39] - 입점사 정산 주기 변경(account_seller_period_update)
[2021-04-25 01:00:39] - 입점사별 정산 집계(account_seller_stats)
[2021-04-25 01:00:39] - 불필요한 이월데이터 삭제(account_seller_del_sales)
[2021-04-25 01:00:39] - 일일통계 (주문,좋아요,리뷰,재입고알림,찜,장바구니,보기) 집계(daily_stats)
[2021-04-25 01:00:39] - 마일리지, 포인트,캐쉬 통계 집계(statistic_epc)
[2021-04-25 01:00:39] - referer 도메인 업데이트(set_referer_domain)
[2021-04-25 01:00:39] - 일일통계 데이터 삭제(stats_delete)
[2021-04-26 01:00:30] - 2021-04-25 - daily_order start
[2021-04-26 01:00:30] - 2021-04-25 - daily_order success
[2021-04-26 01:00:30] - 2021-04-25 - daily_fblike start
[2021-04-26 01:00:30] - 2021-04-25 - daily_fblike success
[2021-04-26 01:00:30] - 2021-04-25 - daily_review start
[2021-04-26 01:00:30] - 2021-04-25 - daily_review success
[2021-04-26 01:00:30] - 2021-04-25 - daily_restock_notify start
[2021-04-26 01:00:30] - 2021-04-25 - daily_restock_notify success
[2021-04-26 01:00:30] - 2021-04-25 - daily_wish start
[2021-04-26 01:00:30] - 2021-04-25 - daily_wish success
[2021-04-26 01:00:30] - 2021-04-25 - daily_cart start
[2021-04-26 01:00:30] - 2021-04-25 - daily_cart success
[2021-04-26 01:00:30] - 2021-04-25 - daily_view start
[2021-04-26 01:00:32] - 2021-04-25 - daily_view success
[2021-04-26 01:00:32] - 2021-04-25 - daily_sales_price start
[2021-04-26 01:00:32] - 2021-04-25 - daily_sales_price success
[2021-04-26 01:00:32] - 2021-04-25 - case1 start
[2021-04-26 01:00:32] - 2021-04-25 - case1 success
[2021-04-26 01:00:32] - 2021-04-25 - case2 start
[2021-04-26 01:00:40] - 2021-04-25 - case2 success
[2021-04-26 01:00:40] - 2021-04-25 - delete start
[2021-04-26 01:00:40] - 2021-04-25 - fm_daily_stats_fblike_vw start
[2021-04-26 01:00:40] - 2021-04-25 - fm_daily_stats_fblike_vw success
[2021-04-26 01:00:40] - 2021-04-25 - fm_daily_stats_review_vw start
[2021-04-26 01:00:40] - 2021-04-25 - fm_daily_stats_review_vw success
[2021-04-26 01:00:40] - 2021-04-25 - fm_daily_stats_restock_notify_vw start
[2021-04-26 01:00:40] - 2021-04-25 - fm_daily_stats_restock_notify_vw success
[2021-04-26 01:00:40] - 2021-04-25 - fm_daily_stats_wish_vw start
[2021-04-26 01:00:40] - 2021-04-25 - fm_daily_stats_wish_vw success
[2021-04-26 01:00:40] - 2021-04-25 - fm_daily_stats_cart_vw start
[2021-04-26 01:00:40] - 2021-04-25 - fm_daily_stats_cart_vw success
[2021-04-26 01:00:40] - 2021-04-25 - fm_daily_stats_order_vw start
[2021-04-26 01:00:40] - 2021-04-25 - fm_daily_stats_order_vw success
[2021-04-26 01:00:40] - 2021-04-25 - fm_daily_stats_view_vw start
[2021-04-26 01:00:40] - 2021-04-25 - fm_daily_stats_view_vw success
[2021-04-26 01:00:40] - 2021-04-25 - delete success
[2021-04-26 01:00:41] - 상품별 3개월 구매수량 등록(goods_purchase_ea)
[2021-04-26 01:00:41] - 입점사 정산 주기 변경(account_seller_period_update)
[2021-04-26 01:00:41] - 입점사별 정산 집계(account_seller_stats)
[2021-04-26 01:00:41] - 불필요한 이월데이터 삭제(account_seller_del_sales)
[2021-04-26 01:00:41] - 일일통계 (주문,좋아요,리뷰,재입고알림,찜,장바구니,보기) 집계(daily_stats)
[2021-04-26 01:00:41] - 마일리지, 포인트,캐쉬 통계 집계(statistic_epc)
[2021-04-26 01:00:41] - referer 도메인 업데이트(set_referer_domain)
[2021-04-26 01:00:41] - 일일통계 데이터 삭제(stats_delete)
[2021-04-27 01:00:27] - 2021-04-26 - daily_order start
[2021-04-27 01:00:27] - 2021-04-26 - daily_order success
[2021-04-27 01:00:27] - 2021-04-26 - daily_fblike start
[2021-04-27 01:00:27] - 2021-04-26 - daily_fblike success
[2021-04-27 01:00:27] - 2021-04-26 - daily_review start
[2021-04-27 01:00:27] - 2021-04-26 - daily_review success
[2021-04-27 01:00:27] - 2021-04-26 - daily_restock_notify start
[2021-04-27 01:00:27] - 2021-04-26 - daily_restock_notify success
[2021-04-27 01:00:27] - 2021-04-26 - daily_wish start
[2021-04-27 01:00:27] - 2021-04-26 - daily_wish success
[2021-04-27 01:00:27] - 2021-04-26 - daily_cart start
[2021-04-27 01:00:27] - 2021-04-26 - daily_cart success
[2021-04-27 01:00:27] - 2021-04-26 - daily_view start
[2021-04-27 01:00:28] - 2021-04-26 - daily_view success
[2021-04-27 01:00:28] - 2021-04-26 - daily_sales_price start
[2021-04-27 01:00:28] - 2021-04-26 - daily_sales_price success
[2021-04-27 01:00:28] - 2021-04-26 - case1 start
[2021-04-27 01:00:29] - 2021-04-26 - case1 success
[2021-04-27 01:00:29] - 2021-04-26 - case2 start
[2021-04-27 01:00:37] - 2021-04-26 - case2 success
[2021-04-27 01:00:37] - 2021-04-26 - delete start
[2021-04-27 01:00:37] - 2021-04-26 - fm_daily_stats_fblike_vw start
[2021-04-27 01:00:37] - 2021-04-26 - fm_daily_stats_fblike_vw success
[2021-04-27 01:00:37] - 2021-04-26 - fm_daily_stats_review_vw start
[2021-04-27 01:00:37] - 2021-04-26 - fm_daily_stats_review_vw success
[2021-04-27 01:00:37] - 2021-04-26 - fm_daily_stats_restock_notify_vw start
[2021-04-27 01:00:37] - 2021-04-26 - fm_daily_stats_restock_notify_vw success
[2021-04-27 01:00:37] - 2021-04-26 - fm_daily_stats_wish_vw start
[2021-04-27 01:00:37] - 2021-04-26 - fm_daily_stats_wish_vw success
[2021-04-27 01:00:37] - 2021-04-26 - fm_daily_stats_cart_vw start
[2021-04-27 01:00:37] - 2021-04-26 - fm_daily_stats_cart_vw success
[2021-04-27 01:00:37] - 2021-04-26 - fm_daily_stats_order_vw start
[2021-04-27 01:00:37] - 2021-04-26 - fm_daily_stats_order_vw success
[2021-04-27 01:00:37] - 2021-04-26 - fm_daily_stats_view_vw start
[2021-04-27 01:00:37] - 2021-04-26 - fm_daily_stats_view_vw success
[2021-04-27 01:00:37] - 2021-04-26 - delete success
[2021-04-27 01:00:38] - 상품별 3개월 구매수량 등록(goods_purchase_ea)
[2021-04-27 01:00:38] - 입점사 정산 주기 변경(account_seller_period_update)
[2021-04-27 01:00:38] - 입점사별 정산 집계(account_seller_stats)
[2021-04-27 01:00:38] - 불필요한 이월데이터 삭제(account_seller_del_sales)
[2021-04-27 01:00:38] - 일일통계 (주문,좋아요,리뷰,재입고알림,찜,장바구니,보기) 집계(daily_stats)
[2021-04-27 01:00:38] - 마일리지, 포인트,캐쉬 통계 집계(statistic_epc)
[2021-04-27 01:00:38] - referer 도메인 업데이트(set_referer_domain)
[2021-04-27 01:00:38] - 일일통계 데이터 삭제(stats_delete)
[2021-04-28 01:00:29] - 2021-04-27 - daily_order start
[2021-04-28 01:00:29] - 2021-04-27 - daily_order success
[2021-04-28 01:00:29] - 2021-04-27 - daily_fblike start
[2021-04-28 01:00:29] - 2021-04-27 - daily_fblike success
[2021-04-28 01:00:29] - 2021-04-27 - daily_review start
[2021-04-28 01:00:29] - 2021-04-27 - daily_review success
[2021-04-28 01:00:29] - 2021-04-27 - daily_restock_notify start
[2021-04-28 01:00:29] - 2021-04-27 - daily_restock_notify success
[2021-04-28 01:00:29] - 2021-04-27 - daily_wish start
[2021-04-28 01:00:29] - 2021-04-27 - daily_wish success
[2021-04-28 01:00:29] - 2021-04-27 - daily_cart start
[2021-04-28 01:00:29] - 2021-04-27 - daily_cart success
[2021-04-28 01:00:29] - 2021-04-27 - daily_view start
[2021-04-28 01:00:31] - 2021-04-27 - daily_view success
[2021-04-28 01:00:31] - 2021-04-27 - daily_sales_price start
[2021-04-28 01:00:31] - 2021-04-27 - daily_sales_price success
[2021-04-28 01:00:31] - 2021-04-27 - case1 start
[2021-04-28 01:00:32] - 2021-04-27 - case1 success
[2021-04-28 01:00:32] - 2021-04-27 - case2 start
[2021-04-28 01:00:40] - 2021-04-27 - case2 success
[2021-04-28 01:00:40] - 2021-04-27 - delete start
[2021-04-28 01:00:40] - 2021-04-27 - fm_daily_stats_fblike_vw start
[2021-04-28 01:00:40] - 2021-04-27 - fm_daily_stats_fblike_vw success
[2021-04-28 01:00:40] - 2021-04-27 - fm_daily_stats_review_vw start
[2021-04-28 01:00:40] - 2021-04-27 - fm_daily_stats_review_vw success
[2021-04-28 01:00:40] - 2021-04-27 - fm_daily_stats_restock_notify_vw start
[2021-04-28 01:00:40] - 2021-04-27 - fm_daily_stats_restock_notify_vw success
[2021-04-28 01:00:40] - 2021-04-27 - fm_daily_stats_wish_vw start
[2021-04-28 01:00:40] - 2021-04-27 - fm_daily_stats_wish_vw success
[2021-04-28 01:00:40] - 2021-04-27 - fm_daily_stats_cart_vw start
[2021-04-28 01:00:40] - 2021-04-27 - fm_daily_stats_cart_vw success
[2021-04-28 01:00:40] - 2021-04-27 - fm_daily_stats_order_vw start
[2021-04-28 01:00:40] - 2021-04-27 - fm_daily_stats_order_vw success
[2021-04-28 01:00:40] - 2021-04-27 - fm_daily_stats_view_vw start
[2021-04-28 01:00:40] - 2021-04-27 - fm_daily_stats_view_vw success
[2021-04-28 01:00:40] - 2021-04-27 - delete success
[2021-04-28 01:00:40] - 상품별 3개월 구매수량 등록(goods_purchase_ea)
[2021-04-28 01:00:40] - 입점사 정산 주기 변경(account_seller_period_update)
[2021-04-28 01:00:40] - 입점사별 정산 집계(account_seller_stats)
[2021-04-28 01:00:40] - 불필요한 이월데이터 삭제(account_seller_del_sales)
[2021-04-28 01:00:40] - 일일통계 (주문,좋아요,리뷰,재입고알림,찜,장바구니,보기) 집계(daily_stats)
[2021-04-28 01:00:40] - 마일리지, 포인트,캐쉬 통계 집계(statistic_epc)
[2021-04-28 01:00:40] - referer 도메인 업데이트(set_referer_domain)
[2021-04-28 01:00:40] - 일일통계 데이터 삭제(stats_delete)
[2021-04-29 01:00:31] - 2021-04-28 - daily_order start
[2021-04-29 01:00:31] - 2021-04-28 - daily_order success
[2021-04-29 01:00:31] - 2021-04-28 - daily_fblike start
[2021-04-29 01:00:31] - 2021-04-28 - daily_fblike success
[2021-04-29 01:00:31] - 2021-04-28 - daily_review start
[2021-04-29 01:00:31] - 2021-04-28 - daily_review success
[2021-04-29 01:00:31] - 2021-04-28 - daily_restock_notify start
[2021-04-29 01:00:31] - 2021-04-28 - daily_restock_notify success
[2021-04-29 01:00:31] - 2021-04-28 - daily_wish start
[2021-04-29 01:00:31] - 2021-04-28 - daily_wish success
[2021-04-29 01:00:31] - 2021-04-28 - daily_cart start
[2021-04-29 01:00:31] - 2021-04-28 - daily_cart success
[2021-04-29 01:00:31] - 2021-04-28 - daily_view start
[2021-04-29 01:00:33] - 2021-04-28 - daily_view success
[2021-04-29 01:00:33] - 2021-04-28 - daily_sales_price start
[2021-04-29 01:00:33] - 2021-04-28 - daily_sales_price success
[2021-04-29 01:00:33] - 2021-04-28 - case1 start
[2021-04-29 01:00:34] - 2021-04-28 - case1 success
[2021-04-29 01:00:34] - 2021-04-28 - case2 start
[2021-04-29 01:00:41] - 2021-04-28 - case2 success
[2021-04-29 01:00:41] - 2021-04-28 - delete start
[2021-04-29 01:00:41] - 2021-04-28 - fm_daily_stats_fblike_vw start
[2021-04-29 01:00:41] - 2021-04-28 - fm_daily_stats_fblike_vw success
[2021-04-29 01:00:41] - 2021-04-28 - fm_daily_stats_review_vw start
[2021-04-29 01:00:41] - 2021-04-28 - fm_daily_stats_review_vw success
[2021-04-29 01:00:41] - 2021-04-28 - fm_daily_stats_restock_notify_vw start
[2021-04-29 01:00:41] - 2021-04-28 - fm_daily_stats_restock_notify_vw success
[2021-04-29 01:00:41] - 2021-04-28 - fm_daily_stats_wish_vw start
[2021-04-29 01:00:41] - 2021-04-28 - fm_daily_stats_wish_vw success
[2021-04-29 01:00:41] - 2021-04-28 - fm_daily_stats_cart_vw start
[2021-04-29 01:00:41] - 2021-04-28 - fm_daily_stats_cart_vw success
[2021-04-29 01:00:41] - 2021-04-28 - fm_daily_stats_order_vw start
[2021-04-29 01:00:41] - 2021-04-28 - fm_daily_stats_order_vw success
[2021-04-29 01:00:41] - 2021-04-28 - fm_daily_stats_view_vw start
[2021-04-29 01:00:41] - 2021-04-28 - fm_daily_stats_view_vw success
[2021-04-29 01:00:41] - 2021-04-28 - delete success
[2021-04-29 01:00:42] - 상품별 3개월 구매수량 등록(goods_purchase_ea)
[2021-04-29 01:00:42] - 입점사 정산 주기 변경(account_seller_period_update)
[2021-04-29 01:00:42] - 입점사별 정산 집계(account_seller_stats)
[2021-04-29 01:00:42] - 불필요한 이월데이터 삭제(account_seller_del_sales)
[2021-04-29 01:00:42] - 일일통계 (주문,좋아요,리뷰,재입고알림,찜,장바구니,보기) 집계(daily_stats)
[2021-04-29 01:00:42] - 마일리지, 포인트,캐쉬 통계 집계(statistic_epc)
[2021-04-29 01:00:42] - referer 도메인 업데이트(set_referer_domain)
[2021-04-29 01:00:42] - 일일통계 데이터 삭제(stats_delete)
[2021-04-30 01:00:27] - 2021-04-29 - daily_order start
[2021-04-30 01:00:28] - 2021-04-29 - daily_order success
[2021-04-30 01:00:28] - 2021-04-29 - daily_fblike start
[2021-04-30 01:00:28] - 2021-04-29 - daily_fblike success
[2021-04-30 01:00:28] - 2021-04-29 - daily_review start
[2021-04-30 01:00:28] - 2021-04-29 - daily_review success
[2021-04-30 01:00:28] - 2021-04-29 - daily_restock_notify start
[2021-04-30 01:00:28] - 2021-04-29 - daily_restock_notify success
[2021-04-30 01:00:28] - 2021-04-29 - daily_wish start
[2021-04-30 01:00:28] - 2021-04-29 - daily_wish success
[2021-04-30 01:00:28] - 2021-04-29 - daily_cart start
[2021-04-30 01:00:28] - 2021-04-29 - daily_cart success
[2021-04-30 01:00:28] - 2021-04-29 - daily_view start
[2021-04-30 01:00:29] - 2021-04-29 - daily_view success
[2021-04-30 01:00:29] - 2021-04-29 - daily_sales_price start
[2021-04-30 01:00:29] - 2021-04-29 - daily_sales_price success
[2021-04-30 01:00:29] - 2021-04-29 - case1 start
[2021-04-30 01:00:30] - 2021-04-29 - case1 success
[2021-04-30 01:00:30] - 2021-04-29 - case2 start
[2021-04-30 01:00:39] - 2021-04-29 - case2 success
[2021-04-30 01:00:39] - 2021-04-29 - delete start
[2021-04-30 01:00:39] - 2021-04-29 - fm_daily_stats_fblike_vw start
[2021-04-30 01:00:39] - 2021-04-29 - fm_daily_stats_fblike_vw success
[2021-04-30 01:00:39] - 2021-04-29 - fm_daily_stats_review_vw start
[2021-04-30 01:00:39] - 2021-04-29 - fm_daily_stats_review_vw success
[2021-04-30 01:00:39] - 2021-04-29 - fm_daily_stats_restock_notify_vw start
[2021-04-30 01:00:39] - 2021-04-29 - fm_daily_stats_restock_notify_vw success
[2021-04-30 01:00:39] - 2021-04-29 - fm_daily_stats_wish_vw start
[2021-04-30 01:00:39] - 2021-04-29 - fm_daily_stats_wish_vw success
[2021-04-30 01:00:39] - 2021-04-29 - fm_daily_stats_cart_vw start
[2021-04-30 01:00:39] - 2021-04-29 - fm_daily_stats_cart_vw success
[2021-04-30 01:00:39] - 2021-04-29 - fm_daily_stats_order_vw start
[2021-04-30 01:00:39] - 2021-04-29 - fm_daily_stats_order_vw success
[2021-04-30 01:00:39] - 2021-04-29 - fm_daily_stats_view_vw start
[2021-04-30 01:00:39] - 2021-04-29 - fm_daily_stats_view_vw success
[2021-04-30 01:00:39] - 2021-04-29 - delete success
[2021-04-30 01:00:39] - 상품별 3개월 구매수량 등록(goods_purchase_ea)
[2021-04-30 01:00:39] - 입점사 정산 주기 변경(account_seller_period_update)
[2021-04-30 01:00:39] - 입점사별 정산 집계(account_seller_stats)
[2021-04-30 01:00:39] - 불필요한 이월데이터 삭제(account_seller_del_sales)
[2021-04-30 01:00:39] - 일일통계 (주문,좋아요,리뷰,재입고알림,찜,장바구니,보기) 집계(daily_stats)
[2021-04-30 01:00:39] - 마일리지, 포인트,캐쉬 통계 집계(statistic_epc)
[2021-04-30 01:00:39] - referer 도메인 업데이트(set_referer_domain)
[2021-04-30 01:00:39] - 일일통계 데이터 삭제(stats_delete)
