 [2022-03-30 18:46:37]
Array
(
    [url] => https://vod.firstmall.kr/api/auth/login
    [body] => Array
        (
            [username] => 159982
            [password] => dil6quy8
        )

    [method] => 
    [call_method] => post
    [headers] => 
    [response] => stdClass Object
        (
            [token] => eyJ0eXAiOiJKV1QiLCJhbGciOiJIUzI1NiJ9.eyJpc3MiOiJodHRwczpcL1wvdm9kLmZpcnN0bWFsbC5rclwvYXBpXC9hdXRoXC9sb2dpbiIsImlhdCI6MTY0ODYzMzU5NiwiZXhwIjoxNjQ4NjM3MTk2LCJuYmYiOjE2NDg2MzM1OTYsImp0aSI6Ik9JeGp2c212QmdRQW9EQ24iLCJzdWIiOjEyOCwicHJ2IjoiMjNiZDVjODk0OWY2MDBhZGIzOWU3MDFjNDAwODcyZGI3YTU5NzZmNyJ9.KyuSNKbyqoH0DJMWibZpYV3PFvV17UvJMooS28VUsPQ
            [token_type] => bearer
            [expires_in] => 3600
        )

)

 [2022-03-30 18:46:37]
Array
(
    [url] => https://vod.firstmall.kr/api/auth/me?with_used_vod=1
    [body] => 
    [method] => 
    [call_method] => get
    [headers] => Array
        (
            [Authorization] => Bearer eyJ0eXAiOiJKV1QiLCJhbGciOiJIUzI1NiJ9.eyJpc3MiOiJodHRwczpcL1wvdm9kLmZpcnN0bWFsbC5rclwvYXBpXC9hdXRoXC9sb2dpbiIsImlhdCI6MTY0ODYzMzU5NiwiZXhwIjoxNjQ4NjM3MTk2LCJuYmYiOjE2NDg2MzM1OTYsImp0aSI6Ik9JeGp2c212QmdRQW9EQ24iLCJzdWIiOjEyOCwicHJ2IjoiMjNiZDVjODk0OWY2MDBhZGIzOWU3MDFjNDAwODcyZGI3YTU5NzZmNyJ9.KyuSNKbyqoH0DJMWibZpYV3PFvV17UvJMooS28VUsPQ
        )

    [response] => stdClass Object
        (
            [id] => 128
            [username] => 159982
            [domain] => music-brother.firstmall.kr
            [role] => user
            [available_cnt] => 10
            [used_cnt] => 0
            [status] => 9
            [created_at] => 2022-01-21 11:52:13
            [expire_date] => 2022-04-05
            [deleted_at] => 
            [updated_at] => 2022-03-05 09:31:13
            [used_live_traffics] => 0
            [used_vod_quota] => 0
            [used_vod_traffics] => 0
        )

)

